#
# There is insufficient memory for the Java Runtime Environment to continue.
# Native memory allocation (malloc) failed to allocate 970736 bytes for Chunk::new
# Possible reasons:
#   The system is out of physical RAM or swap space
#   The process is running with CompressedOops enabled, and the Java Heap may be blocking the growth of the native heap
# Possible solutions:
#   Reduce memory load on the system
#   Increase physical memory or swap space
#   Check if swap backing store is full
#   Decrease Java heap size (-Xmx/-Xms)
#   Decrease number of Java threads
#   Decrease Java thread stack sizes (-Xss)
#   Set larger code cache with -XX:ReservedCodeCacheSize=
#   JVM is running with Unscaled Compressed Oops mode in which the Java heap is
#     placed in the first 4GB address space. The Java Heap base address is the
#     maximum limit for the native heap growth. Please use -XX:HeapBaseMinAddress
#     to set the Java Heap base and to place the Java Heap above 4GB virtual address.
# This output file may be truncated or incomplete.
#
#  Out of Memory Error (arena.cpp:191), pid=10868, tid=3404
#
# JRE version: OpenJDK Runtime Environment Temurin-17.0.9+9 (17.0.9+9) (build 17.0.9+9)
# Java VM: OpenJDK 64-Bit Server VM Temurin-17.0.9+9 (17.0.9+9, mixed mode, tiered, compressed oops, compressed class ptrs, parallel gc, windows-amd64)
# No core dump will be written. Minidumps are not enabled by default on client versions of Windows
#

---------------  S U M M A R Y ------------

Command Line: --add-modules=ALL-SYSTEM --add-opens=java.base/java.util=ALL-UNNAMED --add-opens=java.base/java.lang=ALL-UNNAMED --add-opens=java.base/sun.nio.fs=ALL-UNNAMED -Declipse.application=org.eclipse.jdt.ls.core.id1 -Dosgi.bundles.defaultStartLevel=4 -Declipse.product=org.eclipse.jdt.ls.core.product -Djava.import.generatesMetadataFilesAtProjectRoot=false -DDetectVMInstallationsJob.disabled=true -Dfile.encoding=utf8 -XX:+UseParallelGC -XX:GCTimeRatio=4 -XX:AdaptiveSizePolicyWeight=90 -Dsun.zip.disableMemoryMapping=true -Xmx1G -Xms100m -Xlog:disable -javaagent:c:\Users\ADMIN\.vscode\extensions\redhat.java-1.25.1-win32-x64\lombok\lombok-1.18.30.jar -XX:+HeapDumpOnOutOfMemoryError -XX:HeapDumpPath=c:\Users\ADMIN\AppData\Roaming\Code\User\workspaceStorage\9ffa03cfc5cea9a6a22057707b167da1\redhat.java -Daether.dependencyCollector.impl=bf c:\Users\ADMIN\.vscode\extensions\redhat.java-1.25.1-win32-x64\server\plugins\org.eclipse.equinox.launcher_1.6.600.v20231106-1826.jar -configuration c:\Users\ADMIN\AppData\Roaming\Code\User\globalStorage\redhat.java\1.25.1\config_win -data c:\Users\ADMIN\AppData\Roaming\Code\User\workspaceStorage\9ffa03cfc5cea9a6a22057707b167da1\redhat.java\jdt_ws --stdio

Host: AMD Ryzen 5 4600H with Radeon Graphics         , 12 cores, 7G,  Windows 10 , 64 bit Build 19041 (10.0.19041.1889)
Time: Sun Jan  7 20:24:33 2024 SE Asia Standard Time elapsed time: 2.004796 seconds (0d 0h 0m 2s)

---------------  T H R E A D  ---------------

Current thread (0x0000020b77816b00):  JavaThread "C2 CompilerThread2" daemon [_thread_in_native, id=3404, stack(0x00000031bf400000,0x00000031bf500000)]


Current CompileTask:
C2:   2004 2635       4       org.eclipse.core.internal.dtree.DataTreeReader::readNode (248 bytes)

Stack: [0x00000031bf400000,0x00000031bf500000]
Native frames: (J=compiled Java code, j=interpreted, Vv=VM code, C=native code)
V  [jvm.dll+0x67cf49]
V  [jvm.dll+0x83478a]
V  [jvm.dll+0x83624e]
V  [jvm.dll+0x8368b3]
V  [jvm.dll+0x247f1f]
V  [jvm.dll+0xac43c]
V  [jvm.dll+0xaca8c]
V  [jvm.dll+0x367012]
V  [jvm.dll+0x3313ba]
V  [jvm.dll+0x33085a]
V  [jvm.dll+0x21a5b1]
V  [jvm.dll+0x2199d1]
V  [jvm.dll+0x1a57cd]
V  [jvm.dll+0x2297ae]
V  [jvm.dll+0x22797c]
V  [jvm.dll+0x7e9877]
V  [jvm.dll+0x7e3c3a]
V  [jvm.dll+0x67be35]
C  [ucrtbase.dll+0x21bb2]
C  [KERNEL32.DLL+0x17034]
C  [ntdll.dll+0x526a1]


---------------  P R O C E S S  ---------------

Threads class SMR info:
_java_thread_list=0x0000020b5b8a8870, length=21, elements={
0x0000020b5b821960, 0x0000020b6f6b41f0, 0x0000020b6f6b69c0, 0x0000020b74a53a40,
0x0000020b74a2a010, 0x0000020b74a35f70, 0x0000020b74a3ad50, 0x0000020b74a42de0,
0x0000020b74a73f30, 0x0000020b74a3e6e0, 0x0000020b74b208d0, 0x0000020b74d86e20,
0x0000020b76d6af60, 0x0000020b76d6aa50, 0x0000020b76d6b470, 0x0000020b76d6a030,
0x0000020b76d6b980, 0x0000020b76d6be90, 0x0000020b77820220, 0x0000020b76d69100,
0x0000020b77816b00
}

Java Threads: ( => current thread )
  0x0000020b5b821960 JavaThread "main" [_thread_blocked, id=5584, stack(0x00000031bd300000,0x00000031bd400000)]
  0x0000020b6f6b41f0 JavaThread "Reference Handler" daemon [_thread_blocked, id=12020, stack(0x00000031bd600000,0x00000031bd700000)]
  0x0000020b6f6b69c0 JavaThread "Finalizer" daemon [_thread_blocked, id=32, stack(0x00000031bd700000,0x00000031bd800000)]
  0x0000020b74a53a40 JavaThread "Signal Dispatcher" daemon [_thread_blocked, id=1300, stack(0x00000031bd800000,0x00000031bd900000)]
  0x0000020b74a2a010 JavaThread "Attach Listener" daemon [_thread_blocked, id=1640, stack(0x00000031bd900000,0x00000031bda00000)]
  0x0000020b74a35f70 JavaThread "Service Thread" daemon [_thread_blocked, id=14708, stack(0x00000031bda00000,0x00000031bdb00000)]
  0x0000020b74a3ad50 JavaThread "Monitor Deflation Thread" daemon [_thread_blocked, id=11384, stack(0x00000031bdb00000,0x00000031bdc00000)]
  0x0000020b74a42de0 JavaThread "C2 CompilerThread0" daemon [_thread_blocked, id=15324, stack(0x00000031bdc00000,0x00000031bdd00000)]
  0x0000020b74a73f30 JavaThread "C1 CompilerThread0" daemon [_thread_blocked, id=14652, stack(0x00000031bdd00000,0x00000031bde00000)]
  0x0000020b74a3e6e0 JavaThread "Sweeper thread" daemon [_thread_blocked, id=10492, stack(0x00000031bde00000,0x00000031bdf00000)]
  0x0000020b74b208d0 JavaThread "Common-Cleaner" daemon [_thread_blocked, id=6532, stack(0x00000031bdf00000,0x00000031be000000)]
  0x0000020b74d86e20 JavaThread "Notification Thread" daemon [_thread_blocked, id=14528, stack(0x00000031be200000,0x00000031be300000)]
  0x0000020b76d6af60 JavaThread "Active Thread: Equinox Container: 3649b98d-5d9f-445f-9e42-de673a80f17b" [_thread_blocked, id=10220, stack(0x00000031beb00000,0x00000031bec00000)]
  0x0000020b76d6aa50 JavaThread "Framework Event Dispatcher: Equinox Container: 3649b98d-5d9f-445f-9e42-de673a80f17b" daemon [_thread_blocked, id=1048, stack(0x00000031bec00000,0x00000031bed00000)]
  0x0000020b76d6b470 JavaThread "Start Level: Equinox Container: 3649b98d-5d9f-445f-9e42-de673a80f17b" daemon [_thread_in_native, id=4356, stack(0x00000031bed00000,0x00000031bee00000)]
  0x0000020b76d6a030 JavaThread "Bundle File Closer" daemon [_thread_blocked, id=9072, stack(0x00000031bef00000,0x00000031bf000000)]
  0x0000020b76d6b980 JavaThread "SCR Component Actor" daemon [_thread_blocked, id=16292, stack(0x00000031bf000000,0x00000031bf100000)]
  0x0000020b76d6be90 JavaThread "SCR Component Registry" daemon [_thread_blocked, id=9616, stack(0x00000031bf300000,0x00000031bf400000)]
  0x0000020b77820220 JavaThread "C2 CompilerThread1" daemon [_thread_blocked, id=14536, stack(0x00000031be100000,0x00000031be200000)]
  0x0000020b76d69100 JavaThread "Worker-JM" [_thread_blocked, id=15632, stack(0x00000031be400000,0x00000031be500000)]
=>0x0000020b77816b00 JavaThread "C2 CompilerThread2" daemon [_thread_in_native, id=3404, stack(0x00000031bf400000,0x00000031bf500000)]

Other Threads:
  0x0000020b5b8ded20 VMThread "VM Thread" [stack: 0x00000031bd500000,0x00000031bd600000] [id=14676]
  0x0000020b74d87300 WatcherThread [stack: 0x00000031be300000,0x00000031be400000] [id=9860]
  0x0000020b5b837450 GCTaskThread "GC Thread#0" [stack: 0x00000031bd400000,0x00000031bd500000] [id=9804]
  0x0000020b76690bf0 GCTaskThread "GC Thread#1" [stack: 0x00000031be500000,0x00000031be600000] [id=3832]
  0x0000020b76bf3580 GCTaskThread "GC Thread#2" [stack: 0x00000031be600000,0x00000031be700000] [id=8376]
  0x0000020b76d685e0 GCTaskThread "GC Thread#3" [stack: 0x00000031be700000,0x00000031be800000] [id=7988]
  0x0000020b76d688a0 GCTaskThread "GC Thread#4" [stack: 0x00000031be800000,0x00000031be900000] [id=12192]
  0x0000020b76d66f30 GCTaskThread "GC Thread#5" [stack: 0x00000031be900000,0x00000031bea00000] [id=12136]
  0x0000020b76d671f0 GCTaskThread "GC Thread#6" [stack: 0x00000031bea00000,0x00000031beb00000] [id=14556]
  0x0000020b7745bcf0 GCTaskThread "GC Thread#7" [stack: 0x00000031bee00000,0x00000031bef00000] [id=15792]
  0x0000020b7754de40 GCTaskThread "GC Thread#8" [stack: 0x00000031bf100000,0x00000031bf200000] [id=3116]
  0x0000020b7764f850 GCTaskThread "GC Thread#9" [stack: 0x00000031bf200000,0x00000031bf300000] [id=8688]

Threads with active compile tasks:
C1 CompilerThread0     2014 2740       3       org.eclipse.core.internal.dtree.DataTreeLookup::<init> (26 bytes)
C2 CompilerThread2     2014 2635       4       org.eclipse.core.internal.dtree.DataTreeReader::readNode (248 bytes)

VM state: not at safepoint (normal execution)

VM Mutex/Monitor currently owned by a thread: None

Heap address: 0x00000000c0000000, size: 1024 MB, Compressed Oops mode: 32-bit

CDS archive(s) not mapped
Compressed class space mapped at: 0x0000000100000000-0x0000000140000000, reserved size: 1073741824
Narrow klass base: 0x0000000000000000, Narrow klass shift: 3, Narrow klass range: 0x140000000

GC Precious Log:
 CPUs: 12 total, 12 available
 Memory: 7579M
 Large Page Support: Disabled
 NUMA Support: Disabled
 Compressed Oops: Enabled (32-bit)
 Alignments: Space 512K, Generation 512K, Heap 2M
 Heap Min Capacity: 100M
 Heap Initial Capacity: 100M
 Heap Max Capacity: 1G
 Pre-touch: Disabled
 Parallel Workers: 10

Heap:
 PSYoungGen      total 29696K, used 10608K [0x00000000eab00000, 0x00000000ecc00000, 0x0000000100000000)
  eden space 25600K, 41% used [0x00000000eab00000,0x00000000eb55c150,0x00000000ec400000)
  from space 4096K, 0% used [0x00000000ec800000,0x00000000ec800000,0x00000000ecc00000)
  to   space 4096K, 0% used [0x00000000ec400000,0x00000000ec400000,0x00000000ec800000)
 ParOldGen       total 68608K, used 10395K [0x00000000c0000000, 0x00000000c4300000, 0x00000000eab00000)
  object space 68608K, 15% used [0x00000000c0000000,0x00000000c0a26cd8,0x00000000c4300000)
 Metaspace       used 22002K, committed 22464K, reserved 1114112K
  class space    used 2228K, committed 2432K, reserved 1048576K

Card table byte_map: [0x0000020b5b1c0000,0x0000020b5b3d0000] _byte_map_base: 0x0000020b5abc0000

Marking Bits: (ParMarkBitMap*) 0x00007ff956b9d0b0
 Begin Bits: [0x0000020b6d4c0000, 0x0000020b6e4c0000)
 End Bits:   [0x0000020b6e4c0000, 0x0000020b6f4c0000)

Polling page: 0x0000020b59690000

Metaspace:

Usage:
  Non-class:     19.31 MB used.
      Class:      2.18 MB used.
       Both:     21.49 MB used.

Virtual space:
  Non-class space:       64.00 MB reserved,      19.56 MB ( 31%) committed,  1 nodes.
      Class space:        1.00 GB reserved,       2.38 MB ( <1%) committed,  1 nodes.
             Both:        1.06 GB reserved,      21.94 MB (  2%) committed. 

Chunk freelists:
   Non-Class:  12.39 MB
       Class:  13.56 MB
        Both:  25.96 MB

MaxMetaspaceSize: unlimited
CompressedClassSpaceSize: 1.00 GB
Initial GC threshold: 21.00 MB
Current GC threshold: 35.00 MB
CDS: off
MetaspaceReclaimPolicy: balanced
 - commit_granule_bytes: 65536.
 - commit_granule_words: 8192.
 - virtual_space_node_default_size: 8388608.
 - enlarge_chunks_in_place: 1.
 - new_chunks_are_fully_committed: 0.
 - uncommit_free_chunks: 1.
 - use_allocation_guard: 0.
 - handle_deallocations: 1.


Internal statistics:

num_allocs_failed_limit: 3.
num_arena_births: 244.
num_arena_deaths: 14.
num_vsnodes_births: 2.
num_vsnodes_deaths: 0.
num_space_committed: 351.
num_space_uncommitted: 0.
num_chunks_returned_to_freelist: 17.
num_chunks_taken_from_freelist: 753.
num_chunk_merges: 7.
num_chunk_splits: 476.
num_chunks_enlarged: 317.
num_inconsistent_stats: 0.

CodeHeap 'non-profiled nmethods': size=120000Kb used=1175Kb max_used=1175Kb free=118824Kb
 bounds [0x0000020b65f90000, 0x0000020b66200000, 0x0000020b6d4c0000]
CodeHeap 'profiled nmethods': size=120000Kb used=5503Kb max_used=5503Kb free=114496Kb
 bounds [0x0000020b5e4c0000, 0x0000020b5ea20000, 0x0000020b659f0000]
CodeHeap 'non-nmethods': size=5760Kb used=1183Kb max_used=1214Kb free=4576Kb
 bounds [0x0000020b659f0000, 0x0000020b65c60000, 0x0000020b65f90000]
 total_blobs=3230 nmethods=2743 adapters=401
 compilation: enabled
              stopped_count=0, restarted_count=0
 full_count=0

Compilation events (20 events):
Event: 1.999 Thread 0x0000020b74a73f30 nmethod 2702 0x0000020b5ea0c190 code [0x0000020b5ea0c380, 0x0000020b5ea0c9b8]
Event: 1.999 Thread 0x0000020b74a73f30 2705       3       java.lang.StringBuilder::setLength (6 bytes)
Event: 1.999 Thread 0x0000020b74a73f30 nmethod 2705 0x0000020b5ea0cc90 code [0x0000020b5ea0ce20, 0x0000020b5ea0cf68]
Event: 1.999 Thread 0x0000020b74a73f30 2703       3       com.sun.org.apache.xerces.internal.impl.XMLDocumentFragmentScannerImpl::getCharacterData (17 bytes)
Event: 1.999 Thread 0x0000020b74a73f30 nmethod 2703 0x0000020b5ea0d010 code [0x0000020b5ea0d1a0, 0x0000020b5ea0d318]
Event: 1.999 Thread 0x0000020b74a73f30 2704   !   3       com.sun.org.apache.xerces.internal.parsers.AbstractSAXParser::characters (78 bytes)
Event: 2.000 Thread 0x0000020b74a73f30 nmethod 2704 0x0000020b5ea0d390 code [0x0000020b5ea0d560, 0x0000020b5ea0d908]
Event: 2.000 Thread 0x0000020b74a73f30 2706   !   3       sun.nio.fs.WindowsFileAttributes::get (236 bytes)
Event: 2.001 Thread 0x0000020b74a73f30 nmethod 2706 0x0000020b5ea0da90 code [0x0000020b5ea0dee0, 0x0000020b5ea0f7f8]
Event: 2.001 Thread 0x0000020b74a73f30 2707   !   3       sun.nio.fs.WindowsNativeDispatcher::GetFileAttributesEx (30 bytes)
Event: 2.001 Thread 0x0000020b74a73f30 nmethod 2707 0x0000020b5ea10690 code [0x0000020b5ea10880, 0x0000020b5ea10b78]
Event: 2.001 Thread 0x0000020b74a73f30 2709       3       sun.nio.fs.WindowsFileAttributes::isReparsePoint (14 bytes)
Event: 2.001 Thread 0x0000020b74a73f30 nmethod 2709 0x0000020b5ea10d90 code [0x0000020b5ea10f20, 0x0000020b5ea11078]
Event: 2.002 Thread 0x0000020b74a73f30 2710       3       sun.nio.fs.WindowsPath::isAbsolute (26 bytes)
Event: 2.002 Thread 0x0000020b74a73f30 nmethod 2710 0x0000020b5ea11110 code [0x0000020b5ea112a0, 0x0000020b5ea11458]
Event: 2.003 Thread 0x0000020b74a73f30 2711       1       sun.nio.fs.WindowsNativeDispatcher$FirstFile::handle (5 bytes)
Event: 2.003 Thread 0x0000020b74a73f30 nmethod 2711 0x0000020b660b4110 code [0x0000020b660b42a0, 0x0000020b660b4378]
Event: 2.003 Thread 0x0000020b74a73f30 2712       1       sun.nio.fs.WindowsNativeDispatcher$FirstFile::name (5 bytes)
Event: 2.003 Thread 0x0000020b74a73f30 nmethod 2712 0x0000020b660b4410 code [0x0000020b660b45a0, 0x0000020b660b4678]
Event: 2.004 Thread 0x0000020b74a73f30 2713       3       org.eclipse.core.runtime.Path::<init> (37 bytes)

GC Heap History (10 events):
Event: 0.730 GC heap before
{Heap before GC invocations=1 (full 0):
 PSYoungGen      total 29696K, used 25600K [0x00000000eab00000, 0x00000000ecc00000, 0x0000000100000000)
  eden space 25600K, 100% used [0x00000000eab00000,0x00000000ec400000,0x00000000ec400000)
  from space 4096K, 0% used [0x00000000ec800000,0x00000000ec800000,0x00000000ecc00000)
  to   space 4096K, 0% used [0x00000000ec400000,0x00000000ec400000,0x00000000ec800000)
 ParOldGen       total 68608K, used 0K [0x00000000c0000000, 0x00000000c4300000, 0x00000000eab00000)
  object space 68608K, 0% used [0x00000000c0000000,0x00000000c0000000,0x00000000c4300000)
 Metaspace       used 10991K, committed 11200K, reserved 1114112K
  class space    used 1097K, committed 1216K, reserved 1048576K
}
Event: 0.736 GC heap after
{Heap after GC invocations=1 (full 0):
 PSYoungGen      total 29696K, used 3203K [0x00000000eab00000, 0x00000000ecc00000, 0x0000000100000000)
  eden space 25600K, 0% used [0x00000000eab00000,0x00000000eab00000,0x00000000ec400000)
  from space 4096K, 78% used [0x00000000ec400000,0x00000000ec720c28,0x00000000ec800000)
  to   space 4096K, 0% used [0x00000000ec800000,0x00000000ec800000,0x00000000ecc00000)
 ParOldGen       total 68608K, used 16K [0x00000000c0000000, 0x00000000c4300000, 0x00000000eab00000)
  object space 68608K, 0% used [0x00000000c0000000,0x00000000c0004000,0x00000000c4300000)
 Metaspace       used 10991K, committed 11200K, reserved 1114112K
  class space    used 1097K, committed 1216K, reserved 1048576K
}
Event: 1.234 GC heap before
{Heap before GC invocations=2 (full 0):
 PSYoungGen      total 29696K, used 28803K [0x00000000eab00000, 0x00000000ecc00000, 0x0000000100000000)
  eden space 25600K, 100% used [0x00000000eab00000,0x00000000ec400000,0x00000000ec400000)
  from space 4096K, 78% used [0x00000000ec400000,0x00000000ec720c28,0x00000000ec800000)
  to   space 4096K, 0% used [0x00000000ec800000,0x00000000ec800000,0x00000000ecc00000)
 ParOldGen       total 68608K, used 16K [0x00000000c0000000, 0x00000000c4300000, 0x00000000eab00000)
  object space 68608K, 0% used [0x00000000c0000000,0x00000000c0004000,0x00000000c4300000)
 Metaspace       used 14712K, committed 14976K, reserved 1114112K
  class space    used 1477K, committed 1600K, reserved 1048576K
}
Event: 1.241 GC heap after
{Heap after GC invocations=2 (full 0):
 PSYoungGen      total 29696K, used 4065K [0x00000000eab00000, 0x00000000ecc00000, 0x0000000100000000)
  eden space 25600K, 0% used [0x00000000eab00000,0x00000000eab00000,0x00000000ec400000)
  from space 4096K, 99% used [0x00000000ec800000,0x00000000ecbf87f0,0x00000000ecc00000)
  to   space 4096K, 0% used [0x00000000ec400000,0x00000000ec400000,0x00000000ec800000)
 ParOldGen       total 68608K, used 1491K [0x00000000c0000000, 0x00000000c4300000, 0x00000000eab00000)
  object space 68608K, 2% used [0x00000000c0000000,0x00000000c0174c68,0x00000000c4300000)
 Metaspace       used 14712K, committed 14976K, reserved 1114112K
  class space    used 1477K, committed 1600K, reserved 1048576K
}
Event: 1.535 GC heap before
{Heap before GC invocations=3 (full 0):
 PSYoungGen      total 29696K, used 29665K [0x00000000eab00000, 0x00000000ecc00000, 0x0000000100000000)
  eden space 25600K, 100% used [0x00000000eab00000,0x00000000ec400000,0x00000000ec400000)
  from space 4096K, 99% used [0x00000000ec800000,0x00000000ecbf87f0,0x00000000ecc00000)
  to   space 4096K, 0% used [0x00000000ec400000,0x00000000ec400000,0x00000000ec800000)
 ParOldGen       total 68608K, used 1491K [0x00000000c0000000, 0x00000000c4300000, 0x00000000eab00000)
  object space 68608K, 2% used [0x00000000c0000000,0x00000000c0174c68,0x00000000c4300000)
 Metaspace       used 16968K, committed 17280K, reserved 1114112K
  class space    used 1720K, committed 1856K, reserved 1048576K
}
Event: 1.541 GC heap after
{Heap after GC invocations=3 (full 0):
 PSYoungGen      total 29696K, used 4067K [0x00000000eab00000, 0x00000000ecc00000, 0x0000000100000000)
  eden space 25600K, 0% used [0x00000000eab00000,0x00000000eab00000,0x00000000ec400000)
  from space 4096K, 99% used [0x00000000ec400000,0x00000000ec7f8c38,0x00000000ec800000)
  to   space 4096K, 0% used [0x00000000ec800000,0x00000000ec800000,0x00000000ecc00000)
 ParOldGen       total 68608K, used 5252K [0x00000000c0000000, 0x00000000c4300000, 0x00000000eab00000)
  object space 68608K, 7% used [0x00000000c0000000,0x00000000c0521228,0x00000000c4300000)
 Metaspace       used 16968K, committed 17280K, reserved 1114112K
  class space    used 1720K, committed 1856K, reserved 1048576K
}
Event: 1.879 GC heap before
{Heap before GC invocations=4 (full 0):
 PSYoungGen      total 29696K, used 28588K [0x00000000eab00000, 0x00000000ecc00000, 0x0000000100000000)
  eden space 25600K, 95% used [0x00000000eab00000,0x00000000ec2f2430,0x00000000ec400000)
  from space 4096K, 99% used [0x00000000ec400000,0x00000000ec7f8c38,0x00000000ec800000)
  to   space 4096K, 0% used [0x00000000ec800000,0x00000000ec800000,0x00000000ecc00000)
 ParOldGen       total 68608K, used 5252K [0x00000000c0000000, 0x00000000c4300000, 0x00000000eab00000)
  object space 68608K, 7% used [0x00000000c0000000,0x00000000c0521228,0x00000000c4300000)
 Metaspace       used 21030K, committed 21504K, reserved 1114112K
  class space    used 2128K, committed 2368K, reserved 1048576K
}
Event: 1.882 GC heap after
{Heap after GC invocations=4 (full 0):
 PSYoungGen      total 29696K, used 4085K [0x00000000eab00000, 0x00000000ecc00000, 0x0000000100000000)
  eden space 25600K, 0% used [0x00000000eab00000,0x00000000eab00000,0x00000000ec400000)
  from space 4096K, 99% used [0x00000000ec800000,0x00000000ecbfd508,0x00000000ecc00000)
  to   space 4096K, 0% used [0x00000000ec400000,0x00000000ec400000,0x00000000ec800000)
 ParOldGen       total 68608K, used 6643K [0x00000000c0000000, 0x00000000c4300000, 0x00000000eab00000)
  object space 68608K, 9% used [0x00000000c0000000,0x00000000c067cd18,0x00000000c4300000)
 Metaspace       used 21030K, committed 21504K, reserved 1114112K
  class space    used 2128K, committed 2368K, reserved 1048576K
}
Event: 1.882 GC heap before
{Heap before GC invocations=5 (full 1):
 PSYoungGen      total 29696K, used 4085K [0x00000000eab00000, 0x00000000ecc00000, 0x0000000100000000)
  eden space 25600K, 0% used [0x00000000eab00000,0x00000000eab00000,0x00000000ec400000)
  from space 4096K, 99% used [0x00000000ec800000,0x00000000ecbfd508,0x00000000ecc00000)
  to   space 4096K, 0% used [0x00000000ec400000,0x00000000ec400000,0x00000000ec800000)
 ParOldGen       total 68608K, used 6643K [0x00000000c0000000, 0x00000000c4300000, 0x00000000eab00000)
  object space 68608K, 9% used [0x00000000c0000000,0x00000000c067cd18,0x00000000c4300000)
 Metaspace       used 21030K, committed 21504K, reserved 1114112K
  class space    used 2128K, committed 2368K, reserved 1048576K
}
Event: 1.899 GC heap after
{Heap after GC invocations=5 (full 1):
 PSYoungGen      total 29696K, used 0K [0x00000000eab00000, 0x00000000ecc00000, 0x0000000100000000)
  eden space 25600K, 0% used [0x00000000eab00000,0x00000000eab00000,0x00000000ec400000)
  from space 4096K, 0% used [0x00000000ec800000,0x00000000ec800000,0x00000000ecc00000)
  to   space 4096K, 0% used [0x00000000ec400000,0x00000000ec400000,0x00000000ec800000)
 ParOldGen       total 68608K, used 10395K [0x00000000c0000000, 0x00000000c4300000, 0x00000000eab00000)
  object space 68608K, 15% used [0x00000000c0000000,0x00000000c0a26cd8,0x00000000c4300000)
 Metaspace       used 21017K, committed 21504K, reserved 1114112K
  class space    used 2125K, committed 2368K, reserved 1048576K
}

Dll operation events (9 events):
Event: 0.005 Loaded shared library c:\Users\ADMIN\.vscode\extensions\redhat.java-1.25.1-win32-x64\jre\17.0.9-win32-x86_64\bin\java.dll
Event: 0.096 Loaded shared library c:\Users\ADMIN\.vscode\extensions\redhat.java-1.25.1-win32-x64\jre\17.0.9-win32-x86_64\bin\zip.dll
Event: 0.098 Loaded shared library C:\Users\ADMIN\.vscode\extensions\redhat.java-1.25.1-win32-x64\jre\17.0.9-win32-x86_64\bin\instrument.dll
Event: 0.106 Loaded shared library C:\Users\ADMIN\.vscode\extensions\redhat.java-1.25.1-win32-x64\jre\17.0.9-win32-x86_64\bin\net.dll
Event: 0.253 Loaded shared library C:\Users\ADMIN\.vscode\extensions\redhat.java-1.25.1-win32-x64\jre\17.0.9-win32-x86_64\bin\nio.dll
Event: 0.258 Loaded shared library C:\Users\ADMIN\.vscode\extensions\redhat.java-1.25.1-win32-x64\jre\17.0.9-win32-x86_64\bin\zip.dll
Event: 0.268 Loaded shared library C:\Users\ADMIN\.vscode\extensions\redhat.java-1.25.1-win32-x64\jre\17.0.9-win32-x86_64\bin\jimage.dll
Event: 0.307 Loaded shared library c:\Users\ADMIN\.vscode\extensions\redhat.java-1.25.1-win32-x64\jre\17.0.9-win32-x86_64\bin\verify.dll
Event: 1.154 Loaded shared library C:\Users\ADMIN\AppData\Roaming\Code\User\globalStorage\redhat.java\1.25.1\config_win\org.eclipse.equinox.launcher\org.eclipse.equinox.launcher.win32.win32.x86_64_1.2.800.v20231003-1442\eclipse_11802.dll

Deoptimization events (20 events):
Event: 1.951 Thread 0x0000020b76d6b470 Uncommon trap: trap_request=0xffffff45 fr.pc=0x0000020b660ac6e4 relative=0x0000000000000764
Event: 1.951 Thread 0x0000020b76d6b470 Uncommon trap: reason=unstable_if action=reinterpret pc=0x0000020b660ac6e4 method=org.eclipse.core.runtime.Path.append(Ljava/lang/String;)Lorg/eclipse/core/runtime/IPath; @ 41 c2
Event: 1.951 Thread 0x0000020b76d6b470 DEOPT PACKING pc=0x0000020b660ac6e4 sp=0x00000031bedf9820
Event: 1.951 Thread 0x0000020b76d6b470 DEOPT UNPACKING pc=0x0000020b65a466a3 sp=0x00000031bedf97d8 mode 2
Event: 1.960 Thread 0x0000020b76d6b470 Uncommon trap: trap_request=0xffffff45 fr.pc=0x0000020b660ae44c relative=0x00000000000009cc
Event: 1.960 Thread 0x0000020b76d6b470 Uncommon trap: reason=unstable_if action=reinterpret pc=0x0000020b660ae44c method=java.io.DataInputStream.readUnsignedShort()I @ 18 c2
Event: 1.960 Thread 0x0000020b76d6b470 DEOPT PACKING pc=0x0000020b660ae44c sp=0x00000031bedf9a90
Event: 1.960 Thread 0x0000020b76d6b470 DEOPT UNPACKING pc=0x0000020b65a466a3 sp=0x00000031bedf99c0 mode 2
Event: 1.960 Thread 0x0000020b76d6b470 Uncommon trap: trap_request=0xffffff45 fr.pc=0x0000020b660ab034 relative=0x0000000000000094
Event: 1.960 Thread 0x0000020b76d6b470 Uncommon trap: reason=unstable_if action=reinterpret pc=0x0000020b660ab034 method=java.io.DataInputStream.readUnsignedShort()I @ 18 c2
Event: 1.960 Thread 0x0000020b76d6b470 DEOPT PACKING pc=0x0000020b660ab034 sp=0x00000031bedf9a30
Event: 1.961 Thread 0x0000020b76d6b470 DEOPT UNPACKING pc=0x0000020b65a466a3 sp=0x00000031bedf99b8 mode 2
Event: 1.974 Thread 0x0000020b76d6b470 Uncommon trap: trap_request=0xffffff45 fr.pc=0x0000020b660abc90 relative=0x0000000000000090
Event: 1.974 Thread 0x0000020b76d6b470 Uncommon trap: reason=unstable_if action=reinterpret pc=0x0000020b660abc90 method=org.eclipse.core.runtime.Path.<init>(Ljava/lang/String;[Ljava/lang/String;I)V @ 9 c2
Event: 1.974 Thread 0x0000020b76d6b470 DEOPT PACKING pc=0x0000020b660abc90 sp=0x00000031bedf9970
Event: 1.975 Thread 0x0000020b76d6b470 DEOPT UNPACKING pc=0x0000020b65a466a3 sp=0x00000031bedf9918 mode 2
Event: 1.984 Thread 0x0000020b76d6b470 Uncommon trap: trap_request=0xffffff45 fr.pc=0x0000020b660aa8e8 relative=0x00000000000000c8
Event: 1.984 Thread 0x0000020b76d6b470 Uncommon trap: reason=unstable_if action=reinterpret pc=0x0000020b660aa8e8 method=org.eclipse.core.runtime.Path.equals(Ljava/lang/Object;)Z @ 54 c2
Event: 1.984 Thread 0x0000020b76d6b470 DEOPT PACKING pc=0x0000020b660aa8e8 sp=0x00000031bedf99f0
Event: 1.984 Thread 0x0000020b76d6b470 DEOPT UNPACKING pc=0x0000020b65a466a3 sp=0x00000031bedf9980 mode 2

Classes unloaded (7 events):
Event: 1.885 Thread 0x0000020b5b8ded20 Unloading class 0x000000010024e000 'java/lang/invoke/LambdaForm$MH+0x000000010024e000'
Event: 1.885 Thread 0x0000020b5b8ded20 Unloading class 0x000000010024dc00 'java/lang/invoke/LambdaForm$MH+0x000000010024dc00'
Event: 1.885 Thread 0x0000020b5b8ded20 Unloading class 0x000000010024d800 'java/lang/invoke/LambdaForm$MH+0x000000010024d800'
Event: 1.885 Thread 0x0000020b5b8ded20 Unloading class 0x000000010024d400 'java/lang/invoke/LambdaForm$MH+0x000000010024d400'
Event: 1.885 Thread 0x0000020b5b8ded20 Unloading class 0x000000010024d000 'java/lang/invoke/LambdaForm$BMH+0x000000010024d000'
Event: 1.885 Thread 0x0000020b5b8ded20 Unloading class 0x000000010024cc00 'java/lang/invoke/LambdaForm$DMH+0x000000010024cc00'
Event: 1.885 Thread 0x0000020b5b8ded20 Unloading class 0x000000010024a000 'java/lang/invoke/LambdaForm$DMH+0x000000010024a000'

Classes redefined (0 events):
No events

Internal exceptions (20 events):
Event: 1.225 Thread 0x0000020b76d6b470 Exception <a 'java/lang/NoSuchMethodError'{0x00000000ec38d060}: 'java.lang.Object java.lang.invoke.DirectMethodHandle$Holder.newInvokeSpecial(java.lang.Object, java.lang.Object, int, java.lang.Object)'> (0x00000000ec38d060) 
thrown [s\src\hotspot\share\interpreter\linkResolver.cpp, line 759]
Event: 1.225 Thread 0x0000020b76d6b470 Exception <a 'java/lang/NoSuchMethodError'{0x00000000ec391348}: 'java.lang.Object java.lang.invoke.DirectMethodHandle$Holder.invokeSpecial(java.lang.Object, java.lang.Object, java.lang.Object, int, java.lang.Object)'> (0x00000000ec391348) 
thrown [s\src\hotspot\share\interpreter\linkResolver.cpp, line 759]
Event: 1.267 Thread 0x0000020b76d6b470 Exception <a 'java/lang/ClassNotFoundException'{0x00000000ead52ed0}: sun/util/logging/resources/spi/loggingProvider> (0x00000000ead52ed0) 
thrown [s\src\hotspot\share\classfile\systemDictionary.cpp, line 256]
Event: 1.654 Thread 0x0000020b76d6b470 Exception <a 'java/io/FileNotFoundException'{0x00000000eb37b938}> (0x00000000eb37b938) 
thrown [s\src\hotspot\share\prims\jni.cpp, line 516]
Event: 1.669 Thread 0x0000020b76d6b470 Exception <a 'java/lang/NullPointerException'{0x00000000eb403250}> (0x00000000eb403250) 
thrown [s\src\hotspot\share\interpreter\linkResolver.cpp, line 1350]
Event: 1.669 Thread 0x0000020b76d6b470 Exception <a 'java/lang/NullPointerException'{0x00000000eb403a78}> (0x00000000eb403a78) 
thrown [s\src\hotspot\share\interpreter\linkResolver.cpp, line 1350]
Event: 1.739 Thread 0x0000020b76d6b470 Exception <a 'java/lang/NoSuchMethodError'{0x00000000eb71cb58}: 'java.lang.Object java.lang.invoke.Invokers$Holder.invokeExact_MT(java.lang.Object, java.lang.Object, java.lang.Object, java.lang.Object, java.lang.Object, java.lang.Object)'> (0x00000000eb71cb58) 
thrown [s\src\hotspot\share\interpreter\linkResolver.cpp, line 759]
Event: 1.759 Thread 0x0000020b76d6b470 Exception <a 'java/lang/NoSuchMethodError'{0x00000000eb854710}: 'java.lang.Object java.lang.invoke.Invokers$Holder.linkToTargetMethod(java.lang.Object, long, java.lang.Object)'> (0x00000000eb854710) 
thrown [s\src\hotspot\share\interpreter\linkResolver.cpp, line 759]
Event: 1.795 Thread 0x0000020b76d6b470 Exception <a 'java/lang/NoSuchMethodError'{0x00000000ebb6b880}: 'void java.lang.invoke.DirectMethodHandle$Holder.invokeInterface(java.lang.Object, java.lang.Object, java.lang.Object)'> (0x00000000ebb6b880) 
thrown [s\src\hotspot\share\interpreter\linkResolver.cpp, line 759]
Event: 1.841 Thread 0x0000020b76d6b470 Exception <a 'java/lang/NoSuchMethodError'{0x00000000ebfe7608}: 'java.lang.Object java.lang.invoke.DirectMethodHandle$Holder.invokeStatic(java.lang.Object, java.lang.Object, int)'> (0x00000000ebfe7608) 
thrown [s\src\hotspot\share\interpreter\linkResolver.cpp, line 759]
Event: 1.842 Thread 0x0000020b76d6b470 Exception <a 'java/lang/NoSuchMethodError'{0x00000000ebfec1b8}: 'void java.lang.invoke.DirectMethodHandle$Holder.invokeStatic(java.lang.Object, java.lang.Object, int, java.lang.Object)'> (0x00000000ebfec1b8) 
thrown [s\src\hotspot\share\interpreter\linkResolver.cpp, line 759]
Event: 1.842 Thread 0x0000020b76d6b470 Exception <a 'java/lang/NoSuchMethodError'{0x00000000ebff3488}: 'void java.lang.invoke.DelegatingMethodHandle$Holder.delegate(java.lang.Object, java.lang.Object, int, java.lang.Object)'> (0x00000000ebff3488) 
thrown [s\src\hotspot\share\interpreter\linkResolver.cpp, line 759]
Event: 1.842 Thread 0x0000020b76d6b470 Exception <a 'java/lang/NoSuchMethodError'{0x00000000ebff7870}: 'int java.lang.invoke.DirectMethodHandle$Holder.invokeSpecial(java.lang.Object, java.lang.Object, java.lang.Object)'> (0x00000000ebff7870) 
thrown [s\src\hotspot\share\interpreter\linkResolver.cpp, line 759]
Event: 1.844 Thread 0x0000020b76d6b470 Exception <a 'java/lang/NoSuchMethodError'{0x00000000ec008d88}: 'int java.lang.invoke.DirectMethodHandle$Holder.invokeStatic(java.lang.Object, java.lang.Object, int)'> (0x00000000ec008d88) 
thrown [s\src\hotspot\share\interpreter\linkResolver.cpp, line 759]
Event: 1.844 Thread 0x0000020b76d6b470 Exception <a 'java/lang/NoSuchMethodError'{0x00000000ec00ce38}: 'int java.lang.invoke.DirectMethodHandle$Holder.invokeSpecial(java.lang.Object, java.lang.Object, java.lang.Object, int)'> (0x00000000ec00ce38) 
thrown [s\src\hotspot\share\interpreter\linkResolver.cpp, line 759]
Event: 1.845 Thread 0x0000020b76d6b470 Exception <a 'java/lang/NoSuchMethodError'{0x00000000ec028c08}: 'java.lang.Object java.lang.invoke.DirectMethodHandle$Holder.invokeStatic(java.lang.Object, java.lang.Object, java.lang.Object, java.lang.Object, int)'> (0x00000000ec028c08) 
thrown [s\src\hotspot\share\interpreter\linkResolver.cpp, line 759]
Event: 1.846 Thread 0x0000020b76d6b470 Exception <a 'java/lang/NoSuchMethodError'{0x00000000ec034c00}: 'java.lang.Object java.lang.invoke.DelegatingMethodHandle$Holder.reinvoke_L(java.lang.Object, java.lang.Object, java.lang.Object, java.lang.Object, int, int)'> (0x00000000ec034c00) 
thrown [s\src\hotspot\share\interpreter\linkResolver.cpp, line 759]
Event: 1.847 Thread 0x0000020b76d6b470 Exception <a 'java/lang/NoSuchMethodError'{0x00000000ec049020}: 'java.lang.Object java.lang.invoke.Invokers$Holder.invokeExact_MT(java.lang.Object, java.lang.Object, java.lang.Object, java.lang.Object)'> (0x00000000ec049020) 
thrown [s\src\hotspot\share\interpreter\linkResolver.cpp, line 759]
Event: 1.902 Thread 0x0000020b76d6b470 Exception <a 'java/io/FileNotFoundException'{0x00000000eab3df48}> (0x00000000eab3df48) 
thrown [s\src\hotspot\share\prims\jni.cpp, line 516]
Event: 1.954 Thread 0x0000020b76d6b470 Exception <a 'java/lang/NoSuchMethodError'{0x00000000eb1dd840}: 'java.lang.Object java.lang.invoke.DirectMethodHandle$Holder.newInvokeSpecial(java.lang.Object, java.lang.Object, java.lang.Object, java.lang.Object, java.lang.Object)'> (0x00000000eb1dd840) 
thrown [s\src\hotspot\share\interpreter\linkResolver.cpp, line 759]

VM Operations (20 events):
Event: 1.203 Executing VM operation: HandshakeAllThreads
Event: 1.203 Executing VM operation: HandshakeAllThreads done
Event: 1.234 Executing VM operation: ParallelGCFailedAllocation
Event: 1.241 Executing VM operation: ParallelGCFailedAllocation done
Event: 1.252 Executing VM operation: HandshakeAllThreads
Event: 1.252 Executing VM operation: HandshakeAllThreads done
Event: 1.275 Executing VM operation: HandshakeAllThreads
Event: 1.275 Executing VM operation: HandshakeAllThreads done
Event: 1.288 Executing VM operation: HandshakeAllThreads
Event: 1.288 Executing VM operation: HandshakeAllThreads done
Event: 1.504 Executing VM operation: HandshakeAllThreads
Event: 1.504 Executing VM operation: HandshakeAllThreads done
Event: 1.535 Executing VM operation: ParallelGCFailedAllocation
Event: 1.541 Executing VM operation: ParallelGCFailedAllocation done
Event: 1.841 Executing VM operation: HandshakeAllThreads
Event: 1.841 Executing VM operation: HandshakeAllThreads done
Event: 1.879 Executing VM operation: CollectForMetadataAllocation
Event: 1.899 Executing VM operation: CollectForMetadataAllocation done
Event: 1.911 Executing VM operation: HandshakeAllThreads
Event: 1.911 Executing VM operation: HandshakeAllThreads done

Events (20 events):
Event: 1.983 loading class java/nio/file/attribute/DosFileAttributeView
Event: 1.983 loading class java/nio/file/attribute/DosFileAttributeView done
Event: 1.983 loading class sun/nio/fs/WindowsFileAttributeViews$Dos
Event: 1.983 loading class sun/nio/fs/WindowsFileAttributeViews$Dos done
Event: 1.984 loading class sun/nio/fs/WindowsUriSupport
Event: 1.984 loading class sun/nio/fs/WindowsUriSupport done
Event: 1.988 loading class org/xml/sax/SAXParseException
Event: 1.988 loading class org/xml/sax/SAXParseException done
Event: 1.990 loading class javax/xml/parsers/DocumentBuilderFactory
Event: 1.990 loading class javax/xml/parsers/DocumentBuilderFactory done
Event: 1.990 loading class com/sun/org/apache/xerces/internal/jaxp/DocumentBuilderFactoryImpl
Event: 1.991 loading class com/sun/org/apache/xerces/internal/jaxp/DocumentBuilderFactoryImpl done
Event: 1.991 loading class com/sun/org/apache/xerces/internal/jaxp/DocumentBuilderImpl
Event: 1.991 loading class javax/xml/parsers/DocumentBuilder
Event: 1.991 loading class javax/xml/parsers/DocumentBuilder done
Event: 1.991 loading class com/sun/org/apache/xerces/internal/jaxp/DocumentBuilderImpl done
Event: 1.991 loading class com/sun/org/apache/xerces/internal/parsers/DOMParser
Event: 1.991 loading class com/sun/org/apache/xerces/internal/parsers/AbstractDOMParser
Event: 1.992 loading class com/sun/org/apache/xerces/internal/parsers/AbstractDOMParser done
Event: 1.992 loading class com/sun/org/apache/xerces/internal/parsers/DOMParser done


Dynamic libraries:
0x00007ff725410000 - 0x00007ff72541e000 	c:\Users\ADMIN\.vscode\extensions\redhat.java-1.25.1-win32-x64\jre\17.0.9-win32-x86_64\bin\java.exe
0x00007ff9b4950000 - 0x00007ff9b4b48000 	C:\Windows\SYSTEM32\ntdll.dll
0x00007ff9b2ca0000 - 0x00007ff9b2d5d000 	C:\Windows\System32\KERNEL32.DLL
0x00007ff9b2240000 - 0x00007ff9b2512000 	C:\Windows\System32\KERNELBASE.dll
0x00007ff9b2520000 - 0x00007ff9b2620000 	C:\Windows\System32\ucrtbase.dll
0x00007ff9a14e0000 - 0x00007ff9a14f7000 	c:\Users\ADMIN\.vscode\extensions\redhat.java-1.25.1-win32-x64\jre\17.0.9-win32-x86_64\bin\jli.dll
0x00007ff9a4af0000 - 0x00007ff9a4b0b000 	c:\Users\ADMIN\.vscode\extensions\redhat.java-1.25.1-win32-x64\jre\17.0.9-win32-x86_64\bin\VCRUNTIME140.dll
0x00007ff9b2b00000 - 0x00007ff9b2c9d000 	C:\Windows\System32\USER32.dll
0x00007ff9a02c0000 - 0x00007ff9a055a000 	C:\Windows\WinSxS\amd64_microsoft.windows.common-controls_6595b64144ccf1df_6.0.19041.1110_none_60b5254171f9507e\COMCTL32.dll
0x00007ff9b2060000 - 0x00007ff9b2082000 	C:\Windows\System32\win32u.dll
0x00007ff9b4590000 - 0x00007ff9b462e000 	C:\Windows\System32\msvcrt.dll
0x00007ff9b4680000 - 0x00007ff9b46ab000 	C:\Windows\System32\GDI32.dll
0x00007ff9b27f0000 - 0x00007ff9b28ff000 	C:\Windows\System32\gdi32full.dll
0x00007ff9b21a0000 - 0x00007ff9b223d000 	C:\Windows\System32\msvcp_win.dll
0x00007ff9b4650000 - 0x00007ff9b4680000 	C:\Windows\System32\IMM32.DLL
0x00007ff9afe10000 - 0x00007ff9afe1c000 	c:\Users\ADMIN\.vscode\extensions\redhat.java-1.25.1-win32-x64\jre\17.0.9-win32-x86_64\bin\vcruntime140_1.dll
0x00007ff96b160000 - 0x00007ff96b1ed000 	c:\Users\ADMIN\.vscode\extensions\redhat.java-1.25.1-win32-x64\jre\17.0.9-win32-x86_64\bin\msvcp140.dll
0x00007ff956000000 - 0x00007ff956c61000 	c:\Users\ADMIN\.vscode\extensions\redhat.java-1.25.1-win32-x64\jre\17.0.9-win32-x86_64\bin\server\jvm.dll
0x00007ff9b29b0000 - 0x00007ff9b2a5e000 	C:\Windows\System32\ADVAPI32.dll
0x00007ff9b2a60000 - 0x00007ff9b2afc000 	C:\Windows\System32\sechost.dll
0x00007ff9b3840000 - 0x00007ff9b3965000 	C:\Windows\System32\RPCRT4.dll
0x00007ff9b1c00000 - 0x00007ff9b1c4b000 	C:\Windows\SYSTEM32\POWRPROF.dll
0x00007ff98a2b0000 - 0x00007ff98a2b9000 	C:\Windows\SYSTEM32\WSOCK32.dll
0x00007ff9a7620000 - 0x00007ff9a7647000 	C:\Windows\SYSTEM32\WINMM.dll
0x00007ff9b37d0000 - 0x00007ff9b383b000 	C:\Windows\System32\WS2_32.dll
0x00007ff9b0000000 - 0x00007ff9b000a000 	C:\Windows\SYSTEM32\VERSION.dll
0x00007ff9b1be0000 - 0x00007ff9b1bf2000 	C:\Windows\SYSTEM32\UMPDC.dll
0x00007ff9b08b0000 - 0x00007ff9b08c2000 	C:\Windows\SYSTEM32\kernel.appcore.dll
0x00007ff9af780000 - 0x00007ff9af78a000 	c:\Users\ADMIN\.vscode\extensions\redhat.java-1.25.1-win32-x64\jre\17.0.9-win32-x86_64\bin\jimage.dll
0x00007ff9a78f0000 - 0x00007ff9a7ad4000 	C:\Windows\SYSTEM32\DBGHELP.DLL
0x00007ff9a1a80000 - 0x00007ff9a1aac000 	C:\Windows\SYSTEM32\dbgcore.DLL
0x00007ff9b2110000 - 0x00007ff9b2192000 	C:\Windows\System32\bcryptPrimitives.dll
0x00007ff9adad0000 - 0x00007ff9adade000 	c:\Users\ADMIN\.vscode\extensions\redhat.java-1.25.1-win32-x64\jre\17.0.9-win32-x86_64\bin\instrument.dll
0x00007ff990a90000 - 0x00007ff990ab5000 	c:\Users\ADMIN\.vscode\extensions\redhat.java-1.25.1-win32-x64\jre\17.0.9-win32-x86_64\bin\java.dll
0x00007ff994a70000 - 0x00007ff994a88000 	c:\Users\ADMIN\.vscode\extensions\redhat.java-1.25.1-win32-x64\jre\17.0.9-win32-x86_64\bin\zip.dll
0x00007ff9b3be0000 - 0x00007ff9b4323000 	C:\Windows\System32\SHELL32.dll
0x00007ff9b0100000 - 0x00007ff9b0891000 	C:\Windows\SYSTEM32\windows.storage.dll
0x00007ff9b2e30000 - 0x00007ff9b3184000 	C:\Windows\System32\combase.dll
0x00007ff9b1a50000 - 0x00007ff9b1a80000 	C:\Windows\SYSTEM32\Wldp.dll
0x00007ff9b44e0000 - 0x00007ff9b458d000 	C:\Windows\System32\SHCORE.dll
0x00007ff9b3aa0000 - 0x00007ff9b3af5000 	C:\Windows\System32\shlwapi.dll
0x00007ff9b1fa0000 - 0x00007ff9b1fbf000 	C:\Windows\SYSTEM32\profapi.dll
0x00007ff98e570000 - 0x00007ff98e589000 	C:\Users\ADMIN\.vscode\extensions\redhat.java-1.25.1-win32-x64\jre\17.0.9-win32-x86_64\bin\net.dll
0x00007ff9a8c80000 - 0x00007ff9a8d8d000 	C:\Windows\SYSTEM32\WINHTTP.dll
0x00007ff99d2c0000 - 0x00007ff99d2cb000 	C:\Program Files\Common Files\SocksEscort\escortdrv.dll
0x00007ff9b43b0000 - 0x00007ff9b44da000 	C:\Windows\System32\ole32.dll
0x00007ff99d280000 - 0x00007ff99d2b2000 	C:\Program Files\Common Files\SocksEscort\escengine.dll
0x00007ff9b1740000 - 0x00007ff9b17aa000 	C:\Windows\system32\mswsock.dll
0x00007ff98e550000 - 0x00007ff98e566000 	C:\Users\ADMIN\.vscode\extensions\redhat.java-1.25.1-win32-x64\jre\17.0.9-win32-x86_64\bin\nio.dll
0x00007ff9ab4c0000 - 0x00007ff9ab4d0000 	c:\Users\ADMIN\.vscode\extensions\redhat.java-1.25.1-win32-x64\jre\17.0.9-win32-x86_64\bin\verify.dll
0x00007ff989fa0000 - 0x00007ff989fde000 	C:\Users\ADMIN\AppData\Roaming\Code\User\globalStorage\redhat.java\1.25.1\config_win\org.eclipse.equinox.launcher\org.eclipse.equinox.launcher.win32.win32.x86_64_1.2.800.v20231003-1442\eclipse_11802.dll

dbghelp: loaded successfully - version: 4.0.5 - missing functions: none
symbol engine: initialized successfully - sym options: 0x614 - pdb path: .;c:\Users\ADMIN\.vscode\extensions\redhat.java-1.25.1-win32-x64\jre\17.0.9-win32-x86_64\bin;C:\Windows\SYSTEM32;C:\Windows\WinSxS\amd64_microsoft.windows.common-controls_6595b64144ccf1df_6.0.19041.1110_none_60b5254171f9507e;c:\Users\ADMIN\.vscode\extensions\redhat.java-1.25.1-win32-x64\jre\17.0.9-win32-x86_64\bin\server;C:\Program Files\Common Files\SocksEscort;C:\Users\ADMIN\AppData\Roaming\Code\User\globalStorage\redhat.java\1.25.1\config_win\org.eclipse.equinox.launcher\org.eclipse.equinox.launcher.win32.win32.x86_64_1.2.800.v20231003-1442

VM Arguments:
jvm_args: --add-modules=ALL-SYSTEM --add-opens=java.base/java.util=ALL-UNNAMED --add-opens=java.base/java.lang=ALL-UNNAMED --add-opens=java.base/sun.nio.fs=ALL-UNNAMED -Declipse.application=org.eclipse.jdt.ls.core.id1 -Dosgi.bundles.defaultStartLevel=4 -Declipse.product=org.eclipse.jdt.ls.core.product -Djava.import.generatesMetadataFilesAtProjectRoot=false -DDetectVMInstallationsJob.disabled=true -Dfile.encoding=utf8 -XX:+UseParallelGC -XX:GCTimeRatio=4 -XX:AdaptiveSizePolicyWeight=90 -Dsun.zip.disableMemoryMapping=true -Xmx1G -Xms100m -Xlog:disable -javaagent:c:\Users\ADMIN\.vscode\extensions\redhat.java-1.25.1-win32-x64\lombok\lombok-1.18.30.jar -XX:+HeapDumpOnOutOfMemoryError -XX:HeapDumpPath=c:\Users\ADMIN\AppData\Roaming\Code\User\workspaceStorage\9ffa03cfc5cea9a6a22057707b167da1\redhat.java -Daether.dependencyCollector.impl=bf 
java_command: c:\Users\ADMIN\.vscode\extensions\redhat.java-1.25.1-win32-x64\server\plugins\org.eclipse.equinox.launcher_1.6.600.v20231106-1826.jar -configuration c:\Users\ADMIN\AppData\Roaming\Code\User\globalStorage\redhat.java\1.25.1\config_win -data c:\Users\ADMIN\AppData\Roaming\Code\User\workspaceStorage\9ffa03cfc5cea9a6a22057707b167da1\redhat.java\jdt_ws --stdio
java_class_path (initial): c:\Users\ADMIN\.vscode\extensions\redhat.java-1.25.1-win32-x64\server\plugins\org.eclipse.equinox.launcher_1.6.600.v20231106-1826.jar
Launcher Type: SUN_STANDARD

[Global flags]
    uintx AdaptiveSizePolicyWeight                 = 90                                        {product} {command line}
     intx CICompilerCount                          = 4                                         {product} {ergonomic}
    uintx GCTimeRatio                              = 4                                         {product} {command line}
     bool HeapDumpOnOutOfMemoryError               = true                                   {manageable} {command line}
    ccstr HeapDumpPath                             = c:\Users\ADMIN\AppData\Roaming\Code\User\workspaceStorage\9ffa03cfc5cea9a6a22057707b167da1\redhat.java         {manageable} {command line}
   size_t InitialHeapSize                          = 104857600                                 {product} {command line}
   size_t MaxHeapSize                              = 1073741824                                {product} {command line}
   size_t MaxNewSize                               = 357564416                                 {product} {ergonomic}
   size_t MinHeapDeltaBytes                        = 524288                                    {product} {ergonomic}
   size_t MinHeapSize                              = 104857600                                 {product} {command line}
   size_t NewSize                                  = 34603008                                  {product} {ergonomic}
    uintx NonNMethodCodeHeapSize                   = 5839372                                {pd product} {ergonomic}
    uintx NonProfiledCodeHeapSize                  = 122909434                              {pd product} {ergonomic}
   size_t OldSize                                  = 70254592                                  {product} {ergonomic}
    uintx ProfiledCodeHeapSize                     = 122909434                              {pd product} {ergonomic}
    uintx ReservedCodeCacheSize                    = 251658240                              {pd product} {ergonomic}
     bool SegmentedCodeCache                       = true                                      {product} {ergonomic}
   size_t SoftMaxHeapSize                          = 1073741824                             {manageable} {ergonomic}
     bool UseCompressedClassPointers               = true                           {product lp64_product} {ergonomic}
     bool UseCompressedOops                        = true                           {product lp64_product} {ergonomic}
     bool UseLargePagesIndividualAllocation        = false                                  {pd product} {ergonomic}
     bool UseParallelGC                            = true                                      {product} {command line}

Logging:
Log output configuration:
 #0: stdout all=off uptime,level,tags
 #1: stderr all=off uptime,level,tags

Environment Variables:
JAVA_HOME=C:\Program Files\Java\jdk-19
PATH=C:\Program Files\Common Files\Oracle\Java\javapath;C:\Windows\system32;C:\Windows;C:\Windows\System32\Wbem;C:\Windows\System32\WindowsPowerShell\v1.0\;C:\Windows\System32\OpenSSH\;C:\Program Files\Java\jdk-19\bin;C:\Program Files\Git\cmd;C:\MinGW\bin;C:\Users\ADMIN\AppData\Roaming\nvm;C:\Program Files\nodejs;C:\Users\ADMIN\AppData\Local\Android\Sdk\platform-tools;C:\Program Files\MySQL\MySQL Shell 8.0\bin\;C:\Users\ADMIN\AppData\Local\Microsoft\WindowsApps;C:\Users\ADMIN\AppData\Local\Programs\Microsoft VS Code\bin;C:\Users\ADMIN\AppData\Local\Programs\Python\Python311;C:\Users\ADMIN\AppData\Local\Programs\Python\Python311\Scripts;C:\Users\ADMIN\AppData\Roaming\npm;C:\Users\ADMIN\AppData\Local\Programs\EmEditor;C:\Users\ADMIN\AppData\Roaming\nvm;C:\Program Files\nodejs;
USERNAME=ADMIN
OS=Windows_NT
PROCESSOR_IDENTIFIER=AMD64 Family 23 Model 96 Stepping 1, AuthenticAMD
TMP=C:\Users\ADMIN\AppData\Local\Temp
TEMP=C:\Users\ADMIN\AppData\Local\Temp



Periodic native trim disabled


---------------  S Y S T E M  ---------------

OS:
 Windows 10 , 64 bit Build 19041 (10.0.19041.1889)
OS uptime: 0 days 5:11 hours

CPU: total 12 (initial active 12) (12 cores per cpu, 2 threads per core) family 23 model 96 stepping 1 microcode 0x0, cx8, cmov, fxsr, ht, mmx, 3dnowpref, sse, sse2, sse3, ssse3, sse4a, sse4.1, sse4.2, popcnt, lzcnt, tsc, tscinvbit, avx, avx2, aes, clmul, bmi1, bmi2, adx, sha, fma, vzeroupper, clflush, clflushopt
Processor Information for all 12 processors :
  Max Mhz: 3000, Current Mhz: 3000, Mhz Limit: 3000

Memory: 4k page, system-wide physical 7579M (913M free)
TotalPageFile size 11675M (AvailPageFile size 4M)
current process WorkingSet (physical memory assigned to process): 124M, peak: 124M
current process commit charge ("private bytes"): 234M, peak: 235M

vm_info: OpenJDK 64-Bit Server VM (17.0.9+9) for windows-amd64 JRE (17.0.9+9), built on Oct 26 2023 14:01:42 by "admin" with MS VC++ 16.10 / 16.11 (VS2019)

END.
