#
# There is insufficient memory for the Java Runtime Environment to continue.
# Native memory allocation (malloc) failed to allocate 1410256 bytes for Chunk::new
# Possible reasons:
#   The system is out of physical RAM or swap space
#   The process is running with CompressedOops enabled, and the Java Heap may be blocking the growth of the native heap
# Possible solutions:
#   Reduce memory load on the system
#   Increase physical memory or swap space
#   Check if swap backing store is full
#   Decrease Java heap size (-Xmx/-Xms)
#   Decrease number of Java threads
#   Decrease Java thread stack sizes (-Xss)
#   Set larger code cache with -XX:ReservedCodeCacheSize=
#   JVM is running with Unscaled Compressed Oops mode in which the Java heap is
#     placed in the first 4GB address space. The Java Heap base address is the
#     maximum limit for the native heap growth. Please use -XX:HeapBaseMinAddress
#     to set the Java Heap base and to place the Java Heap above 4GB virtual address.
# This output file may be truncated or incomplete.
#
#  Out of Memory Error (arena.cpp:189), pid=2416, tid=8184
#
# JRE version: OpenJDK Runtime Environment Temurin-17.0.8.1+1 (17.0.8.1+1) (build 17.0.8.1+1)
# Java VM: OpenJDK 64-Bit Server VM Temurin-17.0.8.1+1 (17.0.8.1+1, mixed mode, tiered, compressed oops, compressed class ptrs, parallel gc, windows-amd64)
# No core dump will be written. Minidumps are not enabled by default on client versions of Windows
#

---------------  S U M M A R Y ------------

Command Line: --add-modules=ALL-SYSTEM --add-opens=java.base/java.util=ALL-UNNAMED --add-opens=java.base/java.lang=ALL-UNNAMED --add-opens=java.base/sun.nio.fs=ALL-UNNAMED -Declipse.application=org.eclipse.jdt.ls.core.id1 -Dosgi.bundles.defaultStartLevel=4 -Declipse.product=org.eclipse.jdt.ls.core.product -Djava.import.generatesMetadataFilesAtProjectRoot=false -DDetectVMInstallationsJob.disabled=true -Dfile.encoding=utf8 -XX:+UseParallelGC -XX:GCTimeRatio=4 -XX:AdaptiveSizePolicyWeight=90 -Dsun.zip.disableMemoryMapping=true -Xmx1G -Xms100m -Xlog:disable -javaagent:c:\Users\ADMIN\.vscode\extensions\redhat.java-1.24.0-win32-x64\lombok\lombok-1.18.30.jar -XX:+HeapDumpOnOutOfMemoryError -XX:HeapDumpPath=c:\Users\ADMIN\AppData\Roaming\Code\User\workspaceStorage\6cdb84a19000531febd1660c35a6afec\redhat.java -Daether.dependencyCollector.impl=bf c:\Users\ADMIN\.vscode\extensions\redhat.java-1.24.0-win32-x64\server\plugins\org.eclipse.equinox.launcher_1.6.500.v20230717-2134.jar -configuration c:\Users\ADMIN\AppData\Roaming\Code\User\globalStorage\redhat.java\1.24.0\config_win -data c:\Users\ADMIN\AppData\Roaming\Code\User\workspaceStorage\6cdb84a19000531febd1660c35a6afec\redhat.java\jdt_ws --stdio

Host: AMD Ryzen 5 4600H with Radeon Graphics         , 12 cores, 7G,  Windows 10 , 64 bit Build 19041 (10.0.19041.1889)
Time: Thu Nov 23 21:17:56 2023 SE Asia Standard Time elapsed time: 5.152635 seconds (0d 0h 0m 5s)

---------------  T H R E A D  ---------------

Current thread (0x000001edb8c85c50):  JavaThread "C2 CompilerThread1" daemon [_thread_in_native, id=8184, stack(0x00000009aea00000,0x00000009aeb00000)]


Current CompileTask:
C2:   5152 4265   !   4       org.eclipse.osgi.internal.loader.classpath.ClasspathManager::findClassImpl (308 bytes)

Stack: [0x00000009aea00000,0x00000009aeb00000]
Native frames: (J=compiled Java code, j=interpreted, Vv=VM code, C=native code)
V  [jvm.dll+0x678b0a]
V  [jvm.dll+0x835e84]
V  [jvm.dll+0x83762e]
V  [jvm.dll+0x837c93]
V  [jvm.dll+0x24746f]
V  [jvm.dll+0xac20c]
V  [jvm.dll+0xac7dc]
V  [jvm.dll+0x365c52]
V  [jvm.dll+0x1bd012]
V  [jvm.dll+0x219d49]
V  [jvm.dll+0x219011]
V  [jvm.dll+0x1a534d]
V  [jvm.dll+0x228d8a]
V  [jvm.dll+0x226dcc]
V  [jvm.dll+0x7ec09b]
V  [jvm.dll+0x7e64ca]
V  [jvm.dll+0x677955]
C  [ucrtbase.dll+0x21bb2]
C  [KERNEL32.DLL+0x17034]
C  [ntdll.dll+0x526a1]


---------------  P R O C E S S  ---------------

Threads class SMR info:
_java_thread_list=0x000001edbdb088b0, length=30, elements={
0x000001ed9f7ed2b0, 0x000001edb36619b0, 0x000001edb3663250, 0x000001edb366c0a0,
0x000001edb366ce30, 0x000001edb366e450, 0x000001edb892c830, 0x000001edb8932d40,
0x000001edb8933df0, 0x000001edb8934700, 0x000001edb8a59d90, 0x000001edba76fee0,
0x000001edb8c85c50, 0x000001edbb09e920, 0x000001edbaf12fa0, 0x000001edbb541fe0,
0x000001edbb613380, 0x000001edbb62e2c0, 0x000001edbb62bf50, 0x000001edbb62c970,
0x000001edbb62ece0, 0x000001edbb62f1f0, 0x000001edbbfa1130, 0x000001edbb62f700,
0x000001edbb62ce80, 0x000001edbb62d390, 0x000001edbb62d8a0, 0x000001edbb8debc0,
0x000001edbb8df0d0, 0x000001edbb8df5e0
}

Java Threads: ( => current thread )
  0x000001ed9f7ed2b0 JavaThread "main" [_thread_blocked, id=15184, stack(0x00000009ada00000,0x00000009adb00000)]
  0x000001edb36619b0 JavaThread "Reference Handler" daemon [_thread_blocked, id=4732, stack(0x00000009add00000,0x00000009ade00000)]
  0x000001edb3663250 JavaThread "Finalizer" daemon [_thread_blocked, id=16940, stack(0x00000009ade00000,0x00000009adf00000)]
  0x000001edb366c0a0 JavaThread "Signal Dispatcher" daemon [_thread_blocked, id=16184, stack(0x00000009adf00000,0x00000009ae000000)]
  0x000001edb366ce30 JavaThread "Attach Listener" daemon [_thread_blocked, id=7052, stack(0x00000009ae000000,0x00000009ae100000)]
  0x000001edb366e450 JavaThread "Service Thread" daemon [_thread_blocked, id=14480, stack(0x00000009ae100000,0x00000009ae200000)]
  0x000001edb892c830 JavaThread "Monitor Deflation Thread" daemon [_thread_blocked, id=6616, stack(0x00000009ae200000,0x00000009ae300000)]
  0x000001edb8932d40 JavaThread "C2 CompilerThread0" daemon [_thread_in_native, id=15480, stack(0x00000009ae300000,0x00000009ae400000)]
  0x000001edb8933df0 JavaThread "C1 CompilerThread0" daemon [_thread_in_native, id=10204, stack(0x00000009ae400000,0x00000009ae500000)]
  0x000001edb8934700 JavaThread "Sweeper thread" daemon [_thread_blocked, id=5564, stack(0x00000009ae500000,0x00000009ae600000)]
  0x000001edb8a59d90 JavaThread "Common-Cleaner" daemon [_thread_blocked, id=9968, stack(0x00000009ae600000,0x00000009ae700000)]
  0x000001edba76fee0 JavaThread "Notification Thread" daemon [_thread_blocked, id=14976, stack(0x00000009ae800000,0x00000009ae900000)]
=>0x000001edb8c85c50 JavaThread "C2 CompilerThread1" daemon [_thread_in_native, id=8184, stack(0x00000009aea00000,0x00000009aeb00000)]
  0x000001edbb09e920 JavaThread "Active Thread: Equinox Container: a9b6092c-8092-45e9-9ee4-d951a4744e0f" [_thread_blocked, id=16016, stack(0x00000009af100000,0x00000009af200000)]
  0x000001edbaf12fa0 JavaThread "Framework Event Dispatcher: Equinox Container: a9b6092c-8092-45e9-9ee4-d951a4744e0f" daemon [_thread_blocked, id=11636, stack(0x00000009af300000,0x00000009af400000)]
  0x000001edbb541fe0 JavaThread "Start Level: Equinox Container: a9b6092c-8092-45e9-9ee4-d951a4744e0f" daemon [_thread_blocked, id=15668, stack(0x00000009af400000,0x00000009af500000)]
  0x000001edbb613380 JavaThread "Bundle File Closer" daemon [_thread_blocked, id=8180, stack(0x00000009af600000,0x00000009af700000)]
  0x000001edbb62e2c0 JavaThread "SCR Component Actor" daemon [_thread_blocked, id=12144, stack(0x00000009af700000,0x00000009af800000)]
  0x000001edbb62bf50 JavaThread "SCR Component Registry" daemon [_thread_blocked, id=6228, stack(0x00000009afa00000,0x00000009afb00000)]
  0x000001edbb62c970 JavaThread "Worker-JM" [_thread_blocked, id=12000, stack(0x00000009afb00000,0x00000009afc00000)]
  0x000001edbb62ece0 JavaThread "Worker-0: Repository registry initialization" [_thread_blocked, id=2040, stack(0x00000009afc00000,0x00000009afd00000)]
  0x000001edbb62f1f0 JavaThread "Worker-1: Updating Maven Dependencies" [_thread_in_Java, id=1836, stack(0x00000009afd00000,0x00000009afe00000)]
  0x000001edbbfa1130 JavaThread "C2 CompilerThread2" daemon [_thread_in_native, id=15916, stack(0x00000009af200000,0x00000009af300000)]
  0x000001edbb62f700 JavaThread "Java indexing" daemon [_thread_blocked, id=1372, stack(0x00000009afe00000,0x00000009aff00000)]
  0x000001edbb62ce80 JavaThread "JNA Cleaner" daemon [_thread_blocked, id=10280, stack(0x00000009aff00000,0x00000009b0000000)]
  0x000001edbb62d390 JavaThread "Worker-2" [_thread_blocked, id=5624, stack(0x00000009b0000000,0x00000009b0100000)]
  0x000001edbb62d8a0 JavaThread "pool-2-thread-1" [_thread_blocked, id=3052, stack(0x00000009b0100000,0x00000009b0200000)]
  0x000001edbb8debc0 JavaThread "Worker-3" [_thread_blocked, id=6908, stack(0x00000009b0200000,0x00000009b0300000)]
  0x000001edbb8df0d0 JavaThread "WorkspaceEventsHandler" [_thread_blocked, id=9956, stack(0x00000009b0300000,0x00000009b0400000)]
  0x000001edbb8df5e0 JavaThread "pool-1-thread-1" [_thread_blocked, id=13568, stack(0x00000009b0400000,0x00000009b0500000)]

Other Threads:
  0x000001ed9f8a6840 VMThread "VM Thread" [stack: 0x00000009adc00000,0x00000009add00000] [id=7396]
  0x000001edb8c0dfd0 WatcherThread [stack: 0x00000009ae900000,0x00000009aea00000] [id=6176]
  0x000001ed9f8046b0 GCTaskThread "GC Thread#0" [stack: 0x00000009adb00000,0x00000009adc00000] [id=14236]
  0x000001edbae93360 GCTaskThread "GC Thread#1" [stack: 0x00000009aeb00000,0x00000009aec00000] [id=15852]
  0x000001edbaf2b650 GCTaskThread "GC Thread#2" [stack: 0x00000009aec00000,0x00000009aed00000] [id=8464]
  0x000001edbaf39b60 GCTaskThread "GC Thread#3" [stack: 0x00000009aed00000,0x00000009aee00000] [id=1972]
  0x000001edbae1b380 GCTaskThread "GC Thread#4" [stack: 0x00000009aee00000,0x00000009aef00000] [id=3896]
  0x000001edbae0e8e0 GCTaskThread "GC Thread#5" [stack: 0x00000009aef00000,0x00000009af000000] [id=2952]
  0x000001edbae0eba0 GCTaskThread "GC Thread#6" [stack: 0x00000009af000000,0x00000009af100000] [id=5752]
  0x000001edbb4ced10 GCTaskThread "GC Thread#7" [stack: 0x00000009af500000,0x00000009af600000] [id=1596]
  0x000001edbb7300e0 GCTaskThread "GC Thread#8" [stack: 0x00000009af800000,0x00000009af900000] [id=16200]
  0x000001edbb6f4c00 GCTaskThread "GC Thread#9" [stack: 0x00000009af900000,0x00000009afa00000] [id=6052]

Threads with active compile tasks:
C2 CompilerThread0     5173 4338       4       org.eclipse.osgi.internal.loader.classpath.ClasspathManager::findLocalClassImpl (55 bytes)
C2 CompilerThread1     5173 4265   !   4       org.eclipse.osgi.internal.loader.classpath.ClasspathManager::findClassImpl (308 bytes)
C2 CompilerThread2     5173 4457   !   4       org.eclipse.osgi.internal.loader.classpath.ClasspathManager::defineClass (636 bytes)

VM state: not at safepoint (normal execution)

VM Mutex/Monitor currently owned by a thread: None

Heap address: 0x00000000c0000000, size: 1024 MB, Compressed Oops mode: 32-bit

CDS archive(s) not mapped
Compressed class space mapped at: 0x0000000100000000-0x0000000140000000, reserved size: 1073741824
Narrow klass base: 0x0000000000000000, Narrow klass shift: 3, Narrow klass range: 0x140000000

GC Precious Log:
 CPUs: 12 total, 12 available
 Memory: 7579M
 Large Page Support: Disabled
 NUMA Support: Disabled
 Compressed Oops: Enabled (32-bit)
 Alignments: Space 512K, Generation 512K, Heap 2M
 Heap Min Capacity: 100M
 Heap Initial Capacity: 100M
 Heap Max Capacity: 1G
 Pre-touch: Disabled
 Parallel Workers: 10

Heap:
 PSYoungGen      total 23040K, used 21496K [0x00000000eab00000, 0x00000000ec500000, 0x0000000100000000)
  eden space 22016K, 93% used [0x00000000eab00000,0x00000000ebf0e008,0x00000000ec080000)
  from space 1024K, 93% used [0x00000000ec400000,0x00000000ec4f0000,0x00000000ec500000)
  to   space 1024K, 0% used [0x00000000ec300000,0x00000000ec300000,0x00000000ec400000)
 ParOldGen       total 68608K, used 17580K [0x00000000c0000000, 0x00000000c4300000, 0x00000000eab00000)
  object space 68608K, 25% used [0x00000000c0000000,0x00000000c112b3f0,0x00000000c4300000)
 Metaspace       used 43755K, committed 44608K, reserved 1114112K
  class space    used 4594K, committed 4928K, reserved 1048576K

Card table byte_map: [0x000001ed9f190000,0x000001ed9f3a0000] _byte_map_base: 0x000001ed9eb90000

Marking Bits: (ParMarkBitMap*) 0x00007ffc519183a0
 Begin Bits: [0x000001edb1470000, 0x000001edb2470000)
 End Bits:   [0x000001edb2470000, 0x000001edb3470000)

Polling page: 0x000001ed9d510000

Metaspace:

Usage:
  Non-class:     38.24 MB used.
      Class:      4.49 MB used.
       Both:     42.73 MB used.

Virtual space:
  Non-class space:       64.00 MB reserved,      38.75 MB ( 61%) committed,  1 nodes.
      Class space:        1.00 GB reserved,       4.81 MB ( <1%) committed,  1 nodes.
             Both:        1.06 GB reserved,      43.56 MB (  4%) committed. 

Chunk freelists:
   Non-Class:  8.68 MB
       Class:  11.20 MB
        Both:  19.89 MB

MaxMetaspaceSize: unlimited
CompressedClassSpaceSize: 1.00 GB
Initial GC threshold: 21.00 MB
Current GC threshold: 58.38 MB
CDS: off
MetaspaceReclaimPolicy: balanced
 - commit_granule_bytes: 65536.
 - commit_granule_words: 8192.
 - virtual_space_node_default_size: 8388608.
 - enlarge_chunks_in_place: 1.
 - new_chunks_are_fully_committed: 0.
 - uncommit_free_chunks: 1.
 - use_allocation_guard: 0.
 - handle_deallocations: 1.


Internal statistics:

num_allocs_failed_limit: 6.
num_arena_births: 416.
num_arena_deaths: 14.
num_vsnodes_births: 2.
num_vsnodes_deaths: 0.
num_space_committed: 697.
num_space_uncommitted: 0.
num_chunks_returned_to_freelist: 20.
num_chunks_taken_from_freelist: 1905.
num_chunk_merges: 10.
num_chunk_splits: 1220.
num_chunks_enlarged: 788.
num_inconsistent_stats: 0.

CodeHeap 'non-profiled nmethods': size=120000Kb used=2276Kb max_used=2276Kb free=117723Kb
 bounds [0x000001eda9f40000, 0x000001edaa1b0000, 0x000001edb1470000]
CodeHeap 'profiled nmethods': size=120000Kb used=9228Kb max_used=9228Kb free=110771Kb
 bounds [0x000001eda2470000, 0x000001eda2d80000, 0x000001eda99a0000]
CodeHeap 'non-nmethods': size=5760Kb used=1273Kb max_used=1344Kb free=4486Kb
 bounds [0x000001eda99a0000, 0x000001eda9c10000, 0x000001eda9f40000]
 total_blobs=5047 nmethods=4449 adapters=511
 compilation: enabled
              stopped_count=0, restarted_count=0
 full_count=0

Compilation events (20 events):
Event: 5.144 Thread 0x000001edb8933df0 4428       3       com.google.inject.internal.DeclaredMembers::lambda$getDeclaredFields$0 (5 bytes)
Event: 5.144 Thread 0x000001edb8933df0 nmethod 4428 0x000001eda2d64e10 code [0x000001eda2d64fa0, 0x000001eda2d65118]
Event: 5.145 Thread 0x000001edb8933df0 4429       1       java.util.stream.Collectors$CollectorImpl::supplier (5 bytes)
Event: 5.145 Thread 0x000001edb8933df0 nmethod 4429 0x000001edaa177910 code [0x000001edaa177aa0, 0x000001edaa177b78]
Event: 5.145 Thread 0x000001edb8933df0 4430       1       java.util.stream.Collectors$CollectorImpl::accumulator (5 bytes)
Event: 5.145 Thread 0x000001edb8933df0 nmethod 4430 0x000001edaa177c10 code [0x000001edaa177da0, 0x000001edaa177e78]
Event: 5.145 Thread 0x000001edb8933df0 4431       1       java.util.stream.Collectors$CollectorImpl::combiner (5 bytes)
Event: 5.145 Thread 0x000001edb8933df0 nmethod 4431 0x000001edaa177f10 code [0x000001edaa1780a0, 0x000001edaa178178]
Event: 5.145 Thread 0x000001edb8933df0 4432       1       java.util.stream.ReduceOps$Box::get (5 bytes)
Event: 5.145 Thread 0x000001edb8933df0 nmethod 4432 0x000001edaa178210 code [0x000001edaa1783a0, 0x000001edaa178478]
Event: 5.146 Thread 0x000001edb8933df0 4433       3       java.lang.Boolean::equals (29 bytes)
Event: 5.146 Thread 0x000001edb8933df0 nmethod 4433 0x000001eda2d65210 code [0x000001eda2d653c0, 0x000001eda2d65798]
Event: 5.147 Thread 0x000001edb8933df0 4434       3       com.google.inject.internal.Errors::<init> (20 bytes)
Event: 5.147 Thread 0x000001edb8933df0 nmethod 4434 0x000001eda2d65890 code [0x000001eda2d65a20, 0x000001eda2d65bd8]
Event: 5.147 Thread 0x000001edb8933df0 4435       3       com.google.inject.internal.Errors::throwConfigurationExceptionIfErrorsExist (22 bytes)
Event: 5.147 Thread 0x000001edb8933df0 nmethod 4435 0x000001eda2d65c90 code [0x000001eda2d65e80, 0x000001eda2d66328]
Event: 5.147 Thread 0x000001edb8933df0 4436       3       com.google.common.collect.Iterators::forArray (51 bytes)
Event: 5.148 Thread 0x000001edb8933df0 nmethod 4436 0x000001eda2d66590 code [0x000001eda2d667c0, 0x000001eda2d66f58]
Event: 5.149 Thread 0x000001edb8933df0 4437       3       com.google.inject.TypeLiteral::get (9 bytes)
Event: 5.149 Thread 0x000001edb8933df0 nmethod 4437 0x000001eda2d67290 code [0x000001eda2d67440, 0x000001eda2d675c8]

GC Heap History (20 events):
Event: 2.544 GC heap before
{Heap before GC invocations=5 (full 1):
 PSYoungGen      total 29696K, used 4065K [0x00000000eab00000, 0x00000000ecc00000, 0x0000000100000000)
  eden space 25600K, 0% used [0x00000000eab00000,0x00000000eab00000,0x00000000ec400000)
  from space 4096K, 99% used [0x00000000ec800000,0x00000000ecbf87e0,0x00000000ecc00000)
  to   space 4096K, 0% used [0x00000000ec400000,0x00000000ec400000,0x00000000ec800000)
 ParOldGen       total 68608K, used 6604K [0x00000000c0000000, 0x00000000c4300000, 0x00000000eab00000)
  object space 68608K, 9% used [0x00000000c0000000,0x00000000c0673330,0x00000000c4300000)
 Metaspace       used 21014K, committed 21504K, reserved 1114112K
  class space    used 2129K, committed 2368K, reserved 1048576K
}
Event: 2.572 GC heap after
{Heap after GC invocations=5 (full 1):
 PSYoungGen      total 29696K, used 0K [0x00000000eab00000, 0x00000000ecc00000, 0x0000000100000000)
  eden space 25600K, 0% used [0x00000000eab00000,0x00000000eab00000,0x00000000ec400000)
  from space 4096K, 0% used [0x00000000ec800000,0x00000000ec800000,0x00000000ecc00000)
  to   space 4096K, 0% used [0x00000000ec400000,0x00000000ec400000,0x00000000ec800000)
 ParOldGen       total 68608K, used 10370K [0x00000000c0000000, 0x00000000c4300000, 0x00000000eab00000)
  object space 68608K, 15% used [0x00000000c0000000,0x00000000c0a20a90,0x00000000c4300000)
 Metaspace       used 21001K, committed 21504K, reserved 1114112K
  class space    used 2125K, committed 2368K, reserved 1048576K
}
Event: 3.010 GC heap before
{Heap before GC invocations=6 (full 1):
 PSYoungGen      total 29696K, used 25600K [0x00000000eab00000, 0x00000000ecc00000, 0x0000000100000000)
  eden space 25600K, 100% used [0x00000000eab00000,0x00000000ec400000,0x00000000ec400000)
  from space 4096K, 0% used [0x00000000ec800000,0x00000000ec800000,0x00000000ecc00000)
  to   space 4096K, 0% used [0x00000000ec400000,0x00000000ec400000,0x00000000ec800000)
 ParOldGen       total 68608K, used 10370K [0x00000000c0000000, 0x00000000c4300000, 0x00000000eab00000)
  object space 68608K, 15% used [0x00000000c0000000,0x00000000c0a20a90,0x00000000c4300000)
 Metaspace       used 23904K, committed 24448K, reserved 1114112K
  class space    used 2426K, committed 2688K, reserved 1048576K
}
Event: 3.013 GC heap after
{Heap after GC invocations=6 (full 1):
 PSYoungGen      total 28160K, used 2864K [0x00000000eab00000, 0x00000000ecb80000, 0x0000000100000000)
  eden space 25088K, 0% used [0x00000000eab00000,0x00000000eab00000,0x00000000ec380000)
  from space 3072K, 93% used [0x00000000ec400000,0x00000000ec6cc0a8,0x00000000ec700000)
  to   space 4096K, 0% used [0x00000000ec780000,0x00000000ec780000,0x00000000ecb80000)
 ParOldGen       total 68608K, used 10378K [0x00000000c0000000, 0x00000000c4300000, 0x00000000eab00000)
  object space 68608K, 15% used [0x00000000c0000000,0x00000000c0a22a90,0x00000000c4300000)
 Metaspace       used 23904K, committed 24448K, reserved 1114112K
  class space    used 2426K, committed 2688K, reserved 1048576K
}
Event: 3.270 GC heap before
{Heap before GC invocations=7 (full 1):
 PSYoungGen      total 28160K, used 27937K [0x00000000eab00000, 0x00000000ecb80000, 0x0000000100000000)
  eden space 25088K, 99% used [0x00000000eab00000,0x00000000ec37c458,0x00000000ec380000)
  from space 3072K, 93% used [0x00000000ec400000,0x00000000ec6cc0a8,0x00000000ec700000)
  to   space 4096K, 0% used [0x00000000ec780000,0x00000000ec780000,0x00000000ecb80000)
 ParOldGen       total 68608K, used 10378K [0x00000000c0000000, 0x00000000c4300000, 0x00000000eab00000)
  object space 68608K, 15% used [0x00000000c0000000,0x00000000c0a22a90,0x00000000c4300000)
 Metaspace       used 27176K, committed 27840K, reserved 1114112K
  class space    used 2771K, committed 3008K, reserved 1048576K
}
Event: 3.272 GC heap after
{Heap after GC invocations=7 (full 1):
 PSYoungGen      total 27136K, used 4066K [0x00000000eab00000, 0x00000000ecf00000, 0x0000000100000000)
  eden space 23040K, 0% used [0x00000000eab00000,0x00000000eab00000,0x00000000ec180000)
  from space 4096K, 99% used [0x00000000ec780000,0x00000000ecb78ab8,0x00000000ecb80000)
  to   space 6144K, 0% used [0x00000000ec180000,0x00000000ec180000,0x00000000ec780000)
 ParOldGen       total 68608K, used 11660K [0x00000000c0000000, 0x00000000c4300000, 0x00000000eab00000)
  object space 68608K, 16% used [0x00000000c0000000,0x00000000c0b632a8,0x00000000c4300000)
 Metaspace       used 27176K, committed 27840K, reserved 1114112K
  class space    used 2771K, committed 3008K, reserved 1048576K
}
Event: 3.440 GC heap before
{Heap before GC invocations=8 (full 1):
 PSYoungGen      total 27136K, used 27106K [0x00000000eab00000, 0x00000000ecf00000, 0x0000000100000000)
  eden space 23040K, 100% used [0x00000000eab00000,0x00000000ec180000,0x00000000ec180000)
  from space 4096K, 99% used [0x00000000ec780000,0x00000000ecb78ab8,0x00000000ecb80000)
  to   space 6144K, 0% used [0x00000000ec180000,0x00000000ec180000,0x00000000ec780000)
 ParOldGen       total 68608K, used 11660K [0x00000000c0000000, 0x00000000c4300000, 0x00000000eab00000)
  object space 68608K, 16% used [0x00000000c0000000,0x00000000c0b632a8,0x00000000c4300000)
 Metaspace       used 29737K, committed 30336K, reserved 1114112K
  class space    used 2939K, committed 3200K, reserved 1048576K
}
Event: 3.442 GC heap after
{Heap after GC invocations=8 (full 1):
 PSYoungGen      total 27648K, used 4852K [0x00000000eab00000, 0x00000000ecb00000, 0x0000000100000000)
  eden space 22528K, 0% used [0x00000000eab00000,0x00000000eab00000,0x00000000ec100000)
  from space 5120K, 94% used [0x00000000ec180000,0x00000000ec63d388,0x00000000ec680000)
  to   space 4608K, 0% used [0x00000000ec680000,0x00000000ec680000,0x00000000ecb00000)
 ParOldGen       total 68608K, used 11660K [0x00000000c0000000, 0x00000000c4300000, 0x00000000eab00000)
  object space 68608K, 16% used [0x00000000c0000000,0x00000000c0b632a8,0x00000000c4300000)
 Metaspace       used 29737K, committed 30336K, reserved 1114112K
  class space    used 2939K, committed 3200K, reserved 1048576K
}
Event: 3.557 GC heap before
{Heap before GC invocations=9 (full 1):
 PSYoungGen      total 27648K, used 27380K [0x00000000eab00000, 0x00000000ecb00000, 0x0000000100000000)
  eden space 22528K, 100% used [0x00000000eab00000,0x00000000ec100000,0x00000000ec100000)
  from space 5120K, 94% used [0x00000000ec180000,0x00000000ec63d388,0x00000000ec680000)
  to   space 4608K, 0% used [0x00000000ec680000,0x00000000ec680000,0x00000000ecb00000)
 ParOldGen       total 68608K, used 11660K [0x00000000c0000000, 0x00000000c4300000, 0x00000000eab00000)
  object space 68608K, 16% used [0x00000000c0000000,0x00000000c0b632a8,0x00000000c4300000)
 Metaspace       used 31692K, committed 32320K, reserved 1114112K
  class space    used 3083K, committed 3328K, reserved 1048576K
}
Event: 3.559 GC heap after
{Heap after GC invocations=9 (full 1):
 PSYoungGen      total 26624K, used 4606K [0x00000000eab00000, 0x00000000ecb00000, 0x0000000100000000)
  eden space 22016K, 0% used [0x00000000eab00000,0x00000000eab00000,0x00000000ec080000)
  from space 4608K, 99% used [0x00000000ec680000,0x00000000ecaff9f0,0x00000000ecb00000)
  to   space 5120K, 0% used [0x00000000ec100000,0x00000000ec100000,0x00000000ec600000)
 ParOldGen       total 68608K, used 12112K [0x00000000c0000000, 0x00000000c4300000, 0x00000000eab00000)
  object space 68608K, 17% used [0x00000000c0000000,0x00000000c0bd42b8,0x00000000c4300000)
 Metaspace       used 31692K, committed 32320K, reserved 1114112K
  class space    used 3083K, committed 3328K, reserved 1048576K
}
Event: 4.087 GC heap before
{Heap before GC invocations=10 (full 1):
 PSYoungGen      total 26624K, used 25857K [0x00000000eab00000, 0x00000000ecb00000, 0x0000000100000000)
  eden space 22016K, 96% used [0x00000000eab00000,0x00000000ebfc0ba0,0x00000000ec080000)
  from space 4608K, 99% used [0x00000000ec680000,0x00000000ecaff9f0,0x00000000ecb00000)
  to   space 5120K, 0% used [0x00000000ec100000,0x00000000ec100000,0x00000000ec600000)
 ParOldGen       total 68608K, used 12112K [0x00000000c0000000, 0x00000000c4300000, 0x00000000eab00000)
  object space 68608K, 17% used [0x00000000c0000000,0x00000000c0bd42b8,0x00000000c4300000)
 Metaspace       used 35206K, committed 35840K, reserved 1114112K
  class space    used 3469K, committed 3712K, reserved 1048576K
}
Event: 4.092 GC heap after
{Heap after GC invocations=10 (full 1):
 PSYoungGen      total 25088K, used 2768K [0x00000000eab00000, 0x00000000ec880000, 0x0000000100000000)
  eden space 22016K, 0% used [0x00000000eab00000,0x00000000eab00000,0x00000000ec080000)
  from space 3072K, 90% used [0x00000000ec100000,0x00000000ec3b42d0,0x00000000ec400000)
  to   space 4096K, 0% used [0x00000000ec480000,0x00000000ec480000,0x00000000ec880000)
 ParOldGen       total 68608K, used 15965K [0x00000000c0000000, 0x00000000c4300000, 0x00000000eab00000)
  object space 68608K, 23% used [0x00000000c0000000,0x00000000c0f97498,0x00000000c4300000)
 Metaspace       used 35206K, committed 35840K, reserved 1114112K
  class space    used 3469K, committed 3712K, reserved 1048576K
}
Event: 4.092 GC heap before
{Heap before GC invocations=11 (full 2):
 PSYoungGen      total 25088K, used 2768K [0x00000000eab00000, 0x00000000ec880000, 0x0000000100000000)
  eden space 22016K, 0% used [0x00000000eab00000,0x00000000eab00000,0x00000000ec080000)
  from space 3072K, 90% used [0x00000000ec100000,0x00000000ec3b42d0,0x00000000ec400000)
  to   space 4096K, 0% used [0x00000000ec480000,0x00000000ec480000,0x00000000ec880000)
 ParOldGen       total 68608K, used 15965K [0x00000000c0000000, 0x00000000c4300000, 0x00000000eab00000)
  object space 68608K, 23% used [0x00000000c0000000,0x00000000c0f97498,0x00000000c4300000)
 Metaspace       used 35206K, committed 35840K, reserved 1114112K
  class space    used 3469K, committed 3712K, reserved 1048576K
}
Event: 4.127 GC heap after
{Heap after GC invocations=11 (full 2):
 PSYoungGen      total 25088K, used 0K [0x00000000eab00000, 0x00000000ec880000, 0x0000000100000000)
  eden space 22016K, 0% used [0x00000000eab00000,0x00000000eab00000,0x00000000ec080000)
  from space 3072K, 0% used [0x00000000ec100000,0x00000000ec100000,0x00000000ec400000)
  to   space 4096K, 0% used [0x00000000ec480000,0x00000000ec480000,0x00000000ec880000)
 ParOldGen       total 68608K, used 16509K [0x00000000c0000000, 0x00000000c4300000, 0x00000000eab00000)
  object space 68608K, 24% used [0x00000000c0000000,0x00000000c101f750,0x00000000c4300000)
 Metaspace       used 35206K, committed 35840K, reserved 1114112K
  class space    used 3469K, committed 3712K, reserved 1048576K
}
Event: 4.311 GC heap before
{Heap before GC invocations=12 (full 2):
 PSYoungGen      total 25088K, used 22016K [0x00000000eab00000, 0x00000000ec880000, 0x0000000100000000)
  eden space 22016K, 100% used [0x00000000eab00000,0x00000000ec080000,0x00000000ec080000)
  from space 3072K, 0% used [0x00000000ec100000,0x00000000ec100000,0x00000000ec400000)
  to   space 4096K, 0% used [0x00000000ec480000,0x00000000ec480000,0x00000000ec880000)
 ParOldGen       total 68608K, used 16509K [0x00000000c0000000, 0x00000000c4300000, 0x00000000eab00000)
  object space 68608K, 24% used [0x00000000c0000000,0x00000000c101f750,0x00000000c4300000)
 Metaspace       used 36805K, committed 37632K, reserved 1114112K
  class space    used 3666K, committed 4032K, reserved 1048576K
}
Event: 4.314 GC heap after
{Heap after GC invocations=12 (full 2):
 PSYoungGen      total 23040K, used 581K [0x00000000eab00000, 0x00000000ec580000, 0x0000000100000000)
  eden space 22016K, 0% used [0x00000000eab00000,0x00000000eab00000,0x00000000ec080000)
  from space 1024K, 56% used [0x00000000ec480000,0x00000000ec511738,0x00000000ec580000)
  to   space 2048K, 0% used [0x00000000ec180000,0x00000000ec180000,0x00000000ec380000)
 ParOldGen       total 68608K, used 16517K [0x00000000c0000000, 0x00000000c4300000, 0x00000000eab00000)
  object space 68608K, 24% used [0x00000000c0000000,0x00000000c1021750,0x00000000c4300000)
 Metaspace       used 36805K, committed 37632K, reserved 1114112K
  class space    used 3666K, committed 4032K, reserved 1048576K
}
Event: 4.535 GC heap before
{Heap before GC invocations=13 (full 2):
 PSYoungGen      total 23040K, used 22597K [0x00000000eab00000, 0x00000000ec580000, 0x0000000100000000)
  eden space 22016K, 100% used [0x00000000eab00000,0x00000000ec080000,0x00000000ec080000)
  from space 1024K, 56% used [0x00000000ec480000,0x00000000ec511738,0x00000000ec580000)
  to   space 2048K, 0% used [0x00000000ec180000,0x00000000ec180000,0x00000000ec380000)
 ParOldGen       total 68608K, used 16517K [0x00000000c0000000, 0x00000000c4300000, 0x00000000eab00000)
  object space 68608K, 24% used [0x00000000c0000000,0x00000000c1021750,0x00000000c4300000)
 Metaspace       used 39778K, committed 40576K, reserved 1114112K
  class space    used 4088K, committed 4416K, reserved 1048576K
}
Event: 4.538 GC heap after
{Heap after GC invocations=13 (full 2):
 PSYoungGen      total 24064K, used 768K [0x00000000eab00000, 0x00000000ec500000, 0x0000000100000000)
  eden space 22016K, 0% used [0x00000000eab00000,0x00000000eab00000,0x00000000ec080000)
  from space 2048K, 37% used [0x00000000ec180000,0x00000000ec240000,0x00000000ec380000)
  to   space 1024K, 0% used [0x00000000ec400000,0x00000000ec400000,0x00000000ec500000)
 ParOldGen       total 68608K, used 16956K [0x00000000c0000000, 0x00000000c4300000, 0x00000000eab00000)
  object space 68608K, 24% used [0x00000000c0000000,0x00000000c108f3f0,0x00000000c4300000)
 Metaspace       used 39778K, committed 40576K, reserved 1114112K
  class space    used 4088K, committed 4416K, reserved 1048576K
}
Event: 4.790 GC heap before
{Heap before GC invocations=14 (full 2):
 PSYoungGen      total 24064K, used 22784K [0x00000000eab00000, 0x00000000ec500000, 0x0000000100000000)
  eden space 22016K, 100% used [0x00000000eab00000,0x00000000ec080000,0x00000000ec080000)
  from space 2048K, 37% used [0x00000000ec180000,0x00000000ec240000,0x00000000ec380000)
  to   space 1024K, 0% used [0x00000000ec400000,0x00000000ec400000,0x00000000ec500000)
 ParOldGen       total 68608K, used 16956K [0x00000000c0000000, 0x00000000c4300000, 0x00000000eab00000)
  object space 68608K, 24% used [0x00000000c0000000,0x00000000c108f3f0,0x00000000c4300000)
 Metaspace       used 41690K, committed 42496K, reserved 1114112K
  class space    used 4330K, committed 4672K, reserved 1048576K
}
Event: 4.792 GC heap after
{Heap after GC invocations=14 (full 2):
 PSYoungGen      total 23040K, used 960K [0x00000000eab00000, 0x00000000ec500000, 0x0000000100000000)
  eden space 22016K, 0% used [0x00000000eab00000,0x00000000eab00000,0x00000000ec080000)
  from space 1024K, 93% used [0x00000000ec400000,0x00000000ec4f0000,0x00000000ec500000)
  to   space 1024K, 0% used [0x00000000ec300000,0x00000000ec300000,0x00000000ec400000)
 ParOldGen       total 68608K, used 17580K [0x00000000c0000000, 0x00000000c4300000, 0x00000000eab00000)
  object space 68608K, 25% used [0x00000000c0000000,0x00000000c112b3f0,0x00000000c4300000)
 Metaspace       used 41690K, committed 42496K, reserved 1114112K
  class space    used 4330K, committed 4672K, reserved 1048576K
}

Dll operation events (10 events):
Event: 0.007 Loaded shared library c:\Users\ADMIN\.vscode\extensions\redhat.java-1.24.0-win32-x64\jre\17.0.8.1-win32-x86_64\bin\java.dll
Event: 0.169 Loaded shared library c:\Users\ADMIN\.vscode\extensions\redhat.java-1.24.0-win32-x64\jre\17.0.8.1-win32-x86_64\bin\zip.dll
Event: 0.172 Loaded shared library C:\Users\ADMIN\.vscode\extensions\redhat.java-1.24.0-win32-x64\jre\17.0.8.1-win32-x86_64\bin\instrument.dll
Event: 0.183 Loaded shared library C:\Users\ADMIN\.vscode\extensions\redhat.java-1.24.0-win32-x64\jre\17.0.8.1-win32-x86_64\bin\net.dll
Event: 0.433 Loaded shared library C:\Users\ADMIN\.vscode\extensions\redhat.java-1.24.0-win32-x64\jre\17.0.8.1-win32-x86_64\bin\nio.dll
Event: 0.443 Loaded shared library C:\Users\ADMIN\.vscode\extensions\redhat.java-1.24.0-win32-x64\jre\17.0.8.1-win32-x86_64\bin\zip.dll
Event: 0.461 Loaded shared library C:\Users\ADMIN\.vscode\extensions\redhat.java-1.24.0-win32-x64\jre\17.0.8.1-win32-x86_64\bin\jimage.dll
Event: 0.533 Loaded shared library c:\Users\ADMIN\.vscode\extensions\redhat.java-1.24.0-win32-x64\jre\17.0.8.1-win32-x86_64\bin\verify.dll
Event: 1.650 Loaded shared library C:\Users\ADMIN\AppData\Roaming\Code\User\globalStorage\redhat.java\1.24.0\config_win\org.eclipse.equinox.launcher\org.eclipse.equinox.launcher.win32.win32.x86_64_1.2.700.v20221108-1024\eclipse_11801.dll
Event: 3.948 Loaded shared library C:\Users\ADMIN\AppData\Local\Temp\jna-62130991\jna13270093126353783278.dll

Deoptimization events (20 events):
Event: 4.722 Thread 0x000001edbb62f1f0 DEOPT PACKING pc=0x000001edaa0b3d7c sp=0x00000009afdfe470
Event: 4.722 Thread 0x000001edbb62f1f0 DEOPT UNPACKING pc=0x000001eda99f66a3 sp=0x00000009afdfe390 mode 2
Event: 4.729 Thread 0x000001edbb62f1f0 Uncommon trap: trap_request=0xffffffde fr.pc=0x000001edaa0566b4 relative=0x0000000000000294
Event: 4.729 Thread 0x000001edbb62f1f0 Uncommon trap: reason=class_check action=maybe_recompile pc=0x000001edaa0566b4 method=java.io.FilterInputStream.read()I @ 4 c2
Event: 4.729 Thread 0x000001edbb62f1f0 DEOPT PACKING pc=0x000001edaa0566b4 sp=0x00000009afdfe590
Event: 4.729 Thread 0x000001edbb62f1f0 DEOPT UNPACKING pc=0x000001eda99f66a3 sp=0x00000009afdfe550 mode 2
Event: 4.740 Thread 0x000001edbb62f1f0 Uncommon trap: trap_request=0xffffffde fr.pc=0x000001edaa0566b4 relative=0x0000000000000294
Event: 4.740 Thread 0x000001edbb62f1f0 Uncommon trap: reason=class_check action=maybe_recompile pc=0x000001edaa0566b4 method=java.io.FilterInputStream.read()I @ 4 c2
Event: 4.740 Thread 0x000001edbb62f1f0 DEOPT PACKING pc=0x000001edaa0566b4 sp=0x00000009afdfe590
Event: 4.740 Thread 0x000001edbb62f1f0 DEOPT UNPACKING pc=0x000001eda99f66a3 sp=0x00000009afdfe550 mode 2
Event: 4.742 Thread 0x000001edbb62f1f0 Uncommon trap: trap_request=0xffffffde fr.pc=0x000001edaa0566b4 relative=0x0000000000000294
Event: 4.742 Thread 0x000001edbb62f1f0 Uncommon trap: reason=class_check action=maybe_recompile pc=0x000001edaa0566b4 method=java.io.FilterInputStream.read()I @ 4 c2
Event: 4.742 Thread 0x000001edbb62f1f0 DEOPT PACKING pc=0x000001edaa0566b4 sp=0x00000009afdfe590
Event: 4.742 Thread 0x000001edbb62f1f0 DEOPT UNPACKING pc=0x000001eda99f66a3 sp=0x00000009afdfe550 mode 2
Event: 4.747 Thread 0x000001edbb62f1f0 Uncommon trap: trap_request=0xffffffde fr.pc=0x000001edaa0566b4 relative=0x0000000000000294
Event: 4.747 Thread 0x000001edbb62f1f0 Uncommon trap: reason=class_check action=maybe_recompile pc=0x000001edaa0566b4 method=java.io.FilterInputStream.read()I @ 4 c2
Event: 4.747 Thread 0x000001edbb62f1f0 DEOPT PACKING pc=0x000001edaa0566b4 sp=0x00000009afdfe590
Event: 4.747 Thread 0x000001edbb62f1f0 DEOPT UNPACKING pc=0x000001eda99f66a3 sp=0x00000009afdfe550 mode 2
Event: 4.781 Thread 0x000001edbb62f1f0 DEOPT PACKING pc=0x000001eda2ce5ad9 sp=0x00000009afdfe3c0
Event: 4.781 Thread 0x000001edbb62f1f0 DEOPT UNPACKING pc=0x000001eda99f6e43 sp=0x00000009afdfd818 mode 0

Classes unloaded (7 events):
Event: 2.548 Thread 0x000001ed9f8a6840 Unloading class 0x0000000100248000 'java/lang/invoke/LambdaForm$MH+0x0000000100248000'
Event: 2.548 Thread 0x000001ed9f8a6840 Unloading class 0x0000000100247c00 'java/lang/invoke/LambdaForm$MH+0x0000000100247c00'
Event: 2.548 Thread 0x000001ed9f8a6840 Unloading class 0x0000000100247800 'java/lang/invoke/LambdaForm$MH+0x0000000100247800'
Event: 2.548 Thread 0x000001ed9f8a6840 Unloading class 0x0000000100247400 'java/lang/invoke/LambdaForm$MH+0x0000000100247400'
Event: 2.548 Thread 0x000001ed9f8a6840 Unloading class 0x0000000100247000 'java/lang/invoke/LambdaForm$BMH+0x0000000100247000'
Event: 2.548 Thread 0x000001ed9f8a6840 Unloading class 0x0000000100246c00 'java/lang/invoke/LambdaForm$DMH+0x0000000100246c00'
Event: 2.548 Thread 0x000001ed9f8a6840 Unloading class 0x0000000100244000 'java/lang/invoke/LambdaForm$DMH+0x0000000100244000'

Classes redefined (0 events):
No events

Internal exceptions (20 events):
Event: 3.584 Thread 0x000001edbb541fe0 Exception <a 'java/lang/ClassNotFoundException'{0x00000000eacacc50}: com/sun/org/apache/xerces/internal/impl/msg/spi/XMLMessagesProvider> (0x00000000eacacc50) 
thrown [s\src\hotspot\share\classfile\systemDictionary.cpp, line 256]
Event: 3.629 Thread 0x000001edbb541fe0 Exception <a 'java/lang/NoSuchMethodError'{0x00000000eaf68e30}: 'void java.lang.invoke.DirectMethodHandle$Holder.invokeVirtual(java.lang.Object, java.lang.Object)'> (0x00000000eaf68e30) 
thrown [s\src\hotspot\share\interpreter\linkResolver.cpp, line 759]
Event: 3.665 Thread 0x000001edbb541fe0 Exception <a 'java/lang/NoSuchMethodError'{0x00000000eb1df5b0}: 'java.lang.Object java.lang.invoke.DirectMethodHandle$Holder.invokeStaticInit(java.lang.Object, int, int, int, int)'> (0x00000000eb1df5b0) 
thrown [s\src\hotspot\share\interpreter\linkResolver.cpp, line 759]
Event: 3.720 Thread 0x000001edbb541fe0 Exception <a 'java/lang/NoSuchMethodError'{0x00000000eb299bf0}: 'java.lang.Object java.lang.invoke.DirectMethodHandle$Holder.invokeStaticInit(java.lang.Object, java.lang.Object, int, int, int, int)'> (0x00000000eb299bf0) 
thrown [s\src\hotspot\share\interpreter\linkResolver.cpp, line 759]
Event: 3.784 Thread 0x000001edbb541fe0 Exception <a 'java/lang/ClassNotFoundException'{0x00000000eb621978}: com/sun/org/apache/xml/internal/serializer/spi/XMLEntitiesProvider> (0x00000000eb621978) 
thrown [s\src\hotspot\share\classfile\systemDictionary.cpp, line 256]
Event: 3.887 Thread 0x000001edbb541fe0 Exception <a 'java/io/FileNotFoundException'{0x00000000eb9b24f8}> (0x00000000eb9b24f8) 
thrown [s\src\hotspot\share\prims\jni.cpp, line 516]
Event: 3.991 Thread 0x000001edbb541fe0 Exception <a 'java/lang/UnsatisfiedLinkError'{0x00000000ebcac310}: The specified procedure could not be found.
> (0x00000000ebcac310) 
thrown [s\src\hotspot\share\prims\jni.cpp, line 535]
Event: 4.006 Thread 0x000001edbb541fe0 Exception <a 'java/io/FileNotFoundException'{0x00000000ebcd1b10}> (0x00000000ebcd1b10) 
thrown [s\src\hotspot\share\prims\jni.cpp, line 516]
Event: 4.016 Thread 0x000001edbb541fe0 Exception <a 'java/io/FileNotFoundException'{0x00000000ebd54490}> (0x00000000ebd54490) 
thrown [s\src\hotspot\share\prims\jni.cpp, line 516]
Event: 4.028 Thread 0x000001edbb541fe0 Exception <a 'java/lang/UnsatisfiedLinkError'{0x00000000ebde2650}: The specified procedure could not be found.
> (0x00000000ebde2650) 
thrown [s\src\hotspot\share\prims\jni.cpp, line 535]
Event: 4.059 Thread 0x000001ed9f7ed2b0 Exception <a 'sun/nio/fs/WindowsException'{0x00000000ebeabbb8}> (0x00000000ebeabbb8) 
thrown [s\src\hotspot\share\prims\jni.cpp, line 516]
Event: 4.193 Thread 0x000001edbb62f1f0 Exception <a 'java/lang/NoSuchMethodError'{0x00000000eaf810d8}: 'void java.lang.invoke.DirectMethodHandle$Holder.invokeStatic(java.lang.Object, java.lang.Object, java.lang.Object, java.lang.Object)'> (0x00000000eaf810d8) 
thrown [s\src\hotspot\share\interpreter\linkResolver.cpp, line 759]
Event: 4.236 Thread 0x000001ed9f7ed2b0 Exception <a 'java/lang/NoSuchMethodError'{0x00000000ebb5f218}: 'java.lang.Object java.lang.invoke.DirectMethodHandle$Holder.invokeStatic(java.lang.Object, java.lang.Object, long, java.lang.Object)'> (0x00000000ebb5f218) 
thrown [s\src\hotspot\share\interpreter\linkResolver.cpp, line 759]
Event: 4.236 Thread 0x000001ed9f7ed2b0 Exception <a 'java/lang/NoSuchMethodError'{0x00000000ebb78440}: 'java.lang.Object java.lang.invoke.DirectMethodHandle$Holder.invokeStaticInit(java.lang.Object, java.lang.Object, long, java.lang.Object)'> (0x00000000ebb78440) 
thrown [s\src\hotspot\share\interpreter\linkResolver.cpp, line 759]
Event: 4.237 Thread 0x000001ed9f7ed2b0 Exception <a 'java/lang/NoSuchMethodError'{0x00000000ebb91f80}: 'java.lang.Object java.lang.invoke.DirectMethodHandle$Holder.newInvokeSpecial(java.lang.Object, java.lang.Object, long)'> (0x00000000ebb91f80) 
thrown [s\src\hotspot\share\interpreter\linkResolver.cpp, line 759]
Event: 4.242 Thread 0x000001edbb62f1f0 Exception <a 'java/lang/NoSuchMethodError'{0x00000000ebbd1690}: 'java.lang.Object java.lang.invoke.DirectMethodHandle$Holder.invokeSpecialIFC(java.lang.Object, java.lang.Object, java.lang.Object, java.lang.Object)'> (0x00000000ebbd1690) 
thrown [s\src\hotspot\share\interpreter\linkResolver.cpp, line 759]
Event: 4.434 Thread 0x000001edbb62f1f0 Exception <a 'java/lang/NoSuchMethodError'{0x00000000eb70bea8}: 'int java.lang.invoke.DirectMethodHandle$Holder.invokeSpecialIFC(java.lang.Object, java.lang.Object, java.lang.Object, java.lang.Object, java.lang.Object)'> (0x00000000eb70bea8) 
thrown [s\src\hotspot\share\interpreter\linkResolver.cpp, line 759]
Event: 4.523 Thread 0x000001ed9f7ed2b0 Exception <a 'java/lang/NoSuchMethodError'{0x00000000ebfa7af8}: 'void java.lang.invoke.DirectMethodHandle$Holder.invokeSpecial(java.lang.Object, java.lang.Object, java.lang.Object, java.lang.Object, java.lang.Object, java.lang.Object)'> (0x00000000ebfa7af8) 
thrown [s\src\hotspot\share\interpreter\linkResolver.cpp, line 759]
Event: 4.525 Thread 0x000001ed9f7ed2b0 Exception <a 'java/lang/IncompatibleClassChangeError'{0x00000000ebfb11f8}: Found class java.lang.Object, but interface was expected> (0x00000000ebfb11f8) 
thrown [s\src\hotspot\share\interpreter\linkResolver.cpp, line 826]
Event: 4.586 Thread 0x000001edbb62f1f0 Exception <a 'java/lang/NoClassDefFoundError'{0x00000000eaf9af88}: javax/enterprise/inject/Typed> (0x00000000eaf9af88) 
thrown [s\src\hotspot\share\classfile\systemDictionary.cpp, line 245]

VM Operations (20 events):
Event: 3.964 Executing VM operation: HandshakeAllThreads
Event: 3.964 Executing VM operation: HandshakeAllThreads done
Event: 4.087 Executing VM operation: CollectForMetadataAllocation
Event: 4.127 Executing VM operation: CollectForMetadataAllocation done
Event: 4.214 Executing VM operation: HandshakeAllThreads
Event: 4.214 Executing VM operation: HandshakeAllThreads done
Event: 4.259 Executing VM operation: HandshakeAllThreads
Event: 4.259 Executing VM operation: HandshakeAllThreads done
Event: 4.310 Executing VM operation: ParallelGCFailedAllocation
Event: 4.314 Executing VM operation: ParallelGCFailedAllocation done
Event: 4.535 Executing VM operation: ParallelGCFailedAllocation
Event: 4.538 Executing VM operation: ParallelGCFailedAllocation done
Event: 4.562 Executing VM operation: HandshakeAllThreads
Event: 4.562 Executing VM operation: HandshakeAllThreads done
Event: 4.790 Executing VM operation: ParallelGCFailedAllocation
Event: 4.792 Executing VM operation: ParallelGCFailedAllocation done
Event: 5.045 Executing VM operation: HandshakeAllThreads
Event: 5.045 Executing VM operation: HandshakeAllThreads done
Event: 5.073 Executing VM operation: HandshakeAllThreads
Event: 5.073 Executing VM operation: HandshakeAllThreads done

Events (20 events):
Event: 4.564 loading class java/lang/Short$ShortCache
Event: 4.565 loading class java/lang/Short$ShortCache done
Event: 4.569 loading class java/lang/Character$UnicodeBlock
Event: 4.571 loading class java/lang/Character$Subset
Event: 4.571 loading class java/lang/Character$Subset done
Event: 4.571 loading class java/lang/Character$UnicodeBlock done
Event: 4.586 loading class java/lang/annotation/IncompleteAnnotationException
Event: 4.586 loading class java/lang/annotation/IncompleteAnnotationException done
Event: 4.589 loading class sun/reflect/generics/repository/FieldRepository
Event: 4.589 loading class sun/reflect/generics/repository/FieldRepository done
Event: 4.595 loading class jdk/internal/reflect/UnsafeQualifiedIntegerFieldAccessorImpl
Event: 4.595 loading class jdk/internal/reflect/UnsafeQualifiedIntegerFieldAccessorImpl done
Event: 4.620 loading class jdk/internal/access/foreign/MemorySegmentProxy
Event: 4.620 loading class jdk/internal/access/foreign/MemorySegmentProxy done
Event: 5.016 loading class sun/reflect/annotation/AnnotatedTypeFactory$AnnotatedParameterizedTypeImpl
Event: 5.016 loading class java/lang/reflect/AnnotatedParameterizedType
Event: 5.016 loading class java/lang/reflect/AnnotatedParameterizedType done
Event: 5.016 loading class sun/reflect/annotation/AnnotatedTypeFactory$AnnotatedParameterizedTypeImpl done
Event: 5.102 loading class java/util/concurrent/CompletionService
Event: 5.102 loading class java/util/concurrent/CompletionService done


Dynamic libraries:
0x00007ff7654d0000 - 0x00007ff7654de000 	c:\Users\ADMIN\.vscode\extensions\redhat.java-1.24.0-win32-x64\jre\17.0.8.1-win32-x86_64\bin\java.exe
0x00007ffcae690000 - 0x00007ffcae888000 	C:\Windows\SYSTEM32\ntdll.dll
0x00007ffcad680000 - 0x00007ffcad73d000 	C:\Windows\System32\KERNEL32.DLL
0x00007ffcac210000 - 0x00007ffcac4e2000 	C:\Windows\System32\KERNELBASE.dll
0x00007ffcabf80000 - 0x00007ffcac080000 	C:\Windows\System32\ucrtbase.dll
0x00007ffc94f70000 - 0x00007ffc94f87000 	c:\Users\ADMIN\.vscode\extensions\redhat.java-1.24.0-win32-x64\jre\17.0.8.1-win32-x86_64\bin\jli.dll
0x00007ffc93630000 - 0x00007ffc93649000 	c:\Users\ADMIN\.vscode\extensions\redhat.java-1.24.0-win32-x64\jre\17.0.8.1-win32-x86_64\bin\VCRUNTIME140.dll
0x00007ffcad750000 - 0x00007ffcad8ed000 	C:\Windows\System32\USER32.dll
0x00007ffc9a880000 - 0x00007ffc9ab1a000 	C:\Windows\WinSxS\amd64_microsoft.windows.common-controls_6595b64144ccf1df_6.0.19041.1110_none_60b5254171f9507e\COMCTL32.dll
0x00007ffcac1e0000 - 0x00007ffcac202000 	C:\Windows\System32\win32u.dll
0x00007ffcad4c0000 - 0x00007ffcad55e000 	C:\Windows\System32\msvcrt.dll
0x00007ffcaca60000 - 0x00007ffcaca8b000 	C:\Windows\System32\GDI32.dll
0x00007ffcac4f0000 - 0x00007ffcac5ff000 	C:\Windows\System32\gdi32full.dll
0x00007ffcac650000 - 0x00007ffcac6ed000 	C:\Windows\System32\msvcp_win.dll
0x00007ffcad490000 - 0x00007ffcad4c0000 	C:\Windows\System32\IMM32.DLL
0x00007ffca5cd0000 - 0x00007ffca5cdc000 	c:\Users\ADMIN\.vscode\extensions\redhat.java-1.24.0-win32-x64\jre\17.0.8.1-win32-x86_64\bin\vcruntime140_1.dll
0x00007ffc6c2a0000 - 0x00007ffc6c331000 	c:\Users\ADMIN\.vscode\extensions\redhat.java-1.24.0-win32-x64\jre\17.0.8.1-win32-x86_64\bin\msvcp140.dll
0x00007ffc50d90000 - 0x00007ffc519dc000 	c:\Users\ADMIN\.vscode\extensions\redhat.java-1.24.0-win32-x64\jre\17.0.8.1-win32-x86_64\bin\server\jvm.dll
0x00007ffcac8a0000 - 0x00007ffcac94e000 	C:\Windows\System32\ADVAPI32.dll
0x00007ffcac950000 - 0x00007ffcac9ec000 	C:\Windows\System32\sechost.dll
0x00007ffcad8f0000 - 0x00007ffcada15000 	C:\Windows\System32\RPCRT4.dll
0x00007ffcabb00000 - 0x00007ffcabb4b000 	C:\Windows\SYSTEM32\POWRPROF.dll
0x00007ffca2d10000 - 0x00007ffca2d37000 	C:\Windows\SYSTEM32\WINMM.dll
0x00007ffc9a760000 - 0x00007ffc9a769000 	C:\Windows\SYSTEM32\WSOCK32.dll
0x00007ffca2d40000 - 0x00007ffca2d4a000 	C:\Windows\SYSTEM32\VERSION.dll
0x00007ffcad310000 - 0x00007ffcad37b000 	C:\Windows\System32\WS2_32.dll
0x00007ffcab940000 - 0x00007ffcab952000 	C:\Windows\SYSTEM32\UMPDC.dll
0x00007ffca9c60000 - 0x00007ffca9c72000 	C:\Windows\SYSTEM32\kernel.appcore.dll
0x00007ffca57f0000 - 0x00007ffca57fa000 	c:\Users\ADMIN\.vscode\extensions\redhat.java-1.24.0-win32-x64\jre\17.0.8.1-win32-x86_64\bin\jimage.dll
0x00007ffca1ba0000 - 0x00007ffca1d84000 	C:\Windows\SYSTEM32\DBGHELP.DLL
0x00007ffc9c610000 - 0x00007ffc9c63c000 	C:\Windows\SYSTEM32\dbgcore.DLL
0x00007ffcabef0000 - 0x00007ffcabf72000 	C:\Windows\System32\bcryptPrimitives.dll
0x00007ffc9a540000 - 0x00007ffc9a54e000 	c:\Users\ADMIN\.vscode\extensions\redhat.java-1.24.0-win32-x64\jre\17.0.8.1-win32-x86_64\bin\instrument.dll
0x00007ffc8fbd0000 - 0x00007ffc8fbf5000 	c:\Users\ADMIN\.vscode\extensions\redhat.java-1.24.0-win32-x64\jre\17.0.8.1-win32-x86_64\bin\java.dll
0x00007ffc904a0000 - 0x00007ffc904b8000 	c:\Users\ADMIN\.vscode\extensions\redhat.java-1.24.0-win32-x64\jre\17.0.8.1-win32-x86_64\bin\zip.dll
0x00007ffcacb40000 - 0x00007ffcad283000 	C:\Windows\System32\SHELL32.dll
0x00007ffca9e60000 - 0x00007ffcaa5f1000 	C:\Windows\SYSTEM32\windows.storage.dll
0x00007ffcae2f0000 - 0x00007ffcae644000 	C:\Windows\System32\combase.dll
0x00007ffcab790000 - 0x00007ffcab7c0000 	C:\Windows\SYSTEM32\Wldp.dll
0x00007ffcad380000 - 0x00007ffcad42d000 	C:\Windows\System32\SHCORE.dll
0x00007ffcadc40000 - 0x00007ffcadc95000 	C:\Windows\System32\shlwapi.dll
0x00007ffcabce0000 - 0x00007ffcabcff000 	C:\Windows\SYSTEM32\profapi.dll
0x00007ffc8b2e0000 - 0x00007ffc8b2f9000 	C:\Users\ADMIN\.vscode\extensions\redhat.java-1.24.0-win32-x64\jre\17.0.8.1-win32-x86_64\bin\net.dll
0x00007ffca5600000 - 0x00007ffca570d000 	C:\Windows\SYSTEM32\WINHTTP.dll
0x00007ffc8e950000 - 0x00007ffc8e95b000 	C:\Program Files\Common Files\SocksEscort\escortdrv.dll
0x00007ffcadab0000 - 0x00007ffcadbda000 	C:\Windows\System32\ole32.dll
0x00007ffc8e910000 - 0x00007ffc8e942000 	C:\Program Files\Common Files\SocksEscort\escengine.dll
0x00007ffcab480000 - 0x00007ffcab4ea000 	C:\Windows\system32\mswsock.dll
0x00007ffc8f2a0000 - 0x00007ffc8f2b5000 	C:\Users\ADMIN\.vscode\extensions\redhat.java-1.24.0-win32-x64\jre\17.0.8.1-win32-x86_64\bin\nio.dll
0x00007ffc9a4c0000 - 0x00007ffc9a4d0000 	c:\Users\ADMIN\.vscode\extensions\redhat.java-1.24.0-win32-x64\jre\17.0.8.1-win32-x86_64\bin\verify.dll
0x00007ffc75e60000 - 0x00007ffc75e9e000 	C:\Users\ADMIN\AppData\Roaming\Code\User\globalStorage\redhat.java\1.24.0\config_win\org.eclipse.equinox.launcher\org.eclipse.equinox.launcher.win32.win32.x86_64_1.2.700.v20221108-1024\eclipse_11801.dll
0x00007ffcab670000 - 0x00007ffcab688000 	C:\Windows\SYSTEM32\CRYPTSP.dll
0x00007ffcaada0000 - 0x00007ffcaadd4000 	C:\Windows\system32\rsaenh.dll
0x00007ffcabec0000 - 0x00007ffcabee7000 	C:\Windows\System32\bcrypt.dll
0x00007ffcabc60000 - 0x00007ffcabc8e000 	C:\Windows\SYSTEM32\USERENV.dll
0x00007ffcab690000 - 0x00007ffcab69c000 	C:\Windows\SYSTEM32\CRYPTBASE.dll
0x00007ffcab170000 - 0x00007ffcab1ab000 	C:\Windows\SYSTEM32\IPHLPAPI.DLL
0x00007ffcad740000 - 0x00007ffcad748000 	C:\Windows\System32\NSI.dll
0x00007ffca3e30000 - 0x00007ffca3e47000 	C:\Windows\SYSTEM32\dhcpcsvc6.DLL
0x00007ffca3e50000 - 0x00007ffca3e6d000 	C:\Windows\SYSTEM32\dhcpcsvc.DLL
0x00007ffcab1b0000 - 0x00007ffcab27a000 	C:\Windows\SYSTEM32\DNSAPI.dll
0x00007ffc6d120000 - 0x00007ffc6d165000 	C:\Users\ADMIN\AppData\Local\Temp\jna-62130991\jna13270093126353783278.dll
0x00007ffcac9f0000 - 0x00007ffcac9f8000 	C:\Windows\System32\PSAPI.DLL

dbghelp: loaded successfully - version: 4.0.5 - missing functions: none
symbol engine: initialized successfully - sym options: 0x614 - pdb path: .;c:\Users\ADMIN\.vscode\extensions\redhat.java-1.24.0-win32-x64\jre\17.0.8.1-win32-x86_64\bin;C:\Windows\SYSTEM32;C:\Windows\WinSxS\amd64_microsoft.windows.common-controls_6595b64144ccf1df_6.0.19041.1110_none_60b5254171f9507e;c:\Users\ADMIN\.vscode\extensions\redhat.java-1.24.0-win32-x64\jre\17.0.8.1-win32-x86_64\bin\server;C:\Program Files\Common Files\SocksEscort;C:\Users\ADMIN\AppData\Roaming\Code\User\globalStorage\redhat.java\1.24.0\config_win\org.eclipse.equinox.launcher\org.eclipse.equinox.launcher.win32.win32.x86_64_1.2.700.v20221108-1024;C:\Users\ADMIN\AppData\Local\Temp\jna-62130991

VM Arguments:
jvm_args: --add-modules=ALL-SYSTEM --add-opens=java.base/java.util=ALL-UNNAMED --add-opens=java.base/java.lang=ALL-UNNAMED --add-opens=java.base/sun.nio.fs=ALL-UNNAMED -Declipse.application=org.eclipse.jdt.ls.core.id1 -Dosgi.bundles.defaultStartLevel=4 -Declipse.product=org.eclipse.jdt.ls.core.product -Djava.import.generatesMetadataFilesAtProjectRoot=false -DDetectVMInstallationsJob.disabled=true -Dfile.encoding=utf8 -XX:+UseParallelGC -XX:GCTimeRatio=4 -XX:AdaptiveSizePolicyWeight=90 -Dsun.zip.disableMemoryMapping=true -Xmx1G -Xms100m -Xlog:disable -javaagent:c:\Users\ADMIN\.vscode\extensions\redhat.java-1.24.0-win32-x64\lombok\lombok-1.18.30.jar -XX:+HeapDumpOnOutOfMemoryError -XX:HeapDumpPath=c:\Users\ADMIN\AppData\Roaming\Code\User\workspaceStorage\6cdb84a19000531febd1660c35a6afec\redhat.java -Daether.dependencyCollector.impl=bf 
java_command: c:\Users\ADMIN\.vscode\extensions\redhat.java-1.24.0-win32-x64\server\plugins\org.eclipse.equinox.launcher_1.6.500.v20230717-2134.jar -configuration c:\Users\ADMIN\AppData\Roaming\Code\User\globalStorage\redhat.java\1.24.0\config_win -data c:\Users\ADMIN\AppData\Roaming\Code\User\workspaceStorage\6cdb84a19000531febd1660c35a6afec\redhat.java\jdt_ws --stdio
java_class_path (initial): c:\Users\ADMIN\.vscode\extensions\redhat.java-1.24.0-win32-x64\server\plugins\org.eclipse.equinox.launcher_1.6.500.v20230717-2134.jar
Launcher Type: SUN_STANDARD

[Global flags]
    uintx AdaptiveSizePolicyWeight                 = 90                                        {product} {command line}
     intx CICompilerCount                          = 4                                         {product} {ergonomic}
    uintx GCTimeRatio                              = 4                                         {product} {command line}
     bool HeapDumpOnOutOfMemoryError               = true                                   {manageable} {command line}
    ccstr HeapDumpPath                             = c:\Users\ADMIN\AppData\Roaming\Code\User\workspaceStorage\6cdb84a19000531febd1660c35a6afec\redhat.java         {manageable} {command line}
   size_t InitialHeapSize                          = 104857600                                 {product} {command line}
   size_t MaxHeapSize                              = 1073741824                                {product} {command line}
   size_t MaxNewSize                               = 357564416                                 {product} {ergonomic}
   size_t MinHeapDeltaBytes                        = 524288                                    {product} {ergonomic}
   size_t MinHeapSize                              = 104857600                                 {product} {command line}
   size_t NewSize                                  = 34603008                                  {product} {ergonomic}
    uintx NonNMethodCodeHeapSize                   = 5839372                                {pd product} {ergonomic}
    uintx NonProfiledCodeHeapSize                  = 122909434                              {pd product} {ergonomic}
   size_t OldSize                                  = 70254592                                  {product} {ergonomic}
    uintx ProfiledCodeHeapSize                     = 122909434                              {pd product} {ergonomic}
    uintx ReservedCodeCacheSize                    = 251658240                              {pd product} {ergonomic}
     bool SegmentedCodeCache                       = true                                      {product} {ergonomic}
   size_t SoftMaxHeapSize                          = 1073741824                             {manageable} {ergonomic}
     bool UseCompressedClassPointers               = true                           {product lp64_product} {ergonomic}
     bool UseCompressedOops                        = true                           {product lp64_product} {ergonomic}
     bool UseLargePagesIndividualAllocation        = false                                  {pd product} {ergonomic}
     bool UseParallelGC                            = true                                      {product} {command line}

Logging:
Log output configuration:
 #0: stdout all=off uptime,level,tags
 #1: stderr all=off uptime,level,tags

Environment Variables:
JAVA_HOME=C:\Program Files\Java\jdk-19
PATH=C:\Program Files\Common Files\Oracle\Java\javapath;C:\Windows\system32;C:\Windows;C:\Windows\System32\Wbem;C:\Windows\System32\WindowsPowerShell\v1.0\;C:\Windows\System32\OpenSSH\;C:\Program Files\Java\jdk-19\bin;C:\Program Files\Git\cmd;C:\Program Files\PuTTY\;C:\MinGW\bin;C:\Users\ADMIN\AppData\Roaming\nvm;C:\Program Files\nodejs;C:\Users\ADMIN\AppData\Local\Android\Sdk\platform-tools;C:\Program Files\MySQL\MySQL Shell 8.0\bin\;C:\Users\ADMIN\AppData\Local\Microsoft\WindowsApps;C:\Users\ADMIN\AppData\Local\Programs\Microsoft VS Code\bin;C:\Users\ADMIN\AppData\Local\Programs\Python\Python311;C:\Users\ADMIN\AppData\Local\Programs\Python\Python311\Scripts;C:\Users\ADMIN\AppData\Roaming\npm;C:\Users\ADMIN\AppData\Local\Programs\EmEditor;C:\Users\ADMIN\AppData\Roaming\nvm;C:\Program Files\nodejs;
USERNAME=ADMIN
OS=Windows_NT
PROCESSOR_IDENTIFIER=AMD64 Family 23 Model 96 Stepping 1, AuthenticAMD
TMP=C:\Users\ADMIN\AppData\Local\Temp
TEMP=C:\Users\ADMIN\AppData\Local\Temp



---------------  S Y S T E M  ---------------

OS:
 Windows 10 , 64 bit Build 19041 (10.0.19041.1889)
OS uptime: 0 days 10:53 hours

CPU: total 12 (initial active 12) (12 cores per cpu, 2 threads per core) family 23 model 96 stepping 1 microcode 0x0, cx8, cmov, fxsr, ht, mmx, 3dnowpref, sse, sse2, sse3, ssse3, sse4a, sse4.1, sse4.2, popcnt, lzcnt, tsc, tscinvbit, avx, avx2, aes, clmul, bmi1, bmi2, adx, sha, fma, vzeroupper, clflush, clflushopt
Processor Information for all 12 processors :
  Max Mhz: 3000, Current Mhz: 3000, Mhz Limit: 3000

Memory: 4k page, system-wide physical 7579M (850M free)
TotalPageFile size 11675M (AvailPageFile size 5M)
current process WorkingSet (physical memory assigned to process): 192M, peak: 193M
current process commit charge ("private bytes"): 295M, peak: 296M

vm_info: OpenJDK 64-Bit Server VM (17.0.8.1+1) for windows-amd64 JRE (17.0.8.1+1), built on Aug 23 2023 15:29:17 by "admin" with MS VC++ 16.7 (VS2019)

END.
