#
# There is insufficient memory for the Java Runtime Environment to continue.
# Native memory allocation (malloc) failed to allocate 1010256 bytes for Chunk::new
# Possible reasons:
#   The system is out of physical RAM or swap space
#   The process is running with CompressedOops enabled, and the Java Heap may be blocking the growth of the native heap
# Possible solutions:
#   Reduce memory load on the system
#   Increase physical memory or swap space
#   Check if swap backing store is full
#   Decrease Java heap size (-Xmx/-Xms)
#   Decrease number of Java threads
#   Decrease Java thread stack sizes (-Xss)
#   Set larger code cache with -XX:ReservedCodeCacheSize=
#   JVM is running with Unscaled Compressed Oops mode in which the Java heap is
#     placed in the first 4GB address space. The Java Heap base address is the
#     maximum limit for the native heap growth. Please use -XX:HeapBaseMinAddress
#     to set the Java Heap base and to place the Java Heap above 4GB virtual address.
# This output file may be truncated or incomplete.
#
#  Out of Memory Error (arena.cpp:189), pid=1620, tid=13664
#
# JRE version: OpenJDK Runtime Environment Temurin-17.0.8.1+1 (17.0.8.1+1) (build 17.0.8.1+1)
# Java VM: OpenJDK 64-Bit Server VM Temurin-17.0.8.1+1 (17.0.8.1+1, mixed mode, tiered, compressed oops, compressed class ptrs, parallel gc, windows-amd64)
# No core dump will be written. Minidumps are not enabled by default on client versions of Windows
#

---------------  S U M M A R Y ------------

Command Line: --add-modules=ALL-SYSTEM --add-opens=java.base/java.util=ALL-UNNAMED --add-opens=java.base/java.lang=ALL-UNNAMED --add-opens=java.base/sun.nio.fs=ALL-UNNAMED -Declipse.application=org.eclipse.jdt.ls.core.id1 -Dosgi.bundles.defaultStartLevel=4 -Declipse.product=org.eclipse.jdt.ls.core.product -Djava.import.generatesMetadataFilesAtProjectRoot=false -DDetectVMInstallationsJob.disabled=true -Dfile.encoding=utf8 -XX:+UseParallelGC -XX:GCTimeRatio=4 -XX:AdaptiveSizePolicyWeight=90 -Dsun.zip.disableMemoryMapping=true -Xmx1G -Xms100m -Xlog:disable -javaagent:c:\Users\ADMIN\.vscode\extensions\redhat.java-1.24.0-win32-x64\lombok\lombok-1.18.30.jar c:\Users\ADMIN\.vscode\extensions\redhat.java-1.24.0-win32-x64\server\plugins\org.eclipse.equinox.launcher_1.6.500.v20230717-2134.jar -configuration c:\Users\ADMIN\AppData\Roaming\Code\User\globalStorage\redhat.java\1.24.0\config_ss_win -data c:\Users\ADMIN\AppData\Roaming\Code\User\workspaceStorage\6cdb84a19000531febd1660c35a6afec\redhat.java\ss_ws --stdio

Host: AMD Ryzen 5 4600H with Radeon Graphics         , 12 cores, 7G,  Windows 10 , 64 bit Build 19041 (10.0.19041.1889)
Time: Wed Nov 29 17:14:29 2023 SE Asia Standard Time elapsed time: 1.852239 seconds (0d 0h 0m 1s)

---------------  T H R E A D  ---------------

Current thread (0x0000024e2a91d670):  JavaThread "C2 CompilerThread0" daemon [_thread_in_native, id=13664, stack(0x000000ae4fa00000,0x000000ae4fb00000)]


Current CompileTask:
C2:   1852 2294       4       org.lombokweb.asm.ClassReader::readMethod (1066 bytes)

Stack: [0x000000ae4fa00000,0x000000ae4fb00000]
Native frames: (J=compiled Java code, j=interpreted, Vv=VM code, C=native code)
V  [jvm.dll+0x678b0a]
V  [jvm.dll+0x835e84]
V  [jvm.dll+0x83762e]
V  [jvm.dll+0x837c93]
V  [jvm.dll+0x24746f]
V  [jvm.dll+0xac20c]
V  [jvm.dll+0xac7dc]
V  [jvm.dll+0x2ae7af]
V  [jvm.dll+0x581427]
V  [jvm.dll+0x222602]
V  [jvm.dll+0x2229df]
V  [jvm.dll+0x21ba55]
V  [jvm.dll+0x218f0b]
V  [jvm.dll+0x1a534d]
V  [jvm.dll+0x228d8a]
V  [jvm.dll+0x226dcc]
V  [jvm.dll+0x7ec09b]
V  [jvm.dll+0x7e64ca]
V  [jvm.dll+0x677955]
C  [ucrtbase.dll+0x21bb2]
C  [KERNEL32.DLL+0x17034]
C  [ntdll.dll+0x526a1]


---------------  P R O C E S S  ---------------

Threads class SMR info:
_java_thread_list=0x0000024e2e0dc0c0, length=22, elements={
0x0000024e117cd440, 0x0000024e25640d90, 0x0000024e25644510, 0x0000024e2564a3e0,
0x0000024e2564b070, 0x0000024e2564e3b0, 0x0000024e2a9177b0, 0x0000024e2a91d670,
0x0000024e2a91e7d0, 0x0000024e2a91f880, 0x0000024e2a9cf390, 0x0000024e2abfbe50,
0x0000024e2ac03ff0, 0x0000024e2c5cb900, 0x0000024e2c5ca9d0, 0x0000024e2c5ce180,
0x0000024e2c5cbe10, 0x0000024e2c5cc830, 0x0000024e2c5caee0, 0x0000024e2c5cd760,
0x0000024e2c5cdc70, 0x0000024e2c5cb3f0
}

Java Threads: ( => current thread )
  0x0000024e117cd440 JavaThread "main" [_thread_blocked, id=7976, stack(0x000000ae4f100000,0x000000ae4f200000)]
  0x0000024e25640d90 JavaThread "Reference Handler" daemon [_thread_blocked, id=14096, stack(0x000000ae4f400000,0x000000ae4f500000)]
  0x0000024e25644510 JavaThread "Finalizer" daemon [_thread_blocked, id=5644, stack(0x000000ae4f500000,0x000000ae4f600000)]
  0x0000024e2564a3e0 JavaThread "Signal Dispatcher" daemon [_thread_blocked, id=10992, stack(0x000000ae4f600000,0x000000ae4f700000)]
  0x0000024e2564b070 JavaThread "Attach Listener" daemon [_thread_blocked, id=14152, stack(0x000000ae4f700000,0x000000ae4f800000)]
  0x0000024e2564e3b0 JavaThread "Service Thread" daemon [_thread_blocked, id=5056, stack(0x000000ae4f800000,0x000000ae4f900000)]
  0x0000024e2a9177b0 JavaThread "Monitor Deflation Thread" daemon [_thread_blocked, id=13592, stack(0x000000ae4f900000,0x000000ae4fa00000)]
=>0x0000024e2a91d670 JavaThread "C2 CompilerThread0" daemon [_thread_in_native, id=13664, stack(0x000000ae4fa00000,0x000000ae4fb00000)]
  0x0000024e2a91e7d0 JavaThread "C1 CompilerThread0" daemon [_thread_blocked, id=9856, stack(0x000000ae4fb00000,0x000000ae4fc00000)]
  0x0000024e2a91f880 JavaThread "Sweeper thread" daemon [_thread_blocked, id=6008, stack(0x000000ae4fc00000,0x000000ae4fd00000)]
  0x0000024e2a9cf390 JavaThread "Common-Cleaner" daemon [_thread_blocked, id=6152, stack(0x000000ae4fd00000,0x000000ae4fe00000)]
  0x0000024e2abfbe50 JavaThread "C2 CompilerThread1" daemon [_thread_in_native, id=276, stack(0x000000ae4ff00000,0x000000ae50000000)]
  0x0000024e2ac03ff0 JavaThread "Notification Thread" daemon [_thread_blocked, id=11344, stack(0x000000ae50000000,0x000000ae50100000)]
  0x0000024e2c5cb900 JavaThread "Active Thread: Equinox Container: b5ad84b4-07fb-4e8d-a1af-837a9b892360" [_thread_blocked, id=9660, stack(0x000000ae50800000,0x000000ae50900000)]
  0x0000024e2c5ca9d0 JavaThread "Framework Event Dispatcher: Equinox Container: b5ad84b4-07fb-4e8d-a1af-837a9b892360" daemon [_thread_blocked, id=7548, stack(0x000000ae50900000,0x000000ae50a00000)]
  0x0000024e2c5ce180 JavaThread "Start Level: Equinox Container: b5ad84b4-07fb-4e8d-a1af-837a9b892360" daemon [_thread_blocked, id=2860, stack(0x000000ae50a00000,0x000000ae50b00000)]
  0x0000024e2c5cbe10 JavaThread "SCR Component Actor" daemon [_thread_blocked, id=12340, stack(0x000000ae50b00000,0x000000ae50c00000)]
  0x0000024e2c5cc830 JavaThread "SCR Component Registry" daemon [_thread_blocked, id=12516, stack(0x000000ae50d00000,0x000000ae50e00000)]
  0x0000024e2c5caee0 JavaThread "Worker-JM" [_thread_blocked, id=3676, stack(0x000000ae50e00000,0x000000ae50f00000)]
  0x0000024e2c5cd760 JavaThread "Worker-0" [_thread_blocked, id=11664, stack(0x000000ae51100000,0x000000ae51200000)]
  0x0000024e2c5cdc70 JavaThread "Worker-1" [_thread_blocked, id=13620, stack(0x000000ae51200000,0x000000ae51300000)]
  0x0000024e2c5cb3f0 JavaThread "Java indexing" daemon [_thread_blocked, id=12488, stack(0x000000ae51300000,0x000000ae51400000)]

Other Threads:
  0x0000024e2563f2c0 VMThread "VM Thread" [stack: 0x000000ae4f300000,0x000000ae4f400000] [id=13388]
  0x0000024e2ac20f80 WatcherThread [stack: 0x000000ae50100000,0x000000ae50200000] [id=900]
  0x0000024e117e2830 GCTaskThread "GC Thread#0" [stack: 0x000000ae4f200000,0x000000ae4f300000] [id=7592]
  0x0000024e2cb1f070 GCTaskThread "GC Thread#1" [stack: 0x000000ae50200000,0x000000ae50300000] [id=12500]
  0x0000024e2c9f4020 GCTaskThread "GC Thread#2" [stack: 0x000000ae50300000,0x000000ae50400000] [id=7068]
  0x0000024e2c9f42e0 GCTaskThread "GC Thread#3" [stack: 0x000000ae50400000,0x000000ae50500000] [id=8608]
  0x0000024e2cb1f330 GCTaskThread "GC Thread#4" [stack: 0x000000ae50500000,0x000000ae50600000] [id=12388]
  0x0000024e2cb1f5f0 GCTaskThread "GC Thread#5" [stack: 0x000000ae50600000,0x000000ae50700000] [id=8892]
  0x0000024e2cb1fcb0 GCTaskThread "GC Thread#6" [stack: 0x000000ae50700000,0x000000ae50800000] [id=12792]
  0x0000024e2cd79830 GCTaskThread "GC Thread#7" [stack: 0x000000ae50c00000,0x000000ae50d00000] [id=8280]
  0x0000024e2d01e2b0 GCTaskThread "GC Thread#8" [stack: 0x000000ae50f00000,0x000000ae51000000] [id=13972]
  0x0000024e2d070040 GCTaskThread "GC Thread#9" [stack: 0x000000ae51000000,0x000000ae51100000] [id=3924]

Threads with active compile tasks:
C2 CompilerThread0     1862 2294       4       org.lombokweb.asm.ClassReader::readMethod (1066 bytes)
C2 CompilerThread1     1862 2301       4       lombok.patcher.MethodTarget::matches (29 bytes)

VM state: not at safepoint (normal execution)

VM Mutex/Monitor currently owned by a thread:  ([mutex/lock_event])
[0x0000024e117c7b70] CodeCache_lock - owner thread: 0x0000000000000000

Heap address: 0x00000000c0000000, size: 1024 MB, Compressed Oops mode: 32-bit

CDS archive(s) not mapped
Compressed class space mapped at: 0x0000000100000000-0x0000000140000000, reserved size: 1073741824
Narrow klass base: 0x0000000000000000, Narrow klass shift: 3, Narrow klass range: 0x140000000

GC Precious Log:
 CPUs: 12 total, 12 available
 Memory: 7579M
 Large Page Support: Disabled
 NUMA Support: Disabled
 Compressed Oops: Enabled (32-bit)
 Alignments: Space 512K, Generation 512K, Heap 2M
 Heap Min Capacity: 100M
 Heap Initial Capacity: 100M
 Heap Max Capacity: 1G
 Pre-touch: Disabled
 Parallel Workers: 10

Heap:
 PSYoungGen      total 26112K, used 25675K [0x00000000eab00000, 0x00000000ec880000, 0x0000000100000000)
  eden space 25088K, 99% used [0x00000000eab00000,0x00000000ec35ad80,0x00000000ec380000)
  from space 1024K, 71% used [0x00000000ec400000,0x00000000ec4b80b0,0x00000000ec500000)
  to   space 2560K, 0% used [0x00000000ec600000,0x00000000ec600000,0x00000000ec880000)
 ParOldGen       total 68608K, used 6840K [0x00000000c0000000, 0x00000000c4300000, 0x00000000eab00000)
  object space 68608K, 9% used [0x00000000c0000000,0x00000000c06ae078,0x00000000c4300000)
 Metaspace       used 27399K, committed 27904K, reserved 1114112K
  class space    used 2652K, committed 2880K, reserved 1048576K

Card table byte_map: [0x0000024e11190000,0x0000024e113a0000] _byte_map_base: 0x0000024e10b90000

Marking Bits: (ParMarkBitMap*) 0x00007ffeb51683a0
 Begin Bits: [0x0000024e23450000, 0x0000024e24450000)
 End Bits:   [0x0000024e24450000, 0x0000024e25450000)

Polling page: 0x0000024e0f7d0000

Metaspace:

Usage:
  Non-class:     24.17 MB used.
      Class:      2.59 MB used.
       Both:     26.76 MB used.

Virtual space:
  Non-class space:       64.00 MB reserved,      24.44 MB ( 38%) committed,  1 nodes.
      Class space:        1.00 GB reserved,       2.81 MB ( <1%) committed,  1 nodes.
             Both:        1.06 GB reserved,      27.25 MB (  3%) committed. 

Chunk freelists:
   Non-Class:  6.80 MB
       Class:  13.01 MB
        Both:  19.81 MB

MaxMetaspaceSize: unlimited
CompressedClassSpaceSize: 1.00 GB
Initial GC threshold: 21.00 MB
Current GC threshold: 35.00 MB
CDS: off
MetaspaceReclaimPolicy: balanced
 - commit_granule_bytes: 65536.
 - commit_granule_words: 8192.
 - virtual_space_node_default_size: 8388608.
 - enlarge_chunks_in_place: 1.
 - new_chunks_are_fully_committed: 0.
 - uncommit_free_chunks: 1.
 - use_allocation_guard: 0.
 - handle_deallocations: 1.


Internal statistics:

num_allocs_failed_limit: 3.
num_arena_births: 278.
num_arena_deaths: 14.
num_vsnodes_births: 2.
num_vsnodes_deaths: 0.
num_space_committed: 436.
num_space_uncommitted: 0.
num_chunks_returned_to_freelist: 17.
num_chunks_taken_from_freelist: 1031.
num_chunk_merges: 7.
num_chunk_splits: 680.
num_chunks_enlarged: 467.
num_inconsistent_stats: 0.

CodeHeap 'non-profiled nmethods': size=120000Kb used=968Kb max_used=968Kb free=119032Kb
 bounds [0x0000024e1bf20000, 0x0000024e1c190000, 0x0000024e23450000]
CodeHeap 'profiled nmethods': size=120000Kb used=4725Kb max_used=4725Kb free=115274Kb
 bounds [0x0000024e14450000, 0x0000024e148f0000, 0x0000024e1b980000]
CodeHeap 'non-nmethods': size=5760Kb used=1226Kb max_used=1246Kb free=4533Kb
 bounds [0x0000024e1b980000, 0x0000024e1bbf0000, 0x0000024e1bf20000]
 total_blobs=2929 nmethods=2388 adapters=455
 compilation: enabled
              stopped_count=0, restarted_count=0
 full_count=0

Compilation events (20 events):
Event: 1.825 Thread 0x0000024e2a91e7d0 2385       3       sun.nio.fs.NativeBuffers::releaseNativeBuffer (97 bytes)
Event: 1.826 Thread 0x0000024e2a91e7d0 nmethod 2385 0x0000024e148e9390 code [0x0000024e148e9660, 0x0000024e148ea818]
Event: 1.827 Thread 0x0000024e2a91e7d0 2386       3       java.util.LinkedHashMap$LinkedKeyIterator::next (8 bytes)
Event: 1.827 Thread 0x0000024e2a91e7d0 nmethod 2386 0x0000024e148ead90 code [0x0000024e148eaf40, 0x0000024e148eb0a8]
Event: 1.828 Thread 0x0000024e2abfbe50 nmethod 2300 0x0000024e1c006c10 code [0x0000024e1c0072a0, 0x0000024e1c00a868]
Event: 1.828 Thread 0x0000024e2abfbe50 2372       4       java.util.Properties::loadConvert (540 bytes)
Event: 1.832 Thread 0x0000024e2a91e7d0 2387       2       java.util.HashMap::putVal (300 bytes)
Event: 1.833 Thread 0x0000024e2a91e7d0 nmethod 2387 0x0000024e148eb190 code [0x0000024e148eb3e0, 0x0000024e148ebab8]
Event: 1.833 Thread 0x0000024e2a91e7d0 2389       3       java.lang.Character::toUpperCase (6 bytes)
Event: 1.833 Thread 0x0000024e2a91e7d0 nmethod 2389 0x0000024e148ebf10 code [0x0000024e148ec0c0, 0x0000024e148ec318]
Event: 1.833 Thread 0x0000024e2a91e7d0 2390       3       java.lang.Character::toUpperCase (9 bytes)
Event: 1.833 Thread 0x0000024e2a91e7d0 nmethod 2390 0x0000024e148ec410 code [0x0000024e148ec5c0, 0x0000024e148ec7b8]
Event: 1.833 Thread 0x0000024e2a91e7d0 2388       3       java.util.TreeMap::leftOf (13 bytes)
Event: 1.833 Thread 0x0000024e2a91e7d0 nmethod 2388 0x0000024e148ec890 code [0x0000024e148eca20, 0x0000024e148ecb98]
Event: 1.837 Thread 0x0000024e2a91e7d0 2391       3       java.util.concurrent.Semaphore$NonfairSync::tryAcquireShared (6 bytes)
Event: 1.837 Thread 0x0000024e2a91e7d0 nmethod 2391 0x0000024e148ecc90 code [0x0000024e148ece20, 0x0000024e148ecf68]
Event: 1.837 Thread 0x0000024e2a91e7d0 2392       3       java.util.concurrent.Semaphore$Sync::nonfairTryAcquireShared (27 bytes)
Event: 1.837 Thread 0x0000024e2a91e7d0 nmethod 2392 0x0000024e148ed010 code [0x0000024e148ed1c0, 0x0000024e148ed428]
Event: 1.848 Thread 0x0000024e2abfbe50 nmethod 2372 0x0000024e1c00d090 code [0x0000024e1c00d2c0, 0x0000024e1c00e8b0]
Event: 1.849 Thread 0x0000024e2abfbe50 2354       4       java.util.Properties$LineReader::readLine (584 bytes)

GC Heap History (12 events):
Event: 0.711 GC heap before
{Heap before GC invocations=1 (full 0):
 PSYoungGen      total 29696K, used 25600K [0x00000000eab00000, 0x00000000ecc00000, 0x0000000100000000)
  eden space 25600K, 100% used [0x00000000eab00000,0x00000000ec400000,0x00000000ec400000)
  from space 4096K, 0% used [0x00000000ec800000,0x00000000ec800000,0x00000000ecc00000)
  to   space 4096K, 0% used [0x00000000ec400000,0x00000000ec400000,0x00000000ec800000)
 ParOldGen       total 68608K, used 0K [0x00000000c0000000, 0x00000000c4300000, 0x00000000eab00000)
  object space 68608K, 0% used [0x00000000c0000000,0x00000000c0000000,0x00000000c4300000)
 Metaspace       used 11006K, committed 11200K, reserved 1114112K
  class space    used 1099K, committed 1216K, reserved 1048576K
}
Event: 0.716 GC heap after
{Heap after GC invocations=1 (full 0):
 PSYoungGen      total 29696K, used 3187K [0x00000000eab00000, 0x00000000ecc00000, 0x0000000100000000)
  eden space 25600K, 0% used [0x00000000eab00000,0x00000000eab00000,0x00000000ec400000)
  from space 4096K, 77% used [0x00000000ec400000,0x00000000ec71cc18,0x00000000ec800000)
  to   space 4096K, 0% used [0x00000000ec800000,0x00000000ec800000,0x00000000ecc00000)
 ParOldGen       total 68608K, used 16K [0x00000000c0000000, 0x00000000c4300000, 0x00000000eab00000)
  object space 68608K, 0% used [0x00000000c0000000,0x00000000c0004000,0x00000000c4300000)
 Metaspace       used 11006K, committed 11200K, reserved 1114112K
  class space    used 1099K, committed 1216K, reserved 1048576K
}
Event: 1.108 GC heap before
{Heap before GC invocations=2 (full 0):
 PSYoungGen      total 29696K, used 28787K [0x00000000eab00000, 0x00000000ecc00000, 0x0000000100000000)
  eden space 25600K, 100% used [0x00000000eab00000,0x00000000ec400000,0x00000000ec400000)
  from space 4096K, 77% used [0x00000000ec400000,0x00000000ec71cc18,0x00000000ec800000)
  to   space 4096K, 0% used [0x00000000ec800000,0x00000000ec800000,0x00000000ecc00000)
 ParOldGen       total 68608K, used 16K [0x00000000c0000000, 0x00000000c4300000, 0x00000000eab00000)
  object space 68608K, 0% used [0x00000000c0000000,0x00000000c0004000,0x00000000c4300000)
 Metaspace       used 15225K, committed 15488K, reserved 1114112K
  class space    used 1548K, committed 1664K, reserved 1048576K
}
Event: 1.113 GC heap after
{Heap after GC invocations=2 (full 0):
 PSYoungGen      total 29696K, used 4089K [0x00000000eab00000, 0x00000000ecc00000, 0x0000000100000000)
  eden space 25600K, 0% used [0x00000000eab00000,0x00000000eab00000,0x00000000ec400000)
  from space 4096K, 99% used [0x00000000ec800000,0x00000000ecbfe468,0x00000000ecc00000)
  to   space 4096K, 0% used [0x00000000ec400000,0x00000000ec400000,0x00000000ec800000)
 ParOldGen       total 68608K, used 702K [0x00000000c0000000, 0x00000000c4300000, 0x00000000eab00000)
  object space 68608K, 1% used [0x00000000c0000000,0x00000000c00af820,0x00000000c4300000)
 Metaspace       used 15225K, committed 15488K, reserved 1114112K
  class space    used 1548K, committed 1664K, reserved 1048576K
}
Event: 1.463 GC heap before
{Heap before GC invocations=3 (full 0):
 PSYoungGen      total 29696K, used 29689K [0x00000000eab00000, 0x00000000ecc00000, 0x0000000100000000)
  eden space 25600K, 100% used [0x00000000eab00000,0x00000000ec400000,0x00000000ec400000)
  from space 4096K, 99% used [0x00000000ec800000,0x00000000ecbfe468,0x00000000ecc00000)
  to   space 4096K, 0% used [0x00000000ec400000,0x00000000ec400000,0x00000000ec800000)
 ParOldGen       total 68608K, used 702K [0x00000000c0000000, 0x00000000c4300000, 0x00000000eab00000)
  object space 68608K, 1% used [0x00000000c0000000,0x00000000c00af820,0x00000000c4300000)
 Metaspace       used 20188K, committed 20608K, reserved 1114112K
  class space    used 2070K, committed 2240K, reserved 1048576K
}
Event: 1.467 GC heap after
{Heap after GC invocations=3 (full 0):
 PSYoungGen      total 29696K, used 4087K [0x00000000eab00000, 0x00000000ecc00000, 0x0000000100000000)
  eden space 25600K, 0% used [0x00000000eab00000,0x00000000eab00000,0x00000000ec400000)
  from space 4096K, 99% used [0x00000000ec400000,0x00000000ec7fdf98,0x00000000ec800000)
  to   space 4096K, 0% used [0x00000000ec800000,0x00000000ec800000,0x00000000ecc00000)
 ParOldGen       total 68608K, used 2476K [0x00000000c0000000, 0x00000000c4300000, 0x00000000eab00000)
  object space 68608K, 3% used [0x00000000c0000000,0x00000000c026b250,0x00000000c4300000)
 Metaspace       used 20188K, committed 20608K, reserved 1114112K
  class space    used 2070K, committed 2240K, reserved 1048576K
}
Event: 1.534 GC heap before
{Heap before GC invocations=4 (full 0):
 PSYoungGen      total 29696K, used 9754K [0x00000000eab00000, 0x00000000ecc00000, 0x0000000100000000)
  eden space 25600K, 22% used [0x00000000eab00000,0x00000000eb088870,0x00000000ec400000)
  from space 4096K, 99% used [0x00000000ec400000,0x00000000ec7fdf98,0x00000000ec800000)
  to   space 4096K, 0% used [0x00000000ec800000,0x00000000ec800000,0x00000000ecc00000)
 ParOldGen       total 68608K, used 2476K [0x00000000c0000000, 0x00000000c4300000, 0x00000000eab00000)
  object space 68608K, 3% used [0x00000000c0000000,0x00000000c026b250,0x00000000c4300000)
 Metaspace       used 21075K, committed 21504K, reserved 1114112K
  class space    used 2163K, committed 2368K, reserved 1048576K
}
Event: 1.537 GC heap after
{Heap after GC invocations=4 (full 0):
 PSYoungGen      total 29696K, used 4084K [0x00000000eab00000, 0x00000000ecc00000, 0x0000000100000000)
  eden space 25600K, 0% used [0x00000000eab00000,0x00000000eab00000,0x00000000ec400000)
  from space 4096K, 99% used [0x00000000ec800000,0x00000000ecbfd1f0,0x00000000ecc00000)
  to   space 4096K, 0% used [0x00000000ec400000,0x00000000ec400000,0x00000000ec800000)
 ParOldGen       total 68608K, used 2916K [0x00000000c0000000, 0x00000000c4300000, 0x00000000eab00000)
  object space 68608K, 4% used [0x00000000c0000000,0x00000000c02d9250,0x00000000c4300000)
 Metaspace       used 21075K, committed 21504K, reserved 1114112K
  class space    used 2163K, committed 2368K, reserved 1048576K
}
Event: 1.537 GC heap before
{Heap before GC invocations=5 (full 1):
 PSYoungGen      total 29696K, used 4084K [0x00000000eab00000, 0x00000000ecc00000, 0x0000000100000000)
  eden space 25600K, 0% used [0x00000000eab00000,0x00000000eab00000,0x00000000ec400000)
  from space 4096K, 99% used [0x00000000ec800000,0x00000000ecbfd1f0,0x00000000ecc00000)
  to   space 4096K, 0% used [0x00000000ec400000,0x00000000ec400000,0x00000000ec800000)
 ParOldGen       total 68608K, used 2916K [0x00000000c0000000, 0x00000000c4300000, 0x00000000eab00000)
  object space 68608K, 4% used [0x00000000c0000000,0x00000000c02d9250,0x00000000c4300000)
 Metaspace       used 21075K, committed 21504K, reserved 1114112K
  class space    used 2163K, committed 2368K, reserved 1048576K
}
Event: 1.553 GC heap after
{Heap after GC invocations=5 (full 1):
 PSYoungGen      total 29696K, used 0K [0x00000000eab00000, 0x00000000ecc00000, 0x0000000100000000)
  eden space 25600K, 0% used [0x00000000eab00000,0x00000000eab00000,0x00000000ec400000)
  from space 4096K, 0% used [0x00000000ec800000,0x00000000ec800000,0x00000000ecc00000)
  to   space 4096K, 0% used [0x00000000ec400000,0x00000000ec400000,0x00000000ec800000)
 ParOldGen       total 68608K, used 6832K [0x00000000c0000000, 0x00000000c4300000, 0x00000000eab00000)
  object space 68608K, 9% used [0x00000000c0000000,0x00000000c06ac078,0x00000000c4300000)
 Metaspace       used 21062K, committed 21504K, reserved 1114112K
  class space    used 2159K, committed 2368K, reserved 1048576K
}
Event: 1.683 GC heap before
{Heap before GC invocations=6 (full 1):
 PSYoungGen      total 29696K, used 25600K [0x00000000eab00000, 0x00000000ecc00000, 0x0000000100000000)
  eden space 25600K, 100% used [0x00000000eab00000,0x00000000ec400000,0x00000000ec400000)
  from space 4096K, 0% used [0x00000000ec800000,0x00000000ec800000,0x00000000ecc00000)
  to   space 4096K, 0% used [0x00000000ec400000,0x00000000ec400000,0x00000000ec800000)
 ParOldGen       total 68608K, used 6832K [0x00000000c0000000, 0x00000000c4300000, 0x00000000eab00000)
  object space 68608K, 9% used [0x00000000c0000000,0x00000000c06ac078,0x00000000c4300000)
 Metaspace       used 24592K, committed 25024K, reserved 1114112K
  class space    used 2414K, committed 2624K, reserved 1048576K
}
Event: 1.684 GC heap after
{Heap after GC invocations=6 (full 1):
 PSYoungGen      total 26112K, used 736K [0x00000000eab00000, 0x00000000ec880000, 0x0000000100000000)
  eden space 25088K, 0% used [0x00000000eab00000,0x00000000eab00000,0x00000000ec380000)
  from space 1024K, 71% used [0x00000000ec400000,0x00000000ec4b80b0,0x00000000ec500000)
  to   space 2560K, 0% used [0x00000000ec600000,0x00000000ec600000,0x00000000ec880000)
 ParOldGen       total 68608K, used 6840K [0x00000000c0000000, 0x00000000c4300000, 0x00000000eab00000)
  object space 68608K, 9% used [0x00000000c0000000,0x00000000c06ae078,0x00000000c4300000)
 Metaspace       used 24592K, committed 25024K, reserved 1114112K
  class space    used 2414K, committed 2624K, reserved 1048576K
}

Dll operation events (9 events):
Event: 0.005 Loaded shared library c:\Users\ADMIN\.vscode\extensions\redhat.java-1.24.0-win32-x64\jre\17.0.8.1-win32-x86_64\bin\java.dll
Event: 0.100 Loaded shared library c:\Users\ADMIN\.vscode\extensions\redhat.java-1.24.0-win32-x64\jre\17.0.8.1-win32-x86_64\bin\zip.dll
Event: 0.102 Loaded shared library C:\Users\ADMIN\.vscode\extensions\redhat.java-1.24.0-win32-x64\jre\17.0.8.1-win32-x86_64\bin\instrument.dll
Event: 0.113 Loaded shared library C:\Users\ADMIN\.vscode\extensions\redhat.java-1.24.0-win32-x64\jre\17.0.8.1-win32-x86_64\bin\net.dll
Event: 0.277 Loaded shared library C:\Users\ADMIN\.vscode\extensions\redhat.java-1.24.0-win32-x64\jre\17.0.8.1-win32-x86_64\bin\nio.dll
Event: 0.282 Loaded shared library C:\Users\ADMIN\.vscode\extensions\redhat.java-1.24.0-win32-x64\jre\17.0.8.1-win32-x86_64\bin\zip.dll
Event: 0.294 Loaded shared library C:\Users\ADMIN\.vscode\extensions\redhat.java-1.24.0-win32-x64\jre\17.0.8.1-win32-x86_64\bin\jimage.dll
Event: 0.335 Loaded shared library c:\Users\ADMIN\.vscode\extensions\redhat.java-1.24.0-win32-x64\jre\17.0.8.1-win32-x86_64\bin\verify.dll
Event: 1.020 Loaded shared library C:\Users\ADMIN\AppData\Roaming\Code\User\globalStorage\redhat.java\1.24.0\config_ss_win\org.eclipse.equinox.launcher\org.eclipse.equinox.launcher.win32.win32.x86_64_1.2.700.v20221108-1024\eclipse_11801.dll

Deoptimization events (20 events):
Event: 1.832 Thread 0x0000024e2c5ce180 Uncommon trap: trap_request=0xffffffc6 fr.pc=0x0000024e1bfae304 relative=0x0000000000000944
Event: 1.832 Thread 0x0000024e2c5ce180 Uncommon trap: reason=bimorphic_or_optimized_type_check action=maybe_recompile pc=0x0000024e1bfae304 method=java.util.HashMap.putVal(ILjava/lang/Object;Ljava/lang/Object;ZZ)Ljava/lang/Object; @ 56 c2
Event: 1.832 Thread 0x0000024e2c5ce180 DEOPT PACKING pc=0x0000024e1bfae304 sp=0x000000ae50afd7d0
Event: 1.832 Thread 0x0000024e2c5ce180 DEOPT UNPACKING pc=0x0000024e1b9d66a3 sp=0x000000ae50afd728 mode 2
Event: 1.832 Thread 0x0000024e2c5ce180 Uncommon trap: trap_request=0xffffffc6 fr.pc=0x0000024e1bfae304 relative=0x0000000000000944
Event: 1.832 Thread 0x0000024e2c5ce180 Uncommon trap: reason=bimorphic_or_optimized_type_check action=maybe_recompile pc=0x0000024e1bfae304 method=java.util.HashMap.putVal(ILjava/lang/Object;Ljava/lang/Object;ZZ)Ljava/lang/Object; @ 56 c2
Event: 1.832 Thread 0x0000024e2c5ce180 DEOPT PACKING pc=0x0000024e1bfae304 sp=0x000000ae50afd7d0
Event: 1.832 Thread 0x0000024e2c5ce180 DEOPT UNPACKING pc=0x0000024e1b9d66a3 sp=0x000000ae50afd728 mode 2
Event: 1.832 Thread 0x0000024e2c5ce180 Uncommon trap: trap_request=0xffffffc6 fr.pc=0x0000024e1bfae304 relative=0x0000000000000944
Event: 1.832 Thread 0x0000024e2c5ce180 Uncommon trap: reason=bimorphic_or_optimized_type_check action=maybe_recompile pc=0x0000024e1bfae304 method=java.util.HashMap.putVal(ILjava/lang/Object;Ljava/lang/Object;ZZ)Ljava/lang/Object; @ 56 c2
Event: 1.832 Thread 0x0000024e2c5ce180 DEOPT PACKING pc=0x0000024e1bfae304 sp=0x000000ae50afd7d0
Event: 1.832 Thread 0x0000024e2c5ce180 DEOPT UNPACKING pc=0x0000024e1b9d66a3 sp=0x000000ae50afd728 mode 2
Event: 1.832 Thread 0x0000024e2c5ce180 Uncommon trap: trap_request=0xffffffc6 fr.pc=0x0000024e1bfae33c relative=0x000000000000097c
Event: 1.832 Thread 0x0000024e2c5ce180 Uncommon trap: reason=bimorphic_or_optimized_type_check action=maybe_recompile pc=0x0000024e1bfae33c method=java.util.HashMap.putVal(ILjava/lang/Object;Ljava/lang/Object;ZZ)Ljava/lang/Object; @ 152 c2
Event: 1.832 Thread 0x0000024e2c5ce180 DEOPT PACKING pc=0x0000024e1bfae33c sp=0x000000ae50afd7d0
Event: 1.832 Thread 0x0000024e2c5ce180 DEOPT UNPACKING pc=0x0000024e1b9d66a3 sp=0x000000ae50afd730 mode 2
Event: 1.832 Thread 0x0000024e2c5ce180 Uncommon trap: trap_request=0xffffffc6 fr.pc=0x0000024e1bfae304 relative=0x0000000000000944
Event: 1.832 Thread 0x0000024e2c5ce180 Uncommon trap: reason=bimorphic_or_optimized_type_check action=maybe_recompile pc=0x0000024e1bfae304 method=java.util.HashMap.putVal(ILjava/lang/Object;Ljava/lang/Object;ZZ)Ljava/lang/Object; @ 56 c2
Event: 1.832 Thread 0x0000024e2c5ce180 DEOPT PACKING pc=0x0000024e1bfae304 sp=0x000000ae50afd7d0
Event: 1.832 Thread 0x0000024e2c5ce180 DEOPT UNPACKING pc=0x0000024e1b9d66a3 sp=0x000000ae50afd728 mode 2

Classes unloaded (7 events):
Event: 1.540 Thread 0x0000024e2563f2c0 Unloading class 0x000000010021a000 'java/lang/invoke/LambdaForm$MH+0x000000010021a000'
Event: 1.540 Thread 0x0000024e2563f2c0 Unloading class 0x0000000100219c00 'java/lang/invoke/LambdaForm$MH+0x0000000100219c00'
Event: 1.540 Thread 0x0000024e2563f2c0 Unloading class 0x0000000100219800 'java/lang/invoke/LambdaForm$MH+0x0000000100219800'
Event: 1.540 Thread 0x0000024e2563f2c0 Unloading class 0x0000000100219400 'java/lang/invoke/LambdaForm$MH+0x0000000100219400'
Event: 1.540 Thread 0x0000024e2563f2c0 Unloading class 0x0000000100219000 'java/lang/invoke/LambdaForm$BMH+0x0000000100219000'
Event: 1.540 Thread 0x0000024e2563f2c0 Unloading class 0x0000000100218c00 'java/lang/invoke/LambdaForm$DMH+0x0000000100218c00'
Event: 1.540 Thread 0x0000024e2563f2c0 Unloading class 0x0000000100216000 'java/lang/invoke/LambdaForm$DMH+0x0000000100216000'

Classes redefined (0 events):
No events

Internal exceptions (20 events):
Event: 1.372 Thread 0x0000024e2c5ce180 Exception <a 'java/lang/NoSuchMethodError'{0x00000000ebddbe98}: 'java.lang.Object java.lang.invoke.DelegatingMethodHandle$Holder.reinvoke_L(java.lang.Object, java.lang.Object, java.lang.Object, java.lang.Object, int, int)'> (0x00000000ebddbe98) 
thrown [s\src\hotspot\share\interpreter\linkResolver.cpp, line 759]
Event: 1.374 Thread 0x0000024e2c5ce180 Exception <a 'java/lang/NoSuchMethodError'{0x00000000ebdf06b8}: 'java.lang.Object java.lang.invoke.Invokers$Holder.invokeExact_MT(java.lang.Object, java.lang.Object, java.lang.Object, java.lang.Object)'> (0x00000000ebdf06b8) 
thrown [s\src\hotspot\share\interpreter\linkResolver.cpp, line 759]
Event: 1.408 Thread 0x0000024e2c5ce180 Exception <a 'java/io/FileNotFoundException'{0x00000000ec055fb8}> (0x00000000ec055fb8) 
thrown [s\src\hotspot\share\prims\jni.cpp, line 516]
Event: 1.449 Thread 0x0000024e2c5ce180 Exception <a 'java/lang/NoSuchMethodError'{0x00000000ec2e0548}: 'java.lang.Object java.lang.invoke.DirectMethodHandle$Holder.newInvokeSpecial(java.lang.Object, java.lang.Object, java.lang.Object, java.lang.Object, java.lang.Object)'> (0x00000000ec2e0548) 
thrown [s\src\hotspot\share\interpreter\linkResolver.cpp, line 759]
Event: 1.496 Thread 0x0000024e2c5ce180 Exception <a 'java/lang/NoSuchMethodError'{0x00000000ead42bf8}: 'java.lang.Object java.lang.invoke.DirectMethodHandle$Holder.invokeSpecial(java.lang.Object, java.lang.Object, java.lang.Object, long, java.lang.Object)'> (0x00000000ead42bf8) 
thrown [s\src\hotspot\share\interpreter\linkResolver.cpp, line 759]
Event: 1.497 Thread 0x0000024e2c5ce180 Exception <a 'java/lang/NoSuchMethodError'{0x00000000ead4adb0}: 'java.lang.Object java.lang.invoke.DirectMethodHandle$Holder.newInvokeSpecial(java.lang.Object, java.lang.Object, java.lang.Object, long)'> (0x00000000ead4adb0) 
thrown [s\src\hotspot\share\interpreter\linkResolver.cpp, line 759]
Event: 1.497 Thread 0x0000024e2c5ce180 Exception <a 'java/lang/NoSuchMethodError'{0x00000000ead4f350}: 'java.lang.Object java.lang.invoke.DirectMethodHandle$Holder.invokeSpecial(java.lang.Object, java.lang.Object, java.lang.Object, java.lang.Object, long)'> (0x00000000ead4f350) 
thrown [s\src\hotspot\share\interpreter\linkResolver.cpp, line 759]
Event: 1.497 Thread 0x0000024e2c5ce180 Exception <a 'java/lang/NoSuchMethodError'{0x00000000ead531c8}: 'java.lang.Object java.lang.invoke.Invokers$Holder.linkToTargetMethod(java.lang.Object, java.lang.Object, long, java.lang.Object)'> (0x00000000ead531c8) 
thrown [s\src\hotspot\share\interpreter\linkResolver.cpp, line 759]
Event: 1.503 Thread 0x0000024e2c5ce180 Exception <a 'java/lang/NoSuchMethodError'{0x00000000eadeadd8}: 'int java.lang.invoke.DirectMethodHandle$Holder.invokeStaticInit(java.lang.Object, java.lang.Object, java.lang.Object)'> (0x00000000eadeadd8) 
thrown [s\src\hotspot\share\interpreter\linkResolver.cpp, line 759]
Event: 1.507 Thread 0x0000024e2c5ce180 Exception <a 'java/lang/IncompatibleClassChangeError'{0x00000000eae52b08}: Found class java.lang.Object, but interface was expected> (0x00000000eae52b08) 
thrown [s\src\hotspot\share\interpreter\linkResolver.cpp, line 826]
Event: 1.512 Thread 0x0000024e2c5ce180 Exception <a 'java/lang/NoSuchMethodError'{0x00000000eae6c8e8}: 'java.lang.Object java.lang.invoke.DirectMethodHandle$Holder.invokeSpecial(java.lang.Object, java.lang.Object, java.lang.Object, int, java.lang.Object, java.lang.Object)'> (0x00000000eae6c8e8) 
thrown [s\src\hotspot\share\interpreter\linkResolver.cpp, line 759]
Event: 1.513 Thread 0x0000024e2c5ce180 Exception <a 'java/lang/NoSuchMethodError'{0x00000000eae752d0}: 'java.lang.Object java.lang.invoke.DirectMethodHandle$Holder.newInvokeSpecial(java.lang.Object, java.lang.Object, java.lang.Object, int, java.lang.Object)'> (0x00000000eae752d0) 
thrown [s\src\hotspot\share\interpreter\linkResolver.cpp, line 759]
Event: 1.513 Thread 0x0000024e2c5ce180 Exception <a 'java/lang/NoSuchMethodError'{0x00000000eae79728}: 'java.lang.Object java.lang.invoke.DirectMethodHandle$Holder.invokeSpecial(java.lang.Object, java.lang.Object, java.lang.Object, java.lang.Object, int, java.lang.Object)'> (0x00000000eae79728) 
thrown [s\src\hotspot\share\interpreter\linkResolver.cpp, line 759]
Event: 1.514 Thread 0x0000024e2c5cd760 Exception <a 'java/lang/NoSuchMethodError'{0x00000000eadc0700}: 'java.lang.Object java.lang.invoke.DirectMethodHandle$Holder.invokeSpecial(java.lang.Object, java.lang.Object, int, java.lang.Object, java.lang.Object)'> (0x00000000eadc0700) 
thrown [s\src\hotspot\share\interpreter\linkResolver.cpp, line 759]
Event: 1.514 Thread 0x0000024e2c5cd760 Exception <a 'java/lang/NoSuchMethodError'{0x00000000eadc7dd0}: 'java.lang.Object java.lang.invoke.DirectMethodHandle$Holder.newInvokeSpecial(java.lang.Object, java.lang.Object, int, java.lang.Object)'> (0x00000000eadc7dd0) 
thrown [s\src\hotspot\share\interpreter\linkResolver.cpp, line 759]
Event: 1.515 Thread 0x0000024e2c5cd760 Exception <a 'java/lang/NoSuchMethodError'{0x00000000eadcb8e0}: 'java.lang.Object java.lang.invoke.DirectMethodHandle$Holder.invokeSpecial(java.lang.Object, java.lang.Object, java.lang.Object, int, java.lang.Object)'> (0x00000000eadcb8e0) 
thrown [s\src\hotspot\share\interpreter\linkResolver.cpp, line 759]
Event: 1.798 Thread 0x0000024e2c5ce180 Exception <a 'java/lang/ClassNotFoundException'{0x00000000ec0ceac8}: com/sun/org/apache/xerces/internal/impl/msg/spi/DOMMessagesProvider> (0x00000000ec0ceac8) 
thrown [s\src\hotspot\share\classfile\systemDictionary.cpp, line 256]
Event: 1.801 Thread 0x0000024e2c5ce180 Exception <a 'java/lang/ClassNotFoundException'{0x00000000ec0faf00}: com/sun/org/apache/xerces/internal/impl/msg/spi/XMLSerializerMessagesProvider> (0x00000000ec0faf00) 
thrown [s\src\hotspot\share\classfile\systemDictionary.cpp, line 256]
Event: 1.802 Thread 0x0000024e2c5ce180 Exception <a 'java/lang/ClassNotFoundException'{0x00000000ec108188}: com/sun/org/apache/xerces/internal/impl/msg/spi/XMLMessagesProvider> (0x00000000ec108188) 
thrown [s\src\hotspot\share\classfile\systemDictionary.cpp, line 256]
Event: 1.812 Thread 0x0000024e2c5ce180 Exception <a 'java/lang/NoSuchMethodError'{0x00000000ec195d20}: 'void java.lang.invoke.DirectMethodHandle$Holder.invokeVirtual(java.lang.Object, java.lang.Object)'> (0x00000000ec195d20) 
thrown [s\src\hotspot\share\interpreter\linkResolver.cpp, line 759]

VM Operations (20 events):
Event: 1.075 Executing VM operation: HandshakeAllThreads
Event: 1.076 Executing VM operation: HandshakeAllThreads done
Event: 1.108 Executing VM operation: ParallelGCFailedAllocation
Event: 1.113 Executing VM operation: ParallelGCFailedAllocation done
Event: 1.282 Executing VM operation: HandshakeAllThreads
Event: 1.282 Executing VM operation: HandshakeAllThreads done
Event: 1.365 Executing VM operation: HandshakeAllThreads
Event: 1.365 Executing VM operation: HandshakeAllThreads done
Event: 1.463 Executing VM operation: ParallelGCFailedAllocation
Event: 1.467 Executing VM operation: ParallelGCFailedAllocation done
Event: 1.524 Executing VM operation: HandshakeAllThreads
Event: 1.524 Executing VM operation: HandshakeAllThreads done
Event: 1.534 Executing VM operation: CollectForMetadataAllocation
Event: 1.553 Executing VM operation: CollectForMetadataAllocation done
Event: 1.669 Executing VM operation: HandshakeAllThreads
Event: 1.669 Executing VM operation: HandshakeAllThreads done
Event: 1.683 Executing VM operation: ParallelGCFailedAllocation
Event: 1.684 Executing VM operation: ParallelGCFailedAllocation done
Event: 1.832 Executing VM operation: HandshakeAllThreads
Event: 1.832 Executing VM operation: HandshakeAllThreads done

Events (20 events):
Event: 1.824 loading class java/net/SocketAddress
Event: 1.824 loading class java/net/SocketAddress done
Event: 1.824 loading class java/net/InetSocketAddress
Event: 1.824 loading class java/net/InetSocketAddress done
Event: 1.824 loading class java/nio/channels/AsynchronousByteChannel
Event: 1.824 loading class java/nio/channels/AsynchronousChannel
Event: 1.824 loading class java/nio/channels/AsynchronousChannel done
Event: 1.824 loading class java/nio/channels/AsynchronousByteChannel done
Event: 1.831 loading class java/lang/ProcessEnvironment
Event: 1.831 loading class java/lang/ProcessEnvironment done
Event: 1.832 loading class java/lang/ProcessEnvironment$NameComparator
Event: 1.832 loading class java/lang/ProcessEnvironment$NameComparator done
Event: 1.832 loading class java/lang/ProcessEnvironment$EntryComparator
Event: 1.832 loading class java/lang/ProcessEnvironment$EntryComparator done
Event: 1.832 loading class java/lang/ProcessEnvironment$CheckedEntrySet
Event: 1.832 loading class java/lang/ProcessEnvironment$CheckedEntrySet done
Event: 1.832 loading class java/lang/ProcessEnvironment$CheckedEntrySet$1
Event: 1.833 loading class java/lang/ProcessEnvironment$CheckedEntrySet$1 done
Event: 1.833 loading class java/lang/ProcessEnvironment$CheckedEntry
Event: 1.833 loading class java/lang/ProcessEnvironment$CheckedEntry done


Dynamic libraries:
0x00007ff6f1f70000 - 0x00007ff6f1f7e000 	c:\Users\ADMIN\.vscode\extensions\redhat.java-1.24.0-win32-x64\jre\17.0.8.1-win32-x86_64\bin\java.exe
0x00007fff10210000 - 0x00007fff10408000 	C:\Windows\SYSTEM32\ntdll.dll
0x00007fff0ee40000 - 0x00007fff0eefd000 	C:\Windows\System32\KERNEL32.DLL
0x00007fff0da00000 - 0x00007fff0dcd2000 	C:\Windows\System32\KERNELBASE.dll
0x00007fff0df70000 - 0x00007fff0e070000 	C:\Windows\System32\ucrtbase.dll
0x00007ffefd570000 - 0x00007ffefd589000 	c:\Users\ADMIN\.vscode\extensions\redhat.java-1.24.0-win32-x64\jre\17.0.8.1-win32-x86_64\bin\VCRUNTIME140.dll
0x00007fff01630000 - 0x00007fff01647000 	c:\Users\ADMIN\.vscode\extensions\redhat.java-1.24.0-win32-x64\jre\17.0.8.1-win32-x86_64\bin\jli.dll
0x00007fff0f970000 - 0x00007fff0fb0d000 	C:\Windows\System32\USER32.dll
0x00007ffefbb10000 - 0x00007ffefbdaa000 	C:\Windows\WinSxS\amd64_microsoft.windows.common-controls_6595b64144ccf1df_6.0.19041.1110_none_60b5254171f9507e\COMCTL32.dll
0x00007fff0f180000 - 0x00007fff0f21e000 	C:\Windows\System32\msvcrt.dll
0x00007fff0d920000 - 0x00007fff0d942000 	C:\Windows\System32\win32u.dll
0x00007fff100c0000 - 0x00007fff100eb000 	C:\Windows\System32\GDI32.dll
0x00007fff0e130000 - 0x00007fff0e23f000 	C:\Windows\System32\gdi32full.dll
0x00007fff0ded0000 - 0x00007fff0df6d000 	C:\Windows\System32\msvcp_win.dll
0x00007fff0ec30000 - 0x00007fff0ec60000 	C:\Windows\System32\IMM32.DLL
0x00007fff01690000 - 0x00007fff0169c000 	c:\Users\ADMIN\.vscode\extensions\redhat.java-1.24.0-win32-x64\jre\17.0.8.1-win32-x86_64\bin\vcruntime140_1.dll
0x00007ffee5c10000 - 0x00007ffee5ca1000 	c:\Users\ADMIN\.vscode\extensions\redhat.java-1.24.0-win32-x64\jre\17.0.8.1-win32-x86_64\bin\msvcp140.dll
0x00007ffeb45e0000 - 0x00007ffeb522c000 	c:\Users\ADMIN\.vscode\extensions\redhat.java-1.24.0-win32-x64\jre\17.0.8.1-win32-x86_64\bin\server\jvm.dll
0x00007fff0fb80000 - 0x00007fff0fc2e000 	C:\Windows\System32\ADVAPI32.dll
0x00007fff0ef00000 - 0x00007fff0ef9c000 	C:\Windows\System32\sechost.dll
0x00007fff0e7a0000 - 0x00007fff0e8c5000 	C:\Windows\System32\RPCRT4.dll
0x00007fff036c0000 - 0x00007fff036e7000 	C:\Windows\SYSTEM32\WINMM.dll
0x00007ffefd500000 - 0x00007ffefd509000 	C:\Windows\SYSTEM32\WSOCK32.dll
0x00007fff05d30000 - 0x00007fff05d3a000 	C:\Windows\SYSTEM32\VERSION.dll
0x00007fff0d6e0000 - 0x00007fff0d72b000 	C:\Windows\SYSTEM32\POWRPROF.dll
0x00007fff0fb10000 - 0x00007fff0fb7b000 	C:\Windows\System32\WS2_32.dll
0x00007fff0d6c0000 - 0x00007fff0d6d2000 	C:\Windows\SYSTEM32\UMPDC.dll
0x00007fff0b7e0000 - 0x00007fff0b7f2000 	C:\Windows\SYSTEM32\kernel.appcore.dll
0x00007ffefd4f0000 - 0x00007ffefd4fa000 	c:\Users\ADMIN\.vscode\extensions\redhat.java-1.24.0-win32-x64\jre\17.0.8.1-win32-x86_64\bin\jimage.dll
0x00007fff03990000 - 0x00007fff03b74000 	C:\Windows\SYSTEM32\DBGHELP.DLL
0x00007ffefdb70000 - 0x00007ffefdb9c000 	C:\Windows\SYSTEM32\dbgcore.DLL
0x00007fff0dce0000 - 0x00007fff0dd62000 	C:\Windows\System32\bcryptPrimitives.dll
0x00007ffefd4e0000 - 0x00007ffefd4ee000 	c:\Users\ADMIN\.vscode\extensions\redhat.java-1.24.0-win32-x64\jre\17.0.8.1-win32-x86_64\bin\instrument.dll
0x00007ffef9810000 - 0x00007ffef9835000 	c:\Users\ADMIN\.vscode\extensions\redhat.java-1.24.0-win32-x64\jre\17.0.8.1-win32-x86_64\bin\java.dll
0x00007ffef7050000 - 0x00007ffef7068000 	c:\Users\ADMIN\.vscode\extensions\redhat.java-1.24.0-win32-x64\jre\17.0.8.1-win32-x86_64\bin\zip.dll
0x00007fff0f220000 - 0x00007fff0f963000 	C:\Windows\System32\SHELL32.dll
0x00007fff0b9e0000 - 0x00007fff0c171000 	C:\Windows\SYSTEM32\windows.storage.dll
0x00007fff0e8d0000 - 0x00007fff0ec24000 	C:\Windows\System32\combase.dll
0x00007fff0d310000 - 0x00007fff0d340000 	C:\Windows\SYSTEM32\Wldp.dll
0x00007fff0f0d0000 - 0x00007fff0f17d000 	C:\Windows\System32\SHCORE.dll
0x00007fff0ec60000 - 0x00007fff0ecb5000 	C:\Windows\System32\shlwapi.dll
0x00007fff0d860000 - 0x00007fff0d87f000 	C:\Windows\SYSTEM32\profapi.dll
0x00007ffeef790000 - 0x00007ffeef7a9000 	C:\Users\ADMIN\.vscode\extensions\redhat.java-1.24.0-win32-x64\jre\17.0.8.1-win32-x86_64\bin\net.dll
0x00007fff002d0000 - 0x00007fff003dd000 	C:\Windows\SYSTEM32\WINHTTP.dll
0x00007ffef7100000 - 0x00007ffef710b000 	C:\Program Files\Common Files\SocksEscort\escortdrv.dll
0x00007fff0fc90000 - 0x00007fff0fdba000 	C:\Windows\System32\ole32.dll
0x00007ffef70c0000 - 0x00007ffef70f2000 	C:\Program Files\Common Files\SocksEscort\escengine.dll
0x00007fff0d000000 - 0x00007fff0d06a000 	C:\Windows\system32\mswsock.dll
0x00007ffeef770000 - 0x00007ffeef785000 	C:\Users\ADMIN\.vscode\extensions\redhat.java-1.24.0-win32-x64\jre\17.0.8.1-win32-x86_64\bin\nio.dll
0x00007fff058e0000 - 0x00007fff058f0000 	c:\Users\ADMIN\.vscode\extensions\redhat.java-1.24.0-win32-x64\jre\17.0.8.1-win32-x86_64\bin\verify.dll
0x00007ffee6340000 - 0x00007ffee637e000 	C:\Users\ADMIN\AppData\Roaming\Code\User\globalStorage\redhat.java\1.24.0\config_ss_win\org.eclipse.equinox.launcher\org.eclipse.equinox.launcher.win32.win32.x86_64_1.2.700.v20221108-1024\eclipse_11801.dll

dbghelp: loaded successfully - version: 4.0.5 - missing functions: none
symbol engine: initialized successfully - sym options: 0x614 - pdb path: .;c:\Users\ADMIN\.vscode\extensions\redhat.java-1.24.0-win32-x64\jre\17.0.8.1-win32-x86_64\bin;C:\Windows\SYSTEM32;C:\Windows\WinSxS\amd64_microsoft.windows.common-controls_6595b64144ccf1df_6.0.19041.1110_none_60b5254171f9507e;c:\Users\ADMIN\.vscode\extensions\redhat.java-1.24.0-win32-x64\jre\17.0.8.1-win32-x86_64\bin\server;C:\Program Files\Common Files\SocksEscort;C:\Users\ADMIN\AppData\Roaming\Code\User\globalStorage\redhat.java\1.24.0\config_ss_win\org.eclipse.equinox.launcher\org.eclipse.equinox.launcher.win32.win32.x86_64_1.2.700.v20221108-1024

VM Arguments:
jvm_args: --add-modules=ALL-SYSTEM --add-opens=java.base/java.util=ALL-UNNAMED --add-opens=java.base/java.lang=ALL-UNNAMED --add-opens=java.base/sun.nio.fs=ALL-UNNAMED -Declipse.application=org.eclipse.jdt.ls.core.id1 -Dosgi.bundles.defaultStartLevel=4 -Declipse.product=org.eclipse.jdt.ls.core.product -Djava.import.generatesMetadataFilesAtProjectRoot=false -DDetectVMInstallationsJob.disabled=true -Dfile.encoding=utf8 -XX:+UseParallelGC -XX:GCTimeRatio=4 -XX:AdaptiveSizePolicyWeight=90 -Dsun.zip.disableMemoryMapping=true -Xmx1G -Xms100m -Xlog:disable -javaagent:c:\Users\ADMIN\.vscode\extensions\redhat.java-1.24.0-win32-x64\lombok\lombok-1.18.30.jar 
java_command: c:\Users\ADMIN\.vscode\extensions\redhat.java-1.24.0-win32-x64\server\plugins\org.eclipse.equinox.launcher_1.6.500.v20230717-2134.jar -configuration c:\Users\ADMIN\AppData\Roaming\Code\User\globalStorage\redhat.java\1.24.0\config_ss_win -data c:\Users\ADMIN\AppData\Roaming\Code\User\workspaceStorage\6cdb84a19000531febd1660c35a6afec\redhat.java\ss_ws --stdio
java_class_path (initial): c:\Users\ADMIN\.vscode\extensions\redhat.java-1.24.0-win32-x64\server\plugins\org.eclipse.equinox.launcher_1.6.500.v20230717-2134.jar
Launcher Type: SUN_STANDARD

[Global flags]
    uintx AdaptiveSizePolicyWeight                 = 90                                        {product} {command line}
     intx CICompilerCount                          = 4                                         {product} {ergonomic}
    uintx GCTimeRatio                              = 4                                         {product} {command line}
   size_t InitialHeapSize                          = 104857600                                 {product} {command line}
   size_t MaxHeapSize                              = 1073741824                                {product} {command line}
   size_t MaxNewSize                               = 357564416                                 {product} {ergonomic}
   size_t MinHeapDeltaBytes                        = 524288                                    {product} {ergonomic}
   size_t MinHeapSize                              = 104857600                                 {product} {command line}
   size_t NewSize                                  = 34603008                                  {product} {ergonomic}
    uintx NonNMethodCodeHeapSize                   = 5839372                                {pd product} {ergonomic}
    uintx NonProfiledCodeHeapSize                  = 122909434                              {pd product} {ergonomic}
   size_t OldSize                                  = 70254592                                  {product} {ergonomic}
    uintx ProfiledCodeHeapSize                     = 122909434                              {pd product} {ergonomic}
    uintx ReservedCodeCacheSize                    = 251658240                              {pd product} {ergonomic}
     bool SegmentedCodeCache                       = true                                      {product} {ergonomic}
   size_t SoftMaxHeapSize                          = 1073741824                             {manageable} {ergonomic}
     bool UseCompressedClassPointers               = true                           {product lp64_product} {ergonomic}
     bool UseCompressedOops                        = true                           {product lp64_product} {ergonomic}
     bool UseLargePagesIndividualAllocation        = false                                  {pd product} {ergonomic}
     bool UseParallelGC                            = true                                      {product} {command line}

Logging:
Log output configuration:
 #0: stdout all=off uptime,level,tags
 #1: stderr all=off uptime,level,tags

Environment Variables:
JAVA_HOME=C:\Program Files\Java\jdk-19
PATH=C:\Program Files\Common Files\Oracle\Java\javapath;C:\Windows\system32;C:\Windows;C:\Windows\System32\Wbem;C:\Windows\System32\WindowsPowerShell\v1.0\;C:\Windows\System32\OpenSSH\;C:\Program Files\Java\jdk-19\bin;C:\Program Files\Git\cmd;C:\MinGW\bin;C:\Users\ADMIN\AppData\Roaming\nvm;C:\Program Files\nodejs;C:\Users\ADMIN\AppData\Local\Android\Sdk\platform-tools;C:\Program Files\MySQL\MySQL Shell 8.0\bin\;C:\Users\ADMIN\AppData\Local\Microsoft\WindowsApps;C:\Users\ADMIN\AppData\Local\Programs\Microsoft VS Code\bin;C:\Users\ADMIN\AppData\Local\Programs\Python\Python311;C:\Users\ADMIN\AppData\Local\Programs\Python\Python311\Scripts;C:\Users\ADMIN\AppData\Roaming\npm;C:\Users\ADMIN\AppData\Local\Programs\EmEditor;C:\Users\ADMIN\AppData\Roaming\nvm;C:\Program Files\nodejs;
USERNAME=ADMIN
OS=Windows_NT
PROCESSOR_IDENTIFIER=AMD64 Family 23 Model 96 Stepping 1, AuthenticAMD
TMP=C:\Users\ADMIN\AppData\Local\Temp
TEMP=C:\Users\ADMIN\AppData\Local\Temp



---------------  S Y S T E M  ---------------

OS:
 Windows 10 , 64 bit Build 19041 (10.0.19041.1889)
OS uptime: 0 days 6:52 hours

CPU: total 12 (initial active 12) (12 cores per cpu, 2 threads per core) family 23 model 96 stepping 1 microcode 0x0, cx8, cmov, fxsr, ht, mmx, 3dnowpref, sse, sse2, sse3, ssse3, sse4a, sse4.1, sse4.2, popcnt, lzcnt, tsc, tscinvbit, avx, avx2, aes, clmul, bmi1, bmi2, adx, sha, fma, vzeroupper, clflush, clflushopt
Processor Information for all 12 processors :
  Max Mhz: 3000, Current Mhz: 3000, Mhz Limit: 3000

Memory: 4k page, system-wide physical 7579M (383M free)
TotalPageFile size 11675M (AvailPageFile size 5M)
current process WorkingSet (physical memory assigned to process): 131M, peak: 132M
current process commit charge ("private bytes"): 245M, peak: 247M

vm_info: OpenJDK 64-Bit Server VM (17.0.8.1+1) for windows-amd64 JRE (17.0.8.1+1), built on Aug 23 2023 15:29:17 by "admin" with MS VC++ 16.7 (VS2019)

END.
