#
# There is insufficient memory for the Java Runtime Environment to continue.
# Native memory allocation (malloc) failed to allocate 1928096 bytes for Chunk::new
# Possible reasons:
#   The system is out of physical RAM or swap space
#   The process is running with CompressedOops enabled, and the Java Heap may be blocking the growth of the native heap
# Possible solutions:
#   Reduce memory load on the system
#   Increase physical memory or swap space
#   Check if swap backing store is full
#   Decrease Java heap size (-Xmx/-Xms)
#   Decrease number of Java threads
#   Decrease Java thread stack sizes (-Xss)
#   Set larger code cache with -XX:ReservedCodeCacheSize=
#   JVM is running with Unscaled Compressed Oops mode in which the Java heap is
#     placed in the first 4GB address space. The Java Heap base address is the
#     maximum limit for the native heap growth. Please use -XX:HeapBaseMinAddress
#     to set the Java Heap base and to place the Java Heap above 4GB virtual address.
# This output file may be truncated or incomplete.
#
#  Out of Memory Error (arena.cpp:189), pid=16068, tid=4560
#
# JRE version: OpenJDK Runtime Environment Temurin-17.0.8.1+1 (17.0.8.1+1) (build 17.0.8.1+1)
# Java VM: OpenJDK 64-Bit Server VM Temurin-17.0.8.1+1 (17.0.8.1+1, mixed mode, tiered, compressed oops, compressed class ptrs, parallel gc, windows-amd64)
# No core dump will be written. Minidumps are not enabled by default on client versions of Windows
#

---------------  S U M M A R Y ------------

Command Line: --add-modules=ALL-SYSTEM --add-opens=java.base/java.util=ALL-UNNAMED --add-opens=java.base/java.lang=ALL-UNNAMED --add-opens=java.base/sun.nio.fs=ALL-UNNAMED -Declipse.application=org.eclipse.jdt.ls.core.id1 -Dosgi.bundles.defaultStartLevel=4 -Declipse.product=org.eclipse.jdt.ls.core.product -Djava.import.generatesMetadataFilesAtProjectRoot=false -DDetectVMInstallationsJob.disabled=true -Dfile.encoding=utf8 -XX:+UseParallelGC -XX:GCTimeRatio=4 -XX:AdaptiveSizePolicyWeight=90 -Dsun.zip.disableMemoryMapping=true -Xmx1G -Xms100m -Xlog:disable -javaagent:c:\Users\ADMIN\.vscode\extensions\redhat.java-1.24.0-win32-x64\lombok\lombok-1.18.30.jar -XX:+HeapDumpOnOutOfMemoryError -XX:HeapDumpPath=c:\Users\ADMIN\AppData\Roaming\Code\User\workspaceStorage\6cdb84a19000531febd1660c35a6afec\redhat.java -Daether.dependencyCollector.impl=bf c:\Users\ADMIN\.vscode\extensions\redhat.java-1.24.0-win32-x64\server\plugins\org.eclipse.equinox.launcher_1.6.500.v20230717-2134.jar -configuration c:\Users\ADMIN\AppData\Roaming\Code\User\globalStorage\redhat.java\1.24.0\config_win -data c:\Users\ADMIN\AppData\Roaming\Code\User\workspaceStorage\6cdb84a19000531febd1660c35a6afec\redhat.java\jdt_ws --stdio

Host: AMD Ryzen 5 4600H with Radeon Graphics         , 12 cores, 7G,  Windows 10 , 64 bit Build 19041 (10.0.19041.1889)
Time: Thu Nov 23 20:40:09 2023 SE Asia Standard Time elapsed time: 50.526855 seconds (0d 0h 0m 50s)

---------------  T H R E A D  ---------------

Current thread (0x0000023fd7f9d0f0):  JavaThread "C2 CompilerThread0" daemon [_thread_in_native, id=4560, stack(0x0000006b1fe00000,0x0000006b1ff00000)]


Current CompileTask:
C2:  50526 8513       4       java.io.ObjectInputStream::readClassDesc (121 bytes)

Stack: [0x0000006b1fe00000,0x0000006b1ff00000]
Native frames: (J=compiled Java code, j=interpreted, Vv=VM code, C=native code)
V  [jvm.dll+0x678b0a]
V  [jvm.dll+0x835e84]
V  [jvm.dll+0x83762e]
V  [jvm.dll+0x837c93]
V  [jvm.dll+0x24746f]
V  [jvm.dll+0xac20c]
V  [jvm.dll+0xac7dc]
V  [jvm.dll+0x365ca7]
V  [jvm.dll+0x3301a1]
V  [jvm.dll+0x32f64a]
V  [jvm.dll+0x219bf1]
V  [jvm.dll+0x219011]
V  [jvm.dll+0x1a534d]
V  [jvm.dll+0x228d8a]
V  [jvm.dll+0x226dcc]
V  [jvm.dll+0x7ec09b]
V  [jvm.dll+0x7e64ca]
V  [jvm.dll+0x677955]
C  [ucrtbase.dll+0x21bb2]
C  [KERNEL32.DLL+0x17034]
C  [ntdll.dll+0x526a1]


---------------  P R O C E S S  ---------------

Threads class SMR info:
_java_thread_list=0x0000023fdda17860, length=36, elements={
0x0000023fbed73670, 0x0000023fd2be9f00, 0x0000023fd2bec480, 0x0000023fbee29780,
0x0000023fbee2a600, 0x0000023fbee2c230, 0x0000023fd7f96670, 0x0000023fd7f9d0f0,
0x0000023fd7f9e290, 0x0000023fd7f9f470, 0x0000023fbedd7360, 0x0000023fd8272920,
0x0000023fda2e0ad0, 0x0000023fda479840, 0x0000023fda32b1a0, 0x0000023fda6cce80,
0x0000023fda239310, 0x0000023fda239820, 0x0000023fda23b170, 0x0000023fda23b680,
0x0000023fda239d30, 0x0000023fda23a240, 0x0000023fda23ac60, 0x0000023fda23c0a0,
0x0000023fdbe77a70, 0x0000023fdbe798d0, 0x0000023fdbe7ad10, 0x0000023fdbe78490,
0x0000023fdbe77f80, 0x0000023fdbe79de0, 0x0000023fdbe789a0, 0x0000023fda238e00,
0x0000023fdbe7a2f0, 0x0000023fdec750d0, 0x0000023fdec75af0, 0x0000023fdec77440
}

Java Threads: ( => current thread )
  0x0000023fbed73670 JavaThread "main" [_thread_blocked, id=11528, stack(0x0000006b1f500000,0x0000006b1f600000)]
  0x0000023fd2be9f00 JavaThread "Reference Handler" daemon [_thread_blocked, id=3908, stack(0x0000006b1f800000,0x0000006b1f900000)]
  0x0000023fd2bec480 JavaThread "Finalizer" daemon [_thread_blocked, id=12636, stack(0x0000006b1f900000,0x0000006b1fa00000)]
  0x0000023fbee29780 JavaThread "Signal Dispatcher" daemon [_thread_blocked, id=14736, stack(0x0000006b1fa00000,0x0000006b1fb00000)]
  0x0000023fbee2a600 JavaThread "Attach Listener" daemon [_thread_blocked, id=6208, stack(0x0000006b1fb00000,0x0000006b1fc00000)]
  0x0000023fbee2c230 JavaThread "Service Thread" daemon [_thread_blocked, id=10400, stack(0x0000006b1fc00000,0x0000006b1fd00000)]
  0x0000023fd7f96670 JavaThread "Monitor Deflation Thread" daemon [_thread_blocked, id=14552, stack(0x0000006b1fd00000,0x0000006b1fe00000)]
=>0x0000023fd7f9d0f0 JavaThread "C2 CompilerThread0" daemon [_thread_in_native, id=4560, stack(0x0000006b1fe00000,0x0000006b1ff00000)]
  0x0000023fd7f9e290 JavaThread "C1 CompilerThread0" daemon [_thread_blocked, id=6260, stack(0x0000006b1ff00000,0x0000006b20000000)]
  0x0000023fd7f9f470 JavaThread "Sweeper thread" daemon [_thread_blocked, id=12592, stack(0x0000006b20000000,0x0000006b20100000)]
  0x0000023fbedd7360 JavaThread "Common-Cleaner" daemon [_thread_blocked, id=7468, stack(0x0000006b20100000,0x0000006b20200000)]
  0x0000023fd8272920 JavaThread "Notification Thread" daemon [_thread_blocked, id=1816, stack(0x0000006b20300000,0x0000006b20400000)]
  0x0000023fda2e0ad0 JavaThread "Active Thread: Equinox Container: 3267d94f-e17e-4f39-bc7b-85469f888ff6" [_thread_blocked, id=5512, stack(0x0000006b20d00000,0x0000006b20e00000)]
  0x0000023fda479840 JavaThread "Framework Event Dispatcher: Equinox Container: 3267d94f-e17e-4f39-bc7b-85469f888ff6" daemon [_thread_blocked, id=15196, stack(0x0000006b20e00000,0x0000006b20f00000)]
  0x0000023fda32b1a0 JavaThread "Start Level: Equinox Container: 3267d94f-e17e-4f39-bc7b-85469f888ff6" daemon [_thread_blocked, id=14620, stack(0x0000006b20f00000,0x0000006b21000000)]
  0x0000023fda6cce80 JavaThread "Bundle File Closer" daemon [_thread_blocked, id=8808, stack(0x0000006b21100000,0x0000006b21200000)]
  0x0000023fda239310 JavaThread "SCR Component Actor" daemon [_thread_blocked, id=7112, stack(0x0000006b20b00000,0x0000006b20c00000)]
  0x0000023fda239820 JavaThread "Worker-JM" [_thread_blocked, id=10076, stack(0x0000006b21500000,0x0000006b21600000)]
  0x0000023fda23b170 JavaThread "Worker-0" [_thread_blocked, id=6312, stack(0x0000006b21600000,0x0000006b21700000)]
  0x0000023fda23b680 JavaThread "Worker-1" [_thread_blocked, id=8588, stack(0x0000006b21700000,0x0000006b21800000)]
  0x0000023fda239d30 JavaThread "Worker-2: Initialize Workspace" [_thread_in_native, id=8540, stack(0x0000006b21800000,0x0000006b21900000)]
  0x0000023fda23a240 JavaThread "Java indexing" daemon [_thread_blocked, id=14664, stack(0x0000006b21900000,0x0000006b21a00000)]
  0x0000023fda23ac60 JavaThread "JNA Cleaner" daemon [_thread_blocked, id=9984, stack(0x0000006b21b00000,0x0000006b21c00000)]
  0x0000023fda23c0a0 JavaThread "pool-2-thread-1" [_thread_blocked, id=2484, stack(0x0000006b21c00000,0x0000006b21d00000)]
  0x0000023fdbe77a70 JavaThread "WorkspaceEventsHandler" [_thread_blocked, id=1188, stack(0x0000006b21d00000,0x0000006b21e00000)]
  0x0000023fdbe798d0 JavaThread "pool-1-thread-1" [_thread_blocked, id=6688, stack(0x0000006b21e00000,0x0000006b21f00000)]
  0x0000023fdbe7ad10 JavaThread "Worker-3" [_thread_blocked, id=13128, stack(0x0000006b21f00000,0x0000006b22000000)]
  0x0000023fdbe78490 JavaThread "Timer-0" [_thread_blocked, id=4700, stack(0x0000006b22000000,0x0000006b22100000)]
  0x0000023fdbe77f80 JavaThread "Exec process" [_thread_blocked, id=10676, stack(0x0000006b22200000,0x0000006b22300000)]
  0x0000023fdbe79de0 JavaThread "Exec process Thread 2" [_thread_blocked, id=7444, stack(0x0000006b22300000,0x0000006b22400000)]
  0x0000023fdbe789a0 JavaThread "Exec process Thread 3" [_thread_blocked, id=9936, stack(0x0000006b22400000,0x0000006b22500000)]
  0x0000023fda238e00 JavaThread "Timer-1" [_thread_blocked, id=11724, stack(0x0000006b21300000,0x0000006b21400000)]
  0x0000023fdbe7a2f0 JavaThread "Timer-2" [_thread_blocked, id=10276, stack(0x0000006b22100000,0x0000006b22200000)]
  0x0000023fdec750d0 JavaThread "Timer-3" [_thread_blocked, id=9976, stack(0x0000006b21400000,0x0000006b21500000)]
  0x0000023fdec75af0 JavaThread "Timer-4" [_thread_blocked, id=15804, stack(0x0000006b21a00000,0x0000006b21b00000)]
  0x0000023fdec77440 JavaThread "Timer-5" [_thread_blocked, id=2240, stack(0x0000006b22600000,0x0000006b22700000)]

Other Threads:
  0x0000023fd2be99b0 VMThread "VM Thread" [stack: 0x0000006b1f700000,0x0000006b1f800000] [id=7924]
  0x0000023fd8272e00 WatcherThread [stack: 0x0000006b20400000,0x0000006b20500000] [id=14296]
  0x0000023fbed8aa70 GCTaskThread "GC Thread#0" [stack: 0x0000006b1f600000,0x0000006b1f700000] [id=4192]
  0x0000023fd9bcb7d0 GCTaskThread "GC Thread#1" [stack: 0x0000006b20500000,0x0000006b20600000] [id=5568]
  0x0000023fd8271d50 GCTaskThread "GC Thread#2" [stack: 0x0000006b20600000,0x0000006b20700000] [id=32]
  0x0000023fda29b880 GCTaskThread "GC Thread#3" [stack: 0x0000006b20700000,0x0000006b20800000] [id=6656]
  0x0000023fda29bb40 GCTaskThread "GC Thread#4" [stack: 0x0000006b20800000,0x0000006b20900000] [id=15652]
  0x0000023fd9f089e0 GCTaskThread "GC Thread#5" [stack: 0x0000006b20900000,0x0000006b20a00000] [id=14624]
  0x0000023fd9f0ccb0 GCTaskThread "GC Thread#6" [stack: 0x0000006b20a00000,0x0000006b20b00000] [id=7784]
  0x0000023fda7053f0 GCTaskThread "GC Thread#7" [stack: 0x0000006b21000000,0x0000006b21100000] [id=6440]
  0x0000023fda9b2950 GCTaskThread "GC Thread#8" [stack: 0x0000006b20c00000,0x0000006b20d00000] [id=14048]
  0x0000023fda94c820 GCTaskThread "GC Thread#9" [stack: 0x0000006b21200000,0x0000006b21300000] [id=8604]

Threads with active compile tasks:
C2 CompilerThread0    50554 8513       4       java.io.ObjectInputStream::readClassDesc (121 bytes)

VM state: not at safepoint (normal execution)

VM Mutex/Monitor currently owned by a thread: None

Heap address: 0x00000000c0000000, size: 1024 MB, Compressed Oops mode: 32-bit

CDS archive(s) not mapped
Compressed class space mapped at: 0x0000000100000000-0x0000000140000000, reserved size: 1073741824
Narrow klass base: 0x0000000000000000, Narrow klass shift: 3, Narrow klass range: 0x140000000

GC Precious Log:
 CPUs: 12 total, 12 available
 Memory: 7579M
 Large Page Support: Disabled
 NUMA Support: Disabled
 Compressed Oops: Enabled (32-bit)
 Alignments: Space 512K, Generation 512K, Heap 2M
 Heap Min Capacity: 100M
 Heap Initial Capacity: 100M
 Heap Max Capacity: 1G
 Pre-touch: Disabled
 Parallel Workers: 10

Heap:
 PSYoungGen      total 9216K, used 4838K [0x00000000eab00000, 0x00000000eb780000, 0x0000000100000000)
  eden space 7168K, 38% used [0x00000000eab00000,0x00000000eadb9b80,0x00000000eb200000)
  from space 2048K, 100% used [0x00000000eb480000,0x00000000eb680000,0x00000000eb680000)
  to   space 2560K, 0% used [0x00000000eb200000,0x00000000eb200000,0x00000000eb480000)
 ParOldGen       total 229888K, used 183914K [0x00000000c0000000, 0x00000000ce080000, 0x00000000eab00000)
  object space 229888K, 80% used [0x00000000c0000000,0x00000000cb39aaf8,0x00000000ce080000)
 Metaspace       used 70560K, committed 71744K, reserved 1114112K
  class space    used 8520K, committed 9088K, reserved 1048576K

Card table byte_map: [0x0000023fbe740000,0x0000023fbe950000] _byte_map_base: 0x0000023fbe140000

Marking Bits: (ParMarkBitMap*) 0x00007ffc53d583a0
 Begin Bits: [0x0000023fd09f0000, 0x0000023fd19f0000)
 End Bits:   [0x0000023fd19f0000, 0x0000023fd29f0000)

Polling page: 0x0000023fbe530000

Metaspace:

Usage:
  Non-class:     60.59 MB used.
      Class:      8.32 MB used.
       Both:     68.91 MB used.

Virtual space:
  Non-class space:       64.00 MB reserved,      61.19 MB ( 96%) committed,  1 nodes.
      Class space:        1.00 GB reserved,       8.88 MB ( <1%) committed,  1 nodes.
             Both:        1.06 GB reserved,      70.06 MB (  6%) committed. 

Chunk freelists:
   Non-Class:  2.77 MB
       Class:  7.04 MB
        Both:  9.80 MB

MaxMetaspaceSize: unlimited
CompressedClassSpaceSize: 1.00 GB
Initial GC threshold: 21.00 MB
Current GC threshold: 110.12 MB
CDS: off
MetaspaceReclaimPolicy: balanced
 - commit_granule_bytes: 65536.
 - commit_granule_words: 8192.
 - virtual_space_node_default_size: 8388608.
 - enlarge_chunks_in_place: 1.
 - new_chunks_are_fully_committed: 0.
 - uncommit_free_chunks: 1.
 - use_allocation_guard: 0.
 - handle_deallocations: 1.


Internal statistics:

num_allocs_failed_limit: 9.
num_arena_births: 742.
num_arena_deaths: 16.
num_vsnodes_births: 2.
num_vsnodes_deaths: 0.
num_space_committed: 1121.
num_space_uncommitted: 0.
num_chunks_returned_to_freelist: 25.
num_chunks_taken_from_freelist: 3448.
num_chunk_merges: 7.
num_chunk_splits: 2232.
num_chunks_enlarged: 1438.
num_inconsistent_stats: 0.

CodeHeap 'non-profiled nmethods': size=120000Kb used=6798Kb max_used=6798Kb free=113201Kb
 bounds [0x0000023fc94c0000, 0x0000023fc9b70000, 0x0000023fd09f0000]
CodeHeap 'profiled nmethods': size=120000Kb used=14128Kb max_used=14128Kb free=105871Kb
 bounds [0x0000023fc19f0000, 0x0000023fc27c0000, 0x0000023fc8f20000]
CodeHeap 'non-nmethods': size=5760Kb used=1325Kb max_used=1396Kb free=4434Kb
 bounds [0x0000023fc8f20000, 0x0000023fc9190000, 0x0000023fc94c0000]
 total_blobs=8017 nmethods=7356 adapters=575
 compilation: enabled
              stopped_count=0, restarted_count=0
 full_count=0

Compilation events (20 events):
Event: 50.334 Thread 0x0000023fd7f9e290 8771       1       org.eclipse.jdt.internal.core.JavaProject::getProject (5 bytes)
Event: 50.335 Thread 0x0000023fd7f9e290 nmethod 8771 0x0000023fc9b62f90 code [0x0000023fc9b63120, 0x0000023fc9b631f8]
Event: 50.336 Thread 0x0000023fd7f9e290 8772       2       org.eclipse.jdt.internal.core.JavaModelManager::isExternalFile (24 bytes)
Event: 50.336 Thread 0x0000023fd7f9e290 nmethod 8772 0x0000023fc27ba210 code [0x0000023fc27ba3c0, 0x0000023fc27ba528]
Event: 50.337 Thread 0x0000023fd7f9e290 8773       1       org.eclipse.core.internal.resources.WorkspaceRoot::getLocation (5 bytes)
Event: 50.337 Thread 0x0000023fd7f9e290 nmethod 8773 0x0000023fc9b63290 code [0x0000023fc9b63420, 0x0000023fc9b634f8]
Event: 50.338 Thread 0x0000023fd7f9e290 8774       1       org.eclipse.jdt.internal.core.ClasspathEntry::getSourceAttachmentPath (5 bytes)
Event: 50.338 Thread 0x0000023fd7f9e290 nmethod 8774 0x0000023fc9b63590 code [0x0000023fc9b63720, 0x0000023fc9b637f8]
Event: 50.339 Thread 0x0000023fd7f9e290 8775       1       org.eclipse.jdt.internal.core.ClasspathEntry::getAccessRuleSet (5 bytes)
Event: 50.339 Thread 0x0000023fd7f9e290 nmethod 8775 0x0000023fc9b63890 code [0x0000023fc9b63a20, 0x0000023fc9b63af8]
Event: 50.339 Thread 0x0000023fd7f9e290 8776       2       org.eclipse.jdt.internal.core.ExternalFoldersManager::isExternalFolderPath (152 bytes)
Event: 50.340 Thread 0x0000023fd7f9e290 nmethod 8776 0x0000023fc27ba610 code [0x0000023fc27ba8a0, 0x0000023fc27bb108]
Event: 50.340 Thread 0x0000023fd7f9e290 8777       2       sun.nio.fs.WindowsFileAttributes::isRegularFile (27 bytes)
Event: 50.340 Thread 0x0000023fd7f9e290 nmethod 8777 0x0000023fc27bb510 code [0x0000023fc27bb6a0, 0x0000023fc27bb898]
Event: 50.340 Thread 0x0000023fd7f9e290 8778       2       sun.nio.fs.WindowsFileAttributes::isOther (26 bytes)
Event: 50.341 Thread 0x0000023fd7f9e290 nmethod 8778 0x0000023fc27bb990 code [0x0000023fc27bbb20, 0x0000023fc27bbc98]
Event: 50.342 Thread 0x0000023fd7f9e290 8779       2       org.eclipse.core.runtime.jobs.Job::getRule (5 bytes)
Event: 50.342 Thread 0x0000023fd7f9e290 nmethod 8779 0x0000023fc27bbd10 code [0x0000023fc27bbea0, 0x0000023fc27bbfb8]
Event: 50.347 Thread 0x0000023fd7f9e290 8780       2       org.eclipse.core.runtime.SubMonitor::convert (83 bytes)
Event: 50.348 Thread 0x0000023fd7f9e290 nmethod 8780 0x0000023fc27bc090 code [0x0000023fc27bc2a0, 0x0000023fc27bc8f8]

GC Heap History (20 events):
Event: 49.166 GC heap before
{Heap before GC invocations=366 (full 14):
 PSYoungGen      total 8192K, used 7840K [0x00000000eab00000, 0x00000000eb680000, 0x0000000100000000)
  eden space 7680K, 100% used [0x00000000eab00000,0x00000000eb280000,0x00000000eb280000)
  from space 512K, 31% used [0x00000000eb600000,0x00000000eb628000,0x00000000eb680000)
  to   space 512K, 0% used [0x00000000eb580000,0x00000000eb580000,0x00000000eb600000)
 ParOldGen       total 229888K, used 181954K [0x00000000c0000000, 0x00000000ce080000, 0x00000000eab00000)
  object space 229888K, 79% used [0x00000000c0000000,0x00000000cb1b0a20,0x00000000ce080000)
 Metaspace       used 68818K, committed 69888K, reserved 1114112K
  class space    used 8280K, committed 8768K, reserved 1048576K
}
Event: 49.167 GC heap after
{Heap after GC invocations=366 (full 14):
 PSYoungGen      total 8192K, used 128K [0x00000000eab00000, 0x00000000eb680000, 0x0000000100000000)
  eden space 7680K, 0% used [0x00000000eab00000,0x00000000eab00000,0x00000000eb280000)
  from space 512K, 25% used [0x00000000eb580000,0x00000000eb5a0000,0x00000000eb600000)
  to   space 512K, 0% used [0x00000000eb600000,0x00000000eb600000,0x00000000eb680000)
 ParOldGen       total 229888K, used 181954K [0x00000000c0000000, 0x00000000ce080000, 0x00000000eab00000)
  object space 229888K, 79% used [0x00000000c0000000,0x00000000cb1b0a20,0x00000000ce080000)
 Metaspace       used 68818K, committed 69888K, reserved 1114112K
  class space    used 8280K, committed 8768K, reserved 1048576K
}
Event: 49.201 GC heap before
{Heap before GC invocations=367 (full 14):
 PSYoungGen      total 8192K, used 7808K [0x00000000eab00000, 0x00000000eb680000, 0x0000000100000000)
  eden space 7680K, 100% used [0x00000000eab00000,0x00000000eb280000,0x00000000eb280000)
  from space 512K, 25% used [0x00000000eb580000,0x00000000eb5a0000,0x00000000eb600000)
  to   space 512K, 0% used [0x00000000eb600000,0x00000000eb600000,0x00000000eb680000)
 ParOldGen       total 229888K, used 181954K [0x00000000c0000000, 0x00000000ce080000, 0x00000000eab00000)
  object space 229888K, 79% used [0x00000000c0000000,0x00000000cb1b0a20,0x00000000ce080000)
 Metaspace       used 68818K, committed 69888K, reserved 1114112K
  class space    used 8280K, committed 8768K, reserved 1048576K
}
Event: 49.202 GC heap after
{Heap after GC invocations=367 (full 14):
 PSYoungGen      total 8192K, used 128K [0x00000000eab00000, 0x00000000eb680000, 0x0000000100000000)
  eden space 7680K, 0% used [0x00000000eab00000,0x00000000eab00000,0x00000000eb280000)
  from space 512K, 25% used [0x00000000eb600000,0x00000000eb620000,0x00000000eb680000)
  to   space 512K, 0% used [0x00000000eb580000,0x00000000eb580000,0x00000000eb600000)
 ParOldGen       total 229888K, used 181954K [0x00000000c0000000, 0x00000000ce080000, 0x00000000eab00000)
  object space 229888K, 79% used [0x00000000c0000000,0x00000000cb1b0a20,0x00000000ce080000)
 Metaspace       used 68818K, committed 69888K, reserved 1114112K
  class space    used 8280K, committed 8768K, reserved 1048576K
}
Event: 49.226 GC heap before
{Heap before GC invocations=368 (full 14):
 PSYoungGen      total 8192K, used 7808K [0x00000000eab00000, 0x00000000eb680000, 0x0000000100000000)
  eden space 7680K, 100% used [0x00000000eab00000,0x00000000eb280000,0x00000000eb280000)
  from space 512K, 25% used [0x00000000eb600000,0x00000000eb620000,0x00000000eb680000)
  to   space 512K, 0% used [0x00000000eb580000,0x00000000eb580000,0x00000000eb600000)
 ParOldGen       total 229888K, used 181954K [0x00000000c0000000, 0x00000000ce080000, 0x00000000eab00000)
  object space 229888K, 79% used [0x00000000c0000000,0x00000000cb1b0a20,0x00000000ce080000)
 Metaspace       used 68818K, committed 69888K, reserved 1114112K
  class space    used 8280K, committed 8768K, reserved 1048576K
}
Event: 49.227 GC heap after
{Heap after GC invocations=368 (full 14):
 PSYoungGen      total 8192K, used 128K [0x00000000eab00000, 0x00000000eb680000, 0x0000000100000000)
  eden space 7680K, 0% used [0x00000000eab00000,0x00000000eab00000,0x00000000eb280000)
  from space 512K, 25% used [0x00000000eb580000,0x00000000eb5a0000,0x00000000eb600000)
  to   space 512K, 0% used [0x00000000eb600000,0x00000000eb600000,0x00000000eb680000)
 ParOldGen       total 229888K, used 181954K [0x00000000c0000000, 0x00000000ce080000, 0x00000000eab00000)
  object space 229888K, 79% used [0x00000000c0000000,0x00000000cb1b0a20,0x00000000ce080000)
 Metaspace       used 68818K, committed 69888K, reserved 1114112K
  class space    used 8280K, committed 8768K, reserved 1048576K
}
Event: 49.334 GC heap before
{Heap before GC invocations=369 (full 14):
 PSYoungGen      total 8192K, used 7808K [0x00000000eab00000, 0x00000000eb680000, 0x0000000100000000)
  eden space 7680K, 100% used [0x00000000eab00000,0x00000000eb280000,0x00000000eb280000)
  from space 512K, 25% used [0x00000000eb580000,0x00000000eb5a0000,0x00000000eb600000)
  to   space 512K, 0% used [0x00000000eb600000,0x00000000eb600000,0x00000000eb680000)
 ParOldGen       total 229888K, used 181954K [0x00000000c0000000, 0x00000000ce080000, 0x00000000eab00000)
  object space 229888K, 79% used [0x00000000c0000000,0x00000000cb1b0a20,0x00000000ce080000)
 Metaspace       used 68818K, committed 69888K, reserved 1114112K
  class space    used 8280K, committed 8768K, reserved 1048576K
}
Event: 49.335 GC heap after
{Heap after GC invocations=369 (full 14):
 PSYoungGen      total 8192K, used 192K [0x00000000eab00000, 0x00000000eb680000, 0x0000000100000000)
  eden space 7680K, 0% used [0x00000000eab00000,0x00000000eab00000,0x00000000eb280000)
  from space 512K, 37% used [0x00000000eb600000,0x00000000eb630000,0x00000000eb680000)
  to   space 512K, 0% used [0x00000000eb580000,0x00000000eb580000,0x00000000eb600000)
 ParOldGen       total 229888K, used 181954K [0x00000000c0000000, 0x00000000ce080000, 0x00000000eab00000)
  object space 229888K, 79% used [0x00000000c0000000,0x00000000cb1b0a20,0x00000000ce080000)
 Metaspace       used 68818K, committed 69888K, reserved 1114112K
  class space    used 8280K, committed 8768K, reserved 1048576K
}
Event: 49.693 GC heap before
{Heap before GC invocations=370 (full 14):
 PSYoungGen      total 8192K, used 7866K [0x00000000eab00000, 0x00000000eb680000, 0x0000000100000000)
  eden space 7680K, 99% used [0x00000000eab00000,0x00000000eb27ebb8,0x00000000eb280000)
  from space 512K, 37% used [0x00000000eb600000,0x00000000eb630000,0x00000000eb680000)
  to   space 512K, 0% used [0x00000000eb580000,0x00000000eb580000,0x00000000eb600000)
 ParOldGen       total 229888K, used 181954K [0x00000000c0000000, 0x00000000ce080000, 0x00000000eab00000)
  object space 229888K, 79% used [0x00000000c0000000,0x00000000cb1b0a20,0x00000000ce080000)
 Metaspace       used 68960K, committed 70016K, reserved 1114112K
  class space    used 8301K, committed 8832K, reserved 1048576K
}
Event: 49.695 GC heap after
{Heap after GC invocations=370 (full 14):
 PSYoungGen      total 8192K, used 496K [0x00000000eab00000, 0x00000000eb680000, 0x0000000100000000)
  eden space 7680K, 0% used [0x00000000eab00000,0x00000000eab00000,0x00000000eb280000)
  from space 512K, 96% used [0x00000000eb580000,0x00000000eb5fc010,0x00000000eb600000)
  to   space 512K, 0% used [0x00000000eb600000,0x00000000eb600000,0x00000000eb680000)
 ParOldGen       total 229888K, used 182921K [0x00000000c0000000, 0x00000000ce080000, 0x00000000eab00000)
  object space 229888K, 79% used [0x00000000c0000000,0x00000000cb2a26b8,0x00000000ce080000)
 Metaspace       used 68960K, committed 70016K, reserved 1114112K
  class space    used 8301K, committed 8832K, reserved 1048576K
}
Event: 49.858 GC heap before
{Heap before GC invocations=371 (full 14):
 PSYoungGen      total 8192K, used 8176K [0x00000000eab00000, 0x00000000eb680000, 0x0000000100000000)
  eden space 7680K, 100% used [0x00000000eab00000,0x00000000eb280000,0x00000000eb280000)
  from space 512K, 96% used [0x00000000eb580000,0x00000000eb5fc010,0x00000000eb600000)
  to   space 512K, 0% used [0x00000000eb600000,0x00000000eb600000,0x00000000eb680000)
 ParOldGen       total 229888K, used 182921K [0x00000000c0000000, 0x00000000ce080000, 0x00000000eab00000)
  object space 229888K, 79% used [0x00000000c0000000,0x00000000cb2a26b8,0x00000000ce080000)
 Metaspace       used 69332K, committed 70464K, reserved 1114112K
  class space    used 8354K, committed 8896K, reserved 1048576K
}
Event: 49.860 GC heap after
{Heap after GC invocations=371 (full 14):
 PSYoungGen      total 8192K, used 496K [0x00000000eab00000, 0x00000000eb680000, 0x0000000100000000)
  eden space 7680K, 0% used [0x00000000eab00000,0x00000000eab00000,0x00000000eb280000)
  from space 512K, 96% used [0x00000000eb600000,0x00000000eb67c010,0x00000000eb680000)
  to   space 1536K, 0% used [0x00000000eb380000,0x00000000eb380000,0x00000000eb500000)
 ParOldGen       total 229888K, used 183540K [0x00000000c0000000, 0x00000000ce080000, 0x00000000eab00000)
  object space 229888K, 79% used [0x00000000c0000000,0x00000000cb33d2c8,0x00000000ce080000)
 Metaspace       used 69332K, committed 70464K, reserved 1114112K
  class space    used 8354K, committed 8896K, reserved 1048576K
}
Event: 49.970 GC heap before
{Heap before GC invocations=372 (full 14):
 PSYoungGen      total 8192K, used 8176K [0x00000000eab00000, 0x00000000eb680000, 0x0000000100000000)
  eden space 7680K, 100% used [0x00000000eab00000,0x00000000eb280000,0x00000000eb280000)
  from space 512K, 96% used [0x00000000eb600000,0x00000000eb67c010,0x00000000eb680000)
  to   space 1536K, 0% used [0x00000000eb380000,0x00000000eb380000,0x00000000eb500000)
 ParOldGen       total 229888K, used 183540K [0x00000000c0000000, 0x00000000ce080000, 0x00000000eab00000)
  object space 229888K, 79% used [0x00000000c0000000,0x00000000cb33d2c8,0x00000000ce080000)
 Metaspace       used 69899K, committed 71040K, reserved 1114112K
  class space    used 8432K, committed 8960K, reserved 1048576K
}
Event: 49.973 GC heap after
{Heap after GC invocations=372 (full 14):
 PSYoungGen      total 9216K, used 1536K [0x00000000eab00000, 0x00000000eb680000, 0x0000000100000000)
  eden space 7680K, 0% used [0x00000000eab00000,0x00000000eab00000,0x00000000eb280000)
  from space 1536K, 100% used [0x00000000eb380000,0x00000000eb500000,0x00000000eb500000)
  to   space 1536K, 0% used [0x00000000eb500000,0x00000000eb500000,0x00000000eb680000)
 ParOldGen       total 229888K, used 183754K [0x00000000c0000000, 0x00000000ce080000, 0x00000000eab00000)
  object space 229888K, 79% used [0x00000000c0000000,0x00000000cb372af8,0x00000000ce080000)
 Metaspace       used 69899K, committed 71040K, reserved 1114112K
  class space    used 8432K, committed 8960K, reserved 1048576K
}
Event: 50.124 GC heap before
{Heap before GC invocations=373 (full 14):
 PSYoungGen      total 9216K, used 9216K [0x00000000eab00000, 0x00000000eb680000, 0x0000000100000000)
  eden space 7680K, 100% used [0x00000000eab00000,0x00000000eb280000,0x00000000eb280000)
  from space 1536K, 100% used [0x00000000eb380000,0x00000000eb500000,0x00000000eb500000)
  to   space 1536K, 0% used [0x00000000eb500000,0x00000000eb500000,0x00000000eb680000)
 ParOldGen       total 229888K, used 183754K [0x00000000c0000000, 0x00000000ce080000, 0x00000000eab00000)
  object space 229888K, 79% used [0x00000000c0000000,0x00000000cb372af8,0x00000000ce080000)
 Metaspace       used 70060K, committed 71232K, reserved 1114112K
  class space    used 8458K, committed 9024K, reserved 1048576K
}
Event: 50.127 GC heap after
{Heap after GC invocations=373 (full 14):
 PSYoungGen      total 9216K, used 1536K [0x00000000eab00000, 0x00000000eb680000, 0x0000000100000000)
  eden space 7680K, 0% used [0x00000000eab00000,0x00000000eab00000,0x00000000eb280000)
  from space 1536K, 100% used [0x00000000eb500000,0x00000000eb680000,0x00000000eb680000)
  to   space 2048K, 0% used [0x00000000eb280000,0x00000000eb280000,0x00000000eb480000)
 ParOldGen       total 229888K, used 183826K [0x00000000c0000000, 0x00000000ce080000, 0x00000000eab00000)
  object space 229888K, 79% used [0x00000000c0000000,0x00000000cb384af8,0x00000000ce080000)
 Metaspace       used 70060K, committed 71232K, reserved 1114112K
  class space    used 8458K, committed 9024K, reserved 1048576K
}
Event: 50.304 GC heap before
{Heap before GC invocations=374 (full 14):
 PSYoungGen      total 9216K, used 9216K [0x00000000eab00000, 0x00000000eb680000, 0x0000000100000000)
  eden space 7680K, 100% used [0x00000000eab00000,0x00000000eb280000,0x00000000eb280000)
  from space 1536K, 100% used [0x00000000eb500000,0x00000000eb680000,0x00000000eb680000)
  to   space 2048K, 0% used [0x00000000eb280000,0x00000000eb280000,0x00000000eb480000)
 ParOldGen       total 229888K, used 183826K [0x00000000c0000000, 0x00000000ce080000, 0x00000000eab00000)
  object space 229888K, 79% used [0x00000000c0000000,0x00000000cb384af8,0x00000000ce080000)
 Metaspace       used 70473K, committed 71552K, reserved 1114112K
  class space    used 8509K, committed 9024K, reserved 1048576K
}
Event: 50.307 GC heap after
{Heap after GC invocations=374 (full 14):
 PSYoungGen      total 9728K, used 1792K [0x00000000eab00000, 0x00000000eb680000, 0x0000000100000000)
  eden space 7680K, 0% used [0x00000000eab00000,0x00000000eab00000,0x00000000eb280000)
  from space 2048K, 87% used [0x00000000eb280000,0x00000000eb440000,0x00000000eb480000)
  to   space 2048K, 0% used [0x00000000eb480000,0x00000000eb480000,0x00000000eb680000)
 ParOldGen       total 229888K, used 183834K [0x00000000c0000000, 0x00000000ce080000, 0x00000000eab00000)
  object space 229888K, 79% used [0x00000000c0000000,0x00000000cb386af8,0x00000000ce080000)
 Metaspace       used 70473K, committed 71552K, reserved 1114112K
  class space    used 8509K, committed 9024K, reserved 1048576K
}
Event: 50.484 GC heap before
{Heap before GC invocations=375 (full 14):
 PSYoungGen      total 9728K, used 9472K [0x00000000eab00000, 0x00000000eb680000, 0x0000000100000000)
  eden space 7680K, 100% used [0x00000000eab00000,0x00000000eb280000,0x00000000eb280000)
  from space 2048K, 87% used [0x00000000eb280000,0x00000000eb440000,0x00000000eb480000)
  to   space 2048K, 0% used [0x00000000eb480000,0x00000000eb480000,0x00000000eb680000)
 ParOldGen       total 229888K, used 183834K [0x00000000c0000000, 0x00000000ce080000, 0x00000000eab00000)
  object space 229888K, 79% used [0x00000000c0000000,0x00000000cb386af8,0x00000000ce080000)
 Metaspace       used 70560K, committed 71744K, reserved 1114112K
  class space    used 8520K, committed 9088K, reserved 1048576K
}
Event: 50.487 GC heap after
{Heap after GC invocations=375 (full 14):
 PSYoungGen      total 9216K, used 2048K [0x00000000eab00000, 0x00000000eb780000, 0x0000000100000000)
  eden space 7168K, 0% used [0x00000000eab00000,0x00000000eab00000,0x00000000eb200000)
  from space 2048K, 100% used [0x00000000eb480000,0x00000000eb680000,0x00000000eb680000)
  to   space 2560K, 0% used [0x00000000eb200000,0x00000000eb200000,0x00000000eb480000)
 ParOldGen       total 229888K, used 183914K [0x00000000c0000000, 0x00000000ce080000, 0x00000000eab00000)
  object space 229888K, 80% used [0x00000000c0000000,0x00000000cb39aaf8,0x00000000ce080000)
 Metaspace       used 70560K, committed 71744K, reserved 1114112K
  class space    used 8520K, committed 9088K, reserved 1048576K
}

Dll operation events (14 events):
Event: 0.007 Loaded shared library c:\Users\ADMIN\.vscode\extensions\redhat.java-1.24.0-win32-x64\jre\17.0.8.1-win32-x86_64\bin\java.dll
Event: 0.165 Loaded shared library c:\Users\ADMIN\.vscode\extensions\redhat.java-1.24.0-win32-x64\jre\17.0.8.1-win32-x86_64\bin\zip.dll
Event: 0.168 Loaded shared library C:\Users\ADMIN\.vscode\extensions\redhat.java-1.24.0-win32-x64\jre\17.0.8.1-win32-x86_64\bin\instrument.dll
Event: 0.180 Loaded shared library C:\Users\ADMIN\.vscode\extensions\redhat.java-1.24.0-win32-x64\jre\17.0.8.1-win32-x86_64\bin\net.dll
Event: 0.431 Loaded shared library C:\Users\ADMIN\.vscode\extensions\redhat.java-1.24.0-win32-x64\jre\17.0.8.1-win32-x86_64\bin\nio.dll
Event: 0.440 Loaded shared library C:\Users\ADMIN\.vscode\extensions\redhat.java-1.24.0-win32-x64\jre\17.0.8.1-win32-x86_64\bin\zip.dll
Event: 0.471 Loaded shared library C:\Users\ADMIN\.vscode\extensions\redhat.java-1.24.0-win32-x64\jre\17.0.8.1-win32-x86_64\bin\jimage.dll
Event: 0.578 Loaded shared library c:\Users\ADMIN\.vscode\extensions\redhat.java-1.24.0-win32-x64\jre\17.0.8.1-win32-x86_64\bin\verify.dll
Event: 1.913 Loaded shared library C:\Users\ADMIN\AppData\Roaming\Code\User\globalStorage\redhat.java\1.24.0\config_win\org.eclipse.equinox.launcher\org.eclipse.equinox.launcher.win32.win32.x86_64_1.2.700.v20221108-1024\eclipse_11801.dll
Event: 3.232 Loaded shared library C:\Users\ADMIN\.vscode\extensions\redhat.java-1.24.0-win32-x64\jre\17.0.8.1-win32-x86_64\bin\management.dll
Event: 3.236 Loaded shared library C:\Users\ADMIN\.vscode\extensions\redhat.java-1.24.0-win32-x64\jre\17.0.8.1-win32-x86_64\bin\management_ext.dll
Event: 4.237 Loaded shared library C:\Users\ADMIN\AppData\Local\Temp\jna-62130991\jna5059154578402705223.dll
Event: 7.356 Loaded shared library C:\Users\ADMIN\.gradle\native\68d5fa5c4cc2d200863cafc0d521ce42e7d3e7ee720ec0a83991735586a16f82\windows-amd64\native-platform.dll
Event: 18.286 Loaded shared library C:\Users\ADMIN\.vscode\extensions\redhat.java-1.24.0-win32-x64\jre\17.0.8.1-win32-x86_64\bin\sunmscapi.dll

Deoptimization events (20 events):
Event: 50.378 Thread 0x0000023fda239d30 DEOPT PACKING pc=0x0000023fc270bbfc sp=0x0000006b218fdcb0
Event: 50.378 Thread 0x0000023fda239d30 DEOPT UNPACKING pc=0x0000023fc8f76e43 sp=0x0000006b218fd230 mode 0
Event: 50.399 Thread 0x0000023fda239d30 DEOPT PACKING pc=0x0000023fc270bbfc sp=0x0000006b218fd9a0
Event: 50.399 Thread 0x0000023fda239d30 DEOPT UNPACKING pc=0x0000023fc8f76e43 sp=0x0000006b218fcf20 mode 0
Event: 50.417 Thread 0x0000023fda239d30 DEOPT PACKING pc=0x0000023fc270bbfc sp=0x0000006b218fdcb0
Event: 50.417 Thread 0x0000023fda239d30 DEOPT UNPACKING pc=0x0000023fc8f76e43 sp=0x0000006b218fd230 mode 0
Event: 50.433 Thread 0x0000023fda239d30 DEOPT PACKING pc=0x0000023fc270bbfc sp=0x0000006b218fdcb0
Event: 50.433 Thread 0x0000023fda239d30 DEOPT UNPACKING pc=0x0000023fc8f76e43 sp=0x0000006b218fd230 mode 0
Event: 50.448 Thread 0x0000023fda239d30 DEOPT PACKING pc=0x0000023fc270bbfc sp=0x0000006b218fdcb0
Event: 50.448 Thread 0x0000023fda239d30 DEOPT UNPACKING pc=0x0000023fc8f76e43 sp=0x0000006b218fd230 mode 0
Event: 50.462 Thread 0x0000023fda239d30 DEOPT PACKING pc=0x0000023fc270bbfc sp=0x0000006b218fdcb0
Event: 50.462 Thread 0x0000023fda239d30 DEOPT UNPACKING pc=0x0000023fc8f76e43 sp=0x0000006b218fd230 mode 0
Event: 50.479 Thread 0x0000023fda239d30 DEOPT PACKING pc=0x0000023fc270bbfc sp=0x0000006b218fd9a0
Event: 50.479 Thread 0x0000023fda239d30 DEOPT UNPACKING pc=0x0000023fc8f76e43 sp=0x0000006b218fcf20 mode 0
Event: 50.503 Thread 0x0000023fda239d30 DEOPT PACKING pc=0x0000023fc270bbfc sp=0x0000006b218fdcb0
Event: 50.503 Thread 0x0000023fda239d30 DEOPT UNPACKING pc=0x0000023fc8f76e43 sp=0x0000006b218fd230 mode 0
Event: 50.508 Thread 0x0000023fda239d30 Uncommon trap: trap_request=0xffffffde fr.pc=0x0000023fc9592dcc relative=0x0000000000000c4c
Event: 50.508 Thread 0x0000023fda239d30 Uncommon trap: reason=class_check action=maybe_recompile pc=0x0000023fc9592dcc method=org.eclipse.core.internal.dtree.DeltaDataTree.getChildNodes(Lorg/eclipse/core/runtime/IPath;)[Lorg/eclipse/core/internal/dtree/AbstractDataTreeNode; @ 68 c2
Event: 50.508 Thread 0x0000023fda239d30 DEOPT PACKING pc=0x0000023fc9592dcc sp=0x0000006b218fde40
Event: 50.508 Thread 0x0000023fda239d30 DEOPT UNPACKING pc=0x0000023fc8f766a3 sp=0x0000006b218fde00 mode 2

Classes unloaded (8 events):
Event: 3.252 Thread 0x0000023fd2be99b0 Unloading class 0x0000000100250000 'java/lang/invoke/LambdaForm$MH+0x0000000100250000'
Event: 3.252 Thread 0x0000023fd2be99b0 Unloading class 0x000000010024fc00 'java/lang/invoke/LambdaForm$MH+0x000000010024fc00'
Event: 3.252 Thread 0x0000023fd2be99b0 Unloading class 0x000000010024f800 'java/lang/invoke/LambdaForm$MH+0x000000010024f800'
Event: 3.252 Thread 0x0000023fd2be99b0 Unloading class 0x000000010024f400 'java/lang/invoke/LambdaForm$MH+0x000000010024f400'
Event: 3.252 Thread 0x0000023fd2be99b0 Unloading class 0x000000010024f000 'java/lang/invoke/LambdaForm$BMH+0x000000010024f000'
Event: 3.252 Thread 0x0000023fd2be99b0 Unloading class 0x000000010024ec00 'java/lang/invoke/LambdaForm$DMH+0x000000010024ec00'
Event: 3.252 Thread 0x0000023fd2be99b0 Unloading class 0x000000010024c000 'java/lang/invoke/LambdaForm$DMH+0x000000010024c000'
Event: 8.371 Thread 0x0000023fd2be99b0 Unloading class 0x00000001005a4400 'java/lang/invoke/LambdaForm$DMH+0x00000001005a4400'

Classes redefined (0 events):
No events

Internal exceptions (20 events):
Event: 50.028 Thread 0x0000023fda239d30 Implicit null exception at 0x0000023fc99b8e48 to 0x0000023fc99b8e9b
Event: 50.029 Thread 0x0000023fda239d30 Exception <a 'sun/nio/fs/WindowsException'{0x00000000ead4c008}> (0x00000000ead4c008) 
thrown [s\src\hotspot\share\prims\jni.cpp, line 516]
Event: 50.032 Thread 0x0000023fda239d30 Exception <a 'sun/nio/fs/WindowsException'{0x00000000ead57f60}> (0x00000000ead57f60) 
thrown [s\src\hotspot\share\prims\jni.cpp, line 516]
Event: 50.033 Thread 0x0000023fda239d30 Exception <a 'sun/nio/fs/WindowsException'{0x00000000ead5a9c0}> (0x00000000ead5a9c0) 
thrown [s\src\hotspot\share\prims\jni.cpp, line 516]
Event: 50.035 Thread 0x0000023fda239d30 Exception <a 'sun/nio/fs/WindowsException'{0x00000000ead65f28}> (0x00000000ead65f28) 
thrown [s\src\hotspot\share\prims\jni.cpp, line 516]
Event: 50.038 Thread 0x0000023fda239d30 Exception <a 'sun/nio/fs/WindowsException'{0x00000000ead74318}> (0x00000000ead74318) 
thrown [s\src\hotspot\share\prims\jni.cpp, line 516]
Event: 50.144 Thread 0x0000023fda239d30 Exception <a 'sun/nio/fs/WindowsException'{0x00000000eac71ab8}> (0x00000000eac71ab8) 
thrown [s\src\hotspot\share\prims\jni.cpp, line 516]
Event: 50.145 Thread 0x0000023fda239d30 Exception <a 'sun/nio/fs/WindowsException'{0x00000000eac78188}> (0x00000000eac78188) 
thrown [s\src\hotspot\share\prims\jni.cpp, line 516]
Event: 50.146 Thread 0x0000023fda239d30 Exception <a 'sun/nio/fs/WindowsException'{0x00000000eac7dd98}> (0x00000000eac7dd98) 
thrown [s\src\hotspot\share\prims\jni.cpp, line 516]
Event: 50.148 Thread 0x0000023fda239d30 Exception <a 'sun/nio/fs/WindowsException'{0x00000000eac83cc0}> (0x00000000eac83cc0) 
thrown [s\src\hotspot\share\prims\jni.cpp, line 516]
Event: 50.150 Thread 0x0000023fda239d30 Exception <a 'sun/nio/fs/WindowsException'{0x00000000eac90018}> (0x00000000eac90018) 
thrown [s\src\hotspot\share\prims\jni.cpp, line 516]
Event: 50.161 Thread 0x0000023fda239d30 Exception <a 'sun/nio/fs/WindowsException'{0x00000000eace1408}> (0x00000000eace1408) 
thrown [s\src\hotspot\share\prims\jni.cpp, line 516]
Event: 50.189 Thread 0x0000023fda239d30 Exception <a 'sun/nio/fs/WindowsException'{0x00000000eadd4578}> (0x00000000eadd4578) 
thrown [s\src\hotspot\share\prims\jni.cpp, line 516]
Event: 50.225 Thread 0x0000023fda239d30 Exception <a 'java/io/FileNotFoundException'{0x00000000eaff0090}> (0x00000000eaff0090) 
thrown [s\src\hotspot\share\prims\jni.cpp, line 516]
Event: 50.227 Thread 0x0000023fda239d30 Exception <a 'java/io/FileNotFoundException'{0x00000000eaff5a38}> (0x00000000eaff5a38) 
thrown [s\src\hotspot\share\prims\jni.cpp, line 516]
Event: 50.228 Thread 0x0000023fda239d30 Exception <a 'sun/nio/fs/WindowsException'{0x00000000eaffce60}> (0x00000000eaffce60) 
thrown [s\src\hotspot\share\prims\jni.cpp, line 516]
Event: 50.273 Thread 0x0000023fda239d30 Exception <a 'sun/nio/fs/WindowsException'{0x00000000eb180f28}> (0x00000000eb180f28) 
thrown [s\src\hotspot\share\prims\jni.cpp, line 516]
Event: 50.274 Thread 0x0000023fda239d30 Exception <a 'sun/nio/fs/WindowsException'{0x00000000eb187880}> (0x00000000eb187880) 
thrown [s\src\hotspot\share\prims\jni.cpp, line 516]
Event: 50.284 Thread 0x0000023fda239d30 Exception <a 'sun/nio/fs/WindowsException'{0x00000000eb1d01d8}> (0x00000000eb1d01d8) 
thrown [s\src\hotspot\share\prims\jni.cpp, line 516]
Event: 50.294 Thread 0x0000023fda239d30 Exception <a 'sun/nio/fs/WindowsException'{0x00000000eb210640}> (0x00000000eb210640) 
thrown [s\src\hotspot\share\prims\jni.cpp, line 516]

VM Operations (20 events):
Event: 49.334 Executing VM operation: ParallelGCFailedAllocation
Event: 49.335 Executing VM operation: ParallelGCFailedAllocation done
Event: 49.627 Executing VM operation: HandshakeAllThreads
Event: 49.627 Executing VM operation: HandshakeAllThreads done
Event: 49.629 Executing VM operation: HandshakeAllThreads
Event: 49.629 Executing VM operation: HandshakeAllThreads done
Event: 49.693 Executing VM operation: ParallelGCFailedAllocation
Event: 49.695 Executing VM operation: ParallelGCFailedAllocation done
Event: 49.858 Executing VM operation: ParallelGCFailedAllocation
Event: 49.860 Executing VM operation: ParallelGCFailedAllocation done
Event: 49.970 Executing VM operation: ParallelGCFailedAllocation
Event: 49.973 Executing VM operation: ParallelGCFailedAllocation done
Event: 50.026 Executing VM operation: HandshakeAllThreads
Event: 50.026 Executing VM operation: HandshakeAllThreads done
Event: 50.124 Executing VM operation: ParallelGCFailedAllocation
Event: 50.127 Executing VM operation: ParallelGCFailedAllocation done
Event: 50.304 Executing VM operation: ParallelGCFailedAllocation
Event: 50.307 Executing VM operation: ParallelGCFailedAllocation done
Event: 50.484 Executing VM operation: ParallelGCFailedAllocation
Event: 50.487 Executing VM operation: ParallelGCFailedAllocation done

Events (20 events):
Event: 31.105 loading class java/time/Ser done
Event: 42.955 loading class jdk/internal/misc/ScopedMemoryAccess$Scope$Handle
Event: 42.956 loading class jdk/internal/misc/ScopedMemoryAccess$Scope$Handle done
Event: 49.611 loading class java/util/HashMap$UnsafeHolder
Event: 49.611 loading class java/util/HashMap$UnsafeHolder done
Event: 49.631 loading class java/io/ObjectInputStream$Caches
Event: 49.631 loading class java/io/ObjectInputStream$Caches done
Event: 49.631 loading class java/io/ObjectInputStream$Caches$1
Event: 49.631 loading class java/io/ObjectInputStream$Caches$1 done
Event: 49.907 Thread 0x0000023fdec70f00 Thread exited: 0x0000023fdec70f00
Event: 49.911 Thread 0x0000023fdec75af0 Thread exited: 0x0000023fdec75af0
Event: 49.912 Thread 0x0000023fdec77440 Thread exited: 0x0000023fdec77440
Event: 49.918 loading class sun/reflect/generics/tree/IntSignature
Event: 49.918 loading class sun/reflect/generics/tree/IntSignature done
Event: 49.983 Thread 0x0000023fdec75af0 Thread added: 0x0000023fdec75af0
Event: 49.985 Thread 0x0000023fdec72850 Thread added: 0x0000023fdec72850
Event: 50.005 Thread 0x0000023fdec72850 Thread exited: 0x0000023fdec72850
Event: 50.008 Thread 0x0000023fdec77440 Thread added: 0x0000023fdec77440
Event: 50.009 Thread 0x0000023fdec77950 Thread added: 0x0000023fdec77950
Event: 50.023 Thread 0x0000023fdec77950 Thread exited: 0x0000023fdec77950


Dynamic libraries:
0x00007ff748e70000 - 0x00007ff748e7e000 	c:\Users\ADMIN\.vscode\extensions\redhat.java-1.24.0-win32-x64\jre\17.0.8.1-win32-x86_64\bin\java.exe
0x00007ffcae690000 - 0x00007ffcae888000 	C:\Windows\SYSTEM32\ntdll.dll
0x00007ffcad680000 - 0x00007ffcad73d000 	C:\Windows\System32\KERNEL32.DLL
0x00007ffcac210000 - 0x00007ffcac4e2000 	C:\Windows\System32\KERNELBASE.dll
0x00007ffcabf80000 - 0x00007ffcac080000 	C:\Windows\System32\ucrtbase.dll
0x00007ffc95a80000 - 0x00007ffc95a97000 	c:\Users\ADMIN\.vscode\extensions\redhat.java-1.24.0-win32-x64\jre\17.0.8.1-win32-x86_64\bin\jli.dll
0x00007ffcad750000 - 0x00007ffcad8ed000 	C:\Windows\System32\USER32.dll
0x00007ffcac1e0000 - 0x00007ffcac202000 	C:\Windows\System32\win32u.dll
0x00007ffcaca60000 - 0x00007ffcaca8b000 	C:\Windows\System32\GDI32.dll
0x00007ffcac4f0000 - 0x00007ffcac5ff000 	C:\Windows\System32\gdi32full.dll
0x00007ffcac650000 - 0x00007ffcac6ed000 	C:\Windows\System32\msvcp_win.dll
0x00007ffc9a880000 - 0x00007ffc9ab1a000 	C:\Windows\WinSxS\amd64_microsoft.windows.common-controls_6595b64144ccf1df_6.0.19041.1110_none_60b5254171f9507e\COMCTL32.dll
0x00007ffcad4c0000 - 0x00007ffcad55e000 	C:\Windows\System32\msvcrt.dll
0x00007ffc94d40000 - 0x00007ffc94d59000 	c:\Users\ADMIN\.vscode\extensions\redhat.java-1.24.0-win32-x64\jre\17.0.8.1-win32-x86_64\bin\VCRUNTIME140.dll
0x00007ffcad490000 - 0x00007ffcad4c0000 	C:\Windows\System32\IMM32.DLL
0x00007ffc9a7b0000 - 0x00007ffc9a7bc000 	c:\Users\ADMIN\.vscode\extensions\redhat.java-1.24.0-win32-x64\jre\17.0.8.1-win32-x86_64\bin\vcruntime140_1.dll
0x00007ffc6d460000 - 0x00007ffc6d4f1000 	c:\Users\ADMIN\.vscode\extensions\redhat.java-1.24.0-win32-x64\jre\17.0.8.1-win32-x86_64\bin\msvcp140.dll
0x00007ffc531d0000 - 0x00007ffc53e1c000 	c:\Users\ADMIN\.vscode\extensions\redhat.java-1.24.0-win32-x64\jre\17.0.8.1-win32-x86_64\bin\server\jvm.dll
0x00007ffcac8a0000 - 0x00007ffcac94e000 	C:\Windows\System32\ADVAPI32.dll
0x00007ffcac950000 - 0x00007ffcac9ec000 	C:\Windows\System32\sechost.dll
0x00007ffcad8f0000 - 0x00007ffcada15000 	C:\Windows\System32\RPCRT4.dll
0x00007ffcabb00000 - 0x00007ffcabb4b000 	C:\Windows\SYSTEM32\POWRPROF.dll
0x00007ffca2d10000 - 0x00007ffca2d37000 	C:\Windows\SYSTEM32\WINMM.dll
0x00007ffc9a760000 - 0x00007ffc9a769000 	C:\Windows\SYSTEM32\WSOCK32.dll
0x00007ffca2d40000 - 0x00007ffca2d4a000 	C:\Windows\SYSTEM32\VERSION.dll
0x00007ffcad310000 - 0x00007ffcad37b000 	C:\Windows\System32\WS2_32.dll
0x00007ffcab940000 - 0x00007ffcab952000 	C:\Windows\SYSTEM32\UMPDC.dll
0x00007ffca9c60000 - 0x00007ffca9c72000 	C:\Windows\SYSTEM32\kernel.appcore.dll
0x00007ffc9a4c0000 - 0x00007ffc9a4ca000 	c:\Users\ADMIN\.vscode\extensions\redhat.java-1.24.0-win32-x64\jre\17.0.8.1-win32-x86_64\bin\jimage.dll
0x00007ffca1ba0000 - 0x00007ffca1d84000 	C:\Windows\SYSTEM32\DBGHELP.DLL
0x00007ffc9c610000 - 0x00007ffc9c63c000 	C:\Windows\SYSTEM32\dbgcore.DLL
0x00007ffcabef0000 - 0x00007ffcabf72000 	C:\Windows\System32\bcryptPrimitives.dll
0x00007ffc98580000 - 0x00007ffc9858e000 	c:\Users\ADMIN\.vscode\extensions\redhat.java-1.24.0-win32-x64\jre\17.0.8.1-win32-x86_64\bin\instrument.dll
0x00007ffc94870000 - 0x00007ffc94895000 	c:\Users\ADMIN\.vscode\extensions\redhat.java-1.24.0-win32-x64\jre\17.0.8.1-win32-x86_64\bin\java.dll
0x00007ffc93630000 - 0x00007ffc93648000 	c:\Users\ADMIN\.vscode\extensions\redhat.java-1.24.0-win32-x64\jre\17.0.8.1-win32-x86_64\bin\zip.dll
0x00007ffcacb40000 - 0x00007ffcad283000 	C:\Windows\System32\SHELL32.dll
0x00007ffca9e60000 - 0x00007ffcaa5f1000 	C:\Windows\SYSTEM32\windows.storage.dll
0x00007ffcae2f0000 - 0x00007ffcae644000 	C:\Windows\System32\combase.dll
0x00007ffcab790000 - 0x00007ffcab7c0000 	C:\Windows\SYSTEM32\Wldp.dll
0x00007ffcad380000 - 0x00007ffcad42d000 	C:\Windows\System32\SHCORE.dll
0x00007ffcadc40000 - 0x00007ffcadc95000 	C:\Windows\System32\shlwapi.dll
0x00007ffcabce0000 - 0x00007ffcabcff000 	C:\Windows\SYSTEM32\profapi.dll
0x00007ffc9a560000 - 0x00007ffc9a579000 	C:\Users\ADMIN\.vscode\extensions\redhat.java-1.24.0-win32-x64\jre\17.0.8.1-win32-x86_64\bin\net.dll
0x00007ffca5600000 - 0x00007ffca570d000 	C:\Windows\SYSTEM32\WINHTTP.dll
0x00007ffc8e950000 - 0x00007ffc8e95b000 	C:\Program Files\Common Files\SocksEscort\escortdrv.dll
0x00007ffcadab0000 - 0x00007ffcadbda000 	C:\Windows\System32\ole32.dll
0x00007ffc8e910000 - 0x00007ffc8e942000 	C:\Program Files\Common Files\SocksEscort\escengine.dll
0x00007ffcab480000 - 0x00007ffcab4ea000 	C:\Windows\system32\mswsock.dll
0x00007ffc9a540000 - 0x00007ffc9a555000 	C:\Users\ADMIN\.vscode\extensions\redhat.java-1.24.0-win32-x64\jre\17.0.8.1-win32-x86_64\bin\nio.dll
0x00007ffc96780000 - 0x00007ffc96790000 	c:\Users\ADMIN\.vscode\extensions\redhat.java-1.24.0-win32-x64\jre\17.0.8.1-win32-x86_64\bin\verify.dll
0x00007ffc8b2c0000 - 0x00007ffc8b2fe000 	C:\Users\ADMIN\AppData\Roaming\Code\User\globalStorage\redhat.java\1.24.0\config_win\org.eclipse.equinox.launcher\org.eclipse.equinox.launcher.win32.win32.x86_64_1.2.700.v20221108-1024\eclipse_11801.dll
0x00007ffc95c50000 - 0x00007ffc95c59000 	C:\Users\ADMIN\.vscode\extensions\redhat.java-1.24.0-win32-x64\jre\17.0.8.1-win32-x86_64\bin\management.dll
0x00007ffc95000000 - 0x00007ffc9500b000 	C:\Users\ADMIN\.vscode\extensions\redhat.java-1.24.0-win32-x64\jre\17.0.8.1-win32-x86_64\bin\management_ext.dll
0x00007ffcac9f0000 - 0x00007ffcac9f8000 	C:\Windows\System32\PSAPI.DLL
0x00007ffcab670000 - 0x00007ffcab688000 	C:\Windows\SYSTEM32\CRYPTSP.dll
0x00007ffcaada0000 - 0x00007ffcaadd4000 	C:\Windows\system32\rsaenh.dll
0x00007ffcabec0000 - 0x00007ffcabee7000 	C:\Windows\System32\bcrypt.dll
0x00007ffcabc60000 - 0x00007ffcabc8e000 	C:\Windows\SYSTEM32\USERENV.dll
0x00007ffcab690000 - 0x00007ffcab69c000 	C:\Windows\SYSTEM32\CRYPTBASE.dll
0x00007ffcab170000 - 0x00007ffcab1ab000 	C:\Windows\SYSTEM32\IPHLPAPI.DLL
0x00007ffcad740000 - 0x00007ffcad748000 	C:\Windows\System32\NSI.dll
0x00007ffca3e30000 - 0x00007ffca3e47000 	C:\Windows\SYSTEM32\dhcpcsvc6.DLL
0x00007ffca3e50000 - 0x00007ffca3e6d000 	C:\Windows\SYSTEM32\dhcpcsvc.DLL
0x00007ffcab1b0000 - 0x00007ffcab27a000 	C:\Windows\SYSTEM32\DNSAPI.dll
0x00007ffc52570000 - 0x00007ffc525b5000 	C:\Users\ADMIN\AppData\Local\Temp\jna-62130991\jna5059154578402705223.dll
0x00007ffc86e60000 - 0x00007ffc86e87000 	C:\Users\ADMIN\.gradle\native\68d5fa5c4cc2d200863cafc0d521ce42e7d3e7ee720ec0a83991735586a16f82\windows-amd64\native-platform.dll
0x00007ffc8dbb0000 - 0x00007ffc8dbbe000 	C:\Users\ADMIN\.vscode\extensions\redhat.java-1.24.0-win32-x64\jre\17.0.8.1-win32-x86_64\bin\sunmscapi.dll
0x00007ffcab800000 - 0x00007ffcab827000 	C:\Windows\SYSTEM32\ncrypt.dll
0x0000023fde330000 - 0x0000023fde486000 	C:\Windows\System32\CRYPT32.dll
0x00007ffcab7c0000 - 0x00007ffcab7fb000 	C:\Windows\SYSTEM32\NTASN1.dll
0x00007ffc8af50000 - 0x00007ffc8af57000 	C:\Windows\system32\wshunix.dll

dbghelp: loaded successfully - version: 4.0.5 - missing functions: none
symbol engine: initialized successfully - sym options: 0x614 - pdb path: .;c:\Users\ADMIN\.vscode\extensions\redhat.java-1.24.0-win32-x64\jre\17.0.8.1-win32-x86_64\bin;C:\Windows\SYSTEM32;C:\Windows\WinSxS\amd64_microsoft.windows.common-controls_6595b64144ccf1df_6.0.19041.1110_none_60b5254171f9507e;c:\Users\ADMIN\.vscode\extensions\redhat.java-1.24.0-win32-x64\jre\17.0.8.1-win32-x86_64\bin\server;C:\Program Files\Common Files\SocksEscort;C:\Users\ADMIN\AppData\Roaming\Code\User\globalStorage\redhat.java\1.24.0\config_win\org.eclipse.equinox.launcher\org.eclipse.equinox.launcher.win32.win32.x86_64_1.2.700.v20221108-1024;C:\Users\ADMIN\AppData\Local\Temp\jna-62130991;C:\Users\ADMIN\.gradle\native\68d5fa5c4cc2d200863cafc0d521ce42e7d3e7ee720ec0a83991735586a16f82\windows-amd64

VM Arguments:
jvm_args: --add-modules=ALL-SYSTEM --add-opens=java.base/java.util=ALL-UNNAMED --add-opens=java.base/java.lang=ALL-UNNAMED --add-opens=java.base/sun.nio.fs=ALL-UNNAMED -Declipse.application=org.eclipse.jdt.ls.core.id1 -Dosgi.bundles.defaultStartLevel=4 -Declipse.product=org.eclipse.jdt.ls.core.product -Djava.import.generatesMetadataFilesAtProjectRoot=false -DDetectVMInstallationsJob.disabled=true -Dfile.encoding=utf8 -XX:+UseParallelGC -XX:GCTimeRatio=4 -XX:AdaptiveSizePolicyWeight=90 -Dsun.zip.disableMemoryMapping=true -Xmx1G -Xms100m -Xlog:disable -javaagent:c:\Users\ADMIN\.vscode\extensions\redhat.java-1.24.0-win32-x64\lombok\lombok-1.18.30.jar -XX:+HeapDumpOnOutOfMemoryError -XX:HeapDumpPath=c:\Users\ADMIN\AppData\Roaming\Code\User\workspaceStorage\6cdb84a19000531febd1660c35a6afec\redhat.java -Daether.dependencyCollector.impl=bf 
java_command: c:\Users\ADMIN\.vscode\extensions\redhat.java-1.24.0-win32-x64\server\plugins\org.eclipse.equinox.launcher_1.6.500.v20230717-2134.jar -configuration c:\Users\ADMIN\AppData\Roaming\Code\User\globalStorage\redhat.java\1.24.0\config_win -data c:\Users\ADMIN\AppData\Roaming\Code\User\workspaceStorage\6cdb84a19000531febd1660c35a6afec\redhat.java\jdt_ws --stdio
java_class_path (initial): c:\Users\ADMIN\.vscode\extensions\redhat.java-1.24.0-win32-x64\server\plugins\org.eclipse.equinox.launcher_1.6.500.v20230717-2134.jar
Launcher Type: SUN_STANDARD

[Global flags]
    uintx AdaptiveSizePolicyWeight                 = 90                                        {product} {command line}
     intx CICompilerCount                          = 4                                         {product} {ergonomic}
    uintx GCTimeRatio                              = 4                                         {product} {command line}
     bool HeapDumpOnOutOfMemoryError               = true                                   {manageable} {command line}
    ccstr HeapDumpPath                             = c:\Users\ADMIN\AppData\Roaming\Code\User\workspaceStorage\6cdb84a19000531febd1660c35a6afec\redhat.java         {manageable} {command line}
   size_t InitialHeapSize                          = 104857600                                 {product} {command line}
   size_t MaxHeapSize                              = 1073741824                                {product} {command line}
   size_t MaxNewSize                               = 357564416                                 {product} {ergonomic}
   size_t MinHeapDeltaBytes                        = 524288                                    {product} {ergonomic}
   size_t MinHeapSize                              = 104857600                                 {product} {command line}
   size_t NewSize                                  = 34603008                                  {product} {ergonomic}
    uintx NonNMethodCodeHeapSize                   = 5839372                                {pd product} {ergonomic}
    uintx NonProfiledCodeHeapSize                  = 122909434                              {pd product} {ergonomic}
   size_t OldSize                                  = 70254592                                  {product} {ergonomic}
    uintx ProfiledCodeHeapSize                     = 122909434                              {pd product} {ergonomic}
    uintx ReservedCodeCacheSize                    = 251658240                              {pd product} {ergonomic}
     bool SegmentedCodeCache                       = true                                      {product} {ergonomic}
   size_t SoftMaxHeapSize                          = 1073741824                             {manageable} {ergonomic}
     bool UseCompressedClassPointers               = true                           {product lp64_product} {ergonomic}
     bool UseCompressedOops                        = true                           {product lp64_product} {ergonomic}
     bool UseLargePagesIndividualAllocation        = false                                  {pd product} {ergonomic}
     bool UseParallelGC                            = true                                      {product} {command line}

Logging:
Log output configuration:
 #0: stdout all=off uptime,level,tags
 #1: stderr all=off uptime,level,tags

Environment Variables:
JAVA_HOME=C:\Program Files\Java\jdk-19
PATH=C:\Program Files\Common Files\Oracle\Java\javapath;C:\Windows\system32;C:\Windows;C:\Windows\System32\Wbem;C:\Windows\System32\WindowsPowerShell\v1.0\;C:\Windows\System32\OpenSSH\;C:\Program Files\Java\jdk-19\bin;C:\Program Files\Git\cmd;C:\Program Files\PuTTY\;C:\MinGW\bin;C:\Users\ADMIN\AppData\Roaming\nvm;C:\Program Files\nodejs;C:\Users\ADMIN\AppData\Local\Android\Sdk\platform-tools;C:\Program Files\MySQL\MySQL Shell 8.0\bin\;C:\Users\ADMIN\AppData\Local\Microsoft\WindowsApps;C:\Users\ADMIN\AppData\Local\Programs\Microsoft VS Code\bin;C:\Users\ADMIN\AppData\Local\Programs\Python\Python311;C:\Users\ADMIN\AppData\Local\Programs\Python\Python311\Scripts;C:\Users\ADMIN\AppData\Roaming\npm;C:\Users\ADMIN\AppData\Local\Programs\EmEditor;C:\Users\ADMIN\AppData\Roaming\nvm;C:\Program Files\nodejs;
USERNAME=ADMIN
OS=Windows_NT
PROCESSOR_IDENTIFIER=AMD64 Family 23 Model 96 Stepping 1, AuthenticAMD
TMP=C:\Users\ADMIN\AppData\Local\Temp
TEMP=C:\Users\ADMIN\AppData\Local\Temp



---------------  S Y S T E M  ---------------

OS:
 Windows 10 , 64 bit Build 19041 (10.0.19041.1889)
OS uptime: 0 days 10:15 hours

CPU: total 12 (initial active 12) (12 cores per cpu, 2 threads per core) family 23 model 96 stepping 1 microcode 0x0, cx8, cmov, fxsr, ht, mmx, 3dnowpref, sse, sse2, sse3, ssse3, sse4a, sse4.1, sse4.2, popcnt, lzcnt, tsc, tscinvbit, avx, avx2, aes, clmul, bmi1, bmi2, adx, sha, fma, vzeroupper, clflush, clflushopt
Processor Information for processor 0
  Max Mhz: 3000, Current Mhz: 3000, Mhz Limit: 3000
Processor Information for processor 1
  Max Mhz: 3000, Current Mhz: 3000, Mhz Limit: 3000
Processor Information for processor 2
  Max Mhz: 3000, Current Mhz: 3000, Mhz Limit: 3000
Processor Information for processor 3
  Max Mhz: 3000, Current Mhz: 3000, Mhz Limit: 3000
Processor Information for processor 4
  Max Mhz: 3000, Current Mhz: 3000, Mhz Limit: 3000
Processor Information for processor 5
  Max Mhz: 3000, Current Mhz: 3000, Mhz Limit: 3000
Processor Information for processor 6
  Max Mhz: 3000, Current Mhz: 3000, Mhz Limit: 3000
Processor Information for processor 7
  Max Mhz: 3000, Current Mhz: 3000, Mhz Limit: 3000
Processor Information for processor 8
  Max Mhz: 3000, Current Mhz: 3000, Mhz Limit: 3000
Processor Information for processor 9
  Max Mhz: 3000, Current Mhz: 3000, Mhz Limit: 3000
Processor Information for processor 10
  Max Mhz: 3000, Current Mhz: 1400, Mhz Limit: 3000
Processor Information for processor 11
  Max Mhz: 3000, Current Mhz: 1400, Mhz Limit: 3000

Memory: 4k page, system-wide physical 7579M (287M free)
TotalPageFile size 11675M (AvailPageFile size 3M)
current process WorkingSet (physical memory assigned to process): 555M, peak: 698M
current process commit charge ("private bytes"): 498M, peak: 655M

vm_info: OpenJDK 64-Bit Server VM (17.0.8.1+1) for windows-amd64 JRE (17.0.8.1+1), built on Aug 23 2023 15:29:17 by "admin" with MS VC++ 16.7 (VS2019)

END.
