#
# There is insufficient memory for the Java Runtime Environment to continue.
# Native memory allocation (malloc) failed to allocate 110896 bytes for Chunk::new
# Possible reasons:
#   The system is out of physical RAM or swap space
#   The process is running with CompressedOops enabled, and the Java Heap may be blocking the growth of the native heap
# Possible solutions:
#   Reduce memory load on the system
#   Increase physical memory or swap space
#   Check if swap backing store is full
#   Decrease Java heap size (-Xmx/-Xms)
#   Decrease number of Java threads
#   Decrease Java thread stack sizes (-Xss)
#   Set larger code cache with -XX:ReservedCodeCacheSize=
#   JVM is running with Unscaled Compressed Oops mode in which the Java heap is
#     placed in the first 4GB address space. The Java Heap base address is the
#     maximum limit for the native heap growth. Please use -XX:HeapBaseMinAddress
#     to set the Java Heap base and to place the Java Heap above 4GB virtual address.
# This output file may be truncated or incomplete.
#
#  Out of Memory Error (arena.cpp:191), pid=5820, tid=13876
#
# JRE version: OpenJDK Runtime Environment Temurin-17.0.9+9 (17.0.9+9) (build 17.0.9+9)
# Java VM: OpenJDK 64-Bit Server VM Temurin-17.0.9+9 (17.0.9+9, mixed mode, tiered, compressed oops, compressed class ptrs, parallel gc, windows-amd64)
# No core dump will be written. Minidumps are not enabled by default on client versions of Windows
#

---------------  S U M M A R Y ------------

Command Line: --add-modules=ALL-SYSTEM --add-opens=java.base/java.util=ALL-UNNAMED --add-opens=java.base/java.lang=ALL-UNNAMED --add-opens=java.base/sun.nio.fs=ALL-UNNAMED -Declipse.application=org.eclipse.jdt.ls.core.id1 -Dosgi.bundles.defaultStartLevel=4 -Declipse.product=org.eclipse.jdt.ls.core.product -Djava.import.generatesMetadataFilesAtProjectRoot=false -DDetectVMInstallationsJob.disabled=true -Dfile.encoding=utf8 -XX:+UseParallelGC -XX:GCTimeRatio=4 -XX:AdaptiveSizePolicyWeight=90 -Dsun.zip.disableMemoryMapping=true -Xmx1G -Xms100m -Xlog:disable -javaagent:c:\Users\ADMIN\.vscode\extensions\redhat.java-1.25.1-win32-x64\lombok\lombok-1.18.30.jar c:\Users\ADMIN\.vscode\extensions\redhat.java-1.25.1-win32-x64\server\plugins\org.eclipse.equinox.launcher_1.6.600.v20231106-1826.jar -configuration c:\Users\ADMIN\AppData\Roaming\Code\User\globalStorage\redhat.java\1.25.1\config_ss_win -data c:\Users\ADMIN\AppData\Roaming\Code\User\workspaceStorage\9ffa03cfc5cea9a6a22057707b167da1\redhat.java\ss_ws --stdio

Host: AMD Ryzen 5 4600H with Radeon Graphics         , 12 cores, 7G,  Windows 10 , 64 bit Build 19041 (10.0.19041.1889)
Time: Sun Jan  7 20:19:11 2024 SE Asia Standard Time elapsed time: 0.545640 seconds (0d 0h 0m 0s)

---------------  T H R E A D  ---------------

Current thread (0x0000016d5f81a230):  JavaThread "C2 CompilerThread0" daemon [_thread_in_native, id=13876, stack(0x0000005529300000,0x0000005529400000)]


Current CompileTask:
C2:    545  781   !   4       java.lang.String::<init> (843 bytes)

Stack: [0x0000005529300000,0x0000005529400000]
Native frames: (J=compiled Java code, j=interpreted, Vv=VM code, C=native code)
V  [jvm.dll+0x67cf49]
V  [jvm.dll+0x83478a]
V  [jvm.dll+0x83624e]
V  [jvm.dll+0x8368b3]
V  [jvm.dll+0x247f1f]
V  [jvm.dll+0xac43c]
V  [jvm.dll+0xaca8c]
V  [jvm.dll+0x2af45f]
V  [jvm.dll+0x5853f7]
V  [jvm.dll+0x222f62]
V  [jvm.dll+0x21bc8d]
V  [jvm.dll+0x2198c1]
V  [jvm.dll+0x1a57cd]
V  [jvm.dll+0x2297ae]
V  [jvm.dll+0x22797c]
V  [jvm.dll+0x7e9877]
V  [jvm.dll+0x7e3c3a]
V  [jvm.dll+0x67be35]
C  [ucrtbase.dll+0x21bb2]
C  [KERNEL32.DLL+0x17034]
C  [ntdll.dll+0x526a1]


---------------  P R O C E S S  ---------------

Threads class SMR info:
_java_thread_list=0x0000016d61790830, length=14, elements={
0x0000016d44763030, 0x0000016d5a539cd0, 0x0000016d5a53ba70, 0x0000016d5f811550,
0x0000016d5f8122e0, 0x0000016d5f815720, 0x0000016d5f817900, 0x0000016d5f81a230,
0x0000016d5f823af0, 0x0000016d5f825380, 0x0000016d5f906790, 0x0000016d5faff280,
0x0000016d5fb0d630, 0x0000016d5fb7e0a0
}

Java Threads: ( => current thread )
  0x0000016d44763030 JavaThread "main" [_thread_in_Java, id=1204, stack(0x0000005528a00000,0x0000005528b00000)]
  0x0000016d5a539cd0 JavaThread "Reference Handler" daemon [_thread_blocked, id=13080, stack(0x0000005528d00000,0x0000005528e00000)]
  0x0000016d5a53ba70 JavaThread "Finalizer" daemon [_thread_blocked, id=9308, stack(0x0000005528e00000,0x0000005528f00000)]
  0x0000016d5f811550 JavaThread "Signal Dispatcher" daemon [_thread_blocked, id=15076, stack(0x0000005528f00000,0x0000005529000000)]
  0x0000016d5f8122e0 JavaThread "Attach Listener" daemon [_thread_blocked, id=12872, stack(0x0000005529000000,0x0000005529100000)]
  0x0000016d5f815720 JavaThread "Service Thread" daemon [_thread_blocked, id=14708, stack(0x0000005529100000,0x0000005529200000)]
  0x0000016d5f817900 JavaThread "Monitor Deflation Thread" daemon [_thread_blocked, id=8128, stack(0x0000005529200000,0x0000005529300000)]
=>0x0000016d5f81a230 JavaThread "C2 CompilerThread0" daemon [_thread_in_native, id=13876, stack(0x0000005529300000,0x0000005529400000)]
  0x0000016d5f823af0 JavaThread "C1 CompilerThread0" daemon [_thread_blocked, id=12464, stack(0x0000005529400000,0x0000005529500000)]
  0x0000016d5f825380 JavaThread "Sweeper thread" daemon [_thread_blocked, id=13744, stack(0x0000005529500000,0x0000005529600000)]
  0x0000016d5f906790 JavaThread "Common-Cleaner" daemon [_thread_blocked, id=13800, stack(0x0000005529600000,0x0000005529700000)]
  0x0000016d5faff280 JavaThread "C2 CompilerThread1" daemon [_thread_in_vm, id=6056, stack(0x0000005529700000,0x0000005529800000)]
  0x0000016d5fb0d630 JavaThread "Notification Thread" daemon [_thread_blocked, id=2184, stack(0x0000005529900000,0x0000005529a00000)]
  0x0000016d5fb7e0a0 JavaThread "C2 CompilerThread2" daemon [_thread_in_native, id=4868, stack(0x0000005529b00000,0x0000005529c00000)]

Other Threads:
  0x0000016d447e8320 VMThread "VM Thread" [stack: 0x0000005528c00000,0x0000005528d00000] [id=12352]
  0x0000016d5fb0ba00 WatcherThread [stack: 0x0000005529a00000,0x0000005529b00000] [id=9400]
  0x0000016d4477a210 GCTaskThread "GC Thread#0" [stack: 0x0000005528b00000,0x0000005528c00000] [id=10724]

Threads with active compile tasks:
C2 CompilerThread0      556  781   !   4       java.lang.String::<init> (843 bytes)
C2 CompilerThread1      556  808       4       sun.security.provider.SHA5::implCompress0 (346 bytes)
C2 CompilerThread2      556  800       4       java.util.jar.Manifest$FastInputStream::readLine (9 bytes)

VM state: not at safepoint (normal execution)

VM Mutex/Monitor currently owned by a thread:  ([mutex/lock_event])
[0x0000016d4475fff0] Compile_lock - owner thread: 0x0000000000000000

Heap address: 0x00000000c0000000, size: 1024 MB, Compressed Oops mode: 32-bit

CDS archive(s) not mapped
Compressed class space mapped at: 0x0000000100000000-0x0000000140000000, reserved size: 1073741824
Narrow klass base: 0x0000000000000000, Narrow klass shift: 3, Narrow klass range: 0x140000000

GC Precious Log:
 CPUs: 12 total, 12 available
 Memory: 7579M
 Large Page Support: Disabled
 NUMA Support: Disabled
 Compressed Oops: Enabled (32-bit)
 Alignments: Space 512K, Generation 512K, Heap 2M
 Heap Min Capacity: 100M
 Heap Initial Capacity: 100M
 Heap Max Capacity: 1G
 Pre-touch: Disabled
 Parallel Workers: 10

Heap:
 PSYoungGen      total 29696K, used 21924K [0x00000000eab00000, 0x00000000ecc00000, 0x0000000100000000)
  eden space 25600K, 85% used [0x00000000eab00000,0x00000000ec069008,0x00000000ec400000)
  from space 4096K, 0% used [0x00000000ec800000,0x00000000ec800000,0x00000000ecc00000)
  to   space 4096K, 0% used [0x00000000ec400000,0x00000000ec400000,0x00000000ec800000)
 ParOldGen       total 68608K, used 0K [0x00000000c0000000, 0x00000000c4300000, 0x00000000eab00000)
  object space 68608K, 0% used [0x00000000c0000000,0x00000000c0000000,0x00000000c4300000)
 Metaspace       used 9983K, committed 10112K, reserved 1114112K
  class space    used 999K, committed 1088K, reserved 1048576K

Card table byte_map: [0x0000016d57db0000,0x0000016d57fc0000] _byte_map_base: 0x0000016d577b0000

Marking Bits: (ParMarkBitMap*) 0x00007ff96272d0b0
 Begin Bits: [0x0000016d58120000, 0x0000016d59120000)
 End Bits:   [0x0000016d59120000, 0x0000016d5a120000)

Polling page: 0x0000016d44520000

Metaspace:

Usage:
  Non-class:      8.77 MB used.
      Class:    999.99 KB used.
       Both:      9.75 MB used.

Virtual space:
  Non-class space:       64.00 MB reserved,       8.81 MB ( 14%) committed,  1 nodes.
      Class space:        1.00 GB reserved,       1.06 MB ( <1%) committed,  1 nodes.
             Both:        1.06 GB reserved,       9.88 MB ( <1%) committed. 

Chunk freelists:
   Non-Class:  6.70 MB
       Class:  14.99 MB
        Both:  21.70 MB

MaxMetaspaceSize: unlimited
CompressedClassSpaceSize: 1.00 GB
Initial GC threshold: 21.00 MB
Current GC threshold: 21.00 MB
CDS: off
MetaspaceReclaimPolicy: balanced
 - commit_granule_bytes: 65536.
 - commit_granule_words: 8192.
 - virtual_space_node_default_size: 8388608.
 - enlarge_chunks_in_place: 1.
 - new_chunks_are_fully_committed: 0.
 - uncommit_free_chunks: 1.
 - use_allocation_guard: 0.
 - handle_deallocations: 1.


Internal statistics:

num_allocs_failed_limit: 0.
num_arena_births: 14.
num_arena_deaths: 0.
num_vsnodes_births: 2.
num_vsnodes_deaths: 0.
num_space_committed: 158.
num_space_uncommitted: 0.
num_chunks_returned_to_freelist: 0.
num_chunks_taken_from_freelist: 68.
num_chunk_merges: 0.
num_chunk_splits: 40.
num_chunks_enlarged: 31.
num_inconsistent_stats: 0.

CodeHeap 'non-profiled nmethods': size=120000Kb used=346Kb max_used=346Kb free=119654Kb
 bounds [0x0000016d506a0000, 0x0000016d50910000, 0x0000016d57bd0000]
CodeHeap 'profiled nmethods': size=120000Kb used=1281Kb max_used=1281Kb free=118718Kb
 bounds [0x0000016d48bd0000, 0x0000016d48e40000, 0x0000016d50100000]
CodeHeap 'non-nmethods': size=5760Kb used=1136Kb max_used=1173Kb free=4623Kb
 bounds [0x0000016d50100000, 0x0000016d50370000, 0x0000016d506a0000]
 total_blobs=1229 nmethods=804 adapters=340
 compilation: enabled
              stopped_count=0, restarted_count=0
 full_count=0

Compilation events (20 events):
Event: 0.537 Thread 0x0000016d5f823af0  775       3       java.util.LinkedHashMap$LinkedHashIterator::hasNext (13 bytes)
Event: 0.537 Thread 0x0000016d5f823af0 nmethod 775 0x0000016d48d04510 code [0x0000016d48d046a0, 0x0000016d48d04818]
Event: 0.538 Thread 0x0000016d5f823af0  776       3       java.util.concurrent.ConcurrentHashMap::get (162 bytes)
Event: 0.538 Thread 0x0000016d5faff280  777       4       java.lang.AbstractStringBuilder::append (77 bytes)
Event: 0.538 Thread 0x0000016d5f823af0 nmethod 776 0x0000016d48d04890 code [0x0000016d48d04ae0, 0x0000016d48d055a8]
Event: 0.538 Thread 0x0000016d5f823af0  779       3       java.io.RandomAccessFile::seek (22 bytes)
Event: 0.539 Thread 0x0000016d5f823af0 nmethod 779 0x0000016d48d05890 code [0x0000016d48d05a40, 0x0000016d48d05c78]
Event: 0.541 Thread 0x0000016d5faff280 nmethod 777 0x0000016d506f4690 code [0x0000016d506f4820, 0x0000016d506f4c98]
Event: 0.542 Thread 0x0000016d5f81a230  781   !   4       java.lang.String::<init> (843 bytes)
Event: 0.543 Thread 0x0000016d5f823af0  782       3       java.util.LinkedHashMap$LinkedHashIterator::nextNode (54 bytes)
Event: 0.543 Thread 0x0000016d5f823af0 nmethod 782 0x0000016d48d05d90 code [0x0000016d48d05f60, 0x0000016d48d06278]
Event: 0.543 Thread 0x0000016d5f823af0  783       3       java.util.LinkedHashMap$LinkedEntryIterator::next (5 bytes)
Event: 0.543 Thread 0x0000016d5f823af0 nmethod 783 0x0000016d48d06410 code [0x0000016d48d065c0, 0x0000016d48d06748]
Event: 0.543 Thread 0x0000016d5f823af0  784       3       java.util.LinkedHashMap$LinkedEntryIterator::next (5 bytes)
Event: 0.543 Thread 0x0000016d5f823af0 nmethod 784 0x0000016d48d06810 code [0x0000016d48d069a0, 0x0000016d48d06ae8]
Event: 0.543 Thread 0x0000016d5f823af0  785       3       java.util.LinkedHashMap$LinkedHashIterator::<init> (31 bytes)
Event: 0.543 Thread 0x0000016d5f823af0 nmethod 785 0x0000016d48d06b90 code [0x0000016d48d06d20, 0x0000016d48d06ed8]
Event: 0.543 Thread 0x0000016d5f823af0  786       3       java.util.jar.Attributes::entrySet (10 bytes)
Event: 0.543 Thread 0x0000016d5f823af0 nmethod 786 0x0000016d48d06f90 code [0x0000016d48d07140, 0x0000016d48d07308]
Event: 0.543 Thread 0x0000016d5f823af0  791       3       java.util.HashMap::putMapEntries (167 bytes)

GC Heap History (0 events):
No events

Dll operation events (8 events):
Event: 0.005 Loaded shared library c:\Users\ADMIN\.vscode\extensions\redhat.java-1.25.1-win32-x64\jre\17.0.9-win32-x86_64\bin\java.dll
Event: 0.103 Loaded shared library c:\Users\ADMIN\.vscode\extensions\redhat.java-1.25.1-win32-x64\jre\17.0.9-win32-x86_64\bin\zip.dll
Event: 0.105 Loaded shared library C:\Users\ADMIN\.vscode\extensions\redhat.java-1.25.1-win32-x64\jre\17.0.9-win32-x86_64\bin\instrument.dll
Event: 0.113 Loaded shared library C:\Users\ADMIN\.vscode\extensions\redhat.java-1.25.1-win32-x64\jre\17.0.9-win32-x86_64\bin\net.dll
Event: 0.242 Loaded shared library C:\Users\ADMIN\.vscode\extensions\redhat.java-1.25.1-win32-x64\jre\17.0.9-win32-x86_64\bin\nio.dll
Event: 0.247 Loaded shared library C:\Users\ADMIN\.vscode\extensions\redhat.java-1.25.1-win32-x64\jre\17.0.9-win32-x86_64\bin\zip.dll
Event: 0.259 Loaded shared library C:\Users\ADMIN\.vscode\extensions\redhat.java-1.25.1-win32-x64\jre\17.0.9-win32-x86_64\bin\jimage.dll
Event: 0.294 Loaded shared library c:\Users\ADMIN\.vscode\extensions\redhat.java-1.25.1-win32-x64\jre\17.0.9-win32-x86_64\bin\verify.dll

Deoptimization events (20 events):
Event: 0.501 Thread 0x0000016d44763030 DEOPT PACKING pc=0x0000016d48c9a332 sp=0x0000005528afebf0
Event: 0.501 Thread 0x0000016d44763030 DEOPT UNPACKING pc=0x0000016d50156e43 sp=0x0000005528afe048 mode 0
Event: 0.501 Thread 0x0000016d44763030 DEOPT PACKING pc=0x0000016d48c9a25a sp=0x0000005528afebf0
Event: 0.501 Thread 0x0000016d44763030 DEOPT UNPACKING pc=0x0000016d50156e43 sp=0x0000005528afe048 mode 0
Event: 0.501 Thread 0x0000016d44763030 DEOPT PACKING pc=0x0000016d48c9a25a sp=0x0000005528afebf0
Event: 0.501 Thread 0x0000016d44763030 DEOPT UNPACKING pc=0x0000016d50156e43 sp=0x0000005528afe048 mode 0
Event: 0.501 Thread 0x0000016d44763030 DEOPT PACKING pc=0x0000016d48c9a25a sp=0x0000005528afebf0
Event: 0.502 Thread 0x0000016d44763030 DEOPT UNPACKING pc=0x0000016d50156e43 sp=0x0000005528afe048 mode 0
Event: 0.509 Thread 0x0000016d44763030 DEOPT PACKING pc=0x0000016d48c9a25a sp=0x0000005528afaca0
Event: 0.509 Thread 0x0000016d44763030 DEOPT UNPACKING pc=0x0000016d50156e43 sp=0x0000005528afa0f8 mode 0
Event: 0.510 Thread 0x0000016d44763030 DEOPT PACKING pc=0x0000016d48c9a332 sp=0x0000005528af9050
Event: 0.510 Thread 0x0000016d44763030 DEOPT UNPACKING pc=0x0000016d50156e43 sp=0x0000005528af84a8 mode 0
Event: 0.513 Thread 0x0000016d44763030 DEOPT PACKING pc=0x0000016d48c9a332 sp=0x0000005528afdfe0
Event: 0.513 Thread 0x0000016d44763030 DEOPT UNPACKING pc=0x0000016d50156e43 sp=0x0000005528afd438 mode 0
Event: 0.515 Thread 0x0000016d44763030 DEOPT PACKING pc=0x0000016d48c9a332 sp=0x0000005528afde90
Event: 0.515 Thread 0x0000016d44763030 DEOPT UNPACKING pc=0x0000016d50156e43 sp=0x0000005528afd2e8 mode 0
Event: 0.530 Thread 0x0000016d44763030 Uncommon trap: trap_request=0xffffff45 fr.pc=0x0000016d506eb198 relative=0x00000000000001f8
Event: 0.530 Thread 0x0000016d44763030 Uncommon trap: reason=unstable_if action=reinterpret pc=0x0000016d506eb198 method=java.util.concurrent.ConcurrentHashMap.get(Ljava/lang/Object;)Ljava/lang/Object; @ 152 c2
Event: 0.530 Thread 0x0000016d44763030 DEOPT PACKING pc=0x0000016d506eb198 sp=0x0000005528afd9c0
Event: 0.530 Thread 0x0000016d44763030 DEOPT UNPACKING pc=0x0000016d501566a3 sp=0x0000005528afd938 mode 2

Classes unloaded (0 events):
No events

Classes redefined (0 events):
No events

Internal exceptions (9 events):
Event: 0.087 Thread 0x0000016d44763030 Exception <a 'java/lang/NoSuchMethodError'{0x00000000eacb2948}: 'void java.lang.invoke.DirectMethodHandle$Holder.invokeStatic(java.lang.Object, java.lang.Object, java.lang.Object)'> (0x00000000eacb2948) 
thrown [s\src\hotspot\share\interpreter\linkResolver.cpp, line 759]
Event: 0.307 Thread 0x0000016d44763030 Exception <a 'java/lang/reflect/InvocationTargetException'{0x00000000eafd20d8}> (0x00000000eafd20d8) 
thrown [s\src\hotspot\share\runtime\reflection.cpp, line 1121]
Event: 0.447 Thread 0x0000016d44763030 Exception <a 'java/lang/ClassNotFoundException'{0x00000000eb85a270}: sun/net/www/protocol/c/Handler> (0x00000000eb85a270) 
thrown [s\src\hotspot\share\classfile\systemDictionary.cpp, line 256]
Event: 0.450 Thread 0x0000016d44763030 Exception <a 'java/io/FileNotFoundException'{0x00000000eb86dc18}> (0x00000000eb86dc18) 
thrown [s\src\hotspot\share\prims\jni.cpp, line 516]
Event: 0.450 Thread 0x0000016d44763030 Exception <a 'java/io/FileNotFoundException'{0x00000000eb86e928}> (0x00000000eb86e928) 
thrown [s\src\hotspot\share\prims\jni.cpp, line 516]
Event: 0.450 Thread 0x0000016d44763030 Exception <a 'java/io/FileNotFoundException'{0x00000000eb86f618}> (0x00000000eb86f618) 
thrown [s\src\hotspot\share\prims\jni.cpp, line 516]
Event: 0.450 Thread 0x0000016d44763030 Exception <a 'java/io/FileNotFoundException'{0x00000000eb8702d8}> (0x00000000eb8702d8) 
thrown [s\src\hotspot\share\prims\jni.cpp, line 516]
Event: 0.454 Thread 0x0000016d44763030 Implicit null exception at 0x0000016d506c2e72 to 0x0000016d506c3390
Event: 0.456 Thread 0x0000016d44763030 Exception <a 'java/io/FileNotFoundException'{0x00000000eb8aad18}> (0x00000000eb8aad18) 
thrown [s\src\hotspot\share\prims\jni.cpp, line 516]

VM Operations (8 events):
Event: 0.090 Executing VM operation: HandshakeAllThreads
Event: 0.090 Executing VM operation: HandshakeAllThreads done
Event: 0.268 Executing VM operation: HandshakeAllThreads
Event: 0.268 Executing VM operation: HandshakeAllThreads done
Event: 0.433 Executing VM operation: HandshakeAllThreads
Event: 0.433 Executing VM operation: HandshakeAllThreads done
Event: 0.443 Executing VM operation: HandshakeAllThreads
Event: 0.443 Executing VM operation: HandshakeAllThreads done

Events (20 events):
Event: 0.525 loading class java/lang/module/ModuleDescriptor$Builder
Event: 0.525 loading class java/lang/module/ModuleDescriptor$Builder done
Event: 0.527 loading class java/lang/reflect/ProxyGenerator
Event: 0.527 loading class java/lang/reflect/ProxyGenerator done
Event: 0.527 loading class java/lang/reflect/ProxyGenerator$ProxyMethod
Event: 0.527 loading class java/lang/reflect/ProxyGenerator$ProxyMethod done
Event: 0.528 loading class java/lang/reflect/ProxyGenerator$PrimitiveTypeInfo
Event: 0.528 loading class java/lang/reflect/ProxyGenerator$PrimitiveTypeInfo done
Event: 0.529 loading class jdk/internal/org/objectweb/asm/Edge
Event: 0.529 loading class jdk/internal/org/objectweb/asm/Edge done
Event: 0.529 loading class java/lang/reflect/Proxy$ProxyBuilder$1
Event: 0.530 loading class java/lang/reflect/Proxy$ProxyBuilder$1 done
Event: 0.530 loading class java/lang/annotation/Target
Event: 0.530 loading class java/lang/annotation/Target done
Event: 0.531 loading class java/lang/ClassFormatError
Event: 0.531 loading class java/lang/ClassFormatError done
Event: 0.534 loading class java/util/NoSuchElementException
Event: 0.534 loading class java/util/NoSuchElementException done
Event: 0.538 loading class java/net/URLClassLoader$2
Event: 0.538 loading class java/net/URLClassLoader$2 done


Dynamic libraries:
0x00007ff725410000 - 0x00007ff72541e000 	c:\Users\ADMIN\.vscode\extensions\redhat.java-1.25.1-win32-x64\jre\17.0.9-win32-x86_64\bin\java.exe
0x00007ff9b4950000 - 0x00007ff9b4b48000 	C:\Windows\SYSTEM32\ntdll.dll
0x00007ff9b2ca0000 - 0x00007ff9b2d5d000 	C:\Windows\System32\KERNEL32.DLL
0x00007ff9b2240000 - 0x00007ff9b2512000 	C:\Windows\System32\KERNELBASE.dll
0x00007ff9b2520000 - 0x00007ff9b2620000 	C:\Windows\System32\ucrtbase.dll
0x00007ff9a55b0000 - 0x00007ff9a55cb000 	c:\Users\ADMIN\.vscode\extensions\redhat.java-1.25.1-win32-x64\jre\17.0.9-win32-x86_64\bin\VCRUNTIME140.dll
0x00007ff9a54a0000 - 0x00007ff9a54b7000 	c:\Users\ADMIN\.vscode\extensions\redhat.java-1.25.1-win32-x64\jre\17.0.9-win32-x86_64\bin\jli.dll
0x00007ff9b2b00000 - 0x00007ff9b2c9d000 	C:\Windows\System32\USER32.dll
0x00007ff9a02c0000 - 0x00007ff9a055a000 	C:\Windows\WinSxS\amd64_microsoft.windows.common-controls_6595b64144ccf1df_6.0.19041.1110_none_60b5254171f9507e\COMCTL32.dll
0x00007ff9b2060000 - 0x00007ff9b2082000 	C:\Windows\System32\win32u.dll
0x00007ff9b4590000 - 0x00007ff9b462e000 	C:\Windows\System32\msvcrt.dll
0x00007ff9b4680000 - 0x00007ff9b46ab000 	C:\Windows\System32\GDI32.dll
0x00007ff9b27f0000 - 0x00007ff9b28ff000 	C:\Windows\System32\gdi32full.dll
0x00007ff9b21a0000 - 0x00007ff9b223d000 	C:\Windows\System32\msvcp_win.dll
0x00007ff9b4650000 - 0x00007ff9b4680000 	C:\Windows\System32\IMM32.DLL
0x00007ff9afe10000 - 0x00007ff9afe1c000 	c:\Users\ADMIN\.vscode\extensions\redhat.java-1.25.1-win32-x64\jre\17.0.9-win32-x86_64\bin\vcruntime140_1.dll
0x00007ff98a300000 - 0x00007ff98a38d000 	c:\Users\ADMIN\.vscode\extensions\redhat.java-1.25.1-win32-x64\jre\17.0.9-win32-x86_64\bin\msvcp140.dll
0x00007ff961b90000 - 0x00007ff9627f1000 	c:\Users\ADMIN\.vscode\extensions\redhat.java-1.25.1-win32-x64\jre\17.0.9-win32-x86_64\bin\server\jvm.dll
0x00007ff9b29b0000 - 0x00007ff9b2a5e000 	C:\Windows\System32\ADVAPI32.dll
0x00007ff9b2a60000 - 0x00007ff9b2afc000 	C:\Windows\System32\sechost.dll
0x00007ff9b3840000 - 0x00007ff9b3965000 	C:\Windows\System32\RPCRT4.dll
0x00007ff9b1c00000 - 0x00007ff9b1c4b000 	C:\Windows\SYSTEM32\POWRPROF.dll
0x00007ff9b0000000 - 0x00007ff9b000a000 	C:\Windows\SYSTEM32\VERSION.dll
0x00007ff9a7620000 - 0x00007ff9a7647000 	C:\Windows\SYSTEM32\WINMM.dll
0x00007ff98a2b0000 - 0x00007ff98a2b9000 	C:\Windows\SYSTEM32\WSOCK32.dll
0x00007ff9b37d0000 - 0x00007ff9b383b000 	C:\Windows\System32\WS2_32.dll
0x00007ff9b1be0000 - 0x00007ff9b1bf2000 	C:\Windows\SYSTEM32\UMPDC.dll
0x00007ff9b08b0000 - 0x00007ff9b08c2000 	C:\Windows\SYSTEM32\kernel.appcore.dll
0x00007ff9af780000 - 0x00007ff9af78a000 	c:\Users\ADMIN\.vscode\extensions\redhat.java-1.25.1-win32-x64\jre\17.0.9-win32-x86_64\bin\jimage.dll
0x00007ff9a78f0000 - 0x00007ff9a7ad4000 	C:\Windows\SYSTEM32\DBGHELP.DLL
0x00007ff9a1a80000 - 0x00007ff9a1aac000 	C:\Windows\SYSTEM32\dbgcore.DLL
0x00007ff9b2110000 - 0x00007ff9b2192000 	C:\Windows\System32\bcryptPrimitives.dll
0x00007ff9adad0000 - 0x00007ff9adade000 	c:\Users\ADMIN\.vscode\extensions\redhat.java-1.25.1-win32-x64\jre\17.0.9-win32-x86_64\bin\instrument.dll
0x00007ff9942a0000 - 0x00007ff9942c5000 	c:\Users\ADMIN\.vscode\extensions\redhat.java-1.25.1-win32-x64\jre\17.0.9-win32-x86_64\bin\java.dll
0x00007ff9a52d0000 - 0x00007ff9a52e8000 	c:\Users\ADMIN\.vscode\extensions\redhat.java-1.25.1-win32-x64\jre\17.0.9-win32-x86_64\bin\zip.dll
0x00007ff9b3be0000 - 0x00007ff9b4323000 	C:\Windows\System32\SHELL32.dll
0x00007ff9b0100000 - 0x00007ff9b0891000 	C:\Windows\SYSTEM32\windows.storage.dll
0x00007ff9b2e30000 - 0x00007ff9b3184000 	C:\Windows\System32\combase.dll
0x00007ff9b1a50000 - 0x00007ff9b1a80000 	C:\Windows\SYSTEM32\Wldp.dll
0x00007ff9b44e0000 - 0x00007ff9b458d000 	C:\Windows\System32\SHCORE.dll
0x00007ff9b3aa0000 - 0x00007ff9b3af5000 	C:\Windows\System32\shlwapi.dll
0x00007ff9b1fa0000 - 0x00007ff9b1fbf000 	C:\Windows\SYSTEM32\profapi.dll
0x00007ff9a4af0000 - 0x00007ff9a4b09000 	C:\Users\ADMIN\.vscode\extensions\redhat.java-1.25.1-win32-x64\jre\17.0.9-win32-x86_64\bin\net.dll
0x00007ff9a8c80000 - 0x00007ff9a8d8d000 	C:\Windows\SYSTEM32\WINHTTP.dll
0x00007ff99d2c0000 - 0x00007ff99d2cb000 	C:\Program Files\Common Files\SocksEscort\escortdrv.dll
0x00007ff9b43b0000 - 0x00007ff9b44da000 	C:\Windows\System32\ole32.dll
0x00007ff99d280000 - 0x00007ff99d2b2000 	C:\Program Files\Common Files\SocksEscort\escengine.dll
0x00007ff9b1740000 - 0x00007ff9b17aa000 	C:\Windows\system32\mswsock.dll
0x00007ff9a14e0000 - 0x00007ff9a14f6000 	C:\Users\ADMIN\.vscode\extensions\redhat.java-1.25.1-win32-x64\jre\17.0.9-win32-x86_64\bin\nio.dll
0x00007ff9ac920000 - 0x00007ff9ac930000 	c:\Users\ADMIN\.vscode\extensions\redhat.java-1.25.1-win32-x64\jre\17.0.9-win32-x86_64\bin\verify.dll

dbghelp: loaded successfully - version: 4.0.5 - missing functions: none
symbol engine: initialized successfully - sym options: 0x614 - pdb path: .;c:\Users\ADMIN\.vscode\extensions\redhat.java-1.25.1-win32-x64\jre\17.0.9-win32-x86_64\bin;C:\Windows\SYSTEM32;C:\Windows\WinSxS\amd64_microsoft.windows.common-controls_6595b64144ccf1df_6.0.19041.1110_none_60b5254171f9507e;c:\Users\ADMIN\.vscode\extensions\redhat.java-1.25.1-win32-x64\jre\17.0.9-win32-x86_64\bin\server;C:\Program Files\Common Files\SocksEscort

VM Arguments:
jvm_args: --add-modules=ALL-SYSTEM --add-opens=java.base/java.util=ALL-UNNAMED --add-opens=java.base/java.lang=ALL-UNNAMED --add-opens=java.base/sun.nio.fs=ALL-UNNAMED -Declipse.application=org.eclipse.jdt.ls.core.id1 -Dosgi.bundles.defaultStartLevel=4 -Declipse.product=org.eclipse.jdt.ls.core.product -Djava.import.generatesMetadataFilesAtProjectRoot=false -DDetectVMInstallationsJob.disabled=true -Dfile.encoding=utf8 -XX:+UseParallelGC -XX:GCTimeRatio=4 -XX:AdaptiveSizePolicyWeight=90 -Dsun.zip.disableMemoryMapping=true -Xmx1G -Xms100m -Xlog:disable -javaagent:c:\Users\ADMIN\.vscode\extensions\redhat.java-1.25.1-win32-x64\lombok\lombok-1.18.30.jar 
java_command: c:\Users\ADMIN\.vscode\extensions\redhat.java-1.25.1-win32-x64\server\plugins\org.eclipse.equinox.launcher_1.6.600.v20231106-1826.jar -configuration c:\Users\ADMIN\AppData\Roaming\Code\User\globalStorage\redhat.java\1.25.1\config_ss_win -data c:\Users\ADMIN\AppData\Roaming\Code\User\workspaceStorage\9ffa03cfc5cea9a6a22057707b167da1\redhat.java\ss_ws --stdio
java_class_path (initial): c:\Users\ADMIN\.vscode\extensions\redhat.java-1.25.1-win32-x64\server\plugins\org.eclipse.equinox.launcher_1.6.600.v20231106-1826.jar
Launcher Type: SUN_STANDARD

[Global flags]
    uintx AdaptiveSizePolicyWeight                 = 90                                        {product} {command line}
     intx CICompilerCount                          = 4                                         {product} {ergonomic}
    uintx GCTimeRatio                              = 4                                         {product} {command line}
   size_t InitialHeapSize                          = 104857600                                 {product} {command line}
   size_t MaxHeapSize                              = 1073741824                                {product} {command line}
   size_t MaxNewSize                               = 357564416                                 {product} {ergonomic}
   size_t MinHeapDeltaBytes                        = 524288                                    {product} {ergonomic}
   size_t MinHeapSize                              = 104857600                                 {product} {command line}
   size_t NewSize                                  = 34603008                                  {product} {ergonomic}
    uintx NonNMethodCodeHeapSize                   = 5839372                                {pd product} {ergonomic}
    uintx NonProfiledCodeHeapSize                  = 122909434                              {pd product} {ergonomic}
   size_t OldSize                                  = 70254592                                  {product} {ergonomic}
    uintx ProfiledCodeHeapSize                     = 122909434                              {pd product} {ergonomic}
    uintx ReservedCodeCacheSize                    = 251658240                              {pd product} {ergonomic}
     bool SegmentedCodeCache                       = true                                      {product} {ergonomic}
   size_t SoftMaxHeapSize                          = 1073741824                             {manageable} {ergonomic}
     bool UseCompressedClassPointers               = true                           {product lp64_product} {ergonomic}
     bool UseCompressedOops                        = true                           {product lp64_product} {ergonomic}
     bool UseLargePagesIndividualAllocation        = false                                  {pd product} {ergonomic}
     bool UseParallelGC                            = true                                      {product} {command line}

Logging:
Log output configuration:
 #0: stdout all=off uptime,level,tags
 #1: stderr all=off uptime,level,tags

Environment Variables:
JAVA_HOME=C:\Program Files\Java\jdk-19
PATH=C:\Program Files\Common Files\Oracle\Java\javapath;C:\Windows\system32;C:\Windows;C:\Windows\System32\Wbem;C:\Windows\System32\WindowsPowerShell\v1.0\;C:\Windows\System32\OpenSSH\;C:\Program Files\Java\jdk-19\bin;C:\Program Files\Git\cmd;C:\MinGW\bin;C:\Users\ADMIN\AppData\Roaming\nvm;C:\Program Files\nodejs;C:\Users\ADMIN\AppData\Local\Android\Sdk\platform-tools;C:\Program Files\MySQL\MySQL Shell 8.0\bin\;C:\Users\ADMIN\AppData\Local\Microsoft\WindowsApps;C:\Users\ADMIN\AppData\Local\Programs\Microsoft VS Code\bin;C:\Users\ADMIN\AppData\Local\Programs\Python\Python311;C:\Users\ADMIN\AppData\Local\Programs\Python\Python311\Scripts;C:\Users\ADMIN\AppData\Roaming\npm;C:\Users\ADMIN\AppData\Local\Programs\EmEditor;C:\Users\ADMIN\AppData\Roaming\nvm;C:\Program Files\nodejs;
USERNAME=ADMIN
OS=Windows_NT
PROCESSOR_IDENTIFIER=AMD64 Family 23 Model 96 Stepping 1, AuthenticAMD
TMP=C:\Users\ADMIN\AppData\Local\Temp
TEMP=C:\Users\ADMIN\AppData\Local\Temp



Periodic native trim disabled


---------------  S Y S T E M  ---------------

OS:
 Windows 10 , 64 bit Build 19041 (10.0.19041.1889)
OS uptime: 0 days 5:06 hours

CPU: total 12 (initial active 12) (12 cores per cpu, 2 threads per core) family 23 model 96 stepping 1 microcode 0x0, cx8, cmov, fxsr, ht, mmx, 3dnowpref, sse, sse2, sse3, ssse3, sse4a, sse4.1, sse4.2, popcnt, lzcnt, tsc, tscinvbit, avx, avx2, aes, clmul, bmi1, bmi2, adx, sha, fma, vzeroupper, clflush, clflushopt
Processor Information for all 12 processors :
  Max Mhz: 3000, Current Mhz: 3000, Mhz Limit: 3000

Memory: 4k page, system-wide physical 7579M (874M free)
TotalPageFile size 11675M (AvailPageFile size 4M)
current process WorkingSet (physical memory assigned to process): 68M, peak: 68M
current process commit charge ("private bytes"): 205M, peak: 206M

vm_info: OpenJDK 64-Bit Server VM (17.0.9+9) for windows-amd64 JRE (17.0.9+9), built on Oct 26 2023 14:01:42 by "admin" with MS VC++ 16.10 / 16.11 (VS2019)

END.
