#
# There is insufficient memory for the Java Runtime Environment to continue.
# Native memory allocation (malloc) failed to allocate 131088 bytes for Chunk::new
# Possible reasons:
#   The system is out of physical RAM or swap space
#   The process is running with CompressedOops enabled, and the Java Heap may be blocking the growth of the native heap
# Possible solutions:
#   Reduce memory load on the system
#   Increase physical memory or swap space
#   Check if swap backing store is full
#   Decrease Java heap size (-Xmx/-Xms)
#   Decrease number of Java threads
#   Decrease Java thread stack sizes (-Xss)
#   Set larger code cache with -XX:ReservedCodeCacheSize=
#   JVM is running with Unscaled Compressed Oops mode in which the Java heap is
#     placed in the first 4GB address space. The Java Heap base address is the
#     maximum limit for the native heap growth. Please use -XX:HeapBaseMinAddress
#     to set the Java Heap base and to place the Java Heap above 4GB virtual address.
# This output file may be truncated or incomplete.
#
#  Out of Memory Error (arena.cpp:191), pid=10552, tid=8084
#
# JRE version: OpenJDK Runtime Environment Temurin-17.0.9+9 (17.0.9+9) (build 17.0.9+9)
# Java VM: OpenJDK 64-Bit Server VM Temurin-17.0.9+9 (17.0.9+9, mixed mode, tiered, compressed oops, compressed class ptrs, parallel gc, windows-amd64)
# No core dump will be written. Minidumps are not enabled by default on client versions of Windows
#

---------------  S U M M A R Y ------------

Command Line: --add-modules=ALL-SYSTEM --add-opens=java.base/java.util=ALL-UNNAMED --add-opens=java.base/java.lang=ALL-UNNAMED --add-opens=java.base/sun.nio.fs=ALL-UNNAMED -Declipse.application=org.eclipse.jdt.ls.core.id1 -Dosgi.bundles.defaultStartLevel=4 -Declipse.product=org.eclipse.jdt.ls.core.product -Djava.import.generatesMetadataFilesAtProjectRoot=false -DDetectVMInstallationsJob.disabled=true -Dfile.encoding=utf8 -XX:+UseParallelGC -XX:GCTimeRatio=4 -XX:AdaptiveSizePolicyWeight=90 -Dsun.zip.disableMemoryMapping=true -Xmx1G -Xms100m -Xlog:disable -javaagent:c:\Users\ADMIN\.vscode\extensions\redhat.java-1.25.1-win32-x64\lombok\lombok-1.18.30.jar c:\Users\ADMIN\.vscode\extensions\redhat.java-1.25.1-win32-x64\server\plugins\org.eclipse.equinox.launcher_1.6.600.v20231106-1826.jar -configuration c:\Users\ADMIN\AppData\Roaming\Code\User\globalStorage\redhat.java\1.25.1\config_ss_win -data c:\Users\ADMIN\AppData\Roaming\Code\User\workspaceStorage\9ffa03cfc5cea9a6a22057707b167da1\redhat.java\ss_ws --stdio

Host: AMD Ryzen 5 4600H with Radeon Graphics         , 12 cores, 7G,  Windows 10 , 64 bit Build 19041 (10.0.19041.1889)
Time: Sun Jan  7 20:24:31 2024 SE Asia Standard Time elapsed time: 1.808346 seconds (0d 0h 0m 1s)

---------------  T H R E A D  ---------------

Current thread (0x000002357192f9e0):  JavaThread "C2 CompilerThread1" daemon [_thread_in_native, id=8084, stack(0x00000087f6f00000,0x00000087f7000000)]


Current CompileTask:
C2:   1808 2280       4       org.lombokweb.asm.ClassReader::readMethod (1066 bytes)

Stack: [0x00000087f6f00000,0x00000087f7000000]
Native frames: (J=compiled Java code, j=interpreted, Vv=VM code, C=native code)
V  [jvm.dll+0x67cf49]
V  [jvm.dll+0x83478a]
V  [jvm.dll+0x83624e]
V  [jvm.dll+0x8368b3]
V  [jvm.dll+0x247f1f]
V  [jvm.dll+0xac43c]
V  [jvm.dll+0xaca8c]
V  [jvm.dll+0x6a2182]
V  [jvm.dll+0x6a25c3]
V  [jvm.dll+0x6a4262]
V  [jvm.dll+0x6a2b8a]
V  [jvm.dll+0x21b570]
V  [jvm.dll+0x2198c1]
V  [jvm.dll+0x1a57cd]
V  [jvm.dll+0x2297ae]
V  [jvm.dll+0x22797c]
V  [jvm.dll+0x7e9877]
V  [jvm.dll+0x7e3c3a]
V  [jvm.dll+0x67be35]
C  [ucrtbase.dll+0x21bb2]
C  [KERNEL32.DLL+0x17034]
C  [ntdll.dll+0x526a1]


---------------  P R O C E S S  ---------------

Threads class SMR info:
_java_thread_list=0x0000023574001900, length=21, elements={
0x000002355849e6e0, 0x000002356c3325b0, 0x000002356c334ab0, 0x00000235715e3550,
0x00000235715e4020, 0x00000235715e70a0, 0x00000235715e7970, 0x00000235715e95d0,
0x000002357160cfe0, 0x000002357160f370, 0x00000235585010a0, 0x000002357192f9e0,
0x0000023571938880, 0x0000023573c23830, 0x0000023573c611c0, 0x0000023573d9f490,
0x0000023573ce5150, 0x0000023573c92b00, 0x0000023573eff4e0, 0x0000023573efe5b0,
0x0000023573efeac0
}

Java Threads: ( => current thread )
  0x000002355849e6e0 JavaThread "main" [_thread_blocked, id=8020, stack(0x00000087f6200000,0x00000087f6300000)]
  0x000002356c3325b0 JavaThread "Reference Handler" daemon [_thread_blocked, id=15808, stack(0x00000087f6500000,0x00000087f6600000)]
  0x000002356c334ab0 JavaThread "Finalizer" daemon [_thread_blocked, id=14520, stack(0x00000087f6600000,0x00000087f6700000)]
  0x00000235715e3550 JavaThread "Signal Dispatcher" daemon [_thread_blocked, id=11964, stack(0x00000087f6700000,0x00000087f6800000)]
  0x00000235715e4020 JavaThread "Attach Listener" daemon [_thread_blocked, id=6104, stack(0x00000087f6800000,0x00000087f6900000)]
  0x00000235715e70a0 JavaThread "Service Thread" daemon [_thread_blocked, id=4684, stack(0x00000087f6900000,0x00000087f6a00000)]
  0x00000235715e7970 JavaThread "Monitor Deflation Thread" daemon [_thread_blocked, id=12172, stack(0x00000087f6a00000,0x00000087f6b00000)]
  0x00000235715e95d0 JavaThread "C2 CompilerThread0" daemon [_thread_in_native, id=8000, stack(0x00000087f6b00000,0x00000087f6c00000)]
  0x000002357160cfe0 JavaThread "C1 CompilerThread0" daemon [_thread_in_vm, id=8276, stack(0x00000087f6c00000,0x00000087f6d00000)]
  0x000002357160f370 JavaThread "Sweeper thread" daemon [_thread_blocked, id=15768, stack(0x00000087f6d00000,0x00000087f6e00000)]
  0x00000235585010a0 JavaThread "Common-Cleaner" daemon [_thread_blocked, id=14920, stack(0x00000087f6e00000,0x00000087f6f00000)]
=>0x000002357192f9e0 JavaThread "C2 CompilerThread1" daemon [_thread_in_native, id=8084, stack(0x00000087f6f00000,0x00000087f7000000)]
  0x0000023571938880 JavaThread "Notification Thread" daemon [_thread_blocked, id=16160, stack(0x00000087f7100000,0x00000087f7200000)]
  0x0000023573c23830 JavaThread "Active Thread: Equinox Container: 5cc76e52-a3cc-4f5c-9472-4e46c8efcbc7" [_thread_blocked, id=5936, stack(0x00000087f7300000,0x00000087f7400000)]
  0x0000023573c611c0 JavaThread "Framework Event Dispatcher: Equinox Container: 5cc76e52-a3cc-4f5c-9472-4e46c8efcbc7" daemon [_thread_in_vm, id=16288, stack(0x00000087f7a00000,0x00000087f7b00000)]
  0x0000023573d9f490 JavaThread "Start Level: Equinox Container: 5cc76e52-a3cc-4f5c-9472-4e46c8efcbc7" daemon [_thread_in_vm, id=15868, stack(0x00000087f7b00000,0x00000087f7c00000)]
  0x0000023573ce5150 JavaThread "SCR Component Actor" daemon [_thread_blocked, id=8952, stack(0x00000087f7c00000,0x00000087f7d00000)]
  0x0000023573c92b00 JavaThread "SCR Component Registry" daemon [_thread_blocked, id=10976, stack(0x00000087f7e00000,0x00000087f7f00000)]
  0x0000023573eff4e0 JavaThread "Worker-JM" [_thread_blocked, id=3096, stack(0x00000087f7f00000,0x00000087f8000000)]
  0x0000023573efe5b0 JavaThread "Worker-0" [_thread_blocked, id=12604, stack(0x00000087f8200000,0x00000087f8300000)]
  0x0000023573efeac0 JavaThread "Worker-1" [_thread_blocked, id=9596, stack(0x00000087f8300000,0x00000087f8400000)]

Other Threads:
  0x000002356c32f970 VMThread "VM Thread" [stack: 0x00000087f6400000,0x00000087f6500000] [id=8420]
  0x00000235719399f0 WatcherThread [stack: 0x00000087f7200000,0x00000087f7300000] [id=4420]
  0x00000235584b5310 GCTaskThread "GC Thread#0" [stack: 0x00000087f6300000,0x00000087f6400000] [id=6696]
  0x00000235734e1990 GCTaskThread "GC Thread#1" [stack: 0x00000087f7400000,0x00000087f7500000] [id=2572]
  0x0000023573b86020 GCTaskThread "GC Thread#2" [stack: 0x00000087f7500000,0x00000087f7600000] [id=2000]
  0x0000023573b862e0 GCTaskThread "GC Thread#3" [stack: 0x00000087f7600000,0x00000087f7700000] [id=11476]
  0x0000023573ae1580 GCTaskThread "GC Thread#4" [stack: 0x00000087f7700000,0x00000087f7800000] [id=13152]
  0x0000023573ae3c20 GCTaskThread "GC Thread#5" [stack: 0x00000087f7800000,0x00000087f7900000] [id=1636]
  0x0000023573ae2360 GCTaskThread "GC Thread#6" [stack: 0x00000087f7900000,0x00000087f7a00000] [id=13984]
  0x0000023573ae2e60 GCTaskThread "GC Thread#7" [stack: 0x00000087f7d00000,0x00000087f7e00000] [id=14356]
  0x0000023573ae20a0 GCTaskThread "GC Thread#8" [stack: 0x00000087f8000000,0x00000087f8100000] [id=12152]
  0x0000023573ae2620 GCTaskThread "GC Thread#9" [stack: 0x00000087f8100000,0x00000087f8200000] [id=10108]

Threads with active compile tasks:
C2 CompilerThread0     1820 2286       4       lombok.patcher.PatchScript$MethodPatcher::visitMethod (158 bytes)
C1 CompilerThread0     1820 2305       3       jdk.internal.reflect.ReflectionFactory::newFieldAccessor (83 bytes)
C2 CompilerThread1     1820 2280       4       org.lombokweb.asm.ClassReader::readMethod (1066 bytes)

VM state: not at safepoint (normal execution)

VM Mutex/Monitor currently owned by a thread:  ([mutex/lock_event])
[0x00000235584992e0] Metaspace_lock - owner thread: 0x000002357160cfe0
[0x000002355849b970] MethodData_lock - owner thread: 0x000002357160cfe0

OutOfMemory and StackOverflow Exception counts:
OutOfMemoryError java_heap_errors=2
LinkageErrors=36

Heap address: 0x00000000c0000000, size: 1024 MB, Compressed Oops mode: 32-bit

CDS archive(s) not mapped
Compressed class space mapped at: 0x0000000100000000-0x0000000140000000, reserved size: 1073741824
Narrow klass base: 0x0000000000000000, Narrow klass shift: 3, Narrow klass range: 0x140000000

GC Precious Log:
 CPUs: 12 total, 12 available
 Memory: 7579M
 Large Page Support: Disabled
 NUMA Support: Disabled
 Compressed Oops: Enabled (32-bit)
 Alignments: Space 512K, Generation 512K, Heap 2M
 Heap Min Capacity: 100M
 Heap Initial Capacity: 100M
 Heap Max Capacity: 1G
 Pre-touch: Disabled
 Parallel Workers: 10

Heap:
 PSYoungGen      total 26112K, used 11782K [0x00000000eab00000, 0x00000000ec880000, 0x0000000100000000)
  eden space 25088K, 44% used [0x00000000eab00000,0x00000000eb5d2d60,0x00000000ec380000)
  from space 1024K, 68% used [0x00000000ec400000,0x00000000ec4aeb10,0x00000000ec500000)
  to   space 2560K, 0% used [0x00000000ec600000,0x00000000ec600000,0x00000000ec880000)
 ParOldGen       total 68608K, used 6611K [0x00000000c0000000, 0x00000000c4300000, 0x00000000eab00000)
  object space 68608K, 9% used [0x00000000c0000000,0x00000000c0674fc0,0x00000000c4300000)
 Metaspace       used 26096K, committed 26496K, reserved 1114112K
  class space    used 2546K, committed 2752K, reserved 1048576K

Card table byte_map: [0x0000023557e40000,0x0000023558050000] _byte_map_base: 0x0000023557840000

Marking Bits: (ParMarkBitMap*) 0x00007ff956b9d0b0
 Begin Bits: [0x000002356a140000, 0x000002356b140000)
 End Bits:   [0x000002356b140000, 0x000002356c140000)

Polling page: 0x00000235563e0000

Metaspace:

Usage:
  Non-class:     23.00 MB used.
      Class:      2.49 MB used.
       Both:     25.49 MB used.

Virtual space:
  Non-class space:       64.00 MB reserved,      23.19 MB ( 36%) committed,  1 nodes.
      Class space:        1.00 GB reserved,       2.69 MB ( <1%) committed,  1 nodes.
             Both:        1.06 GB reserved,      25.88 MB (  2%) committed. 

Chunk freelists:
   Non-Class:  8.31 MB
       Class:  13.32 MB
        Both:  21.63 MB

MaxMetaspaceSize: unlimited
CompressedClassSpaceSize: 1.00 GB
Initial GC threshold: 21.00 MB
Current GC threshold: 35.00 MB
CDS: off
MetaspaceReclaimPolicy: balanced
 - commit_granule_bytes: 65536.
 - commit_granule_words: 8192.
 - virtual_space_node_default_size: 8388608.
 - enlarge_chunks_in_place: 1.
 - new_chunks_are_fully_committed: 0.
 - uncommit_free_chunks: 1.
 - use_allocation_guard: 0.
 - handle_deallocations: 1.


Internal statistics:

num_allocs_failed_limit: 3.
num_arena_births: 270.
num_arena_deaths: 14.
num_vsnodes_births: 2.
num_vsnodes_deaths: 0.
num_space_committed: 414.
num_space_uncommitted: 0.
num_chunks_returned_to_freelist: 17.
num_chunks_taken_from_freelist: 970.
num_chunk_merges: 7.
num_chunk_splits: 638.
num_chunks_enlarged: 443.
num_inconsistent_stats: 0.

CodeHeap 'non-profiled nmethods': size=120000Kb used=940Kb max_used=940Kb free=119059Kb
 bounds [0x0000023562c10000, 0x0000023562e80000, 0x000002356a140000]
CodeHeap 'profiled nmethods': size=120000Kb used=4479Kb max_used=4479Kb free=115520Kb
 bounds [0x000002355b140000, 0x000002355b5a0000, 0x0000023562670000]
CodeHeap 'non-nmethods': size=5760Kb used=1225Kb max_used=1237Kb free=4534Kb
 bounds [0x0000023562670000, 0x00000235628e0000, 0x0000023562c10000]
 total_blobs=2835 nmethods=2297 adapters=452
 compilation: enabled
              stopped_count=0, restarted_count=0
 full_count=0

Compilation events (20 events):
Event: 1.775 Thread 0x000002357160cfe0 nmethod 2279 0x000002355b58f690 code [0x000002355b58f840, 0x000002355b58f9e8]
Event: 1.775 Thread 0x000002357160cfe0 2281       3       java.lang.String::split (327 bytes)
Event: 1.777 Thread 0x000002357192f9e0 nmethod 2277 0x0000023562cf3090 code [0x0000023562cf3220, 0x0000023562cf3538]
Event: 1.777 Thread 0x000002357192f9e0 2280       4       org.lombokweb.asm.ClassReader::readMethod (1066 bytes)
Event: 1.778 Thread 0x000002357160cfe0 nmethod 2281 0x000002355b58fa90 code [0x000002355b590020, 0x000002355b5932f8]
Event: 1.778 Thread 0x000002357160cfe0 2282       3       lombok.patcher.Hook::toSpec (95 bytes)
Event: 1.778 Thread 0x00000235715e95d0 nmethod 2275 0x0000023562cf3710 code [0x0000023562cf38a0, 0x0000023562cf3d18]
Event: 1.778 Thread 0x00000235715e95d0 2283       4       org.lombokweb.asm.MethodWriter::computeMethodInfoSize (571 bytes)
Event: 1.779 Thread 0x000002357160cfe0 nmethod 2282 0x000002355b594590 code [0x000002355b5948e0, 0x000002355b595a18]
Event: 1.779 Thread 0x000002357160cfe0 2284 %     3       org.lombokweb.asm.ClassReader::<init> @ 110 (371 bytes)
Event: 1.780 Thread 0x000002357160cfe0 nmethod 2284% 0x000002355b596010 code [0x000002355b596300, 0x000002355b597658]
Event: 1.780 Thread 0x000002357160cfe0 2285 %     3       org.lombokweb.asm.SymbolTable::<init> @ 98 (536 bytes)
Event: 1.782 Thread 0x000002357160cfe0 nmethod 2285% 0x000002355b597c10 code [0x000002355b5981c0, 0x000002355b59adc8]
Event: 1.784 Thread 0x00000235715e95d0 nmethod 2283 0x0000023562cf4010 code [0x0000023562cf42a0, 0x0000023562cf49d8]
Event: 1.784 Thread 0x00000235715e95d0 2286       4       lombok.patcher.PatchScript$MethodPatcher::visitMethod (158 bytes)
Event: 1.803 Thread 0x000002357160cfe0 2289       3       org.lombokweb.asm.ClassReader::<init> (371 bytes)
Event: 1.804 Thread 0x000002357160cfe0 nmethod 2289 0x000002355b59bf90 code [0x000002355b59c260, 0x000002355b59d418]
Event: 1.804 Thread 0x000002357160cfe0 2290       3       org.lombokweb.asm.SymbolTable::<init> (536 bytes)
Event: 1.806 Thread 0x000002357160cfe0 nmethod 2290 0x0000023562cf5010 code [0x0000023562cf5580, 0x0000023562cf7e08]
Event: 1.806 Thread 0x000002357160cfe0 2291       3       org.lombokweb.asm.ByteVector::putUTF8 (144 bytes)

GC Heap History (12 events):
Event: 0.707 GC heap before
{Heap before GC invocations=1 (full 0):
 PSYoungGen      total 29696K, used 25600K [0x00000000eab00000, 0x00000000ecc00000, 0x0000000100000000)
  eden space 25600K, 100% used [0x00000000eab00000,0x00000000ec400000,0x00000000ec400000)
  from space 4096K, 0% used [0x00000000ec800000,0x00000000ec800000,0x00000000ecc00000)
  to   space 4096K, 0% used [0x00000000ec400000,0x00000000ec400000,0x00000000ec800000)
 ParOldGen       total 68608K, used 0K [0x00000000c0000000, 0x00000000c4300000, 0x00000000eab00000)
  object space 68608K, 0% used [0x00000000c0000000,0x00000000c0000000,0x00000000c4300000)
 Metaspace       used 10988K, committed 11200K, reserved 1114112K
  class space    used 1098K, committed 1216K, reserved 1048576K
}
Event: 0.712 GC heap after
{Heap after GC invocations=1 (full 0):
 PSYoungGen      total 29696K, used 3155K [0x00000000eab00000, 0x00000000ecc00000, 0x0000000100000000)
  eden space 25600K, 0% used [0x00000000eab00000,0x00000000eab00000,0x00000000ec400000)
  from space 4096K, 77% used [0x00000000ec400000,0x00000000ec714c38,0x00000000ec800000)
  to   space 4096K, 0% used [0x00000000ec800000,0x00000000ec800000,0x00000000ecc00000)
 ParOldGen       total 68608K, used 16K [0x00000000c0000000, 0x00000000c4300000, 0x00000000eab00000)
  object space 68608K, 0% used [0x00000000c0000000,0x00000000c0004000,0x00000000c4300000)
 Metaspace       used 10988K, committed 11200K, reserved 1114112K
  class space    used 1098K, committed 1216K, reserved 1048576K
}
Event: 1.159 GC heap before
{Heap before GC invocations=2 (full 0):
 PSYoungGen      total 29696K, used 28755K [0x00000000eab00000, 0x00000000ecc00000, 0x0000000100000000)
  eden space 25600K, 100% used [0x00000000eab00000,0x00000000ec400000,0x00000000ec400000)
  from space 4096K, 77% used [0x00000000ec400000,0x00000000ec714c38,0x00000000ec800000)
  to   space 4096K, 0% used [0x00000000ec800000,0x00000000ec800000,0x00000000ecc00000)
 ParOldGen       total 68608K, used 16K [0x00000000c0000000, 0x00000000c4300000, 0x00000000eab00000)
  object space 68608K, 0% used [0x00000000c0000000,0x00000000c0004000,0x00000000c4300000)
 Metaspace       used 15102K, committed 15360K, reserved 1114112K
  class space    used 1532K, committed 1664K, reserved 1048576K
}
Event: 1.165 GC heap after
{Heap after GC invocations=2 (full 0):
 PSYoungGen      total 29696K, used 4076K [0x00000000eab00000, 0x00000000ecc00000, 0x0000000100000000)
  eden space 25600K, 0% used [0x00000000eab00000,0x00000000eab00000,0x00000000ec400000)
  from space 4096K, 99% used [0x00000000ec800000,0x00000000ecbfb0a0,0x00000000ecc00000)
  to   space 4096K, 0% used [0x00000000ec400000,0x00000000ec400000,0x00000000ec800000)
 ParOldGen       total 68608K, used 722K [0x00000000c0000000, 0x00000000c4300000, 0x00000000eab00000)
  object space 68608K, 1% used [0x00000000c0000000,0x00000000c00b4830,0x00000000c4300000)
 Metaspace       used 15102K, committed 15360K, reserved 1114112K
  class space    used 1532K, committed 1664K, reserved 1048576K
}
Event: 1.499 GC heap before
{Heap before GC invocations=3 (full 0):
 PSYoungGen      total 29696K, used 29676K [0x00000000eab00000, 0x00000000ecc00000, 0x0000000100000000)
  eden space 25600K, 100% used [0x00000000eab00000,0x00000000ec400000,0x00000000ec400000)
  from space 4096K, 99% used [0x00000000ec800000,0x00000000ecbfb0a0,0x00000000ecc00000)
  to   space 4096K, 0% used [0x00000000ec400000,0x00000000ec400000,0x00000000ec800000)
 ParOldGen       total 68608K, used 722K [0x00000000c0000000, 0x00000000c4300000, 0x00000000eab00000)
  object space 68608K, 1% used [0x00000000c0000000,0x00000000c00b4830,0x00000000c4300000)
 Metaspace       used 20167K, committed 20544K, reserved 1114112K
  class space    used 2063K, committed 2240K, reserved 1048576K
}
Event: 1.504 GC heap after
{Heap after GC invocations=3 (full 0):
 PSYoungGen      total 29696K, used 4087K [0x00000000eab00000, 0x00000000ecc00000, 0x0000000100000000)
  eden space 25600K, 0% used [0x00000000eab00000,0x00000000eab00000,0x00000000ec400000)
  from space 4096K, 99% used [0x00000000ec400000,0x00000000ec7fdf78,0x00000000ec800000)
  to   space 4096K, 0% used [0x00000000ec800000,0x00000000ec800000,0x00000000ecc00000)
 ParOldGen       total 68608K, used 2512K [0x00000000c0000000, 0x00000000c4300000, 0x00000000eab00000)
  object space 68608K, 3% used [0x00000000c0000000,0x00000000c0274220,0x00000000c4300000)
 Metaspace       used 20167K, committed 20544K, reserved 1114112K
  class space    used 2063K, committed 2240K, reserved 1048576K
}
Event: 1.570 GC heap before
{Heap before GC invocations=4 (full 0):
 PSYoungGen      total 29696K, used 9948K [0x00000000eab00000, 0x00000000ecc00000, 0x0000000100000000)
  eden space 25600K, 22% used [0x00000000eab00000,0x00000000eb0b91d8,0x00000000ec400000)
  from space 4096K, 99% used [0x00000000ec400000,0x00000000ec7fdf78,0x00000000ec800000)
  to   space 4096K, 0% used [0x00000000ec800000,0x00000000ec800000,0x00000000ecc00000)
 ParOldGen       total 68608K, used 2512K [0x00000000c0000000, 0x00000000c4300000, 0x00000000eab00000)
  object space 68608K, 3% used [0x00000000c0000000,0x00000000c0274220,0x00000000c4300000)
 Metaspace       used 21104K, committed 21504K, reserved 1114112K
  class space    used 2165K, committed 2368K, reserved 1048576K
}
Event: 1.573 GC heap after
{Heap after GC invocations=4 (full 0):
 PSYoungGen      total 29696K, used 4077K [0x00000000eab00000, 0x00000000ecc00000, 0x0000000100000000)
  eden space 25600K, 0% used [0x00000000eab00000,0x00000000eab00000,0x00000000ec400000)
  from space 4096K, 99% used [0x00000000ec800000,0x00000000ecbfb7b8,0x00000000ecc00000)
  to   space 4096K, 0% used [0x00000000ec400000,0x00000000ec400000,0x00000000ec800000)
 ParOldGen       total 68608K, used 2773K [0x00000000c0000000, 0x00000000c4300000, 0x00000000eab00000)
  object space 68608K, 4% used [0x00000000c0000000,0x00000000c02b5428,0x00000000c4300000)
 Metaspace       used 21104K, committed 21504K, reserved 1114112K
  class space    used 2165K, committed 2368K, reserved 1048576K
}
Event: 1.573 GC heap before
{Heap before GC invocations=5 (full 1):
 PSYoungGen      total 29696K, used 4077K [0x00000000eab00000, 0x00000000ecc00000, 0x0000000100000000)
  eden space 25600K, 0% used [0x00000000eab00000,0x00000000eab00000,0x00000000ec400000)
  from space 4096K, 99% used [0x00000000ec800000,0x00000000ecbfb7b8,0x00000000ecc00000)
  to   space 4096K, 0% used [0x00000000ec400000,0x00000000ec400000,0x00000000ec800000)
 ParOldGen       total 68608K, used 2773K [0x00000000c0000000, 0x00000000c4300000, 0x00000000eab00000)
  object space 68608K, 4% used [0x00000000c0000000,0x00000000c02b5428,0x00000000c4300000)
 Metaspace       used 21104K, committed 21504K, reserved 1114112K
  class space    used 2165K, committed 2368K, reserved 1048576K
}
Event: 1.587 GC heap after
{Heap after GC invocations=5 (full 1):
 PSYoungGen      total 29696K, used 0K [0x00000000eab00000, 0x00000000ecc00000, 0x0000000100000000)
  eden space 25600K, 0% used [0x00000000eab00000,0x00000000eab00000,0x00000000ec400000)
  from space 4096K, 0% used [0x00000000ec800000,0x00000000ec800000,0x00000000ecc00000)
  to   space 4096K, 0% used [0x00000000ec400000,0x00000000ec400000,0x00000000ec800000)
 ParOldGen       total 68608K, used 6603K [0x00000000c0000000, 0x00000000c4300000, 0x00000000eab00000)
  object space 68608K, 9% used [0x00000000c0000000,0x00000000c0672fc0,0x00000000c4300000)
 Metaspace       used 21091K, committed 21504K, reserved 1114112K
  class space    used 2162K, committed 2368K, reserved 1048576K
}
Event: 1.742 GC heap before
{Heap before GC invocations=6 (full 1):
 PSYoungGen      total 29696K, used 25600K [0x00000000eab00000, 0x00000000ecc00000, 0x0000000100000000)
  eden space 25600K, 100% used [0x00000000eab00000,0x00000000ec400000,0x00000000ec400000)
  from space 4096K, 0% used [0x00000000ec800000,0x00000000ec800000,0x00000000ecc00000)
  to   space 4096K, 0% used [0x00000000ec400000,0x00000000ec400000,0x00000000ec800000)
 ParOldGen       total 68608K, used 6603K [0x00000000c0000000, 0x00000000c4300000, 0x00000000eab00000)
  object space 68608K, 9% used [0x00000000c0000000,0x00000000c0672fc0,0x00000000c4300000)
 Metaspace       used 24578K, committed 25024K, reserved 1114112K
  class space    used 2412K, committed 2624K, reserved 1048576K
}
Event: 1.743 GC heap after
{Heap after GC invocations=6 (full 1):
 PSYoungGen      total 26112K, used 698K [0x00000000eab00000, 0x00000000ec880000, 0x0000000100000000)
  eden space 25088K, 0% used [0x00000000eab00000,0x00000000eab00000,0x00000000ec380000)
  from space 1024K, 68% used [0x00000000ec400000,0x00000000ec4aeb10,0x00000000ec500000)
  to   space 2560K, 0% used [0x00000000ec600000,0x00000000ec600000,0x00000000ec880000)
 ParOldGen       total 68608K, used 6611K [0x00000000c0000000, 0x00000000c4300000, 0x00000000eab00000)
  object space 68608K, 9% used [0x00000000c0000000,0x00000000c0674fc0,0x00000000c4300000)
 Metaspace       used 24578K, committed 25024K, reserved 1114112K
  class space    used 2412K, committed 2624K, reserved 1048576K
}

Dll operation events (9 events):
Event: 0.005 Loaded shared library c:\Users\ADMIN\.vscode\extensions\redhat.java-1.25.1-win32-x64\jre\17.0.9-win32-x86_64\bin\java.dll
Event: 0.096 Loaded shared library c:\Users\ADMIN\.vscode\extensions\redhat.java-1.25.1-win32-x64\jre\17.0.9-win32-x86_64\bin\zip.dll
Event: 0.098 Loaded shared library C:\Users\ADMIN\.vscode\extensions\redhat.java-1.25.1-win32-x64\jre\17.0.9-win32-x86_64\bin\instrument.dll
Event: 0.106 Loaded shared library C:\Users\ADMIN\.vscode\extensions\redhat.java-1.25.1-win32-x64\jre\17.0.9-win32-x86_64\bin\net.dll
Event: 0.253 Loaded shared library C:\Users\ADMIN\.vscode\extensions\redhat.java-1.25.1-win32-x64\jre\17.0.9-win32-x86_64\bin\nio.dll
Event: 0.258 Loaded shared library C:\Users\ADMIN\.vscode\extensions\redhat.java-1.25.1-win32-x64\jre\17.0.9-win32-x86_64\bin\zip.dll
Event: 0.269 Loaded shared library C:\Users\ADMIN\.vscode\extensions\redhat.java-1.25.1-win32-x64\jre\17.0.9-win32-x86_64\bin\jimage.dll
Event: 0.311 Loaded shared library c:\Users\ADMIN\.vscode\extensions\redhat.java-1.25.1-win32-x64\jre\17.0.9-win32-x86_64\bin\verify.dll
Event: 1.069 Loaded shared library C:\Users\ADMIN\AppData\Roaming\Code\User\globalStorage\redhat.java\1.25.1\config_ss_win\org.eclipse.equinox.launcher\org.eclipse.equinox.launcher.win32.win32.x86_64_1.2.800.v20231003-1442\eclipse_11802.dll

Deoptimization events (20 events):
Event: 1.343 Thread 0x0000023573d9f490 Uncommon trap: trap_request=0xffffffc6 fr.pc=0x0000023562cc0898 relative=0x0000000000000358
Event: 1.343 Thread 0x0000023573d9f490 Uncommon trap: reason=bimorphic_or_optimized_type_check action=maybe_recompile pc=0x0000023562cc0898 method=java.io.DataInputStream.readUnsignedByte()I @ 4 c2
Event: 1.343 Thread 0x0000023573d9f490 DEOPT PACKING pc=0x0000023562cc0898 sp=0x00000087f7bf8640
Event: 1.343 Thread 0x0000023573d9f490 DEOPT UNPACKING pc=0x00000235626c66a3 sp=0x00000087f7bf8598 mode 2
Event: 1.343 Thread 0x0000023573d9f490 Uncommon trap: trap_request=0xffffffc6 fr.pc=0x0000023562cc1f3c relative=0x0000000000000d7c
Event: 1.343 Thread 0x0000023573d9f490 Uncommon trap: reason=bimorphic_or_optimized_type_check action=maybe_recompile pc=0x0000023562cc1f3c method=java.io.DataInputStream.readInt()I @ 6 c2
Event: 1.343 Thread 0x0000023573d9f490 DEOPT PACKING pc=0x0000023562cc1f3c sp=0x00000087f7bf8690
Event: 1.343 Thread 0x0000023573d9f490 DEOPT UNPACKING pc=0x00000235626c66a3 sp=0x00000087f7bf8648 mode 2
Event: 1.343 Thread 0x0000023573d9f490 Uncommon trap: trap_request=0xffffffc6 fr.pc=0x0000023562cc1f3c relative=0x0000000000000d7c
Event: 1.343 Thread 0x0000023573d9f490 Uncommon trap: reason=bimorphic_or_optimized_type_check action=maybe_recompile pc=0x0000023562cc1f3c method=java.io.DataInputStream.readInt()I @ 6 c2
Event: 1.343 Thread 0x0000023573d9f490 DEOPT PACKING pc=0x0000023562cc1f3c sp=0x00000087f7bf8620
Event: 1.343 Thread 0x0000023573d9f490 DEOPT UNPACKING pc=0x00000235626c66a3 sp=0x00000087f7bf85d8 mode 2
Event: 1.398 Thread 0x0000023573d9f490 Uncommon trap: trap_request=0xffffff45 fr.pc=0x0000023562c49488 relative=0x0000000000000de8
Event: 1.398 Thread 0x0000023573d9f490 Uncommon trap: reason=unstable_if action=reinterpret pc=0x0000023562c49488 method=lombok.patcher.PatchScript.classMatches(Ljava/lang/String;Ljava/util/Collection;)Z @ 25 c2
Event: 1.398 Thread 0x0000023573d9f490 DEOPT PACKING pc=0x0000023562c49488 sp=0x00000087f7bf6b80
Event: 1.398 Thread 0x0000023573d9f490 DEOPT UNPACKING pc=0x00000235626c66a3 sp=0x00000087f7bf6b40 mode 2
Event: 1.519 Thread 0x0000023573d9f490 Uncommon trap: trap_request=0xffffff45 fr.pc=0x0000023562ca1540 relative=0x0000000000000040
Event: 1.519 Thread 0x0000023573d9f490 Uncommon trap: reason=unstable_if action=reinterpret pc=0x0000023562ca1540 method=sun.nio.fs.WindowsPathParser.isSlash(C)Z @ 9 c2
Event: 1.519 Thread 0x0000023573d9f490 DEOPT PACKING pc=0x0000023562ca1540 sp=0x00000087f7bf8f80
Event: 1.519 Thread 0x0000023573d9f490 DEOPT UNPACKING pc=0x00000235626c66a3 sp=0x00000087f7bf8f08 mode 2

Classes unloaded (7 events):
Event: 1.575 Thread 0x000002356c32f970 Unloading class 0x000000010021a000 'java/lang/invoke/LambdaForm$MH+0x000000010021a000'
Event: 1.575 Thread 0x000002356c32f970 Unloading class 0x0000000100219c00 'java/lang/invoke/LambdaForm$MH+0x0000000100219c00'
Event: 1.575 Thread 0x000002356c32f970 Unloading class 0x0000000100219800 'java/lang/invoke/LambdaForm$MH+0x0000000100219800'
Event: 1.575 Thread 0x000002356c32f970 Unloading class 0x0000000100219400 'java/lang/invoke/LambdaForm$MH+0x0000000100219400'
Event: 1.575 Thread 0x000002356c32f970 Unloading class 0x0000000100219000 'java/lang/invoke/LambdaForm$BMH+0x0000000100219000'
Event: 1.575 Thread 0x000002356c32f970 Unloading class 0x0000000100218c00 'java/lang/invoke/LambdaForm$DMH+0x0000000100218c00'
Event: 1.575 Thread 0x000002356c32f970 Unloading class 0x0000000100216000 'java/lang/invoke/LambdaForm$DMH+0x0000000100216000'

Classes redefined (0 events):
No events

Internal exceptions (20 events):
Event: 1.408 Thread 0x0000023573d9f490 Exception <a 'java/lang/NoSuchMethodError'{0x00000000ebe399e8}: 'int java.lang.invoke.DirectMethodHandle$Holder.invokeSpecial(java.lang.Object, java.lang.Object, java.lang.Object)'> (0x00000000ebe399e8) 
thrown [s\src\hotspot\share\interpreter\linkResolver.cpp, line 759]
Event: 1.409 Thread 0x0000023573d9f490 Exception <a 'java/lang/NoSuchMethodError'{0x00000000ebe4b168}: 'int java.lang.invoke.DirectMethodHandle$Holder.invokeStatic(java.lang.Object, java.lang.Object, int)'> (0x00000000ebe4b168) 
thrown [s\src\hotspot\share\interpreter\linkResolver.cpp, line 759]
Event: 1.409 Thread 0x0000023573d9f490 Exception <a 'java/lang/NoSuchMethodError'{0x00000000ebe4f190}: 'int java.lang.invoke.DirectMethodHandle$Holder.invokeSpecial(java.lang.Object, java.lang.Object, java.lang.Object, int)'> (0x00000000ebe4f190) 
thrown [s\src\hotspot\share\interpreter\linkResolver.cpp, line 759]
Event: 1.411 Thread 0x0000023573d9f490 Exception <a 'java/lang/NoSuchMethodError'{0x00000000ebe6afc8}: 'java.lang.Object java.lang.invoke.DirectMethodHandle$Holder.invokeStatic(java.lang.Object, java.lang.Object, java.lang.Object, java.lang.Object, int)'> (0x00000000ebe6afc8) 
thrown [s\src\hotspot\share\interpreter\linkResolver.cpp, line 759]
Event: 1.413 Thread 0x0000023573d9f490 Exception <a 'java/lang/NoSuchMethodError'{0x00000000ebe76fc0}: 'java.lang.Object java.lang.invoke.DelegatingMethodHandle$Holder.reinvoke_L(java.lang.Object, java.lang.Object, java.lang.Object, java.lang.Object, int, int)'> (0x00000000ebe76fc0) 
thrown [s\src\hotspot\share\interpreter\linkResolver.cpp, line 759]
Event: 1.414 Thread 0x0000023573d9f490 Exception <a 'java/lang/NoSuchMethodError'{0x00000000ebe8b3e0}: 'java.lang.Object java.lang.invoke.Invokers$Holder.invokeExact_MT(java.lang.Object, java.lang.Object, java.lang.Object, java.lang.Object)'> (0x00000000ebe8b3e0) 
thrown [s\src\hotspot\share\interpreter\linkResolver.cpp, line 759]
Event: 1.454 Thread 0x0000023573d9f490 Exception <a 'java/io/FileNotFoundException'{0x00000000ec0f15f0}> (0x00000000ec0f15f0) 
thrown [s\src\hotspot\share\prims\jni.cpp, line 516]
Event: 1.490 Thread 0x0000023573d9f490 Exception <a 'java/lang/NoSuchMethodError'{0x00000000ec3841f0}: 'java.lang.Object java.lang.invoke.DirectMethodHandle$Holder.newInvokeSpecial(java.lang.Object, java.lang.Object, java.lang.Object, java.lang.Object, java.lang.Object)'> (0x00000000ec3841f0) 
thrown [s\src\hotspot\share\interpreter\linkResolver.cpp, line 759]
Event: 1.541 Thread 0x0000023573d9f490 Exception <a 'java/lang/NoSuchMethodError'{0x00000000eadddfc0}: 'java.lang.Object java.lang.invoke.DirectMethodHandle$Holder.invokeSpecial(java.lang.Object, java.lang.Object, java.lang.Object, long, java.lang.Object)'> (0x00000000eadddfc0) 
thrown [s\src\hotspot\share\interpreter\linkResolver.cpp, line 759]
Event: 1.542 Thread 0x0000023573d9f490 Exception <a 'java/lang/NoSuchMethodError'{0x00000000eade6178}: 'java.lang.Object java.lang.invoke.DirectMethodHandle$Holder.newInvokeSpecial(java.lang.Object, java.lang.Object, java.lang.Object, long)'> (0x00000000eade6178) 
thrown [s\src\hotspot\share\interpreter\linkResolver.cpp, line 759]
Event: 1.542 Thread 0x0000023573d9f490 Exception <a 'java/lang/NoSuchMethodError'{0x00000000eadea718}: 'java.lang.Object java.lang.invoke.DirectMethodHandle$Holder.invokeSpecial(java.lang.Object, java.lang.Object, java.lang.Object, java.lang.Object, long)'> (0x00000000eadea718) 
thrown [s\src\hotspot\share\interpreter\linkResolver.cpp, line 759]
Event: 1.542 Thread 0x0000023573d9f490 Exception <a 'java/lang/NoSuchMethodError'{0x00000000eadee590}: 'java.lang.Object java.lang.invoke.Invokers$Holder.linkToTargetMethod(java.lang.Object, java.lang.Object, long, java.lang.Object)'> (0x00000000eadee590) 
thrown [s\src\hotspot\share\interpreter\linkResolver.cpp, line 759]
Event: 1.548 Thread 0x0000023573d9f490 Exception <a 'java/lang/NoSuchMethodError'{0x00000000eae85750}: 'int java.lang.invoke.DirectMethodHandle$Holder.invokeStaticInit(java.lang.Object, java.lang.Object, java.lang.Object)'> (0x00000000eae85750) 
thrown [s\src\hotspot\share\interpreter\linkResolver.cpp, line 759]
Event: 1.552 Thread 0x0000023573d9f490 Exception <a 'java/lang/IncompatibleClassChangeError'{0x00000000eaeed928}: Found class java.lang.Object, but interface was expected> (0x00000000eaeed928) 
thrown [s\src\hotspot\share\interpreter\linkResolver.cpp, line 826]
Event: 1.556 Thread 0x0000023573d9f490 Exception <a 'java/lang/NoSuchMethodError'{0x00000000eaf07890}: 'java.lang.Object java.lang.invoke.DirectMethodHandle$Holder.invokeSpecial(java.lang.Object, java.lang.Object, java.lang.Object, int, java.lang.Object, java.lang.Object)'> (0x00000000eaf07890) 
thrown [s\src\hotspot\share\interpreter\linkResolver.cpp, line 759]
Event: 1.557 Thread 0x0000023573d9f490 Exception <a 'java/lang/NoSuchMethodError'{0x00000000eaf10018}: 'java.lang.Object java.lang.invoke.DirectMethodHandle$Holder.newInvokeSpecial(java.lang.Object, java.lang.Object, java.lang.Object, int, java.lang.Object)'> (0x00000000eaf10018) 
thrown [s\src\hotspot\share\interpreter\linkResolver.cpp, line 759]
Event: 1.557 Thread 0x0000023573d9f490 Exception <a 'java/lang/NoSuchMethodError'{0x00000000eaf14470}: 'java.lang.Object java.lang.invoke.DirectMethodHandle$Holder.invokeSpecial(java.lang.Object, java.lang.Object, java.lang.Object, java.lang.Object, int, java.lang.Object)'> (0x00000000eaf14470) 
thrown [s\src\hotspot\share\interpreter\linkResolver.cpp, line 759]
Event: 1.558 Thread 0x0000023573efe5b0 Exception <a 'java/lang/NoSuchMethodError'{0x00000000eae419b8}: 'java.lang.Object java.lang.invoke.DirectMethodHandle$Holder.invokeSpecial(java.lang.Object, java.lang.Object, int, java.lang.Object, java.lang.Object)'> (0x00000000eae419b8) 
thrown [s\src\hotspot\share\interpreter\linkResolver.cpp, line 759]
Event: 1.558 Thread 0x0000023573efe5b0 Exception <a 'java/lang/NoSuchMethodError'{0x00000000eae49088}: 'java.lang.Object java.lang.invoke.DirectMethodHandle$Holder.newInvokeSpecial(java.lang.Object, java.lang.Object, int, java.lang.Object)'> (0x00000000eae49088) 
thrown [s\src\hotspot\share\interpreter\linkResolver.cpp, line 759]
Event: 1.559 Thread 0x0000023573efe5b0 Exception <a 'java/lang/NoSuchMethodError'{0x00000000eae4cb98}: 'java.lang.Object java.lang.invoke.DirectMethodHandle$Holder.invokeSpecial(java.lang.Object, java.lang.Object, java.lang.Object, int, java.lang.Object)'> (0x00000000eae4cb98) 
thrown [s\src\hotspot\share\interpreter\linkResolver.cpp, line 759]

VM Operations (20 events):
Event: 0.943 Executing VM operation: HandshakeAllThreads
Event: 0.943 Executing VM operation: HandshakeAllThreads done
Event: 0.958 Executing VM operation: HandshakeAllThreads
Event: 0.958 Executing VM operation: HandshakeAllThreads done
Event: 1.126 Executing VM operation: HandshakeAllThreads
Event: 1.126 Executing VM operation: HandshakeAllThreads done
Event: 1.158 Executing VM operation: ParallelGCFailedAllocation
Event: 1.165 Executing VM operation: ParallelGCFailedAllocation done
Event: 1.344 Executing VM operation: HandshakeAllThreads
Event: 1.344 Executing VM operation: HandshakeAllThreads done
Event: 1.407 Executing VM operation: HandshakeAllThreads
Event: 1.407 Executing VM operation: HandshakeAllThreads done
Event: 1.499 Executing VM operation: ParallelGCFailedAllocation
Event: 1.504 Executing VM operation: ParallelGCFailedAllocation done
Event: 1.565 Executing VM operation: HandshakeAllThreads
Event: 1.565 Executing VM operation: HandshakeAllThreads done
Event: 1.570 Executing VM operation: CollectForMetadataAllocation
Event: 1.587 Executing VM operation: CollectForMetadataAllocation done
Event: 1.742 Executing VM operation: ParallelGCFailedAllocation
Event: 1.743 Executing VM operation: ParallelGCFailedAllocation done

Events (20 events):
Event: 1.599 loading class java/util/zip/GZIPOutputStream
Event: 1.600 loading class java/util/zip/GZIPOutputStream done
Event: 1.609 loading class java/io/StringReader
Event: 1.609 loading class java/io/StringReader done
Event: 1.611 loading class java/util/zip/GZIPInputStream
Event: 1.611 loading class java/util/zip/GZIPInputStream done
Event: 1.613 loading class java/net/SocketTimeoutException
Event: 1.613 loading class java/io/InterruptedIOException
Event: 1.613 loading class java/io/InterruptedIOException done
Event: 1.613 loading class java/net/SocketTimeoutException done
Event: 1.613 loading class java/net/SocketException
Event: 1.613 loading class java/net/SocketException done
Event: 1.613 loading class java/net/UnknownHostException
Event: 1.613 loading class java/net/UnknownHostException done
Event: 1.613 loading class java/net/ProtocolException
Event: 1.613 loading class java/net/ProtocolException done
Event: 1.626 loading class java/io/FileWriter
Event: 1.626 loading class java/io/FileWriter done
Event: 1.664 loading class java/lang/NegativeArraySizeException
Event: 1.664 loading class java/lang/NegativeArraySizeException done


Dynamic libraries:
0x00007ff725410000 - 0x00007ff72541e000 	c:\Users\ADMIN\.vscode\extensions\redhat.java-1.25.1-win32-x64\jre\17.0.9-win32-x86_64\bin\java.exe
0x00007ff9b4950000 - 0x00007ff9b4b48000 	C:\Windows\SYSTEM32\ntdll.dll
0x00007ff9b2ca0000 - 0x00007ff9b2d5d000 	C:\Windows\System32\KERNEL32.DLL
0x00007ff9b2240000 - 0x00007ff9b2512000 	C:\Windows\System32\KERNELBASE.dll
0x00007ff9b2520000 - 0x00007ff9b2620000 	C:\Windows\System32\ucrtbase.dll
0x00007ff9a4af0000 - 0x00007ff9a4b0b000 	c:\Users\ADMIN\.vscode\extensions\redhat.java-1.25.1-win32-x64\jre\17.0.9-win32-x86_64\bin\VCRUNTIME140.dll
0x00007ff9a14e0000 - 0x00007ff9a14f7000 	c:\Users\ADMIN\.vscode\extensions\redhat.java-1.25.1-win32-x64\jre\17.0.9-win32-x86_64\bin\jli.dll
0x00007ff9b2b00000 - 0x00007ff9b2c9d000 	C:\Windows\System32\USER32.dll
0x00007ff9b2060000 - 0x00007ff9b2082000 	C:\Windows\System32\win32u.dll
0x00007ff9a02c0000 - 0x00007ff9a055a000 	C:\Windows\WinSxS\amd64_microsoft.windows.common-controls_6595b64144ccf1df_6.0.19041.1110_none_60b5254171f9507e\COMCTL32.dll
0x00007ff9b4680000 - 0x00007ff9b46ab000 	C:\Windows\System32\GDI32.dll
0x00007ff9b4590000 - 0x00007ff9b462e000 	C:\Windows\System32\msvcrt.dll
0x00007ff9b27f0000 - 0x00007ff9b28ff000 	C:\Windows\System32\gdi32full.dll
0x00007ff9b21a0000 - 0x00007ff9b223d000 	C:\Windows\System32\msvcp_win.dll
0x00007ff9b4650000 - 0x00007ff9b4680000 	C:\Windows\System32\IMM32.DLL
0x00007ff9afe10000 - 0x00007ff9afe1c000 	c:\Users\ADMIN\.vscode\extensions\redhat.java-1.25.1-win32-x64\jre\17.0.9-win32-x86_64\bin\vcruntime140_1.dll
0x00007ff96b160000 - 0x00007ff96b1ed000 	c:\Users\ADMIN\.vscode\extensions\redhat.java-1.25.1-win32-x64\jre\17.0.9-win32-x86_64\bin\msvcp140.dll
0x00007ff956000000 - 0x00007ff956c61000 	c:\Users\ADMIN\.vscode\extensions\redhat.java-1.25.1-win32-x64\jre\17.0.9-win32-x86_64\bin\server\jvm.dll
0x00007ff9b29b0000 - 0x00007ff9b2a5e000 	C:\Windows\System32\ADVAPI32.dll
0x00007ff9b2a60000 - 0x00007ff9b2afc000 	C:\Windows\System32\sechost.dll
0x00007ff9b3840000 - 0x00007ff9b3965000 	C:\Windows\System32\RPCRT4.dll
0x00007ff9b1c00000 - 0x00007ff9b1c4b000 	C:\Windows\SYSTEM32\POWRPROF.dll
0x00007ff98a2b0000 - 0x00007ff98a2b9000 	C:\Windows\SYSTEM32\WSOCK32.dll
0x00007ff9b37d0000 - 0x00007ff9b383b000 	C:\Windows\System32\WS2_32.dll
0x00007ff9a7620000 - 0x00007ff9a7647000 	C:\Windows\SYSTEM32\WINMM.dll
0x00007ff9b0000000 - 0x00007ff9b000a000 	C:\Windows\SYSTEM32\VERSION.dll
0x00007ff9b1be0000 - 0x00007ff9b1bf2000 	C:\Windows\SYSTEM32\UMPDC.dll
0x00007ff9b08b0000 - 0x00007ff9b08c2000 	C:\Windows\SYSTEM32\kernel.appcore.dll
0x00007ff9af780000 - 0x00007ff9af78a000 	c:\Users\ADMIN\.vscode\extensions\redhat.java-1.25.1-win32-x64\jre\17.0.9-win32-x86_64\bin\jimage.dll
0x00007ff9a78f0000 - 0x00007ff9a7ad4000 	C:\Windows\SYSTEM32\DBGHELP.DLL
0x00007ff9a1a80000 - 0x00007ff9a1aac000 	C:\Windows\SYSTEM32\dbgcore.DLL
0x00007ff9b2110000 - 0x00007ff9b2192000 	C:\Windows\System32\bcryptPrimitives.dll
0x00007ff9adad0000 - 0x00007ff9adade000 	c:\Users\ADMIN\.vscode\extensions\redhat.java-1.25.1-win32-x64\jre\17.0.9-win32-x86_64\bin\instrument.dll
0x00007ff990a90000 - 0x00007ff990ab5000 	c:\Users\ADMIN\.vscode\extensions\redhat.java-1.25.1-win32-x64\jre\17.0.9-win32-x86_64\bin\java.dll
0x00007ff994a70000 - 0x00007ff994a88000 	c:\Users\ADMIN\.vscode\extensions\redhat.java-1.25.1-win32-x64\jre\17.0.9-win32-x86_64\bin\zip.dll
0x00007ff9b3be0000 - 0x00007ff9b4323000 	C:\Windows\System32\SHELL32.dll
0x00007ff9b0100000 - 0x00007ff9b0891000 	C:\Windows\SYSTEM32\windows.storage.dll
0x00007ff9b2e30000 - 0x00007ff9b3184000 	C:\Windows\System32\combase.dll
0x00007ff9b1a50000 - 0x00007ff9b1a80000 	C:\Windows\SYSTEM32\Wldp.dll
0x00007ff9b44e0000 - 0x00007ff9b458d000 	C:\Windows\System32\SHCORE.dll
0x00007ff9b3aa0000 - 0x00007ff9b3af5000 	C:\Windows\System32\shlwapi.dll
0x00007ff9b1fa0000 - 0x00007ff9b1fbf000 	C:\Windows\SYSTEM32\profapi.dll
0x00007ff98e570000 - 0x00007ff98e589000 	C:\Users\ADMIN\.vscode\extensions\redhat.java-1.25.1-win32-x64\jre\17.0.9-win32-x86_64\bin\net.dll
0x00007ff9a8c80000 - 0x00007ff9a8d8d000 	C:\Windows\SYSTEM32\WINHTTP.dll
0x00007ff99d2c0000 - 0x00007ff99d2cb000 	C:\Program Files\Common Files\SocksEscort\escortdrv.dll
0x00007ff9b43b0000 - 0x00007ff9b44da000 	C:\Windows\System32\ole32.dll
0x00007ff99d280000 - 0x00007ff99d2b2000 	C:\Program Files\Common Files\SocksEscort\escengine.dll
0x00007ff9b1740000 - 0x00007ff9b17aa000 	C:\Windows\system32\mswsock.dll
0x00007ff98e550000 - 0x00007ff98e566000 	C:\Users\ADMIN\.vscode\extensions\redhat.java-1.25.1-win32-x64\jre\17.0.9-win32-x86_64\bin\nio.dll
0x00007ff9ab4c0000 - 0x00007ff9ab4d0000 	c:\Users\ADMIN\.vscode\extensions\redhat.java-1.25.1-win32-x64\jre\17.0.9-win32-x86_64\bin\verify.dll
0x00007ff989fa0000 - 0x00007ff989fde000 	C:\Users\ADMIN\AppData\Roaming\Code\User\globalStorage\redhat.java\1.25.1\config_ss_win\org.eclipse.equinox.launcher\org.eclipse.equinox.launcher.win32.win32.x86_64_1.2.800.v20231003-1442\eclipse_11802.dll

dbghelp: loaded successfully - version: 4.0.5 - missing functions: none
symbol engine: initialized successfully - sym options: 0x614 - pdb path: .;c:\Users\ADMIN\.vscode\extensions\redhat.java-1.25.1-win32-x64\jre\17.0.9-win32-x86_64\bin;C:\Windows\SYSTEM32;C:\Windows\WinSxS\amd64_microsoft.windows.common-controls_6595b64144ccf1df_6.0.19041.1110_none_60b5254171f9507e;c:\Users\ADMIN\.vscode\extensions\redhat.java-1.25.1-win32-x64\jre\17.0.9-win32-x86_64\bin\server;C:\Program Files\Common Files\SocksEscort;C:\Users\ADMIN\AppData\Roaming\Code\User\globalStorage\redhat.java\1.25.1\config_ss_win\org.eclipse.equinox.launcher\org.eclipse.equinox.launcher.win32.win32.x86_64_1.2.800.v20231003-1442

VM Arguments:
jvm_args: --add-modules=ALL-SYSTEM --add-opens=java.base/java.util=ALL-UNNAMED --add-opens=java.base/java.lang=ALL-UNNAMED --add-opens=java.base/sun.nio.fs=ALL-UNNAMED -Declipse.application=org.eclipse.jdt.ls.core.id1 -Dosgi.bundles.defaultStartLevel=4 -Declipse.product=org.eclipse.jdt.ls.core.product -Djava.import.generatesMetadataFilesAtProjectRoot=false -DDetectVMInstallationsJob.disabled=true -Dfile.encoding=utf8 -XX:+UseParallelGC -XX:GCTimeRatio=4 -XX:AdaptiveSizePolicyWeight=90 -Dsun.zip.disableMemoryMapping=true -Xmx1G -Xms100m -Xlog:disable -javaagent:c:\Users\ADMIN\.vscode\extensions\redhat.java-1.25.1-win32-x64\lombok\lombok-1.18.30.jar 
java_command: c:\Users\ADMIN\.vscode\extensions\redhat.java-1.25.1-win32-x64\server\plugins\org.eclipse.equinox.launcher_1.6.600.v20231106-1826.jar -configuration c:\Users\ADMIN\AppData\Roaming\Code\User\globalStorage\redhat.java\1.25.1\config_ss_win -data c:\Users\ADMIN\AppData\Roaming\Code\User\workspaceStorage\9ffa03cfc5cea9a6a22057707b167da1\redhat.java\ss_ws --stdio
java_class_path (initial): c:\Users\ADMIN\.vscode\extensions\redhat.java-1.25.1-win32-x64\server\plugins\org.eclipse.equinox.launcher_1.6.600.v20231106-1826.jar
Launcher Type: SUN_STANDARD

[Global flags]
    uintx AdaptiveSizePolicyWeight                 = 90                                        {product} {command line}
     intx CICompilerCount                          = 4                                         {product} {ergonomic}
    uintx GCTimeRatio                              = 4                                         {product} {command line}
   size_t InitialHeapSize                          = 104857600                                 {product} {command line}
   size_t MaxHeapSize                              = 1073741824                                {product} {command line}
   size_t MaxNewSize                               = 357564416                                 {product} {ergonomic}
   size_t MinHeapDeltaBytes                        = 524288                                    {product} {ergonomic}
   size_t MinHeapSize                              = 104857600                                 {product} {command line}
   size_t NewSize                                  = 34603008                                  {product} {ergonomic}
    uintx NonNMethodCodeHeapSize                   = 5839372                                {pd product} {ergonomic}
    uintx NonProfiledCodeHeapSize                  = 122909434                              {pd product} {ergonomic}
   size_t OldSize                                  = 70254592                                  {product} {ergonomic}
    uintx ProfiledCodeHeapSize                     = 122909434                              {pd product} {ergonomic}
    uintx ReservedCodeCacheSize                    = 251658240                              {pd product} {ergonomic}
     bool SegmentedCodeCache                       = true                                      {product} {ergonomic}
   size_t SoftMaxHeapSize                          = 1073741824                             {manageable} {ergonomic}
     bool UseCompressedClassPointers               = true                           {product lp64_product} {ergonomic}
     bool UseCompressedOops                        = true                           {product lp64_product} {ergonomic}
     bool UseLargePagesIndividualAllocation        = false                                  {pd product} {ergonomic}
     bool UseParallelGC                            = true                                      {product} {command line}

Logging:
Log output configuration:
 #0: stdout all=off uptime,level,tags
 #1: stderr all=off uptime,level,tags

Environment Variables:
JAVA_HOME=C:\Program Files\Java\jdk-19
PATH=C:\Program Files\Common Files\Oracle\Java\javapath;C:\Windows\system32;C:\Windows;C:\Windows\System32\Wbem;C:\Windows\System32\WindowsPowerShell\v1.0\;C:\Windows\System32\OpenSSH\;C:\Program Files\Java\jdk-19\bin;C:\Program Files\Git\cmd;C:\MinGW\bin;C:\Users\ADMIN\AppData\Roaming\nvm;C:\Program Files\nodejs;C:\Users\ADMIN\AppData\Local\Android\Sdk\platform-tools;C:\Program Files\MySQL\MySQL Shell 8.0\bin\;C:\Users\ADMIN\AppData\Local\Microsoft\WindowsApps;C:\Users\ADMIN\AppData\Local\Programs\Microsoft VS Code\bin;C:\Users\ADMIN\AppData\Local\Programs\Python\Python311;C:\Users\ADMIN\AppData\Local\Programs\Python\Python311\Scripts;C:\Users\ADMIN\AppData\Roaming\npm;C:\Users\ADMIN\AppData\Local\Programs\EmEditor;C:\Users\ADMIN\AppData\Roaming\nvm;C:\Program Files\nodejs;
USERNAME=ADMIN
OS=Windows_NT
PROCESSOR_IDENTIFIER=AMD64 Family 23 Model 96 Stepping 1, AuthenticAMD
TMP=C:\Users\ADMIN\AppData\Local\Temp
TEMP=C:\Users\ADMIN\AppData\Local\Temp



Periodic native trim disabled


---------------  S Y S T E M  ---------------

OS:
 Windows 10 , 64 bit Build 19041 (10.0.19041.1889)
OS uptime: 0 days 5:11 hours

CPU: total 12 (initial active 12) (12 cores per cpu, 2 threads per core) family 23 model 96 stepping 1 microcode 0x0, cx8, cmov, fxsr, ht, mmx, 3dnowpref, sse, sse2, sse3, ssse3, sse4a, sse4.1, sse4.2, popcnt, lzcnt, tsc, tscinvbit, avx, avx2, aes, clmul, bmi1, bmi2, adx, sha, fma, vzeroupper, clflush, clflushopt
Processor Information for all 12 processors :
  Max Mhz: 3000, Current Mhz: 3000, Mhz Limit: 3000

Memory: 4k page, system-wide physical 7579M (913M free)
TotalPageFile size 11675M (AvailPageFile size 4M)
current process WorkingSet (physical memory assigned to process): 120M, peak: 120M
current process commit charge ("private bytes"): 234M, peak: 234M

vm_info: OpenJDK 64-Bit Server VM (17.0.9+9) for windows-amd64 JRE (17.0.9+9), built on Oct 26 2023 14:01:42 by "admin" with MS VC++ 16.10 / 16.11 (VS2019)

END.
