#
# There is insufficient memory for the Java Runtime Environment to continue.
# Native memory allocation (malloc) failed to allocate 601376 bytes for Chunk::new
# Possible reasons:
#   The system is out of physical RAM or swap space
#   The process is running with CompressedOops enabled, and the Java Heap may be blocking the growth of the native heap
# Possible solutions:
#   Reduce memory load on the system
#   Increase physical memory or swap space
#   Check if swap backing store is full
#   Decrease Java heap size (-Xmx/-Xms)
#   Decrease number of Java threads
#   Decrease Java thread stack sizes (-Xss)
#   Set larger code cache with -XX:ReservedCodeCacheSize=
#   JVM is running with Unscaled Compressed Oops mode in which the Java heap is
#     placed in the first 4GB address space. The Java Heap base address is the
#     maximum limit for the native heap growth. Please use -XX:HeapBaseMinAddress
#     to set the Java Heap base and to place the Java Heap above 4GB virtual address.
# This output file may be truncated or incomplete.
#
#  Out of Memory Error (arena.cpp:191), pid=9916, tid=14712
#
# JRE version: OpenJDK Runtime Environment Temurin-17.0.9+9 (17.0.9+9) (build 17.0.9+9)
# Java VM: OpenJDK 64-Bit Server VM Temurin-17.0.9+9 (17.0.9+9, mixed mode, tiered, compressed oops, compressed class ptrs, parallel gc, windows-amd64)
# No core dump will be written. Minidumps are not enabled by default on client versions of Windows
#

---------------  S U M M A R Y ------------

Command Line: --add-modules=ALL-SYSTEM --add-opens=java.base/java.util=ALL-UNNAMED --add-opens=java.base/java.lang=ALL-UNNAMED --add-opens=java.base/sun.nio.fs=ALL-UNNAMED -Declipse.application=org.eclipse.jdt.ls.core.id1 -Dosgi.bundles.defaultStartLevel=4 -Declipse.product=org.eclipse.jdt.ls.core.product -Djava.import.generatesMetadataFilesAtProjectRoot=false -DDetectVMInstallationsJob.disabled=true -Dfile.encoding=utf8 -XX:+UseParallelGC -XX:GCTimeRatio=4 -XX:AdaptiveSizePolicyWeight=90 -Dsun.zip.disableMemoryMapping=true -Xmx1G -Xms100m -Xlog:disable -javaagent:c:\Users\ADMIN\.vscode\extensions\redhat.java-1.25.1-win32-x64\lombok\lombok-1.18.30.jar -XX:+HeapDumpOnOutOfMemoryError -XX:HeapDumpPath=c:\Users\ADMIN\AppData\Roaming\Code\User\workspaceStorage\9ffa03cfc5cea9a6a22057707b167da1\redhat.java -Daether.dependencyCollector.impl=bf c:\Users\ADMIN\.vscode\extensions\redhat.java-1.25.1-win32-x64\server\plugins\org.eclipse.equinox.launcher_1.6.600.v20231106-1826.jar -configuration c:\Users\ADMIN\AppData\Roaming\Code\User\globalStorage\redhat.java\1.25.1\config_win -data c:\Users\ADMIN\AppData\Roaming\Code\User\workspaceStorage\9ffa03cfc5cea9a6a22057707b167da1\redhat.java\jdt_ws --stdio

Host: AMD Ryzen 5 4600H with Radeon Graphics         , 12 cores, 7G,  Windows 10 , 64 bit Build 19041 (10.0.19041.1889)
Time: Sun Jan  7 20:24:35 2024 SE Asia Standard Time elapsed time: 2.288428 seconds (0d 0h 0m 2s)

---------------  T H R E A D  ---------------

Current thread (0x000001d919715c10):  JavaThread "C2 CompilerThread0" daemon [_thread_in_native, id=14712, stack(0x0000000dfc200000,0x0000000dfc300000)]


Current CompileTask:
C2:   2288 3507       4       org.lombokweb.asm.ClassReader::readMethod (1066 bytes)

Stack: [0x0000000dfc200000,0x0000000dfc300000]
Native frames: (J=compiled Java code, j=interpreted, Vv=VM code, C=native code)
V  [jvm.dll+0x67cf49]
V  [jvm.dll+0x83478a]
V  [jvm.dll+0x83624e]
V  [jvm.dll+0x8368b3]
V  [jvm.dll+0x247f1f]
V  [jvm.dll+0xac43c]
V  [jvm.dll+0xaca8c]
V  [jvm.dll+0x2af45f]
V  [jvm.dll+0x5853f7]
V  [jvm.dll+0x222f62]
V  [jvm.dll+0x21bc8d]
V  [jvm.dll+0x2198c1]
V  [jvm.dll+0x1a57cd]
V  [jvm.dll+0x2297ae]
V  [jvm.dll+0x22797c]
V  [jvm.dll+0x7e9877]
V  [jvm.dll+0x7e3c3a]
V  [jvm.dll+0x67be35]
C  [ucrtbase.dll+0x21bb2]
C  [KERNEL32.DLL+0x17034]
C  [ntdll.dll+0x526a1]


---------------  P R O C E S S  ---------------

Threads class SMR info:
_java_thread_list=0x000001d91c52d750, length=23, elements={
0x000001d97fcd5930, 0x000001d91434d5f0, 0x000001d97fd86fa0, 0x000001d9196f2890,
0x000001d9197096d0, 0x000001d91970ff80, 0x000001d919712860, 0x000001d919715c10,
0x000001d919717460, 0x000001d91971aa80, 0x000001d97fd38dc0, 0x000001d9199cf460,
0x000001d919a26ad0, 0x000001d91b4323d0, 0x000001d91bcb84b0, 0x000001d91b806460,
0x000001d91bc898d0, 0x000001d91c28ba50, 0x000001d91c261030, 0x000001d91c40c8a0,
0x000001d91bd80ab0, 0x000001d91bd7f160, 0x000001d91bd80fc0
}

Java Threads: ( => current thread )
  0x000001d97fcd5930 JavaThread "main" [_thread_blocked, id=4744, stack(0x0000000dfb900000,0x0000000dfba00000)]
  0x000001d91434d5f0 JavaThread "Reference Handler" daemon [_thread_blocked, id=12356, stack(0x0000000dfbc00000,0x0000000dfbd00000)]
  0x000001d97fd86fa0 JavaThread "Finalizer" daemon [_thread_blocked, id=6196, stack(0x0000000dfbd00000,0x0000000dfbe00000)]
  0x000001d9196f2890 JavaThread "Signal Dispatcher" daemon [_thread_blocked, id=8612, stack(0x0000000dfbe00000,0x0000000dfbf00000)]
  0x000001d9197096d0 JavaThread "Attach Listener" daemon [_thread_blocked, id=15008, stack(0x0000000dfbf00000,0x0000000dfc000000)]
  0x000001d91970ff80 JavaThread "Service Thread" daemon [_thread_blocked, id=9140, stack(0x0000000dfc000000,0x0000000dfc100000)]
  0x000001d919712860 JavaThread "Monitor Deflation Thread" daemon [_thread_blocked, id=14896, stack(0x0000000dfc100000,0x0000000dfc200000)]
=>0x000001d919715c10 JavaThread "C2 CompilerThread0" daemon [_thread_in_native, id=14712, stack(0x0000000dfc200000,0x0000000dfc300000)]
  0x000001d919717460 JavaThread "C1 CompilerThread0" daemon [_thread_blocked, id=14892, stack(0x0000000dfc300000,0x0000000dfc400000)]
  0x000001d91971aa80 JavaThread "Sweeper thread" daemon [_thread_blocked, id=6296, stack(0x0000000dfc400000,0x0000000dfc500000)]
  0x000001d97fd38dc0 JavaThread "Common-Cleaner" daemon [_thread_blocked, id=3236, stack(0x0000000dfc500000,0x0000000dfc600000)]
  0x000001d9199cf460 JavaThread "C2 CompilerThread1" daemon [_thread_in_native, id=11472, stack(0x0000000dfc600000,0x0000000dfc700000)]
  0x000001d919a26ad0 JavaThread "Notification Thread" daemon [_thread_blocked, id=1068, stack(0x0000000dfc800000,0x0000000dfc900000)]
  0x000001d91b4323d0 JavaThread "C2 CompilerThread2" daemon [_thread_in_native, id=9016, stack(0x0000000dfca00000,0x0000000dfcb00000)]
  0x000001d91bcb84b0 JavaThread "Active Thread: Equinox Container: 6893d1be-165a-4c00-a242-edb68e91099f" [_thread_blocked, id=14208, stack(0x0000000dfd100000,0x0000000dfd200000)]
  0x000001d91b806460 JavaThread "Framework Event Dispatcher: Equinox Container: 6893d1be-165a-4c00-a242-edb68e91099f" daemon [_thread_blocked, id=7512, stack(0x0000000dfd200000,0x0000000dfd300000)]
  0x000001d91bc898d0 JavaThread "Start Level: Equinox Container: 6893d1be-165a-4c00-a242-edb68e91099f" daemon [_thread_in_vm, id=11208, stack(0x0000000dfd300000,0x0000000dfd400000)]
  0x000001d91c28ba50 JavaThread "Bundle File Closer" daemon [_thread_blocked, id=14368, stack(0x0000000dfd500000,0x0000000dfd600000)]
  0x000001d91c261030 JavaThread "SCR Component Actor" daemon [_thread_blocked, id=15428, stack(0x0000000dfd600000,0x0000000dfd700000)]
  0x000001d91c40c8a0 JavaThread "SCR Component Registry" daemon [_thread_blocked, id=12028, stack(0x0000000dfd900000,0x0000000dfda00000)]
  0x000001d91bd80ab0 JavaThread "Worker-JM" [_thread_blocked, id=5048, stack(0x0000000dfda00000,0x0000000dfdb00000)]
  0x000001d91bd7f160 JavaThread "Worker-0" [_thread_blocked, id=5612, stack(0x0000000dfdb00000,0x0000000dfdc00000)]
  0x000001d91bd80fc0 JavaThread "Worker-1" [_thread_blocked, id=15756, stack(0x0000000dfdc00000,0x0000000dfdd00000)]

Other Threads:
  0x000001d914349440 VMThread "VM Thread" [stack: 0x0000000dfbb00000,0x0000000dfbc00000] [id=2720]
  0x000001d91b2409b0 WatcherThread [stack: 0x0000000dfc900000,0x0000000dfca00000] [id=3536]
  0x000001d97fcee300 GCTaskThread "GC Thread#0" [stack: 0x0000000dfba00000,0x0000000dfbb00000] [id=14196]
  0x000001d91b98e3f0 GCTaskThread "GC Thread#1" [stack: 0x0000000dfcb00000,0x0000000dfcc00000] [id=16320]
  0x000001d91b98ecc0 GCTaskThread "GC Thread#2" [stack: 0x0000000dfcc00000,0x0000000dfcd00000] [id=5024]
  0x000001d91b84fde0 GCTaskThread "GC Thread#3" [stack: 0x0000000dfcd00000,0x0000000dfce00000] [id=15548]
  0x000001d91b8500a0 GCTaskThread "GC Thread#4" [stack: 0x0000000dfce00000,0x0000000dfcf00000] [id=15716]
  0x000001d91b850360 GCTaskThread "GC Thread#5" [stack: 0x0000000dfcf00000,0x0000000dfd000000] [id=12144]
  0x000001d91b850620 GCTaskThread "GC Thread#6" [stack: 0x0000000dfd000000,0x0000000dfd100000] [id=14380]
  0x000001d91bde7830 GCTaskThread "GC Thread#7" [stack: 0x0000000dfd400000,0x0000000dfd500000] [id=14776]
  0x000001d91c598490 GCTaskThread "GC Thread#8" [stack: 0x0000000dfd700000,0x0000000dfd800000] [id=15376]
  0x000001d91c3bcb90 GCTaskThread "GC Thread#9" [stack: 0x0000000dfd800000,0x0000000dfd900000] [id=12840]

Threads with active compile tasks:
C2 CompilerThread0     2298 3507       4       org.lombokweb.asm.ClassReader::readMethod (1066 bytes)
C2 CompilerThread1     2298 3528 %     4       java.util.Properties$LineReader::readLine @ 53 (584 bytes)
C2 CompilerThread2     2298 3515       4       lombok.patcher.PatchScript$MethodPatcher::visitMethod (158 bytes)

VM state: not at safepoint (normal execution)

VM Mutex/Monitor currently owned by a thread: None

Heap address: 0x00000000c0000000, size: 1024 MB, Compressed Oops mode: 32-bit

CDS archive(s) not mapped
Compressed class space mapped at: 0x0000000100000000-0x0000000140000000, reserved size: 1073741824
Narrow klass base: 0x0000000000000000, Narrow klass shift: 3, Narrow klass range: 0x140000000

GC Precious Log:
 CPUs: 12 total, 12 available
 Memory: 7579M
 Large Page Support: Disabled
 NUMA Support: Disabled
 Compressed Oops: Enabled (32-bit)
 Alignments: Space 512K, Generation 512K, Heap 2M
 Heap Min Capacity: 100M
 Heap Initial Capacity: 100M
 Heap Max Capacity: 1G
 Pre-touch: Disabled
 Parallel Workers: 10

Heap:
 PSYoungGen      total 28672K, used 17939K [0x00000000eab00000, 0x00000000ecc00000, 0x0000000100000000)
  eden space 23552K, 55% used [0x00000000eab00000,0x00000000eb7c3c50,0x00000000ec200000)
  from space 5120K, 95% used [0x00000000ec280000,0x00000000ec7412e0,0x00000000ec780000)
  to   space 4608K, 0% used [0x00000000ec780000,0x00000000ec780000,0x00000000ecc00000)
 ParOldGen       total 68608K, used 10925K [0x00000000c0000000, 0x00000000c4300000, 0x00000000eab00000)
  object space 68608K, 15% used [0x00000000c0000000,0x00000000c0aab420,0x00000000c4300000)
 Metaspace       used 31620K, committed 32192K, reserved 1114112K
  class space    used 3076K, committed 3328K, reserved 1048576K

Card table byte_map: [0x000001d911be0000,0x000001d911df0000] _byte_map_base: 0x000001d9115e0000

Marking Bits: (ParMarkBitMap*) 0x00007ff956b9d0b0
 Begin Bits: [0x000001d911f50000, 0x000001d912f50000)
 End Bits:   [0x000001d912f50000, 0x000001d913f50000)

Polling page: 0x000001d97e480000

Metaspace:

Usage:
  Non-class:     27.87 MB used.
      Class:      3.00 MB used.
       Both:     30.88 MB used.

Virtual space:
  Non-class space:       64.00 MB reserved,      28.19 MB ( 44%) committed,  1 nodes.
      Class space:        1.00 GB reserved,       3.25 MB ( <1%) committed,  1 nodes.
             Both:        1.06 GB reserved,      31.44 MB (  3%) committed. 

Chunk freelists:
   Non-Class:  3.56 MB
       Class:  12.76 MB
        Both:  16.32 MB

MaxMetaspaceSize: unlimited
CompressedClassSpaceSize: 1.00 GB
Initial GC threshold: 21.00 MB
Current GC threshold: 35.00 MB
CDS: off
MetaspaceReclaimPolicy: balanced
 - commit_granule_bytes: 65536.
 - commit_granule_words: 8192.
 - virtual_space_node_default_size: 8388608.
 - enlarge_chunks_in_place: 1.
 - new_chunks_are_fully_committed: 0.
 - uncommit_free_chunks: 1.
 - use_allocation_guard: 0.
 - handle_deallocations: 1.


Internal statistics:

num_allocs_failed_limit: 3.
num_arena_births: 322.
num_arena_deaths: 14.
num_vsnodes_births: 2.
num_vsnodes_deaths: 0.
num_space_committed: 503.
num_space_uncommitted: 0.
num_chunks_returned_to_freelist: 17.
num_chunks_taken_from_freelist: 1248.
num_chunk_merges: 7.
num_chunk_splits: 826.
num_chunks_enlarged: 576.
num_inconsistent_stats: 0.

CodeHeap 'non-profiled nmethods': size=120000Kb used=1568Kb max_used=1568Kb free=118431Kb
 bounds [0x000001d90a6b0000, 0x000001d90a920000, 0x000001d911be0000]
CodeHeap 'profiled nmethods': size=120000Kb used=7306Kb max_used=7306Kb free=112694Kb
 bounds [0x000001d902be0000, 0x000001d903310000, 0x000001d90a110000]
CodeHeap 'non-nmethods': size=5760Kb used=1248Kb max_used=1268Kb free=4511Kb
 bounds [0x000001d90a110000, 0x000001d90a380000, 0x000001d90a6b0000]
 total_blobs=4084 nmethods=3522 adapters=476
 compilation: enabled
              stopped_count=0, restarted_count=0
 full_count=0

Compilation events (20 events):
Event: 2.258 Thread 0x000001d919717460 3514       3       org.lombokweb.asm.Type::hashCode (68 bytes)
Event: 2.258 Thread 0x000001d919717460 nmethod 3514 0x000001d9032f8f90 code [0x000001d9032f91a0, 0x000001d9032f98d8]
Event: 2.260 Thread 0x000001d9199cf460 nmethod 3511 0x000001d90a834310 code [0x000001d90a8345a0, 0x000001d90a834cd8]
Event: 2.260 Thread 0x000001d9199cf460 3518       4       org.lombokweb.asm.MethodWriter::<init> (232 bytes)
Event: 2.270 Thread 0x000001d919717460 3519       3       org.lombokweb.asm.ClassReader::<init> (371 bytes)
Event: 2.271 Thread 0x000001d919717460 nmethod 3519 0x000001d9032f9c10 code [0x000001d9032f9ee0, 0x000001d9032fb098]
Event: 2.271 Thread 0x000001d919717460 3520       3       org.lombokweb.asm.SymbolTable::<init> (536 bytes)
Event: 2.273 Thread 0x000001d919717460 nmethod 3520 0x000001d9032fb610 code [0x000001d9032fbb80, 0x000001d9032fe408]
Event: 2.274 Thread 0x000001d919717460 3522       3       java.lang.String::subSequence (7 bytes)
Event: 2.274 Thread 0x000001d919717460 nmethod 3522 0x000001d9032ff510 code [0x000001d9032ff6a0, 0x000001d9032ff7e8]
Event: 2.276 Thread 0x000001d919717460 3523       3       org.lombokweb.asm.ByteVector::putUTF8 (144 bytes)
Event: 2.276 Thread 0x000001d919717460 nmethod 3523 0x000001d9032ff890 code [0x000001d9032ffb00, 0x000001d903300608]
Event: 2.276 Thread 0x000001d919717460 3524       3       org.lombokweb.asm.MethodVisitor::visitJumpInsn (17 bytes)
Event: 2.276 Thread 0x000001d919717460 nmethod 3524 0x000001d903300b10 code [0x000001d903300cc0, 0x000001d903300ec8]
Event: 2.276 Thread 0x000001d919717460 3525       3       java.util.ArrayList$SubList::toArray (79 bytes)
Event: 2.276 Thread 0x000001d919717460 nmethod 3525 0x000001d903300f90 code [0x000001d903301180, 0x000001d903301808]
Event: 2.284 Thread 0x000001d919717460 3526       3       java.lang.Integer::hashCode (8 bytes)
Event: 2.284 Thread 0x000001d919717460 nmethod 3526 0x000001d903301a10 code [0x000001d903301ba0, 0x000001d903301cf8]
Event: 2.285 Thread 0x000001d919717460 3527       3       java.lang.Integer::hashCode (2 bytes)
Event: 2.285 Thread 0x000001d919717460 nmethod 3527 0x000001d903301d90 code [0x000001d903301f20, 0x000001d903302018]

GC Heap History (16 events):
Event: 0.654 GC heap before
{Heap before GC invocations=1 (full 0):
 PSYoungGen      total 29696K, used 25600K [0x00000000eab00000, 0x00000000ecc00000, 0x0000000100000000)
  eden space 25600K, 100% used [0x00000000eab00000,0x00000000ec400000,0x00000000ec400000)
  from space 4096K, 0% used [0x00000000ec800000,0x00000000ec800000,0x00000000ecc00000)
  to   space 4096K, 0% used [0x00000000ec400000,0x00000000ec400000,0x00000000ec800000)
 ParOldGen       total 68608K, used 0K [0x00000000c0000000, 0x00000000c4300000, 0x00000000eab00000)
  object space 68608K, 0% used [0x00000000c0000000,0x00000000c0000000,0x00000000c4300000)
 Metaspace       used 10986K, committed 11200K, reserved 1114112K
  class space    used 1097K, committed 1216K, reserved 1048576K
}
Event: 0.659 GC heap after
{Heap after GC invocations=1 (full 0):
 PSYoungGen      total 29696K, used 3197K [0x00000000eab00000, 0x00000000ecc00000, 0x0000000100000000)
  eden space 25600K, 0% used [0x00000000eab00000,0x00000000eab00000,0x00000000ec400000)
  from space 4096K, 78% used [0x00000000ec400000,0x00000000ec71f678,0x00000000ec800000)
  to   space 4096K, 0% used [0x00000000ec800000,0x00000000ec800000,0x00000000ecc00000)
 ParOldGen       total 68608K, used 16K [0x00000000c0000000, 0x00000000c4300000, 0x00000000eab00000)
  object space 68608K, 0% used [0x00000000c0000000,0x00000000c0004000,0x00000000c4300000)
 Metaspace       used 10986K, committed 11200K, reserved 1114112K
  class space    used 1097K, committed 1216K, reserved 1048576K
}
Event: 1.061 GC heap before
{Heap before GC invocations=2 (full 0):
 PSYoungGen      total 29696K, used 28797K [0x00000000eab00000, 0x00000000ecc00000, 0x0000000100000000)
  eden space 25600K, 100% used [0x00000000eab00000,0x00000000ec400000,0x00000000ec400000)
  from space 4096K, 78% used [0x00000000ec400000,0x00000000ec71f678,0x00000000ec800000)
  to   space 4096K, 0% used [0x00000000ec800000,0x00000000ec800000,0x00000000ecc00000)
 ParOldGen       total 68608K, used 16K [0x00000000c0000000, 0x00000000c4300000, 0x00000000eab00000)
  object space 68608K, 0% used [0x00000000c0000000,0x00000000c0004000,0x00000000c4300000)
 Metaspace       used 14630K, committed 14848K, reserved 1114112K
  class space    used 1471K, committed 1600K, reserved 1048576K
}
Event: 1.065 GC heap after
{Heap after GC invocations=2 (full 0):
 PSYoungGen      total 29696K, used 4072K [0x00000000eab00000, 0x00000000ecc00000, 0x0000000100000000)
  eden space 25600K, 0% used [0x00000000eab00000,0x00000000eab00000,0x00000000ec400000)
  from space 4096K, 99% used [0x00000000ec800000,0x00000000ecbfa368,0x00000000ecc00000)
  to   space 4096K, 0% used [0x00000000ec400000,0x00000000ec400000,0x00000000ec800000)
 ParOldGen       total 68608K, used 1456K [0x00000000c0000000, 0x00000000c4300000, 0x00000000eab00000)
  object space 68608K, 2% used [0x00000000c0000000,0x00000000c016c050,0x00000000c4300000)
 Metaspace       used 14630K, committed 14848K, reserved 1114112K
  class space    used 1471K, committed 1600K, reserved 1048576K
}
Event: 1.310 GC heap before
{Heap before GC invocations=3 (full 0):
 PSYoungGen      total 29696K, used 29672K [0x00000000eab00000, 0x00000000ecc00000, 0x0000000100000000)
  eden space 25600K, 100% used [0x00000000eab00000,0x00000000ec400000,0x00000000ec400000)
  from space 4096K, 99% used [0x00000000ec800000,0x00000000ecbfa368,0x00000000ecc00000)
  to   space 4096K, 0% used [0x00000000ec400000,0x00000000ec400000,0x00000000ec800000)
 ParOldGen       total 68608K, used 1456K [0x00000000c0000000, 0x00000000c4300000, 0x00000000eab00000)
  object space 68608K, 2% used [0x00000000c0000000,0x00000000c016c050,0x00000000c4300000)
 Metaspace       used 16873K, committed 17216K, reserved 1114112K
  class space    used 1715K, committed 1856K, reserved 1048576K
}
Event: 1.315 GC heap after
{Heap after GC invocations=3 (full 0):
 PSYoungGen      total 29696K, used 4094K [0x00000000eab00000, 0x00000000ecc00000, 0x0000000100000000)
  eden space 25600K, 0% used [0x00000000eab00000,0x00000000eab00000,0x00000000ec400000)
  from space 4096K, 99% used [0x00000000ec400000,0x00000000ec7ffbc0,0x00000000ec800000)
  to   space 4096K, 0% used [0x00000000ec800000,0x00000000ec800000,0x00000000ecc00000)
 ParOldGen       total 68608K, used 5240K [0x00000000c0000000, 0x00000000c4300000, 0x00000000eab00000)
  object space 68608K, 7% used [0x00000000c0000000,0x00000000c051e200,0x00000000c4300000)
 Metaspace       used 16873K, committed 17216K, reserved 1114112K
  class space    used 1715K, committed 1856K, reserved 1048576K
}
Event: 1.589 GC heap before
{Heap before GC invocations=4 (full 0):
 PSYoungGen      total 29696K, used 29045K [0x00000000eab00000, 0x00000000ecc00000, 0x0000000100000000)
  eden space 25600K, 97% used [0x00000000eab00000,0x00000000ec35d878,0x00000000ec400000)
  from space 4096K, 99% used [0x00000000ec400000,0x00000000ec7ffbc0,0x00000000ec800000)
  to   space 4096K, 0% used [0x00000000ec800000,0x00000000ec800000,0x00000000ecc00000)
 ParOldGen       total 68608K, used 5240K [0x00000000c0000000, 0x00000000c4300000, 0x00000000eab00000)
  object space 68608K, 7% used [0x00000000c0000000,0x00000000c051e200,0x00000000c4300000)
 Metaspace       used 21046K, committed 21504K, reserved 1114112K
  class space    used 2131K, committed 2304K, reserved 1048576K
}
Event: 1.592 GC heap after
{Heap after GC invocations=4 (full 0):
 PSYoungGen      total 29696K, used 4078K [0x00000000eab00000, 0x00000000ecc00000, 0x0000000100000000)
  eden space 25600K, 0% used [0x00000000eab00000,0x00000000eab00000,0x00000000ec400000)
  from space 4096K, 99% used [0x00000000ec800000,0x00000000ecbfbb00,0x00000000ecc00000)
  to   space 4096K, 0% used [0x00000000ec400000,0x00000000ec400000,0x00000000ec800000)
 ParOldGen       total 68608K, used 6508K [0x00000000c0000000, 0x00000000c4300000, 0x00000000eab00000)
  object space 68608K, 9% used [0x00000000c0000000,0x00000000c065b250,0x00000000c4300000)
 Metaspace       used 21046K, committed 21504K, reserved 1114112K
  class space    used 2131K, committed 2304K, reserved 1048576K
}
Event: 1.592 GC heap before
{Heap before GC invocations=5 (full 1):
 PSYoungGen      total 29696K, used 4078K [0x00000000eab00000, 0x00000000ecc00000, 0x0000000100000000)
  eden space 25600K, 0% used [0x00000000eab00000,0x00000000eab00000,0x00000000ec400000)
  from space 4096K, 99% used [0x00000000ec800000,0x00000000ecbfbb00,0x00000000ecc00000)
  to   space 4096K, 0% used [0x00000000ec400000,0x00000000ec400000,0x00000000ec800000)
 ParOldGen       total 68608K, used 6508K [0x00000000c0000000, 0x00000000c4300000, 0x00000000eab00000)
  object space 68608K, 9% used [0x00000000c0000000,0x00000000c065b250,0x00000000c4300000)
 Metaspace       used 21046K, committed 21504K, reserved 1114112K
  class space    used 2131K, committed 2304K, reserved 1048576K
}
Event: 1.610 GC heap after
{Heap after GC invocations=5 (full 1):
 PSYoungGen      total 29696K, used 0K [0x00000000eab00000, 0x00000000ecc00000, 0x0000000100000000)
  eden space 25600K, 0% used [0x00000000eab00000,0x00000000eab00000,0x00000000ec400000)
  from space 4096K, 0% used [0x00000000ec800000,0x00000000ec800000,0x00000000ecc00000)
  to   space 4096K, 0% used [0x00000000ec400000,0x00000000ec400000,0x00000000ec800000)
 ParOldGen       total 68608K, used 10301K [0x00000000c0000000, 0x00000000c4300000, 0x00000000eab00000)
  object space 68608K, 15% used [0x00000000c0000000,0x00000000c0a0f420,0x00000000c4300000)
 Metaspace       used 21033K, committed 21504K, reserved 1114112K
  class space    used 2127K, committed 2304K, reserved 1048576K
}
Event: 1.935 GC heap before
{Heap before GC invocations=6 (full 1):
 PSYoungGen      total 29696K, used 25600K [0x00000000eab00000, 0x00000000ecc00000, 0x0000000100000000)
  eden space 25600K, 100% used [0x00000000eab00000,0x00000000ec400000,0x00000000ec400000)
  from space 4096K, 0% used [0x00000000ec800000,0x00000000ec800000,0x00000000ecc00000)
  to   space 4096K, 0% used [0x00000000ec400000,0x00000000ec400000,0x00000000ec800000)
 ParOldGen       total 68608K, used 10301K [0x00000000c0000000, 0x00000000c4300000, 0x00000000eab00000)
  object space 68608K, 15% used [0x00000000c0000000,0x00000000c0a0f420,0x00000000c4300000)
 Metaspace       used 23835K, committed 24384K, reserved 1114112K
  class space    used 2414K, committed 2624K, reserved 1048576K
}
Event: 1.936 GC heap after
{Heap after GC invocations=6 (full 1):
 PSYoungGen      total 29184K, used 3248K [0x00000000eab00000, 0x00000000ecc80000, 0x0000000100000000)
  eden space 25088K, 0% used [0x00000000eab00000,0x00000000eab00000,0x00000000ec380000)
  from space 4096K, 79% used [0x00000000ec400000,0x00000000ec72c0a8,0x00000000ec800000)
  to   space 4608K, 0% used [0x00000000ec800000,0x00000000ec800000,0x00000000ecc80000)
 ParOldGen       total 68608K, used 10309K [0x00000000c0000000, 0x00000000c4300000, 0x00000000eab00000)
  object space 68608K, 15% used [0x00000000c0000000,0x00000000c0a11420,0x00000000c4300000)
 Metaspace       used 23835K, committed 24384K, reserved 1114112K
  class space    used 2414K, committed 2624K, reserved 1048576K
}
Event: 2.120 GC heap before
{Heap before GC invocations=7 (full 1):
 PSYoungGen      total 29184K, used 28336K [0x00000000eab00000, 0x00000000ecc80000, 0x0000000100000000)
  eden space 25088K, 100% used [0x00000000eab00000,0x00000000ec380000,0x00000000ec380000)
  from space 4096K, 79% used [0x00000000ec400000,0x00000000ec72c0a8,0x00000000ec800000)
  to   space 4608K, 0% used [0x00000000ec800000,0x00000000ec800000,0x00000000ecc80000)
 ParOldGen       total 68608K, used 10309K [0x00000000c0000000, 0x00000000c4300000, 0x00000000eab00000)
  object space 68608K, 15% used [0x00000000c0000000,0x00000000c0a11420,0x00000000c4300000)
 Metaspace       used 26944K, committed 27584K, reserved 1114112K
  class space    used 2755K, committed 3008K, reserved 1048576K
}
Event: 2.122 GC heap after
{Heap after GC invocations=7 (full 1):
 PSYoungGen      total 28672K, used 4588K [0x00000000eab00000, 0x00000000ece00000, 0x0000000100000000)
  eden space 24064K, 0% used [0x00000000eab00000,0x00000000eab00000,0x00000000ec280000)
  from space 4608K, 99% used [0x00000000ec800000,0x00000000ecc7b240,0x00000000ecc80000)
  to   space 5632K, 0% used [0x00000000ec280000,0x00000000ec280000,0x00000000ec800000)
 ParOldGen       total 68608K, used 10917K [0x00000000c0000000, 0x00000000c4300000, 0x00000000eab00000)
  object space 68608K, 15% used [0x00000000c0000000,0x00000000c0aa9420,0x00000000c4300000)
 Metaspace       used 26944K, committed 27584K, reserved 1114112K
  class space    used 2755K, committed 3008K, reserved 1048576K
}
Event: 2.224 GC heap before
{Heap before GC invocations=8 (full 1):
 PSYoungGen      total 28672K, used 28652K [0x00000000eab00000, 0x00000000ece00000, 0x0000000100000000)
  eden space 24064K, 100% used [0x00000000eab00000,0x00000000ec280000,0x00000000ec280000)
  from space 4608K, 99% used [0x00000000ec800000,0x00000000ecc7b240,0x00000000ecc80000)
  to   space 5632K, 0% used [0x00000000ec280000,0x00000000ec280000,0x00000000ec800000)
 ParOldGen       total 68608K, used 10917K [0x00000000c0000000, 0x00000000c4300000, 0x00000000eab00000)
  object space 68608K, 15% used [0x00000000c0000000,0x00000000c0aa9420,0x00000000c4300000)
 Metaspace       used 29824K, committed 30400K, reserved 1114112K
  class space    used 2945K, committed 3200K, reserved 1048576K
}
Event: 2.226 GC heap after
{Heap after GC invocations=8 (full 1):
 PSYoungGen      total 28672K, used 4868K [0x00000000eab00000, 0x00000000ecc00000, 0x0000000100000000)
  eden space 23552K, 0% used [0x00000000eab00000,0x00000000eab00000,0x00000000ec200000)
  from space 5120K, 95% used [0x00000000ec280000,0x00000000ec7412e0,0x00000000ec780000)
  to   space 4608K, 0% used [0x00000000ec780000,0x00000000ec780000,0x00000000ecc00000)
 ParOldGen       total 68608K, used 10925K [0x00000000c0000000, 0x00000000c4300000, 0x00000000eab00000)
  object space 68608K, 15% used [0x00000000c0000000,0x00000000c0aab420,0x00000000c4300000)
 Metaspace       used 29824K, committed 30400K, reserved 1114112K
  class space    used 2945K, committed 3200K, reserved 1048576K
}

Dll operation events (9 events):
Event: 0.004 Loaded shared library c:\Users\ADMIN\.vscode\extensions\redhat.java-1.25.1-win32-x64\jre\17.0.9-win32-x86_64\bin\java.dll
Event: 0.089 Loaded shared library c:\Users\ADMIN\.vscode\extensions\redhat.java-1.25.1-win32-x64\jre\17.0.9-win32-x86_64\bin\zip.dll
Event: 0.091 Loaded shared library C:\Users\ADMIN\.vscode\extensions\redhat.java-1.25.1-win32-x64\jre\17.0.9-win32-x86_64\bin\instrument.dll
Event: 0.099 Loaded shared library C:\Users\ADMIN\.vscode\extensions\redhat.java-1.25.1-win32-x64\jre\17.0.9-win32-x86_64\bin\net.dll
Event: 0.246 Loaded shared library C:\Users\ADMIN\.vscode\extensions\redhat.java-1.25.1-win32-x64\jre\17.0.9-win32-x86_64\bin\nio.dll
Event: 0.250 Loaded shared library C:\Users\ADMIN\.vscode\extensions\redhat.java-1.25.1-win32-x64\jre\17.0.9-win32-x86_64\bin\zip.dll
Event: 0.259 Loaded shared library C:\Users\ADMIN\.vscode\extensions\redhat.java-1.25.1-win32-x64\jre\17.0.9-win32-x86_64\bin\jimage.dll
Event: 0.293 Loaded shared library c:\Users\ADMIN\.vscode\extensions\redhat.java-1.25.1-win32-x64\jre\17.0.9-win32-x86_64\bin\verify.dll
Event: 0.987 Loaded shared library C:\Users\ADMIN\AppData\Roaming\Code\User\globalStorage\redhat.java\1.25.1\config_win\org.eclipse.equinox.launcher\org.eclipse.equinox.launcher.win32.win32.x86_64_1.2.800.v20231003-1442\eclipse_11802.dll

Deoptimization events (20 events):
Event: 2.025 Thread 0x000001d91bc898d0 Uncommon trap: trap_request=0xffffff45 fr.pc=0x000001d90a6f14d4 relative=0x0000000000000334
Event: 2.025 Thread 0x000001d91bc898d0 Uncommon trap: reason=unstable_if action=reinterpret pc=0x000001d90a6f14d4 method=java.lang.AbstractStringBuilder.isLatin1()Z @ 10 c2
Event: 2.025 Thread 0x000001d91bc898d0 DEOPT PACKING pc=0x000001d90a6f14d4 sp=0x0000000dfd3f2d70
Event: 2.025 Thread 0x000001d91bc898d0 DEOPT UNPACKING pc=0x000001d90a1666a3 sp=0x0000000dfd3f2cf0 mode 2
Event: 2.025 Thread 0x000001d91bc898d0 Uncommon trap: trap_request=0xffffff45 fr.pc=0x000001d90a716b5c relative=0x000000000000005c
Event: 2.025 Thread 0x000001d91bc898d0 Uncommon trap: reason=unstable_if action=reinterpret pc=0x000001d90a716b5c method=java.lang.AbstractStringBuilder.isLatin1()Z @ 10 c2
Event: 2.025 Thread 0x000001d91bc898d0 DEOPT PACKING pc=0x000001d90a716b5c sp=0x0000000dfd3f2d50
Event: 2.025 Thread 0x000001d91bc898d0 DEOPT UNPACKING pc=0x000001d90a1666a3 sp=0x0000000dfd3f2ce0 mode 2
Event: 2.029 Thread 0x000001d91bc898d0 Uncommon trap: trap_request=0xffffff45 fr.pc=0x000001d90a6da6c8 relative=0x0000000000000048
Event: 2.029 Thread 0x000001d91bc898d0 Uncommon trap: reason=unstable_if action=reinterpret pc=0x000001d90a6da6c8 method=java.lang.CharacterData.of(I)Ljava/lang/CharacterData; @ 4 c2
Event: 2.029 Thread 0x000001d91bc898d0 DEOPT PACKING pc=0x000001d90a6da6c8 sp=0x0000000dfd3f2500
Event: 2.029 Thread 0x000001d91bc898d0 DEOPT UNPACKING pc=0x000001d90a1666a3 sp=0x0000000dfd3f2498 mode 2
Event: 2.032 Thread 0x000001d91bc898d0 Uncommon trap: trap_request=0xffffff45 fr.pc=0x000001d90a6cebb8 relative=0x0000000000000038
Event: 2.032 Thread 0x000001d91bc898d0 Uncommon trap: reason=unstable_if action=reinterpret pc=0x000001d90a6cebb8 method=java.lang.StringLatin1.canEncode(I)Z @ 4 c2
Event: 2.032 Thread 0x000001d91bc898d0 DEOPT PACKING pc=0x000001d90a6cebb8 sp=0x0000000dfd3f2cf0
Event: 2.032 Thread 0x000001d91bc898d0 DEOPT UNPACKING pc=0x000001d90a1666a3 sp=0x0000000dfd3f2c80 mode 2
Event: 2.071 Thread 0x000001d91bc898d0 Uncommon trap: trap_request=0xffffffc6 fr.pc=0x000001d90a789158 relative=0x0000000000000eb8
Event: 2.071 Thread 0x000001d91bc898d0 Uncommon trap: reason=bimorphic_or_optimized_type_check action=maybe_recompile pc=0x000001d90a789158 method=java.util.Properties$LineReader.readLine()I @ 479 c2
Event: 2.071 Thread 0x000001d91bc898d0 DEOPT PACKING pc=0x000001d90a789158 sp=0x0000000dfd3f47c0
Event: 2.071 Thread 0x000001d91bc898d0 DEOPT UNPACKING pc=0x000001d90a1666a3 sp=0x0000000dfd3f4750 mode 2

Classes unloaded (7 events):
Event: 1.595 Thread 0x000001d914349440 Unloading class 0x000000010024e000 'java/lang/invoke/LambdaForm$MH+0x000000010024e000'
Event: 1.595 Thread 0x000001d914349440 Unloading class 0x000000010024dc00 'java/lang/invoke/LambdaForm$MH+0x000000010024dc00'
Event: 1.595 Thread 0x000001d914349440 Unloading class 0x000000010024d800 'java/lang/invoke/LambdaForm$MH+0x000000010024d800'
Event: 1.595 Thread 0x000001d914349440 Unloading class 0x000000010024d400 'java/lang/invoke/LambdaForm$MH+0x000000010024d400'
Event: 1.595 Thread 0x000001d914349440 Unloading class 0x000000010024d000 'java/lang/invoke/LambdaForm$BMH+0x000000010024d000'
Event: 1.595 Thread 0x000001d914349440 Unloading class 0x000000010024cc00 'java/lang/invoke/LambdaForm$DMH+0x000000010024cc00'
Event: 1.595 Thread 0x000001d914349440 Unloading class 0x000000010024a000 'java/lang/invoke/LambdaForm$DMH+0x000000010024a000'

Classes redefined (0 events):
No events

Internal exceptions (20 events):
Event: 1.555 Thread 0x000001d91bc898d0 Exception <a 'java/lang/NoSuchMethodError'{0x00000000ec028750}: 'java.lang.Object java.lang.invoke.DelegatingMethodHandle$Holder.reinvoke_L(java.lang.Object, java.lang.Object, java.lang.Object, java.lang.Object, int, int)'> (0x00000000ec028750) 
thrown [s\src\hotspot\share\interpreter\linkResolver.cpp, line 759]
Event: 1.556 Thread 0x000001d91bc898d0 Exception <a 'java/lang/NoSuchMethodError'{0x00000000ec03cb70}: 'java.lang.Object java.lang.invoke.Invokers$Holder.invokeExact_MT(java.lang.Object, java.lang.Object, java.lang.Object, java.lang.Object)'> (0x00000000ec03cb70) 
thrown [s\src\hotspot\share\interpreter\linkResolver.cpp, line 759]
Event: 1.587 Thread 0x000001d91bc898d0 Exception <a 'java/io/FileNotFoundException'{0x00000000ec2ece90}> (0x00000000ec2ece90) 
thrown [s\src\hotspot\share\prims\jni.cpp, line 516]
Event: 1.659 Thread 0x000001d91bc898d0 Exception <a 'java/lang/NoSuchMethodError'{0x00000000eb1a2038}: 'java.lang.Object java.lang.invoke.DirectMethodHandle$Holder.newInvokeSpecial(java.lang.Object, java.lang.Object, java.lang.Object, java.lang.Object, java.lang.Object)'> (0x00000000eb1a2038) 
thrown [s\src\hotspot\share\interpreter\linkResolver.cpp, line 759]
Event: 1.794 Thread 0x000001d91bc898d0 Exception <a 'java/lang/NoSuchMethodError'{0x00000000eb703a88}: 'java.lang.Object java.lang.invoke.DirectMethodHandle$Holder.invokeSpecial(java.lang.Object, java.lang.Object, java.lang.Object, long, java.lang.Object)'> (0x00000000eb703a88) 
thrown [s\src\hotspot\share\interpreter\linkResolver.cpp, line 759]
Event: 1.795 Thread 0x000001d91bc898d0 Exception <a 'java/lang/NoSuchMethodError'{0x00000000eb70bc40}: 'java.lang.Object java.lang.invoke.DirectMethodHandle$Holder.newInvokeSpecial(java.lang.Object, java.lang.Object, java.lang.Object, long)'> (0x00000000eb70bc40) 
thrown [s\src\hotspot\share\interpreter\linkResolver.cpp, line 759]
Event: 1.795 Thread 0x000001d91bc898d0 Exception <a 'java/lang/NoSuchMethodError'{0x00000000eb7101e0}: 'java.lang.Object java.lang.invoke.DirectMethodHandle$Holder.invokeSpecial(java.lang.Object, java.lang.Object, java.lang.Object, java.lang.Object, long)'> (0x00000000eb7101e0) 
thrown [s\src\hotspot\share\interpreter\linkResolver.cpp, line 759]
Event: 1.795 Thread 0x000001d91bc898d0 Exception <a 'java/lang/NoSuchMethodError'{0x00000000eb714058}: 'java.lang.Object java.lang.invoke.Invokers$Holder.linkToTargetMethod(java.lang.Object, java.lang.Object, long, java.lang.Object)'> (0x00000000eb714058) 
thrown [s\src\hotspot\share\interpreter\linkResolver.cpp, line 759]
Event: 1.802 Thread 0x000001d91bc898d0 Exception <a 'java/lang/NoSuchMethodError'{0x00000000eb784150}: 'int java.lang.invoke.DirectMethodHandle$Holder.invokeStaticInit(java.lang.Object, java.lang.Object, java.lang.Object)'> (0x00000000eb784150) 
thrown [s\src\hotspot\share\interpreter\linkResolver.cpp, line 759]
Event: 1.807 Thread 0x000001d91bc898d0 Exception <a 'java/lang/IncompatibleClassChangeError'{0x00000000eb816980}: Found class java.lang.Object, but interface was expected> (0x00000000eb816980) 
thrown [s\src\hotspot\share\interpreter\linkResolver.cpp, line 826]
Event: 1.812 Thread 0x000001d91bc898d0 Exception <a 'java/lang/NoSuchMethodError'{0x00000000eb83bd88}: 'java.lang.Object java.lang.invoke.DirectMethodHandle$Holder.invokeSpecial(java.lang.Object, java.lang.Object, java.lang.Object, int, java.lang.Object, java.lang.Object)'> (0x00000000eb83bd88) 
thrown [s\src\hotspot\share\interpreter\linkResolver.cpp, line 759]
Event: 1.812 Thread 0x000001d91bc898d0 Exception <a 'java/lang/NoSuchMethodError'{0x00000000eb844480}: 'java.lang.Object java.lang.invoke.DirectMethodHandle$Holder.newInvokeSpecial(java.lang.Object, java.lang.Object, java.lang.Object, int, java.lang.Object)'> (0x00000000eb844480) 
thrown [s\src\hotspot\share\interpreter\linkResolver.cpp, line 759]
Event: 1.813 Thread 0x000001d91bc898d0 Exception <a 'java/lang/NoSuchMethodError'{0x00000000eb8488d8}: 'java.lang.Object java.lang.invoke.DirectMethodHandle$Holder.invokeSpecial(java.lang.Object, java.lang.Object, java.lang.Object, java.lang.Object, int, java.lang.Object)'> (0x00000000eb8488d8) 
thrown [s\src\hotspot\share\interpreter\linkResolver.cpp, line 759]
Event: 1.813 Thread 0x000001d91bd7f160 Exception <a 'java/lang/NoSuchMethodError'{0x00000000eb796690}: 'java.lang.Object java.lang.invoke.DirectMethodHandle$Holder.invokeSpecial(java.lang.Object, java.lang.Object, int, java.lang.Object, java.lang.Object)'> (0x00000000eb796690) 
thrown [s\src\hotspot\share\interpreter\linkResolver.cpp, line 759]
Event: 1.952 Thread 0x000001d91bc898d0 Exception <a 'java/lang/NoSuchMethodError'{0x00000000eac8c620}: 'java.lang.Object java.lang.invoke.Invokers$Holder.linkToTargetMethod(java.lang.Object, long, java.lang.Object, java.lang.Object)'> (0x00000000eac8c620) 
thrown [s\src\hotspot\share\interpreter\linkResolver.cpp, line 759]
Event: 1.999 Thread 0x000001d91bc898d0 Exception <a 'java/io/FileNotFoundException'{0x00000000eb3e8860}> (0x00000000eb3e8860) 
thrown [s\src\hotspot\share\prims\jni.cpp, line 516]
Event: 2.062 Thread 0x000001d91bc898d0 Exception <a 'java/lang/NoSuchMethodError'{0x00000000ebb90438}: 'void java.lang.invoke.DirectMethodHandle$Holder.invokeSpecial(java.lang.Object, java.lang.Object, java.lang.Object, int)'> (0x00000000ebb90438) 
thrown [s\src\hotspot\share\interpreter\linkResolver.cpp, line 759]
Event: 2.161 Thread 0x000001d91bc898d0 Exception <a 'java/io/FileNotFoundException'{0x00000000eb6ec1f8}> (0x00000000eb6ec1f8) 
thrown [s\src\hotspot\share\prims\jni.cpp, line 516]
Event: 2.161 Thread 0x000001d91bc898d0 Exception <a 'java/io/FileNotFoundException'{0x00000000eb6ed010}> (0x00000000eb6ed010) 
thrown [s\src\hotspot\share\prims\jni.cpp, line 516]
Event: 2.161 Thread 0x000001d91bc898d0 Exception <a 'java/io/FileNotFoundException'{0x00000000eb6ede38}> (0x00000000eb6ede38) 
thrown [s\src\hotspot\share\prims\jni.cpp, line 516]

VM Operations (20 events):
Event: 1.822 Executing VM operation: HandshakeAllThreads
Event: 1.822 Executing VM operation: HandshakeAllThreads done
Event: 1.854 Executing VM operation: HandshakeAllThreads
Event: 1.854 Executing VM operation: HandshakeAllThreads done
Event: 1.875 Executing VM operation: HandshakeAllThreads
Event: 1.875 Executing VM operation: HandshakeAllThreads done
Event: 1.880 Executing VM operation: HandshakeAllThreads
Event: 1.880 Executing VM operation: HandshakeAllThreads done
Event: 1.921 Executing VM operation: ICBufferFull
Event: 1.921 Executing VM operation: ICBufferFull done
Event: 1.935 Executing VM operation: ParallelGCFailedAllocation
Event: 1.936 Executing VM operation: ParallelGCFailedAllocation done
Event: 2.029 Executing VM operation: HandshakeAllThreads
Event: 2.029 Executing VM operation: HandshakeAllThreads done
Event: 2.030 Executing VM operation: HandshakeAllThreads
Event: 2.030 Executing VM operation: HandshakeAllThreads done
Event: 2.120 Executing VM operation: ParallelGCFailedAllocation
Event: 2.122 Executing VM operation: ParallelGCFailedAllocation done
Event: 2.224 Executing VM operation: ParallelGCFailedAllocation
Event: 2.226 Executing VM operation: ParallelGCFailedAllocation done

Events (20 events):
Event: 2.104 loading class java/util/zip/GZIPOutputStream
Event: 2.104 loading class java/util/zip/GZIPOutputStream done
Event: 2.105 loading class java/util/zip/GZIPInputStream
Event: 2.105 loading class java/util/zip/GZIPInputStream done
Event: 2.115 loading class java/io/StringReader
Event: 2.115 loading class java/io/StringReader done
Event: 2.117 loading class java/net/SocketTimeoutException
Event: 2.117 loading class java/io/InterruptedIOException
Event: 2.117 loading class java/io/InterruptedIOException done
Event: 2.117 loading class java/net/SocketTimeoutException done
Event: 2.117 loading class java/net/SocketException
Event: 2.117 loading class java/net/SocketException done
Event: 2.117 loading class java/net/UnknownHostException
Event: 2.117 loading class java/net/UnknownHostException done
Event: 2.117 loading class java/net/ProtocolException
Event: 2.117 loading class java/net/ProtocolException done
Event: 2.132 loading class java/io/FileWriter
Event: 2.132 loading class java/io/FileWriter done
Event: 2.132 loading class java/lang/NegativeArraySizeException
Event: 2.132 loading class java/lang/NegativeArraySizeException done


Dynamic libraries:
0x00007ff725410000 - 0x00007ff72541e000 	c:\Users\ADMIN\.vscode\extensions\redhat.java-1.25.1-win32-x64\jre\17.0.9-win32-x86_64\bin\java.exe
0x00007ff9b4950000 - 0x00007ff9b4b48000 	C:\Windows\SYSTEM32\ntdll.dll
0x00007ff9b2ca0000 - 0x00007ff9b2d5d000 	C:\Windows\System32\KERNEL32.DLL
0x00007ff9b2240000 - 0x00007ff9b2512000 	C:\Windows\System32\KERNELBASE.dll
0x00007ff9b2520000 - 0x00007ff9b2620000 	C:\Windows\System32\ucrtbase.dll
0x00007ff9a4af0000 - 0x00007ff9a4b0b000 	c:\Users\ADMIN\.vscode\extensions\redhat.java-1.25.1-win32-x64\jre\17.0.9-win32-x86_64\bin\VCRUNTIME140.dll
0x00007ff9a14e0000 - 0x00007ff9a14f7000 	c:\Users\ADMIN\.vscode\extensions\redhat.java-1.25.1-win32-x64\jre\17.0.9-win32-x86_64\bin\jli.dll
0x00007ff9b2b00000 - 0x00007ff9b2c9d000 	C:\Windows\System32\USER32.dll
0x00007ff9b2060000 - 0x00007ff9b2082000 	C:\Windows\System32\win32u.dll
0x00007ff9a02c0000 - 0x00007ff9a055a000 	C:\Windows\WinSxS\amd64_microsoft.windows.common-controls_6595b64144ccf1df_6.0.19041.1110_none_60b5254171f9507e\COMCTL32.dll
0x00007ff9b4680000 - 0x00007ff9b46ab000 	C:\Windows\System32\GDI32.dll
0x00007ff9b4590000 - 0x00007ff9b462e000 	C:\Windows\System32\msvcrt.dll
0x00007ff9b27f0000 - 0x00007ff9b28ff000 	C:\Windows\System32\gdi32full.dll
0x00007ff9b21a0000 - 0x00007ff9b223d000 	C:\Windows\System32\msvcp_win.dll
0x00007ff9b4650000 - 0x00007ff9b4680000 	C:\Windows\System32\IMM32.DLL
0x00007ff9afe10000 - 0x00007ff9afe1c000 	c:\Users\ADMIN\.vscode\extensions\redhat.java-1.25.1-win32-x64\jre\17.0.9-win32-x86_64\bin\vcruntime140_1.dll
0x00007ff96b160000 - 0x00007ff96b1ed000 	c:\Users\ADMIN\.vscode\extensions\redhat.java-1.25.1-win32-x64\jre\17.0.9-win32-x86_64\bin\msvcp140.dll
0x00007ff956000000 - 0x00007ff956c61000 	c:\Users\ADMIN\.vscode\extensions\redhat.java-1.25.1-win32-x64\jre\17.0.9-win32-x86_64\bin\server\jvm.dll
0x00007ff9b29b0000 - 0x00007ff9b2a5e000 	C:\Windows\System32\ADVAPI32.dll
0x00007ff9b2a60000 - 0x00007ff9b2afc000 	C:\Windows\System32\sechost.dll
0x00007ff9b3840000 - 0x00007ff9b3965000 	C:\Windows\System32\RPCRT4.dll
0x00007ff9b1c00000 - 0x00007ff9b1c4b000 	C:\Windows\SYSTEM32\POWRPROF.dll
0x00007ff98a2b0000 - 0x00007ff98a2b9000 	C:\Windows\SYSTEM32\WSOCK32.dll
0x00007ff9a7620000 - 0x00007ff9a7647000 	C:\Windows\SYSTEM32\WINMM.dll
0x00007ff9b0000000 - 0x00007ff9b000a000 	C:\Windows\SYSTEM32\VERSION.dll
0x00007ff9b37d0000 - 0x00007ff9b383b000 	C:\Windows\System32\WS2_32.dll
0x00007ff9b1be0000 - 0x00007ff9b1bf2000 	C:\Windows\SYSTEM32\UMPDC.dll
0x00007ff9b08b0000 - 0x00007ff9b08c2000 	C:\Windows\SYSTEM32\kernel.appcore.dll
0x00007ff9af780000 - 0x00007ff9af78a000 	c:\Users\ADMIN\.vscode\extensions\redhat.java-1.25.1-win32-x64\jre\17.0.9-win32-x86_64\bin\jimage.dll
0x00007ff9a78f0000 - 0x00007ff9a7ad4000 	C:\Windows\SYSTEM32\DBGHELP.DLL
0x00007ff9a1a80000 - 0x00007ff9a1aac000 	C:\Windows\SYSTEM32\dbgcore.DLL
0x00007ff9b2110000 - 0x00007ff9b2192000 	C:\Windows\System32\bcryptPrimitives.dll
0x00007ff9adad0000 - 0x00007ff9adade000 	c:\Users\ADMIN\.vscode\extensions\redhat.java-1.25.1-win32-x64\jre\17.0.9-win32-x86_64\bin\instrument.dll
0x00007ff990a90000 - 0x00007ff990ab5000 	c:\Users\ADMIN\.vscode\extensions\redhat.java-1.25.1-win32-x64\jre\17.0.9-win32-x86_64\bin\java.dll
0x00007ff994a70000 - 0x00007ff994a88000 	c:\Users\ADMIN\.vscode\extensions\redhat.java-1.25.1-win32-x64\jre\17.0.9-win32-x86_64\bin\zip.dll
0x00007ff9b3be0000 - 0x00007ff9b4323000 	C:\Windows\System32\SHELL32.dll
0x00007ff9b0100000 - 0x00007ff9b0891000 	C:\Windows\SYSTEM32\windows.storage.dll
0x00007ff9b2e30000 - 0x00007ff9b3184000 	C:\Windows\System32\combase.dll
0x00007ff9b1a50000 - 0x00007ff9b1a80000 	C:\Windows\SYSTEM32\Wldp.dll
0x00007ff9b44e0000 - 0x00007ff9b458d000 	C:\Windows\System32\SHCORE.dll
0x00007ff9b3aa0000 - 0x00007ff9b3af5000 	C:\Windows\System32\shlwapi.dll
0x00007ff9b1fa0000 - 0x00007ff9b1fbf000 	C:\Windows\SYSTEM32\profapi.dll
0x00007ff98e570000 - 0x00007ff98e589000 	C:\Users\ADMIN\.vscode\extensions\redhat.java-1.25.1-win32-x64\jre\17.0.9-win32-x86_64\bin\net.dll
0x00007ff9a8c80000 - 0x00007ff9a8d8d000 	C:\Windows\SYSTEM32\WINHTTP.dll
0x00007ff99d2c0000 - 0x00007ff99d2cb000 	C:\Program Files\Common Files\SocksEscort\escortdrv.dll
0x00007ff9b43b0000 - 0x00007ff9b44da000 	C:\Windows\System32\ole32.dll
0x00007ff99d280000 - 0x00007ff99d2b2000 	C:\Program Files\Common Files\SocksEscort\escengine.dll
0x00007ff9b1740000 - 0x00007ff9b17aa000 	C:\Windows\system32\mswsock.dll
0x00007ff98e550000 - 0x00007ff98e566000 	C:\Users\ADMIN\.vscode\extensions\redhat.java-1.25.1-win32-x64\jre\17.0.9-win32-x86_64\bin\nio.dll
0x00007ff9ab4c0000 - 0x00007ff9ab4d0000 	c:\Users\ADMIN\.vscode\extensions\redhat.java-1.25.1-win32-x64\jre\17.0.9-win32-x86_64\bin\verify.dll
0x00007ff989fa0000 - 0x00007ff989fde000 	C:\Users\ADMIN\AppData\Roaming\Code\User\globalStorage\redhat.java\1.25.1\config_win\org.eclipse.equinox.launcher\org.eclipse.equinox.launcher.win32.win32.x86_64_1.2.800.v20231003-1442\eclipse_11802.dll

dbghelp: loaded successfully - version: 4.0.5 - missing functions: none
symbol engine: initialized successfully - sym options: 0x614 - pdb path: .;c:\Users\ADMIN\.vscode\extensions\redhat.java-1.25.1-win32-x64\jre\17.0.9-win32-x86_64\bin;C:\Windows\SYSTEM32;C:\Windows\WinSxS\amd64_microsoft.windows.common-controls_6595b64144ccf1df_6.0.19041.1110_none_60b5254171f9507e;c:\Users\ADMIN\.vscode\extensions\redhat.java-1.25.1-win32-x64\jre\17.0.9-win32-x86_64\bin\server;C:\Program Files\Common Files\SocksEscort;C:\Users\ADMIN\AppData\Roaming\Code\User\globalStorage\redhat.java\1.25.1\config_win\org.eclipse.equinox.launcher\org.eclipse.equinox.launcher.win32.win32.x86_64_1.2.800.v20231003-1442

VM Arguments:
jvm_args: --add-modules=ALL-SYSTEM --add-opens=java.base/java.util=ALL-UNNAMED --add-opens=java.base/java.lang=ALL-UNNAMED --add-opens=java.base/sun.nio.fs=ALL-UNNAMED -Declipse.application=org.eclipse.jdt.ls.core.id1 -Dosgi.bundles.defaultStartLevel=4 -Declipse.product=org.eclipse.jdt.ls.core.product -Djava.import.generatesMetadataFilesAtProjectRoot=false -DDetectVMInstallationsJob.disabled=true -Dfile.encoding=utf8 -XX:+UseParallelGC -XX:GCTimeRatio=4 -XX:AdaptiveSizePolicyWeight=90 -Dsun.zip.disableMemoryMapping=true -Xmx1G -Xms100m -Xlog:disable -javaagent:c:\Users\ADMIN\.vscode\extensions\redhat.java-1.25.1-win32-x64\lombok\lombok-1.18.30.jar -XX:+HeapDumpOnOutOfMemoryError -XX:HeapDumpPath=c:\Users\ADMIN\AppData\Roaming\Code\User\workspaceStorage\9ffa03cfc5cea9a6a22057707b167da1\redhat.java -Daether.dependencyCollector.impl=bf 
java_command: c:\Users\ADMIN\.vscode\extensions\redhat.java-1.25.1-win32-x64\server\plugins\org.eclipse.equinox.launcher_1.6.600.v20231106-1826.jar -configuration c:\Users\ADMIN\AppData\Roaming\Code\User\globalStorage\redhat.java\1.25.1\config_win -data c:\Users\ADMIN\AppData\Roaming\Code\User\workspaceStorage\9ffa03cfc5cea9a6a22057707b167da1\redhat.java\jdt_ws --stdio
java_class_path (initial): c:\Users\ADMIN\.vscode\extensions\redhat.java-1.25.1-win32-x64\server\plugins\org.eclipse.equinox.launcher_1.6.600.v20231106-1826.jar
Launcher Type: SUN_STANDARD

[Global flags]
    uintx AdaptiveSizePolicyWeight                 = 90                                        {product} {command line}
     intx CICompilerCount                          = 4                                         {product} {ergonomic}
    uintx GCTimeRatio                              = 4                                         {product} {command line}
     bool HeapDumpOnOutOfMemoryError               = true                                   {manageable} {command line}
    ccstr HeapDumpPath                             = c:\Users\ADMIN\AppData\Roaming\Code\User\workspaceStorage\9ffa03cfc5cea9a6a22057707b167da1\redhat.java         {manageable} {command line}
   size_t InitialHeapSize                          = 104857600                                 {product} {command line}
   size_t MaxHeapSize                              = 1073741824                                {product} {command line}
   size_t MaxNewSize                               = 357564416                                 {product} {ergonomic}
   size_t MinHeapDeltaBytes                        = 524288                                    {product} {ergonomic}
   size_t MinHeapSize                              = 104857600                                 {product} {command line}
   size_t NewSize                                  = 34603008                                  {product} {ergonomic}
    uintx NonNMethodCodeHeapSize                   = 5839372                                {pd product} {ergonomic}
    uintx NonProfiledCodeHeapSize                  = 122909434                              {pd product} {ergonomic}
   size_t OldSize                                  = 70254592                                  {product} {ergonomic}
    uintx ProfiledCodeHeapSize                     = 122909434                              {pd product} {ergonomic}
    uintx ReservedCodeCacheSize                    = 251658240                              {pd product} {ergonomic}
     bool SegmentedCodeCache                       = true                                      {product} {ergonomic}
   size_t SoftMaxHeapSize                          = 1073741824                             {manageable} {ergonomic}
     bool UseCompressedClassPointers               = true                           {product lp64_product} {ergonomic}
     bool UseCompressedOops                        = true                           {product lp64_product} {ergonomic}
     bool UseLargePagesIndividualAllocation        = false                                  {pd product} {ergonomic}
     bool UseParallelGC                            = true                                      {product} {command line}

Logging:
Log output configuration:
 #0: stdout all=off uptime,level,tags
 #1: stderr all=off uptime,level,tags

Environment Variables:
JAVA_HOME=C:\Program Files\Java\jdk-19
PATH=C:\Program Files\Common Files\Oracle\Java\javapath;C:\Windows\system32;C:\Windows;C:\Windows\System32\Wbem;C:\Windows\System32\WindowsPowerShell\v1.0\;C:\Windows\System32\OpenSSH\;C:\Program Files\Java\jdk-19\bin;C:\Program Files\Git\cmd;C:\MinGW\bin;C:\Users\ADMIN\AppData\Roaming\nvm;C:\Program Files\nodejs;C:\Users\ADMIN\AppData\Local\Android\Sdk\platform-tools;C:\Program Files\MySQL\MySQL Shell 8.0\bin\;C:\Users\ADMIN\AppData\Local\Microsoft\WindowsApps;C:\Users\ADMIN\AppData\Local\Programs\Microsoft VS Code\bin;C:\Users\ADMIN\AppData\Local\Programs\Python\Python311;C:\Users\ADMIN\AppData\Local\Programs\Python\Python311\Scripts;C:\Users\ADMIN\AppData\Roaming\npm;C:\Users\ADMIN\AppData\Local\Programs\EmEditor;C:\Users\ADMIN\AppData\Roaming\nvm;C:\Program Files\nodejs;
USERNAME=ADMIN
OS=Windows_NT
PROCESSOR_IDENTIFIER=AMD64 Family 23 Model 96 Stepping 1, AuthenticAMD
TMP=C:\Users\ADMIN\AppData\Local\Temp
TEMP=C:\Users\ADMIN\AppData\Local\Temp



Periodic native trim disabled


---------------  S Y S T E M  ---------------

OS:
 Windows 10 , 64 bit Build 19041 (10.0.19041.1889)
OS uptime: 0 days 5:11 hours

CPU: total 12 (initial active 12) (12 cores per cpu, 2 threads per core) family 23 model 96 stepping 1 microcode 0x0, cx8, cmov, fxsr, ht, mmx, 3dnowpref, sse, sse2, sse3, ssse3, sse4a, sse4.1, sse4.2, popcnt, lzcnt, tsc, tscinvbit, avx, avx2, aes, clmul, bmi1, bmi2, adx, sha, fma, vzeroupper, clflush, clflushopt
Processor Information for all 12 processors :
  Max Mhz: 3000, Current Mhz: 3000, Mhz Limit: 3000

Memory: 4k page, system-wide physical 7579M (906M free)
TotalPageFile size 11675M (AvailPageFile size 5M)
current process WorkingSet (physical memory assigned to process): 148M, peak: 148M
current process commit charge ("private bytes"): 257M, peak: 258M

vm_info: OpenJDK 64-Bit Server VM (17.0.9+9) for windows-amd64 JRE (17.0.9+9), built on Oct 26 2023 14:01:42 by "admin" with MS VC++ 16.10 / 16.11 (VS2019)

END.
