#
# There is insufficient memory for the Java Runtime Environment to continue.
# Native memory allocation (mmap) failed to map 65536 bytes for Failed to commit metaspace.
# Possible reasons:
#   The system is out of physical RAM or swap space
#   The process is running with CompressedOops enabled, and the Java Heap may be blocking the growth of the native heap
# Possible solutions:
#   Reduce memory load on the system
#   Increase physical memory or swap space
#   Check if swap backing store is full
#   Decrease Java heap size (-Xmx/-Xms)
#   Decrease number of Java threads
#   Decrease Java thread stack sizes (-Xss)
#   Set larger code cache with -XX:ReservedCodeCacheSize=
#   JVM is running with Unscaled Compressed Oops mode in which the Java heap is
#     placed in the first 4GB address space. The Java Heap base address is the
#     maximum limit for the native heap growth. Please use -XX:HeapBaseMinAddress
#     to set the Java Heap base and to place the Java Heap above 4GB virtual address.
# This output file may be truncated or incomplete.
#
#  Out of Memory Error (virtualSpaceNode.cpp:110), pid=3796, tid=14552
#
# JRE version: OpenJDK Runtime Environment Temurin-17.0.9+9 (17.0.9+9) (build 17.0.9+9)
# Java VM: OpenJDK 64-Bit Server VM Temurin-17.0.9+9 (17.0.9+9, mixed mode, tiered, compressed oops, compressed class ptrs, parallel gc, windows-amd64)
# No core dump will be written. Minidumps are not enabled by default on client versions of Windows
#

---------------  S U M M A R Y ------------

Command Line: --add-modules=ALL-SYSTEM --add-opens=java.base/java.util=ALL-UNNAMED --add-opens=java.base/java.lang=ALL-UNNAMED --add-opens=java.base/sun.nio.fs=ALL-UNNAMED -Declipse.application=org.eclipse.jdt.ls.core.id1 -Dosgi.bundles.defaultStartLevel=4 -Declipse.product=org.eclipse.jdt.ls.core.product -Djava.import.generatesMetadataFilesAtProjectRoot=false -DDetectVMInstallationsJob.disabled=true -Dfile.encoding=utf8 -XX:+UseParallelGC -XX:GCTimeRatio=4 -XX:AdaptiveSizePolicyWeight=90 -Dsun.zip.disableMemoryMapping=true -Xmx1G -Xms100m -Xlog:disable -javaagent:c:\Users\ADMIN\.vscode\extensions\redhat.java-1.25.1-win32-x64\lombok\lombok-1.18.30.jar c:\Users\ADMIN\.vscode\extensions\redhat.java-1.25.1-win32-x64\server\plugins\org.eclipse.equinox.launcher_1.6.600.v20231106-1826.jar -configuration c:\Users\ADMIN\AppData\Roaming\Code\User\globalStorage\redhat.java\1.25.1\config_ss_win -data c:\Users\ADMIN\AppData\Roaming\Code\User\workspaceStorage\9ffa03cfc5cea9a6a22057707b167da1\redhat.java\ss_ws --stdio

Host: AMD Ryzen 5 4600H with Radeon Graphics         , 12 cores, 7G,  Windows 10 , 64 bit Build 19041 (10.0.19041.1889)
Time: Sun Jan  7 20:24:35 2024 SE Asia Standard Time elapsed time: 2.330867 seconds (0d 0h 0m 2s)

---------------  T H R E A D  ---------------

Current thread (0x000001b952b45e50):  JavaThread "C1 CompilerThread0" daemon [_thread_in_vm, id=14552, stack(0x00000033f3d00000,0x00000033f3e00000)]


Current CompileTask:
C1:   2330 2578       3       sun.util.locale.BaseLocale::<init> (76 bytes)

Stack: [0x00000033f3d00000,0x00000033f3e00000]
Native frames: (J=compiled Java code, j=interpreted, Vv=VM code, C=native code)
V  [jvm.dll+0x67cf49]
V  [jvm.dll+0x83478a]
V  [jvm.dll+0x83624e]
V  [jvm.dll+0x8368b3]
V  [jvm.dll+0x247f1f]
V  [jvm.dll+0x83044b]
V  [jvm.dll+0x621776]
V  [jvm.dll+0x6217da]
V  [jvm.dll+0x62400a]
V  [jvm.dll+0x622116]
V  [jvm.dll+0x63346a]
V  [jvm.dll+0x62c22a]
V  [jvm.dll+0x1ce1f0]
V  [jvm.dll+0x1ce3e0]
V  [jvm.dll+0x135b2e]
V  [jvm.dll+0x135e56]
V  [jvm.dll+0x1352ea]
V  [jvm.dll+0x136fa1]
V  [jvm.dll+0x2297ae]
V  [jvm.dll+0x22797c]
V  [jvm.dll+0x7e9877]
V  [jvm.dll+0x7e3c3a]
V  [jvm.dll+0x67be35]
C  [ucrtbase.dll+0x21bb2]
C  [KERNEL32.DLL+0x17034]
C  [ntdll.dll+0x526a1]


---------------  P R O C E S S  ---------------

Threads class SMR info:
_java_thread_list=0x000001b95546a4f0, length=22, elements={
0x000001b9399e5740, 0x000001b94d879d10, 0x000001b94d87c250, 0x000001b939a9bcf0,
0x000001b939a9ca80, 0x000001b939a9e5c0, 0x000001b952b3f470, 0x000001b952b417f0,
0x000001b952b45e50, 0x000001b952b46f00, 0x000001b952b3f980, 0x000001b952b3db20,
0x000001b952b3ea50, 0x000001b952b3c1d0, 0x000001b952b3c6e0, 0x000001b952b3cbf0,
0x000001b952b3e030, 0x000001b952b3d100, 0x000001b952b3e540, 0x000001b952b3d610,
0x000001b955c8bf10, 0x000001b9555ea3f0
}

Java Threads: ( => current thread )
  0x000001b9399e5740 JavaThread "main" [_thread_blocked, id=488, stack(0x00000033f3300000,0x00000033f3400000)]
  0x000001b94d879d10 JavaThread "Reference Handler" daemon [_thread_blocked, id=4588, stack(0x00000033f3600000,0x00000033f3700000)]
  0x000001b94d87c250 JavaThread "Finalizer" daemon [_thread_blocked, id=2524, stack(0x00000033f3700000,0x00000033f3800000)]
  0x000001b939a9bcf0 JavaThread "Signal Dispatcher" daemon [_thread_blocked, id=8500, stack(0x00000033f3800000,0x00000033f3900000)]
  0x000001b939a9ca80 JavaThread "Attach Listener" daemon [_thread_blocked, id=1976, stack(0x00000033f3900000,0x00000033f3a00000)]
  0x000001b939a9e5c0 JavaThread "Service Thread" daemon [_thread_blocked, id=12388, stack(0x00000033f3a00000,0x00000033f3b00000)]
  0x000001b952b3f470 JavaThread "Monitor Deflation Thread" daemon [_thread_blocked, id=11756, stack(0x00000033f3b00000,0x00000033f3c00000)]
  0x000001b952b417f0 JavaThread "C2 CompilerThread0" daemon [_thread_blocked, id=5228, stack(0x00000033f3c00000,0x00000033f3d00000)]
=>0x000001b952b45e50 JavaThread "C1 CompilerThread0" daemon [_thread_in_vm, id=14552, stack(0x00000033f3d00000,0x00000033f3e00000)]
  0x000001b952b46f00 JavaThread "Sweeper thread" daemon [_thread_blocked, id=3248, stack(0x00000033f3e00000,0x00000033f3f00000)]
  0x000001b952b3f980 JavaThread "Common-Cleaner" daemon [_thread_blocked, id=12060, stack(0x00000033f3f00000,0x00000033f4000000)]
  0x000001b952b3db20 JavaThread "Notification Thread" daemon [_thread_blocked, id=960, stack(0x00000033f4200000,0x00000033f4300000)]
  0x000001b952b3ea50 JavaThread "Active Thread: Equinox Container: 36670be2-182e-4df8-8bdf-ecfcb373bd33" [_thread_blocked, id=11196, stack(0x00000033f4400000,0x00000033f4500000)]
  0x000001b952b3c1d0 JavaThread "Framework Event Dispatcher: Equinox Container: 36670be2-182e-4df8-8bdf-ecfcb373bd33" daemon [_thread_blocked, id=14284, stack(0x00000033f4b00000,0x00000033f4c00000)]
  0x000001b952b3c6e0 JavaThread "Start Level: Equinox Container: 36670be2-182e-4df8-8bdf-ecfcb373bd33" daemon [_thread_blocked, id=7880, stack(0x00000033f4c00000,0x00000033f4d00000)]
  0x000001b952b3cbf0 JavaThread "SCR Component Actor" daemon [_thread_blocked, id=10200, stack(0x00000033f4d00000,0x00000033f4e00000)]
  0x000001b952b3e030 JavaThread "SCR Component Registry" daemon [_thread_blocked, id=540, stack(0x00000033f4f00000,0x00000033f5000000)]
  0x000001b952b3d100 JavaThread "Worker-JM" [_thread_blocked, id=5552, stack(0x00000033f4000000,0x00000033f4100000)]
  0x000001b952b3e540 JavaThread "Worker-0" [_thread_blocked, id=5792, stack(0x00000033f5200000,0x00000033f5300000)]
  0x000001b952b3d610 JavaThread "Worker-1" [_thread_blocked, id=12488, stack(0x00000033f5300000,0x00000033f5400000)]
  0x000001b955c8bf10 JavaThread "C2 CompilerThread1" daemon [_thread_blocked, id=8904, stack(0x00000033f5400000,0x00000033f5500000)]
  0x000001b9555ea3f0 JavaThread "C2 CompilerThread2" daemon [_thread_blocked, id=15672, stack(0x00000033f5500000,0x00000033f5600000)]

Other Threads:
  0x000001b94d8787e0 VMThread "VM Thread" [stack: 0x00000033f3500000,0x00000033f3600000] [id=4352]
  0x000001b952e7b5d0 WatcherThread [stack: 0x00000033f4300000,0x00000033f4400000] [id=11904]
  0x000001b9399fb130 GCTaskThread "GC Thread#0" [stack: 0x00000033f3400000,0x00000033f3500000] [id=9296]
  0x000001b952d66800 GCTaskThread "GC Thread#1" [stack: 0x00000033f4500000,0x00000033f4600000] [id=15112]
  0x000001b952d66ac0 GCTaskThread "GC Thread#2" [stack: 0x00000033f4600000,0x00000033f4700000] [id=7636]
  0x000001b952d66d80 GCTaskThread "GC Thread#3" [stack: 0x00000033f4700000,0x00000033f4800000] [id=7792]
  0x000001b952d67040 GCTaskThread "GC Thread#4" [stack: 0x00000033f4800000,0x00000033f4900000] [id=2432]
  0x000001b952d66540 GCTaskThread "GC Thread#5" [stack: 0x00000033f4900000,0x00000033f4a00000] [id=9652]
  0x000001b95496fd30 GCTaskThread "GC Thread#6" [stack: 0x00000033f4a00000,0x00000033f4b00000] [id=10008]
  0x000001b95496f4f0 GCTaskThread "GC Thread#7" [stack: 0x00000033f4e00000,0x00000033f4f00000] [id=11980]
  0x000001b95496d3f0 GCTaskThread "GC Thread#8" [stack: 0x00000033f5000000,0x00000033f5100000] [id=9124]
  0x000001b9549702b0 GCTaskThread "GC Thread#9" [stack: 0x00000033f5100000,0x00000033f5200000] [id=11064]

Threads with active compile tasks:
C1 CompilerThread0     2343 2578       3       sun.util.locale.BaseLocale::<init> (76 bytes)

VM state: not at safepoint (normal execution)

VM Mutex/Monitor currently owned by a thread:  ([mutex/lock_event])
[0x000001b9399df690] Metaspace_lock - owner thread: 0x000001b952b45e50
[0x000001b9399e1ae0] MethodData_lock - owner thread: 0x000001b952b45e50

Heap address: 0x00000000c0000000, size: 1024 MB, Compressed Oops mode: 32-bit

CDS archive(s) not mapped
Compressed class space mapped at: 0x0000000100000000-0x0000000140000000, reserved size: 1073741824
Narrow klass base: 0x0000000000000000, Narrow klass shift: 3, Narrow klass range: 0x140000000

GC Precious Log:
 CPUs: 12 total, 12 available
 Memory: 7579M
 Large Page Support: Disabled
 NUMA Support: Disabled
 Compressed Oops: Enabled (32-bit)
 Alignments: Space 512K, Generation 512K, Heap 2M
 Heap Min Capacity: 100M
 Heap Initial Capacity: 100M
 Heap Max Capacity: 1G
 Pre-touch: Disabled
 Parallel Workers: 10

Heap:
 PSYoungGen      total 26112K, used 11009K [0x00000000eab00000, 0x00000000ec780000, 0x0000000100000000)
  eden space 24576K, 39% used [0x00000000eab00000,0x00000000eb489f98,0x00000000ec300000)
  from space 1536K, 80% used [0x00000000ec600000,0x00000000ec7365c8,0x00000000ec780000)
  to   space 1536K, 0% used [0x00000000ec480000,0x00000000ec480000,0x00000000ec600000)
 ParOldGen       total 68608K, used 6877K [0x00000000c0000000, 0x00000000c4300000, 0x00000000eab00000)
  object space 68608K, 10% used [0x00000000c0000000,0x00000000c06b7648,0x00000000c4300000)
 Metaspace       used 29422K, committed 29888K, reserved 1114112K
  class space    used 2877K, committed 3136K, reserved 1048576K

Card table byte_map: [0x000001b9393b0000,0x000001b9395c0000] _byte_map_base: 0x000001b938db0000

Marking Bits: (ParMarkBitMap*) 0x00007ff956b9d0b0
 Begin Bits: [0x000001b94b680000, 0x000001b94c680000)
 End Bits:   [0x000001b94c680000, 0x000001b94d680000)

Polling page: 0x000001b9391a0000

Metaspace:

Usage:
  Non-class:     25.92 MB used.
      Class:      2.81 MB used.
       Both:     28.73 MB used.

Virtual space:
  Non-class space:       64.00 MB reserved,      26.12 MB ( 41%) committed,  1 nodes.
      Class space:        1.00 GB reserved,       3.06 MB ( <1%) committed,  1 nodes.
             Both:        1.06 GB reserved,      29.19 MB (  3%) committed. 

Chunk freelists:
   Non-Class:  5.00 MB
       Class:  12.91 MB
        Both:  17.91 MB

MaxMetaspaceSize: unlimited
CompressedClassSpaceSize: 1.00 GB
Initial GC threshold: 21.00 MB
Current GC threshold: 35.00 MB
CDS: off
MetaspaceReclaimPolicy: balanced
 - commit_granule_bytes: 65536.
 - commit_granule_words: 8192.
 - virtual_space_node_default_size: 8388608.
 - enlarge_chunks_in_place: 1.
 - new_chunks_are_fully_committed: 0.
 - uncommit_free_chunks: 1.
 - use_allocation_guard: 0.
 - handle_deallocations: 1.


Internal statistics:

num_allocs_failed_limit: 3.
num_arena_births: 292.
num_arena_deaths: 14.
num_vsnodes_births: 2.
num_vsnodes_deaths: 0.
num_space_committed: 467.
num_space_uncommitted: 0.
num_chunks_returned_to_freelist: 17.
num_chunks_taken_from_freelist: 1090.
num_chunk_merges: 7.
num_chunk_splits: 715.
num_chunks_enlarged: 492.
num_inconsistent_stats: 0.

CodeHeap 'non-profiled nmethods': size=120000Kb used=1164Kb max_used=1164Kb free=118835Kb
 bounds [0x000001b944150000, 0x000001b9443c0000, 0x000001b94b680000]
CodeHeap 'profiled nmethods': size=120000Kb used=5055Kb max_used=5055Kb free=114944Kb
 bounds [0x000001b93c680000, 0x000001b93cb70000, 0x000001b943bb0000]
CodeHeap 'non-nmethods': size=5760Kb used=1239Kb max_used=1276Kb free=4520Kb
 bounds [0x000001b943bb0000, 0x000001b943e20000, 0x000001b944150000]
 total_blobs=3128 nmethods=2574 adapters=468
 compilation: enabled
              stopped_count=0, restarted_count=0
 full_count=0

Compilation events (20 events):
Event: 2.328 Thread 0x000001b952b45e50 2569       1       sun.util.locale.StringTokenIterator::current (5 bytes)
Event: 2.328 Thread 0x000001b952b45e50 nmethod 2569 0x000001b94426f710 code [0x000001b94426f8a0, 0x000001b94426f978]
Event: 2.328 Thread 0x000001b952b45e50 2570       3       sun.util.locale.LocaleUtils::isAlpha (30 bytes)
Event: 2.328 Thread 0x000001b955c8bf10 nmethod 2566 0x000001b94426fa10 code [0x000001b94426fb80, 0x000001b94426fc18]
Event: 2.329 Thread 0x000001b952b45e50 nmethod 2570 0x000001b93cb6d010 code [0x000001b93cb6d1a0, 0x000001b93cb6d398]
Event: 2.329 Thread 0x000001b952b45e50 2571       1       sun.util.locale.StringTokenIterator::currentEnd (5 bytes)
Event: 2.329 Thread 0x000001b952b45e50 nmethod 2571 0x000001b94426fd10 code [0x000001b94426fea0, 0x000001b94426ff78]
Event: 2.329 Thread 0x000001b952b45e50 2572       3       sun.util.locale.LocaleUtils::toLowerString (95 bytes)
Event: 2.329 Thread 0x000001b9555ea3f0 nmethod 2562 0x000001b944270010 code [0x000001b9442701e0, 0x000001b9442707c0]
Event: 2.329 Thread 0x000001b9555ea3f0 2575   !   4       java.lang.ref.ReferenceQueue::poll (28 bytes)
Event: 2.329 Thread 0x000001b952b45e50 nmethod 2572 0x000001b93cb6d410 code [0x000001b93cb6d700, 0x000001b93cb6e968]
Event: 2.329 Thread 0x000001b952b45e50 2574       3       sun.util.locale.LocaleUtils::isLower (18 bytes)
Event: 2.329 Thread 0x000001b952b45e50 nmethod 2574 0x000001b93cb6f090 code [0x000001b93cb6f220, 0x000001b93cb6f398]
Event: 2.329 Thread 0x000001b952b45e50 2576       3       sun.util.locale.ParseStatus::isError (13 bytes)
Event: 2.330 Thread 0x000001b952b45e50 nmethod 2576 0x000001b93cb6f410 code [0x000001b93cb6f5a0, 0x000001b93cb6f718]
Event: 2.330 Thread 0x000001b952b45e50 2577       3       sun.util.locale.BaseLocale::hashCode (67 bytes)
Event: 2.330 Thread 0x000001b952b45e50 nmethod 2577 0x000001b93cb6f790 code [0x000001b93cb6f960, 0x000001b93cb6fc38]
Event: 2.330 Thread 0x000001b952b45e50 2573       1       sun.util.locale.BaseLocale$Key::hashCode (5 bytes)
Event: 2.330 Thread 0x000001b952b45e50 nmethod 2573 0x000001b944270c90 code [0x000001b944270e20, 0x000001b944270ef8]
Event: 2.330 Thread 0x000001b952b45e50 2578       3       sun.util.locale.BaseLocale::<init> (76 bytes)

GC Heap History (14 events):
Event: 0.654 GC heap before
{Heap before GC invocations=1 (full 0):
 PSYoungGen      total 29696K, used 25600K [0x00000000eab00000, 0x00000000ecc00000, 0x0000000100000000)
  eden space 25600K, 100% used [0x00000000eab00000,0x00000000ec400000,0x00000000ec400000)
  from space 4096K, 0% used [0x00000000ec800000,0x00000000ec800000,0x00000000ecc00000)
  to   space 4096K, 0% used [0x00000000ec400000,0x00000000ec400000,0x00000000ec800000)
 ParOldGen       total 68608K, used 0K [0x00000000c0000000, 0x00000000c4300000, 0x00000000eab00000)
  object space 68608K, 0% used [0x00000000c0000000,0x00000000c0000000,0x00000000c4300000)
 Metaspace       used 11003K, committed 11200K, reserved 1114112K
  class space    used 1098K, committed 1216K, reserved 1048576K
}
Event: 0.658 GC heap after
{Heap after GC invocations=1 (full 0):
 PSYoungGen      total 29696K, used 3164K [0x00000000eab00000, 0x00000000ecc00000, 0x0000000100000000)
  eden space 25600K, 0% used [0x00000000eab00000,0x00000000eab00000,0x00000000ec400000)
  from space 4096K, 77% used [0x00000000ec400000,0x00000000ec7170b0,0x00000000ec800000)
  to   space 4096K, 0% used [0x00000000ec800000,0x00000000ec800000,0x00000000ecc00000)
 ParOldGen       total 68608K, used 16K [0x00000000c0000000, 0x00000000c4300000, 0x00000000eab00000)
  object space 68608K, 0% used [0x00000000c0000000,0x00000000c0004000,0x00000000c4300000)
 Metaspace       used 11003K, committed 11200K, reserved 1114112K
  class space    used 1098K, committed 1216K, reserved 1048576K
}
Event: 1.053 GC heap before
{Heap before GC invocations=2 (full 0):
 PSYoungGen      total 29696K, used 28764K [0x00000000eab00000, 0x00000000ecc00000, 0x0000000100000000)
  eden space 25600K, 100% used [0x00000000eab00000,0x00000000ec400000,0x00000000ec400000)
  from space 4096K, 77% used [0x00000000ec400000,0x00000000ec7170b0,0x00000000ec800000)
  to   space 4096K, 0% used [0x00000000ec800000,0x00000000ec800000,0x00000000ecc00000)
 ParOldGen       total 68608K, used 16K [0x00000000c0000000, 0x00000000c4300000, 0x00000000eab00000)
  object space 68608K, 0% used [0x00000000c0000000,0x00000000c0004000,0x00000000c4300000)
 Metaspace       used 15121K, committed 15424K, reserved 1114112K
  class space    used 1538K, committed 1664K, reserved 1048576K
}
Event: 1.057 GC heap after
{Heap after GC invocations=2 (full 0):
 PSYoungGen      total 29696K, used 4066K [0x00000000eab00000, 0x00000000ecc00000, 0x0000000100000000)
  eden space 25600K, 0% used [0x00000000eab00000,0x00000000eab00000,0x00000000ec400000)
  from space 4096K, 99% used [0x00000000ec800000,0x00000000ecbf88e0,0x00000000ecc00000)
  to   space 4096K, 0% used [0x00000000ec400000,0x00000000ec400000,0x00000000ec800000)
 ParOldGen       total 68608K, used 750K [0x00000000c0000000, 0x00000000c4300000, 0x00000000eab00000)
  object space 68608K, 1% used [0x00000000c0000000,0x00000000c00bb820,0x00000000c4300000)
 Metaspace       used 15121K, committed 15424K, reserved 1114112K
  class space    used 1538K, committed 1664K, reserved 1048576K
}
Event: 1.344 GC heap before
{Heap before GC invocations=3 (full 0):
 PSYoungGen      total 29696K, used 29666K [0x00000000eab00000, 0x00000000ecc00000, 0x0000000100000000)
  eden space 25600K, 100% used [0x00000000eab00000,0x00000000ec400000,0x00000000ec400000)
  from space 4096K, 99% used [0x00000000ec800000,0x00000000ecbf88e0,0x00000000ecc00000)
  to   space 4096K, 0% used [0x00000000ec400000,0x00000000ec400000,0x00000000ec800000)
 ParOldGen       total 68608K, used 750K [0x00000000c0000000, 0x00000000c4300000, 0x00000000eab00000)
  object space 68608K, 1% used [0x00000000c0000000,0x00000000c00bb820,0x00000000c4300000)
 Metaspace       used 20155K, committed 20544K, reserved 1114112K
  class space    used 2067K, committed 2240K, reserved 1048576K
}
Event: 1.349 GC heap after
{Heap after GC invocations=3 (full 0):
 PSYoungGen      total 29696K, used 4077K [0x00000000eab00000, 0x00000000ecc00000, 0x0000000100000000)
  eden space 25600K, 0% used [0x00000000eab00000,0x00000000eab00000,0x00000000ec400000)
  from space 4096K, 99% used [0x00000000ec400000,0x00000000ec7fb7b8,0x00000000ec800000)
  to   space 4096K, 0% used [0x00000000ec800000,0x00000000ec800000,0x00000000ecc00000)
 ParOldGen       total 68608K, used 2517K [0x00000000c0000000, 0x00000000c4300000, 0x00000000eab00000)
  object space 68608K, 3% used [0x00000000c0000000,0x00000000c0275748,0x00000000c4300000)
 Metaspace       used 20155K, committed 20544K, reserved 1114112K
  class space    used 2067K, committed 2240K, reserved 1048576K
}
Event: 1.408 GC heap before
{Heap before GC invocations=4 (full 0):
 PSYoungGen      total 29696K, used 10059K [0x00000000eab00000, 0x00000000ecc00000, 0x0000000100000000)
  eden space 25600K, 23% used [0x00000000eab00000,0x00000000eb0d76a8,0x00000000ec400000)
  from space 4096K, 99% used [0x00000000ec400000,0x00000000ec7fb7b8,0x00000000ec800000)
  to   space 4096K, 0% used [0x00000000ec800000,0x00000000ec800000,0x00000000ecc00000)
 ParOldGen       total 68608K, used 2517K [0x00000000c0000000, 0x00000000c4300000, 0x00000000eab00000)
  object space 68608K, 3% used [0x00000000c0000000,0x00000000c0275748,0x00000000c4300000)
 Metaspace       used 21093K, committed 21504K, reserved 1114112K
  class space    used 2164K, committed 2368K, reserved 1048576K
}
Event: 1.410 GC heap after
{Heap after GC invocations=4 (full 0):
 PSYoungGen      total 29696K, used 4085K [0x00000000eab00000, 0x00000000ecc00000, 0x0000000100000000)
  eden space 25600K, 0% used [0x00000000eab00000,0x00000000eab00000,0x00000000ec400000)
  from space 4096K, 99% used [0x00000000ec800000,0x00000000ecbfd700,0x00000000ecc00000)
  to   space 4096K, 0% used [0x00000000ec400000,0x00000000ec400000,0x00000000ec800000)
 ParOldGen       total 68608K, used 3006K [0x00000000c0000000, 0x00000000c4300000, 0x00000000eab00000)
  object space 68608K, 4% used [0x00000000c0000000,0x00000000c02ef918,0x00000000c4300000)
 Metaspace       used 21093K, committed 21504K, reserved 1114112K
  class space    used 2164K, committed 2368K, reserved 1048576K
}
Event: 1.410 GC heap before
{Heap before GC invocations=5 (full 1):
 PSYoungGen      total 29696K, used 4085K [0x00000000eab00000, 0x00000000ecc00000, 0x0000000100000000)
  eden space 25600K, 0% used [0x00000000eab00000,0x00000000eab00000,0x00000000ec400000)
  from space 4096K, 99% used [0x00000000ec800000,0x00000000ecbfd700,0x00000000ecc00000)
  to   space 4096K, 0% used [0x00000000ec400000,0x00000000ec400000,0x00000000ec800000)
 ParOldGen       total 68608K, used 3006K [0x00000000c0000000, 0x00000000c4300000, 0x00000000eab00000)
  object space 68608K, 4% used [0x00000000c0000000,0x00000000c02ef918,0x00000000c4300000)
 Metaspace       used 21093K, committed 21504K, reserved 1114112K
  class space    used 2164K, committed 2368K, reserved 1048576K
}
Event: 1.425 GC heap after
{Heap after GC invocations=5 (full 1):
 PSYoungGen      total 29696K, used 0K [0x00000000eab00000, 0x00000000ecc00000, 0x0000000100000000)
  eden space 25600K, 0% used [0x00000000eab00000,0x00000000eab00000,0x00000000ec400000)
  from space 4096K, 0% used [0x00000000ec800000,0x00000000ec800000,0x00000000ecc00000)
  to   space 4096K, 0% used [0x00000000ec400000,0x00000000ec400000,0x00000000ec800000)
 ParOldGen       total 68608K, used 6861K [0x00000000c0000000, 0x00000000c4300000, 0x00000000eab00000)
  object space 68608K, 10% used [0x00000000c0000000,0x00000000c06b3648,0x00000000c4300000)
 Metaspace       used 21080K, committed 21504K, reserved 1114112K
  class space    used 2161K, committed 2368K, reserved 1048576K
}
Event: 1.555 GC heap before
{Heap before GC invocations=6 (full 1):
 PSYoungGen      total 29696K, used 25600K [0x00000000eab00000, 0x00000000ecc00000, 0x0000000100000000)
  eden space 25600K, 100% used [0x00000000eab00000,0x00000000ec400000,0x00000000ec400000)
  from space 4096K, 0% used [0x00000000ec800000,0x00000000ec800000,0x00000000ecc00000)
  to   space 4096K, 0% used [0x00000000ec400000,0x00000000ec400000,0x00000000ec800000)
 ParOldGen       total 68608K, used 6861K [0x00000000c0000000, 0x00000000c4300000, 0x00000000eab00000)
  object space 68608K, 10% used [0x00000000c0000000,0x00000000c06b3648,0x00000000c4300000)
 Metaspace       used 24585K, committed 25024K, reserved 1114112K
  class space    used 2414K, committed 2624K, reserved 1048576K
}
Event: 1.557 GC heap after
{Heap after GC invocations=6 (full 1):
 PSYoungGen      total 26112K, used 770K [0x00000000eab00000, 0x00000000ec880000, 0x0000000100000000)
  eden space 25088K, 0% used [0x00000000eab00000,0x00000000eab00000,0x00000000ec380000)
  from space 1024K, 75% used [0x00000000ec400000,0x00000000ec4c0b28,0x00000000ec500000)
  to   space 2560K, 0% used [0x00000000ec600000,0x00000000ec600000,0x00000000ec880000)
 ParOldGen       total 68608K, used 6869K [0x00000000c0000000, 0x00000000c4300000, 0x00000000eab00000)
  object space 68608K, 10% used [0x00000000c0000000,0x00000000c06b5648,0x00000000c4300000)
 Metaspace       used 24585K, committed 25024K, reserved 1114112K
  class space    used 2414K, committed 2624K, reserved 1048576K
}
Event: 2.182 GC heap before
{Heap before GC invocations=7 (full 1):
 PSYoungGen      total 26112K, used 25858K [0x00000000eab00000, 0x00000000ec880000, 0x0000000100000000)
  eden space 25088K, 100% used [0x00000000eab00000,0x00000000ec380000,0x00000000ec380000)
  from space 1024K, 75% used [0x00000000ec400000,0x00000000ec4c0b28,0x00000000ec500000)
  to   space 2560K, 0% used [0x00000000ec600000,0x00000000ec600000,0x00000000ec880000)
 ParOldGen       total 68608K, used 6869K [0x00000000c0000000, 0x00000000c4300000, 0x00000000eab00000)
  object space 68608K, 10% used [0x00000000c0000000,0x00000000c06b5648,0x00000000c4300000)
 Metaspace       used 27410K, committed 27840K, reserved 1114112K
  class space    used 2653K, committed 2880K, reserved 1048576K
}
Event: 2.183 GC heap after
{Heap after GC invocations=7 (full 1):
 PSYoungGen      total 26112K, used 1241K [0x00000000eab00000, 0x00000000ec780000, 0x0000000100000000)
  eden space 24576K, 0% used [0x00000000eab00000,0x00000000eab00000,0x00000000ec300000)
  from space 1536K, 80% used [0x00000000ec600000,0x00000000ec7365c8,0x00000000ec780000)
  to   space 1536K, 0% used [0x00000000ec480000,0x00000000ec480000,0x00000000ec600000)
 ParOldGen       total 68608K, used 6877K [0x00000000c0000000, 0x00000000c4300000, 0x00000000eab00000)
  object space 68608K, 10% used [0x00000000c0000000,0x00000000c06b7648,0x00000000c4300000)
 Metaspace       used 27410K, committed 27840K, reserved 1114112K
  class space    used 2653K, committed 2880K, reserved 1048576K
}

Dll operation events (9 events):
Event: 0.004 Loaded shared library c:\Users\ADMIN\.vscode\extensions\redhat.java-1.25.1-win32-x64\jre\17.0.9-win32-x86_64\bin\java.dll
Event: 0.088 Loaded shared library c:\Users\ADMIN\.vscode\extensions\redhat.java-1.25.1-win32-x64\jre\17.0.9-win32-x86_64\bin\zip.dll
Event: 0.090 Loaded shared library C:\Users\ADMIN\.vscode\extensions\redhat.java-1.25.1-win32-x64\jre\17.0.9-win32-x86_64\bin\instrument.dll
Event: 0.097 Loaded shared library C:\Users\ADMIN\.vscode\extensions\redhat.java-1.25.1-win32-x64\jre\17.0.9-win32-x86_64\bin\net.dll
Event: 0.244 Loaded shared library C:\Users\ADMIN\.vscode\extensions\redhat.java-1.25.1-win32-x64\jre\17.0.9-win32-x86_64\bin\nio.dll
Event: 0.248 Loaded shared library C:\Users\ADMIN\.vscode\extensions\redhat.java-1.25.1-win32-x64\jre\17.0.9-win32-x86_64\bin\zip.dll
Event: 0.257 Loaded shared library C:\Users\ADMIN\.vscode\extensions\redhat.java-1.25.1-win32-x64\jre\17.0.9-win32-x86_64\bin\jimage.dll
Event: 0.292 Loaded shared library c:\Users\ADMIN\.vscode\extensions\redhat.java-1.25.1-win32-x64\jre\17.0.9-win32-x86_64\bin\verify.dll
Event: 0.962 Loaded shared library C:\Users\ADMIN\AppData\Roaming\Code\User\globalStorage\redhat.java\1.25.1\config_ss_win\org.eclipse.equinox.launcher\org.eclipse.equinox.launcher.win32.win32.x86_64_1.2.800.v20231003-1442\eclipse_11802.dll

Deoptimization events (20 events):
Event: 1.695 Thread 0x000001b952b3c6e0 DEOPT PACKING pc=0x000001b9441de278 sp=0x00000033f4cfd8d0
Event: 1.695 Thread 0x000001b952b3c6e0 DEOPT UNPACKING pc=0x000001b943c066a3 sp=0x00000033f4cfd828 mode 2
Event: 1.695 Thread 0x000001b952b3c6e0 Uncommon trap: trap_request=0xffffffc6 fr.pc=0x000001b9441de278 relative=0x0000000000000938
Event: 1.695 Thread 0x000001b952b3c6e0 Uncommon trap: reason=bimorphic_or_optimized_type_check action=maybe_recompile pc=0x000001b9441de278 method=java.util.HashMap.putVal(ILjava/lang/Object;Ljava/lang/Object;ZZ)Ljava/lang/Object; @ 56 c2
Event: 1.695 Thread 0x000001b952b3c6e0 DEOPT PACKING pc=0x000001b9441de278 sp=0x00000033f4cfd8d0
Event: 1.695 Thread 0x000001b952b3c6e0 DEOPT UNPACKING pc=0x000001b943c066a3 sp=0x00000033f4cfd828 mode 2
Event: 1.695 Thread 0x000001b952b3c6e0 Uncommon trap: trap_request=0xffffffc6 fr.pc=0x000001b9441de278 relative=0x0000000000000938
Event: 1.695 Thread 0x000001b952b3c6e0 Uncommon trap: reason=bimorphic_or_optimized_type_check action=maybe_recompile pc=0x000001b9441de278 method=java.util.HashMap.putVal(ILjava/lang/Object;Ljava/lang/Object;ZZ)Ljava/lang/Object; @ 56 c2
Event: 1.695 Thread 0x000001b952b3c6e0 DEOPT PACKING pc=0x000001b9441de278 sp=0x00000033f4cfd8d0
Event: 1.695 Thread 0x000001b952b3c6e0 DEOPT UNPACKING pc=0x000001b943c066a3 sp=0x00000033f4cfd828 mode 2
Event: 1.695 Thread 0x000001b952b3c6e0 Uncommon trap: trap_request=0xffffffc6 fr.pc=0x000001b9441de2b0 relative=0x0000000000000970
Event: 1.695 Thread 0x000001b952b3c6e0 Uncommon trap: reason=bimorphic_or_optimized_type_check action=maybe_recompile pc=0x000001b9441de2b0 method=java.util.HashMap.putVal(ILjava/lang/Object;Ljava/lang/Object;ZZ)Ljava/lang/Object; @ 152 c2
Event: 1.695 Thread 0x000001b952b3c6e0 DEOPT PACKING pc=0x000001b9441de2b0 sp=0x00000033f4cfd8d0
Event: 1.695 Thread 0x000001b952b3c6e0 DEOPT UNPACKING pc=0x000001b943c066a3 sp=0x00000033f4cfd830 mode 2
Event: 1.695 Thread 0x000001b952b3c6e0 Uncommon trap: trap_request=0xffffffc6 fr.pc=0x000001b9441de278 relative=0x0000000000000938
Event: 1.695 Thread 0x000001b952b3c6e0 Uncommon trap: reason=bimorphic_or_optimized_type_check action=maybe_recompile pc=0x000001b9441de278 method=java.util.HashMap.putVal(ILjava/lang/Object;Ljava/lang/Object;ZZ)Ljava/lang/Object; @ 56 c2
Event: 1.695 Thread 0x000001b952b3c6e0 DEOPT PACKING pc=0x000001b9441de278 sp=0x00000033f4cfd8d0
Event: 1.695 Thread 0x000001b952b3c6e0 DEOPT UNPACKING pc=0x000001b943c066a3 sp=0x00000033f4cfd828 mode 2
Event: 2.247 Thread 0x000001b952b3c6e0 DEOPT PACKING pc=0x000001b93c76329e sp=0x00000033f4cfd5a0
Event: 2.247 Thread 0x000001b952b3c6e0 DEOPT UNPACKING pc=0x000001b943c06e43 sp=0x00000033f4cfca98 mode 0

Classes unloaded (7 events):
Event: 1.412 Thread 0x000001b94d8787e0 Unloading class 0x000000010021a000 'java/lang/invoke/LambdaForm$MH+0x000000010021a000'
Event: 1.412 Thread 0x000001b94d8787e0 Unloading class 0x0000000100219c00 'java/lang/invoke/LambdaForm$MH+0x0000000100219c00'
Event: 1.412 Thread 0x000001b94d8787e0 Unloading class 0x0000000100219800 'java/lang/invoke/LambdaForm$MH+0x0000000100219800'
Event: 1.412 Thread 0x000001b94d8787e0 Unloading class 0x0000000100219400 'java/lang/invoke/LambdaForm$MH+0x0000000100219400'
Event: 1.412 Thread 0x000001b94d8787e0 Unloading class 0x0000000100219000 'java/lang/invoke/LambdaForm$BMH+0x0000000100219000'
Event: 1.412 Thread 0x000001b94d8787e0 Unloading class 0x0000000100218c00 'java/lang/invoke/LambdaForm$DMH+0x0000000100218c00'
Event: 1.412 Thread 0x000001b94d8787e0 Unloading class 0x0000000100216000 'java/lang/invoke/LambdaForm$DMH+0x0000000100216000'

Classes redefined (0 events):
No events

Internal exceptions (20 events):
Event: 1.333 Thread 0x000001b952b3c6e0 Exception <a 'java/lang/NoSuchMethodError'{0x00000000ec303a00}: 'java.lang.Object java.lang.invoke.DirectMethodHandle$Holder.newInvokeSpecial(java.lang.Object, java.lang.Object, java.lang.Object, java.lang.Object, java.lang.Object)'> (0x00000000ec303a00) 
thrown [s\src\hotspot\share\interpreter\linkResolver.cpp, line 759]
Event: 1.374 Thread 0x000001b952b3c6e0 Exception <a 'java/lang/NoSuchMethodError'{0x00000000ead12b90}: 'java.lang.Object java.lang.invoke.DirectMethodHandle$Holder.invokeSpecial(java.lang.Object, java.lang.Object, java.lang.Object, long, java.lang.Object)'> (0x00000000ead12b90) 
thrown [s\src\hotspot\share\interpreter\linkResolver.cpp, line 759]
Event: 1.375 Thread 0x000001b952b3c6e0 Exception <a 'java/lang/NoSuchMethodError'{0x00000000ead1ad48}: 'java.lang.Object java.lang.invoke.DirectMethodHandle$Holder.newInvokeSpecial(java.lang.Object, java.lang.Object, java.lang.Object, long)'> (0x00000000ead1ad48) 
thrown [s\src\hotspot\share\interpreter\linkResolver.cpp, line 759]
Event: 1.375 Thread 0x000001b952b3c6e0 Exception <a 'java/lang/NoSuchMethodError'{0x00000000ead1f2e8}: 'java.lang.Object java.lang.invoke.DirectMethodHandle$Holder.invokeSpecial(java.lang.Object, java.lang.Object, java.lang.Object, java.lang.Object, long)'> (0x00000000ead1f2e8) 
thrown [s\src\hotspot\share\interpreter\linkResolver.cpp, line 759]
Event: 1.375 Thread 0x000001b952b3c6e0 Exception <a 'java/lang/NoSuchMethodError'{0x00000000ead23160}: 'java.lang.Object java.lang.invoke.Invokers$Holder.linkToTargetMethod(java.lang.Object, java.lang.Object, long, java.lang.Object)'> (0x00000000ead23160) 
thrown [s\src\hotspot\share\interpreter\linkResolver.cpp, line 759]
Event: 1.380 Thread 0x000001b952b3c6e0 Exception <a 'java/lang/NoSuchMethodError'{0x00000000eae04860}: 'int java.lang.invoke.DirectMethodHandle$Holder.invokeStaticInit(java.lang.Object, java.lang.Object, java.lang.Object)'> (0x00000000eae04860) 
thrown [s\src\hotspot\share\interpreter\linkResolver.cpp, line 759]
Event: 1.385 Thread 0x000001b952b3c6e0 Exception <a 'java/lang/IncompatibleClassChangeError'{0x00000000eae6dae8}: Found class java.lang.Object, but interface was expected> (0x00000000eae6dae8) 
thrown [s\src\hotspot\share\interpreter\linkResolver.cpp, line 826]
Event: 1.390 Thread 0x000001b952b3c6e0 Exception <a 'java/lang/NoSuchMethodError'{0x00000000eae87a60}: 'java.lang.Object java.lang.invoke.DirectMethodHandle$Holder.invokeSpecial(java.lang.Object, java.lang.Object, java.lang.Object, int, java.lang.Object, java.lang.Object)'> (0x00000000eae87a60) 
thrown [s\src\hotspot\share\interpreter\linkResolver.cpp, line 759]
Event: 1.390 Thread 0x000001b952b3c6e0 Exception <a 'java/lang/NoSuchMethodError'{0x00000000eae901e8}: 'java.lang.Object java.lang.invoke.DirectMethodHandle$Holder.newInvokeSpecial(java.lang.Object, java.lang.Object, java.lang.Object, int, java.lang.Object)'> (0x00000000eae901e8) 
thrown [s\src\hotspot\share\interpreter\linkResolver.cpp, line 759]
Event: 1.390 Thread 0x000001b952b3c6e0 Exception <a 'java/lang/NoSuchMethodError'{0x00000000eae94640}: 'java.lang.Object java.lang.invoke.DirectMethodHandle$Holder.invokeSpecial(java.lang.Object, java.lang.Object, java.lang.Object, java.lang.Object, int, java.lang.Object)'> (0x00000000eae94640) 
thrown [s\src\hotspot\share\interpreter\linkResolver.cpp, line 759]
Event: 1.391 Thread 0x000001b952b3e540 Exception <a 'java/lang/NoSuchMethodError'{0x00000000eadb2870}: 'java.lang.Object java.lang.invoke.DirectMethodHandle$Holder.invokeSpecial(java.lang.Object, java.lang.Object, int, java.lang.Object, java.lang.Object)'> (0x00000000eadb2870) 
thrown [s\src\hotspot\share\interpreter\linkResolver.cpp, line 759]
Event: 1.391 Thread 0x000001b952b3e540 Exception <a 'java/lang/NoSuchMethodError'{0x00000000eadb9f40}: 'java.lang.Object java.lang.invoke.DirectMethodHandle$Holder.newInvokeSpecial(java.lang.Object, java.lang.Object, int, java.lang.Object)'> (0x00000000eadb9f40) 
thrown [s\src\hotspot\share\interpreter\linkResolver.cpp, line 759]
Event: 1.391 Thread 0x000001b952b3e540 Exception <a 'java/lang/NoSuchMethodError'{0x00000000eadbda50}: 'java.lang.Object java.lang.invoke.DirectMethodHandle$Holder.invokeSpecial(java.lang.Object, java.lang.Object, java.lang.Object, int, java.lang.Object)'> (0x00000000eadbda50) 
thrown [s\src\hotspot\share\interpreter\linkResolver.cpp, line 759]
Event: 1.670 Thread 0x000001b952b3c6e0 Exception <a 'java/lang/ClassNotFoundException'{0x00000000ec0b4120}: com/sun/org/apache/xerces/internal/impl/msg/spi/DOMMessagesProvider> (0x00000000ec0b4120) 
thrown [s\src\hotspot\share\classfile\systemDictionary.cpp, line 256]
Event: 1.672 Thread 0x000001b952b3c6e0 Exception <a 'java/lang/ClassNotFoundException'{0x00000000ec0e0298}: com/sun/org/apache/xerces/internal/impl/msg/spi/XMLSerializerMessagesProvider> (0x00000000ec0e0298) 
thrown [s\src\hotspot\share\classfile\systemDictionary.cpp, line 256]
Event: 1.673 Thread 0x000001b952b3c6e0 Exception <a 'java/lang/ClassNotFoundException'{0x00000000ec0ed570}: com/sun/org/apache/xerces/internal/impl/msg/spi/XMLMessagesProvider> (0x00000000ec0ed570) 
thrown [s\src\hotspot\share\classfile\systemDictionary.cpp, line 256]
Event: 1.681 Thread 0x000001b952b3c6e0 Exception <a 'java/lang/NoSuchMethodError'{0x00000000ec17afb8}: 'void java.lang.invoke.DirectMethodHandle$Holder.invokeVirtual(java.lang.Object, java.lang.Object)'> (0x00000000ec17afb8) 
thrown [s\src\hotspot\share\interpreter\linkResolver.cpp, line 759]
Event: 2.189 Thread 0x000001b952b3c6e0 Exception <a 'java/lang/NoSuchMethodError'{0x00000000eab98cb8}: 'java.lang.Object java.lang.invoke.DirectMethodHandle$Holder.invokeStaticInit(java.lang.Object, int, int, int, int)'> (0x00000000eab98cb8) 
thrown [s\src\hotspot\share\interpreter\linkResolver.cpp, line 759]
Event: 2.223 Thread 0x000001b952b3c6e0 Exception <a 'java/lang/NoSuchMethodError'{0x00000000eaccb5b8}: 'java.lang.Object java.lang.invoke.DirectMethodHandle$Holder.invokeStaticInit(java.lang.Object, java.lang.Object, int, int, int, int)'> (0x00000000eaccb5b8) 
thrown [s\src\hotspot\share\interpreter\linkResolver.cpp, line 759]
Event: 2.270 Thread 0x000001b952b3c6e0 Exception <a 'java/lang/ClassNotFoundException'{0x00000000eb03b650}: com/sun/org/apache/xml/internal/serializer/spi/XMLEntitiesProvider> (0x00000000eb03b650) 
thrown [s\src\hotspot\share\classfile\systemDictionary.cpp, line 256]

VM Operations (20 events):
Event: 1.270 Executing VM operation: HandshakeAllThreads
Event: 1.270 Executing VM operation: HandshakeAllThreads done
Event: 1.344 Executing VM operation: ParallelGCFailedAllocation
Event: 1.349 Executing VM operation: ParallelGCFailedAllocation done
Event: 1.399 Executing VM operation: HandshakeAllThreads
Event: 1.399 Executing VM operation: HandshakeAllThreads done
Event: 1.407 Executing VM operation: CollectForMetadataAllocation
Event: 1.425 Executing VM operation: CollectForMetadataAllocation done
Event: 1.555 Executing VM operation: ParallelGCFailedAllocation
Event: 1.557 Executing VM operation: ParallelGCFailedAllocation done
Event: 1.695 Executing VM operation: HandshakeAllThreads
Event: 1.695 Executing VM operation: HandshakeAllThreads done
Event: 2.182 Executing VM operation: ParallelGCFailedAllocation
Event: 2.183 Executing VM operation: ParallelGCFailedAllocation done
Event: 2.254 Executing VM operation: HandshakeAllThreads
Event: 2.254 Executing VM operation: HandshakeAllThreads done
Event: 2.273 Executing VM operation: HandshakeAllThreads
Event: 2.273 Executing VM operation: HandshakeAllThreads done
Event: 2.293 Executing VM operation: HandshakeAllThreads
Event: 2.293 Executing VM operation: HandshakeAllThreads done

Events (20 events):
Event: 2.327 loading class java/text/spi/NumberFormatProvider
Event: 2.327 loading class java/text/spi/NumberFormatProvider done
Event: 2.327 loading class java/util/spi/CurrencyNameProvider
Event: 2.327 loading class java/util/spi/CurrencyNameProvider done
Event: 2.327 loading class java/util/spi/LocaleNameProvider
Event: 2.327 loading class java/util/spi/LocaleNameProvider done
Event: 2.327 loading class java/util/spi/TimeZoneNameProvider
Event: 2.327 loading class java/util/spi/TimeZoneNameProvider done
Event: 2.327 loading class sun/util/locale/provider/CalendarDataUtility$CalendarWeekParameterGetter
Event: 2.327 loading class sun/util/locale/provider/LocaleServiceProviderPool$LocalizedObjectGetter
Event: 2.327 loading class sun/util/locale/provider/LocaleServiceProviderPool$LocalizedObjectGetter done
Event: 2.327 loading class sun/util/locale/provider/CalendarDataUtility$CalendarWeekParameterGetter done
Event: 2.327 loading class java/util/ResourceBundle$NoFallbackControl
Event: 2.327 loading class java/util/ResourceBundle$SingleFormatControl
Event: 2.327 loading class java/util/ResourceBundle$SingleFormatControl done
Event: 2.327 loading class java/util/ResourceBundle$NoFallbackControl done
Event: 2.328 loading class sun/util/cldr/CLDRCalendarDataProviderImpl
Event: 2.328 loading class sun/util/locale/provider/CalendarDataProviderImpl
Event: 2.328 loading class sun/util/locale/provider/CalendarDataProviderImpl done
Event: 2.328 loading class sun/util/cldr/CLDRCalendarDataProviderImpl done


Dynamic libraries:
0x00007ff725410000 - 0x00007ff72541e000 	c:\Users\ADMIN\.vscode\extensions\redhat.java-1.25.1-win32-x64\jre\17.0.9-win32-x86_64\bin\java.exe
0x00007ff9b4950000 - 0x00007ff9b4b48000 	C:\Windows\SYSTEM32\ntdll.dll
0x00007ff9b2ca0000 - 0x00007ff9b2d5d000 	C:\Windows\System32\KERNEL32.DLL
0x00007ff9b2240000 - 0x00007ff9b2512000 	C:\Windows\System32\KERNELBASE.dll
0x00007ff9b2520000 - 0x00007ff9b2620000 	C:\Windows\System32\ucrtbase.dll
0x00007ff9a4af0000 - 0x00007ff9a4b0b000 	c:\Users\ADMIN\.vscode\extensions\redhat.java-1.25.1-win32-x64\jre\17.0.9-win32-x86_64\bin\VCRUNTIME140.dll
0x00007ff9a14e0000 - 0x00007ff9a14f7000 	c:\Users\ADMIN\.vscode\extensions\redhat.java-1.25.1-win32-x64\jre\17.0.9-win32-x86_64\bin\jli.dll
0x00007ff9b2b00000 - 0x00007ff9b2c9d000 	C:\Windows\System32\USER32.dll
0x00007ff9b2060000 - 0x00007ff9b2082000 	C:\Windows\System32\win32u.dll
0x00007ff9a02c0000 - 0x00007ff9a055a000 	C:\Windows\WinSxS\amd64_microsoft.windows.common-controls_6595b64144ccf1df_6.0.19041.1110_none_60b5254171f9507e\COMCTL32.dll
0x00007ff9b4680000 - 0x00007ff9b46ab000 	C:\Windows\System32\GDI32.dll
0x00007ff9b4590000 - 0x00007ff9b462e000 	C:\Windows\System32\msvcrt.dll
0x00007ff9b27f0000 - 0x00007ff9b28ff000 	C:\Windows\System32\gdi32full.dll
0x00007ff9b21a0000 - 0x00007ff9b223d000 	C:\Windows\System32\msvcp_win.dll
0x00007ff9b4650000 - 0x00007ff9b4680000 	C:\Windows\System32\IMM32.DLL
0x00007ff9afe10000 - 0x00007ff9afe1c000 	c:\Users\ADMIN\.vscode\extensions\redhat.java-1.25.1-win32-x64\jre\17.0.9-win32-x86_64\bin\vcruntime140_1.dll
0x00007ff96b160000 - 0x00007ff96b1ed000 	c:\Users\ADMIN\.vscode\extensions\redhat.java-1.25.1-win32-x64\jre\17.0.9-win32-x86_64\bin\msvcp140.dll
0x00007ff956000000 - 0x00007ff956c61000 	c:\Users\ADMIN\.vscode\extensions\redhat.java-1.25.1-win32-x64\jre\17.0.9-win32-x86_64\bin\server\jvm.dll
0x00007ff9b29b0000 - 0x00007ff9b2a5e000 	C:\Windows\System32\ADVAPI32.dll
0x00007ff9b2a60000 - 0x00007ff9b2afc000 	C:\Windows\System32\sechost.dll
0x00007ff9b3840000 - 0x00007ff9b3965000 	C:\Windows\System32\RPCRT4.dll
0x00007ff9b1c00000 - 0x00007ff9b1c4b000 	C:\Windows\SYSTEM32\POWRPROF.dll
0x00007ff98a2b0000 - 0x00007ff98a2b9000 	C:\Windows\SYSTEM32\WSOCK32.dll
0x00007ff9b37d0000 - 0x00007ff9b383b000 	C:\Windows\System32\WS2_32.dll
0x00007ff9b0000000 - 0x00007ff9b000a000 	C:\Windows\SYSTEM32\VERSION.dll
0x00007ff9a7620000 - 0x00007ff9a7647000 	C:\Windows\SYSTEM32\WINMM.dll
0x00007ff9b1be0000 - 0x00007ff9b1bf2000 	C:\Windows\SYSTEM32\UMPDC.dll
0x00007ff9b08b0000 - 0x00007ff9b08c2000 	C:\Windows\SYSTEM32\kernel.appcore.dll
0x00007ff9af780000 - 0x00007ff9af78a000 	c:\Users\ADMIN\.vscode\extensions\redhat.java-1.25.1-win32-x64\jre\17.0.9-win32-x86_64\bin\jimage.dll
0x00007ff9a78f0000 - 0x00007ff9a7ad4000 	C:\Windows\SYSTEM32\DBGHELP.DLL
0x00007ff9a1a80000 - 0x00007ff9a1aac000 	C:\Windows\SYSTEM32\dbgcore.DLL
0x00007ff9b2110000 - 0x00007ff9b2192000 	C:\Windows\System32\bcryptPrimitives.dll
0x00007ff9adad0000 - 0x00007ff9adade000 	c:\Users\ADMIN\.vscode\extensions\redhat.java-1.25.1-win32-x64\jre\17.0.9-win32-x86_64\bin\instrument.dll
0x00007ff990a90000 - 0x00007ff990ab5000 	c:\Users\ADMIN\.vscode\extensions\redhat.java-1.25.1-win32-x64\jre\17.0.9-win32-x86_64\bin\java.dll
0x00007ff994a70000 - 0x00007ff994a88000 	c:\Users\ADMIN\.vscode\extensions\redhat.java-1.25.1-win32-x64\jre\17.0.9-win32-x86_64\bin\zip.dll
0x00007ff9b3be0000 - 0x00007ff9b4323000 	C:\Windows\System32\SHELL32.dll
0x00007ff9b0100000 - 0x00007ff9b0891000 	C:\Windows\SYSTEM32\windows.storage.dll
0x00007ff9b2e30000 - 0x00007ff9b3184000 	C:\Windows\System32\combase.dll
0x00007ff9b1a50000 - 0x00007ff9b1a80000 	C:\Windows\SYSTEM32\Wldp.dll
0x00007ff9b44e0000 - 0x00007ff9b458d000 	C:\Windows\System32\SHCORE.dll
0x00007ff9b3aa0000 - 0x00007ff9b3af5000 	C:\Windows\System32\shlwapi.dll
0x00007ff9b1fa0000 - 0x00007ff9b1fbf000 	C:\Windows\SYSTEM32\profapi.dll
0x00007ff98e570000 - 0x00007ff98e589000 	C:\Users\ADMIN\.vscode\extensions\redhat.java-1.25.1-win32-x64\jre\17.0.9-win32-x86_64\bin\net.dll
0x00007ff9a8c80000 - 0x00007ff9a8d8d000 	C:\Windows\SYSTEM32\WINHTTP.dll
0x00007ff99d2c0000 - 0x00007ff99d2cb000 	C:\Program Files\Common Files\SocksEscort\escortdrv.dll
0x00007ff9b43b0000 - 0x00007ff9b44da000 	C:\Windows\System32\ole32.dll
0x00007ff99d280000 - 0x00007ff99d2b2000 	C:\Program Files\Common Files\SocksEscort\escengine.dll
0x00007ff9b1740000 - 0x00007ff9b17aa000 	C:\Windows\system32\mswsock.dll
0x00007ff98e550000 - 0x00007ff98e566000 	C:\Users\ADMIN\.vscode\extensions\redhat.java-1.25.1-win32-x64\jre\17.0.9-win32-x86_64\bin\nio.dll
0x00007ff9ab4c0000 - 0x00007ff9ab4d0000 	c:\Users\ADMIN\.vscode\extensions\redhat.java-1.25.1-win32-x64\jre\17.0.9-win32-x86_64\bin\verify.dll
0x00007ff98db50000 - 0x00007ff98db8e000 	C:\Users\ADMIN\AppData\Roaming\Code\User\globalStorage\redhat.java\1.25.1\config_ss_win\org.eclipse.equinox.launcher\org.eclipse.equinox.launcher.win32.win32.x86_64_1.2.800.v20231003-1442\eclipse_11802.dll
0x00007ff9b1930000 - 0x00007ff9b1948000 	C:\Windows\SYSTEM32\CRYPTSP.dll
0x00007ff9b1060000 - 0x00007ff9b1094000 	C:\Windows\system32\rsaenh.dll
0x00007ff9b2090000 - 0x00007ff9b20b7000 	C:\Windows\System32\bcrypt.dll
0x00007ff9b1f60000 - 0x00007ff9b1f8e000 	C:\Windows\SYSTEM32\USERENV.dll
0x00007ff9b1950000 - 0x00007ff9b195c000 	C:\Windows\SYSTEM32\CRYPTBASE.dll
0x00007ff9b1430000 - 0x00007ff9b146b000 	C:\Windows\SYSTEM32\IPHLPAPI.DLL
0x00007ff9b3bd0000 - 0x00007ff9b3bd8000 	C:\Windows\System32\NSI.dll
0x00007ff9aaf10000 - 0x00007ff9aaf27000 	C:\Windows\SYSTEM32\dhcpcsvc6.DLL
0x00007ff9ab1e0000 - 0x00007ff9ab1fd000 	C:\Windows\SYSTEM32\dhcpcsvc.DLL
0x00007ff9b1470000 - 0x00007ff9b153a000 	C:\Windows\SYSTEM32\DNSAPI.dll

dbghelp: loaded successfully - version: 4.0.5 - missing functions: none
symbol engine: initialized successfully - sym options: 0x614 - pdb path: .;c:\Users\ADMIN\.vscode\extensions\redhat.java-1.25.1-win32-x64\jre\17.0.9-win32-x86_64\bin;C:\Windows\SYSTEM32;C:\Windows\WinSxS\amd64_microsoft.windows.common-controls_6595b64144ccf1df_6.0.19041.1110_none_60b5254171f9507e;c:\Users\ADMIN\.vscode\extensions\redhat.java-1.25.1-win32-x64\jre\17.0.9-win32-x86_64\bin\server;C:\Program Files\Common Files\SocksEscort;C:\Users\ADMIN\AppData\Roaming\Code\User\globalStorage\redhat.java\1.25.1\config_ss_win\org.eclipse.equinox.launcher\org.eclipse.equinox.launcher.win32.win32.x86_64_1.2.800.v20231003-1442

VM Arguments:
jvm_args: --add-modules=ALL-SYSTEM --add-opens=java.base/java.util=ALL-UNNAMED --add-opens=java.base/java.lang=ALL-UNNAMED --add-opens=java.base/sun.nio.fs=ALL-UNNAMED -Declipse.application=org.eclipse.jdt.ls.core.id1 -Dosgi.bundles.defaultStartLevel=4 -Declipse.product=org.eclipse.jdt.ls.core.product -Djava.import.generatesMetadataFilesAtProjectRoot=false -DDetectVMInstallationsJob.disabled=true -Dfile.encoding=utf8 -XX:+UseParallelGC -XX:GCTimeRatio=4 -XX:AdaptiveSizePolicyWeight=90 -Dsun.zip.disableMemoryMapping=true -Xmx1G -Xms100m -Xlog:disable -javaagent:c:\Users\ADMIN\.vscode\extensions\redhat.java-1.25.1-win32-x64\lombok\lombok-1.18.30.jar 
java_command: c:\Users\ADMIN\.vscode\extensions\redhat.java-1.25.1-win32-x64\server\plugins\org.eclipse.equinox.launcher_1.6.600.v20231106-1826.jar -configuration c:\Users\ADMIN\AppData\Roaming\Code\User\globalStorage\redhat.java\1.25.1\config_ss_win -data c:\Users\ADMIN\AppData\Roaming\Code\User\workspaceStorage\9ffa03cfc5cea9a6a22057707b167da1\redhat.java\ss_ws --stdio
java_class_path (initial): c:\Users\ADMIN\.vscode\extensions\redhat.java-1.25.1-win32-x64\server\plugins\org.eclipse.equinox.launcher_1.6.600.v20231106-1826.jar
Launcher Type: SUN_STANDARD

[Global flags]
    uintx AdaptiveSizePolicyWeight                 = 90                                        {product} {command line}
     intx CICompilerCount                          = 4                                         {product} {ergonomic}
    uintx GCTimeRatio                              = 4                                         {product} {command line}
   size_t InitialHeapSize                          = 104857600                                 {product} {command line}
   size_t MaxHeapSize                              = 1073741824                                {product} {command line}
   size_t MaxNewSize                               = 357564416                                 {product} {ergonomic}
   size_t MinHeapDeltaBytes                        = 524288                                    {product} {ergonomic}
   size_t MinHeapSize                              = 104857600                                 {product} {command line}
   size_t NewSize                                  = 34603008                                  {product} {ergonomic}
    uintx NonNMethodCodeHeapSize                   = 5839372                                {pd product} {ergonomic}
    uintx NonProfiledCodeHeapSize                  = 122909434                              {pd product} {ergonomic}
   size_t OldSize                                  = 70254592                                  {product} {ergonomic}
    uintx ProfiledCodeHeapSize                     = 122909434                              {pd product} {ergonomic}
    uintx ReservedCodeCacheSize                    = 251658240                              {pd product} {ergonomic}
     bool SegmentedCodeCache                       = true                                      {product} {ergonomic}
   size_t SoftMaxHeapSize                          = 1073741824                             {manageable} {ergonomic}
     bool UseCompressedClassPointers               = true                           {product lp64_product} {ergonomic}
     bool UseCompressedOops                        = true                           {product lp64_product} {ergonomic}
     bool UseLargePagesIndividualAllocation        = false                                  {pd product} {ergonomic}
     bool UseParallelGC                            = true                                      {product} {command line}

Logging:
Log output configuration:
 #0: stdout all=off uptime,level,tags
 #1: stderr all=off uptime,level,tags

Environment Variables:
JAVA_HOME=C:\Program Files\Java\jdk-19
PATH=C:\Program Files\Common Files\Oracle\Java\javapath;C:\Windows\system32;C:\Windows;C:\Windows\System32\Wbem;C:\Windows\System32\WindowsPowerShell\v1.0\;C:\Windows\System32\OpenSSH\;C:\Program Files\Java\jdk-19\bin;C:\Program Files\Git\cmd;C:\MinGW\bin;C:\Users\ADMIN\AppData\Roaming\nvm;C:\Program Files\nodejs;C:\Users\ADMIN\AppData\Local\Android\Sdk\platform-tools;C:\Program Files\MySQL\MySQL Shell 8.0\bin\;C:\Users\ADMIN\AppData\Local\Microsoft\WindowsApps;C:\Users\ADMIN\AppData\Local\Programs\Microsoft VS Code\bin;C:\Users\ADMIN\AppData\Local\Programs\Python\Python311;C:\Users\ADMIN\AppData\Local\Programs\Python\Python311\Scripts;C:\Users\ADMIN\AppData\Roaming\npm;C:\Users\ADMIN\AppData\Local\Programs\EmEditor;C:\Users\ADMIN\AppData\Roaming\nvm;C:\Program Files\nodejs;
USERNAME=ADMIN
OS=Windows_NT
PROCESSOR_IDENTIFIER=AMD64 Family 23 Model 96 Stepping 1, AuthenticAMD
TMP=C:\Users\ADMIN\AppData\Local\Temp
TEMP=C:\Users\ADMIN\AppData\Local\Temp



Periodic native trim disabled


---------------  S Y S T E M  ---------------

OS:
 Windows 10 , 64 bit Build 19041 (10.0.19041.1889)
OS uptime: 0 days 5:11 hours

CPU: total 12 (initial active 12) (12 cores per cpu, 2 threads per core) family 23 model 96 stepping 1 microcode 0x0, cx8, cmov, fxsr, ht, mmx, 3dnowpref, sse, sse2, sse3, ssse3, sse4a, sse4.1, sse4.2, popcnt, lzcnt, tsc, tscinvbit, avx, avx2, aes, clmul, bmi1, bmi2, adx, sha, fma, vzeroupper, clflush, clflushopt
Processor Information for all 12 processors :
  Max Mhz: 3000, Current Mhz: 3000, Mhz Limit: 3000

Memory: 4k page, system-wide physical 7579M (905M free)
TotalPageFile size 11675M (AvailPageFile size 2M)
current process WorkingSet (physical memory assigned to process): 139M, peak: 142M
current process commit charge ("private bytes"): 252M, peak: 257M

vm_info: OpenJDK 64-Bit Server VM (17.0.9+9) for windows-amd64 JRE (17.0.9+9), built on Oct 26 2023 14:01:42 by "admin" with MS VC++ 16.10 / 16.11 (VS2019)

END.
