#
# There is insufficient memory for the Java Runtime Environment to continue.
# Native memory allocation (malloc) failed to allocate 1167248 bytes for Chunk::new
# Possible reasons:
#   The system is out of physical RAM or swap space
#   The process is running with CompressedOops enabled, and the Java Heap may be blocking the growth of the native heap
# Possible solutions:
#   Reduce memory load on the system
#   Increase physical memory or swap space
#   Check if swap backing store is full
#   Decrease Java heap size (-Xmx/-Xms)
#   Decrease number of Java threads
#   Decrease Java thread stack sizes (-Xss)
#   Set larger code cache with -XX:ReservedCodeCacheSize=
#   JVM is running with Unscaled Compressed Oops mode in which the Java heap is
#     placed in the first 4GB address space. The Java Heap base address is the
#     maximum limit for the native heap growth. Please use -XX:HeapBaseMinAddress
#     to set the Java Heap base and to place the Java Heap above 4GB virtual address.
# This output file may be truncated or incomplete.
#
#  Out of Memory Error (arena.cpp:191), pid=11812, tid=3012
#
# JRE version: OpenJDK Runtime Environment Temurin-17.0.9+9 (17.0.9+9) (build 17.0.9+9)
# Java VM: OpenJDK 64-Bit Server VM Temurin-17.0.9+9 (17.0.9+9, mixed mode, tiered, compressed oops, compressed class ptrs, parallel gc, windows-amd64)
# No core dump will be written. Minidumps are not enabled by default on client versions of Windows
#

---------------  S U M M A R Y ------------

Command Line: --add-modules=ALL-SYSTEM --add-opens=java.base/java.util=ALL-UNNAMED --add-opens=java.base/java.lang=ALL-UNNAMED --add-opens=java.base/sun.nio.fs=ALL-UNNAMED -Declipse.application=org.eclipse.jdt.ls.core.id1 -Dosgi.bundles.defaultStartLevel=4 -Declipse.product=org.eclipse.jdt.ls.core.product -Djava.import.generatesMetadataFilesAtProjectRoot=false -DDetectVMInstallationsJob.disabled=true -Dfile.encoding=utf8 -XX:+UseParallelGC -XX:GCTimeRatio=4 -XX:AdaptiveSizePolicyWeight=90 -Dsun.zip.disableMemoryMapping=true -Xmx1G -Xms100m -Xlog:disable -javaagent:c:\Users\ADMIN\.vscode\extensions\redhat.java-1.25.1-win32-x64\lombok\lombok-1.18.30.jar -XX:+HeapDumpOnOutOfMemoryError -XX:HeapDumpPath=c:\Users\ADMIN\AppData\Roaming\Code\User\workspaceStorage\9ffa03cfc5cea9a6a22057707b167da1\redhat.java -Daether.dependencyCollector.impl=bf c:\Users\ADMIN\.vscode\extensions\redhat.java-1.25.1-win32-x64\server\plugins\org.eclipse.equinox.launcher_1.6.600.v20231106-1826.jar -configuration c:\Users\ADMIN\AppData\Roaming\Code\User\globalStorage\redhat.java\1.25.1\config_win -data c:\Users\ADMIN\AppData\Roaming\Code\User\workspaceStorage\9ffa03cfc5cea9a6a22057707b167da1\redhat.java\jdt_ws --stdio

Host: AMD Ryzen 5 4600H with Radeon Graphics         , 12 cores, 7G,  Windows 10 , 64 bit Build 19041 (10.0.19041.1889)
Time: Sun Jan  7 20:24:31 2024 SE Asia Standard Time elapsed time: 1.904615 seconds (0d 0h 0m 1s)

---------------  T H R E A D  ---------------

Current thread (0x0000024d70554480):  JavaThread "C2 CompilerThread2" daemon [_thread_in_native, id=3012, stack(0x000000841f700000,0x000000841f800000)]


Current CompileTask:
C2:   1904 2643       4       org.eclipse.core.internal.dtree.DataTreeReader::readNode (248 bytes)

Stack: [0x000000841f700000,0x000000841f800000]
Native frames: (J=compiled Java code, j=interpreted, Vv=VM code, C=native code)
V  [jvm.dll+0x67cf49]
V  [jvm.dll+0x83478a]
V  [jvm.dll+0x83624e]
V  [jvm.dll+0x8368b3]
V  [jvm.dll+0x247f1f]
V  [jvm.dll+0xac43c]
V  [jvm.dll+0xaca8c]
V  [jvm.dll+0x367067]
V  [jvm.dll+0x1bd722]
V  [jvm.dll+0x21a709]
V  [jvm.dll+0x2199d1]
V  [jvm.dll+0x1a57cd]
V  [jvm.dll+0x2297ae]
V  [jvm.dll+0x22797c]
V  [jvm.dll+0x7e9877]
V  [jvm.dll+0x7e3c3a]
V  [jvm.dll+0x67be35]
C  [ucrtbase.dll+0x21bb2]
C  [KERNEL32.DLL+0x17034]
C  [ntdll.dll+0x526a1]


---------------  P R O C E S S  ---------------

Threads class SMR info:
_java_thread_list=0x0000024d71687480, length=21, elements={
0x0000024d55742830, 0x0000024d695d5880, 0x0000024d6e905130, 0x0000024d6e92b060,
0x0000024d6e92bdf0, 0x0000024d6e92e990, 0x0000024d6e930a10, 0x0000024d6e931db0,
0x0000024d6e934ef0, 0x0000024d6e938d00, 0x0000024d6ea331f0, 0x0000024d6ec4aca0,
0x0000024d6ec82f80, 0x0000024d70554480, 0x0000024d70e178c0, 0x0000024d70dcfa00,
0x0000024d70dcfee0, 0x0000024d70f47ad0, 0x0000024d7159bd30, 0x0000024d714dc8b0,
0x0000024d715b1ac0
}

Java Threads: ( => current thread )
  0x0000024d55742830 JavaThread "main" [_thread_blocked, id=8044, stack(0x000000841e600000,0x000000841e700000)]
  0x0000024d695d5880 JavaThread "Reference Handler" daemon [_thread_blocked, id=15088, stack(0x000000841e900000,0x000000841ea00000)]
  0x0000024d6e905130 JavaThread "Finalizer" daemon [_thread_blocked, id=12480, stack(0x000000841ea00000,0x000000841eb00000)]
  0x0000024d6e92b060 JavaThread "Signal Dispatcher" daemon [_thread_blocked, id=868, stack(0x000000841eb00000,0x000000841ec00000)]
  0x0000024d6e92bdf0 JavaThread "Attach Listener" daemon [_thread_blocked, id=9448, stack(0x000000841ec00000,0x000000841ed00000)]
  0x0000024d6e92e990 JavaThread "Service Thread" daemon [_thread_blocked, id=16244, stack(0x000000841ed00000,0x000000841ee00000)]
  0x0000024d6e930a10 JavaThread "Monitor Deflation Thread" daemon [_thread_blocked, id=9100, stack(0x000000841ee00000,0x000000841ef00000)]
  0x0000024d6e931db0 JavaThread "C2 CompilerThread0" daemon [_thread_blocked, id=14792, stack(0x000000841ef00000,0x000000841f000000)]
  0x0000024d6e934ef0 JavaThread "C1 CompilerThread0" daemon [_thread_blocked, id=12072, stack(0x000000841f000000,0x000000841f100000)]
  0x0000024d6e938d00 JavaThread "Sweeper thread" daemon [_thread_blocked, id=5664, stack(0x000000841f100000,0x000000841f200000)]
  0x0000024d6ea331f0 JavaThread "Common-Cleaner" daemon [_thread_blocked, id=8780, stack(0x000000841f200000,0x000000841f300000)]
  0x0000024d6ec4aca0 JavaThread "C2 CompilerThread1" daemon [_thread_in_native, id=10560, stack(0x000000841f400000,0x000000841f500000)]
  0x0000024d6ec82f80 JavaThread "Notification Thread" daemon [_thread_blocked, id=8480, stack(0x000000841f500000,0x000000841f600000)]
=>0x0000024d70554480 JavaThread "C2 CompilerThread2" daemon [_thread_in_native, id=3012, stack(0x000000841f700000,0x000000841f800000)]
  0x0000024d70e178c0 JavaThread "Active Thread: Equinox Container: 5d1192dc-f4b6-497f-99c7-7bbd0258da9f" [_thread_blocked, id=11348, stack(0x000000841fe00000,0x000000841ff00000)]
  0x0000024d70dcfa00 JavaThread "Framework Event Dispatcher: Equinox Container: 5d1192dc-f4b6-497f-99c7-7bbd0258da9f" daemon [_thread_blocked, id=9496, stack(0x000000841ff00000,0x0000008420000000)]
  0x0000024d70dcfee0 JavaThread "Start Level: Equinox Container: 5d1192dc-f4b6-497f-99c7-7bbd0258da9f" daemon [_thread_in_Java, id=4332, stack(0x0000008420000000,0x0000008420100000)]
  0x0000024d70f47ad0 JavaThread "Bundle File Closer" daemon [_thread_blocked, id=13468, stack(0x0000008420200000,0x0000008420300000)]
  0x0000024d7159bd30 JavaThread "SCR Component Actor" daemon [_thread_blocked, id=10252, stack(0x0000008420300000,0x0000008420400000)]
  0x0000024d714dc8b0 JavaThread "SCR Component Registry" daemon [_thread_blocked, id=152, stack(0x0000008420600000,0x0000008420700000)]
  0x0000024d715b1ac0 JavaThread "Worker-JM" [_thread_blocked, id=11884, stack(0x0000008420700000,0x0000008420800000)]

Other Threads:
  0x0000024d557fac60 VMThread "VM Thread" [stack: 0x000000841e800000,0x000000841e900000] [id=14384]
  0x0000024d6ec83460 WatcherThread [stack: 0x000000841f600000,0x000000841f700000] [id=6396]
  0x0000024d55759b40 GCTaskThread "GC Thread#0" [stack: 0x000000841e700000,0x000000841e800000] [id=10800]
  0x0000024d707253c0 GCTaskThread "GC Thread#1" [stack: 0x000000841f800000,0x000000841f900000] [id=14432]
  0x0000024d70a831d0 GCTaskThread "GC Thread#2" [stack: 0x000000841f900000,0x000000841fa00000] [id=6300]
  0x0000024d70a83490 GCTaskThread "GC Thread#3" [stack: 0x000000841fa00000,0x000000841fb00000] [id=8312]
  0x0000024d70ea2020 GCTaskThread "GC Thread#4" [stack: 0x000000841fb00000,0x000000841fc00000] [id=11088]
  0x0000024d70ea22e0 GCTaskThread "GC Thread#5" [stack: 0x000000841fc00000,0x000000841fd00000] [id=6972]
  0x0000024d70ea25a0 GCTaskThread "GC Thread#6" [stack: 0x000000841fd00000,0x000000841fe00000] [id=4732]
  0x0000024d70e53a70 GCTaskThread "GC Thread#7" [stack: 0x0000008420100000,0x0000008420200000] [id=9348]
  0x0000024d714db780 GCTaskThread "GC Thread#8" [stack: 0x0000008420400000,0x0000008420500000] [id=9756]
  0x0000024d714dba40 GCTaskThread "GC Thread#9" [stack: 0x0000008420500000,0x0000008420600000] [id=1568]

Threads with active compile tasks:
C2 CompilerThread1     1916 2805 %     4       sun.nio.fs.WindowsPathParser::normalize @ 18 (233 bytes)
C2 CompilerThread2     1916 2643       4       org.eclipse.core.internal.dtree.DataTreeReader::readNode (248 bytes)

VM state: not at safepoint (normal execution)

VM Mutex/Monitor currently owned by a thread: None

Heap address: 0x00000000c0000000, size: 1024 MB, Compressed Oops mode: 32-bit

CDS archive(s) not mapped
Compressed class space mapped at: 0x0000000100000000-0x0000000140000000, reserved size: 1073741824
Narrow klass base: 0x0000000000000000, Narrow klass shift: 3, Narrow klass range: 0x140000000

GC Precious Log:
 CPUs: 12 total, 12 available
 Memory: 7579M
 Large Page Support: Disabled
 NUMA Support: Disabled
 Compressed Oops: Enabled (32-bit)
 Alignments: Space 512K, Generation 512K, Heap 2M
 Heap Min Capacity: 100M
 Heap Initial Capacity: 100M
 Heap Max Capacity: 1G
 Pre-touch: Disabled
 Parallel Workers: 10

Heap:
 PSYoungGen      total 29696K, used 12382K [0x00000000eab00000, 0x00000000ecc00000, 0x0000000100000000)
  eden space 25600K, 48% used [0x00000000eab00000,0x00000000eb717b38,0x00000000ec400000)
  from space 4096K, 0% used [0x00000000ec800000,0x00000000ec800000,0x00000000ecc00000)
  to   space 4096K, 0% used [0x00000000ec400000,0x00000000ec400000,0x00000000ec800000)
 ParOldGen       total 68608K, used 10396K [0x00000000c0000000, 0x00000000c4300000, 0x00000000eab00000)
  object space 68608K, 15% used [0x00000000c0000000,0x00000000c0a27230,0x00000000c4300000)
 Metaspace       used 22165K, committed 22592K, reserved 1114112K
  class space    used 2235K, committed 2432K, reserved 1048576K

Card table byte_map: [0x0000024d550e0000,0x0000024d552f0000] _byte_map_base: 0x0000024d54ae0000

Marking Bits: (ParMarkBitMap*) 0x00007ff956b9d0b0
 Begin Bits: [0x0000024d673e0000, 0x0000024d683e0000)
 End Bits:   [0x0000024d683e0000, 0x0000024d693e0000)

Polling page: 0x0000024d53570000

Metaspace:

Usage:
  Non-class:     19.47 MB used.
      Class:      2.18 MB used.
       Both:     21.65 MB used.

Virtual space:
  Non-class space:       64.00 MB reserved,      19.69 MB ( 31%) committed,  1 nodes.
      Class space:        1.00 GB reserved,       2.38 MB ( <1%) committed,  1 nodes.
             Both:        1.06 GB reserved,      22.06 MB (  2%) committed. 

Chunk freelists:
   Non-Class:  12.27 MB
       Class:  13.58 MB
        Both:  25.84 MB

MaxMetaspaceSize: unlimited
CompressedClassSpaceSize: 1.00 GB
Initial GC threshold: 21.00 MB
Current GC threshold: 35.00 MB
CDS: off
MetaspaceReclaimPolicy: balanced
 - commit_granule_bytes: 65536.
 - commit_granule_words: 8192.
 - virtual_space_node_default_size: 8388608.
 - enlarge_chunks_in_place: 1.
 - new_chunks_are_fully_committed: 0.
 - uncommit_free_chunks: 1.
 - use_allocation_guard: 0.
 - handle_deallocations: 1.


Internal statistics:

num_allocs_failed_limit: 3.
num_arena_births: 244.
num_arena_deaths: 14.
num_vsnodes_births: 2.
num_vsnodes_deaths: 0.
num_space_committed: 353.
num_space_uncommitted: 0.
num_chunks_returned_to_freelist: 17.
num_chunks_taken_from_freelist: 758.
num_chunk_merges: 7.
num_chunk_splits: 476.
num_chunks_enlarged: 322.
num_inconsistent_stats: 0.

CodeHeap 'non-profiled nmethods': size=120000Kb used=1217Kb max_used=1217Kb free=118782Kb
 bounds [0x0000024d5feb0000, 0x0000024d60120000, 0x0000024d673e0000]
CodeHeap 'profiled nmethods': size=120000Kb used=5675Kb max_used=5675Kb free=114324Kb
 bounds [0x0000024d583e0000, 0x0000024d58970000, 0x0000024d5f910000]
CodeHeap 'non-nmethods': size=5760Kb used=1186Kb max_used=1218Kb free=4573Kb
 bounds [0x0000024d5f910000, 0x0000024d5fb80000, 0x0000024d5feb0000]
 total_blobs=3321 nmethods=2834 adapters=401
 compilation: enabled
              stopped_count=0, restarted_count=0
 full_count=0

Compilation events (20 events):
Event: 1.892 Thread 0x0000024d6e934ef0 nmethod 2808 0x0000024d58952e90 code [0x0000024d58953020, 0x0000024d589531b8]
Event: 1.893 Thread 0x0000024d6e934ef0 2809       3       org.eclipse.core.internal.resources.Resource::getResourceInfo (14 bytes)
Event: 1.893 Thread 0x0000024d6e934ef0 nmethod 2809 0x0000024d58953310 code [0x0000024d589534c0, 0x0000024d589536c8]
Event: 1.893 Thread 0x0000024d6e934ef0 2810       1       org.eclipse.core.internal.resources.Workspace::getFileSystemManager (5 bytes)
Event: 1.893 Thread 0x0000024d6e934ef0 nmethod 2810 0x0000024d5ffda410 code [0x0000024d5ffda5a0, 0x0000024d5ffda678]
Event: 1.895 Thread 0x0000024d6e934ef0 2812       3       org.eclipse.jdt.ls.core.internal.filesystem.JLSFsUtils::shouldStoreInMetadataArea (73 bytes)
Event: 1.896 Thread 0x0000024d6e934ef0 nmethod 2812 0x0000024d58953790 code [0x0000024d58953b60, 0x0000024d58955308]
Event: 1.896 Thread 0x0000024d6e934ef0 2814       1       org.eclipse.core.internal.localstore.FileStoreRoot::isValid (5 bytes)
Event: 1.896 Thread 0x0000024d6e934ef0 nmethod 2814 0x0000024d5ffda710 code [0x0000024d5ffda8a0, 0x0000024d5ffda978]
Event: 1.896 Thread 0x0000024d6e934ef0 2813       3       org.eclipse.jdt.ls.core.internal.filesystem.JLSFsUtils::generatesMetadataFilesAtProjectRoot (17 bytes)
Event: 1.897 Thread 0x0000024d6e934ef0 nmethod 2813 0x0000024d58955a90 code [0x0000024d58955ca0, 0x0000024d589561f8]
Event: 1.899 Thread 0x0000024d6e934ef0 2815       3       java.util.ArrayDeque::<init> (14 bytes)
Event: 1.899 Thread 0x0000024d6e934ef0 nmethod 2815 0x0000024d58956410 code [0x0000024d589565c0, 0x0000024d58956838]
Event: 1.899 Thread 0x0000024d6e934ef0 2816   !   3       com.sun.org.apache.xerces.internal.parsers.AbstractSAXParser::startElement (323 bytes)
Event: 1.900 Thread 0x0000024d6e934ef0 nmethod 2816 0x0000024d58956910 code [0x0000024d58956bc0, 0x0000024d58957b18]
Event: 1.900 Thread 0x0000024d6e934ef0 2817       3       com.sun.org.apache.xerces.internal.parsers.AbstractSAXParser::startNamespaceMapping (78 bytes)
Event: 1.901 Thread 0x0000024d6e934ef0 nmethod 2817 0x0000024d58958510 code [0x0000024d58958700, 0x0000024d58958d08]
Event: 1.901 Thread 0x0000024d6e934ef0 2819       3       com.sun.org.apache.xerces.internal.parsers.AbstractSAXParser::endNamespaceMapping (47 bytes)
Event: 1.901 Thread 0x0000024d6e934ef0 nmethod 2819 0x0000024d58959090 code [0x0000024d58959260, 0x0000024d58959738]
Event: 1.901 Thread 0x0000024d6e934ef0 2818   !   3       com.sun.org.apache.xerces.internal.parsers.AbstractSAXParser::endElement (110 bytes)

GC Heap History (10 events):
Event: 0.693 GC heap before
{Heap before GC invocations=1 (full 0):
 PSYoungGen      total 29696K, used 25600K [0x00000000eab00000, 0x00000000ecc00000, 0x0000000100000000)
  eden space 25600K, 100% used [0x00000000eab00000,0x00000000ec400000,0x00000000ec400000)
  from space 4096K, 0% used [0x00000000ec800000,0x00000000ec800000,0x00000000ecc00000)
  to   space 4096K, 0% used [0x00000000ec400000,0x00000000ec400000,0x00000000ec800000)
 ParOldGen       total 68608K, used 0K [0x00000000c0000000, 0x00000000c4300000, 0x00000000eab00000)
  object space 68608K, 0% used [0x00000000c0000000,0x00000000c0000000,0x00000000c4300000)
 Metaspace       used 10984K, committed 11200K, reserved 1114112K
  class space    used 1097K, committed 1216K, reserved 1048576K
}
Event: 0.697 GC heap after
{Heap after GC invocations=1 (full 0):
 PSYoungGen      total 29696K, used 3219K [0x00000000eab00000, 0x00000000ecc00000, 0x0000000100000000)
  eden space 25600K, 0% used [0x00000000eab00000,0x00000000eab00000,0x00000000ec400000)
  from space 4096K, 78% used [0x00000000ec400000,0x00000000ec724c18,0x00000000ec800000)
  to   space 4096K, 0% used [0x00000000ec800000,0x00000000ec800000,0x00000000ecc00000)
 ParOldGen       total 68608K, used 16K [0x00000000c0000000, 0x00000000c4300000, 0x00000000eab00000)
  object space 68608K, 0% used [0x00000000c0000000,0x00000000c0004000,0x00000000c4300000)
 Metaspace       used 10984K, committed 11200K, reserved 1114112K
  class space    used 1097K, committed 1216K, reserved 1048576K
}
Event: 1.133 GC heap before
{Heap before GC invocations=2 (full 0):
 PSYoungGen      total 29696K, used 28819K [0x00000000eab00000, 0x00000000ecc00000, 0x0000000100000000)
  eden space 25600K, 100% used [0x00000000eab00000,0x00000000ec400000,0x00000000ec400000)
  from space 4096K, 78% used [0x00000000ec400000,0x00000000ec724c18,0x00000000ec800000)
  to   space 4096K, 0% used [0x00000000ec800000,0x00000000ec800000,0x00000000ecc00000)
 ParOldGen       total 68608K, used 16K [0x00000000c0000000, 0x00000000c4300000, 0x00000000eab00000)
  object space 68608K, 0% used [0x00000000c0000000,0x00000000c0004000,0x00000000c4300000)
 Metaspace       used 14713K, committed 14976K, reserved 1114112K
  class space    used 1477K, committed 1600K, reserved 1048576K
}
Event: 1.138 GC heap after
{Heap after GC invocations=2 (full 0):
 PSYoungGen      total 29696K, used 4072K [0x00000000eab00000, 0x00000000ecc00000, 0x0000000100000000)
  eden space 25600K, 0% used [0x00000000eab00000,0x00000000eab00000,0x00000000ec400000)
  from space 4096K, 99% used [0x00000000ec800000,0x00000000ecbfa368,0x00000000ecc00000)
  to   space 4096K, 0% used [0x00000000ec400000,0x00000000ec400000,0x00000000ec800000)
 ParOldGen       total 68608K, used 1503K [0x00000000c0000000, 0x00000000c4300000, 0x00000000eab00000)
  object space 68608K, 2% used [0x00000000c0000000,0x00000000c0177c68,0x00000000c4300000)
 Metaspace       used 14713K, committed 14976K, reserved 1114112K
  class space    used 1477K, committed 1600K, reserved 1048576K
}
Event: 1.426 GC heap before
{Heap before GC invocations=3 (full 0):
 PSYoungGen      total 29696K, used 29672K [0x00000000eab00000, 0x00000000ecc00000, 0x0000000100000000)
  eden space 25600K, 100% used [0x00000000eab00000,0x00000000ec400000,0x00000000ec400000)
  from space 4096K, 99% used [0x00000000ec800000,0x00000000ecbfa368,0x00000000ecc00000)
  to   space 4096K, 0% used [0x00000000ec400000,0x00000000ec400000,0x00000000ec800000)
 ParOldGen       total 68608K, used 1503K [0x00000000c0000000, 0x00000000c4300000, 0x00000000eab00000)
  object space 68608K, 2% used [0x00000000c0000000,0x00000000c0177c68,0x00000000c4300000)
 Metaspace       used 16969K, committed 17280K, reserved 1114112K
  class space    used 1720K, committed 1856K, reserved 1048576K
}
Event: 1.432 GC heap after
{Heap after GC invocations=3 (full 0):
 PSYoungGen      total 29696K, used 4070K [0x00000000eab00000, 0x00000000ecc00000, 0x0000000100000000)
  eden space 25600K, 0% used [0x00000000eab00000,0x00000000eab00000,0x00000000ec400000)
  from space 4096K, 99% used [0x00000000ec400000,0x00000000ec7f9b90,0x00000000ec800000)
  to   space 4096K, 0% used [0x00000000ec800000,0x00000000ec800000,0x00000000ecc00000)
 ParOldGen       total 68608K, used 5273K [0x00000000c0000000, 0x00000000c4300000, 0x00000000eab00000)
  object space 68608K, 7% used [0x00000000c0000000,0x00000000c0526450,0x00000000c4300000)
 Metaspace       used 16969K, committed 17280K, reserved 1114112K
  class space    used 1720K, committed 1856K, reserved 1048576K
}
Event: 1.733 GC heap before
{Heap before GC invocations=4 (full 0):
 PSYoungGen      total 29696K, used 28758K [0x00000000eab00000, 0x00000000ecc00000, 0x0000000100000000)
  eden space 25600K, 96% used [0x00000000eab00000,0x00000000ec31bf80,0x00000000ec400000)
  from space 4096K, 99% used [0x00000000ec400000,0x00000000ec7f9b90,0x00000000ec800000)
  to   space 4096K, 0% used [0x00000000ec800000,0x00000000ec800000,0x00000000ecc00000)
 ParOldGen       total 68608K, used 5273K [0x00000000c0000000, 0x00000000c4300000, 0x00000000eab00000)
  object space 68608K, 7% used [0x00000000c0000000,0x00000000c0526450,0x00000000c4300000)
 Metaspace       used 21016K, committed 21504K, reserved 1114112K
  class space    used 2127K, committed 2368K, reserved 1048576K
}
Event: 1.736 GC heap after
{Heap after GC invocations=4 (full 0):
 PSYoungGen      total 29696K, used 4073K [0x00000000eab00000, 0x00000000ecc00000, 0x0000000100000000)
  eden space 25600K, 0% used [0x00000000eab00000,0x00000000eab00000,0x00000000ec400000)
  from space 4096K, 99% used [0x00000000ec800000,0x00000000ecbfa420,0x00000000ecc00000)
  to   space 4096K, 0% used [0x00000000ec400000,0x00000000ec400000,0x00000000ec800000)
 ParOldGen       total 68608K, used 6583K [0x00000000c0000000, 0x00000000c4300000, 0x00000000eab00000)
  object space 68608K, 9% used [0x00000000c0000000,0x00000000c066de60,0x00000000c4300000)
 Metaspace       used 21016K, committed 21504K, reserved 1114112K
  class space    used 2127K, committed 2368K, reserved 1048576K
}
Event: 1.736 GC heap before
{Heap before GC invocations=5 (full 1):
 PSYoungGen      total 29696K, used 4073K [0x00000000eab00000, 0x00000000ecc00000, 0x0000000100000000)
  eden space 25600K, 0% used [0x00000000eab00000,0x00000000eab00000,0x00000000ec400000)
  from space 4096K, 99% used [0x00000000ec800000,0x00000000ecbfa420,0x00000000ecc00000)
  to   space 4096K, 0% used [0x00000000ec400000,0x00000000ec400000,0x00000000ec800000)
 ParOldGen       total 68608K, used 6583K [0x00000000c0000000, 0x00000000c4300000, 0x00000000eab00000)
  object space 68608K, 9% used [0x00000000c0000000,0x00000000c066de60,0x00000000c4300000)
 Metaspace       used 21016K, committed 21504K, reserved 1114112K
  class space    used 2127K, committed 2368K, reserved 1048576K
}
Event: 1.755 GC heap after
{Heap after GC invocations=5 (full 1):
 PSYoungGen      total 29696K, used 0K [0x00000000eab00000, 0x00000000ecc00000, 0x0000000100000000)
  eden space 25600K, 0% used [0x00000000eab00000,0x00000000eab00000,0x00000000ec400000)
  from space 4096K, 0% used [0x00000000ec800000,0x00000000ec800000,0x00000000ecc00000)
  to   space 4096K, 0% used [0x00000000ec400000,0x00000000ec400000,0x00000000ec800000)
 ParOldGen       total 68608K, used 10396K [0x00000000c0000000, 0x00000000c4300000, 0x00000000eab00000)
  object space 68608K, 15% used [0x00000000c0000000,0x00000000c0a27230,0x00000000c4300000)
 Metaspace       used 21003K, committed 21504K, reserved 1114112K
  class space    used 2124K, committed 2368K, reserved 1048576K
}

Dll operation events (9 events):
Event: 0.004 Loaded shared library c:\Users\ADMIN\.vscode\extensions\redhat.java-1.25.1-win32-x64\jre\17.0.9-win32-x86_64\bin\java.dll
Event: 0.095 Loaded shared library c:\Users\ADMIN\.vscode\extensions\redhat.java-1.25.1-win32-x64\jre\17.0.9-win32-x86_64\bin\zip.dll
Event: 0.097 Loaded shared library C:\Users\ADMIN\.vscode\extensions\redhat.java-1.25.1-win32-x64\jre\17.0.9-win32-x86_64\bin\instrument.dll
Event: 0.106 Loaded shared library C:\Users\ADMIN\.vscode\extensions\redhat.java-1.25.1-win32-x64\jre\17.0.9-win32-x86_64\bin\net.dll
Event: 0.247 Loaded shared library C:\Users\ADMIN\.vscode\extensions\redhat.java-1.25.1-win32-x64\jre\17.0.9-win32-x86_64\bin\nio.dll
Event: 0.252 Loaded shared library C:\Users\ADMIN\.vscode\extensions\redhat.java-1.25.1-win32-x64\jre\17.0.9-win32-x86_64\bin\zip.dll
Event: 0.265 Loaded shared library C:\Users\ADMIN\.vscode\extensions\redhat.java-1.25.1-win32-x64\jre\17.0.9-win32-x86_64\bin\jimage.dll
Event: 0.306 Loaded shared library c:\Users\ADMIN\.vscode\extensions\redhat.java-1.25.1-win32-x64\jre\17.0.9-win32-x86_64\bin\verify.dll
Event: 1.050 Loaded shared library C:\Users\ADMIN\AppData\Roaming\Code\User\globalStorage\redhat.java\1.25.1\config_win\org.eclipse.equinox.launcher\org.eclipse.equinox.launcher.win32.win32.x86_64_1.2.800.v20231003-1442\eclipse_11802.dll

Deoptimization events (20 events):
Event: 1.809 Thread 0x0000024d70dcfee0 Uncommon trap: trap_request=0xffffff45 fr.pc=0x0000024d5ffcd8f4 relative=0x00000000000009f4
Event: 1.809 Thread 0x0000024d70dcfee0 Uncommon trap: reason=unstable_if action=reinterpret pc=0x0000024d5ffcd8f4 method=java.io.DataInputStream.readUnsignedShort()I @ 18 c2
Event: 1.809 Thread 0x0000024d70dcfee0 DEOPT PACKING pc=0x0000024d5ffcd8f4 sp=0x00000084200f9a70
Event: 1.809 Thread 0x0000024d70dcfee0 DEOPT UNPACKING pc=0x0000024d5f9666a3 sp=0x00000084200f99a0 mode 2
Event: 1.810 Thread 0x0000024d70dcfee0 Uncommon trap: trap_request=0xffffff45 fr.pc=0x0000024d5ffccbb4 relative=0x0000000000000094
Event: 1.810 Thread 0x0000024d70dcfee0 Uncommon trap: reason=unstable_if action=reinterpret pc=0x0000024d5ffccbb4 method=java.io.DataInputStream.readUnsignedShort()I @ 18 c2
Event: 1.810 Thread 0x0000024d70dcfee0 DEOPT PACKING pc=0x0000024d5ffccbb4 sp=0x00000084200f9a10
Event: 1.810 Thread 0x0000024d70dcfee0 DEOPT UNPACKING pc=0x0000024d5f9666a3 sp=0x00000084200f9998 mode 2
Event: 1.823 Thread 0x0000024d70dcfee0 Uncommon trap: trap_request=0xffffff45 fr.pc=0x0000024d5ffd0610 relative=0x0000000000000090
Event: 1.823 Thread 0x0000024d70dcfee0 Uncommon trap: reason=unstable_if action=reinterpret pc=0x0000024d5ffd0610 method=org.eclipse.core.runtime.Path.<init>(Ljava/lang/String;[Ljava/lang/String;I)V @ 9 c2
Event: 1.823 Thread 0x0000024d70dcfee0 DEOPT PACKING pc=0x0000024d5ffd0610 sp=0x00000084200f9950
Event: 1.823 Thread 0x0000024d70dcfee0 DEOPT UNPACKING pc=0x0000024d5f9666a3 sp=0x00000084200f98f8 mode 2
Event: 1.830 Thread 0x0000024d70dcfee0 Uncommon trap: trap_request=0xffffff45 fr.pc=0x0000024d5ffd01e8 relative=0x00000000000000c8
Event: 1.830 Thread 0x0000024d70dcfee0 Uncommon trap: reason=unstable_if action=reinterpret pc=0x0000024d5ffd01e8 method=org.eclipse.core.runtime.Path.equals(Ljava/lang/Object;)Z @ 54 c2
Event: 1.830 Thread 0x0000024d70dcfee0 DEOPT PACKING pc=0x0000024d5ffd01e8 sp=0x00000084200f99d0
Event: 1.830 Thread 0x0000024d70dcfee0 DEOPT UNPACKING pc=0x0000024d5f9666a3 sp=0x00000084200f9960 mode 2
Event: 1.859 Thread 0x0000024d70dcfee0 Uncommon trap: trap_request=0xffffff45 fr.pc=0x0000024d5ffcad6c relative=0x00000000000003ec
Event: 1.859 Thread 0x0000024d70dcfee0 Uncommon trap: reason=unstable_if action=reinterpret pc=0x0000024d5ffcad6c method=java.io.BufferedInputStream.read1([BII)I @ 60 c2
Event: 1.859 Thread 0x0000024d70dcfee0 DEOPT PACKING pc=0x0000024d5ffcad6c sp=0x00000084200f9460
Event: 1.859 Thread 0x0000024d70dcfee0 DEOPT UNPACKING pc=0x0000024d5f9666a3 sp=0x00000084200f93b0 mode 2

Classes unloaded (7 events):
Event: 1.739 Thread 0x0000024d557fac60 Unloading class 0x0000000100250000 'java/lang/invoke/LambdaForm$MH+0x0000000100250000'
Event: 1.739 Thread 0x0000024d557fac60 Unloading class 0x000000010024fc00 'java/lang/invoke/LambdaForm$MH+0x000000010024fc00'
Event: 1.739 Thread 0x0000024d557fac60 Unloading class 0x000000010024f800 'java/lang/invoke/LambdaForm$MH+0x000000010024f800'
Event: 1.739 Thread 0x0000024d557fac60 Unloading class 0x000000010024f400 'java/lang/invoke/LambdaForm$MH+0x000000010024f400'
Event: 1.739 Thread 0x0000024d557fac60 Unloading class 0x000000010024f000 'java/lang/invoke/LambdaForm$BMH+0x000000010024f000'
Event: 1.739 Thread 0x0000024d557fac60 Unloading class 0x000000010024ec00 'java/lang/invoke/LambdaForm$DMH+0x000000010024ec00'
Event: 1.739 Thread 0x0000024d557fac60 Unloading class 0x000000010024c000 'java/lang/invoke/LambdaForm$DMH+0x000000010024c000'

Classes redefined (0 events):
No events

Internal exceptions (20 events):
Event: 1.122 Thread 0x0000024d70dcfee0 Exception <a 'java/lang/NoSuchMethodError'{0x00000000ec38be98}: 'java.lang.Object java.lang.invoke.DirectMethodHandle$Holder.newInvokeSpecial(java.lang.Object, java.lang.Object, int, java.lang.Object)'> (0x00000000ec38be98) 
thrown [s\src\hotspot\share\interpreter\linkResolver.cpp, line 759]
Event: 1.122 Thread 0x0000024d70dcfee0 Exception <a 'java/lang/NoSuchMethodError'{0x00000000ec390180}: 'java.lang.Object java.lang.invoke.DirectMethodHandle$Holder.invokeSpecial(java.lang.Object, java.lang.Object, java.lang.Object, int, java.lang.Object)'> (0x00000000ec390180) 
thrown [s\src\hotspot\share\interpreter\linkResolver.cpp, line 759]
Event: 1.164 Thread 0x0000024d70dcfee0 Exception <a 'java/lang/ClassNotFoundException'{0x00000000ead522c8}: sun/util/logging/resources/spi/loggingProvider> (0x00000000ead522c8) 
thrown [s\src\hotspot\share\classfile\systemDictionary.cpp, line 256]
Event: 1.507 Thread 0x0000024d70dcfee0 Exception <a 'java/io/FileNotFoundException'{0x00000000eb385390}> (0x00000000eb385390) 
thrown [s\src\hotspot\share\prims\jni.cpp, line 516]
Event: 1.521 Thread 0x0000024d70dcfee0 Exception <a 'java/lang/NullPointerException'{0x00000000eb40c8b8}> (0x00000000eb40c8b8) 
thrown [s\src\hotspot\share\interpreter\linkResolver.cpp, line 1350]
Event: 1.521 Thread 0x0000024d70dcfee0 Exception <a 'java/lang/NullPointerException'{0x00000000eb40d0e0}> (0x00000000eb40d0e0) 
thrown [s\src\hotspot\share\interpreter\linkResolver.cpp, line 1350]
Event: 1.589 Thread 0x0000024d70dcfee0 Exception <a 'java/lang/NoSuchMethodError'{0x00000000eb71f430}: 'java.lang.Object java.lang.invoke.Invokers$Holder.invokeExact_MT(java.lang.Object, java.lang.Object, java.lang.Object, java.lang.Object, java.lang.Object, java.lang.Object)'> (0x00000000eb71f430) 
thrown [s\src\hotspot\share\interpreter\linkResolver.cpp, line 759]
Event: 1.611 Thread 0x0000024d70dcfee0 Exception <a 'java/lang/NoSuchMethodError'{0x00000000eb857128}: 'java.lang.Object java.lang.invoke.Invokers$Holder.linkToTargetMethod(java.lang.Object, long, java.lang.Object)'> (0x00000000eb857128) 
thrown [s\src\hotspot\share\interpreter\linkResolver.cpp, line 759]
Event: 1.644 Thread 0x0000024d70dcfee0 Exception <a 'java/lang/NoSuchMethodError'{0x00000000ebb6e758}: 'void java.lang.invoke.DirectMethodHandle$Holder.invokeInterface(java.lang.Object, java.lang.Object, java.lang.Object)'> (0x00000000ebb6e758) 
thrown [s\src\hotspot\share\interpreter\linkResolver.cpp, line 759]
Event: 1.695 Thread 0x0000024d70dcfee0 Exception <a 'java/lang/NoSuchMethodError'{0x00000000ebfeb0f0}: 'java.lang.Object java.lang.invoke.DirectMethodHandle$Holder.invokeStatic(java.lang.Object, java.lang.Object, int)'> (0x00000000ebfeb0f0) 
thrown [s\src\hotspot\share\interpreter\linkResolver.cpp, line 759]
Event: 1.695 Thread 0x0000024d70dcfee0 Exception <a 'java/lang/NoSuchMethodError'{0x00000000ebfefca0}: 'void java.lang.invoke.DirectMethodHandle$Holder.invokeStatic(java.lang.Object, java.lang.Object, int, java.lang.Object)'> (0x00000000ebfefca0) 
thrown [s\src\hotspot\share\interpreter\linkResolver.cpp, line 759]
Event: 1.696 Thread 0x0000024d70dcfee0 Exception <a 'java/lang/NoSuchMethodError'{0x00000000ebff6f70}: 'void java.lang.invoke.DelegatingMethodHandle$Holder.delegate(java.lang.Object, java.lang.Object, int, java.lang.Object)'> (0x00000000ebff6f70) 
thrown [s\src\hotspot\share\interpreter\linkResolver.cpp, line 759]
Event: 1.696 Thread 0x0000024d70dcfee0 Exception <a 'java/lang/NoSuchMethodError'{0x00000000ebffb5a0}: 'int java.lang.invoke.DirectMethodHandle$Holder.invokeSpecial(java.lang.Object, java.lang.Object, java.lang.Object)'> (0x00000000ebffb5a0) 
thrown [s\src\hotspot\share\interpreter\linkResolver.cpp, line 759]
Event: 1.697 Thread 0x0000024d70dcfee0 Exception <a 'java/lang/NoSuchMethodError'{0x00000000ec00cab8}: 'int java.lang.invoke.DirectMethodHandle$Holder.invokeStatic(java.lang.Object, java.lang.Object, int)'> (0x00000000ec00cab8) 
thrown [s\src\hotspot\share\interpreter\linkResolver.cpp, line 759]
Event: 1.697 Thread 0x0000024d70dcfee0 Exception <a 'java/lang/NoSuchMethodError'{0x00000000ec010b68}: 'int java.lang.invoke.DirectMethodHandle$Holder.invokeSpecial(java.lang.Object, java.lang.Object, java.lang.Object, int)'> (0x00000000ec010b68) 
thrown [s\src\hotspot\share\interpreter\linkResolver.cpp, line 759]
Event: 1.698 Thread 0x0000024d70dcfee0 Exception <a 'java/lang/NoSuchMethodError'{0x00000000ec02c6b0}: 'java.lang.Object java.lang.invoke.DirectMethodHandle$Holder.invokeStatic(java.lang.Object, java.lang.Object, java.lang.Object, java.lang.Object, int)'> (0x00000000ec02c6b0) 
thrown [s\src\hotspot\share\interpreter\linkResolver.cpp, line 759]
Event: 1.699 Thread 0x0000024d70dcfee0 Exception <a 'java/lang/NoSuchMethodError'{0x00000000ec0386a8}: 'java.lang.Object java.lang.invoke.DelegatingMethodHandle$Holder.reinvoke_L(java.lang.Object, java.lang.Object, java.lang.Object, java.lang.Object, int, int)'> (0x00000000ec0386a8) 
thrown [s\src\hotspot\share\interpreter\linkResolver.cpp, line 759]
Event: 1.700 Thread 0x0000024d70dcfee0 Exception <a 'java/lang/NoSuchMethodError'{0x00000000ec04d3a0}: 'java.lang.Object java.lang.invoke.Invokers$Holder.invokeExact_MT(java.lang.Object, java.lang.Object, java.lang.Object, java.lang.Object)'> (0x00000000ec04d3a0) 
thrown [s\src\hotspot\share\interpreter\linkResolver.cpp, line 759]
Event: 1.759 Thread 0x0000024d70dcfee0 Exception <a 'java/io/FileNotFoundException'{0x00000000eab0c8b8}> (0x00000000eab0c8b8) 
thrown [s\src\hotspot\share\prims\jni.cpp, line 516]
Event: 1.805 Thread 0x0000024d70dcfee0 Exception <a 'java/lang/NoSuchMethodError'{0x00000000eb1dc5f0}: 'java.lang.Object java.lang.invoke.DirectMethodHandle$Holder.newInvokeSpecial(java.lang.Object, java.lang.Object, java.lang.Object, java.lang.Object, java.lang.Object)'> (0x00000000eb1dc5f0) 
thrown [s\src\hotspot\share\interpreter\linkResolver.cpp, line 759]

VM Operations (20 events):
Event: 1.095 Executing VM operation: HandshakeAllThreads
Event: 1.095 Executing VM operation: HandshakeAllThreads done
Event: 1.133 Executing VM operation: ParallelGCFailedAllocation
Event: 1.138 Executing VM operation: ParallelGCFailedAllocation done
Event: 1.148 Executing VM operation: HandshakeAllThreads
Event: 1.148 Executing VM operation: HandshakeAllThreads done
Event: 1.174 Executing VM operation: HandshakeAllThreads
Event: 1.174 Executing VM operation: HandshakeAllThreads done
Event: 1.189 Executing VM operation: HandshakeAllThreads
Event: 1.189 Executing VM operation: HandshakeAllThreads done
Event: 1.396 Executing VM operation: HandshakeAllThreads
Event: 1.396 Executing VM operation: HandshakeAllThreads done
Event: 1.426 Executing VM operation: ParallelGCFailedAllocation
Event: 1.432 Executing VM operation: ParallelGCFailedAllocation done
Event: 1.694 Executing VM operation: HandshakeAllThreads
Event: 1.694 Executing VM operation: HandshakeAllThreads done
Event: 1.733 Executing VM operation: CollectForMetadataAllocation
Event: 1.755 Executing VM operation: CollectForMetadataAllocation done
Event: 1.769 Executing VM operation: HandshakeAllThreads
Event: 1.769 Executing VM operation: HandshakeAllThreads done

Events (20 events):
Event: 1.829 loading class java/nio/file/attribute/DosFileAttributeView
Event: 1.829 loading class java/nio/file/attribute/DosFileAttributeView done
Event: 1.830 loading class sun/nio/fs/WindowsFileAttributeViews$Dos
Event: 1.830 loading class sun/nio/fs/WindowsFileAttributeViews$Dos done
Event: 1.830 loading class sun/nio/fs/WindowsUriSupport
Event: 1.831 loading class sun/nio/fs/WindowsUriSupport done
Event: 1.835 loading class org/xml/sax/SAXParseException
Event: 1.835 loading class org/xml/sax/SAXParseException done
Event: 1.836 loading class javax/xml/parsers/DocumentBuilderFactory
Event: 1.836 loading class javax/xml/parsers/DocumentBuilderFactory done
Event: 1.836 loading class com/sun/org/apache/xerces/internal/jaxp/DocumentBuilderFactoryImpl
Event: 1.836 loading class com/sun/org/apache/xerces/internal/jaxp/DocumentBuilderFactoryImpl done
Event: 1.836 loading class com/sun/org/apache/xerces/internal/jaxp/DocumentBuilderImpl
Event: 1.837 loading class javax/xml/parsers/DocumentBuilder
Event: 1.837 loading class javax/xml/parsers/DocumentBuilder done
Event: 1.837 loading class com/sun/org/apache/xerces/internal/jaxp/DocumentBuilderImpl done
Event: 1.837 loading class com/sun/org/apache/xerces/internal/parsers/DOMParser
Event: 1.837 loading class com/sun/org/apache/xerces/internal/parsers/AbstractDOMParser
Event: 1.837 loading class com/sun/org/apache/xerces/internal/parsers/AbstractDOMParser done
Event: 1.837 loading class com/sun/org/apache/xerces/internal/parsers/DOMParser done


Dynamic libraries:
0x00007ff725410000 - 0x00007ff72541e000 	c:\Users\ADMIN\.vscode\extensions\redhat.java-1.25.1-win32-x64\jre\17.0.9-win32-x86_64\bin\java.exe
0x00007ff9b4950000 - 0x00007ff9b4b48000 	C:\Windows\SYSTEM32\ntdll.dll
0x00007ff9b2ca0000 - 0x00007ff9b2d5d000 	C:\Windows\System32\KERNEL32.DLL
0x00007ff9b2240000 - 0x00007ff9b2512000 	C:\Windows\System32\KERNELBASE.dll
0x00007ff9b2520000 - 0x00007ff9b2620000 	C:\Windows\System32\ucrtbase.dll
0x00007ff9a14e0000 - 0x00007ff9a14f7000 	c:\Users\ADMIN\.vscode\extensions\redhat.java-1.25.1-win32-x64\jre\17.0.9-win32-x86_64\bin\jli.dll
0x00007ff9a4af0000 - 0x00007ff9a4b0b000 	c:\Users\ADMIN\.vscode\extensions\redhat.java-1.25.1-win32-x64\jre\17.0.9-win32-x86_64\bin\VCRUNTIME140.dll
0x00007ff9b2b00000 - 0x00007ff9b2c9d000 	C:\Windows\System32\USER32.dll
0x00007ff9b2060000 - 0x00007ff9b2082000 	C:\Windows\System32\win32u.dll
0x00007ff9a02c0000 - 0x00007ff9a055a000 	C:\Windows\WinSxS\amd64_microsoft.windows.common-controls_6595b64144ccf1df_6.0.19041.1110_none_60b5254171f9507e\COMCTL32.dll
0x00007ff9b4680000 - 0x00007ff9b46ab000 	C:\Windows\System32\GDI32.dll
0x00007ff9b4590000 - 0x00007ff9b462e000 	C:\Windows\System32\msvcrt.dll
0x00007ff9b27f0000 - 0x00007ff9b28ff000 	C:\Windows\System32\gdi32full.dll
0x00007ff9b21a0000 - 0x00007ff9b223d000 	C:\Windows\System32\msvcp_win.dll
0x00007ff9b4650000 - 0x00007ff9b4680000 	C:\Windows\System32\IMM32.DLL
0x00007ff9afe10000 - 0x00007ff9afe1c000 	c:\Users\ADMIN\.vscode\extensions\redhat.java-1.25.1-win32-x64\jre\17.0.9-win32-x86_64\bin\vcruntime140_1.dll
0x00007ff96b160000 - 0x00007ff96b1ed000 	c:\Users\ADMIN\.vscode\extensions\redhat.java-1.25.1-win32-x64\jre\17.0.9-win32-x86_64\bin\msvcp140.dll
0x00007ff956000000 - 0x00007ff956c61000 	c:\Users\ADMIN\.vscode\extensions\redhat.java-1.25.1-win32-x64\jre\17.0.9-win32-x86_64\bin\server\jvm.dll
0x00007ff9b29b0000 - 0x00007ff9b2a5e000 	C:\Windows\System32\ADVAPI32.dll
0x00007ff9b2a60000 - 0x00007ff9b2afc000 	C:\Windows\System32\sechost.dll
0x00007ff9b3840000 - 0x00007ff9b3965000 	C:\Windows\System32\RPCRT4.dll
0x00007ff9b1c00000 - 0x00007ff9b1c4b000 	C:\Windows\SYSTEM32\POWRPROF.dll
0x00007ff98a2b0000 - 0x00007ff98a2b9000 	C:\Windows\SYSTEM32\WSOCK32.dll
0x00007ff9a7620000 - 0x00007ff9a7647000 	C:\Windows\SYSTEM32\WINMM.dll
0x00007ff9b37d0000 - 0x00007ff9b383b000 	C:\Windows\System32\WS2_32.dll
0x00007ff9b0000000 - 0x00007ff9b000a000 	C:\Windows\SYSTEM32\VERSION.dll
0x00007ff9b1be0000 - 0x00007ff9b1bf2000 	C:\Windows\SYSTEM32\UMPDC.dll
0x00007ff9b08b0000 - 0x00007ff9b08c2000 	C:\Windows\SYSTEM32\kernel.appcore.dll
0x00007ff9af780000 - 0x00007ff9af78a000 	c:\Users\ADMIN\.vscode\extensions\redhat.java-1.25.1-win32-x64\jre\17.0.9-win32-x86_64\bin\jimage.dll
0x00007ff9a78f0000 - 0x00007ff9a7ad4000 	C:\Windows\SYSTEM32\DBGHELP.DLL
0x00007ff9a1a80000 - 0x00007ff9a1aac000 	C:\Windows\SYSTEM32\dbgcore.DLL
0x00007ff9b2110000 - 0x00007ff9b2192000 	C:\Windows\System32\bcryptPrimitives.dll
0x00007ff9adad0000 - 0x00007ff9adade000 	c:\Users\ADMIN\.vscode\extensions\redhat.java-1.25.1-win32-x64\jre\17.0.9-win32-x86_64\bin\instrument.dll
0x00007ff990a90000 - 0x00007ff990ab5000 	c:\Users\ADMIN\.vscode\extensions\redhat.java-1.25.1-win32-x64\jre\17.0.9-win32-x86_64\bin\java.dll
0x00007ff994a70000 - 0x00007ff994a88000 	c:\Users\ADMIN\.vscode\extensions\redhat.java-1.25.1-win32-x64\jre\17.0.9-win32-x86_64\bin\zip.dll
0x00007ff9b3be0000 - 0x00007ff9b4323000 	C:\Windows\System32\SHELL32.dll
0x00007ff9b0100000 - 0x00007ff9b0891000 	C:\Windows\SYSTEM32\windows.storage.dll
0x00007ff9b2e30000 - 0x00007ff9b3184000 	C:\Windows\System32\combase.dll
0x00007ff9b1a50000 - 0x00007ff9b1a80000 	C:\Windows\SYSTEM32\Wldp.dll
0x00007ff9b44e0000 - 0x00007ff9b458d000 	C:\Windows\System32\SHCORE.dll
0x00007ff9b3aa0000 - 0x00007ff9b3af5000 	C:\Windows\System32\shlwapi.dll
0x00007ff9b1fa0000 - 0x00007ff9b1fbf000 	C:\Windows\SYSTEM32\profapi.dll
0x00007ff98e570000 - 0x00007ff98e589000 	C:\Users\ADMIN\.vscode\extensions\redhat.java-1.25.1-win32-x64\jre\17.0.9-win32-x86_64\bin\net.dll
0x00007ff9a8c80000 - 0x00007ff9a8d8d000 	C:\Windows\SYSTEM32\WINHTTP.dll
0x00007ff99d2c0000 - 0x00007ff99d2cb000 	C:\Program Files\Common Files\SocksEscort\escortdrv.dll
0x00007ff9b43b0000 - 0x00007ff9b44da000 	C:\Windows\System32\ole32.dll
0x00007ff99d280000 - 0x00007ff99d2b2000 	C:\Program Files\Common Files\SocksEscort\escengine.dll
0x00007ff9b1740000 - 0x00007ff9b17aa000 	C:\Windows\system32\mswsock.dll
0x00007ff98e550000 - 0x00007ff98e566000 	C:\Users\ADMIN\.vscode\extensions\redhat.java-1.25.1-win32-x64\jre\17.0.9-win32-x86_64\bin\nio.dll
0x00007ff9ab4c0000 - 0x00007ff9ab4d0000 	c:\Users\ADMIN\.vscode\extensions\redhat.java-1.25.1-win32-x64\jre\17.0.9-win32-x86_64\bin\verify.dll
0x00007ff98db50000 - 0x00007ff98db8e000 	C:\Users\ADMIN\AppData\Roaming\Code\User\globalStorage\redhat.java\1.25.1\config_win\org.eclipse.equinox.launcher\org.eclipse.equinox.launcher.win32.win32.x86_64_1.2.800.v20231003-1442\eclipse_11802.dll

dbghelp: loaded successfully - version: 4.0.5 - missing functions: none
symbol engine: initialized successfully - sym options: 0x614 - pdb path: .;c:\Users\ADMIN\.vscode\extensions\redhat.java-1.25.1-win32-x64\jre\17.0.9-win32-x86_64\bin;C:\Windows\SYSTEM32;C:\Windows\WinSxS\amd64_microsoft.windows.common-controls_6595b64144ccf1df_6.0.19041.1110_none_60b5254171f9507e;c:\Users\ADMIN\.vscode\extensions\redhat.java-1.25.1-win32-x64\jre\17.0.9-win32-x86_64\bin\server;C:\Program Files\Common Files\SocksEscort;C:\Users\ADMIN\AppData\Roaming\Code\User\globalStorage\redhat.java\1.25.1\config_win\org.eclipse.equinox.launcher\org.eclipse.equinox.launcher.win32.win32.x86_64_1.2.800.v20231003-1442

VM Arguments:
jvm_args: --add-modules=ALL-SYSTEM --add-opens=java.base/java.util=ALL-UNNAMED --add-opens=java.base/java.lang=ALL-UNNAMED --add-opens=java.base/sun.nio.fs=ALL-UNNAMED -Declipse.application=org.eclipse.jdt.ls.core.id1 -Dosgi.bundles.defaultStartLevel=4 -Declipse.product=org.eclipse.jdt.ls.core.product -Djava.import.generatesMetadataFilesAtProjectRoot=false -DDetectVMInstallationsJob.disabled=true -Dfile.encoding=utf8 -XX:+UseParallelGC -XX:GCTimeRatio=4 -XX:AdaptiveSizePolicyWeight=90 -Dsun.zip.disableMemoryMapping=true -Xmx1G -Xms100m -Xlog:disable -javaagent:c:\Users\ADMIN\.vscode\extensions\redhat.java-1.25.1-win32-x64\lombok\lombok-1.18.30.jar -XX:+HeapDumpOnOutOfMemoryError -XX:HeapDumpPath=c:\Users\ADMIN\AppData\Roaming\Code\User\workspaceStorage\9ffa03cfc5cea9a6a22057707b167da1\redhat.java -Daether.dependencyCollector.impl=bf 
java_command: c:\Users\ADMIN\.vscode\extensions\redhat.java-1.25.1-win32-x64\server\plugins\org.eclipse.equinox.launcher_1.6.600.v20231106-1826.jar -configuration c:\Users\ADMIN\AppData\Roaming\Code\User\globalStorage\redhat.java\1.25.1\config_win -data c:\Users\ADMIN\AppData\Roaming\Code\User\workspaceStorage\9ffa03cfc5cea9a6a22057707b167da1\redhat.java\jdt_ws --stdio
java_class_path (initial): c:\Users\ADMIN\.vscode\extensions\redhat.java-1.25.1-win32-x64\server\plugins\org.eclipse.equinox.launcher_1.6.600.v20231106-1826.jar
Launcher Type: SUN_STANDARD

[Global flags]
    uintx AdaptiveSizePolicyWeight                 = 90                                        {product} {command line}
     intx CICompilerCount                          = 4                                         {product} {ergonomic}
    uintx GCTimeRatio                              = 4                                         {product} {command line}
     bool HeapDumpOnOutOfMemoryError               = true                                   {manageable} {command line}
    ccstr HeapDumpPath                             = c:\Users\ADMIN\AppData\Roaming\Code\User\workspaceStorage\9ffa03cfc5cea9a6a22057707b167da1\redhat.java         {manageable} {command line}
   size_t InitialHeapSize                          = 104857600                                 {product} {command line}
   size_t MaxHeapSize                              = 1073741824                                {product} {command line}
   size_t MaxNewSize                               = 357564416                                 {product} {ergonomic}
   size_t MinHeapDeltaBytes                        = 524288                                    {product} {ergonomic}
   size_t MinHeapSize                              = 104857600                                 {product} {command line}
   size_t NewSize                                  = 34603008                                  {product} {ergonomic}
    uintx NonNMethodCodeHeapSize                   = 5839372                                {pd product} {ergonomic}
    uintx NonProfiledCodeHeapSize                  = 122909434                              {pd product} {ergonomic}
   size_t OldSize                                  = 70254592                                  {product} {ergonomic}
    uintx ProfiledCodeHeapSize                     = 122909434                              {pd product} {ergonomic}
    uintx ReservedCodeCacheSize                    = 251658240                              {pd product} {ergonomic}
     bool SegmentedCodeCache                       = true                                      {product} {ergonomic}
   size_t SoftMaxHeapSize                          = 1073741824                             {manageable} {ergonomic}
     bool UseCompressedClassPointers               = true                           {product lp64_product} {ergonomic}
     bool UseCompressedOops                        = true                           {product lp64_product} {ergonomic}
     bool UseLargePagesIndividualAllocation        = false                                  {pd product} {ergonomic}
     bool UseParallelGC                            = true                                      {product} {command line}

Logging:
Log output configuration:
 #0: stdout all=off uptime,level,tags
 #1: stderr all=off uptime,level,tags

Environment Variables:
JAVA_HOME=C:\Program Files\Java\jdk-19
PATH=C:\Program Files\Common Files\Oracle\Java\javapath;C:\Windows\system32;C:\Windows;C:\Windows\System32\Wbem;C:\Windows\System32\WindowsPowerShell\v1.0\;C:\Windows\System32\OpenSSH\;C:\Program Files\Java\jdk-19\bin;C:\Program Files\Git\cmd;C:\MinGW\bin;C:\Users\ADMIN\AppData\Roaming\nvm;C:\Program Files\nodejs;C:\Users\ADMIN\AppData\Local\Android\Sdk\platform-tools;C:\Program Files\MySQL\MySQL Shell 8.0\bin\;C:\Users\ADMIN\AppData\Local\Microsoft\WindowsApps;C:\Users\ADMIN\AppData\Local\Programs\Microsoft VS Code\bin;C:\Users\ADMIN\AppData\Local\Programs\Python\Python311;C:\Users\ADMIN\AppData\Local\Programs\Python\Python311\Scripts;C:\Users\ADMIN\AppData\Roaming\npm;C:\Users\ADMIN\AppData\Local\Programs\EmEditor;C:\Users\ADMIN\AppData\Roaming\nvm;C:\Program Files\nodejs;
USERNAME=ADMIN
OS=Windows_NT
PROCESSOR_IDENTIFIER=AMD64 Family 23 Model 96 Stepping 1, AuthenticAMD
TMP=C:\Users\ADMIN\AppData\Local\Temp
TEMP=C:\Users\ADMIN\AppData\Local\Temp



Periodic native trim disabled


---------------  S Y S T E M  ---------------

OS:
 Windows 10 , 64 bit Build 19041 (10.0.19041.1889)
OS uptime: 0 days 5:11 hours

CPU: total 12 (initial active 12) (12 cores per cpu, 2 threads per core) family 23 model 96 stepping 1 microcode 0x0, cx8, cmov, fxsr, ht, mmx, 3dnowpref, sse, sse2, sse3, ssse3, sse4a, sse4.1, sse4.2, popcnt, lzcnt, tsc, tscinvbit, avx, avx2, aes, clmul, bmi1, bmi2, adx, sha, fma, vzeroupper, clflush, clflushopt
Processor Information for all 12 processors :
  Max Mhz: 3000, Current Mhz: 3000, Mhz Limit: 3000

Memory: 4k page, system-wide physical 7579M (913M free)
TotalPageFile size 11675M (AvailPageFile size 4M)
current process WorkingSet (physical memory assigned to process): 128M, peak: 129M
current process commit charge ("private bytes"): 239M, peak: 240M

vm_info: OpenJDK 64-Bit Server VM (17.0.9+9) for windows-amd64 JRE (17.0.9+9), built on Oct 26 2023 14:01:42 by "admin" with MS VC++ 16.10 / 16.11 (VS2019)

END.
