#
# There is insufficient memory for the Java Runtime Environment to continue.
# Native memory allocation (malloc) failed to allocate 250656 bytes for Chunk::new
# Possible reasons:
#   The system is out of physical RAM or swap space
#   The process is running with CompressedOops enabled, and the Java Heap may be blocking the growth of the native heap
# Possible solutions:
#   Reduce memory load on the system
#   Increase physical memory or swap space
#   Check if swap backing store is full
#   Decrease Java heap size (-Xmx/-Xms)
#   Decrease number of Java threads
#   Decrease Java thread stack sizes (-Xss)
#   Set larger code cache with -XX:ReservedCodeCacheSize=
#   JVM is running with Unscaled Compressed Oops mode in which the Java heap is
#     placed in the first 4GB address space. The Java Heap base address is the
#     maximum limit for the native heap growth. Please use -XX:HeapBaseMinAddress
#     to set the Java Heap base and to place the Java Heap above 4GB virtual address.
# This output file may be truncated or incomplete.
#
#  Out of Memory Error (arena.cpp:191), pid=8316, tid=14520
#
# JRE version: OpenJDK Runtime Environment Temurin-17.0.9+9 (17.0.9+9) (build 17.0.9+9)
# Java VM: OpenJDK 64-Bit Server VM Temurin-17.0.9+9 (17.0.9+9, mixed mode, tiered, compressed oops, compressed class ptrs, parallel gc, windows-amd64)
# No core dump will be written. Minidumps are not enabled by default on client versions of Windows
#

---------------  S U M M A R Y ------------

Command Line: --add-modules=ALL-SYSTEM --add-opens=java.base/java.util=ALL-UNNAMED --add-opens=java.base/java.lang=ALL-UNNAMED --add-opens=java.base/sun.nio.fs=ALL-UNNAMED -Declipse.application=org.eclipse.jdt.ls.core.id1 -Dosgi.bundles.defaultStartLevel=4 -Declipse.product=org.eclipse.jdt.ls.core.product -Djava.import.generatesMetadataFilesAtProjectRoot=false -DDetectVMInstallationsJob.disabled=true -Dfile.encoding=utf8 -XX:+UseParallelGC -XX:GCTimeRatio=4 -XX:AdaptiveSizePolicyWeight=90 -Dsun.zip.disableMemoryMapping=true -Xmx1G -Xms100m -Xlog:disable -javaagent:c:\Users\ADMIN\.vscode\extensions\redhat.java-1.25.1-win32-x64\lombok\lombok-1.18.30.jar -XX:+HeapDumpOnOutOfMemoryError -XX:HeapDumpPath=c:\Users\ADMIN\AppData\Roaming\Code\User\workspaceStorage\9ffa03cfc5cea9a6a22057707b167da1\redhat.java -Daether.dependencyCollector.impl=bf c:\Users\ADMIN\.vscode\extensions\redhat.java-1.25.1-win32-x64\server\plugins\org.eclipse.equinox.launcher_1.6.600.v20231106-1826.jar -configuration c:\Users\ADMIN\AppData\Roaming\Code\User\globalStorage\redhat.java\1.25.1\config_win -data c:\Users\ADMIN\AppData\Roaming\Code\User\workspaceStorage\9ffa03cfc5cea9a6a22057707b167da1\redhat.java\jdt_ws --stdio

Host: AMD Ryzen 5 4600H with Radeon Graphics         , 12 cores, 7G,  Windows 10 , 64 bit Build 19041 (10.0.19041.1889)
Time: Sun Jan  7 20:25:37 2024 SE Asia Standard Time elapsed time: 8.404455 seconds (0d 0h 0m 8s)

---------------  T H R E A D  ---------------

Current thread (0x000002d700c155a0):  JavaThread "C2 CompilerThread2" daemon [_thread_in_native, id=14520, stack(0x000000ed1a100000,0x000000ed1a200000)]


Current CompileTask:
C2:   8404 6490       4       java.util.regex.Pattern::atom (422 bytes)

Stack: [0x000000ed1a100000,0x000000ed1a200000]
Native frames: (J=compiled Java code, j=interpreted, Vv=VM code, C=native code)
V  [jvm.dll+0x67cf49]
V  [jvm.dll+0x83478a]
V  [jvm.dll+0x83624e]
V  [jvm.dll+0x8368b3]
V  [jvm.dll+0x247f1f]
V  [jvm.dll+0xac43c]
V  [jvm.dll+0xaca8c]
V  [jvm.dll+0x2af45f]
V  [jvm.dll+0x5853f7]
V  [jvm.dll+0x222f62]
V  [jvm.dll+0x21c202]
V  [jvm.dll+0x2198c1]
V  [jvm.dll+0x1a57cd]
V  [jvm.dll+0x2297ae]
V  [jvm.dll+0x22797c]
V  [jvm.dll+0x7e9877]
V  [jvm.dll+0x7e3c3a]
V  [jvm.dll+0x67be35]
C  [ucrtbase.dll+0x21bb2]
C  [KERNEL32.DLL+0x17034]
C  [ntdll.dll+0x526a1]


---------------  P R O C E S S  ---------------

Threads class SMR info:
_java_thread_list=0x000002d701593b20, length=30, elements={
0x000002d7643136d0, 0x000002d7781aa810, 0x000002d7781aea90, 0x000002d77d4f9550,
0x000002d77d4fa2e0, 0x000002d77d4fb610, 0x000002d77d4fd030, 0x000002d77d4feb70,
0x000002d77d504740, 0x000002d77d5057f0, 0x000002d77d57ff80, 0x000002d77d7efc10,
0x000002d77f5d9310, 0x000002d7007e5ae0, 0x000002d7007e1010, 0x000002d7003d5620,
0x000002d7003fb430, 0x000002d7008868e0, 0x000002d7009b51b0, 0x000002d700c15050,
0x000002d7009b7010, 0x000002d7009b56c0, 0x000002d7009b4ca0, 0x000002d7009b65f0,
0x000002d7009b6b00, 0x000002d7009b7520, 0x000002d700c155a0, 0x000002d7009b4280,
0x000002d701795580, 0x000002d7017964b0
}

Java Threads: ( => current thread )
  0x000002d7643136d0 JavaThread "main" [_thread_blocked, id=14684, stack(0x000000ed17a00000,0x000000ed17b00000)]
  0x000002d7781aa810 JavaThread "Reference Handler" daemon [_thread_blocked, id=2120, stack(0x000000ed17d00000,0x000000ed17e00000)]
  0x000002d7781aea90 JavaThread "Finalizer" daemon [_thread_blocked, id=13060, stack(0x000000ed17e00000,0x000000ed17f00000)]
  0x000002d77d4f9550 JavaThread "Signal Dispatcher" daemon [_thread_blocked, id=12448, stack(0x000000ed17f00000,0x000000ed18000000)]
  0x000002d77d4fa2e0 JavaThread "Attach Listener" daemon [_thread_blocked, id=6060, stack(0x000000ed18000000,0x000000ed18100000)]
  0x000002d77d4fb610 JavaThread "Service Thread" daemon [_thread_blocked, id=13780, stack(0x000000ed18100000,0x000000ed18200000)]
  0x000002d77d4fd030 JavaThread "Monitor Deflation Thread" daemon [_thread_blocked, id=5544, stack(0x000000ed18200000,0x000000ed18300000)]
  0x000002d77d4feb70 JavaThread "C2 CompilerThread0" daemon [_thread_in_native, id=4316, stack(0x000000ed18300000,0x000000ed18400000)]
  0x000002d77d504740 JavaThread "C1 CompilerThread0" daemon [_thread_blocked, id=884, stack(0x000000ed18400000,0x000000ed18500000)]
  0x000002d77d5057f0 JavaThread "Sweeper thread" daemon [_thread_blocked, id=1896, stack(0x000000ed18500000,0x000000ed18600000)]
  0x000002d77d57ff80 JavaThread "Common-Cleaner" daemon [_thread_blocked, id=11632, stack(0x000000ed18600000,0x000000ed18700000)]
  0x000002d77d7efc10 JavaThread "Notification Thread" daemon [_thread_blocked, id=4708, stack(0x000000ed18900000,0x000000ed18a00000)]
  0x000002d77f5d9310 JavaThread "Active Thread: Equinox Container: 9a957762-7b1c-48e9-9d82-bc5597abfdf4" [_thread_blocked, id=3772, stack(0x000000ed19100000,0x000000ed19200000)]
  0x000002d7007e5ae0 JavaThread "Framework Event Dispatcher: Equinox Container: 9a957762-7b1c-48e9-9d82-bc5597abfdf4" daemon [_thread_blocked, id=4724, stack(0x000000ed19300000,0x000000ed19400000)]
  0x000002d7007e1010 JavaThread "Start Level: Equinox Container: 9a957762-7b1c-48e9-9d82-bc5597abfdf4" daemon [_thread_blocked, id=16212, stack(0x000000ed19400000,0x000000ed19500000)]
  0x000002d7003d5620 JavaThread "Bundle File Closer" daemon [_thread_blocked, id=13732, stack(0x000000ed19600000,0x000000ed19700000)]
  0x000002d7003fb430 JavaThread "SCR Component Actor" daemon [_thread_blocked, id=5928, stack(0x000000ed19700000,0x000000ed19800000)]
  0x000002d7008868e0 JavaThread "SCR Component Registry" daemon [_thread_blocked, id=10792, stack(0x000000ed19a00000,0x000000ed19b00000)]
  0x000002d7009b51b0 JavaThread "Worker-JM" [_thread_blocked, id=14556, stack(0x000000ed18800000,0x000000ed18900000)]
  0x000002d700c15050 JavaThread "C2 CompilerThread1" daemon [_thread_in_native, id=10220, stack(0x000000ed19200000,0x000000ed19300000)]
  0x000002d7009b7010 JavaThread "Worker-0" [_thread_blocked, id=12192, stack(0x000000ed19c00000,0x000000ed19d00000)]
  0x000002d7009b56c0 JavaThread "Worker-1" [_thread_blocked, id=488, stack(0x000000ed19d00000,0x000000ed19e00000)]
  0x000002d7009b4ca0 JavaThread "Java indexing" daemon [_thread_blocked, id=9812, stack(0x000000ed19e00000,0x000000ed19f00000)]
  0x000002d7009b65f0 JavaThread "Worker-2: Initialize Workspace" [_thread_in_native, id=9128, stack(0x000000ed19b00000,0x000000ed19c00000)]
  0x000002d7009b6b00 JavaThread "JNA Cleaner" daemon [_thread_blocked, id=13228, stack(0x000000ed19f00000,0x000000ed1a000000)]
  0x000002d7009b7520 JavaThread "Worker-3" [_thread_blocked, id=15104, stack(0x000000ed1a000000,0x000000ed1a100000)]
=>0x000002d700c155a0 JavaThread "C2 CompilerThread2" daemon [_thread_in_native, id=14520, stack(0x000000ed1a100000,0x000000ed1a200000)]
  0x000002d7009b4280 JavaThread "pool-2-thread-1" [_thread_blocked, id=15808, stack(0x000000ed1a200000,0x000000ed1a300000)]
  0x000002d701795580 JavaThread "WorkspaceEventsHandler" [_thread_blocked, id=14356, stack(0x000000ed1a300000,0x000000ed1a400000)]
  0x000002d7017964b0 JavaThread "pool-1-thread-1" [_thread_blocked, id=3096, stack(0x000000ed1a400000,0x000000ed1a500000)]

Other Threads:
  0x000002d7643c7970 VMThread "VM Thread" [stack: 0x000000ed17c00000,0x000000ed17d00000] [id=10580]
  0x000002d77ef9ebb0 WatcherThread [stack: 0x000000ed18a00000,0x000000ed18b00000] [id=7968]
  0x000002d7643291c0 GCTaskThread "GC Thread#0" [stack: 0x000000ed17b00000,0x000000ed17c00000] [id=14428]
  0x000002d77f6bc020 GCTaskThread "GC Thread#1" [stack: 0x000000ed18b00000,0x000000ed18c00000] [id=11216]
  0x000002d77f6bc2e0 GCTaskThread "GC Thread#2" [stack: 0x000000ed18c00000,0x000000ed18d00000] [id=3848]
  0x000002d77f6bc5a0 GCTaskThread "GC Thread#3" [stack: 0x000000ed18d00000,0x000000ed18e00000] [id=10660]
  0x000002d70002a730 GCTaskThread "GC Thread#4" [stack: 0x000000ed18e00000,0x000000ed18f00000] [id=13148]
  0x000002d70002a9f0 GCTaskThread "GC Thread#5" [stack: 0x000000ed18f00000,0x000000ed19000000] [id=3568]
  0x000002d70002b4c0 GCTaskThread "GC Thread#6" [stack: 0x000000ed19000000,0x000000ed19100000] [id=13800]
  0x000002d700348c60 GCTaskThread "GC Thread#7" [stack: 0x000000ed19500000,0x000000ed19600000] [id=6736]
  0x000002d70034a260 GCTaskThread "GC Thread#8" [stack: 0x000000ed19800000,0x000000ed19900000] [id=14560]
  0x000002d7003491e0 GCTaskThread "GC Thread#9" [stack: 0x000000ed19900000,0x000000ed19a00000] [id=14020]

Threads with active compile tasks:
C2 CompilerThread0     8420 6504       4       java.util.regex.Pattern::compile (500 bytes)
C2 CompilerThread1     8420 6523       4       java.util.regex.Pattern$CharPropertyGreedy::match (160 bytes)
C2 CompilerThread2     8420 6490       4       java.util.regex.Pattern::atom (422 bytes)

VM state: not at safepoint (normal execution)

VM Mutex/Monitor currently owned by a thread: None

Heap address: 0x00000000c0000000, size: 1024 MB, Compressed Oops mode: 32-bit

CDS archive(s) not mapped
Compressed class space mapped at: 0x0000000100000000-0x0000000140000000, reserved size: 1073741824
Narrow klass base: 0x0000000000000000, Narrow klass shift: 3, Narrow klass range: 0x140000000

GC Precious Log:
 CPUs: 12 total, 12 available
 Memory: 7579M
 Large Page Support: Disabled
 NUMA Support: Disabled
 Compressed Oops: Enabled (32-bit)
 Alignments: Space 512K, Generation 512K, Heap 2M
 Heap Min Capacity: 100M
 Heap Initial Capacity: 100M
 Heap Max Capacity: 1G
 Pre-touch: Disabled
 Parallel Workers: 10

Heap:
 PSYoungGen      total 24576K, used 19980K [0x00000000eab00000, 0x00000000ec580000, 0x0000000100000000)
  eden space 22016K, 82% used [0x00000000eab00000,0x00000000ebca3028,0x00000000ec080000)
  from space 2560K, 75% used [0x00000000ec300000,0x00000000ec4e0000,0x00000000ec580000)
  to   space 2560K, 0% used [0x00000000ec080000,0x00000000ec080000,0x00000000ec300000)
 ParOldGen       total 68608K, used 32740K [0x00000000c0000000, 0x00000000c4300000, 0x00000000eab00000)
  object space 68608K, 47% used [0x00000000c0000000,0x00000000c1ff92e8,0x00000000c4300000)
 Metaspace       used 52280K, committed 53184K, reserved 1114112K
  class space    used 5607K, committed 5952K, reserved 1048576K

Card table byte_map: [0x000002d763cb0000,0x000002d763ec0000] _byte_map_base: 0x000002d7636b0000

Marking Bits: (ParMarkBitMap*) 0x00007ff95832d0b0
 Begin Bits: [0x000002d775fb0000, 0x000002d776fb0000)
 End Bits:   [0x000002d776fb0000, 0x000002d777fb0000)

Polling page: 0x000002d762250000

Metaspace:

Usage:
  Non-class:     45.58 MB used.
      Class:      5.48 MB used.
       Both:     51.06 MB used.

Virtual space:
  Non-class space:       64.00 MB reserved,      46.12 MB ( 72%) committed,  1 nodes.
      Class space:        1.00 GB reserved,       5.81 MB ( <1%) committed,  1 nodes.
             Both:        1.06 GB reserved,      51.94 MB (  5%) committed. 

Chunk freelists:
   Non-Class:  1.72 MB
       Class:  10.19 MB
        Both:  11.91 MB

MaxMetaspaceSize: unlimited
CompressedClassSpaceSize: 1.00 GB
Initial GC threshold: 21.00 MB
Current GC threshold: 58.38 MB
CDS: off
MetaspaceReclaimPolicy: balanced
 - commit_granule_bytes: 65536.
 - commit_granule_words: 8192.
 - virtual_space_node_default_size: 8388608.
 - enlarge_chunks_in_place: 1.
 - new_chunks_are_fully_committed: 0.
 - uncommit_free_chunks: 1.
 - use_allocation_guard: 0.
 - handle_deallocations: 1.


Internal statistics:

num_allocs_failed_limit: 6.
num_arena_births: 452.
num_arena_deaths: 14.
num_vsnodes_births: 2.
num_vsnodes_deaths: 0.
num_space_committed: 831.
num_space_uncommitted: 0.
num_chunks_returned_to_freelist: 20.
num_chunks_taken_from_freelist: 2343.
num_chunk_merges: 10.
num_chunk_splits: 1499.
num_chunks_enlarged: 959.
num_inconsistent_stats: 0.

CodeHeap 'non-profiled nmethods': size=120000Kb used=3257Kb max_used=3257Kb free=116742Kb
 bounds [0x000002d76ea80000, 0x000002d76edb0000, 0x000002d775fb0000]
CodeHeap 'profiled nmethods': size=120000Kb used=11385Kb max_used=11385Kb free=108614Kb
 bounds [0x000002d766fb0000, 0x000002d767ad0000, 0x000002d76e4e0000]
CodeHeap 'non-nmethods': size=5760Kb used=1310Kb max_used=1354Kb free=4449Kb
 bounds [0x000002d76e4e0000, 0x000002d76e750000, 0x000002d76ea80000]
 total_blobs=6283 nmethods=5661 adapters=530
 compilation: enabled
              stopped_count=0, restarted_count=0
 full_count=0

Compilation events (20 events):
Event: 8.371 Thread 0x000002d700c155a0 6482 %     4       java.util.regex.Pattern$CharPropertyGreedy::match @ 12 (160 bytes)
Event: 8.379 Thread 0x000002d77d504740 6516   !   3       sun.nio.fs.WindowsNativeDispatcher::CreateFile (41 bytes)
Event: 8.379 Thread 0x000002d77d504740 nmethod 6516 0x000002d767ac8490 code [0x000002d767ac8660, 0x000002d767ac8998]
Event: 8.380 Thread 0x000002d77d504740 6517       3       sun.nio.fs.WindowsPath::compareTo (118 bytes)
Event: 8.382 Thread 0x000002d77d504740 nmethod 6517 0x000002d767ac8c10 code [0x000002d767ac8f40, 0x000002d767aca408]
Event: 8.384 Thread 0x000002d77d504740 6518       3       sun.nio.fs.WindowsPath::openFileForReadAttributeAccess (16 bytes)
Event: 8.385 Thread 0x000002d77d504740 nmethod 6518 0x000002d767acae10 code [0x000002d767acafc0, 0x000002d767acb1d8]
Event: 8.385 Thread 0x000002d77d504740 6519       3       sun.nio.fs.WindowsFileAttributes::fromFileInformation (146 bytes)
Event: 8.385 Thread 0x000002d77d504740 nmethod 6519 0x000002d767acb290 code [0x000002d767acb480, 0x000002d767acbac8]
Event: 8.390 Thread 0x000002d77d4feb70 nmethod 6416 0x000002d76eda1f10 code [0x000002d76eda23e0, 0x000002d76eda59e8]
Event: 8.390 Thread 0x000002d77d504740 6520       2       sun.nio.fs.WindowsPath$WindowsPathWithAttributes::get (11 bytes)
Event: 8.391 Thread 0x000002d77d504740 nmethod 6520 0x000002d767acbe90 code [0x000002d767acc020, 0x000002d767acc178]
Event: 8.391 Thread 0x000002d77d4feb70 6504       4       java.util.regex.Pattern::compile (500 bytes)
Event: 8.393 Thread 0x000002d77d504740 6522       2       org.eclipse.jdt.ls.core.internal.managers.BasicFileDetector::isExcluded (107 bytes)
Event: 8.393 Thread 0x000002d700c155a0 nmethod 6482% 0x000002d76eda8510 code [0x000002d76eda8740, 0x000002d76eda9350]
Event: 8.393 Thread 0x000002d700c155a0 6490       4       java.util.regex.Pattern::atom (422 bytes)
Event: 8.394 Thread 0x000002d77d504740 nmethod 6522 0x000002d767acc290 code [0x000002d767acc560, 0x000002d767accd88]
Event: 8.398 Thread 0x000002d700c15050 nmethod 6461 0x000002d76eda9c10 code [0x000002d76eda9e60, 0x000002d76edaafe0]
Event: 8.398 Thread 0x000002d700c15050 6491       4       java.util.regex.Pattern::newSlice (181 bytes)
Event: 8.402 Thread 0x000002d77d504740 6524   !   3       sun.nio.fs.WindowsPath::openForReadAttributeAccess (44 bytes)

GC Heap History (20 events):
Event: 6.068 GC heap before
{Heap before GC invocations=15 (full 2):
 PSYoungGen      total 23040K, used 22798K [0x00000000eab00000, 0x00000000ec500000, 0x0000000100000000)
  eden space 22016K, 99% used [0x00000000eab00000,0x00000000ec07bb30,0x00000000ec080000)
  from space 1024K, 78% used [0x00000000ec400000,0x00000000ec4c8000,0x00000000ec500000)
  to   space 1024K, 0% used [0x00000000ec280000,0x00000000ec280000,0x00000000ec380000)
 ParOldGen       total 68608K, used 17381K [0x00000000c0000000, 0x00000000c4300000, 0x00000000eab00000)
  object space 68608K, 25% used [0x00000000c0000000,0x00000000c10f9670,0x00000000c4300000)
 Metaspace       used 43948K, committed 44864K, reserved 1114112K
  class space    used 4611K, committed 4992K, reserved 1048576K
}
Event: 6.070 GC heap after
{Heap after GC invocations=15 (full 2):
 PSYoungGen      total 23040K, used 1022K [0x00000000eab00000, 0x00000000ec480000, 0x0000000100000000)
  eden space 22016K, 0% used [0x00000000eab00000,0x00000000eab00000,0x00000000ec080000)
  from space 1024K, 99% used [0x00000000ec280000,0x00000000ec37fa68,0x00000000ec380000)
  to   space 1024K, 0% used [0x00000000ec380000,0x00000000ec380000,0x00000000ec480000)
 ParOldGen       total 68608K, used 18010K [0x00000000c0000000, 0x00000000c4300000, 0x00000000eab00000)
  object space 68608K, 26% used [0x00000000c0000000,0x00000000c1196b10,0x00000000c4300000)
 Metaspace       used 43948K, committed 44864K, reserved 1114112K
  class space    used 4611K, committed 4992K, reserved 1048576K
}
Event: 6.576 GC heap before
{Heap before GC invocations=16 (full 2):
 PSYoungGen      total 23040K, used 23038K [0x00000000eab00000, 0x00000000ec480000, 0x0000000100000000)
  eden space 22016K, 100% used [0x00000000eab00000,0x00000000ec080000,0x00000000ec080000)
  from space 1024K, 99% used [0x00000000ec280000,0x00000000ec37fa68,0x00000000ec380000)
  to   space 1024K, 0% used [0x00000000ec380000,0x00000000ec380000,0x00000000ec480000)
 ParOldGen       total 68608K, used 18010K [0x00000000c0000000, 0x00000000c4300000, 0x00000000eab00000)
  object space 68608K, 26% used [0x00000000c0000000,0x00000000c1196b10,0x00000000c4300000)
 Metaspace       used 46611K, committed 47552K, reserved 1114112K
  class space    used 4958K, committed 5312K, reserved 1048576K
}
Event: 6.578 GC heap after
{Heap after GC invocations=16 (full 2):
 PSYoungGen      total 23040K, used 1024K [0x00000000eab00000, 0x00000000ec580000, 0x0000000100000000)
  eden space 22016K, 0% used [0x00000000eab00000,0x00000000eab00000,0x00000000ec080000)
  from space 1024K, 100% used [0x00000000ec380000,0x00000000ec480000,0x00000000ec480000)
  to   space 2560K, 0% used [0x00000000ec080000,0x00000000ec080000,0x00000000ec300000)
 ParOldGen       total 68608K, used 19046K [0x00000000c0000000, 0x00000000c4300000, 0x00000000eab00000)
  object space 68608K, 27% used [0x00000000c0000000,0x00000000c1299b20,0x00000000c4300000)
 Metaspace       used 46611K, committed 47552K, reserved 1114112K
  class space    used 4958K, committed 5312K, reserved 1048576K
}
Event: 6.990 GC heap before
{Heap before GC invocations=17 (full 2):
 PSYoungGen      total 23040K, used 23040K [0x00000000eab00000, 0x00000000ec580000, 0x0000000100000000)
  eden space 22016K, 100% used [0x00000000eab00000,0x00000000ec080000,0x00000000ec080000)
  from space 1024K, 100% used [0x00000000ec380000,0x00000000ec480000,0x00000000ec480000)
  to   space 2560K, 0% used [0x00000000ec080000,0x00000000ec080000,0x00000000ec300000)
 ParOldGen       total 68608K, used 19046K [0x00000000c0000000, 0x00000000c4300000, 0x00000000eab00000)
  object space 68608K, 27% used [0x00000000c0000000,0x00000000c1299b20,0x00000000c4300000)
 Metaspace       used 49098K, committed 50048K, reserved 1114112K
  class space    used 5302K, committed 5696K, reserved 1048576K
}
Event: 6.993 GC heap after
{Heap after GC invocations=17 (full 2):
 PSYoungGen      total 24064K, used 1958K [0x00000000eab00000, 0x00000000ec480000, 0x0000000100000000)
  eden space 22016K, 0% used [0x00000000eab00000,0x00000000eab00000,0x00000000ec080000)
  from space 2048K, 95% used [0x00000000ec080000,0x00000000ec2699a8,0x00000000ec280000)
  to   space 2048K, 0% used [0x00000000ec280000,0x00000000ec280000,0x00000000ec480000)
 ParOldGen       total 68608K, used 20098K [0x00000000c0000000, 0x00000000c4300000, 0x00000000eab00000)
  object space 68608K, 29% used [0x00000000c0000000,0x00000000c13a0830,0x00000000c4300000)
 Metaspace       used 49098K, committed 50048K, reserved 1114112K
  class space    used 5302K, committed 5696K, reserved 1048576K
}
Event: 7.469 GC heap before
{Heap before GC invocations=18 (full 2):
 PSYoungGen      total 24064K, used 23974K [0x00000000eab00000, 0x00000000ec480000, 0x0000000100000000)
  eden space 22016K, 100% used [0x00000000eab00000,0x00000000ec080000,0x00000000ec080000)
  from space 2048K, 95% used [0x00000000ec080000,0x00000000ec2699a8,0x00000000ec280000)
  to   space 2048K, 0% used [0x00000000ec280000,0x00000000ec280000,0x00000000ec480000)
 ParOldGen       total 68608K, used 20098K [0x00000000c0000000, 0x00000000c4300000, 0x00000000eab00000)
  object space 68608K, 29% used [0x00000000c0000000,0x00000000c13a0830,0x00000000c4300000)
 Metaspace       used 50438K, committed 51328K, reserved 1114112K
  class space    used 5430K, committed 5824K, reserved 1048576K
}
Event: 7.472 GC heap after
{Heap after GC invocations=18 (full 2):
 PSYoungGen      total 23040K, used 1024K [0x00000000eab00000, 0x00000000ec380000, 0x0000000100000000)
  eden space 22016K, 0% used [0x00000000eab00000,0x00000000eab00000,0x00000000ec080000)
  from space 1024K, 100% used [0x00000000ec280000,0x00000000ec380000,0x00000000ec380000)
  to   space 1536K, 0% used [0x00000000ec080000,0x00000000ec080000,0x00000000ec200000)
 ParOldGen       total 68608K, used 21941K [0x00000000c0000000, 0x00000000c4300000, 0x00000000eab00000)
  object space 68608K, 31% used [0x00000000c0000000,0x00000000c156d408,0x00000000c4300000)
 Metaspace       used 50438K, committed 51328K, reserved 1114112K
  class space    used 5430K, committed 5824K, reserved 1048576K
}
Event: 7.730 GC heap before
{Heap before GC invocations=19 (full 2):
 PSYoungGen      total 23040K, used 23040K [0x00000000eab00000, 0x00000000ec380000, 0x0000000100000000)
  eden space 22016K, 100% used [0x00000000eab00000,0x00000000ec080000,0x00000000ec080000)
  from space 1024K, 100% used [0x00000000ec280000,0x00000000ec380000,0x00000000ec380000)
  to   space 1536K, 0% used [0x00000000ec080000,0x00000000ec080000,0x00000000ec200000)
 ParOldGen       total 68608K, used 21941K [0x00000000c0000000, 0x00000000c4300000, 0x00000000eab00000)
  object space 68608K, 31% used [0x00000000c0000000,0x00000000c156d408,0x00000000c4300000)
 Metaspace       used 51696K, committed 52672K, reserved 1114112K
  class space    used 5564K, committed 5952K, reserved 1048576K
}
Event: 7.732 GC heap after
{Heap after GC invocations=19 (full 2):
 PSYoungGen      total 23552K, used 1504K [0x00000000eab00000, 0x00000000ec680000, 0x0000000100000000)
  eden space 22016K, 0% used [0x00000000eab00000,0x00000000eab00000,0x00000000ec080000)
  from space 1536K, 97% used [0x00000000ec080000,0x00000000ec1f8020,0x00000000ec200000)
  to   space 3072K, 0% used [0x00000000ec380000,0x00000000ec380000,0x00000000ec680000)
 ParOldGen       total 68608K, used 23002K [0x00000000c0000000, 0x00000000c4300000, 0x00000000eab00000)
  object space 68608K, 33% used [0x00000000c0000000,0x00000000c1676b48,0x00000000c4300000)
 Metaspace       used 51696K, committed 52672K, reserved 1114112K
  class space    used 5564K, committed 5952K, reserved 1048576K
}
Event: 7.847 GC heap before
{Heap before GC invocations=20 (full 2):
 PSYoungGen      total 23552K, used 23520K [0x00000000eab00000, 0x00000000ec680000, 0x0000000100000000)
  eden space 22016K, 100% used [0x00000000eab00000,0x00000000ec080000,0x00000000ec080000)
  from space 1536K, 97% used [0x00000000ec080000,0x00000000ec1f8020,0x00000000ec200000)
  to   space 3072K, 0% used [0x00000000ec380000,0x00000000ec380000,0x00000000ec680000)
 ParOldGen       total 68608K, used 23002K [0x00000000c0000000, 0x00000000c4300000, 0x00000000eab00000)
  object space 68608K, 33% used [0x00000000c0000000,0x00000000c1676b48,0x00000000c4300000)
 Metaspace       used 51869K, committed 52800K, reserved 1114112K
  class space    used 5581K, committed 5952K, reserved 1048576K
}
Event: 7.851 GC heap after
{Heap after GC invocations=20 (full 2):
 PSYoungGen      total 24064K, used 1920K [0x00000000eab00000, 0x00000000ec580000, 0x0000000100000000)
  eden space 22016K, 0% used [0x00000000eab00000,0x00000000eab00000,0x00000000ec080000)
  from space 2048K, 93% used [0x00000000ec380000,0x00000000ec560010,0x00000000ec580000)
  to   space 2560K, 0% used [0x00000000ec080000,0x00000000ec080000,0x00000000ec300000)
 ParOldGen       total 68608K, used 24487K [0x00000000c0000000, 0x00000000c4300000, 0x00000000eab00000)
  object space 68608K, 35% used [0x00000000c0000000,0x00000000c17e9ee0,0x00000000c4300000)
 Metaspace       used 51869K, committed 52800K, reserved 1114112K
  class space    used 5581K, committed 5952K, reserved 1048576K
}
Event: 7.943 GC heap before
{Heap before GC invocations=21 (full 2):
 PSYoungGen      total 24064K, used 23936K [0x00000000eab00000, 0x00000000ec580000, 0x0000000100000000)
  eden space 22016K, 100% used [0x00000000eab00000,0x00000000ec080000,0x00000000ec080000)
  from space 2048K, 93% used [0x00000000ec380000,0x00000000ec560010,0x00000000ec580000)
  to   space 2560K, 0% used [0x00000000ec080000,0x00000000ec080000,0x00000000ec300000)
 ParOldGen       total 68608K, used 24487K [0x00000000c0000000, 0x00000000c4300000, 0x00000000eab00000)
  object space 68608K, 35% used [0x00000000c0000000,0x00000000c17e9ee0,0x00000000c4300000)
 Metaspace       used 51947K, committed 52800K, reserved 1114112K
  class space    used 5592K, committed 5952K, reserved 1048576K
}
Event: 7.947 GC heap after
{Heap after GC invocations=21 (full 2):
 PSYoungGen      total 24576K, used 2496K [0x00000000eab00000, 0x00000000ec680000, 0x0000000100000000)
  eden space 22016K, 0% used [0x00000000eab00000,0x00000000eab00000,0x00000000ec080000)
  from space 2560K, 97% used [0x00000000ec080000,0x00000000ec2f0020,0x00000000ec300000)
  to   space 3072K, 0% used [0x00000000ec380000,0x00000000ec380000,0x00000000ec680000)
 ParOldGen       total 68608K, used 26243K [0x00000000c0000000, 0x00000000c4300000, 0x00000000eab00000)
  object space 68608K, 38% used [0x00000000c0000000,0x00000000c19a0ef0,0x00000000c4300000)
 Metaspace       used 51947K, committed 52800K, reserved 1114112K
  class space    used 5592K, committed 5952K, reserved 1048576K
}
Event: 8.006 GC heap before
{Heap before GC invocations=22 (full 2):
 PSYoungGen      total 24576K, used 24512K [0x00000000eab00000, 0x00000000ec680000, 0x0000000100000000)
  eden space 22016K, 100% used [0x00000000eab00000,0x00000000ec080000,0x00000000ec080000)
  from space 2560K, 97% used [0x00000000ec080000,0x00000000ec2f0020,0x00000000ec300000)
  to   space 3072K, 0% used [0x00000000ec380000,0x00000000ec380000,0x00000000ec680000)
 ParOldGen       total 68608K, used 26243K [0x00000000c0000000, 0x00000000c4300000, 0x00000000eab00000)
  object space 68608K, 38% used [0x00000000c0000000,0x00000000c19a0ef0,0x00000000c4300000)
 Metaspace       used 51948K, committed 52800K, reserved 1114112K
  class space    used 5592K, committed 5952K, reserved 1048576K
}
Event: 8.011 GC heap after
{Heap after GC invocations=22 (full 2):
 PSYoungGen      total 24064K, used 2048K [0x00000000eab00000, 0x00000000ec580000, 0x0000000100000000)
  eden space 22016K, 0% used [0x00000000eab00000,0x00000000eab00000,0x00000000ec080000)
  from space 2048K, 100% used [0x00000000ec380000,0x00000000ec580000,0x00000000ec580000)
  to   space 2560K, 0% used [0x00000000ec080000,0x00000000ec080000,0x00000000ec300000)
 ParOldGen       total 68608K, used 28604K [0x00000000c0000000, 0x00000000c4300000, 0x00000000eab00000)
  object space 68608K, 41% used [0x00000000c0000000,0x00000000c1bef2d8,0x00000000c4300000)
 Metaspace       used 51948K, committed 52800K, reserved 1114112K
  class space    used 5592K, committed 5952K, reserved 1048576K
}
Event: 8.062 GC heap before
{Heap before GC invocations=23 (full 2):
 PSYoungGen      total 24064K, used 24064K [0x00000000eab00000, 0x00000000ec580000, 0x0000000100000000)
  eden space 22016K, 100% used [0x00000000eab00000,0x00000000ec080000,0x00000000ec080000)
  from space 2048K, 100% used [0x00000000ec380000,0x00000000ec580000,0x00000000ec580000)
  to   space 2560K, 0% used [0x00000000ec080000,0x00000000ec080000,0x00000000ec300000)
 ParOldGen       total 68608K, used 28604K [0x00000000c0000000, 0x00000000c4300000, 0x00000000eab00000)
  object space 68608K, 41% used [0x00000000c0000000,0x00000000c1bef2d8,0x00000000c4300000)
 Metaspace       used 51948K, committed 52800K, reserved 1114112K
  class space    used 5592K, committed 5952K, reserved 1048576K
}
Event: 8.067 GC heap after
{Heap after GC invocations=23 (full 2):
 PSYoungGen      total 24576K, used 2336K [0x00000000eab00000, 0x00000000ec580000, 0x0000000100000000)
  eden space 22016K, 0% used [0x00000000eab00000,0x00000000eab00000,0x00000000ec080000)
  from space 2560K, 91% used [0x00000000ec080000,0x00000000ec2c8010,0x00000000ec300000)
  to   space 2560K, 0% used [0x00000000ec300000,0x00000000ec300000,0x00000000ec580000)
 ParOldGen       total 68608K, used 30500K [0x00000000c0000000, 0x00000000c4300000, 0x00000000eab00000)
  object space 68608K, 44% used [0x00000000c0000000,0x00000000c1dc92d8,0x00000000c4300000)
 Metaspace       used 51948K, committed 52800K, reserved 1114112K
  class space    used 5592K, committed 5952K, reserved 1048576K
}
Event: 8.124 GC heap before
{Heap before GC invocations=24 (full 2):
 PSYoungGen      total 24576K, used 24352K [0x00000000eab00000, 0x00000000ec580000, 0x0000000100000000)
  eden space 22016K, 100% used [0x00000000eab00000,0x00000000ec080000,0x00000000ec080000)
  from space 2560K, 91% used [0x00000000ec080000,0x00000000ec2c8010,0x00000000ec300000)
  to   space 2560K, 0% used [0x00000000ec300000,0x00000000ec300000,0x00000000ec580000)
 ParOldGen       total 68608K, used 30500K [0x00000000c0000000, 0x00000000c4300000, 0x00000000eab00000)
  object space 68608K, 44% used [0x00000000c0000000,0x00000000c1dc92d8,0x00000000c4300000)
 Metaspace       used 51948K, committed 52800K, reserved 1114112K
  class space    used 5592K, committed 5952K, reserved 1048576K
}
Event: 8.130 GC heap after
{Heap after GC invocations=24 (full 2):
 PSYoungGen      total 24576K, used 1920K [0x00000000eab00000, 0x00000000ec580000, 0x0000000100000000)
  eden space 22016K, 0% used [0x00000000eab00000,0x00000000eab00000,0x00000000ec080000)
  from space 2560K, 75% used [0x00000000ec300000,0x00000000ec4e0000,0x00000000ec580000)
  to   space 2560K, 0% used [0x00000000ec080000,0x00000000ec080000,0x00000000ec300000)
 ParOldGen       total 68608K, used 32740K [0x00000000c0000000, 0x00000000c4300000, 0x00000000eab00000)
  object space 68608K, 47% used [0x00000000c0000000,0x00000000c1ff92e8,0x00000000c4300000)
 Metaspace       used 51948K, committed 52800K, reserved 1114112K
  class space    used 5592K, committed 5952K, reserved 1048576K
}

Dll operation events (10 events):
Event: 0.009 Loaded shared library c:\Users\ADMIN\.vscode\extensions\redhat.java-1.25.1-win32-x64\jre\17.0.9-win32-x86_64\bin\java.dll
Event: 0.217 Loaded shared library c:\Users\ADMIN\.vscode\extensions\redhat.java-1.25.1-win32-x64\jre\17.0.9-win32-x86_64\bin\zip.dll
Event: 0.221 Loaded shared library C:\Users\ADMIN\.vscode\extensions\redhat.java-1.25.1-win32-x64\jre\17.0.9-win32-x86_64\bin\instrument.dll
Event: 0.249 Loaded shared library C:\Users\ADMIN\.vscode\extensions\redhat.java-1.25.1-win32-x64\jre\17.0.9-win32-x86_64\bin\net.dll
Event: 0.470 Loaded shared library C:\Users\ADMIN\.vscode\extensions\redhat.java-1.25.1-win32-x64\jre\17.0.9-win32-x86_64\bin\nio.dll
Event: 0.479 Loaded shared library C:\Users\ADMIN\.vscode\extensions\redhat.java-1.25.1-win32-x64\jre\17.0.9-win32-x86_64\bin\zip.dll
Event: 0.507 Loaded shared library C:\Users\ADMIN\.vscode\extensions\redhat.java-1.25.1-win32-x64\jre\17.0.9-win32-x86_64\bin\jimage.dll
Event: 0.591 Loaded shared library c:\Users\ADMIN\.vscode\extensions\redhat.java-1.25.1-win32-x64\jre\17.0.9-win32-x86_64\bin\verify.dll
Event: 1.851 Loaded shared library C:\Users\ADMIN\AppData\Roaming\Code\User\globalStorage\redhat.java\1.25.1\config_win\org.eclipse.equinox.launcher\org.eclipse.equinox.launcher.win32.win32.x86_64_1.2.800.v20231003-1442\eclipse_11802.dll
Event: 4.915 Loaded shared library C:\Users\ADMIN\AppData\Local\Temp\jna-62130991\jna13943432216636483769.dll

Deoptimization events (20 events):
Event: 8.227 Thread 0x000002d7009b65f0 Uncommon trap: trap_request=0xffffff45 fr.pc=0x000002d76ed705f0 relative=0x0000000000000330
Event: 8.227 Thread 0x000002d7009b65f0 Uncommon trap: reason=unstable_if action=reinterpret pc=0x000002d76ed705f0 method=java.nio.file.FileTreeWalker.getAttributes(Ljava/nio/file/Path;Z)Ljava/nio/file/attribute/BasicFileAttributes; @ 8 c2
Event: 8.227 Thread 0x000002d7009b65f0 DEOPT PACKING pc=0x000002d76ed705f0 sp=0x000000ed19bfebd0
Event: 8.227 Thread 0x000002d7009b65f0 DEOPT UNPACKING pc=0x000002d76e5366a3 sp=0x000000ed19bfeb80 mode 2
Event: 8.227 Thread 0x000002d7009b65f0 Uncommon trap: trap_request=0xffffffde fr.pc=0x000002d76ed6c0a0 relative=0x0000000000001460
Event: 8.227 Thread 0x000002d7009b65f0 Uncommon trap: reason=class_check action=maybe_recompile pc=0x000002d76ed6c0a0 method=java.nio.file.FileTreeWalker.next()Ljava/nio/file/FileTreeWalker$Event; @ 37 c2
Event: 8.227 Thread 0x000002d7009b65f0 DEOPT PACKING pc=0x000002d76ed6c0a0 sp=0x000000ed19bfeca0
Event: 8.227 Thread 0x000002d7009b65f0 DEOPT UNPACKING pc=0x000002d76e5366a3 sp=0x000000ed19bfeca0 mode 2
Event: 8.227 Thread 0x000002d7009b65f0 Uncommon trap: trap_request=0xffffffde fr.pc=0x000002d76ed6c0a0 relative=0x0000000000001460
Event: 8.227 Thread 0x000002d7009b65f0 Uncommon trap: reason=class_check action=maybe_recompile pc=0x000002d76ed6c0a0 method=java.nio.file.FileTreeWalker.next()Ljava/nio/file/FileTreeWalker$Event; @ 37 c2
Event: 8.227 Thread 0x000002d7009b65f0 DEOPT PACKING pc=0x000002d76ed6c0a0 sp=0x000000ed19bfeca0
Event: 8.227 Thread 0x000002d7009b65f0 DEOPT UNPACKING pc=0x000002d76e5366a3 sp=0x000000ed19bfeca0 mode 2
Event: 8.309 Thread 0x000002d7009b65f0 DEOPT PACKING pc=0x000002d767a88ff7 sp=0x000000ed19bfe940
Event: 8.309 Thread 0x000002d7009b65f0 DEOPT UNPACKING pc=0x000002d76e536e43 sp=0x000000ed19bfdf20 mode 0
Event: 8.380 Thread 0x000002d7009b65f0 DEOPT PACKING pc=0x000002d767a90110 sp=0x000000ed19bfe970
Event: 8.380 Thread 0x000002d7009b65f0 DEOPT UNPACKING pc=0x000002d76e536e43 sp=0x000000ed19bfde78 mode 0
Event: 8.398 Thread 0x000002d7009b65f0 DEOPT PACKING pc=0x000002d7676abf0d sp=0x000000ed19bfea10
Event: 8.398 Thread 0x000002d7009b65f0 DEOPT UNPACKING pc=0x000002d76e536e43 sp=0x000000ed19bfdec0 mode 0
Event: 8.401 Thread 0x000002d7009b65f0 DEOPT PACKING pc=0x000002d7676abf0d sp=0x000000ed19bfea10
Event: 8.401 Thread 0x000002d7009b65f0 DEOPT UNPACKING pc=0x000002d76e536e43 sp=0x000000ed19bfdec0 mode 0

Classes unloaded (7 events):
Event: 3.097 Thread 0x000002d7643c7970 Unloading class 0x000000010024a000 'java/lang/invoke/LambdaForm$MH+0x000000010024a000'
Event: 3.097 Thread 0x000002d7643c7970 Unloading class 0x0000000100249c00 'java/lang/invoke/LambdaForm$MH+0x0000000100249c00'
Event: 3.097 Thread 0x000002d7643c7970 Unloading class 0x0000000100249800 'java/lang/invoke/LambdaForm$MH+0x0000000100249800'
Event: 3.097 Thread 0x000002d7643c7970 Unloading class 0x0000000100249400 'java/lang/invoke/LambdaForm$MH+0x0000000100249400'
Event: 3.097 Thread 0x000002d7643c7970 Unloading class 0x0000000100249000 'java/lang/invoke/LambdaForm$BMH+0x0000000100249000'
Event: 3.097 Thread 0x000002d7643c7970 Unloading class 0x0000000100248c00 'java/lang/invoke/LambdaForm$DMH+0x0000000100248c00'
Event: 3.097 Thread 0x000002d7643c7970 Unloading class 0x0000000100246000 'java/lang/invoke/LambdaForm$DMH+0x0000000100246000'

Classes redefined (0 events):
No events

Internal exceptions (20 events):
Event: 8.282 Thread 0x000002d7009b65f0 Exception <a 'sun/nio/fs/WindowsException'{0x00000000eb40d408}> (0x00000000eb40d408) 
thrown [s\src\hotspot\share\prims\jni.cpp, line 516]
Event: 8.282 Thread 0x000002d7009b65f0 Exception <a 'sun/nio/fs/WindowsException'{0x00000000eb40da30}> (0x00000000eb40da30) 
thrown [s\src\hotspot\share\prims\jni.cpp, line 516]
Event: 8.283 Thread 0x000002d7009b65f0 Exception <a 'sun/nio/fs/WindowsException'{0x00000000eb40e058}> (0x00000000eb40e058) 
thrown [s\src\hotspot\share\prims\jni.cpp, line 516]
Event: 8.283 Thread 0x000002d7009b65f0 Exception <a 'sun/nio/fs/WindowsException'{0x00000000eb40e698}> (0x00000000eb40e698) 
thrown [s\src\hotspot\share\prims\jni.cpp, line 516]
Event: 8.285 Thread 0x000002d7009b65f0 Exception <a 'sun/nio/fs/WindowsException'{0x00000000eb4130d0}> (0x00000000eb4130d0) 
thrown [s\src\hotspot\share\prims\jni.cpp, line 516]
Event: 8.285 Thread 0x000002d7009b65f0 Exception <a 'sun/nio/fs/WindowsException'{0x00000000eb413738}> (0x00000000eb413738) 
thrown [s\src\hotspot\share\prims\jni.cpp, line 516]
Event: 8.285 Thread 0x000002d7009b65f0 Exception <a 'sun/nio/fs/WindowsException'{0x00000000eb413da0}> (0x00000000eb413da0) 
thrown [s\src\hotspot\share\prims\jni.cpp, line 516]
Event: 8.285 Thread 0x000002d7009b65f0 Exception <a 'sun/nio/fs/WindowsException'{0x00000000eb414428}> (0x00000000eb414428) 
thrown [s\src\hotspot\share\prims\jni.cpp, line 516]
Event: 8.286 Thread 0x000002d7009b65f0 Exception <a 'sun/nio/fs/WindowsException'{0x00000000eb418ec0}> (0x00000000eb418ec0) 
thrown [s\src\hotspot\share\prims\jni.cpp, line 516]
Event: 8.286 Thread 0x000002d7009b65f0 Exception <a 'sun/nio/fs/WindowsException'{0x00000000eb419578}> (0x00000000eb419578) 
thrown [s\src\hotspot\share\prims\jni.cpp, line 516]
Event: 8.286 Thread 0x000002d7009b65f0 Exception <a 'sun/nio/fs/WindowsException'{0x00000000eb419c30}> (0x00000000eb419c30) 
thrown [s\src\hotspot\share\prims\jni.cpp, line 516]
Event: 8.286 Thread 0x000002d7009b65f0 Exception <a 'sun/nio/fs/WindowsException'{0x00000000eb41a300}> (0x00000000eb41a300) 
thrown [s\src\hotspot\share\prims\jni.cpp, line 516]
Event: 8.287 Thread 0x000002d7009b65f0 Exception <a 'sun/nio/fs/WindowsException'{0x00000000eb41ea80}> (0x00000000eb41ea80) 
thrown [s\src\hotspot\share\prims\jni.cpp, line 516]
Event: 8.287 Thread 0x000002d7009b65f0 Exception <a 'sun/nio/fs/WindowsException'{0x00000000eb41f088}> (0x00000000eb41f088) 
thrown [s\src\hotspot\share\prims\jni.cpp, line 516]
Event: 8.287 Thread 0x000002d7009b65f0 Exception <a 'sun/nio/fs/WindowsException'{0x00000000eb41f690}> (0x00000000eb41f690) 
thrown [s\src\hotspot\share\prims\jni.cpp, line 516]
Event: 8.287 Thread 0x000002d7009b65f0 Exception <a 'sun/nio/fs/WindowsException'{0x00000000eb41fcb8}> (0x00000000eb41fcb8) 
thrown [s\src\hotspot\share\prims\jni.cpp, line 516]
Event: 8.288 Thread 0x000002d7009b65f0 Exception <a 'sun/nio/fs/WindowsException'{0x00000000eb424b50}> (0x00000000eb424b50) 
thrown [s\src\hotspot\share\prims\jni.cpp, line 516]
Event: 8.288 Thread 0x000002d7009b65f0 Exception <a 'sun/nio/fs/WindowsException'{0x00000000eb425130}> (0x00000000eb425130) 
thrown [s\src\hotspot\share\prims\jni.cpp, line 516]
Event: 8.288 Thread 0x000002d7009b65f0 Exception <a 'sun/nio/fs/WindowsException'{0x00000000eb425720}> (0x00000000eb425720) 
thrown [s\src\hotspot\share\prims\jni.cpp, line 516]
Event: 8.288 Thread 0x000002d7009b65f0 Exception <a 'sun/nio/fs/WindowsException'{0x00000000eb425d20}> (0x00000000eb425d20) 
thrown [s\src\hotspot\share\prims\jni.cpp, line 516]

VM Operations (20 events):
Event: 7.523 Executing VM operation: HandshakeAllThreads
Event: 7.523 Executing VM operation: HandshakeAllThreads done
Event: 7.549 Executing VM operation: HandshakeAllThreads
Event: 7.549 Executing VM operation: HandshakeAllThreads done
Event: 7.550 Executing VM operation: HandshakeAllThreads
Event: 7.550 Executing VM operation: HandshakeAllThreads done
Event: 7.581 Executing VM operation: HandshakeAllThreads
Event: 7.581 Executing VM operation: HandshakeAllThreads done
Event: 7.730 Executing VM operation: ParallelGCFailedAllocation
Event: 7.732 Executing VM operation: ParallelGCFailedAllocation done
Event: 7.847 Executing VM operation: ParallelGCFailedAllocation
Event: 7.851 Executing VM operation: ParallelGCFailedAllocation done
Event: 7.943 Executing VM operation: ParallelGCFailedAllocation
Event: 7.947 Executing VM operation: ParallelGCFailedAllocation done
Event: 8.006 Executing VM operation: ParallelGCFailedAllocation
Event: 8.011 Executing VM operation: ParallelGCFailedAllocation done
Event: 8.062 Executing VM operation: ParallelGCFailedAllocation
Event: 8.067 Executing VM operation: ParallelGCFailedAllocation done
Event: 8.124 Executing VM operation: ParallelGCFailedAllocation
Event: 8.130 Executing VM operation: ParallelGCFailedAllocation done

Events (20 events):
Event: 7.679 loading class java/nio/channels/Channels$ReadableByteChannelImpl
Event: 7.680 loading class java/nio/channels/Channels$ReadableByteChannelImpl done
Event: 7.681 loading class java/nio/channels/NonWritableChannelException
Event: 7.681 loading class java/nio/channels/NonWritableChannelException done
Event: 7.681 loading class sun/nio/ch/ChannelInputStream
Event: 7.681 loading class sun/nio/ch/ChannelInputStream done
Event: 8.212 loading class java/lang/Class$EnclosingMethodInfo
Event: 8.212 loading class java/lang/Class$EnclosingMethodInfo done
Event: 8.222 loading class java/nio/file/SimpleFileVisitor
Event: 8.222 loading class java/nio/file/SimpleFileVisitor done
Event: 8.222 loading class java/nio/file/FileTreeWalker$1
Event: 8.223 loading class java/nio/file/FileTreeWalker$1 done
Event: 8.223 loading class sun/nio/fs/Globs
Event: 8.224 loading class sun/nio/fs/Globs done
Event: 8.224 loading class java/util/regex/Pattern$SliceU
Event: 8.224 loading class java/util/regex/Pattern$SliceU done
Event: 8.224 loading class sun/nio/fs/WindowsFileSystem$2
Event: 8.224 loading class java/nio/file/PathMatcher
Event: 8.224 loading class java/nio/file/PathMatcher done
Event: 8.224 loading class sun/nio/fs/WindowsFileSystem$2 done


Dynamic libraries:
0x00007ff725410000 - 0x00007ff72541e000 	c:\Users\ADMIN\.vscode\extensions\redhat.java-1.25.1-win32-x64\jre\17.0.9-win32-x86_64\bin\java.exe
0x00007ff9b4950000 - 0x00007ff9b4b48000 	C:\Windows\SYSTEM32\ntdll.dll
0x00007ff9b2ca0000 - 0x00007ff9b2d5d000 	C:\Windows\System32\KERNEL32.DLL
0x00007ff9b2240000 - 0x00007ff9b2512000 	C:\Windows\System32\KERNELBASE.dll
0x00007ff9b2520000 - 0x00007ff9b2620000 	C:\Windows\System32\ucrtbase.dll
0x00007ff994a70000 - 0x00007ff994a8b000 	c:\Users\ADMIN\.vscode\extensions\redhat.java-1.25.1-win32-x64\jre\17.0.9-win32-x86_64\bin\VCRUNTIME140.dll
0x00007ff9a4af0000 - 0x00007ff9a4b07000 	c:\Users\ADMIN\.vscode\extensions\redhat.java-1.25.1-win32-x64\jre\17.0.9-win32-x86_64\bin\jli.dll
0x00007ff9b2b00000 - 0x00007ff9b2c9d000 	C:\Windows\System32\USER32.dll
0x00007ff9a02c0000 - 0x00007ff9a055a000 	C:\Windows\WinSxS\amd64_microsoft.windows.common-controls_6595b64144ccf1df_6.0.19041.1110_none_60b5254171f9507e\COMCTL32.dll
0x00007ff9b4590000 - 0x00007ff9b462e000 	C:\Windows\System32\msvcrt.dll
0x00007ff9b4680000 - 0x00007ff9b46ab000 	C:\Windows\System32\GDI32.dll
0x00007ff9b2060000 - 0x00007ff9b2082000 	C:\Windows\System32\win32u.dll
0x00007ff9b27f0000 - 0x00007ff9b28ff000 	C:\Windows\System32\gdi32full.dll
0x00007ff9b21a0000 - 0x00007ff9b223d000 	C:\Windows\System32\msvcp_win.dll
0x00007ff9b4650000 - 0x00007ff9b4680000 	C:\Windows\System32\IMM32.DLL
0x00007ff9af780000 - 0x00007ff9af78c000 	c:\Users\ADMIN\.vscode\extensions\redhat.java-1.25.1-win32-x64\jre\17.0.9-win32-x86_64\bin\vcruntime140_1.dll
0x00007ff96b160000 - 0x00007ff96b1ed000 	c:\Users\ADMIN\.vscode\extensions\redhat.java-1.25.1-win32-x64\jre\17.0.9-win32-x86_64\bin\msvcp140.dll
0x00007ff957790000 - 0x00007ff9583f1000 	c:\Users\ADMIN\.vscode\extensions\redhat.java-1.25.1-win32-x64\jre\17.0.9-win32-x86_64\bin\server\jvm.dll
0x00007ff9b29b0000 - 0x00007ff9b2a5e000 	C:\Windows\System32\ADVAPI32.dll
0x00007ff9b2a60000 - 0x00007ff9b2afc000 	C:\Windows\System32\sechost.dll
0x00007ff9b3840000 - 0x00007ff9b3965000 	C:\Windows\System32\RPCRT4.dll
0x00007ff9b1c00000 - 0x00007ff9b1c4b000 	C:\Windows\SYSTEM32\POWRPROF.dll
0x00007ff98a2b0000 - 0x00007ff98a2b9000 	C:\Windows\SYSTEM32\WSOCK32.dll
0x00007ff9b37d0000 - 0x00007ff9b383b000 	C:\Windows\System32\WS2_32.dll
0x00007ff9a7620000 - 0x00007ff9a7647000 	C:\Windows\SYSTEM32\WINMM.dll
0x00007ff9b0000000 - 0x00007ff9b000a000 	C:\Windows\SYSTEM32\VERSION.dll
0x00007ff9b1be0000 - 0x00007ff9b1bf2000 	C:\Windows\SYSTEM32\UMPDC.dll
0x00007ff9b08b0000 - 0x00007ff9b08c2000 	C:\Windows\SYSTEM32\kernel.appcore.dll
0x00007ff9adad0000 - 0x00007ff9adada000 	c:\Users\ADMIN\.vscode\extensions\redhat.java-1.25.1-win32-x64\jre\17.0.9-win32-x86_64\bin\jimage.dll
0x00007ff9a78f0000 - 0x00007ff9a7ad4000 	C:\Windows\SYSTEM32\DBGHELP.DLL
0x00007ff9a1a80000 - 0x00007ff9a1aac000 	C:\Windows\SYSTEM32\dbgcore.DLL
0x00007ff9b2110000 - 0x00007ff9b2192000 	C:\Windows\System32\bcryptPrimitives.dll
0x00007ff9ac920000 - 0x00007ff9ac92e000 	c:\Users\ADMIN\.vscode\extensions\redhat.java-1.25.1-win32-x64\jre\17.0.9-win32-x86_64\bin\instrument.dll
0x00007ff990a90000 - 0x00007ff990ab5000 	c:\Users\ADMIN\.vscode\extensions\redhat.java-1.25.1-win32-x64\jre\17.0.9-win32-x86_64\bin\java.dll
0x00007ff98e570000 - 0x00007ff98e588000 	c:\Users\ADMIN\.vscode\extensions\redhat.java-1.25.1-win32-x64\jre\17.0.9-win32-x86_64\bin\zip.dll
0x00007ff9b3be0000 - 0x00007ff9b4323000 	C:\Windows\System32\SHELL32.dll
0x00007ff9b0100000 - 0x00007ff9b0891000 	C:\Windows\SYSTEM32\windows.storage.dll
0x00007ff9b2e30000 - 0x00007ff9b3184000 	C:\Windows\System32\combase.dll
0x00007ff9b1a50000 - 0x00007ff9b1a80000 	C:\Windows\SYSTEM32\Wldp.dll
0x00007ff9b44e0000 - 0x00007ff9b458d000 	C:\Windows\System32\SHCORE.dll
0x00007ff9b3aa0000 - 0x00007ff9b3af5000 	C:\Windows\System32\shlwapi.dll
0x00007ff9b1fa0000 - 0x00007ff9b1fbf000 	C:\Windows\SYSTEM32\profapi.dll
0x00007ff98e550000 - 0x00007ff98e569000 	C:\Users\ADMIN\.vscode\extensions\redhat.java-1.25.1-win32-x64\jre\17.0.9-win32-x86_64\bin\net.dll
0x00007ff9a8c80000 - 0x00007ff9a8d8d000 	C:\Windows\SYSTEM32\WINHTTP.dll
0x00007ff99d2c0000 - 0x00007ff99d2cb000 	C:\Program Files\Common Files\SocksEscort\escortdrv.dll
0x00007ff9b43b0000 - 0x00007ff9b44da000 	C:\Windows\System32\ole32.dll
0x00007ff99d280000 - 0x00007ff99d2b2000 	C:\Program Files\Common Files\SocksEscort\escengine.dll
0x00007ff9b1740000 - 0x00007ff9b17aa000 	C:\Windows\system32\mswsock.dll
0x00007ff98e230000 - 0x00007ff98e246000 	C:\Users\ADMIN\.vscode\extensions\redhat.java-1.25.1-win32-x64\jre\17.0.9-win32-x86_64\bin\nio.dll
0x00007ff9ab4c0000 - 0x00007ff9ab4d0000 	c:\Users\ADMIN\.vscode\extensions\redhat.java-1.25.1-win32-x64\jre\17.0.9-win32-x86_64\bin\verify.dll
0x00007ff97e440000 - 0x00007ff97e47e000 	C:\Users\ADMIN\AppData\Roaming\Code\User\globalStorage\redhat.java\1.25.1\config_win\org.eclipse.equinox.launcher\org.eclipse.equinox.launcher.win32.win32.x86_64_1.2.800.v20231003-1442\eclipse_11802.dll
0x00007ff9b1930000 - 0x00007ff9b1948000 	C:\Windows\SYSTEM32\CRYPTSP.dll
0x00007ff9b1060000 - 0x00007ff9b1094000 	C:\Windows\system32\rsaenh.dll
0x00007ff9b2090000 - 0x00007ff9b20b7000 	C:\Windows\System32\bcrypt.dll
0x00007ff9b1f60000 - 0x00007ff9b1f8e000 	C:\Windows\SYSTEM32\USERENV.dll
0x00007ff9b1950000 - 0x00007ff9b195c000 	C:\Windows\SYSTEM32\CRYPTBASE.dll
0x00007ff9b1430000 - 0x00007ff9b146b000 	C:\Windows\SYSTEM32\IPHLPAPI.DLL
0x00007ff9b3bd0000 - 0x00007ff9b3bd8000 	C:\Windows\System32\NSI.dll
0x00007ff9aaf10000 - 0x00007ff9aaf27000 	C:\Windows\SYSTEM32\dhcpcsvc6.DLL
0x00007ff9ab1e0000 - 0x00007ff9ab1fd000 	C:\Windows\SYSTEM32\dhcpcsvc.DLL
0x00007ff9b1470000 - 0x00007ff9b153a000 	C:\Windows\SYSTEM32\DNSAPI.dll
0x00007ff96be50000 - 0x00007ff96be95000 	C:\Users\ADMIN\AppData\Local\Temp\jna-62130991\jna13943432216636483769.dll
0x00007ff9b3bc0000 - 0x00007ff9b3bc8000 	C:\Windows\System32\PSAPI.DLL

dbghelp: loaded successfully - version: 4.0.5 - missing functions: none
symbol engine: initialized successfully - sym options: 0x614 - pdb path: .;c:\Users\ADMIN\.vscode\extensions\redhat.java-1.25.1-win32-x64\jre\17.0.9-win32-x86_64\bin;C:\Windows\SYSTEM32;C:\Windows\WinSxS\amd64_microsoft.windows.common-controls_6595b64144ccf1df_6.0.19041.1110_none_60b5254171f9507e;c:\Users\ADMIN\.vscode\extensions\redhat.java-1.25.1-win32-x64\jre\17.0.9-win32-x86_64\bin\server;C:\Program Files\Common Files\SocksEscort;C:\Users\ADMIN\AppData\Roaming\Code\User\globalStorage\redhat.java\1.25.1\config_win\org.eclipse.equinox.launcher\org.eclipse.equinox.launcher.win32.win32.x86_64_1.2.800.v20231003-1442;C:\Users\ADMIN\AppData\Local\Temp\jna-62130991

VM Arguments:
jvm_args: --add-modules=ALL-SYSTEM --add-opens=java.base/java.util=ALL-UNNAMED --add-opens=java.base/java.lang=ALL-UNNAMED --add-opens=java.base/sun.nio.fs=ALL-UNNAMED -Declipse.application=org.eclipse.jdt.ls.core.id1 -Dosgi.bundles.defaultStartLevel=4 -Declipse.product=org.eclipse.jdt.ls.core.product -Djava.import.generatesMetadataFilesAtProjectRoot=false -DDetectVMInstallationsJob.disabled=true -Dfile.encoding=utf8 -XX:+UseParallelGC -XX:GCTimeRatio=4 -XX:AdaptiveSizePolicyWeight=90 -Dsun.zip.disableMemoryMapping=true -Xmx1G -Xms100m -Xlog:disable -javaagent:c:\Users\ADMIN\.vscode\extensions\redhat.java-1.25.1-win32-x64\lombok\lombok-1.18.30.jar -XX:+HeapDumpOnOutOfMemoryError -XX:HeapDumpPath=c:\Users\ADMIN\AppData\Roaming\Code\User\workspaceStorage\9ffa03cfc5cea9a6a22057707b167da1\redhat.java -Daether.dependencyCollector.impl=bf 
java_command: c:\Users\ADMIN\.vscode\extensions\redhat.java-1.25.1-win32-x64\server\plugins\org.eclipse.equinox.launcher_1.6.600.v20231106-1826.jar -configuration c:\Users\ADMIN\AppData\Roaming\Code\User\globalStorage\redhat.java\1.25.1\config_win -data c:\Users\ADMIN\AppData\Roaming\Code\User\workspaceStorage\9ffa03cfc5cea9a6a22057707b167da1\redhat.java\jdt_ws --stdio
java_class_path (initial): c:\Users\ADMIN\.vscode\extensions\redhat.java-1.25.1-win32-x64\server\plugins\org.eclipse.equinox.launcher_1.6.600.v20231106-1826.jar
Launcher Type: SUN_STANDARD

[Global flags]
    uintx AdaptiveSizePolicyWeight                 = 90                                        {product} {command line}
     intx CICompilerCount                          = 4                                         {product} {ergonomic}
    uintx GCTimeRatio                              = 4                                         {product} {command line}
     bool HeapDumpOnOutOfMemoryError               = true                                   {manageable} {command line}
    ccstr HeapDumpPath                             = c:\Users\ADMIN\AppData\Roaming\Code\User\workspaceStorage\9ffa03cfc5cea9a6a22057707b167da1\redhat.java         {manageable} {command line}
   size_t InitialHeapSize                          = 104857600                                 {product} {command line}
   size_t MaxHeapSize                              = 1073741824                                {product} {command line}
   size_t MaxNewSize                               = 357564416                                 {product} {ergonomic}
   size_t MinHeapDeltaBytes                        = 524288                                    {product} {ergonomic}
   size_t MinHeapSize                              = 104857600                                 {product} {command line}
   size_t NewSize                                  = 34603008                                  {product} {ergonomic}
    uintx NonNMethodCodeHeapSize                   = 5839372                                {pd product} {ergonomic}
    uintx NonProfiledCodeHeapSize                  = 122909434                              {pd product} {ergonomic}
   size_t OldSize                                  = 70254592                                  {product} {ergonomic}
    uintx ProfiledCodeHeapSize                     = 122909434                              {pd product} {ergonomic}
    uintx ReservedCodeCacheSize                    = 251658240                              {pd product} {ergonomic}
     bool SegmentedCodeCache                       = true                                      {product} {ergonomic}
   size_t SoftMaxHeapSize                          = 1073741824                             {manageable} {ergonomic}
     bool UseCompressedClassPointers               = true                           {product lp64_product} {ergonomic}
     bool UseCompressedOops                        = true                           {product lp64_product} {ergonomic}
     bool UseLargePagesIndividualAllocation        = false                                  {pd product} {ergonomic}
     bool UseParallelGC                            = true                                      {product} {command line}

Logging:
Log output configuration:
 #0: stdout all=off uptime,level,tags
 #1: stderr all=off uptime,level,tags

Environment Variables:
JAVA_HOME=C:\Program Files\Java\jdk-19
PATH=C:\Program Files\Common Files\Oracle\Java\javapath;C:\Windows\system32;C:\Windows;C:\Windows\System32\Wbem;C:\Windows\System32\WindowsPowerShell\v1.0\;C:\Windows\System32\OpenSSH\;C:\Program Files\Java\jdk-19\bin;C:\Program Files\Git\cmd;C:\MinGW\bin;C:\Users\ADMIN\AppData\Roaming\nvm;C:\Program Files\nodejs;C:\Users\ADMIN\AppData\Local\Android\Sdk\platform-tools;C:\Program Files\MySQL\MySQL Shell 8.0\bin\;C:\Users\ADMIN\AppData\Local\Microsoft\WindowsApps;C:\Users\ADMIN\AppData\Local\Programs\Microsoft VS Code\bin;C:\Users\ADMIN\AppData\Local\Programs\Python\Python311;C:\Users\ADMIN\AppData\Local\Programs\Python\Python311\Scripts;C:\Users\ADMIN\AppData\Roaming\npm;C:\Users\ADMIN\AppData\Local\Programs\EmEditor;C:\Users\ADMIN\AppData\Roaming\nvm;C:\Program Files\nodejs;
USERNAME=ADMIN
OS=Windows_NT
PROCESSOR_IDENTIFIER=AMD64 Family 23 Model 96 Stepping 1, AuthenticAMD
TMP=C:\Users\ADMIN\AppData\Local\Temp
TEMP=C:\Users\ADMIN\AppData\Local\Temp



Periodic native trim disabled


---------------  S Y S T E M  ---------------

OS:
 Windows 10 , 64 bit Build 19041 (10.0.19041.1889)
OS uptime: 0 days 5:12 hours

CPU: total 12 (initial active 12) (12 cores per cpu, 2 threads per core) family 23 model 96 stepping 1 microcode 0x0, cx8, cmov, fxsr, ht, mmx, 3dnowpref, sse, sse2, sse3, ssse3, sse4a, sse4.1, sse4.2, popcnt, lzcnt, tsc, tscinvbit, avx, avx2, aes, clmul, bmi1, bmi2, adx, sha, fma, vzeroupper, clflush, clflushopt
Processor Information for all 12 processors :
  Max Mhz: 3000, Current Mhz: 3000, Mhz Limit: 3000

Memory: 4k page, system-wide physical 7579M (1261M free)
TotalPageFile size 11675M (AvailPageFile size 12M)
current process WorkingSet (physical memory assigned to process): 228M, peak: 235M
current process commit charge ("private bytes"): 313M, peak: 320M

vm_info: OpenJDK 64-Bit Server VM (17.0.9+9) for windows-amd64 JRE (17.0.9+9), built on Oct 26 2023 14:01:42 by "admin" with MS VC++ 16.10 / 16.11 (VS2019)

END.
