#
# There is insufficient memory for the Java Runtime Environment to continue.
# Native memory allocation (malloc) failed to allocate 32744 bytes for ChunkPool::allocate
# Possible reasons:
#   The system is out of physical RAM or swap space
#   The process is running with CompressedOops enabled, and the Java Heap may be blocking the growth of the native heap
# Possible solutions:
#   Reduce memory load on the system
#   Increase physical memory or swap space
#   Check if swap backing store is full
#   Decrease Java heap size (-Xmx/-Xms)
#   Decrease number of Java threads
#   Decrease Java thread stack sizes (-Xss)
#   Set larger code cache with -XX:ReservedCodeCacheSize=
#   JVM is running with Unscaled Compressed Oops mode in which the Java heap is
#     placed in the first 4GB address space. The Java Heap base address is the
#     maximum limit for the native heap growth. Please use -XX:HeapBaseMinAddress
#     to set the Java Heap base and to place the Java Heap above 4GB virtual address.
# This output file may be truncated or incomplete.
#
#  Out of Memory Error (arena.cpp:79), pid=2564, tid=8172
#
# JRE version: OpenJDK Runtime Environment Temurin-17.0.9+9 (17.0.9+9) (build 17.0.9+9)
# Java VM: OpenJDK 64-Bit Server VM Temurin-17.0.9+9 (17.0.9+9, mixed mode, tiered, compressed oops, compressed class ptrs, parallel gc, windows-amd64)
# No core dump will be written. Minidumps are not enabled by default on client versions of Windows
#

---------------  S U M M A R Y ------------

Command Line: --add-modules=ALL-SYSTEM --add-opens=java.base/java.util=ALL-UNNAMED --add-opens=java.base/java.lang=ALL-UNNAMED --add-opens=java.base/sun.nio.fs=ALL-UNNAMED -Declipse.application=org.eclipse.jdt.ls.core.id1 -Dosgi.bundles.defaultStartLevel=4 -Declipse.product=org.eclipse.jdt.ls.core.product -Djava.import.generatesMetadataFilesAtProjectRoot=false -DDetectVMInstallationsJob.disabled=true -Dfile.encoding=utf8 -XX:+UseParallelGC -XX:GCTimeRatio=4 -XX:AdaptiveSizePolicyWeight=90 -Dsun.zip.disableMemoryMapping=true -Xmx1G -Xms100m -Xlog:disable -javaagent:c:\Users\ADMIN\.vscode\extensions\redhat.java-1.25.1-win32-x64\lombok\lombok-1.18.30.jar c:\Users\ADMIN\.vscode\extensions\redhat.java-1.25.1-win32-x64\server\plugins\org.eclipse.equinox.launcher_1.6.600.v20231106-1826.jar -configuration c:\Users\ADMIN\AppData\Roaming\Code\User\globalStorage\redhat.java\1.25.1\config_ss_win -data c:\Users\ADMIN\AppData\Roaming\Code\User\workspaceStorage\9ffa03cfc5cea9a6a22057707b167da1\redhat.java\ss_ws --stdio

Host: AMD Ryzen 5 4600H with Radeon Graphics         , 12 cores, 7G,  Windows 10 , 64 bit Build 19041 (10.0.19041.1889)
Time: Sun Jan  7 20:25:03 2024 SE Asia Standard Time elapsed time: 3.759050 seconds (0d 0h 0m 3s)

---------------  T H R E A D  ---------------

Current thread (0x000001a0ddea0a30):  JavaThread "C2 CompilerThread0" daemon [_thread_in_native, id=8172, stack(0x0000002402500000,0x0000002402600000)]


Current CompileTask:
C2:   3759 2298       4       org.lombokweb.asm.ClassReader::readMethod (1066 bytes)

Stack: [0x0000002402500000,0x0000002402600000]
Native frames: (J=compiled Java code, j=interpreted, Vv=VM code, C=native code)
V  [jvm.dll+0x67cf49]
V  [jvm.dll+0x83478a]
V  [jvm.dll+0x83624e]
V  [jvm.dll+0x8368b3]
V  [jvm.dll+0x247f1f]
V  [jvm.dll+0xac65c]
V  [jvm.dll+0xaca8c]
V  [jvm.dll+0x11ef58]
V  [jvm.dll+0x6a68c1]
V  [jvm.dll+0x1bd7ee]
V  [jvm.dll+0x21a709]
V  [jvm.dll+0x2199d1]
V  [jvm.dll+0x1a57cd]
V  [jvm.dll+0x2297ae]
V  [jvm.dll+0x22797c]
V  [jvm.dll+0x7e9877]
V  [jvm.dll+0x7e3c3a]
V  [jvm.dll+0x67be35]
C  [ucrtbase.dll+0x21bb2]
C  [KERNEL32.DLL+0x17034]
C  [ntdll.dll+0x526a1]


---------------  P R O C E S S  ---------------

Threads class SMR info:
_java_thread_list=0x000001a0e01dd370, length=20, elements={
0x000001a0c4cb1630, 0x000001a0d8b49580, 0x000001a0c4d6b6a0, 0x000001a0dde9a270,
0x000001a0dde9b000, 0x000001a0dde9dba0, 0x000001a0dde9f5e0, 0x000001a0ddea0a30,
0x000001a0ddea42a0, 0x000001a0ddeae540, 0x000001a0c4d14d90, 0x000001a0df987ef0,
0x000001a0e00b3a40, 0x000001a0e0263b10, 0x000001a0e03ff9d0, 0x000001a0e024efe0,
0x000001a0e01453a0, 0x000001a0dfe02c30, 0x000001a0dfe01d00, 0x000001a0dfe012e0
}

Java Threads: ( => current thread )
  0x000001a0c4cb1630 JavaThread "main" [_thread_blocked, id=15260, stack(0x0000002401c00000,0x0000002401d00000)]
  0x000001a0d8b49580 JavaThread "Reference Handler" daemon [_thread_blocked, id=9560, stack(0x0000002401f00000,0x0000002402000000)]
  0x000001a0c4d6b6a0 JavaThread "Finalizer" daemon [_thread_blocked, id=2288, stack(0x0000002402000000,0x0000002402100000)]
  0x000001a0dde9a270 JavaThread "Signal Dispatcher" daemon [_thread_blocked, id=14700, stack(0x0000002402100000,0x0000002402200000)]
  0x000001a0dde9b000 JavaThread "Attach Listener" daemon [_thread_blocked, id=1000, stack(0x0000002402200000,0x0000002402300000)]
  0x000001a0dde9dba0 JavaThread "Service Thread" daemon [_thread_blocked, id=14720, stack(0x0000002402300000,0x0000002402400000)]
  0x000001a0dde9f5e0 JavaThread "Monitor Deflation Thread" daemon [_thread_blocked, id=9388, stack(0x0000002402400000,0x0000002402500000)]
=>0x000001a0ddea0a30 JavaThread "C2 CompilerThread0" daemon [_thread_in_native, id=8172, stack(0x0000002402500000,0x0000002402600000)]
  0x000001a0ddea42a0 JavaThread "C1 CompilerThread0" daemon [_thread_blocked, id=7336, stack(0x0000002402600000,0x0000002402700000)]
  0x000001a0ddeae540 JavaThread "Sweeper thread" daemon [_thread_blocked, id=12784, stack(0x0000002402700000,0x0000002402800000)]
  0x000001a0c4d14d90 JavaThread "Common-Cleaner" daemon [_thread_blocked, id=12012, stack(0x0000002402800000,0x0000002402900000)]
  0x000001a0df987ef0 JavaThread "Notification Thread" daemon [_thread_blocked, id=14188, stack(0x0000002402900000,0x0000002402a00000)]
  0x000001a0e00b3a40 JavaThread "Active Thread: Equinox Container: 47ebf264-947a-4084-9a2f-606d10febb6a" [_thread_blocked, id=8156, stack(0x0000002403400000,0x0000002403500000)]
  0x000001a0e0263b10 JavaThread "Framework Event Dispatcher: Equinox Container: 47ebf264-947a-4084-9a2f-606d10febb6a" daemon [_thread_blocked, id=8176, stack(0x0000002403300000,0x0000002403400000)]
  0x000001a0e03ff9d0 JavaThread "Start Level: Equinox Container: 47ebf264-947a-4084-9a2f-606d10febb6a" daemon [_thread_in_vm, id=13324, stack(0x0000002403500000,0x0000002403600000)]
  0x000001a0e024efe0 JavaThread "SCR Component Actor" daemon [_thread_blocked, id=11104, stack(0x0000002403600000,0x0000002403700000)]
  0x000001a0e01453a0 JavaThread "SCR Component Registry" daemon [_thread_blocked, id=3604, stack(0x0000002403800000,0x0000002403900000)]
  0x000001a0dfe02c30 JavaThread "Worker-JM" [_thread_blocked, id=7612, stack(0x0000002403900000,0x0000002403a00000)]
  0x000001a0dfe01d00 JavaThread "Worker-0" [_thread_blocked, id=13528, stack(0x0000002403b00000,0x0000002403c00000)]
  0x000001a0dfe012e0 JavaThread "Worker-1" [_thread_blocked, id=10656, stack(0x0000002403c00000,0x0000002403d00000)]

Other Threads:
  0x000001a0c4d3c830 VMThread "VM Thread" [stack: 0x0000002401e00000,0x0000002401f00000] [id=11548]
  0x000001a0de1af4f0 WatcherThread [stack: 0x0000002402b00000,0x0000002402c00000] [id=8316]
  0x000001a0c4cc7d80 GCTaskThread "GC Thread#0" [stack: 0x0000002401d00000,0x0000002401e00000] [id=14684]
  0x000001a0e00f6ab0 GCTaskThread "GC Thread#1" [stack: 0x0000002402c00000,0x0000002402d00000] [id=3232]
  0x000001a0de1cbde0 GCTaskThread "GC Thread#2" [stack: 0x0000002402d00000,0x0000002402e00000] [id=5940]
  0x000001a0dfbeee90 GCTaskThread "GC Thread#3" [stack: 0x0000002402e00000,0x0000002402f00000] [id=14072]
  0x000001a0dfd00e00 GCTaskThread "GC Thread#4" [stack: 0x0000002402f00000,0x0000002403000000] [id=14428]
  0x000001a0de1cc900 GCTaskThread "GC Thread#5" [stack: 0x0000002403000000,0x0000002403100000] [id=6208]
  0x000001a0dff9d830 GCTaskThread "GC Thread#6" [stack: 0x0000002403100000,0x0000002403200000] [id=14932]
  0x000001a0dffc6990 GCTaskThread "GC Thread#7" [stack: 0x0000002403700000,0x0000002403800000] [id=15244]
  0x000001a0e015d170 GCTaskThread "GC Thread#8" [stack: 0x0000002403200000,0x0000002403300000] [id=12608]
  0x000001a0e01f29b0 GCTaskThread "GC Thread#9" [stack: 0x0000002403a00000,0x0000002403b00000] [id=2668]

Threads with active compile tasks:
C2 CompilerThread0     3772 2298       4       org.lombokweb.asm.ClassReader::readMethod (1066 bytes)

VM state: not at safepoint (normal execution)

VM Mutex/Monitor currently owned by a thread: None

Heap address: 0x00000000c0000000, size: 1024 MB, Compressed Oops mode: 32-bit

CDS archive(s) not mapped
Compressed class space mapped at: 0x0000000100000000-0x0000000140000000, reserved size: 1073741824
Narrow klass base: 0x0000000000000000, Narrow klass shift: 3, Narrow klass range: 0x140000000

GC Precious Log:
 CPUs: 12 total, 12 available
 Memory: 7579M
 Large Page Support: Disabled
 NUMA Support: Disabled
 Compressed Oops: Enabled (32-bit)
 Alignments: Space 512K, Generation 512K, Heap 2M
 Heap Min Capacity: 100M
 Heap Initial Capacity: 100M
 Heap Max Capacity: 1G
 Pre-touch: Disabled
 Parallel Workers: 10

Heap:
 PSYoungGen      total 26112K, used 3142K [0x00000000eab00000, 0x00000000ec780000, 0x0000000100000000)
  eden space 24576K, 6% used [0x00000000eab00000,0x00000000eac9dd78,0x00000000ec300000)
  from space 1536K, 96% used [0x00000000ec600000,0x00000000ec773d00,0x00000000ec780000)
  to   space 2048K, 0% used [0x00000000ec380000,0x00000000ec380000,0x00000000ec580000)
 ParOldGen       total 68608K, used 6613K [0x00000000c0000000, 0x00000000c4300000, 0x00000000eab00000)
  object space 68608K, 9% used [0x00000000c0000000,0x00000000c0675610,0x00000000c4300000)
 Metaspace       used 27675K, committed 28224K, reserved 1114112K
  class space    used 2678K, committed 2944K, reserved 1048576K

Card table byte_map: [0x000001a0c4650000,0x000001a0c4860000] _byte_map_base: 0x000001a0c4050000

Marking Bits: (ParMarkBitMap*) 0x00007ff956b9d0b0
 Begin Bits: [0x000001a0d6950000, 0x000001a0d7950000)
 End Bits:   [0x000001a0d7950000, 0x000001a0d8950000)

Polling page: 0x000001a0c29c0000

Metaspace:

Usage:
  Non-class:     24.41 MB used.
      Class:      2.62 MB used.
       Both:     27.03 MB used.

Virtual space:
  Non-class space:       64.00 MB reserved,      24.69 MB ( 39%) committed,  1 nodes.
      Class space:        1.00 GB reserved,       2.88 MB ( <1%) committed,  1 nodes.
             Both:        1.06 GB reserved,      27.56 MB (  3%) committed. 

Chunk freelists:
   Non-Class:  6.73 MB
       Class:  12.99 MB
        Both:  19.72 MB

MaxMetaspaceSize: unlimited
CompressedClassSpaceSize: 1.00 GB
Initial GC threshold: 21.00 MB
Current GC threshold: 35.00 MB
CDS: off
MetaspaceReclaimPolicy: balanced
 - commit_granule_bytes: 65536.
 - commit_granule_words: 8192.
 - virtual_space_node_default_size: 8388608.
 - enlarge_chunks_in_place: 1.
 - new_chunks_are_fully_committed: 0.
 - uncommit_free_chunks: 1.
 - use_allocation_guard: 0.
 - handle_deallocations: 1.


Internal statistics:

num_allocs_failed_limit: 3.
num_arena_births: 282.
num_arena_deaths: 14.
num_vsnodes_births: 2.
num_vsnodes_deaths: 0.
num_space_committed: 441.
num_space_uncommitted: 0.
num_chunks_returned_to_freelist: 17.
num_chunks_taken_from_freelist: 1039.
num_chunk_merges: 4.
num_chunk_splits: 687.
num_chunks_enlarged: 474.
num_inconsistent_stats: 0.

CodeHeap 'non-profiled nmethods': size=120000Kb used=984Kb max_used=984Kb free=119016Kb
 bounds [0x000001a0cf420000, 0x000001a0cf690000, 0x000001a0d6950000]
CodeHeap 'profiled nmethods': size=120000Kb used=4790Kb max_used=4790Kb free=115209Kb
 bounds [0x000001a0c7950000, 0x000001a0c7e00000, 0x000001a0cee80000]
CodeHeap 'non-nmethods': size=5760Kb used=1228Kb max_used=1248Kb free=4531Kb
 bounds [0x000001a0cee80000, 0x000001a0cf0f0000, 0x000001a0cf420000]
 total_blobs=2941 nmethods=2399 adapters=456
 compilation: enabled
              stopped_count=0, restarted_count=0
 full_count=0

Compilation events (20 events):
Event: 3.272 Thread 0x000001a0ddea42a0 nmethod 2392 0x000001a0c7df5710 code [0x000001a0c7df5960, 0x000001a0c7df6038]
Event: 3.272 Thread 0x000001a0ddea42a0 2395       3       java.lang.Character::toUpperCase (9 bytes)
Event: 3.273 Thread 0x000001a0ddea42a0 nmethod 2395 0x000001a0c7df6490 code [0x000001a0c7df6640, 0x000001a0c7df6838]
Event: 3.273 Thread 0x000001a0ddea42a0 2394       3       java.lang.Character::toUpperCase (6 bytes)
Event: 3.273 Thread 0x000001a0ddea42a0 nmethod 2394 0x000001a0c7df6910 code [0x000001a0c7df6ac0, 0x000001a0c7df6d18]
Event: 3.273 Thread 0x000001a0ddea42a0 2393       3       java.util.TreeMap::leftOf (13 bytes)
Event: 3.273 Thread 0x000001a0ddea42a0 nmethod 2393 0x000001a0c7df6e10 code [0x000001a0c7df6fa0, 0x000001a0c7df7118]
Event: 3.315 Thread 0x000001a0e05c6410 nmethod 2303 0x000001a0cf509d10 code [0x000001a0cf50a3a0, 0x000001a0cf50d948]
Event: 3.316 Thread 0x000001a0e05c6410 2356       4       java.util.Properties$LineReader::readLine (584 bytes)
Event: 3.328 Thread 0x000001a0e05c6410 nmethod 2356 0x000001a0cf510190 code [0x000001a0cf510360, 0x000001a0cf511138]
Event: 3.328 Thread 0x000001a0e05c6410 2304       4       org.lombokweb.asm.MethodWriter::canCopyMethodAttributes (163 bytes)
Event: 3.331 Thread 0x000001a0e05c6410 nmethod 2304 0x000001a0cf511990 code [0x000001a0cf511b20, 0x000001a0cf511e98]
Event: 3.331 Thread 0x000001a0e05c6410 2305       4       org.lombokweb.asm.MethodVisitor::<init> (94 bytes)
Event: 3.332 Thread 0x000001a0e05c6410 nmethod 2305 0x000001a0cf512210 code [0x000001a0cf512380, 0x000001a0cf512438]
Event: 3.332 Thread 0x000001a0e05c6410 2311       4       org.lombokweb.asm.ClassWriter::visitMethod (57 bytes)
Event: 3.360 Thread 0x000001a0ddea42a0 2396       1       org.eclipse.core.internal.jobs.InternalJob::previous (5 bytes)
Event: 3.360 Thread 0x000001a0ddea42a0 nmethod 2396 0x000001a0cf512510 code [0x000001a0cf5126a0, 0x000001a0cf512778]
Event: 3.385 Thread 0x000001a0e05c6410 nmethod 2311 0x000001a0cf512810 code [0x000001a0cf512ae0, 0x000001a0cf514758]
Event: 3.411 Thread 0x000001a0ddea42a0 2397       1       java.util.concurrent.atomic.AtomicReference::set (6 bytes)
Event: 3.411 Thread 0x000001a0ddea42a0 nmethod 2397 0x000001a0cf515a10 code [0x000001a0cf515ba0, 0x000001a0cf515c78]

GC Heap History (14 events):
Event: 1.120 GC heap before
{Heap before GC invocations=1 (full 0):
 PSYoungGen      total 29696K, used 25600K [0x00000000eab00000, 0x00000000ecc00000, 0x0000000100000000)
  eden space 25600K, 100% used [0x00000000eab00000,0x00000000ec400000,0x00000000ec400000)
  from space 4096K, 0% used [0x00000000ec800000,0x00000000ec800000,0x00000000ecc00000)
  to   space 4096K, 0% used [0x00000000ec400000,0x00000000ec400000,0x00000000ec800000)
 ParOldGen       total 68608K, used 0K [0x00000000c0000000, 0x00000000c4300000, 0x00000000eab00000)
  object space 68608K, 0% used [0x00000000c0000000,0x00000000c0000000,0x00000000c4300000)
 Metaspace       used 11008K, committed 11200K, reserved 1114112K
  class space    used 1098K, committed 1216K, reserved 1048576K
}
Event: 1.128 GC heap after
{Heap after GC invocations=1 (full 0):
 PSYoungGen      total 29696K, used 3204K [0x00000000eab00000, 0x00000000ecc00000, 0x0000000100000000)
  eden space 25600K, 0% used [0x00000000eab00000,0x00000000eab00000,0x00000000ec400000)
  from space 4096K, 78% used [0x00000000ec400000,0x00000000ec7211f0,0x00000000ec800000)
  to   space 4096K, 0% used [0x00000000ec800000,0x00000000ec800000,0x00000000ecc00000)
 ParOldGen       total 68608K, used 16K [0x00000000c0000000, 0x00000000c4300000, 0x00000000eab00000)
  object space 68608K, 0% used [0x00000000c0000000,0x00000000c0004000,0x00000000c4300000)
 Metaspace       used 11008K, committed 11200K, reserved 1114112K
  class space    used 1098K, committed 1216K, reserved 1048576K
}
Event: 1.883 GC heap before
{Heap before GC invocations=2 (full 0):
 PSYoungGen      total 29696K, used 28804K [0x00000000eab00000, 0x00000000ecc00000, 0x0000000100000000)
  eden space 25600K, 100% used [0x00000000eab00000,0x00000000ec400000,0x00000000ec400000)
  from space 4096K, 78% used [0x00000000ec400000,0x00000000ec7211f0,0x00000000ec800000)
  to   space 4096K, 0% used [0x00000000ec800000,0x00000000ec800000,0x00000000ecc00000)
 ParOldGen       total 68608K, used 16K [0x00000000c0000000, 0x00000000c4300000, 0x00000000eab00000)
  object space 68608K, 0% used [0x00000000c0000000,0x00000000c0004000,0x00000000c4300000)
 Metaspace       used 15086K, committed 15360K, reserved 1114112K
  class space    used 1531K, committed 1664K, reserved 1048576K
}
Event: 1.889 GC heap after
{Heap after GC invocations=2 (full 0):
 PSYoungGen      total 29696K, used 4089K [0x00000000eab00000, 0x00000000ecc00000, 0x0000000100000000)
  eden space 25600K, 0% used [0x00000000eab00000,0x00000000eab00000,0x00000000ec400000)
  from space 4096K, 99% used [0x00000000ec800000,0x00000000ecbfe468,0x00000000ecc00000)
  to   space 4096K, 0% used [0x00000000ec400000,0x00000000ec400000,0x00000000ec800000)
 ParOldGen       total 68608K, used 710K [0x00000000c0000000, 0x00000000c4300000, 0x00000000eab00000)
  object space 68608K, 1% used [0x00000000c0000000,0x00000000c00b1830,0x00000000c4300000)
 Metaspace       used 15086K, committed 15360K, reserved 1114112K
  class space    used 1531K, committed 1664K, reserved 1048576K
}
Event: 2.604 GC heap before
{Heap before GC invocations=3 (full 0):
 PSYoungGen      total 29696K, used 29689K [0x00000000eab00000, 0x00000000ecc00000, 0x0000000100000000)
  eden space 25600K, 100% used [0x00000000eab00000,0x00000000ec400000,0x00000000ec400000)
  from space 4096K, 99% used [0x00000000ec800000,0x00000000ecbfe468,0x00000000ecc00000)
  to   space 4096K, 0% used [0x00000000ec400000,0x00000000ec400000,0x00000000ec800000)
 ParOldGen       total 68608K, used 710K [0x00000000c0000000, 0x00000000c4300000, 0x00000000eab00000)
  object space 68608K, 1% used [0x00000000c0000000,0x00000000c00b1830,0x00000000c4300000)
 Metaspace       used 20107K, committed 20480K, reserved 1114112K
  class space    used 2055K, committed 2240K, reserved 1048576K
}
Event: 2.610 GC heap after
{Heap after GC invocations=3 (full 0):
 PSYoungGen      total 29696K, used 4071K [0x00000000eab00000, 0x00000000ecc00000, 0x0000000100000000)
  eden space 25600K, 0% used [0x00000000eab00000,0x00000000eab00000,0x00000000ec400000)
  from space 4096K, 99% used [0x00000000ec400000,0x00000000ec7f9c00,0x00000000ec800000)
  to   space 4096K, 0% used [0x00000000ec800000,0x00000000ec800000,0x00000000ecc00000)
 ParOldGen       total 68608K, used 2542K [0x00000000c0000000, 0x00000000c4300000, 0x00000000eab00000)
  object space 68608K, 3% used [0x00000000c0000000,0x00000000c027ba20,0x00000000c4300000)
 Metaspace       used 20107K, committed 20480K, reserved 1114112K
  class space    used 2055K, committed 2240K, reserved 1048576K
}
Event: 2.764 GC heap before
{Heap before GC invocations=4 (full 0):
 PSYoungGen      total 29696K, used 9943K [0x00000000eab00000, 0x00000000ecc00000, 0x0000000100000000)
  eden space 25600K, 22% used [0x00000000eab00000,0x00000000eb0bc2c0,0x00000000ec400000)
  from space 4096K, 99% used [0x00000000ec400000,0x00000000ec7f9c00,0x00000000ec800000)
  to   space 4096K, 0% used [0x00000000ec800000,0x00000000ec800000,0x00000000ecc00000)
 ParOldGen       total 68608K, used 2542K [0x00000000c0000000, 0x00000000c4300000, 0x00000000eab00000)
  object space 68608K, 3% used [0x00000000c0000000,0x00000000c027ba20,0x00000000c4300000)
 Metaspace       used 21086K, committed 21504K, reserved 1114112K
  class space    used 2160K, committed 2368K, reserved 1048576K
}
Event: 2.768 GC heap after
{Heap after GC invocations=4 (full 0):
 PSYoungGen      total 29696K, used 4077K [0x00000000eab00000, 0x00000000ecc00000, 0x0000000100000000)
  eden space 25600K, 0% used [0x00000000eab00000,0x00000000eab00000,0x00000000ec400000)
  from space 4096K, 99% used [0x00000000ec800000,0x00000000ecbfb7b8,0x00000000ecc00000)
  to   space 4096K, 0% used [0x00000000ec400000,0x00000000ec400000,0x00000000ec800000)
 ParOldGen       total 68608K, used 2735K [0x00000000c0000000, 0x00000000c4300000, 0x00000000eab00000)
  object space 68608K, 3% used [0x00000000c0000000,0x00000000c02abdd8,0x00000000c4300000)
 Metaspace       used 21086K, committed 21504K, reserved 1114112K
  class space    used 2160K, committed 2368K, reserved 1048576K
}
Event: 2.768 GC heap before
{Heap before GC invocations=5 (full 1):
 PSYoungGen      total 29696K, used 4077K [0x00000000eab00000, 0x00000000ecc00000, 0x0000000100000000)
  eden space 25600K, 0% used [0x00000000eab00000,0x00000000eab00000,0x00000000ec400000)
  from space 4096K, 99% used [0x00000000ec800000,0x00000000ecbfb7b8,0x00000000ecc00000)
  to   space 4096K, 0% used [0x00000000ec400000,0x00000000ec400000,0x00000000ec800000)
 ParOldGen       total 68608K, used 2735K [0x00000000c0000000, 0x00000000c4300000, 0x00000000eab00000)
  object space 68608K, 3% used [0x00000000c0000000,0x00000000c02abdd8,0x00000000c4300000)
 Metaspace       used 21086K, committed 21504K, reserved 1114112K
  class space    used 2160K, committed 2368K, reserved 1048576K
}
Event: 2.791 GC heap after
{Heap after GC invocations=5 (full 1):
 PSYoungGen      total 29696K, used 0K [0x00000000eab00000, 0x00000000ecc00000, 0x0000000100000000)
  eden space 25600K, 0% used [0x00000000eab00000,0x00000000eab00000,0x00000000ec400000)
  from space 4096K, 0% used [0x00000000ec800000,0x00000000ec800000,0x00000000ecc00000)
  to   space 4096K, 0% used [0x00000000ec400000,0x00000000ec400000,0x00000000ec800000)
 ParOldGen       total 68608K, used 6597K [0x00000000c0000000, 0x00000000c4300000, 0x00000000eab00000)
  object space 68608K, 9% used [0x00000000c0000000,0x00000000c0671610,0x00000000c4300000)
 Metaspace       used 21073K, committed 21504K, reserved 1114112K
  class space    used 2157K, committed 2368K, reserved 1048576K
}
Event: 3.052 GC heap before
{Heap before GC invocations=6 (full 1):
 PSYoungGen      total 29696K, used 25600K [0x00000000eab00000, 0x00000000ecc00000, 0x0000000100000000)
  eden space 25600K, 100% used [0x00000000eab00000,0x00000000ec400000,0x00000000ec400000)
  from space 4096K, 0% used [0x00000000ec800000,0x00000000ec800000,0x00000000ecc00000)
  to   space 4096K, 0% used [0x00000000ec400000,0x00000000ec400000,0x00000000ec800000)
 ParOldGen       total 68608K, used 6597K [0x00000000c0000000, 0x00000000c4300000, 0x00000000eab00000)
  object space 68608K, 9% used [0x00000000c0000000,0x00000000c0671610,0x00000000c4300000)
 Metaspace       used 24530K, committed 25024K, reserved 1114112K
  class space    used 2409K, committed 2624K, reserved 1048576K
}
Event: 3.054 GC heap after
{Heap after GC invocations=6 (full 1):
 PSYoungGen      total 26112K, used 747K [0x00000000eab00000, 0x00000000ec880000, 0x0000000100000000)
  eden space 25088K, 0% used [0x00000000eab00000,0x00000000eab00000,0x00000000ec380000)
  from space 1024K, 73% used [0x00000000ec400000,0x00000000ec4baee0,0x00000000ec500000)
  to   space 2560K, 0% used [0x00000000ec600000,0x00000000ec600000,0x00000000ec880000)
 ParOldGen       total 68608K, used 6605K [0x00000000c0000000, 0x00000000c4300000, 0x00000000eab00000)
  object space 68608K, 9% used [0x00000000c0000000,0x00000000c0673610,0x00000000c4300000)
 Metaspace       used 24530K, committed 25024K, reserved 1114112K
  class space    used 2409K, committed 2624K, reserved 1048576K
}
Event: 3.264 GC heap before
{Heap before GC invocations=7 (full 1):
 PSYoungGen      total 26112K, used 25835K [0x00000000eab00000, 0x00000000ec880000, 0x0000000100000000)
  eden space 25088K, 100% used [0x00000000eab00000,0x00000000ec380000,0x00000000ec380000)
  from space 1024K, 73% used [0x00000000ec400000,0x00000000ec4baee0,0x00000000ec500000)
  to   space 2560K, 0% used [0x00000000ec600000,0x00000000ec600000,0x00000000ec880000)
 ParOldGen       total 68608K, used 6605K [0x00000000c0000000, 0x00000000c4300000, 0x00000000eab00000)
  object space 68608K, 9% used [0x00000000c0000000,0x00000000c0673610,0x00000000c4300000)
 Metaspace       used 27354K, committed 27840K, reserved 1114112K
  class space    used 2643K, committed 2880K, reserved 1048576K
}
Event: 3.265 GC heap after
{Heap after GC invocations=7 (full 1):
 PSYoungGen      total 26112K, used 1487K [0x00000000eab00000, 0x00000000ec780000, 0x0000000100000000)
  eden space 24576K, 0% used [0x00000000eab00000,0x00000000eab00000,0x00000000ec300000)
  from space 1536K, 96% used [0x00000000ec600000,0x00000000ec773d00,0x00000000ec780000)
  to   space 2048K, 0% used [0x00000000ec380000,0x00000000ec380000,0x00000000ec580000)
 ParOldGen       total 68608K, used 6613K [0x00000000c0000000, 0x00000000c4300000, 0x00000000eab00000)
  object space 68608K, 9% used [0x00000000c0000000,0x00000000c0675610,0x00000000c4300000)
 Metaspace       used 27354K, committed 27840K, reserved 1114112K
  class space    used 2643K, committed 2880K, reserved 1048576K
}

Dll operation events (9 events):
Event: 0.010 Loaded shared library c:\Users\ADMIN\.vscode\extensions\redhat.java-1.25.1-win32-x64\jre\17.0.9-win32-x86_64\bin\java.dll
Event: 0.189 Loaded shared library c:\Users\ADMIN\.vscode\extensions\redhat.java-1.25.1-win32-x64\jre\17.0.9-win32-x86_64\bin\zip.dll
Event: 0.192 Loaded shared library C:\Users\ADMIN\.vscode\extensions\redhat.java-1.25.1-win32-x64\jre\17.0.9-win32-x86_64\bin\instrument.dll
Event: 0.204 Loaded shared library C:\Users\ADMIN\.vscode\extensions\redhat.java-1.25.1-win32-x64\jre\17.0.9-win32-x86_64\bin\net.dll
Event: 0.440 Loaded shared library C:\Users\ADMIN\.vscode\extensions\redhat.java-1.25.1-win32-x64\jre\17.0.9-win32-x86_64\bin\nio.dll
Event: 0.446 Loaded shared library C:\Users\ADMIN\.vscode\extensions\redhat.java-1.25.1-win32-x64\jre\17.0.9-win32-x86_64\bin\zip.dll
Event: 0.460 Loaded shared library C:\Users\ADMIN\.vscode\extensions\redhat.java-1.25.1-win32-x64\jre\17.0.9-win32-x86_64\bin\jimage.dll
Event: 0.528 Loaded shared library c:\Users\ADMIN\.vscode\extensions\redhat.java-1.25.1-win32-x64\jre\17.0.9-win32-x86_64\bin\verify.dll
Event: 1.652 Loaded shared library C:\Users\ADMIN\AppData\Roaming\Code\User\globalStorage\redhat.java\1.25.1\config_ss_win\org.eclipse.equinox.launcher\org.eclipse.equinox.launcher.win32.win32.x86_64_1.2.800.v20231003-1442\eclipse_11802.dll

Deoptimization events (20 events):
Event: 3.271 Thread 0x000001a0e03ff9d0 Uncommon trap: trap_request=0xffffffc6 fr.pc=0x000001a0cf4ac2fc relative=0x000000000000093c
Event: 3.271 Thread 0x000001a0e03ff9d0 Uncommon trap: reason=bimorphic_or_optimized_type_check action=maybe_recompile pc=0x000001a0cf4ac2fc method=java.util.HashMap.putVal(ILjava/lang/Object;Ljava/lang/Object;ZZ)Ljava/lang/Object; @ 56 c2
Event: 3.271 Thread 0x000001a0e03ff9d0 DEOPT PACKING pc=0x000001a0cf4ac2fc sp=0x00000024035fdf80
Event: 3.271 Thread 0x000001a0e03ff9d0 DEOPT UNPACKING pc=0x000001a0ceed66a3 sp=0x00000024035fded8 mode 2
Event: 3.271 Thread 0x000001a0e03ff9d0 Uncommon trap: trap_request=0xffffffc6 fr.pc=0x000001a0cf4ac2fc relative=0x000000000000093c
Event: 3.271 Thread 0x000001a0e03ff9d0 Uncommon trap: reason=bimorphic_or_optimized_type_check action=maybe_recompile pc=0x000001a0cf4ac2fc method=java.util.HashMap.putVal(ILjava/lang/Object;Ljava/lang/Object;ZZ)Ljava/lang/Object; @ 56 c2
Event: 3.271 Thread 0x000001a0e03ff9d0 DEOPT PACKING pc=0x000001a0cf4ac2fc sp=0x00000024035fdf80
Event: 3.271 Thread 0x000001a0e03ff9d0 DEOPT UNPACKING pc=0x000001a0ceed66a3 sp=0x00000024035fded8 mode 2
Event: 3.271 Thread 0x000001a0e03ff9d0 Uncommon trap: trap_request=0xffffffc6 fr.pc=0x000001a0cf4ac2fc relative=0x000000000000093c
Event: 3.271 Thread 0x000001a0e03ff9d0 Uncommon trap: reason=bimorphic_or_optimized_type_check action=maybe_recompile pc=0x000001a0cf4ac2fc method=java.util.HashMap.putVal(ILjava/lang/Object;Ljava/lang/Object;ZZ)Ljava/lang/Object; @ 56 c2
Event: 3.271 Thread 0x000001a0e03ff9d0 DEOPT PACKING pc=0x000001a0cf4ac2fc sp=0x00000024035fdf80
Event: 3.271 Thread 0x000001a0e03ff9d0 DEOPT UNPACKING pc=0x000001a0ceed66a3 sp=0x00000024035fded8 mode 2
Event: 3.271 Thread 0x000001a0e03ff9d0 Uncommon trap: trap_request=0xffffffc6 fr.pc=0x000001a0cf4ac334 relative=0x0000000000000974
Event: 3.271 Thread 0x000001a0e03ff9d0 Uncommon trap: reason=bimorphic_or_optimized_type_check action=maybe_recompile pc=0x000001a0cf4ac334 method=java.util.HashMap.putVal(ILjava/lang/Object;Ljava/lang/Object;ZZ)Ljava/lang/Object; @ 152 c2
Event: 3.271 Thread 0x000001a0e03ff9d0 DEOPT PACKING pc=0x000001a0cf4ac334 sp=0x00000024035fdf80
Event: 3.271 Thread 0x000001a0e03ff9d0 DEOPT UNPACKING pc=0x000001a0ceed66a3 sp=0x00000024035fdee0 mode 2
Event: 3.271 Thread 0x000001a0e03ff9d0 Uncommon trap: trap_request=0xffffffc6 fr.pc=0x000001a0cf4ac2fc relative=0x000000000000093c
Event: 3.271 Thread 0x000001a0e03ff9d0 Uncommon trap: reason=bimorphic_or_optimized_type_check action=maybe_recompile pc=0x000001a0cf4ac2fc method=java.util.HashMap.putVal(ILjava/lang/Object;Ljava/lang/Object;ZZ)Ljava/lang/Object; @ 56 c2
Event: 3.271 Thread 0x000001a0e03ff9d0 DEOPT PACKING pc=0x000001a0cf4ac2fc sp=0x00000024035fdf80
Event: 3.271 Thread 0x000001a0e03ff9d0 DEOPT UNPACKING pc=0x000001a0ceed66a3 sp=0x00000024035fded8 mode 2

Classes unloaded (7 events):
Event: 2.771 Thread 0x000001a0c4d3c830 Unloading class 0x000000010021a000 'java/lang/invoke/LambdaForm$MH+0x000000010021a000'
Event: 2.771 Thread 0x000001a0c4d3c830 Unloading class 0x0000000100219c00 'java/lang/invoke/LambdaForm$MH+0x0000000100219c00'
Event: 2.771 Thread 0x000001a0c4d3c830 Unloading class 0x0000000100219800 'java/lang/invoke/LambdaForm$MH+0x0000000100219800'
Event: 2.771 Thread 0x000001a0c4d3c830 Unloading class 0x0000000100219400 'java/lang/invoke/LambdaForm$MH+0x0000000100219400'
Event: 2.771 Thread 0x000001a0c4d3c830 Unloading class 0x0000000100219000 'java/lang/invoke/LambdaForm$BMH+0x0000000100219000'
Event: 2.771 Thread 0x000001a0c4d3c830 Unloading class 0x0000000100218c00 'java/lang/invoke/LambdaForm$DMH+0x0000000100218c00'
Event: 2.771 Thread 0x000001a0c4d3c830 Unloading class 0x0000000100216000 'java/lang/invoke/LambdaForm$DMH+0x0000000100216000'

Classes redefined (0 events):
No events

Internal exceptions (20 events):
Event: 2.379 Thread 0x000001a0e03ff9d0 Exception <a 'java/lang/NoSuchMethodError'{0x00000000ebe51ef8}: 'java.lang.Object java.lang.invoke.DelegatingMethodHandle$Holder.reinvoke_L(java.lang.Object, java.lang.Object, java.lang.Object, java.lang.Object, int, int)'> (0x00000000ebe51ef8) 
thrown [s\src\hotspot\share\interpreter\linkResolver.cpp, line 759]
Event: 2.383 Thread 0x000001a0e03ff9d0 Exception <a 'java/lang/NoSuchMethodError'{0x00000000ebe664c8}: 'java.lang.Object java.lang.invoke.Invokers$Holder.invokeExact_MT(java.lang.Object, java.lang.Object, java.lang.Object, java.lang.Object)'> (0x00000000ebe664c8) 
thrown [s\src\hotspot\share\interpreter\linkResolver.cpp, line 759]
Event: 2.502 Thread 0x000001a0e03ff9d0 Exception <a 'java/io/FileNotFoundException'{0x00000000ec0d7e90}> (0x00000000ec0d7e90) 
thrown [s\src\hotspot\share\prims\jni.cpp, line 516]
Event: 2.585 Thread 0x000001a0e03ff9d0 Exception <a 'java/lang/NoSuchMethodError'{0x00000000ec362788}: 'java.lang.Object java.lang.invoke.DirectMethodHandle$Holder.newInvokeSpecial(java.lang.Object, java.lang.Object, java.lang.Object, java.lang.Object, java.lang.Object)'> (0x00000000ec362788) 
thrown [s\src\hotspot\share\interpreter\linkResolver.cpp, line 759]
Event: 2.682 Thread 0x000001a0e03ff9d0 Exception <a 'java/lang/NoSuchMethodError'{0x00000000eadbb7c8}: 'java.lang.Object java.lang.invoke.DirectMethodHandle$Holder.invokeSpecial(java.lang.Object, java.lang.Object, java.lang.Object, long, java.lang.Object)'> (0x00000000eadbb7c8) 
thrown [s\src\hotspot\share\interpreter\linkResolver.cpp, line 759]
Event: 2.684 Thread 0x000001a0e03ff9d0 Exception <a 'java/lang/NoSuchMethodError'{0x00000000eadc3980}: 'java.lang.Object java.lang.invoke.DirectMethodHandle$Holder.newInvokeSpecial(java.lang.Object, java.lang.Object, java.lang.Object, long)'> (0x00000000eadc3980) 
thrown [s\src\hotspot\share\interpreter\linkResolver.cpp, line 759]
Event: 2.684 Thread 0x000001a0e03ff9d0 Exception <a 'java/lang/NoSuchMethodError'{0x00000000eadc7f20}: 'java.lang.Object java.lang.invoke.DirectMethodHandle$Holder.invokeSpecial(java.lang.Object, java.lang.Object, java.lang.Object, java.lang.Object, long)'> (0x00000000eadc7f20) 
thrown [s\src\hotspot\share\interpreter\linkResolver.cpp, line 759]
Event: 2.685 Thread 0x000001a0e03ff9d0 Exception <a 'java/lang/NoSuchMethodError'{0x00000000eadcbd98}: 'java.lang.Object java.lang.invoke.Invokers$Holder.linkToTargetMethod(java.lang.Object, java.lang.Object, long, java.lang.Object)'> (0x00000000eadcbd98) 
thrown [s\src\hotspot\share\interpreter\linkResolver.cpp, line 759]
Event: 2.698 Thread 0x000001a0e03ff9d0 Exception <a 'java/lang/NoSuchMethodError'{0x00000000eae25e40}: 'int java.lang.invoke.DirectMethodHandle$Holder.invokeStaticInit(java.lang.Object, java.lang.Object, java.lang.Object)'> (0x00000000eae25e40) 
thrown [s\src\hotspot\share\interpreter\linkResolver.cpp, line 759]
Event: 2.710 Thread 0x000001a0e03ff9d0 Exception <a 'java/lang/IncompatibleClassChangeError'{0x00000000eaecb3d0}: Found class java.lang.Object, but interface was expected> (0x00000000eaecb3d0) 
thrown [s\src\hotspot\share\interpreter\linkResolver.cpp, line 826]
Event: 2.719 Thread 0x000001a0e03ff9d0 Exception <a 'java/lang/NoSuchMethodError'{0x00000000eaee50f8}: 'java.lang.Object java.lang.invoke.DirectMethodHandle$Holder.invokeSpecial(java.lang.Object, java.lang.Object, java.lang.Object, int, java.lang.Object, java.lang.Object)'> (0x00000000eaee50f8) 
thrown [s\src\hotspot\share\interpreter\linkResolver.cpp, line 759]
Event: 2.721 Thread 0x000001a0e03ff9d0 Exception <a 'java/lang/NoSuchMethodError'{0x00000000eaeed880}: 'java.lang.Object java.lang.invoke.DirectMethodHandle$Holder.newInvokeSpecial(java.lang.Object, java.lang.Object, java.lang.Object, int, java.lang.Object)'> (0x00000000eaeed880) 
thrown [s\src\hotspot\share\interpreter\linkResolver.cpp, line 759]
Event: 2.722 Thread 0x000001a0e03ff9d0 Exception <a 'java/lang/NoSuchMethodError'{0x00000000eaef1cd8}: 'java.lang.Object java.lang.invoke.DirectMethodHandle$Holder.invokeSpecial(java.lang.Object, java.lang.Object, java.lang.Object, java.lang.Object, int, java.lang.Object)'> (0x00000000eaef1cd8) 
thrown [s\src\hotspot\share\interpreter\linkResolver.cpp, line 759]
Event: 2.725 Thread 0x000001a0dfe01d00 Exception <a 'java/lang/NoSuchMethodError'{0x00000000eae28070}: 'java.lang.Object java.lang.invoke.DirectMethodHandle$Holder.invokeSpecial(java.lang.Object, java.lang.Object, int, java.lang.Object, java.lang.Object)'> (0x00000000eae28070) 
thrown [s\src\hotspot\share\interpreter\linkResolver.cpp, line 759]
Event: 2.726 Thread 0x000001a0dfe01d00 Exception <a 'java/lang/NoSuchMethodError'{0x00000000eae2f740}: 'java.lang.Object java.lang.invoke.DirectMethodHandle$Holder.newInvokeSpecial(java.lang.Object, java.lang.Object, int, java.lang.Object)'> (0x00000000eae2f740) 
thrown [s\src\hotspot\share\interpreter\linkResolver.cpp, line 759]
Event: 2.726 Thread 0x000001a0dfe01d00 Exception <a 'java/lang/NoSuchMethodError'{0x00000000eae33250}: 'java.lang.Object java.lang.invoke.DirectMethodHandle$Holder.invokeSpecial(java.lang.Object, java.lang.Object, java.lang.Object, int, java.lang.Object)'> (0x00000000eae33250) 
thrown [s\src\hotspot\share\interpreter\linkResolver.cpp, line 759]
Event: 3.232 Thread 0x000001a0e03ff9d0 Exception <a 'java/lang/ClassNotFoundException'{0x00000000ec1f6c18}: com/sun/org/apache/xerces/internal/impl/msg/spi/DOMMessagesProvider> (0x00000000ec1f6c18) 
thrown [s\src\hotspot\share\classfile\systemDictionary.cpp, line 256]
Event: 3.239 Thread 0x000001a0e03ff9d0 Exception <a 'java/lang/ClassNotFoundException'{0x00000000ec222fb8}: com/sun/org/apache/xerces/internal/impl/msg/spi/XMLSerializerMessagesProvider> (0x00000000ec222fb8) 
thrown [s\src\hotspot\share\classfile\systemDictionary.cpp, line 256]
Event: 3.242 Thread 0x000001a0e03ff9d0 Exception <a 'java/lang/ClassNotFoundException'{0x00000000ec230290}: com/sun/org/apache/xerces/internal/impl/msg/spi/XMLMessagesProvider> (0x00000000ec230290) 
thrown [s\src\hotspot\share\classfile\systemDictionary.cpp, line 256]
Event: 3.255 Thread 0x000001a0e03ff9d0 Exception <a 'java/lang/NoSuchMethodError'{0x00000000ec2bdcb8}: 'void java.lang.invoke.DirectMethodHandle$Holder.invokeVirtual(java.lang.Object, java.lang.Object)'> (0x00000000ec2bdcb8) 
thrown [s\src\hotspot\share\interpreter\linkResolver.cpp, line 759]

VM Operations (20 events):
Event: 1.809 Executing VM operation: HandshakeAllThreads
Event: 1.809 Executing VM operation: HandshakeAllThreads done
Event: 1.882 Executing VM operation: ParallelGCFailedAllocation
Event: 1.889 Executing VM operation: ParallelGCFailedAllocation done
Event: 2.213 Executing VM operation: HandshakeAllThreads
Event: 2.213 Executing VM operation: HandshakeAllThreads done
Event: 2.368 Executing VM operation: HandshakeAllThreads
Event: 2.369 Executing VM operation: HandshakeAllThreads done
Event: 2.604 Executing VM operation: ParallelGCFailedAllocation
Event: 2.610 Executing VM operation: ParallelGCFailedAllocation done
Event: 2.742 Executing VM operation: HandshakeAllThreads
Event: 2.742 Executing VM operation: HandshakeAllThreads done
Event: 2.764 Executing VM operation: CollectForMetadataAllocation
Event: 2.792 Executing VM operation: CollectForMetadataAllocation done
Event: 3.052 Executing VM operation: ParallelGCFailedAllocation
Event: 3.054 Executing VM operation: ParallelGCFailedAllocation done
Event: 3.264 Executing VM operation: ParallelGCFailedAllocation
Event: 3.265 Executing VM operation: ParallelGCFailedAllocation done
Event: 3.270 Executing VM operation: HandshakeAllThreads
Event: 3.270 Executing VM operation: HandshakeAllThreads done

Events (20 events):
Event: 3.245 loading class com/sun/org/apache/xerces/internal/impl/msg/XMLMessages_en
Event: 3.245 loading class com/sun/org/apache/xerces/internal/impl/msg/XMLMessages_en done
Event: 3.245 loading class com/sun/org/apache/xerces/internal/impl/msg/XMLMessages_en_US
Event: 3.245 loading class com/sun/org/apache/xerces/internal/impl/msg/XMLMessages_en_US done
Event: 3.245 loading class com/sun/org/apache/xerces/internal/impl/msg/XMLMessages_en_US
Event: 3.245 loading class com/sun/org/apache/xerces/internal/impl/msg/XMLMessages_en_US done
Event: 3.257 Thread 0x000001a0dfe017f0 Thread added: 0x000001a0dfe017f0
Event: 3.269 loading class java/lang/ProcessEnvironment
Event: 3.270 loading class java/lang/ProcessEnvironment done
Event: 3.271 loading class java/lang/ProcessEnvironment$NameComparator
Event: 3.271 loading class java/lang/ProcessEnvironment$NameComparator done
Event: 3.271 loading class java/lang/ProcessEnvironment$EntryComparator
Event: 3.271 loading class java/lang/ProcessEnvironment$EntryComparator done
Event: 3.271 loading class java/lang/ProcessEnvironment$CheckedEntrySet
Event: 3.271 loading class java/lang/ProcessEnvironment$CheckedEntrySet done
Event: 3.271 loading class java/lang/ProcessEnvironment$CheckedEntrySet$1
Event: 3.272 loading class java/lang/ProcessEnvironment$CheckedEntrySet$1 done
Event: 3.272 loading class java/lang/ProcessEnvironment$CheckedEntry
Event: 3.272 loading class java/lang/ProcessEnvironment$CheckedEntry done
Event: 3.758 Thread 0x000001a0dfe017f0 Thread exited: 0x000001a0dfe017f0


Dynamic libraries:
0x00007ff725410000 - 0x00007ff72541e000 	c:\Users\ADMIN\.vscode\extensions\redhat.java-1.25.1-win32-x64\jre\17.0.9-win32-x86_64\bin\java.exe
0x00007ff9b4950000 - 0x00007ff9b4b48000 	C:\Windows\SYSTEM32\ntdll.dll
0x00007ff9b2ca0000 - 0x00007ff9b2d5d000 	C:\Windows\System32\KERNEL32.DLL
0x00007ff9b2240000 - 0x00007ff9b2512000 	C:\Windows\System32\KERNELBASE.dll
0x00007ff9b2520000 - 0x00007ff9b2620000 	C:\Windows\System32\ucrtbase.dll
0x00007ff994a70000 - 0x00007ff994a87000 	c:\Users\ADMIN\.vscode\extensions\redhat.java-1.25.1-win32-x64\jre\17.0.9-win32-x86_64\bin\jli.dll
0x00007ff98e230000 - 0x00007ff98e24b000 	c:\Users\ADMIN\.vscode\extensions\redhat.java-1.25.1-win32-x64\jre\17.0.9-win32-x86_64\bin\VCRUNTIME140.dll
0x00007ff9b2b00000 - 0x00007ff9b2c9d000 	C:\Windows\System32\USER32.dll
0x00007ff9b2060000 - 0x00007ff9b2082000 	C:\Windows\System32\win32u.dll
0x00007ff9a02c0000 - 0x00007ff9a055a000 	C:\Windows\WinSxS\amd64_microsoft.windows.common-controls_6595b64144ccf1df_6.0.19041.1110_none_60b5254171f9507e\COMCTL32.dll
0x00007ff9b4680000 - 0x00007ff9b46ab000 	C:\Windows\System32\GDI32.dll
0x00007ff9b4590000 - 0x00007ff9b462e000 	C:\Windows\System32\msvcrt.dll
0x00007ff9b27f0000 - 0x00007ff9b28ff000 	C:\Windows\System32\gdi32full.dll
0x00007ff9b21a0000 - 0x00007ff9b223d000 	C:\Windows\System32\msvcp_win.dll
0x00007ff9b4650000 - 0x00007ff9b4680000 	C:\Windows\System32\IMM32.DLL
0x00007ff9af780000 - 0x00007ff9af78c000 	c:\Users\ADMIN\.vscode\extensions\redhat.java-1.25.1-win32-x64\jre\17.0.9-win32-x86_64\bin\vcruntime140_1.dll
0x00007ff96b160000 - 0x00007ff96b1ed000 	c:\Users\ADMIN\.vscode\extensions\redhat.java-1.25.1-win32-x64\jre\17.0.9-win32-x86_64\bin\msvcp140.dll
0x00007ff956000000 - 0x00007ff956c61000 	c:\Users\ADMIN\.vscode\extensions\redhat.java-1.25.1-win32-x64\jre\17.0.9-win32-x86_64\bin\server\jvm.dll
0x00007ff9b29b0000 - 0x00007ff9b2a5e000 	C:\Windows\System32\ADVAPI32.dll
0x00007ff9b2a60000 - 0x00007ff9b2afc000 	C:\Windows\System32\sechost.dll
0x00007ff9b3840000 - 0x00007ff9b3965000 	C:\Windows\System32\RPCRT4.dll
0x00007ff9a7620000 - 0x00007ff9a7647000 	C:\Windows\SYSTEM32\WINMM.dll
0x00007ff9b0000000 - 0x00007ff9b000a000 	C:\Windows\SYSTEM32\VERSION.dll
0x00007ff9b1c00000 - 0x00007ff9b1c4b000 	C:\Windows\SYSTEM32\POWRPROF.dll
0x00007ff98a2b0000 - 0x00007ff98a2b9000 	C:\Windows\SYSTEM32\WSOCK32.dll
0x00007ff9b37d0000 - 0x00007ff9b383b000 	C:\Windows\System32\WS2_32.dll
0x00007ff9b1be0000 - 0x00007ff9b1bf2000 	C:\Windows\SYSTEM32\UMPDC.dll
0x00007ff9b08b0000 - 0x00007ff9b08c2000 	C:\Windows\SYSTEM32\kernel.appcore.dll
0x00007ff9adad0000 - 0x00007ff9adada000 	c:\Users\ADMIN\.vscode\extensions\redhat.java-1.25.1-win32-x64\jre\17.0.9-win32-x86_64\bin\jimage.dll
0x00007ff9a78f0000 - 0x00007ff9a7ad4000 	C:\Windows\SYSTEM32\DBGHELP.DLL
0x00007ff9a1a80000 - 0x00007ff9a1aac000 	C:\Windows\SYSTEM32\dbgcore.DLL
0x00007ff9b2110000 - 0x00007ff9b2192000 	C:\Windows\System32\bcryptPrimitives.dll
0x00007ff9ac920000 - 0x00007ff9ac92e000 	c:\Users\ADMIN\.vscode\extensions\redhat.java-1.25.1-win32-x64\jre\17.0.9-win32-x86_64\bin\instrument.dll
0x00007ff990a90000 - 0x00007ff990ab5000 	c:\Users\ADMIN\.vscode\extensions\redhat.java-1.25.1-win32-x64\jre\17.0.9-win32-x86_64\bin\java.dll
0x00007ff9a4af0000 - 0x00007ff9a4b08000 	c:\Users\ADMIN\.vscode\extensions\redhat.java-1.25.1-win32-x64\jre\17.0.9-win32-x86_64\bin\zip.dll
0x00007ff9b3be0000 - 0x00007ff9b4323000 	C:\Windows\System32\SHELL32.dll
0x00007ff9b0100000 - 0x00007ff9b0891000 	C:\Windows\SYSTEM32\windows.storage.dll
0x00007ff9b2e30000 - 0x00007ff9b3184000 	C:\Windows\System32\combase.dll
0x00007ff9b1a50000 - 0x00007ff9b1a80000 	C:\Windows\SYSTEM32\Wldp.dll
0x00007ff9b44e0000 - 0x00007ff9b458d000 	C:\Windows\System32\SHCORE.dll
0x00007ff9b3aa0000 - 0x00007ff9b3af5000 	C:\Windows\System32\shlwapi.dll
0x00007ff9b1fa0000 - 0x00007ff9b1fbf000 	C:\Windows\SYSTEM32\profapi.dll
0x00007ff9a14e0000 - 0x00007ff9a14f9000 	C:\Users\ADMIN\.vscode\extensions\redhat.java-1.25.1-win32-x64\jre\17.0.9-win32-x86_64\bin\net.dll
0x00007ff9a8c80000 - 0x00007ff9a8d8d000 	C:\Windows\SYSTEM32\WINHTTP.dll
0x00007ff99d2c0000 - 0x00007ff99d2cb000 	C:\Program Files\Common Files\SocksEscort\escortdrv.dll
0x00007ff9b43b0000 - 0x00007ff9b44da000 	C:\Windows\System32\ole32.dll
0x00007ff99d280000 - 0x00007ff99d2b2000 	C:\Program Files\Common Files\SocksEscort\escengine.dll
0x00007ff9b1740000 - 0x00007ff9b17aa000 	C:\Windows\system32\mswsock.dll
0x00007ff98e570000 - 0x00007ff98e586000 	C:\Users\ADMIN\.vscode\extensions\redhat.java-1.25.1-win32-x64\jre\17.0.9-win32-x86_64\bin\nio.dll
0x00007ff9ab4c0000 - 0x00007ff9ab4d0000 	c:\Users\ADMIN\.vscode\extensions\redhat.java-1.25.1-win32-x64\jre\17.0.9-win32-x86_64\bin\verify.dll
0x00007ff98db50000 - 0x00007ff98db8e000 	C:\Users\ADMIN\AppData\Roaming\Code\User\globalStorage\redhat.java\1.25.1\config_ss_win\org.eclipse.equinox.launcher\org.eclipse.equinox.launcher.win32.win32.x86_64_1.2.800.v20231003-1442\eclipse_11802.dll
0x00007ff9b1930000 - 0x00007ff9b1948000 	C:\Windows\SYSTEM32\CRYPTSP.dll
0x00007ff9b1060000 - 0x00007ff9b1094000 	C:\Windows\system32\rsaenh.dll
0x00007ff9b2090000 - 0x00007ff9b20b7000 	C:\Windows\System32\bcrypt.dll

dbghelp: loaded successfully - version: 4.0.5 - missing functions: none
symbol engine: initialized successfully - sym options: 0x614 - pdb path: .;c:\Users\ADMIN\.vscode\extensions\redhat.java-1.25.1-win32-x64\jre\17.0.9-win32-x86_64\bin;C:\Windows\SYSTEM32;C:\Windows\WinSxS\amd64_microsoft.windows.common-controls_6595b64144ccf1df_6.0.19041.1110_none_60b5254171f9507e;c:\Users\ADMIN\.vscode\extensions\redhat.java-1.25.1-win32-x64\jre\17.0.9-win32-x86_64\bin\server;C:\Program Files\Common Files\SocksEscort;C:\Users\ADMIN\AppData\Roaming\Code\User\globalStorage\redhat.java\1.25.1\config_ss_win\org.eclipse.equinox.launcher\org.eclipse.equinox.launcher.win32.win32.x86_64_1.2.800.v20231003-1442

VM Arguments:
jvm_args: --add-modules=ALL-SYSTEM --add-opens=java.base/java.util=ALL-UNNAMED --add-opens=java.base/java.lang=ALL-UNNAMED --add-opens=java.base/sun.nio.fs=ALL-UNNAMED -Declipse.application=org.eclipse.jdt.ls.core.id1 -Dosgi.bundles.defaultStartLevel=4 -Declipse.product=org.eclipse.jdt.ls.core.product -Djava.import.generatesMetadataFilesAtProjectRoot=false -DDetectVMInstallationsJob.disabled=true -Dfile.encoding=utf8 -XX:+UseParallelGC -XX:GCTimeRatio=4 -XX:AdaptiveSizePolicyWeight=90 -Dsun.zip.disableMemoryMapping=true -Xmx1G -Xms100m -Xlog:disable -javaagent:c:\Users\ADMIN\.vscode\extensions\redhat.java-1.25.1-win32-x64\lombok\lombok-1.18.30.jar 
java_command: c:\Users\ADMIN\.vscode\extensions\redhat.java-1.25.1-win32-x64\server\plugins\org.eclipse.equinox.launcher_1.6.600.v20231106-1826.jar -configuration c:\Users\ADMIN\AppData\Roaming\Code\User\globalStorage\redhat.java\1.25.1\config_ss_win -data c:\Users\ADMIN\AppData\Roaming\Code\User\workspaceStorage\9ffa03cfc5cea9a6a22057707b167da1\redhat.java\ss_ws --stdio
java_class_path (initial): c:\Users\ADMIN\.vscode\extensions\redhat.java-1.25.1-win32-x64\server\plugins\org.eclipse.equinox.launcher_1.6.600.v20231106-1826.jar
Launcher Type: SUN_STANDARD

[Global flags]
    uintx AdaptiveSizePolicyWeight                 = 90                                        {product} {command line}
     intx CICompilerCount                          = 4                                         {product} {ergonomic}
    uintx GCTimeRatio                              = 4                                         {product} {command line}
   size_t InitialHeapSize                          = 104857600                                 {product} {command line}
   size_t MaxHeapSize                              = 1073741824                                {product} {command line}
   size_t MaxNewSize                               = 357564416                                 {product} {ergonomic}
   size_t MinHeapDeltaBytes                        = 524288                                    {product} {ergonomic}
   size_t MinHeapSize                              = 104857600                                 {product} {command line}
   size_t NewSize                                  = 34603008                                  {product} {ergonomic}
    uintx NonNMethodCodeHeapSize                   = 5839372                                {pd product} {ergonomic}
    uintx NonProfiledCodeHeapSize                  = 122909434                              {pd product} {ergonomic}
   size_t OldSize                                  = 70254592                                  {product} {ergonomic}
    uintx ProfiledCodeHeapSize                     = 122909434                              {pd product} {ergonomic}
    uintx ReservedCodeCacheSize                    = 251658240                              {pd product} {ergonomic}
     bool SegmentedCodeCache                       = true                                      {product} {ergonomic}
   size_t SoftMaxHeapSize                          = 1073741824                             {manageable} {ergonomic}
     bool UseCompressedClassPointers               = true                           {product lp64_product} {ergonomic}
     bool UseCompressedOops                        = true                           {product lp64_product} {ergonomic}
     bool UseLargePagesIndividualAllocation        = false                                  {pd product} {ergonomic}
     bool UseParallelGC                            = true                                      {product} {command line}

Logging:
Log output configuration:
 #0: stdout all=off uptime,level,tags
 #1: stderr all=off uptime,level,tags

Environment Variables:
JAVA_HOME=C:\Program Files\Java\jdk-19
PATH=C:\Program Files\Common Files\Oracle\Java\javapath;C:\Windows\system32;C:\Windows;C:\Windows\System32\Wbem;C:\Windows\System32\WindowsPowerShell\v1.0\;C:\Windows\System32\OpenSSH\;C:\Program Files\Java\jdk-19\bin;C:\Program Files\Git\cmd;C:\MinGW\bin;C:\Users\ADMIN\AppData\Roaming\nvm;C:\Program Files\nodejs;C:\Users\ADMIN\AppData\Local\Android\Sdk\platform-tools;C:\Program Files\MySQL\MySQL Shell 8.0\bin\;C:\Users\ADMIN\AppData\Local\Microsoft\WindowsApps;C:\Users\ADMIN\AppData\Local\Programs\Microsoft VS Code\bin;C:\Users\ADMIN\AppData\Local\Programs\Python\Python311;C:\Users\ADMIN\AppData\Local\Programs\Python\Python311\Scripts;C:\Users\ADMIN\AppData\Roaming\npm;C:\Users\ADMIN\AppData\Local\Programs\EmEditor;C:\Users\ADMIN\AppData\Roaming\nvm;C:\Program Files\nodejs;
USERNAME=ADMIN
OS=Windows_NT
PROCESSOR_IDENTIFIER=AMD64 Family 23 Model 96 Stepping 1, AuthenticAMD
TMP=C:\Users\ADMIN\AppData\Local\Temp
TEMP=C:\Users\ADMIN\AppData\Local\Temp



Periodic native trim disabled


---------------  S Y S T E M  ---------------

OS:
 Windows 10 , 64 bit Build 19041 (10.0.19041.1889)
OS uptime: 0 days 5:11 hours

CPU: total 12 (initial active 12) (12 cores per cpu, 2 threads per core) family 23 model 96 stepping 1 microcode 0x0, cx8, cmov, fxsr, ht, mmx, 3dnowpref, sse, sse2, sse3, ssse3, sse4a, sse4.1, sse4.2, popcnt, lzcnt, tsc, tscinvbit, avx, avx2, aes, clmul, bmi1, bmi2, adx, sha, fma, vzeroupper, clflush, clflushopt
Processor Information for all 12 processors :
  Max Mhz: 3000, Current Mhz: 3000, Mhz Limit: 3000

Memory: 4k page, system-wide physical 7579M (962M free)
TotalPageFile size 11675M (AvailPageFile size 2M)
current process WorkingSet (physical memory assigned to process): 142M, peak: 142M
current process commit charge ("private bytes"): 257M, peak: 257M

vm_info: OpenJDK 64-Bit Server VM (17.0.9+9) for windows-amd64 JRE (17.0.9+9), built on Oct 26 2023 14:01:42 by "admin" with MS VC++ 16.10 / 16.11 (VS2019)

END.
