#
# There is insufficient memory for the Java Runtime Environment to continue.
# Native memory allocation (malloc) failed to allocate 32744 bytes for ChunkPool::allocate
# Possible reasons:
#   The system is out of physical RAM or swap space
#   The process is running with CompressedOops enabled, and the Java Heap may be blocking the growth of the native heap
# Possible solutions:
#   Reduce memory load on the system
#   Increase physical memory or swap space
#   Check if swap backing store is full
#   Decrease Java heap size (-Xmx/-Xms)
#   Decrease number of Java threads
#   Decrease Java thread stack sizes (-Xss)
#   Set larger code cache with -XX:ReservedCodeCacheSize=
#   JVM is running with Unscaled Compressed Oops mode in which the Java heap is
#     placed in the first 4GB address space. The Java Heap base address is the
#     maximum limit for the native heap growth. Please use -XX:HeapBaseMinAddress
#     to set the Java Heap base and to place the Java Heap above 4GB virtual address.
# This output file may be truncated or incomplete.
#
#  Out of Memory Error (arena.cpp:79), pid=15488, tid=13864
#
# JRE version: OpenJDK Runtime Environment Temurin-17.0.9+9 (17.0.9+9) (build 17.0.9+9)
# Java VM: OpenJDK 64-Bit Server VM Temurin-17.0.9+9 (17.0.9+9, mixed mode, tiered, compressed oops, compressed class ptrs, parallel gc, windows-amd64)
# No core dump will be written. Minidumps are not enabled by default on client versions of Windows
#

---------------  S U M M A R Y ------------

Command Line: --add-modules=ALL-SYSTEM --add-opens=java.base/java.util=ALL-UNNAMED --add-opens=java.base/java.lang=ALL-UNNAMED --add-opens=java.base/sun.nio.fs=ALL-UNNAMED -Declipse.application=org.eclipse.jdt.ls.core.id1 -Dosgi.bundles.defaultStartLevel=4 -Declipse.product=org.eclipse.jdt.ls.core.product -Djava.import.generatesMetadataFilesAtProjectRoot=false -DDetectVMInstallationsJob.disabled=true -Dfile.encoding=utf8 -XX:+UseParallelGC -XX:GCTimeRatio=4 -XX:AdaptiveSizePolicyWeight=90 -Dsun.zip.disableMemoryMapping=true -Xmx1G -Xms100m -Xlog:disable -javaagent:c:\Users\ADMIN\.vscode\extensions\redhat.java-1.25.1-win32-x64\lombok\lombok-1.18.30.jar -XX:+HeapDumpOnOutOfMemoryError -XX:HeapDumpPath=c:\Users\ADMIN\AppData\Roaming\Code\User\workspaceStorage\6cdb84a19000531febd1660c35a6afec\redhat.java -Daether.dependencyCollector.impl=bf c:\Users\ADMIN\.vscode\extensions\redhat.java-1.25.1-win32-x64\server\plugins\org.eclipse.equinox.launcher_1.6.600.v20231106-1826.jar -configuration c:\Users\ADMIN\AppData\Roaming\Code\User\globalStorage\redhat.java\1.25.1\config_win -data c:\Users\ADMIN\AppData\Roaming\Code\User\workspaceStorage\6cdb84a19000531febd1660c35a6afec\redhat.java\jdt_ws --stdio

Host: AMD Ryzen 5 4600H with Radeon Graphics         , 12 cores, 7G,  Windows 10 , 64 bit Build 19041 (10.0.19041.1889)
Time: Wed Jan  3 23:26:12 2024 SE Asia Standard Time elapsed time: 3.298602 seconds (0d 0h 0m 3s)

---------------  T H R E A D  ---------------

Current thread (0x00000152a28675b0):  JavaThread "C2 CompilerThread2" daemon [_thread_in_native, id=13864, stack(0x0000004c5ca00000,0x0000004c5cb00000)]


Current CompileTask:
C2:   3298 3976   !   4       org.eclipse.osgi.internal.serviceregistry.ServiceRegistry::lookupServiceRegistrations (214 bytes)

Stack: [0x0000004c5ca00000,0x0000004c5cb00000]
Native frames: (J=compiled Java code, j=interpreted, Vv=VM code, C=native code)
V  [jvm.dll+0x67cf49]
V  [jvm.dll+0x83478a]
V  [jvm.dll+0x83624e]
V  [jvm.dll+0x8368b3]
V  [jvm.dll+0x247f1f]
V  [jvm.dll+0xac65c]
V  [jvm.dll+0xaca8c]
V  [jvm.dll+0x342275]
V  [jvm.dll+0x346fa8]
V  [jvm.dll+0x55db62]
V  [jvm.dll+0x54b693]
V  [jvm.dll+0x2ae674]
V  [jvm.dll+0x6953a5]
V  [jvm.dll+0x68d36b]
V  [jvm.dll+0x68c9a7]
V  [jvm.dll+0x68a892]
V  [jvm.dll+0x1a8a2c]
V  [jvm.dll+0x2ae674]
V  [jvm.dll+0x6953a5]
V  [jvm.dll+0x68d36b]
V  [jvm.dll+0x68c9a7]
V  [jvm.dll+0x68a892]
V  [jvm.dll+0x1a8a2c]
V  [jvm.dll+0x1a95f6]
V  [jvm.dll+0x2ae674]
V  [jvm.dll+0x6953a5]
V  [jvm.dll+0x68d36b]
V  [jvm.dll+0x68c9a7]
V  [jvm.dll+0x68a892]
V  [jvm.dll+0x1a8a2c]
V  [jvm.dll+0x1a95f6]
V  [jvm.dll+0x2ae674]
V  [jvm.dll+0x6953a5]
V  [jvm.dll+0x68d36b]
V  [jvm.dll+0x68c9a7]
V  [jvm.dll+0x68a892]
V  [jvm.dll+0x1a8a2c]
V  [jvm.dll+0x1a95f6]
V  [jvm.dll+0x2ae674]
V  [jvm.dll+0x6953a5]
V  [jvm.dll+0x68d36b]
V  [jvm.dll+0x68c9a7]
V  [jvm.dll+0x68a892]
V  [jvm.dll+0x1a8a2c]
V  [jvm.dll+0x2ae674]
V  [jvm.dll+0x6953a5]
V  [jvm.dll+0x68d36b]
V  [jvm.dll+0x68c9a7]
V  [jvm.dll+0x68a892]
V  [jvm.dll+0x1a8a2c]
V  [jvm.dll+0x219588]
V  [jvm.dll+0x1a57cd]
V  [jvm.dll+0x2297ae]
V  [jvm.dll+0x22797c]
V  [jvm.dll+0x7e9877]
V  [jvm.dll+0x7e3c3a]
V  [jvm.dll+0x67be35]
C  [ucrtbase.dll+0x21bb2]
C  [KERNEL32.DLL+0x17034]
C  [ntdll.dll+0x526a1]


---------------  P R O C E S S  ---------------

Threads class SMR info:
_java_thread_list=0x00000152a483e5e0, length=24, elements={
0x0000015287943690, 0x000001529b7db960, 0x000001529b7de120, 0x00000152879fc0c0,
0x00000152879fce50, 0x00000152879fdae0, 0x00000152879fe510, 0x00000152a0b4dfd0,
0x00000152a0b52df0, 0x00000152a0b53ee0, 0x00000152879a6b40, 0x00000152a0e550e0,
0x00000152a0e4b4f0, 0x00000152a28675b0, 0x00000152a2a16bd0, 0x00000152a2e06ce0,
0x00000152a2e47f10, 0x00000152a371f5c0, 0x00000152a38374f0, 0x00000152a33cf870,
0x00000152a36baae0, 0x00000152a36bb500, 0x00000152a36bc940, 0x00000152a36bd870
}

Java Threads: ( => current thread )
  0x0000015287943690 JavaThread "main" [_thread_blocked, id=8120, stack(0x0000004c5b900000,0x0000004c5ba00000)]
  0x000001529b7db960 JavaThread "Reference Handler" daemon [_thread_blocked, id=5836, stack(0x0000004c5bc00000,0x0000004c5bd00000)]
  0x000001529b7de120 JavaThread "Finalizer" daemon [_thread_blocked, id=12748, stack(0x0000004c5bd00000,0x0000004c5be00000)]
  0x00000152879fc0c0 JavaThread "Signal Dispatcher" daemon [_thread_blocked, id=14036, stack(0x0000004c5be00000,0x0000004c5bf00000)]
  0x00000152879fce50 JavaThread "Attach Listener" daemon [_thread_blocked, id=15648, stack(0x0000004c5bf00000,0x0000004c5c000000)]
  0x00000152879fdae0 JavaThread "Service Thread" daemon [_thread_blocked, id=7616, stack(0x0000004c5c000000,0x0000004c5c100000)]
  0x00000152879fe510 JavaThread "Monitor Deflation Thread" daemon [_thread_blocked, id=7940, stack(0x0000004c5c100000,0x0000004c5c200000)]
  0x00000152a0b4dfd0 JavaThread "C2 CompilerThread0" daemon [_thread_blocked, id=4492, stack(0x0000004c5c200000,0x0000004c5c300000)]
  0x00000152a0b52df0 JavaThread "C1 CompilerThread0" daemon [_thread_blocked, id=8504, stack(0x0000004c5c300000,0x0000004c5c400000)]
  0x00000152a0b53ee0 JavaThread "Sweeper thread" daemon [_thread_blocked, id=11884, stack(0x0000004c5c400000,0x0000004c5c500000)]
  0x00000152879a6b40 JavaThread "Common-Cleaner" daemon [_thread_blocked, id=7856, stack(0x0000004c5c500000,0x0000004c5c600000)]
  0x00000152a0e550e0 JavaThread "Notification Thread" daemon [_thread_blocked, id=3488, stack(0x0000004c5c700000,0x0000004c5c800000)]
  0x00000152a0e4b4f0 JavaThread "C2 CompilerThread1" daemon [_thread_in_native, id=12548, stack(0x0000004c5c900000,0x0000004c5ca00000)]
=>0x00000152a28675b0 JavaThread "C2 CompilerThread2" daemon [_thread_in_native, id=13864, stack(0x0000004c5ca00000,0x0000004c5cb00000)]
  0x00000152a2a16bd0 JavaThread "Active Thread: Equinox Container: 6db80e26-cfd2-4fe9-9f2f-6ddf84f7e5a7" [_thread_blocked, id=14348, stack(0x0000004c5d100000,0x0000004c5d200000)]
  0x00000152a2e06ce0 JavaThread "Framework Event Dispatcher: Equinox Container: 6db80e26-cfd2-4fe9-9f2f-6ddf84f7e5a7" daemon [_thread_blocked, id=14764, stack(0x0000004c5d200000,0x0000004c5d300000)]
  0x00000152a2e47f10 JavaThread "Start Level: Equinox Container: 6db80e26-cfd2-4fe9-9f2f-6ddf84f7e5a7" daemon [_thread_in_vm, id=11596, stack(0x0000004c5d300000,0x0000004c5d400000)]
  0x00000152a371f5c0 JavaThread "Bundle File Closer" daemon [_thread_blocked, id=628, stack(0x0000004c5d500000,0x0000004c5d600000)]
  0x00000152a38374f0 JavaThread "SCR Component Actor" daemon [_thread_blocked, id=5948, stack(0x0000004c5d600000,0x0000004c5d700000)]
  0x00000152a33cf870 JavaThread "SCR Component Registry" daemon [_thread_blocked, id=15236, stack(0x0000004c5d900000,0x0000004c5da00000)]
  0x00000152a36baae0 JavaThread "Worker-JM" [_thread_blocked, id=10676, stack(0x0000004c5da00000,0x0000004c5db00000)]
  0x00000152a36bb500 JavaThread "Worker-0" [_thread_blocked, id=11356, stack(0x0000004c5db00000,0x0000004c5dc00000)]
  0x00000152a36bc940 JavaThread "Worker-1" [_thread_blocked, id=9720, stack(0x0000004c5dc00000,0x0000004c5dd00000)]
  0x00000152a36bd870 JavaThread "Java indexing" daemon [_thread_blocked, id=9356, stack(0x0000004c5dd00000,0x0000004c5de00000)]

Other Threads:
  0x00000152a0b11fd0 VMThread "VM Thread" [stack: 0x0000004c5bb00000,0x0000004c5bc00000] [id=12972]
  0x00000152a26b80f0 WatcherThread [stack: 0x0000004c5c800000,0x0000004c5c900000] [id=12224]
  0x0000015287959990 GCTaskThread "GC Thread#0" [stack: 0x0000004c5ba00000,0x0000004c5bb00000] [id=14796]
  0x00000152a2dceca0 GCTaskThread "GC Thread#1" [stack: 0x0000004c5cb00000,0x0000004c5cc00000] [id=14836]
  0x00000152a2b28040 GCTaskThread "GC Thread#2" [stack: 0x0000004c5cc00000,0x0000004c5cd00000] [id=15536]
  0x00000152a2b28300 GCTaskThread "GC Thread#3" [stack: 0x0000004c5cd00000,0x0000004c5ce00000] [id=12404]
  0x00000152a2b285c0 GCTaskThread "GC Thread#4" [stack: 0x0000004c5ce00000,0x0000004c5cf00000] [id=4296]
  0x00000152a2b28880 GCTaskThread "GC Thread#5" [stack: 0x0000004c5cf00000,0x0000004c5d000000] [id=3408]
  0x00000152a2b28b40 GCTaskThread "GC Thread#6" [stack: 0x0000004c5d000000,0x0000004c5d100000] [id=3964]
  0x00000152a29632b0 GCTaskThread "GC Thread#7" [stack: 0x0000004c5d400000,0x0000004c5d500000] [id=9496]
  0x00000152a3807bc0 GCTaskThread "GC Thread#8" [stack: 0x0000004c5d700000,0x0000004c5d800000] [id=14552]
  0x00000152a309f2e0 GCTaskThread "GC Thread#9" [stack: 0x0000004c5d800000,0x0000004c5d900000] [id=14196]

Threads with active compile tasks:
C2 CompilerThread1     3321 3648       4       org.lombokweb.asm.ClassReader::readMethod (1066 bytes)
C2 CompilerThread2     3321 3976   !   4       org.eclipse.osgi.internal.serviceregistry.ServiceRegistry::lookupServiceRegistrations (214 bytes)

VM state: not at safepoint (normal execution)

VM Mutex/Monitor currently owned by a thread: None

Heap address: 0x00000000c0000000, size: 1024 MB, Compressed Oops mode: 32-bit

CDS archive(s) not mapped
Compressed class space mapped at: 0x0000000100000000-0x0000000140000000, reserved size: 1073741824
Narrow klass base: 0x0000000000000000, Narrow klass shift: 3, Narrow klass range: 0x140000000

GC Precious Log:
 CPUs: 12 total, 12 available
 Memory: 7579M
 Large Page Support: Disabled
 NUMA Support: Disabled
 Compressed Oops: Enabled (32-bit)
 Alignments: Space 512K, Generation 512K, Heap 2M
 Heap Min Capacity: 100M
 Heap Initial Capacity: 100M
 Heap Max Capacity: 1G
 Pre-touch: Disabled
 Parallel Workers: 10

Heap:
 PSYoungGen      total 26624K, used 21530K [0x00000000eab00000, 0x00000000ec980000, 0x0000000100000000)
  eden space 23552K, 79% used [0x00000000eab00000,0x00000000ebd31cf8,0x00000000ec200000)
  from space 3072K, 94% used [0x00000000ec380000,0x00000000ec654ea0,0x00000000ec680000)
  to   space 3072K, 0% used [0x00000000ec680000,0x00000000ec680000,0x00000000ec980000)
 ParOldGen       total 68608K, used 13578K [0x00000000c0000000, 0x00000000c4300000, 0x00000000eab00000)
  object space 68608K, 19% used [0x00000000c0000000,0x00000000c0d42ad8,0x00000000c4300000)
 Metaspace       used 34905K, committed 35648K, reserved 1114112K
  class space    used 3427K, committed 3776K, reserved 1048576K

Card table byte_map: [0x00000152872f0000,0x0000015287500000] _byte_map_base: 0x0000015286cf0000

Marking Bits: (ParMarkBitMap*) 0x00007ffbb624d0b0
 Begin Bits: [0x00000152995e0000, 0x000001529a5e0000)
 End Bits:   [0x000001529a5e0000, 0x000001529b5e0000)

Polling page: 0x00000152857c0000

Metaspace:

Usage:
  Non-class:     30.74 MB used.
      Class:      3.35 MB used.
       Both:     34.09 MB used.

Virtual space:
  Non-class space:       64.00 MB reserved,      31.12 MB ( 49%) committed,  1 nodes.
      Class space:        1.00 GB reserved,       3.69 MB ( <1%) committed,  1 nodes.
             Both:        1.06 GB reserved,      34.81 MB (  3%) committed. 

Chunk freelists:
   Non-Class:  144.00 KB
       Class:  12.16 MB
        Both:  12.30 MB

MaxMetaspaceSize: unlimited
CompressedClassSpaceSize: 1.00 GB
Initial GC threshold: 21.00 MB
Current GC threshold: 35.00 MB
CDS: off
MetaspaceReclaimPolicy: balanced
 - commit_granule_bytes: 65536.
 - commit_granule_words: 8192.
 - virtual_space_node_default_size: 8388608.
 - enlarge_chunks_in_place: 1.
 - new_chunks_are_fully_committed: 0.
 - uncommit_free_chunks: 1.
 - use_allocation_guard: 0.
 - handle_deallocations: 1.


Internal statistics:

num_allocs_failed_limit: 3.
num_arena_births: 360.
num_arena_deaths: 14.
num_vsnodes_births: 2.
num_vsnodes_deaths: 0.
num_space_committed: 557.
num_space_uncommitted: 0.
num_chunks_returned_to_freelist: 17.
num_chunks_taken_from_freelist: 1378.
num_chunk_merges: 7.
num_chunk_splits: 920.
num_chunks_enlarged: 655.
num_inconsistent_stats: 0.

CodeHeap 'non-profiled nmethods': size=120000Kb used=1887Kb max_used=1887Kb free=118112Kb
 bounds [0x00000152920b0000, 0x0000015292320000, 0x00000152995e0000]
CodeHeap 'profiled nmethods': size=120000Kb used=8234Kb max_used=8234Kb free=111765Kb
 bounds [0x000001528a5e0000, 0x000001528adf0000, 0x0000015291b10000]
CodeHeap 'non-nmethods': size=5760Kb used=1266Kb max_used=1294Kb free=4493Kb
 bounds [0x0000015291b10000, 0x0000015291d80000, 0x00000152920b0000]
 total_blobs=4558 nmethods=3974 adapters=498
 compilation: enabled
              stopped_count=0, restarted_count=0
 full_count=0

Compilation events (20 events):
Event: 3.277 Thread 0x00000152a0b52df0 nmethod 3965 0x000001528add7b10 code [0x000001528add7cc0, 0x000001528add8128]
Event: 3.278 Thread 0x00000152a0b52df0 3966       3       org.eclipse.osgi.internal.framework.FilterImpl::newInstance (13 bytes)
Event: 3.278 Thread 0x00000152a0b52df0 nmethod 3966 0x000001528add8290 code [0x000001528add8480, 0x000001528add88e8]
Event: 3.279 Thread 0x00000152a0b52df0 3967       3       org.eclipse.osgi.internal.framework.FilterImpl$Parser::<init> (28 bytes)
Event: 3.279 Thread 0x00000152a0b52df0 nmethod 3967 0x000001528add8b10 code [0x000001528add8ce0, 0x000001528add9078]
Event: 3.279 Thread 0x00000152a0b52df0 3968   !   3       org.eclipse.osgi.internal.framework.FilterImpl$Parser::parse (68 bytes)
Event: 3.279 Thread 0x00000152a0b52df0 nmethod 3968 0x000001528add9210 code [0x000001528add9440, 0x000001528add9b68]
Event: 3.283 Thread 0x00000152a0b52df0 3969       3       java.util.concurrent.ConcurrentHashMap::remove (8 bytes)
Event: 3.283 Thread 0x00000152a0b52df0 nmethod 3969 0x000001528add9f10 code [0x000001528adda0c0, 0x000001528adda208]
Event: 3.283 Thread 0x00000152a0b52df0 3970       3       org.eclipse.core.runtime.ServiceCaller$ReferenceAndService::bundleChanged (32 bytes)
Event: 3.283 Thread 0x00000152a28675b0 3971   !   4       org.eclipse.osgi.internal.container.AtomicLazyInitializer::getInitialized (70 bytes)
Event: 3.283 Thread 0x00000152a0b4dfd0 nmethod 3953 0x0000015292284710 code [0x00000152922849a0, 0x0000015292285970]
Event: 3.284 Thread 0x00000152a0b52df0 nmethod 3970 0x000001528adda290 code [0x000001528adda4c0, 0x000001528addac38]
Event: 3.284 Thread 0x00000152a0b4dfd0 3972       4       org.eclipse.osgi.container.ModuleWiring::getModuleLoader (15 bytes)
Event: 3.286 Thread 0x00000152a28675b0 nmethod 3971 0x0000015292286510 code [0x00000152922866a0, 0x0000015292286ac8]
Event: 3.287 Thread 0x00000152a0b4dfd0 nmethod 3972 0x0000015292286d10 code [0x0000015292286ea0, 0x00000152922872e8]
Event: 3.287 Thread 0x00000152a0b52df0 3973   !   3       org.eclipse.osgi.internal.framework.EquinoxBundle::adapt0 (939 bytes)
Event: 3.292 Thread 0x00000152a0b4dfd0 3975       4       java.util.LinkedList$ListItr::hasNext (20 bytes)
Event: 3.293 Thread 0x00000152a0b4dfd0 nmethod 3975 0x0000015292287590 code [0x0000015292287700, 0x0000015292287798]
Event: 3.293 Thread 0x00000152a28675b0 3976   !   4       org.eclipse.osgi.internal.serviceregistry.ServiceRegistry::lookupServiceRegistrations (214 bytes)

GC Heap History (20 events):
Event: 0.819 GC heap before
{Heap before GC invocations=1 (full 0):
 PSYoungGen      total 29696K, used 25600K [0x00000000eab00000, 0x00000000ecc00000, 0x0000000100000000)
  eden space 25600K, 100% used [0x00000000eab00000,0x00000000ec400000,0x00000000ec400000)
  from space 4096K, 0% used [0x00000000ec800000,0x00000000ec800000,0x00000000ecc00000)
  to   space 4096K, 0% used [0x00000000ec400000,0x00000000ec400000,0x00000000ec800000)
 ParOldGen       total 68608K, used 0K [0x00000000c0000000, 0x00000000c4300000, 0x00000000eab00000)
  object space 68608K, 0% used [0x00000000c0000000,0x00000000c0000000,0x00000000c4300000)
 Metaspace       used 10989K, committed 11200K, reserved 1114112K
  class space    used 1097K, committed 1216K, reserved 1048576K
}
Event: 0.825 GC heap after
{Heap after GC invocations=1 (full 0):
 PSYoungGen      total 29696K, used 3172K [0x00000000eab00000, 0x00000000ecc00000, 0x0000000100000000)
  eden space 25600K, 0% used [0x00000000eab00000,0x00000000eab00000,0x00000000ec400000)
  from space 4096K, 77% used [0x00000000ec400000,0x00000000ec719210,0x00000000ec800000)
  to   space 4096K, 0% used [0x00000000ec800000,0x00000000ec800000,0x00000000ecc00000)
 ParOldGen       total 68608K, used 16K [0x00000000c0000000, 0x00000000c4300000, 0x00000000eab00000)
  object space 68608K, 0% used [0x00000000c0000000,0x00000000c0004000,0x00000000c4300000)
 Metaspace       used 10989K, committed 11200K, reserved 1114112K
  class space    used 1097K, committed 1216K, reserved 1048576K
}
Event: 1.349 GC heap before
{Heap before GC invocations=2 (full 0):
 PSYoungGen      total 29696K, used 28772K [0x00000000eab00000, 0x00000000ecc00000, 0x0000000100000000)
  eden space 25600K, 100% used [0x00000000eab00000,0x00000000ec400000,0x00000000ec400000)
  from space 4096K, 77% used [0x00000000ec400000,0x00000000ec719210,0x00000000ec800000)
  to   space 4096K, 0% used [0x00000000ec800000,0x00000000ec800000,0x00000000ecc00000)
 ParOldGen       total 68608K, used 16K [0x00000000c0000000, 0x00000000c4300000, 0x00000000eab00000)
  object space 68608K, 0% used [0x00000000c0000000,0x00000000c0004000,0x00000000c4300000)
 Metaspace       used 14709K, committed 14976K, reserved 1114112K
  class space    used 1477K, committed 1600K, reserved 1048576K
}
Event: 1.354 GC heap after
{Heap after GC invocations=2 (full 0):
 PSYoungGen      total 29696K, used 4072K [0x00000000eab00000, 0x00000000ecc00000, 0x0000000100000000)
  eden space 25600K, 0% used [0x00000000eab00000,0x00000000eab00000,0x00000000ec400000)
  from space 4096K, 99% used [0x00000000ec800000,0x00000000ecbfa368,0x00000000ecc00000)
  to   space 4096K, 0% used [0x00000000ec400000,0x00000000ec400000,0x00000000ec800000)
 ParOldGen       total 68608K, used 1464K [0x00000000c0000000, 0x00000000c4300000, 0x00000000eab00000)
  object space 68608K, 2% used [0x00000000c0000000,0x00000000c016e358,0x00000000c4300000)
 Metaspace       used 14709K, committed 14976K, reserved 1114112K
  class space    used 1477K, committed 1600K, reserved 1048576K
}
Event: 1.771 GC heap before
{Heap before GC invocations=3 (full 0):
 PSYoungGen      total 29696K, used 29672K [0x00000000eab00000, 0x00000000ecc00000, 0x0000000100000000)
  eden space 25600K, 100% used [0x00000000eab00000,0x00000000ec400000,0x00000000ec400000)
  from space 4096K, 99% used [0x00000000ec800000,0x00000000ecbfa368,0x00000000ecc00000)
  to   space 4096K, 0% used [0x00000000ec400000,0x00000000ec400000,0x00000000ec800000)
 ParOldGen       total 68608K, used 1464K [0x00000000c0000000, 0x00000000c4300000, 0x00000000eab00000)
  object space 68608K, 2% used [0x00000000c0000000,0x00000000c016e358,0x00000000c4300000)
 Metaspace       used 16971K, committed 17280K, reserved 1114112K
  class space    used 1720K, committed 1856K, reserved 1048576K
}
Event: 1.777 GC heap after
{Heap after GC invocations=3 (full 0):
 PSYoungGen      total 29696K, used 4085K [0x00000000eab00000, 0x00000000ecc00000, 0x0000000100000000)
  eden space 25600K, 0% used [0x00000000eab00000,0x00000000eab00000,0x00000000ec400000)
  from space 4096K, 99% used [0x00000000ec400000,0x00000000ec7fd640,0x00000000ec800000)
  to   space 4096K, 0% used [0x00000000ec800000,0x00000000ec800000,0x00000000ecc00000)
 ParOldGen       total 68608K, used 5240K [0x00000000c0000000, 0x00000000c4300000, 0x00000000eab00000)
  object space 68608K, 7% used [0x00000000c0000000,0x00000000c051e068,0x00000000c4300000)
 Metaspace       used 16971K, committed 17280K, reserved 1114112K
  class space    used 1720K, committed 1856K, reserved 1048576K
}
Event: 2.110 GC heap before
{Heap before GC invocations=4 (full 0):
 PSYoungGen      total 29696K, used 29685K [0x00000000eab00000, 0x00000000ecc00000, 0x0000000100000000)
  eden space 25600K, 100% used [0x00000000eab00000,0x00000000ec400000,0x00000000ec400000)
  from space 4096K, 99% used [0x00000000ec400000,0x00000000ec7fd640,0x00000000ec800000)
  to   space 4096K, 0% used [0x00000000ec800000,0x00000000ec800000,0x00000000ecc00000)
 ParOldGen       total 68608K, used 5240K [0x00000000c0000000, 0x00000000c4300000, 0x00000000eab00000)
  object space 68608K, 7% used [0x00000000c0000000,0x00000000c051e068,0x00000000c4300000)
 Metaspace       used 20541K, committed 20928K, reserved 1114112K
  class space    used 2064K, committed 2240K, reserved 1048576K
}
Event: 2.114 GC heap after
{Heap after GC invocations=4 (full 0):
 PSYoungGen      total 29696K, used 4085K [0x00000000eab00000, 0x00000000ecc00000, 0x0000000100000000)
  eden space 25600K, 0% used [0x00000000eab00000,0x00000000eab00000,0x00000000ec400000)
  from space 4096K, 99% used [0x00000000ec800000,0x00000000ecbfd710,0x00000000ecc00000)
  to   space 4096K, 0% used [0x00000000ec400000,0x00000000ec400000,0x00000000ec800000)
 ParOldGen       total 68608K, used 6463K [0x00000000c0000000, 0x00000000c4300000, 0x00000000eab00000)
  object space 68608K, 9% used [0x00000000c0000000,0x00000000c064fce8,0x00000000c4300000)
 Metaspace       used 20541K, committed 20928K, reserved 1114112K
  class space    used 2064K, committed 2240K, reserved 1048576K
}
Event: 2.150 GC heap before
{Heap before GC invocations=5 (full 0):
 PSYoungGen      total 29696K, used 7314K [0x00000000eab00000, 0x00000000ecc00000, 0x0000000100000000)
  eden space 25600K, 12% used [0x00000000eab00000,0x00000000eae27278,0x00000000ec400000)
  from space 4096K, 99% used [0x00000000ec800000,0x00000000ecbfd710,0x00000000ecc00000)
  to   space 4096K, 0% used [0x00000000ec400000,0x00000000ec400000,0x00000000ec800000)
 ParOldGen       total 68608K, used 6463K [0x00000000c0000000, 0x00000000c4300000, 0x00000000eab00000)
  object space 68608K, 9% used [0x00000000c0000000,0x00000000c064fce8,0x00000000c4300000)
 Metaspace       used 20989K, committed 21504K, reserved 1114112K
  class space    used 2114K, committed 2368K, reserved 1048576K
}
Event: 2.153 GC heap after
{Heap after GC invocations=5 (full 0):
 PSYoungGen      total 29696K, used 4064K [0x00000000eab00000, 0x00000000ece00000, 0x0000000100000000)
  eden space 25600K, 0% used [0x00000000eab00000,0x00000000eab00000,0x00000000ec400000)
  from space 4096K, 99% used [0x00000000ec400000,0x00000000ec7f8020,0x00000000ec800000)
  to   space 5120K, 0% used [0x00000000ec900000,0x00000000ec900000,0x00000000ece00000)
 ParOldGen       total 68608K, used 6727K [0x00000000c0000000, 0x00000000c4300000, 0x00000000eab00000)
  object space 68608K, 9% used [0x00000000c0000000,0x00000000c0691ce8,0x00000000c4300000)
 Metaspace       used 20989K, committed 21504K, reserved 1114112K
  class space    used 2114K, committed 2368K, reserved 1048576K
}
Event: 2.153 GC heap before
{Heap before GC invocations=6 (full 1):
 PSYoungGen      total 29696K, used 4064K [0x00000000eab00000, 0x00000000ece00000, 0x0000000100000000)
  eden space 25600K, 0% used [0x00000000eab00000,0x00000000eab00000,0x00000000ec400000)
  from space 4096K, 99% used [0x00000000ec400000,0x00000000ec7f8020,0x00000000ec800000)
  to   space 5120K, 0% used [0x00000000ec900000,0x00000000ec900000,0x00000000ece00000)
 ParOldGen       total 68608K, used 6727K [0x00000000c0000000, 0x00000000c4300000, 0x00000000eab00000)
  object space 68608K, 9% used [0x00000000c0000000,0x00000000c0691ce8,0x00000000c4300000)
 Metaspace       used 20989K, committed 21504K, reserved 1114112K
  class space    used 2114K, committed 2368K, reserved 1048576K
}
Event: 2.174 GC heap after
{Heap after GC invocations=6 (full 1):
 PSYoungGen      total 29696K, used 0K [0x00000000eab00000, 0x00000000ece00000, 0x0000000100000000)
  eden space 25600K, 0% used [0x00000000eab00000,0x00000000eab00000,0x00000000ec400000)
  from space 4096K, 0% used [0x00000000ec400000,0x00000000ec400000,0x00000000ec800000)
  to   space 5120K, 0% used [0x00000000ec900000,0x00000000ec900000,0x00000000ece00000)
 ParOldGen       total 68608K, used 10414K [0x00000000c0000000, 0x00000000c4300000, 0x00000000eab00000)
  object space 68608K, 15% used [0x00000000c0000000,0x00000000c0a2b838,0x00000000c4300000)
 Metaspace       used 20976K, committed 21504K, reserved 1114112K
  class space    used 2111K, committed 2368K, reserved 1048576K
}
Event: 2.548 GC heap before
{Heap before GC invocations=7 (full 1):
 PSYoungGen      total 29696K, used 25600K [0x00000000eab00000, 0x00000000ece00000, 0x0000000100000000)
  eden space 25600K, 100% used [0x00000000eab00000,0x00000000ec400000,0x00000000ec400000)
  from space 4096K, 0% used [0x00000000ec400000,0x00000000ec400000,0x00000000ec800000)
  to   space 5120K, 0% used [0x00000000ec900000,0x00000000ec900000,0x00000000ece00000)
 ParOldGen       total 68608K, used 10414K [0x00000000c0000000, 0x00000000c4300000, 0x00000000eab00000)
  object space 68608K, 15% used [0x00000000c0000000,0x00000000c0a2b838,0x00000000c4300000)
 Metaspace       used 23828K, committed 24320K, reserved 1114112K
  class space    used 2414K, committed 2624K, reserved 1048576K
}
Event: 2.550 GC heap after
{Heap after GC invocations=7 (full 1):
 PSYoungGen      total 28672K, used 3088K [0x00000000eab00000, 0x00000000ecc80000, 0x0000000100000000)
  eden space 25088K, 0% used [0x00000000eab00000,0x00000000eab00000,0x00000000ec380000)
  from space 3584K, 86% used [0x00000000ec900000,0x00000000ecc040a8,0x00000000ecc80000)
  to   space 4096K, 0% used [0x00000000ec480000,0x00000000ec480000,0x00000000ec880000)
 ParOldGen       total 68608K, used 10422K [0x00000000c0000000, 0x00000000c4300000, 0x00000000eab00000)
  object space 68608K, 15% used [0x00000000c0000000,0x00000000c0a2d838,0x00000000c4300000)
 Metaspace       used 23828K, committed 24320K, reserved 1114112K
  class space    used 2414K, committed 2624K, reserved 1048576K
}
Event: 2.768 GC heap before
{Heap before GC invocations=8 (full 1):
 PSYoungGen      total 28672K, used 28110K [0x00000000eab00000, 0x00000000ecc80000, 0x0000000100000000)
  eden space 25088K, 99% used [0x00000000eab00000,0x00000000ec36f768,0x00000000ec380000)
  from space 3584K, 86% used [0x00000000ec900000,0x00000000ecc040a8,0x00000000ecc80000)
  to   space 4096K, 0% used [0x00000000ec480000,0x00000000ec480000,0x00000000ec880000)
 ParOldGen       total 68608K, used 10422K [0x00000000c0000000, 0x00000000c4300000, 0x00000000eab00000)
  object space 68608K, 15% used [0x00000000c0000000,0x00000000c0a2d838,0x00000000c4300000)
 Metaspace       used 26745K, committed 27392K, reserved 1114112K
  class space    used 2731K, committed 3008K, reserved 1048576K
}
Event: 2.770 GC heap after
{Heap after GC invocations=8 (full 1):
 PSYoungGen      total 28672K, used 4082K [0x00000000eab00000, 0x00000000ecf00000, 0x0000000100000000)
  eden space 24576K, 0% used [0x00000000eab00000,0x00000000eab00000,0x00000000ec300000)
  from space 4096K, 99% used [0x00000000ec480000,0x00000000ec87cb68,0x00000000ec880000)
  to   space 6144K, 0% used [0x00000000ec900000,0x00000000ec900000,0x00000000ecf00000)
 ParOldGen       total 68608K, used 11673K [0x00000000c0000000, 0x00000000c4300000, 0x00000000eab00000)
  object space 68608K, 17% used [0x00000000c0000000,0x00000000c0b66608,0x00000000c4300000)
 Metaspace       used 26745K, committed 27392K, reserved 1114112K
  class space    used 2731K, committed 3008K, reserved 1048576K
}
Event: 2.891 GC heap before
{Heap before GC invocations=9 (full 1):
 PSYoungGen      total 28672K, used 28658K [0x00000000eab00000, 0x00000000ecf00000, 0x0000000100000000)
  eden space 24576K, 100% used [0x00000000eab00000,0x00000000ec300000,0x00000000ec300000)
  from space 4096K, 99% used [0x00000000ec480000,0x00000000ec87cb68,0x00000000ec880000)
  to   space 6144K, 0% used [0x00000000ec900000,0x00000000ec900000,0x00000000ecf00000)
 ParOldGen       total 68608K, used 11673K [0x00000000c0000000, 0x00000000c4300000, 0x00000000eab00000)
  object space 68608K, 17% used [0x00000000c0000000,0x00000000c0b66608,0x00000000c4300000)
 Metaspace       used 29548K, committed 30208K, reserved 1114112K
  class space    used 2911K, committed 3136K, reserved 1048576K
}
Event: 2.893 GC heap after
{Heap after GC invocations=9 (full 1):
 PSYoungGen      total 28672K, used 4560K [0x00000000eab00000, 0x00000000ecd80000, 0x0000000100000000)
  eden space 24064K, 0% used [0x00000000eab00000,0x00000000eab00000,0x00000000ec280000)
  from space 4608K, 98% used [0x00000000ec900000,0x00000000ecd743b0,0x00000000ecd80000)
  to   space 5120K, 0% used [0x00000000ec380000,0x00000000ec380000,0x00000000ec880000)
 ParOldGen       total 68608K, used 11681K [0x00000000c0000000, 0x00000000c4300000, 0x00000000eab00000)
  object space 68608K, 17% used [0x00000000c0000000,0x00000000c0b68608,0x00000000c4300000)
 Metaspace       used 29548K, committed 30208K, reserved 1114112K
  class space    used 2911K, committed 3136K, reserved 1048576K
}
Event: 3.013 GC heap before
{Heap before GC invocations=10 (full 1):
 PSYoungGen      total 28672K, used 28624K [0x00000000eab00000, 0x00000000ecd80000, 0x0000000100000000)
  eden space 24064K, 100% used [0x00000000eab00000,0x00000000ec280000,0x00000000ec280000)
  from space 4608K, 98% used [0x00000000ec900000,0x00000000ecd743b0,0x00000000ecd80000)
  to   space 5120K, 0% used [0x00000000ec380000,0x00000000ec380000,0x00000000ec880000)
 ParOldGen       total 68608K, used 11681K [0x00000000c0000000, 0x00000000c4300000, 0x00000000eab00000)
  object space 68608K, 17% used [0x00000000c0000000,0x00000000c0b68608,0x00000000c4300000)
 Metaspace       used 31961K, committed 32640K, reserved 1114112K
  class space    used 3102K, committed 3392K, reserved 1048576K
}
Event: 3.016 GC heap after
{Heap after GC invocations=10 (full 1):
 PSYoungGen      total 26624K, used 2899K [0x00000000eab00000, 0x00000000ec980000, 0x0000000100000000)
  eden space 23552K, 0% used [0x00000000eab00000,0x00000000eab00000,0x00000000ec200000)
  from space 3072K, 94% used [0x00000000ec380000,0x00000000ec654ea0,0x00000000ec680000)
  to   space 3072K, 0% used [0x00000000ec680000,0x00000000ec680000,0x00000000ec980000)
 ParOldGen       total 68608K, used 13578K [0x00000000c0000000, 0x00000000c4300000, 0x00000000eab00000)
  object space 68608K, 19% used [0x00000000c0000000,0x00000000c0d42ad8,0x00000000c4300000)
 Metaspace       used 31961K, committed 32640K, reserved 1114112K
  class space    used 3102K, committed 3392K, reserved 1048576K
}

Dll operation events (9 events):
Event: 0.007 Loaded shared library c:\Users\ADMIN\.vscode\extensions\redhat.java-1.25.1-win32-x64\jre\17.0.9-win32-x86_64\bin\java.dll
Event: 0.126 Loaded shared library c:\Users\ADMIN\.vscode\extensions\redhat.java-1.25.1-win32-x64\jre\17.0.9-win32-x86_64\bin\zip.dll
Event: 0.128 Loaded shared library C:\Users\ADMIN\.vscode\extensions\redhat.java-1.25.1-win32-x64\jre\17.0.9-win32-x86_64\bin\instrument.dll
Event: 0.139 Loaded shared library C:\Users\ADMIN\.vscode\extensions\redhat.java-1.25.1-win32-x64\jre\17.0.9-win32-x86_64\bin\net.dll
Event: 0.296 Loaded shared library C:\Users\ADMIN\.vscode\extensions\redhat.java-1.25.1-win32-x64\jre\17.0.9-win32-x86_64\bin\nio.dll
Event: 0.301 Loaded shared library C:\Users\ADMIN\.vscode\extensions\redhat.java-1.25.1-win32-x64\jre\17.0.9-win32-x86_64\bin\zip.dll
Event: 0.314 Loaded shared library C:\Users\ADMIN\.vscode\extensions\redhat.java-1.25.1-win32-x64\jre\17.0.9-win32-x86_64\bin\jimage.dll
Event: 0.363 Loaded shared library c:\Users\ADMIN\.vscode\extensions\redhat.java-1.25.1-win32-x64\jre\17.0.9-win32-x86_64\bin\verify.dll
Event: 1.231 Loaded shared library C:\Users\ADMIN\AppData\Roaming\Code\User\globalStorage\redhat.java\1.25.1\config_win\org.eclipse.equinox.launcher\org.eclipse.equinox.launcher.win32.win32.x86_64_1.2.800.v20231003-1442\eclipse_11802.dll

Deoptimization events (20 events):
Event: 3.101 Thread 0x00000152a2e47f10 Uncommon trap: trap_request=0xffffffc6 fr.pc=0x0000015292141f74 relative=0x0000000000000934
Event: 3.101 Thread 0x00000152a2e47f10 Uncommon trap: reason=bimorphic_or_optimized_type_check action=maybe_recompile pc=0x0000015292141f74 method=java.util.HashMap.putVal(ILjava/lang/Object;Ljava/lang/Object;ZZ)Ljava/lang/Object; @ 56 c2
Event: 3.101 Thread 0x00000152a2e47f10 DEOPT PACKING pc=0x0000015292141f74 sp=0x0000004c5d3fdeb0
Event: 3.101 Thread 0x00000152a2e47f10 DEOPT UNPACKING pc=0x0000015291b666a3 sp=0x0000004c5d3fde08 mode 2
Event: 3.101 Thread 0x00000152a2e47f10 Uncommon trap: trap_request=0xffffffc6 fr.pc=0x0000015292141f74 relative=0x0000000000000934
Event: 3.101 Thread 0x00000152a2e47f10 Uncommon trap: reason=bimorphic_or_optimized_type_check action=maybe_recompile pc=0x0000015292141f74 method=java.util.HashMap.putVal(ILjava/lang/Object;Ljava/lang/Object;ZZ)Ljava/lang/Object; @ 56 c2
Event: 3.101 Thread 0x00000152a2e47f10 DEOPT PACKING pc=0x0000015292141f74 sp=0x0000004c5d3fdeb0
Event: 3.101 Thread 0x00000152a2e47f10 DEOPT UNPACKING pc=0x0000015291b666a3 sp=0x0000004c5d3fde08 mode 2
Event: 3.101 Thread 0x00000152a2e47f10 Uncommon trap: trap_request=0xffffffc6 fr.pc=0x0000015292141fac relative=0x000000000000096c
Event: 3.101 Thread 0x00000152a2e47f10 Uncommon trap: reason=bimorphic_or_optimized_type_check action=maybe_recompile pc=0x0000015292141fac method=java.util.HashMap.putVal(ILjava/lang/Object;Ljava/lang/Object;ZZ)Ljava/lang/Object; @ 152 c2
Event: 3.101 Thread 0x00000152a2e47f10 DEOPT PACKING pc=0x0000015292141fac sp=0x0000004c5d3fdeb0
Event: 3.101 Thread 0x00000152a2e47f10 DEOPT UNPACKING pc=0x0000015291b666a3 sp=0x0000004c5d3fde10 mode 2
Event: 3.101 Thread 0x00000152a2e47f10 Uncommon trap: trap_request=0xffffffc6 fr.pc=0x0000015292141f74 relative=0x0000000000000934
Event: 3.101 Thread 0x00000152a2e47f10 Uncommon trap: reason=bimorphic_or_optimized_type_check action=maybe_recompile pc=0x0000015292141f74 method=java.util.HashMap.putVal(ILjava/lang/Object;Ljava/lang/Object;ZZ)Ljava/lang/Object; @ 56 c2
Event: 3.101 Thread 0x00000152a2e47f10 DEOPT PACKING pc=0x0000015292141f74 sp=0x0000004c5d3fdeb0
Event: 3.101 Thread 0x00000152a2e47f10 DEOPT UNPACKING pc=0x0000015291b666a3 sp=0x0000004c5d3fde08 mode 2
Event: 3.204 Thread 0x00000152a2e47f10 Uncommon trap: trap_request=0xffffff45 fr.pc=0x00000152921bb7f8 relative=0x0000000000000538
Event: 3.204 Thread 0x00000152a2e47f10 Uncommon trap: reason=unstable_if action=reinterpret pc=0x00000152921bb7f8 method=java.util.Properties.getProperty(Ljava/lang/String;)Ljava/lang/String; @ 36 c2
Event: 3.204 Thread 0x00000152a2e47f10 DEOPT PACKING pc=0x00000152921bb7f8 sp=0x0000004c5d3fe710
Event: 3.204 Thread 0x00000152a2e47f10 DEOPT UNPACKING pc=0x0000015291b666a3 sp=0x0000004c5d3fe6c8 mode 2

Classes unloaded (7 events):
Event: 2.156 Thread 0x00000152a0b11fd0 Unloading class 0x0000000100250000 'java/lang/invoke/LambdaForm$MH+0x0000000100250000'
Event: 2.156 Thread 0x00000152a0b11fd0 Unloading class 0x000000010024fc00 'java/lang/invoke/LambdaForm$MH+0x000000010024fc00'
Event: 2.156 Thread 0x00000152a0b11fd0 Unloading class 0x000000010024f800 'java/lang/invoke/LambdaForm$MH+0x000000010024f800'
Event: 2.156 Thread 0x00000152a0b11fd0 Unloading class 0x000000010024f400 'java/lang/invoke/LambdaForm$MH+0x000000010024f400'
Event: 2.156 Thread 0x00000152a0b11fd0 Unloading class 0x000000010024f000 'java/lang/invoke/LambdaForm$BMH+0x000000010024f000'
Event: 2.156 Thread 0x00000152a0b11fd0 Unloading class 0x000000010024ec00 'java/lang/invoke/LambdaForm$DMH+0x000000010024ec00'
Event: 2.156 Thread 0x00000152a0b11fd0 Unloading class 0x000000010024c000 'java/lang/invoke/LambdaForm$DMH+0x000000010024c000'

Classes redefined (0 events):
No events

Internal exceptions (20 events):
Event: 2.387 Thread 0x00000152a2e47f10 Exception <a 'java/lang/NoSuchMethodError'{0x00000000eb8a56d8}: 'java.lang.Object java.lang.invoke.DirectMethodHandle$Holder.newInvokeSpecial(java.lang.Object, java.lang.Object, java.lang.Object, long)'> (0x00000000eb8a56d8) 
thrown [s\src\hotspot\share\interpreter\linkResolver.cpp, line 759]
Event: 2.388 Thread 0x00000152a2e47f10 Exception <a 'java/lang/NoSuchMethodError'{0x00000000eb8a9c78}: 'java.lang.Object java.lang.invoke.DirectMethodHandle$Holder.invokeSpecial(java.lang.Object, java.lang.Object, java.lang.Object, java.lang.Object, long)'> (0x00000000eb8a9c78) 
thrown [s\src\hotspot\share\interpreter\linkResolver.cpp, line 759]
Event: 2.388 Thread 0x00000152a2e47f10 Exception <a 'java/lang/NoSuchMethodError'{0x00000000eb8adaf0}: 'java.lang.Object java.lang.invoke.Invokers$Holder.linkToTargetMethod(java.lang.Object, java.lang.Object, long, java.lang.Object)'> (0x00000000eb8adaf0) 
thrown [s\src\hotspot\share\interpreter\linkResolver.cpp, line 759]
Event: 2.398 Thread 0x00000152a2e47f10 Exception <a 'java/lang/NoSuchMethodError'{0x00000000eb93ddd8}: 'int java.lang.invoke.DirectMethodHandle$Holder.invokeStaticInit(java.lang.Object, java.lang.Object, java.lang.Object)'> (0x00000000eb93ddd8) 
thrown [s\src\hotspot\share\interpreter\linkResolver.cpp, line 759]
Event: 2.403 Thread 0x00000152a2e47f10 Exception <a 'java/lang/IncompatibleClassChangeError'{0x00000000eb9b7bd8}: Found class java.lang.Object, but interface was expected> (0x00000000eb9b7bd8) 
thrown [s\src\hotspot\share\interpreter\linkResolver.cpp, line 826]
Event: 2.409 Thread 0x00000152a2e47f10 Exception <a 'java/lang/NoSuchMethodError'{0x00000000eb9d5fb8}: 'java.lang.Object java.lang.invoke.DirectMethodHandle$Holder.invokeSpecial(java.lang.Object, java.lang.Object, java.lang.Object, int, java.lang.Object, java.lang.Object)'> (0x00000000eb9d5fb8) 
thrown [s\src\hotspot\share\interpreter\linkResolver.cpp, line 759]
Event: 2.409 Thread 0x00000152a2e47f10 Exception <a 'java/lang/NoSuchMethodError'{0x00000000eb9de6b0}: 'java.lang.Object java.lang.invoke.DirectMethodHandle$Holder.newInvokeSpecial(java.lang.Object, java.lang.Object, java.lang.Object, int, java.lang.Object)'> (0x00000000eb9de6b0) 
thrown [s\src\hotspot\share\interpreter\linkResolver.cpp, line 759]
Event: 2.410 Thread 0x00000152a2e47f10 Exception <a 'java/lang/NoSuchMethodError'{0x00000000eb9e5a58}: 'java.lang.Object java.lang.invoke.DirectMethodHandle$Holder.invokeSpecial(java.lang.Object, java.lang.Object, java.lang.Object, java.lang.Object, int, java.lang.Object)'> (0x00000000eb9e5a58) 
thrown [s\src\hotspot\share\interpreter\linkResolver.cpp, line 759]
Event: 2.411 Thread 0x00000152a36bb500 Exception <a 'java/lang/NoSuchMethodError'{0x00000000eb8e66e0}: 'java.lang.Object java.lang.invoke.DirectMethodHandle$Holder.invokeSpecial(java.lang.Object, java.lang.Object, int, java.lang.Object, java.lang.Object)'> (0x00000000eb8e66e0) 
thrown [s\src\hotspot\share\interpreter\linkResolver.cpp, line 759]
Event: 2.592 Thread 0x00000152a2e47f10 Exception <a 'java/lang/NoSuchMethodError'{0x00000000eae4dcc8}: 'java.lang.Object java.lang.invoke.Invokers$Holder.linkToTargetMethod(java.lang.Object, long, java.lang.Object, java.lang.Object)'> (0x00000000eae4dcc8) 
thrown [s\src\hotspot\share\interpreter\linkResolver.cpp, line 759]
Event: 2.644 Thread 0x00000152a2e47f10 Exception <a 'java/io/FileNotFoundException'{0x00000000eb582208}> (0x00000000eb582208) 
thrown [s\src\hotspot\share\prims\jni.cpp, line 516]
Event: 2.717 Thread 0x00000152a2e47f10 Exception <a 'java/lang/NoSuchMethodError'{0x00000000ebd289b8}: 'void java.lang.invoke.DirectMethodHandle$Holder.invokeSpecial(java.lang.Object, java.lang.Object, java.lang.Object, int)'> (0x00000000ebd289b8) 
thrown [s\src\hotspot\share\interpreter\linkResolver.cpp, line 759]
Event: 3.051 Thread 0x00000152a2e47f10 Exception <a 'java/lang/ClassNotFoundException'{0x00000000eae641e8}: com/sun/org/apache/xerces/internal/impl/msg/spi/DOMMessagesProvider> (0x00000000eae641e8) 
thrown [s\src\hotspot\share\classfile\systemDictionary.cpp, line 256]
Event: 3.052 Thread 0x00000152a2e47f10 Exception <a 'java/lang/ClassNotFoundException'{0x00000000eae75920}: com/sun/org/apache/xerces/internal/impl/msg/spi/XMLSerializerMessagesProvider> (0x00000000eae75920) 
thrown [s\src\hotspot\share\classfile\systemDictionary.cpp, line 256]
Event: 3.052 Thread 0x00000152a2e47f10 Exception <a 'java/lang/ClassNotFoundException'{0x00000000eae82bf8}: com/sun/org/apache/xerces/internal/impl/msg/spi/XMLMessagesProvider> (0x00000000eae82bf8) 
thrown [s\src\hotspot\share\classfile\systemDictionary.cpp, line 256]
Event: 3.094 Thread 0x00000152a2e47f10 Exception <a 'java/lang/NoSuchMethodError'{0x00000000eb13f090}: 'void java.lang.invoke.DirectMethodHandle$Holder.invokeVirtual(java.lang.Object, java.lang.Object)'> (0x00000000eb13f090) 
thrown [s\src\hotspot\share\interpreter\linkResolver.cpp, line 759]
Event: 3.113 Thread 0x00000152a2e47f10 Exception <a 'java/lang/NoSuchMethodError'{0x00000000eb2d34a0}: 'java.lang.Object java.lang.invoke.DirectMethodHandle$Holder.invokeStaticInit(java.lang.Object, int, int, int, int)'> (0x00000000eb2d34a0) 
thrown [s\src\hotspot\share\interpreter\linkResolver.cpp, line 759]
Event: 3.154 Thread 0x00000152a2e47f10 Exception <a 'java/lang/NoSuchMethodError'{0x00000000eb3a91a0}: 'java.lang.Object java.lang.invoke.DirectMethodHandle$Holder.invokeStaticInit(java.lang.Object, java.lang.Object, int, int, int, int)'> (0x00000000eb3a91a0) 
thrown [s\src\hotspot\share\interpreter\linkResolver.cpp, line 759]
Event: 3.208 Thread 0x00000152a2e47f10 Exception <a 'java/lang/ClassNotFoundException'{0x00000000eb730900}: com/sun/org/apache/xml/internal/serializer/spi/XMLEntitiesProvider> (0x00000000eb730900) 
thrown [s\src\hotspot\share\classfile\systemDictionary.cpp, line 256]
Event: 3.278 Thread 0x00000152a2e47f10 Exception <a 'java/io/FileNotFoundException'{0x00000000ebacbfd0}> (0x00000000ebacbfd0) 
thrown [s\src\hotspot\share\prims\jni.cpp, line 516]

VM Operations (20 events):
Event: 2.640 Executing VM operation: HandshakeAllThreads
Event: 2.640 Executing VM operation: HandshakeAllThreads done
Event: 2.680 Executing VM operation: HandshakeAllThreads
Event: 2.680 Executing VM operation: HandshakeAllThreads done
Event: 2.768 Executing VM operation: ParallelGCFailedAllocation
Event: 2.770 Executing VM operation: ParallelGCFailedAllocation done
Event: 2.891 Executing VM operation: ParallelGCFailedAllocation
Event: 2.893 Executing VM operation: ParallelGCFailedAllocation done
Event: 3.013 Executing VM operation: ParallelGCFailedAllocation
Event: 3.016 Executing VM operation: ParallelGCFailedAllocation done
Event: 3.101 Executing VM operation: HandshakeAllThreads
Event: 3.101 Executing VM operation: HandshakeAllThreads done
Event: 3.150 Executing VM operation: HandshakeAllThreads
Event: 3.150 Executing VM operation: HandshakeAllThreads done
Event: 3.185 Executing VM operation: HandshakeAllThreads
Event: 3.185 Executing VM operation: HandshakeAllThreads done
Event: 3.208 Executing VM operation: HandshakeAllThreads
Event: 3.208 Executing VM operation: HandshakeAllThreads done
Event: 3.230 Executing VM operation: HandshakeAllThreads
Event: 3.230 Executing VM operation: HandshakeAllThreads done

Events (20 events):
Event: 3.252 loading class com/sun/org/apache/xml/internal/serializer/NamespaceMappings
Event: 3.253 loading class com/sun/org/apache/xml/internal/serializer/NamespaceMappings done
Event: 3.253 loading class com/sun/org/apache/xml/internal/serializer/NamespaceMappings$MappingRecord
Event: 3.253 loading class com/sun/org/apache/xml/internal/serializer/NamespaceMappings$MappingRecord done
Event: 3.253 loading class javax/xml/transform/stream/StreamSource
Event: 3.253 loading class javax/xml/transform/stream/StreamSource done
Event: 3.253 loading class javax/xml/transform/sax/SAXSource
Event: 3.253 loading class javax/xml/transform/sax/SAXSource done
Event: 3.253 loading class javax/xml/transform/stax/StAXSource
Event: 3.254 loading class javax/xml/transform/stax/StAXSource done
Event: 3.254 loading class com/sun/org/apache/xalan/internal/xsltc/trax/DOM2TO
Event: 3.254 loading class com/sun/org/apache/xalan/internal/xsltc/trax/DOM2TO done
Event: 3.256 loading class com/sun/org/apache/xml/internal/serializer/WriterToUTF8Buffered
Event: 3.256 loading class com/sun/org/apache/xml/internal/serializer/WriterChain
Event: 3.256 loading class com/sun/org/apache/xml/internal/serializer/WriterChain done
Event: 3.256 loading class com/sun/org/apache/xml/internal/serializer/WriterToUTF8Buffered done
Event: 3.256 loading class com/sun/org/apache/xml/internal/serializer/WriterToASCI
Event: 3.256 loading class com/sun/org/apache/xml/internal/serializer/WriterToASCI done
Event: 3.272 loading class java/io/FileOutputStream$1
Event: 3.272 loading class java/io/FileOutputStream$1 done


Dynamic libraries:
0x00007ff6c7300000 - 0x00007ff6c730e000 	c:\Users\ADMIN\.vscode\extensions\redhat.java-1.25.1-win32-x64\jre\17.0.9-win32-x86_64\bin\java.exe
0x00007ffc03fb0000 - 0x00007ffc041a8000 	C:\Windows\SYSTEM32\ntdll.dll
0x00007ffc03830000 - 0x00007ffc038ed000 	C:\Windows\System32\KERNEL32.DLL
0x00007ffc01d30000 - 0x00007ffc02002000 	C:\Windows\System32\KERNELBASE.dll
0x00007ffc01820000 - 0x00007ffc01920000 	C:\Windows\System32\ucrtbase.dll
0x00007ffbe6460000 - 0x00007ffbe647b000 	c:\Users\ADMIN\.vscode\extensions\redhat.java-1.25.1-win32-x64\jre\17.0.9-win32-x86_64\bin\VCRUNTIME140.dll
0x00007ffbf31c0000 - 0x00007ffbf31d7000 	c:\Users\ADMIN\.vscode\extensions\redhat.java-1.25.1-win32-x64\jre\17.0.9-win32-x86_64\bin\jli.dll
0x00007ffc023d0000 - 0x00007ffc0256d000 	C:\Windows\System32\USER32.dll
0x00007ffc01920000 - 0x00007ffc01942000 	C:\Windows\System32\win32u.dll
0x00007ffbf00d0000 - 0x00007ffbf036a000 	C:\Windows\WinSxS\amd64_microsoft.windows.common-controls_6595b64144ccf1df_6.0.19041.1110_none_60b5254171f9507e\COMCTL32.dll
0x00007ffc03910000 - 0x00007ffc0393b000 	C:\Windows\System32\GDI32.dll
0x00007ffc03790000 - 0x00007ffc0382e000 	C:\Windows\System32\msvcrt.dll
0x00007ffc01bd0000 - 0x00007ffc01cdf000 	C:\Windows\System32\gdi32full.dll
0x00007ffc01950000 - 0x00007ffc019ed000 	C:\Windows\System32\msvcp_win.dll
0x00007ffc032e0000 - 0x00007ffc03310000 	C:\Windows\System32\IMM32.DLL
0x00007ffbfaea0000 - 0x00007ffbfaeac000 	c:\Users\ADMIN\.vscode\extensions\redhat.java-1.25.1-win32-x64\jre\17.0.9-win32-x86_64\bin\vcruntime140_1.dll
0x00007ffbc5b80000 - 0x00007ffbc5c0d000 	c:\Users\ADMIN\.vscode\extensions\redhat.java-1.25.1-win32-x64\jre\17.0.9-win32-x86_64\bin\msvcp140.dll
0x00007ffbb56b0000 - 0x00007ffbb6311000 	c:\Users\ADMIN\.vscode\extensions\redhat.java-1.25.1-win32-x64\jre\17.0.9-win32-x86_64\bin\server\jvm.dll
0x00007ffc027a0000 - 0x00007ffc0284e000 	C:\Windows\System32\ADVAPI32.dll
0x00007ffc02330000 - 0x00007ffc023cc000 	C:\Windows\System32\sechost.dll
0x00007ffc03e30000 - 0x00007ffc03f55000 	C:\Windows\System32\RPCRT4.dll
0x00007ffc01530000 - 0x00007ffc0157b000 	C:\Windows\SYSTEM32\POWRPROF.dll
0x00007ffbf52d0000 - 0x00007ffbf52d9000 	C:\Windows\SYSTEM32\WSOCK32.dll
0x00007ffbf71f0000 - 0x00007ffbf7217000 	C:\Windows\SYSTEM32\WINMM.dll
0x00007ffbf91f0000 - 0x00007ffbf91fa000 	C:\Windows\SYSTEM32\VERSION.dll
0x00007ffc03270000 - 0x00007ffc032db000 	C:\Windows\System32\WS2_32.dll
0x00007ffc01510000 - 0x00007ffc01522000 	C:\Windows\SYSTEM32\UMPDC.dll
0x00007ffbff580000 - 0x00007ffbff592000 	C:\Windows\SYSTEM32\kernel.appcore.dll
0x00007ffbfae80000 - 0x00007ffbfae8a000 	c:\Users\ADMIN\.vscode\extensions\redhat.java-1.25.1-win32-x64\jre\17.0.9-win32-x86_64\bin\jimage.dll
0x00007ffbf74c0000 - 0x00007ffbf76a4000 	C:\Windows\SYSTEM32\DBGHELP.DLL
0x00007ffbf1b20000 - 0x00007ffbf1b4c000 	C:\Windows\SYSTEM32\dbgcore.DLL
0x00007ffc019f0000 - 0x00007ffc01a72000 	C:\Windows\System32\bcryptPrimitives.dll
0x00007ffbf5460000 - 0x00007ffbf546e000 	c:\Users\ADMIN\.vscode\extensions\redhat.java-1.25.1-win32-x64\jre\17.0.9-win32-x86_64\bin\instrument.dll
0x00007ffbe4910000 - 0x00007ffbe4935000 	c:\Users\ADMIN\.vscode\extensions\redhat.java-1.25.1-win32-x64\jre\17.0.9-win32-x86_64\bin\java.dll
0x00007ffbe6160000 - 0x00007ffbe6178000 	c:\Users\ADMIN\.vscode\extensions\redhat.java-1.25.1-win32-x64\jre\17.0.9-win32-x86_64\bin\zip.dll
0x00007ffc029f0000 - 0x00007ffc03133000 	C:\Windows\System32\SHELL32.dll
0x00007ffbff780000 - 0x00007ffbfff11000 	C:\Windows\SYSTEM32\windows.storage.dll
0x00007ffc03ad0000 - 0x00007ffc03e24000 	C:\Windows\System32\combase.dll
0x00007ffc01040000 - 0x00007ffc01070000 	C:\Windows\SYSTEM32\Wldp.dll
0x00007ffc02570000 - 0x00007ffc0261d000 	C:\Windows\System32\SHCORE.dll
0x00007ffc02990000 - 0x00007ffc029e5000 	C:\Windows\System32\shlwapi.dll
0x00007ffc01600000 - 0x00007ffc0161f000 	C:\Windows\SYSTEM32\profapi.dll
0x00007ffbe5af0000 - 0x00007ffbe5b09000 	C:\Users\ADMIN\.vscode\extensions\redhat.java-1.25.1-win32-x64\jre\17.0.9-win32-x86_64\bin\net.dll
0x00007ffbf8940000 - 0x00007ffbf8a4d000 	C:\Windows\SYSTEM32\WINHTTP.dll
0x00007ffbeccc0000 - 0x00007ffbecccb000 	C:\Program Files\Common Files\SocksEscort\escortdrv.dll
0x00007ffc02860000 - 0x00007ffc0298a000 	C:\Windows\System32\ole32.dll
0x00007ffbecc80000 - 0x00007ffbeccb2000 	C:\Program Files\Common Files\SocksEscort\escengine.dll
0x00007ffc00da0000 - 0x00007ffc00e0a000 	C:\Windows\system32\mswsock.dll
0x00007ffbe4ce0000 - 0x00007ffbe4cf6000 	C:\Users\ADMIN\.vscode\extensions\redhat.java-1.25.1-win32-x64\jre\17.0.9-win32-x86_64\bin\nio.dll
0x00007ffbf5260000 - 0x00007ffbf5270000 	c:\Users\ADMIN\.vscode\extensions\redhat.java-1.25.1-win32-x64\jre\17.0.9-win32-x86_64\bin\verify.dll
0x00007ffbdbc30000 - 0x00007ffbdbc6e000 	C:\Users\ADMIN\AppData\Roaming\Code\User\globalStorage\redhat.java\1.25.1\config_win\org.eclipse.equinox.launcher\org.eclipse.equinox.launcher.win32.win32.x86_64_1.2.800.v20231003-1442\eclipse_11802.dll
0x00007ffc00f90000 - 0x00007ffc00fa8000 	C:\Windows\SYSTEM32\CRYPTSP.dll
0x00007ffc006c0000 - 0x00007ffc006f4000 	C:\Windows\system32\rsaenh.dll
0x00007ffc01af0000 - 0x00007ffc01b17000 	C:\Windows\System32\bcrypt.dll
0x00007ffc015c0000 - 0x00007ffc015ee000 	C:\Windows\SYSTEM32\USERENV.dll
0x00007ffc00fb0000 - 0x00007ffc00fbc000 	C:\Windows\SYSTEM32\CRYPTBASE.dll
0x00007ffc00a90000 - 0x00007ffc00acb000 	C:\Windows\SYSTEM32\IPHLPAPI.DLL
0x00007ffc03f60000 - 0x00007ffc03f68000 	C:\Windows\System32\NSI.dll
0x00007ffbfa730000 - 0x00007ffbfa747000 	C:\Windows\SYSTEM32\dhcpcsvc6.DLL
0x00007ffbfad40000 - 0x00007ffbfad5d000 	C:\Windows\SYSTEM32\dhcpcsvc.DLL
0x00007ffc00ad0000 - 0x00007ffc00b9a000 	C:\Windows\SYSTEM32\DNSAPI.dll
0x00007ffbd9ff0000 - 0x00007ffbda035000 	C:\Users\ADMIN\AppData\Local\Temp\jna-62130991\jna15575479125250795827.dll
0x00007ffc02850000 - 0x00007ffc02858000 	C:\Windows\System32\PSAPI.DLL

dbghelp: loaded successfully - version: 4.0.5 - missing functions: none
symbol engine: initialized successfully - sym options: 0x614 - pdb path: .;c:\Users\ADMIN\.vscode\extensions\redhat.java-1.25.1-win32-x64\jre\17.0.9-win32-x86_64\bin;C:\Windows\SYSTEM32;C:\Windows\WinSxS\amd64_microsoft.windows.common-controls_6595b64144ccf1df_6.0.19041.1110_none_60b5254171f9507e;c:\Users\ADMIN\.vscode\extensions\redhat.java-1.25.1-win32-x64\jre\17.0.9-win32-x86_64\bin\server;C:\Program Files\Common Files\SocksEscort;C:\Users\ADMIN\AppData\Roaming\Code\User\globalStorage\redhat.java\1.25.1\config_win\org.eclipse.equinox.launcher\org.eclipse.equinox.launcher.win32.win32.x86_64_1.2.800.v20231003-1442;C:\Users\ADMIN\AppData\Local\Temp\jna-62130991

VM Arguments:
jvm_args: --add-modules=ALL-SYSTEM --add-opens=java.base/java.util=ALL-UNNAMED --add-opens=java.base/java.lang=ALL-UNNAMED --add-opens=java.base/sun.nio.fs=ALL-UNNAMED -Declipse.application=org.eclipse.jdt.ls.core.id1 -Dosgi.bundles.defaultStartLevel=4 -Declipse.product=org.eclipse.jdt.ls.core.product -Djava.import.generatesMetadataFilesAtProjectRoot=false -DDetectVMInstallationsJob.disabled=true -Dfile.encoding=utf8 -XX:+UseParallelGC -XX:GCTimeRatio=4 -XX:AdaptiveSizePolicyWeight=90 -Dsun.zip.disableMemoryMapping=true -Xmx1G -Xms100m -Xlog:disable -javaagent:c:\Users\ADMIN\.vscode\extensions\redhat.java-1.25.1-win32-x64\lombok\lombok-1.18.30.jar -XX:+HeapDumpOnOutOfMemoryError -XX:HeapDumpPath=c:\Users\ADMIN\AppData\Roaming\Code\User\workspaceStorage\6cdb84a19000531febd1660c35a6afec\redhat.java -Daether.dependencyCollector.impl=bf 
java_command: c:\Users\ADMIN\.vscode\extensions\redhat.java-1.25.1-win32-x64\server\plugins\org.eclipse.equinox.launcher_1.6.600.v20231106-1826.jar -configuration c:\Users\ADMIN\AppData\Roaming\Code\User\globalStorage\redhat.java\1.25.1\config_win -data c:\Users\ADMIN\AppData\Roaming\Code\User\workspaceStorage\6cdb84a19000531febd1660c35a6afec\redhat.java\jdt_ws --stdio
java_class_path (initial): c:\Users\ADMIN\.vscode\extensions\redhat.java-1.25.1-win32-x64\server\plugins\org.eclipse.equinox.launcher_1.6.600.v20231106-1826.jar
Launcher Type: SUN_STANDARD

[Global flags]
    uintx AdaptiveSizePolicyWeight                 = 90                                        {product} {command line}
     intx CICompilerCount                          = 4                                         {product} {ergonomic}
    uintx GCTimeRatio                              = 4                                         {product} {command line}
     bool HeapDumpOnOutOfMemoryError               = true                                   {manageable} {command line}
    ccstr HeapDumpPath                             = c:\Users\ADMIN\AppData\Roaming\Code\User\workspaceStorage\6cdb84a19000531febd1660c35a6afec\redhat.java         {manageable} {command line}
   size_t InitialHeapSize                          = 104857600                                 {product} {command line}
   size_t MaxHeapSize                              = 1073741824                                {product} {command line}
   size_t MaxNewSize                               = 357564416                                 {product} {ergonomic}
   size_t MinHeapDeltaBytes                        = 524288                                    {product} {ergonomic}
   size_t MinHeapSize                              = 104857600                                 {product} {command line}
   size_t NewSize                                  = 34603008                                  {product} {ergonomic}
    uintx NonNMethodCodeHeapSize                   = 5839372                                {pd product} {ergonomic}
    uintx NonProfiledCodeHeapSize                  = 122909434                              {pd product} {ergonomic}
   size_t OldSize                                  = 70254592                                  {product} {ergonomic}
    uintx ProfiledCodeHeapSize                     = 122909434                              {pd product} {ergonomic}
    uintx ReservedCodeCacheSize                    = 251658240                              {pd product} {ergonomic}
     bool SegmentedCodeCache                       = true                                      {product} {ergonomic}
   size_t SoftMaxHeapSize                          = 1073741824                             {manageable} {ergonomic}
     bool UseCompressedClassPointers               = true                           {product lp64_product} {ergonomic}
     bool UseCompressedOops                        = true                           {product lp64_product} {ergonomic}
     bool UseLargePagesIndividualAllocation        = false                                  {pd product} {ergonomic}
     bool UseParallelGC                            = true                                      {product} {command line}

Logging:
Log output configuration:
 #0: stdout all=off uptime,level,tags
 #1: stderr all=off uptime,level,tags

Environment Variables:
JAVA_HOME=C:\Program Files\Java\jdk-19
PATH=C:\Program Files\Common Files\Oracle\Java\javapath;C:\Windows\system32;C:\Windows;C:\Windows\System32\Wbem;C:\Windows\System32\WindowsPowerShell\v1.0\;C:\Windows\System32\OpenSSH\;C:\Program Files\Java\jdk-19\bin;C:\Program Files\Git\cmd;C:\MinGW\bin;C:\Users\ADMIN\AppData\Roaming\nvm;C:\Program Files\nodejs;C:\Users\ADMIN\AppData\Local\Android\Sdk\platform-tools;C:\Program Files\MySQL\MySQL Shell 8.0\bin\;C:\Users\ADMIN\AppData\Local\Microsoft\WindowsApps;C:\Users\ADMIN\AppData\Local\Programs\Microsoft VS Code\bin;C:\Users\ADMIN\AppData\Local\Programs\Python\Python311;C:\Users\ADMIN\AppData\Local\Programs\Python\Python311\Scripts;C:\Users\ADMIN\AppData\Roaming\npm;C:\Users\ADMIN\AppData\Local\Programs\EmEditor;C:\Users\ADMIN\AppData\Roaming\nvm;C:\Program Files\nodejs;
USERNAME=ADMIN
OS=Windows_NT
PROCESSOR_IDENTIFIER=AMD64 Family 23 Model 96 Stepping 1, AuthenticAMD
TMP=C:\Users\ADMIN\AppData\Local\Temp
TEMP=C:\Users\ADMIN\AppData\Local\Temp



Periodic native trim disabled


---------------  S Y S T E M  ---------------

OS:
 Windows 10 , 64 bit Build 19041 (10.0.19041.1889)
OS uptime: 2 days 0:56 hours

CPU: total 12 (initial active 12) (12 cores per cpu, 2 threads per core) family 23 model 96 stepping 1 microcode 0x0, cx8, cmov, fxsr, ht, mmx, 3dnowpref, sse, sse2, sse3, ssse3, sse4a, sse4.1, sse4.2, popcnt, lzcnt, tsc, tscinvbit, avx, avx2, aes, clmul, bmi1, bmi2, adx, sha, fma, vzeroupper, clflush, clflushopt
Processor Information for all 12 processors :
  Max Mhz: 3000, Current Mhz: 3000, Mhz Limit: 3000

Memory: 4k page, system-wide physical 7579M (534M free)
TotalPageFile size 11675M (AvailPageFile size 40M)
current process WorkingSet (physical memory assigned to process): 166M, peak: 166M
current process commit charge ("private bytes"): 272M, peak: 272M

vm_info: OpenJDK 64-Bit Server VM (17.0.9+9) for windows-amd64 JRE (17.0.9+9), built on Oct 26 2023 14:01:42 by "admin" with MS VC++ 16.10 / 16.11 (VS2019)

END.
