#
# There is insufficient memory for the Java Runtime Environment to continue.
# Native memory allocation (malloc) failed to allocate 987776 bytes for Chunk::new
# Possible reasons:
#   The system is out of physical RAM or swap space
#   The process is running with CompressedOops enabled, and the Java Heap may be blocking the growth of the native heap
# Possible solutions:
#   Reduce memory load on the system
#   Increase physical memory or swap space
#   Check if swap backing store is full
#   Decrease Java heap size (-Xmx/-Xms)
#   Decrease number of Java threads
#   Decrease Java thread stack sizes (-Xss)
#   Set larger code cache with -XX:ReservedCodeCacheSize=
#   JVM is running with Unscaled Compressed Oops mode in which the Java heap is
#     placed in the first 4GB address space. The Java Heap base address is the
#     maximum limit for the native heap growth. Please use -XX:HeapBaseMinAddress
#     to set the Java Heap base and to place the Java Heap above 4GB virtual address.
# This output file may be truncated or incomplete.
#
#  Out of Memory Error (arena.cpp:189), pid=5524, tid=1116
#
# JRE version: OpenJDK Runtime Environment Temurin-17.0.8.1+1 (17.0.8.1+1) (build 17.0.8.1+1)
# Java VM: OpenJDK 64-Bit Server VM Temurin-17.0.8.1+1 (17.0.8.1+1, mixed mode, tiered, compressed oops, compressed class ptrs, parallel gc, windows-amd64)
# No core dump will be written. Minidumps are not enabled by default on client versions of Windows
#

---------------  S U M M A R Y ------------

Command Line: --add-modules=ALL-SYSTEM --add-opens=java.base/java.util=ALL-UNNAMED --add-opens=java.base/java.lang=ALL-UNNAMED --add-opens=java.base/sun.nio.fs=ALL-UNNAMED -Declipse.application=org.eclipse.jdt.ls.core.id1 -Dosgi.bundles.defaultStartLevel=4 -Declipse.product=org.eclipse.jdt.ls.core.product -Djava.import.generatesMetadataFilesAtProjectRoot=false -DDetectVMInstallationsJob.disabled=true -Dfile.encoding=utf8 -XX:+UseParallelGC -XX:GCTimeRatio=4 -XX:AdaptiveSizePolicyWeight=90 -Dsun.zip.disableMemoryMapping=true -Xmx1G -Xms100m -Xlog:disable -javaagent:c:\Users\ADMIN\.vscode\extensions\redhat.java-1.24.0-win32-x64\lombok\lombok-1.18.30.jar -XX:+HeapDumpOnOutOfMemoryError -XX:HeapDumpPath=c:\Users\ADMIN\AppData\Roaming\Code\User\workspaceStorage\6cdb84a19000531febd1660c35a6afec\redhat.java -Daether.dependencyCollector.impl=bf c:\Users\ADMIN\.vscode\extensions\redhat.java-1.24.0-win32-x64\server\plugins\org.eclipse.equinox.launcher_1.6.500.v20230717-2134.jar -configuration c:\Users\ADMIN\AppData\Roaming\Code\User\globalStorage\redhat.java\1.24.0\config_win -data c:\Users\ADMIN\AppData\Roaming\Code\User\workspaceStorage\6cdb84a19000531febd1660c35a6afec\redhat.java\jdt_ws --stdio

Host: AMD Ryzen 5 4600H with Radeon Graphics         , 12 cores, 7G,  Windows 10 , 64 bit Build 19041 (10.0.19041.1889)
Time: Wed Nov 29 17:14:29 2023 SE Asia Standard Time elapsed time: 3.930957 seconds (0d 0h 0m 3s)

---------------  T H R E A D  ---------------

Current thread (0x0000023c1e4f00a0):  JavaThread "C2 CompilerThread0" daemon [_thread_in_native, id=1116, stack(0x000000c5e5b00000,0x000000c5e5c00000)]


Current CompileTask:
C2:   3931 3447       4       org.lombokweb.asm.ClassReader::readMethod (1066 bytes)

Stack: [0x000000c5e5b00000,0x000000c5e5c00000]
Native frames: (J=compiled Java code, j=interpreted, Vv=VM code, C=native code)
V  [jvm.dll+0x678b0a]
V  [jvm.dll+0x835e84]
V  [jvm.dll+0x83762e]
V  [jvm.dll+0x837c93]
V  [jvm.dll+0x24746f]
V  [jvm.dll+0xac20c]
V  [jvm.dll+0xac7dc]
V  [jvm.dll+0x2ae7af]
V  [jvm.dll+0x581427]
V  [jvm.dll+0x222602]
V  [jvm.dll+0x2229df]
V  [jvm.dll+0x21ba55]
V  [jvm.dll+0x218f0b]
V  [jvm.dll+0x1a534d]
V  [jvm.dll+0x228d8a]
V  [jvm.dll+0x226dcc]
V  [jvm.dll+0x7ec09b]
V  [jvm.dll+0x7e64ca]
V  [jvm.dll+0x677955]
C  [ucrtbase.dll+0x21bb2]
C  [KERNEL32.DLL+0x17034]
C  [ntdll.dll+0x526a1]


---------------  P R O C E S S  ---------------

Threads class SMR info:
_java_thread_list=0x0000023c21001f80, length=21, elements={
0x0000023c05342280, 0x0000023c191bb270, 0x0000023c191bcb10, 0x0000023c053f9080,
0x0000023c053f9f00, 0x0000023c053fad80, 0x0000023c1e4eb150, 0x0000023c1e4f00a0,
0x0000023c1e4f0aa0, 0x0000023c1e4f14a0, 0x0000023c053a48f0, 0x0000023c1e82d020,
0x0000023c205c93c0, 0x0000023c1fe654d0, 0x0000023c20a90ab0, 0x0000023c209371f0,
0x0000023c20e3d790, 0x0000023c20e3d280, 0x0000023c20e3be40, 0x0000023c20e3ebd0,
0x0000023c20e3f0e0
}

Java Threads: ( => current thread )
  0x0000023c05342280 JavaThread "main" [_thread_blocked, id=6296, stack(0x000000c5e5200000,0x000000c5e5300000)]
  0x0000023c191bb270 JavaThread "Reference Handler" daemon [_thread_blocked, id=8532, stack(0x000000c5e5500000,0x000000c5e5600000)]
  0x0000023c191bcb10 JavaThread "Finalizer" daemon [_thread_blocked, id=2436, stack(0x000000c5e5600000,0x000000c5e5700000)]
  0x0000023c053f9080 JavaThread "Signal Dispatcher" daemon [_thread_blocked, id=13092, stack(0x000000c5e5700000,0x000000c5e5800000)]
  0x0000023c053f9f00 JavaThread "Attach Listener" daemon [_thread_blocked, id=10568, stack(0x000000c5e5800000,0x000000c5e5900000)]
  0x0000023c053fad80 JavaThread "Service Thread" daemon [_thread_blocked, id=1196, stack(0x000000c5e5900000,0x000000c5e5a00000)]
  0x0000023c1e4eb150 JavaThread "Monitor Deflation Thread" daemon [_thread_blocked, id=11628, stack(0x000000c5e5a00000,0x000000c5e5b00000)]
=>0x0000023c1e4f00a0 JavaThread "C2 CompilerThread0" daemon [_thread_in_native, id=1116, stack(0x000000c5e5b00000,0x000000c5e5c00000)]
  0x0000023c1e4f0aa0 JavaThread "C1 CompilerThread0" daemon [_thread_blocked, id=3656, stack(0x000000c5e5c00000,0x000000c5e5d00000)]
  0x0000023c1e4f14a0 JavaThread "Sweeper thread" daemon [_thread_blocked, id=8308, stack(0x000000c5e5d00000,0x000000c5e5e00000)]
  0x0000023c053a48f0 JavaThread "Common-Cleaner" daemon [_thread_blocked, id=13324, stack(0x000000c5e5e00000,0x000000c5e5f00000)]
  0x0000023c1e82d020 JavaThread "Notification Thread" daemon [_thread_blocked, id=5284, stack(0x000000c5e5f00000,0x000000c5e6000000)]
  0x0000023c205c93c0 JavaThread "Active Thread: Equinox Container: 4ce4f0d8-f964-48a3-be56-97155c6142f7" [_thread_blocked, id=2904, stack(0x000000c5e6900000,0x000000c5e6a00000)]
  0x0000023c1fe654d0 JavaThread "Framework Event Dispatcher: Equinox Container: 4ce4f0d8-f964-48a3-be56-97155c6142f7" daemon [_thread_blocked, id=1816, stack(0x000000c5e6a00000,0x000000c5e6b00000)]
  0x0000023c20a90ab0 JavaThread "Start Level: Equinox Container: 4ce4f0d8-f964-48a3-be56-97155c6142f7" daemon [_thread_in_native, id=12372, stack(0x000000c5e6b00000,0x000000c5e6c00000)]
  0x0000023c209371f0 JavaThread "Bundle File Closer" daemon [_thread_blocked, id=11460, stack(0x000000c5e6d00000,0x000000c5e6e00000)]
  0x0000023c20e3d790 JavaThread "SCR Component Actor" daemon [_thread_blocked, id=13124, stack(0x000000c5e6e00000,0x000000c5e6f00000)]
  0x0000023c20e3d280 JavaThread "SCR Component Registry" daemon [_thread_blocked, id=3588, stack(0x000000c5e7100000,0x000000c5e7200000)]
  0x0000023c20e3be40 JavaThread "Worker-JM" [_thread_blocked, id=4696, stack(0x000000c5e7200000,0x000000c5e7300000)]
  0x0000023c20e3ebd0 JavaThread "Worker-0" [_thread_blocked, id=5404, stack(0x000000c5e7300000,0x000000c5e7400000)]
  0x0000023c20e3f0e0 JavaThread "Worker-1" [_thread_blocked, id=8124, stack(0x000000c5e7400000,0x000000c5e7500000)]

Other Threads:
  0x0000023c191b93e0 VMThread "VM Thread" [stack: 0x000000c5e5400000,0x000000c5e5500000] [id=6288]
  0x0000023c1e82d900 WatcherThread [stack: 0x000000c5e6100000,0x000000c5e6200000] [id=5972]
  0x0000023c05357e60 GCTaskThread "GC Thread#0" [stack: 0x000000c5e5300000,0x000000c5e5400000] [id=8404]
  0x0000023c20026730 GCTaskThread "GC Thread#1" [stack: 0x000000c5e6300000,0x000000c5e6400000] [id=13004]
  0x0000023c200269f0 GCTaskThread "GC Thread#2" [stack: 0x000000c5e6400000,0x000000c5e6500000] [id=8096]
  0x0000023c20647ed0 GCTaskThread "GC Thread#3" [stack: 0x000000c5e6500000,0x000000c5e6600000] [id=12444]
  0x0000023c20648190 GCTaskThread "GC Thread#4" [stack: 0x000000c5e6600000,0x000000c5e6700000] [id=5228]
  0x0000023c20648450 GCTaskThread "GC Thread#5" [stack: 0x000000c5e6700000,0x000000c5e6800000] [id=2408]
  0x0000023c20648710 GCTaskThread "GC Thread#6" [stack: 0x000000c5e6800000,0x000000c5e6900000] [id=4468]
  0x0000023c20811d50 GCTaskThread "GC Thread#7" [stack: 0x000000c5e6c00000,0x000000c5e6d00000] [id=7020]
  0x0000023c20b3e4b0 GCTaskThread "GC Thread#8" [stack: 0x000000c5e6f00000,0x000000c5e7000000] [id=5704]
  0x0000023c20b3e770 GCTaskThread "GC Thread#9" [stack: 0x000000c5e7000000,0x000000c5e7100000] [id=5060]

Threads with active compile tasks:
C2 CompilerThread0     3943 3447       4       org.lombokweb.asm.ClassReader::readMethod (1066 bytes)
C1 CompilerThread0     3943 3575       3       com.sun.org.apache.xerces.internal.impl.XMLEntityManager::getFeatureDefault (36 bytes)

VM state: not at safepoint (normal execution)

VM Mutex/Monitor currently owned by a thread: None

Heap address: 0x00000000c0000000, size: 1024 MB, Compressed Oops mode: 32-bit

CDS archive(s) not mapped
Compressed class space mapped at: 0x0000000100000000-0x0000000140000000, reserved size: 1073741824
Narrow klass base: 0x0000000000000000, Narrow klass shift: 3, Narrow klass range: 0x140000000

GC Precious Log:
 CPUs: 12 total, 12 available
 Memory: 7579M
 Large Page Support: Disabled
 NUMA Support: Disabled
 Compressed Oops: Enabled (32-bit)
 Alignments: Space 512K, Generation 512K, Heap 2M
 Heap Min Capacity: 100M
 Heap Initial Capacity: 100M
 Heap Max Capacity: 1G
 Pre-touch: Disabled
 Parallel Workers: 10

Heap:
 PSYoungGen      total 27136K, used 8065K [0x00000000eab00000, 0x00000000ecc00000, 0x0000000100000000)
  eden space 22528K, 15% used [0x00000000eab00000,0x00000000eae66eb8,0x00000000ec100000)
  from space 4608K, 99% used [0x00000000ec700000,0x00000000ecb79668,0x00000000ecb80000)
  to   space 5632K, 0% used [0x00000000ec100000,0x00000000ec100000,0x00000000ec680000)
 ParOldGen       total 68608K, used 11762K [0x00000000c0000000, 0x00000000c4300000, 0x00000000eab00000)
  object space 68608K, 17% used [0x00000000c0000000,0x00000000c0b7cae8,0x00000000c4300000)
 Metaspace       used 32224K, committed 32960K, reserved 1114112K
  class space    used 3133K, committed 3456K, reserved 1048576K

Card table byte_map: [0x0000023c04ce0000,0x0000023c04ef0000] _byte_map_base: 0x0000023c046e0000

Marking Bits: (ParMarkBitMap*) 0x00007ffeb51683a0
 Begin Bits: [0x0000023c16fc0000, 0x0000023c17fc0000)
 End Bits:   [0x0000023c17fc0000, 0x0000023c18fc0000)

Polling page: 0x0000023c030f0000

Metaspace:

Usage:
  Non-class:     28.41 MB used.
      Class:      3.06 MB used.
       Both:     31.47 MB used.

Virtual space:
  Non-class space:       64.00 MB reserved,      28.81 MB ( 45%) committed,  1 nodes.
      Class space:        1.00 GB reserved,       3.38 MB ( <1%) committed,  1 nodes.
             Both:        1.06 GB reserved,      32.19 MB (  3%) committed. 

Chunk freelists:
   Non-Class:  2.34 MB
       Class:  12.48 MB
        Both:  14.82 MB

MaxMetaspaceSize: unlimited
CompressedClassSpaceSize: 1.00 GB
Initial GC threshold: 21.00 MB
Current GC threshold: 35.00 MB
CDS: off
MetaspaceReclaimPolicy: balanced
 - commit_granule_bytes: 65536.
 - commit_granule_words: 8192.
 - virtual_space_node_default_size: 8388608.
 - enlarge_chunks_in_place: 1.
 - new_chunks_are_fully_committed: 0.
 - uncommit_free_chunks: 1.
 - use_allocation_guard: 0.
 - handle_deallocations: 1.


Internal statistics:

num_allocs_failed_limit: 3.
num_arena_births: 334.
num_arena_deaths: 14.
num_vsnodes_births: 2.
num_vsnodes_deaths: 0.
num_space_committed: 515.
num_space_uncommitted: 0.
num_chunks_returned_to_freelist: 17.
num_chunks_taken_from_freelist: 1258.
num_chunk_merges: 7.
num_chunk_splits: 836.
num_chunks_enlarged: 581.
num_inconsistent_stats: 0.

CodeHeap 'non-profiled nmethods': size=120000Kb used=1524Kb max_used=1524Kb free=118475Kb
 bounds [0x0000023c0fa90000, 0x0000023c0fd00000, 0x0000023c16fc0000]
CodeHeap 'profiled nmethods': size=120000Kb used=7439Kb max_used=7439Kb free=112560Kb
 bounds [0x0000023c07fc0000, 0x0000023c08710000, 0x0000023c0f4f0000]
CodeHeap 'non-nmethods': size=5760Kb used=1249Kb max_used=1258Kb free=4510Kb
 bounds [0x0000023c0f4f0000, 0x0000023c0f760000, 0x0000023c0fa90000]
 total_blobs=4133 nmethods=3564 adapters=481
 compilation: enabled
              stopped_count=0, restarted_count=0
 full_count=0

Compilation events (20 events):
Event: 3.927 Thread 0x0000023c1e4f0aa0 nmethod 3542 0x0000023c086f5e90 code [0x0000023c086f6040, 0x0000023c086f6228]
Event: 3.927 Thread 0x0000023c1e4f0aa0 3540       1       org.eclipse.core.runtime.QualifiedName::getQualifier (5 bytes)
Event: 3.927 Thread 0x0000023c1e4f0aa0 nmethod 3540 0x0000023c0fc0be10 code [0x0000023c0fc0bfa0, 0x0000023c0fc0c078]
Event: 3.927 Thread 0x0000023c1e4f0aa0 3544       1       org.eclipse.core.internal.resources.WorkspaceRoot::exists (2 bytes)
Event: 3.927 Thread 0x0000023c1e4f0aa0 nmethod 3544 0x0000023c0fc0c110 code [0x0000023c0fc0c2a0, 0x0000023c0fc0c378]
Event: 3.927 Thread 0x0000023c1e4f0aa0 3545       1       org.eclipse.core.internal.resources.Workspace::getPropertyManager (5 bytes)
Event: 3.927 Thread 0x0000023c1e4f0aa0 nmethod 3545 0x0000023c0fc0c410 code [0x0000023c0fc0c5a0, 0x0000023c0fc0c678]
Event: 3.927 Thread 0x0000023c1e4f0aa0 3546       1       org.eclipse.core.internal.localstore.BucketTree::getCurrent (5 bytes)
Event: 3.927 Thread 0x0000023c1e4f0aa0 nmethod 3546 0x0000023c0fc0c710 code [0x0000023c0fc0c8a0, 0x0000023c0fc0c978]
Event: 3.927 Thread 0x0000023c1e4f0aa0 3547       1       org.eclipse.core.runtime.QualifiedName::getLocalName (5 bytes)
Event: 3.927 Thread 0x0000023c1e4f0aa0 nmethod 3547 0x0000023c0fc0ca10 code [0x0000023c0fc0cba0, 0x0000023c0fc0cc78]
Event: 3.927 Thread 0x0000023c1e4f0aa0 3520       3       com.sun.org.apache.xerces.internal.util.XMLAttributesImpl::setValue (27 bytes)
Event: 3.928 Thread 0x0000023c1e4f0aa0 nmethod 3520 0x0000023c086f6310 code [0x0000023c086f64a0, 0x0000023c086f6618]
Event: 3.929 Thread 0x0000023c1e4f0aa0 3548       3       com.sun.org.apache.xerces.internal.impl.XMLEntityScanner::invokeListeners (37 bytes)
Event: 3.929 Thread 0x0000023c1e4f0aa0 nmethod 3548 0x0000023c086f6710 code [0x0000023c086f6900, 0x0000023c086f6f38]
Event: 3.929 Thread 0x0000023c1e4f0aa0 3549       3       com.sun.org.apache.xerces.internal.dom.DeferredDocumentImpl::setChunkIndex (67 bytes)
Event: 3.929 Thread 0x0000023c1e4f0aa0 nmethod 3549 0x0000023c086f7210 code [0x0000023c086f73e0, 0x0000023c086f76f8]
Event: 3.929 Thread 0x0000023c1e4f0aa0 3550       3       com.sun.org.apache.xerces.internal.dom.DeferredDocumentImpl::clearChunkIndex (57 bytes)
Event: 3.930 Thread 0x0000023c1e4f0aa0 nmethod 3550 0x0000023c086f7890 code [0x0000023c086f7a40, 0x0000023c086f7df8]
Event: 3.930 Thread 0x0000023c1e4f0aa0 3551       3       org.eclipse.jdt.ls.core.internal.filesystem.JLSFsUtils::shouldStoreInMetadataArea (73 bytes)

GC Heap History (18 events):
Event: 1.275 GC heap before
{Heap before GC invocations=1 (full 0):
 PSYoungGen      total 29696K, used 25600K [0x00000000eab00000, 0x00000000ecc00000, 0x0000000100000000)
  eden space 25600K, 100% used [0x00000000eab00000,0x00000000ec400000,0x00000000ec400000)
  from space 4096K, 0% used [0x00000000ec800000,0x00000000ec800000,0x00000000ecc00000)
  to   space 4096K, 0% used [0x00000000ec400000,0x00000000ec400000,0x00000000ec800000)
 ParOldGen       total 68608K, used 0K [0x00000000c0000000, 0x00000000c4300000, 0x00000000eab00000)
  object space 68608K, 0% used [0x00000000c0000000,0x00000000c0000000,0x00000000c4300000)
 Metaspace       used 11003K, committed 11200K, reserved 1114112K
  class space    used 1098K, committed 1216K, reserved 1048576K
}
Event: 1.285 GC heap after
{Heap after GC invocations=1 (full 0):
 PSYoungGen      total 29696K, used 3139K [0x00000000eab00000, 0x00000000ecc00000, 0x0000000100000000)
  eden space 25600K, 0% used [0x00000000eab00000,0x00000000eab00000,0x00000000ec400000)
  from space 4096K, 76% used [0x00000000ec400000,0x00000000ec710c28,0x00000000ec800000)
  to   space 4096K, 0% used [0x00000000ec800000,0x00000000ec800000,0x00000000ecc00000)
 ParOldGen       total 68608K, used 16K [0x00000000c0000000, 0x00000000c4300000, 0x00000000eab00000)
  object space 68608K, 0% used [0x00000000c0000000,0x00000000c0004000,0x00000000c4300000)
 Metaspace       used 11003K, committed 11200K, reserved 1114112K
  class space    used 1098K, committed 1216K, reserved 1048576K
}
Event: 2.088 GC heap before
{Heap before GC invocations=2 (full 0):
 PSYoungGen      total 29696K, used 28739K [0x00000000eab00000, 0x00000000ecc00000, 0x0000000100000000)
  eden space 25600K, 100% used [0x00000000eab00000,0x00000000ec400000,0x00000000ec400000)
  from space 4096K, 76% used [0x00000000ec400000,0x00000000ec710c28,0x00000000ec800000)
  to   space 4096K, 0% used [0x00000000ec800000,0x00000000ec800000,0x00000000ecc00000)
 ParOldGen       total 68608K, used 16K [0x00000000c0000000, 0x00000000c4300000, 0x00000000eab00000)
  object space 68608K, 0% used [0x00000000c0000000,0x00000000c0004000,0x00000000c4300000)
 Metaspace       used 14714K, committed 14976K, reserved 1114112K
  class space    used 1479K, committed 1600K, reserved 1048576K
}
Event: 2.093 GC heap after
{Heap after GC invocations=2 (full 0):
 PSYoungGen      total 29696K, used 4066K [0x00000000eab00000, 0x00000000ecc00000, 0x0000000100000000)
  eden space 25600K, 0% used [0x00000000eab00000,0x00000000eab00000,0x00000000ec400000)
  from space 4096K, 99% used [0x00000000ec800000,0x00000000ecbf88d8,0x00000000ecc00000)
  to   space 4096K, 0% used [0x00000000ec400000,0x00000000ec400000,0x00000000ec800000)
 ParOldGen       total 68608K, used 1508K [0x00000000c0000000, 0x00000000c4300000, 0x00000000eab00000)
  object space 68608K, 2% used [0x00000000c0000000,0x00000000c0179390,0x00000000c4300000)
 Metaspace       used 14714K, committed 14976K, reserved 1114112K
  class space    used 1479K, committed 1600K, reserved 1048576K
}
Event: 2.579 GC heap before
{Heap before GC invocations=3 (full 0):
 PSYoungGen      total 29696K, used 29666K [0x00000000eab00000, 0x00000000ecc00000, 0x0000000100000000)
  eden space 25600K, 100% used [0x00000000eab00000,0x00000000ec400000,0x00000000ec400000)
  from space 4096K, 99% used [0x00000000ec800000,0x00000000ecbf88d8,0x00000000ecc00000)
  to   space 4096K, 0% used [0x00000000ec400000,0x00000000ec400000,0x00000000ec800000)
 ParOldGen       total 68608K, used 1508K [0x00000000c0000000, 0x00000000c4300000, 0x00000000eab00000)
  object space 68608K, 2% used [0x00000000c0000000,0x00000000c0179390,0x00000000c4300000)
 Metaspace       used 16950K, committed 17280K, reserved 1114112K
  class space    used 1717K, committed 1856K, reserved 1048576K
}
Event: 2.585 GC heap after
{Heap after GC invocations=3 (full 0):
 PSYoungGen      total 29696K, used 4071K [0x00000000eab00000, 0x00000000ecc00000, 0x0000000100000000)
  eden space 25600K, 0% used [0x00000000eab00000,0x00000000eab00000,0x00000000ec400000)
  from space 4096K, 99% used [0x00000000ec400000,0x00000000ec7f9cb0,0x00000000ec800000)
  to   space 4096K, 0% used [0x00000000ec800000,0x00000000ec800000,0x00000000ecc00000)
 ParOldGen       total 68608K, used 5196K [0x00000000c0000000, 0x00000000c4300000, 0x00000000eab00000)
  object space 68608K, 7% used [0x00000000c0000000,0x00000000c0513320,0x00000000c4300000)
 Metaspace       used 16950K, committed 17280K, reserved 1114112K
  class space    used 1717K, committed 1856K, reserved 1048576K
}
Event: 2.977 GC heap before
{Heap before GC invocations=4 (full 0):
 PSYoungGen      total 29696K, used 28701K [0x00000000eab00000, 0x00000000ecc00000, 0x0000000100000000)
  eden space 25600K, 96% used [0x00000000eab00000,0x00000000ec30d8e8,0x00000000ec400000)
  from space 4096K, 99% used [0x00000000ec400000,0x00000000ec7f9cb0,0x00000000ec800000)
  to   space 4096K, 0% used [0x00000000ec800000,0x00000000ec800000,0x00000000ecc00000)
 ParOldGen       total 68608K, used 5196K [0x00000000c0000000, 0x00000000c4300000, 0x00000000eab00000)
  object space 68608K, 7% used [0x00000000c0000000,0x00000000c0513320,0x00000000c4300000)
 Metaspace       used 21049K, committed 21504K, reserved 1114112K
  class space    used 2129K, committed 2368K, reserved 1048576K
}
Event: 2.981 GC heap after
{Heap after GC invocations=4 (full 0):
 PSYoungGen      total 29696K, used 4090K [0x00000000eab00000, 0x00000000ecc00000, 0x0000000100000000)
  eden space 25600K, 0% used [0x00000000eab00000,0x00000000eab00000,0x00000000ec400000)
  from space 4096K, 99% used [0x00000000ec800000,0x00000000ecbfeb18,0x00000000ecc00000)
  to   space 4096K, 0% used [0x00000000ec400000,0x00000000ec400000,0x00000000ec800000)
 ParOldGen       total 68608K, used 6550K [0x00000000c0000000, 0x00000000c4300000, 0x00000000eab00000)
  object space 68608K, 9% used [0x00000000c0000000,0x00000000c0665828,0x00000000c4300000)
 Metaspace       used 21049K, committed 21504K, reserved 1114112K
  class space    used 2129K, committed 2368K, reserved 1048576K
}
Event: 2.981 GC heap before
{Heap before GC invocations=5 (full 1):
 PSYoungGen      total 29696K, used 4090K [0x00000000eab00000, 0x00000000ecc00000, 0x0000000100000000)
  eden space 25600K, 0% used [0x00000000eab00000,0x00000000eab00000,0x00000000ec400000)
  from space 4096K, 99% used [0x00000000ec800000,0x00000000ecbfeb18,0x00000000ecc00000)
  to   space 4096K, 0% used [0x00000000ec400000,0x00000000ec400000,0x00000000ec800000)
 ParOldGen       total 68608K, used 6550K [0x00000000c0000000, 0x00000000c4300000, 0x00000000eab00000)
  object space 68608K, 9% used [0x00000000c0000000,0x00000000c0665828,0x00000000c4300000)
 Metaspace       used 21049K, committed 21504K, reserved 1114112K
  class space    used 2129K, committed 2368K, reserved 1048576K
}
Event: 3.002 GC heap after
{Heap after GC invocations=5 (full 1):
 PSYoungGen      total 29696K, used 0K [0x00000000eab00000, 0x00000000ecc00000, 0x0000000100000000)
  eden space 25600K, 0% used [0x00000000eab00000,0x00000000eab00000,0x00000000ec400000)
  from space 4096K, 0% used [0x00000000ec800000,0x00000000ec800000,0x00000000ecc00000)
  to   space 4096K, 0% used [0x00000000ec400000,0x00000000ec400000,0x00000000ec800000)
 ParOldGen       total 68608K, used 10370K [0x00000000c0000000, 0x00000000c4300000, 0x00000000eab00000)
  object space 68608K, 15% used [0x00000000c0000000,0x00000000c0a20ae8,0x00000000c4300000)
 Metaspace       used 21036K, committed 21504K, reserved 1114112K
  class space    used 2125K, committed 2368K, reserved 1048576K
}
Event: 3.355 GC heap before
{Heap before GC invocations=6 (full 1):
 PSYoungGen      total 29696K, used 25567K [0x00000000eab00000, 0x00000000ecc00000, 0x0000000100000000)
  eden space 25600K, 99% used [0x00000000eab00000,0x00000000ec3f7d48,0x00000000ec400000)
  from space 4096K, 0% used [0x00000000ec800000,0x00000000ec800000,0x00000000ecc00000)
  to   space 4096K, 0% used [0x00000000ec400000,0x00000000ec400000,0x00000000ec800000)
 ParOldGen       total 68608K, used 10370K [0x00000000c0000000, 0x00000000c4300000, 0x00000000eab00000)
  object space 68608K, 15% used [0x00000000c0000000,0x00000000c0a20ae8,0x00000000c4300000)
 Metaspace       used 23871K, committed 24448K, reserved 1114112K
  class space    used 2423K, committed 2688K, reserved 1048576K
}
Event: 3.356 GC heap after
{Heap after GC invocations=6 (full 1):
 PSYoungGen      total 29184K, used 3095K [0x00000000eab00000, 0x00000000ecc80000, 0x0000000100000000)
  eden space 25088K, 0% used [0x00000000eab00000,0x00000000eab00000,0x00000000ec380000)
  from space 4096K, 75% used [0x00000000ec400000,0x00000000ec705c48,0x00000000ec800000)
  to   space 4608K, 0% used [0x00000000ec800000,0x00000000ec800000,0x00000000ecc80000)
 ParOldGen       total 68608K, used 10378K [0x00000000c0000000, 0x00000000c4300000, 0x00000000eab00000)
  object space 68608K, 15% used [0x00000000c0000000,0x00000000c0a22ae8,0x00000000c4300000)
 Metaspace       used 23871K, committed 24448K, reserved 1114112K
  class space    used 2423K, committed 2688K, reserved 1048576K
}
Event: 3.620 GC heap before
{Heap before GC invocations=7 (full 1):
 PSYoungGen      total 29184K, used 28066K [0x00000000eab00000, 0x00000000ecc80000, 0x0000000100000000)
  eden space 25088K, 99% used [0x00000000eab00000,0x00000000ec362bc0,0x00000000ec380000)
  from space 4096K, 75% used [0x00000000ec400000,0x00000000ec705c48,0x00000000ec800000)
  to   space 4608K, 0% used [0x00000000ec800000,0x00000000ec800000,0x00000000ecc80000)
 ParOldGen       total 68608K, used 10378K [0x00000000c0000000, 0x00000000c4300000, 0x00000000eab00000)
  object space 68608K, 15% used [0x00000000c0000000,0x00000000c0a22ae8,0x00000000c4300000)
 Metaspace       used 27171K, committed 27776K, reserved 1114112K
  class space    used 2766K, committed 3008K, reserved 1048576K
}
Event: 3.622 GC heap after
{Heap after GC invocations=7 (full 1):
 PSYoungGen      total 28160K, used 4608K [0x00000000eab00000, 0x00000000ecf00000, 0x0000000100000000)
  eden space 23552K, 0% used [0x00000000eab00000,0x00000000eab00000,0x00000000ec200000)
  from space 4608K, 100% used [0x00000000ec800000,0x00000000ecc80000,0x00000000ecc80000)
  to   space 6144K, 0% used [0x00000000ec200000,0x00000000ec200000,0x00000000ec800000)
 ParOldGen       total 68608K, used 11202K [0x00000000c0000000, 0x00000000c4300000, 0x00000000eab00000)
  object space 68608K, 16% used [0x00000000c0000000,0x00000000c0af0ae8,0x00000000c4300000)
 Metaspace       used 27171K, committed 27776K, reserved 1114112K
  class space    used 2766K, committed 3008K, reserved 1048576K
}
Event: 3.769 GC heap before
{Heap before GC invocations=8 (full 1):
 PSYoungGen      total 28160K, used 28160K [0x00000000eab00000, 0x00000000ecf00000, 0x0000000100000000)
  eden space 23552K, 100% used [0x00000000eab00000,0x00000000ec200000,0x00000000ec200000)
  from space 4608K, 100% used [0x00000000ec800000,0x00000000ecc80000,0x00000000ecc80000)
  to   space 6144K, 0% used [0x00000000ec200000,0x00000000ec200000,0x00000000ec800000)
 ParOldGen       total 68608K, used 11202K [0x00000000c0000000, 0x00000000c4300000, 0x00000000eab00000)
  object space 68608K, 16% used [0x00000000c0000000,0x00000000c0af0ae8,0x00000000c4300000)
 Metaspace       used 29777K, committed 30400K, reserved 1114112K
  class space    used 2939K, committed 3200K, reserved 1048576K
}
Event: 3.771 GC heap after
{Heap after GC invocations=8 (full 1):
 PSYoungGen      total 28160K, used 4654K [0x00000000eab00000, 0x00000000ecb80000, 0x0000000100000000)
  eden space 23040K, 0% used [0x00000000eab00000,0x00000000eab00000,0x00000000ec180000)
  from space 5120K, 90% used [0x00000000ec200000,0x00000000ec68bbe0,0x00000000ec700000)
  to   space 4608K, 0% used [0x00000000ec700000,0x00000000ec700000,0x00000000ecb80000)
 ParOldGen       total 68608K, used 11210K [0x00000000c0000000, 0x00000000c4300000, 0x00000000eab00000)
  object space 68608K, 16% used [0x00000000c0000000,0x00000000c0af2ae8,0x00000000c4300000)
 Metaspace       used 29777K, committed 30400K, reserved 1114112K
  class space    used 2939K, committed 3200K, reserved 1048576K
}
Event: 3.894 GC heap before
{Heap before GC invocations=9 (full 1):
 PSYoungGen      total 28160K, used 27694K [0x00000000eab00000, 0x00000000ecb80000, 0x0000000100000000)
  eden space 23040K, 100% used [0x00000000eab00000,0x00000000ec180000,0x00000000ec180000)
  from space 5120K, 90% used [0x00000000ec200000,0x00000000ec68bbe0,0x00000000ec700000)
  to   space 4608K, 0% used [0x00000000ec700000,0x00000000ec700000,0x00000000ecb80000)
 ParOldGen       total 68608K, used 11210K [0x00000000c0000000, 0x00000000c4300000, 0x00000000eab00000)
  object space 68608K, 16% used [0x00000000c0000000,0x00000000c0af2ae8,0x00000000c4300000)
 Metaspace       used 31923K, committed 32576K, reserved 1114112K
  class space    used 3090K, committed 3328K, reserved 1048576K
}
Event: 3.896 GC heap after
{Heap after GC invocations=9 (full 1):
 PSYoungGen      total 27136K, used 4581K [0x00000000eab00000, 0x00000000ecc00000, 0x0000000100000000)
  eden space 22528K, 0% used [0x00000000eab00000,0x00000000eab00000,0x00000000ec100000)
  from space 4608K, 99% used [0x00000000ec700000,0x00000000ecb79668,0x00000000ecb80000)
  to   space 5632K, 0% used [0x00000000ec100000,0x00000000ec100000,0x00000000ec680000)
 ParOldGen       total 68608K, used 11762K [0x00000000c0000000, 0x00000000c4300000, 0x00000000eab00000)
  object space 68608K, 17% used [0x00000000c0000000,0x00000000c0b7cae8,0x00000000c4300000)
 Metaspace       used 31923K, committed 32576K, reserved 1114112K
  class space    used 3090K, committed 3328K, reserved 1048576K
}

Dll operation events (9 events):
Event: 0.011 Loaded shared library c:\Users\ADMIN\.vscode\extensions\redhat.java-1.24.0-win32-x64\jre\17.0.8.1-win32-x86_64\bin\java.dll
Event: 0.214 Loaded shared library c:\Users\ADMIN\.vscode\extensions\redhat.java-1.24.0-win32-x64\jre\17.0.8.1-win32-x86_64\bin\zip.dll
Event: 0.220 Loaded shared library C:\Users\ADMIN\.vscode\extensions\redhat.java-1.24.0-win32-x64\jre\17.0.8.1-win32-x86_64\bin\instrument.dll
Event: 0.241 Loaded shared library C:\Users\ADMIN\.vscode\extensions\redhat.java-1.24.0-win32-x64\jre\17.0.8.1-win32-x86_64\bin\net.dll
Event: 0.474 Loaded shared library C:\Users\ADMIN\.vscode\extensions\redhat.java-1.24.0-win32-x64\jre\17.0.8.1-win32-x86_64\bin\nio.dll
Event: 0.482 Loaded shared library C:\Users\ADMIN\.vscode\extensions\redhat.java-1.24.0-win32-x64\jre\17.0.8.1-win32-x86_64\bin\zip.dll
Event: 0.504 Loaded shared library C:\Users\ADMIN\.vscode\extensions\redhat.java-1.24.0-win32-x64\jre\17.0.8.1-win32-x86_64\bin\jimage.dll
Event: 0.579 Loaded shared library c:\Users\ADMIN\.vscode\extensions\redhat.java-1.24.0-win32-x64\jre\17.0.8.1-win32-x86_64\bin\verify.dll
Event: 2.026 Loaded shared library C:\Users\ADMIN\AppData\Roaming\Code\User\globalStorage\redhat.java\1.24.0\config_win\org.eclipse.equinox.launcher\org.eclipse.equinox.launcher.win32.win32.x86_64_1.2.700.v20221108-1024\eclipse_11801.dll

Deoptimization events (20 events):
Event: 3.672 Thread 0x0000023c20a90ab0 DEOPT PACKING pc=0x0000023c084fe9ce sp=0x000000c5e6bf9530
Event: 3.672 Thread 0x0000023c20a90ab0 DEOPT UNPACKING pc=0x0000023c0f546e43 sp=0x000000c5e6bf8a40 mode 0
Event: 3.672 Thread 0x0000023c20a90ab0 DEOPT PACKING pc=0x0000023c084fe9ce sp=0x000000c5e6bf9530
Event: 3.672 Thread 0x0000023c20a90ab0 DEOPT UNPACKING pc=0x0000023c0f546e43 sp=0x000000c5e6bf8a40 mode 0
Event: 3.673 Thread 0x0000023c20a90ab0 DEOPT PACKING pc=0x0000023c084fe9ce sp=0x000000c5e6bf9530
Event: 3.673 Thread 0x0000023c20a90ab0 DEOPT UNPACKING pc=0x0000023c0f546e43 sp=0x000000c5e6bf8a40 mode 0
Event: 3.673 Thread 0x0000023c20a90ab0 DEOPT PACKING pc=0x0000023c084fe9ce sp=0x000000c5e6bf9530
Event: 3.673 Thread 0x0000023c20a90ab0 DEOPT UNPACKING pc=0x0000023c0f546e43 sp=0x000000c5e6bf8a40 mode 0
Event: 3.673 Thread 0x0000023c20a90ab0 DEOPT PACKING pc=0x0000023c084fe9ce sp=0x000000c5e6bf9530
Event: 3.673 Thread 0x0000023c20a90ab0 DEOPT UNPACKING pc=0x0000023c0f546e43 sp=0x000000c5e6bf8a40 mode 0
Event: 3.884 Thread 0x0000023c20a90ab0 Uncommon trap: trap_request=0xffffffc6 fr.pc=0x0000023c0fb5fed0 relative=0x0000000000000d30
Event: 3.884 Thread 0x0000023c20a90ab0 Uncommon trap: reason=bimorphic_or_optimized_type_check action=maybe_recompile pc=0x0000023c0fb5fed0 method=java.util.Properties$LineReader.readLine()I @ 479 c2
Event: 3.884 Thread 0x0000023c20a90ab0 DEOPT PACKING pc=0x0000023c0fb5fed0 sp=0x000000c5e6bf8190
Event: 3.884 Thread 0x0000023c20a90ab0 DEOPT UNPACKING pc=0x0000023c0f5466a3 sp=0x000000c5e6bf8130 mode 2
Event: 3.914 Thread 0x0000023c20a90ab0 DEOPT PACKING pc=0x0000023c082a3b44 sp=0x000000c5e6bf9690
Event: 3.914 Thread 0x0000023c20a90ab0 DEOPT UNPACKING pc=0x0000023c0f546e43 sp=0x000000c5e6bf8c10 mode 0
Event: 3.919 Thread 0x0000023c20a90ab0 Uncommon trap: trap_request=0xffffff45 fr.pc=0x0000023c0fbaab24 relative=0x0000000000000724
Event: 3.919 Thread 0x0000023c20a90ab0 Uncommon trap: reason=unstable_if action=reinterpret pc=0x0000023c0fbaab24 method=org.eclipse.core.runtime.Path.append(Ljava/lang/String;)Lorg/eclipse/core/runtime/IPath; @ 7 c2
Event: 3.919 Thread 0x0000023c20a90ab0 DEOPT PACKING pc=0x0000023c0fbaab24 sp=0x000000c5e6bf9c70
Event: 3.919 Thread 0x0000023c20a90ab0 DEOPT UNPACKING pc=0x0000023c0f5466a3 sp=0x000000c5e6bf9c30 mode 2

Classes unloaded (7 events):
Event: 2.985 Thread 0x0000023c191b93e0 Unloading class 0x0000000100250000 'java/lang/invoke/LambdaForm$MH+0x0000000100250000'
Event: 2.985 Thread 0x0000023c191b93e0 Unloading class 0x000000010024fc00 'java/lang/invoke/LambdaForm$MH+0x000000010024fc00'
Event: 2.985 Thread 0x0000023c191b93e0 Unloading class 0x000000010024f800 'java/lang/invoke/LambdaForm$MH+0x000000010024f800'
Event: 2.985 Thread 0x0000023c191b93e0 Unloading class 0x000000010024f400 'java/lang/invoke/LambdaForm$MH+0x000000010024f400'
Event: 2.985 Thread 0x0000023c191b93e0 Unloading class 0x000000010024f000 'java/lang/invoke/LambdaForm$BMH+0x000000010024f000'
Event: 2.985 Thread 0x0000023c191b93e0 Unloading class 0x000000010024ec00 'java/lang/invoke/LambdaForm$DMH+0x000000010024ec00'
Event: 2.985 Thread 0x0000023c191b93e0 Unloading class 0x000000010024c000 'java/lang/invoke/LambdaForm$DMH+0x000000010024c000'

Classes redefined (0 events):
No events

Internal exceptions (20 events):
Event: 2.928 Thread 0x0000023c20a90ab0 Exception <a 'java/lang/NoSuchMethodError'{0x00000000ec04f140}: 'java.lang.Object java.lang.invoke.DelegatingMethodHandle$Holder.reinvoke_L(java.lang.Object, java.lang.Object, java.lang.Object, java.lang.Object, int, int)'> (0x00000000ec04f140) 
thrown [s\src\hotspot\share\interpreter\linkResolver.cpp, line 759]
Event: 2.929 Thread 0x0000023c20a90ab0 Exception <a 'java/lang/NoSuchMethodError'{0x00000000ec063960}: 'java.lang.Object java.lang.invoke.Invokers$Holder.invokeExact_MT(java.lang.Object, java.lang.Object, java.lang.Object, java.lang.Object)'> (0x00000000ec063960) 
thrown [s\src\hotspot\share\interpreter\linkResolver.cpp, line 759]
Event: 3.004 Thread 0x0000023c20a90ab0 Exception <a 'java/io/FileNotFoundException'{0x00000000eab3df30}> (0x00000000eab3df30) 
thrown [s\src\hotspot\share\prims\jni.cpp, line 516]
Event: 3.068 Thread 0x0000023c20a90ab0 Exception <a 'java/lang/NoSuchMethodError'{0x00000000eb175d08}: 'java.lang.Object java.lang.invoke.DirectMethodHandle$Holder.newInvokeSpecial(java.lang.Object, java.lang.Object, java.lang.Object, java.lang.Object, java.lang.Object)'> (0x00000000eb175d08) 
thrown [s\src\hotspot\share\interpreter\linkResolver.cpp, line 759]
Event: 3.197 Thread 0x0000023c20a90ab0 Exception <a 'java/lang/NoSuchMethodError'{0x00000000eb6515c0}: 'java.lang.Object java.lang.invoke.DirectMethodHandle$Holder.invokeSpecial(java.lang.Object, java.lang.Object, java.lang.Object, long, java.lang.Object)'> (0x00000000eb6515c0) 
thrown [s\src\hotspot\share\interpreter\linkResolver.cpp, line 759]
Event: 3.197 Thread 0x0000023c20a90ab0 Exception <a 'java/lang/NoSuchMethodError'{0x00000000eb659778}: 'java.lang.Object java.lang.invoke.DirectMethodHandle$Holder.newInvokeSpecial(java.lang.Object, java.lang.Object, java.lang.Object, long)'> (0x00000000eb659778) 
thrown [s\src\hotspot\share\interpreter\linkResolver.cpp, line 759]
Event: 3.198 Thread 0x0000023c20a90ab0 Exception <a 'java/lang/NoSuchMethodError'{0x00000000eb65dd18}: 'java.lang.Object java.lang.invoke.DirectMethodHandle$Holder.invokeSpecial(java.lang.Object, java.lang.Object, java.lang.Object, java.lang.Object, long)'> (0x00000000eb65dd18) 
thrown [s\src\hotspot\share\interpreter\linkResolver.cpp, line 759]
Event: 3.198 Thread 0x0000023c20a90ab0 Exception <a 'java/lang/NoSuchMethodError'{0x00000000eb661b90}: 'java.lang.Object java.lang.invoke.Invokers$Holder.linkToTargetMethod(java.lang.Object, java.lang.Object, long, java.lang.Object)'> (0x00000000eb661b90) 
thrown [s\src\hotspot\share\interpreter\linkResolver.cpp, line 759]
Event: 3.205 Thread 0x0000023c20a90ab0 Exception <a 'java/lang/NoSuchMethodError'{0x00000000eb6e1388}: 'int java.lang.invoke.DirectMethodHandle$Holder.invokeStaticInit(java.lang.Object, java.lang.Object, java.lang.Object)'> (0x00000000eb6e1388) 
thrown [s\src\hotspot\share\interpreter\linkResolver.cpp, line 759]
Event: 3.209 Thread 0x0000023c20a90ab0 Exception <a 'java/lang/IncompatibleClassChangeError'{0x00000000eb759968}: Found class java.lang.Object, but interface was expected> (0x00000000eb759968) 
thrown [s\src\hotspot\share\interpreter\linkResolver.cpp, line 826]
Event: 3.213 Thread 0x0000023c20a90ab0 Exception <a 'java/lang/NoSuchMethodError'{0x00000000eb777d50}: 'java.lang.Object java.lang.invoke.DirectMethodHandle$Holder.invokeSpecial(java.lang.Object, java.lang.Object, java.lang.Object, int, java.lang.Object, java.lang.Object)'> (0x00000000eb777d50) 
thrown [s\src\hotspot\share\interpreter\linkResolver.cpp, line 759]
Event: 3.214 Thread 0x0000023c20a90ab0 Exception <a 'java/lang/NoSuchMethodError'{0x00000000eb780448}: 'java.lang.Object java.lang.invoke.DirectMethodHandle$Holder.newInvokeSpecial(java.lang.Object, java.lang.Object, java.lang.Object, int, java.lang.Object)'> (0x00000000eb780448) 
thrown [s\src\hotspot\share\interpreter\linkResolver.cpp, line 759]
Event: 3.214 Thread 0x0000023c20a90ab0 Exception <a 'java/lang/NoSuchMethodError'{0x00000000eb7848a0}: 'java.lang.Object java.lang.invoke.DirectMethodHandle$Holder.invokeSpecial(java.lang.Object, java.lang.Object, java.lang.Object, java.lang.Object, int, java.lang.Object)'> (0x00000000eb7848a0) 
thrown [s\src\hotspot\share\interpreter\linkResolver.cpp, line 759]
Event: 3.214 Thread 0x0000023c20e3ebd0 Exception <a 'java/lang/NoSuchMethodError'{0x00000000eb68c9c8}: 'java.lang.Object java.lang.invoke.DirectMethodHandle$Holder.invokeSpecial(java.lang.Object, java.lang.Object, int, java.lang.Object, java.lang.Object)'> (0x00000000eb68c9c8) 
thrown [s\src\hotspot\share\interpreter\linkResolver.cpp, line 759]
Event: 3.348 Thread 0x0000023c20a90ab0 Exception <a 'java/lang/NoSuchMethodError'{0x00000000ec337fa0}: 'java.lang.Object java.lang.invoke.Invokers$Holder.linkToTargetMethod(java.lang.Object, long, java.lang.Object, java.lang.Object)'> (0x00000000ec337fa0) 
thrown [s\src\hotspot\share\interpreter\linkResolver.cpp, line 759]
Event: 3.420 Thread 0x0000023c20a90ab0 Exception <a 'java/io/FileNotFoundException'{0x00000000eb1acae8}> (0x00000000eb1acae8) 
thrown [s\src\hotspot\share\prims\jni.cpp, line 516]
Event: 3.506 Thread 0x0000023c20a90ab0 Exception <a 'java/lang/NoSuchMethodError'{0x00000000eb954c18}: 'void java.lang.invoke.DirectMethodHandle$Holder.invokeSpecial(java.lang.Object, java.lang.Object, java.lang.Object, int)'> (0x00000000eb954c18) 
thrown [s\src\hotspot\share\interpreter\linkResolver.cpp, line 759]
Event: 3.902 Thread 0x0000023c20a90ab0 Exception <a 'java/lang/ClassNotFoundException'{0x00000000eab6e980}: com/sun/org/apache/xerces/internal/impl/msg/spi/DOMMessagesProvider> (0x00000000eab6e980) 
thrown [s\src\hotspot\share\classfile\systemDictionary.cpp, line 256]
Event: 3.902 Thread 0x0000023c20a90ab0 Exception <a 'java/lang/ClassNotFoundException'{0x00000000eab80108}: com/sun/org/apache/xerces/internal/impl/msg/spi/XMLSerializerMessagesProvider> (0x00000000eab80108) 
thrown [s\src\hotspot\share\classfile\systemDictionary.cpp, line 256]
Event: 3.903 Thread 0x0000023c20a90ab0 Exception <a 'java/lang/ClassNotFoundException'{0x00000000eab8d390}: com/sun/org/apache/xerces/internal/impl/msg/spi/XMLMessagesProvider> (0x00000000eab8d390) 
thrown [s\src\hotspot\share\classfile\systemDictionary.cpp, line 256]

VM Operations (20 events):
Event: 3.253 Executing VM operation: HandshakeAllThreads
Event: 3.254 Executing VM operation: HandshakeAllThreads done
Event: 3.273 Executing VM operation: HandshakeAllThreads
Event: 3.273 Executing VM operation: HandshakeAllThreads done
Event: 3.277 Executing VM operation: HandshakeAllThreads
Event: 3.277 Executing VM operation: HandshakeAllThreads done
Event: 3.320 Executing VM operation: ICBufferFull
Event: 3.320 Executing VM operation: ICBufferFull done
Event: 3.355 Executing VM operation: ParallelGCFailedAllocation
Event: 3.356 Executing VM operation: ParallelGCFailedAllocation done
Event: 3.462 Executing VM operation: HandshakeAllThreads
Event: 3.462 Executing VM operation: HandshakeAllThreads done
Event: 3.620 Executing VM operation: ParallelGCFailedAllocation
Event: 3.622 Executing VM operation: ParallelGCFailedAllocation done
Event: 3.624 Executing VM operation: HandshakeAllThreads
Event: 3.624 Executing VM operation: HandshakeAllThreads done
Event: 3.769 Executing VM operation: ParallelGCFailedAllocation
Event: 3.771 Executing VM operation: ParallelGCFailedAllocation done
Event: 3.894 Executing VM operation: ParallelGCFailedAllocation
Event: 3.896 Executing VM operation: ParallelGCFailedAllocation done

Events (20 events):
Event: 3.903 loading class com/sun/org/apache/xerces/internal/impl/msg/XMLSerializerMessages_en
Event: 3.903 loading class com/sun/org/apache/xerces/internal/impl/msg/XMLSerializerMessages_en done
Event: 3.903 loading class com/sun/org/apache/xerces/internal/impl/msg/XMLSerializerMessages_en
Event: 3.903 loading class com/sun/org/apache/xerces/internal/impl/msg/XMLSerializerMessages_en done
Event: 3.903 loading class com/sun/org/apache/xerces/internal/impl/msg/XMLSerializerMessages_en_US
Event: 3.903 loading class com/sun/org/apache/xerces/internal/impl/msg/XMLSerializerMessages_en_US done
Event: 3.903 loading class com/sun/org/apache/xerces/internal/impl/msg/XMLSerializerMessages_en_US
Event: 3.903 loading class com/sun/org/apache/xerces/internal/impl/msg/XMLSerializerMessages_en_US done
Event: 3.903 loading class com/sun/org/apache/xerces/internal/impl/msg/XMLMessages
Event: 3.903 loading class com/sun/org/apache/xerces/internal/impl/msg/XMLMessages done
Event: 3.903 loading class com/sun/org/apache/xerces/internal/impl/msg/XMLMessages
Event: 3.903 loading class com/sun/org/apache/xerces/internal/impl/msg/XMLMessages done
Event: 3.905 loading class com/sun/org/apache/xerces/internal/impl/msg/XMLMessages_en
Event: 3.905 loading class com/sun/org/apache/xerces/internal/impl/msg/XMLMessages_en done
Event: 3.905 loading class com/sun/org/apache/xerces/internal/impl/msg/XMLMessages_en
Event: 3.905 loading class com/sun/org/apache/xerces/internal/impl/msg/XMLMessages_en done
Event: 3.906 loading class com/sun/org/apache/xerces/internal/impl/msg/XMLMessages_en_US
Event: 3.906 loading class com/sun/org/apache/xerces/internal/impl/msg/XMLMessages_en_US done
Event: 3.906 loading class com/sun/org/apache/xerces/internal/impl/msg/XMLMessages_en_US
Event: 3.906 loading class com/sun/org/apache/xerces/internal/impl/msg/XMLMessages_en_US done


Dynamic libraries:
0x00007ff6f1f70000 - 0x00007ff6f1f7e000 	c:\Users\ADMIN\.vscode\extensions\redhat.java-1.24.0-win32-x64\jre\17.0.8.1-win32-x86_64\bin\java.exe
0x00007fff10210000 - 0x00007fff10408000 	C:\Windows\SYSTEM32\ntdll.dll
0x00007fff0ee40000 - 0x00007fff0eefd000 	C:\Windows\System32\KERNEL32.DLL
0x00007fff0da00000 - 0x00007fff0dcd2000 	C:\Windows\System32\KERNELBASE.dll
0x00007fff0df70000 - 0x00007fff0e070000 	C:\Windows\System32\ucrtbase.dll
0x00007fff01630000 - 0x00007fff01647000 	c:\Users\ADMIN\.vscode\extensions\redhat.java-1.24.0-win32-x64\jre\17.0.8.1-win32-x86_64\bin\jli.dll
0x00007ffefd570000 - 0x00007ffefd589000 	c:\Users\ADMIN\.vscode\extensions\redhat.java-1.24.0-win32-x64\jre\17.0.8.1-win32-x86_64\bin\VCRUNTIME140.dll
0x00007fff0f970000 - 0x00007fff0fb0d000 	C:\Windows\System32\USER32.dll
0x00007ffefbb10000 - 0x00007ffefbdaa000 	C:\Windows\WinSxS\amd64_microsoft.windows.common-controls_6595b64144ccf1df_6.0.19041.1110_none_60b5254171f9507e\COMCTL32.dll
0x00007fff0d920000 - 0x00007fff0d942000 	C:\Windows\System32\win32u.dll
0x00007fff100c0000 - 0x00007fff100eb000 	C:\Windows\System32\GDI32.dll
0x00007fff0f180000 - 0x00007fff0f21e000 	C:\Windows\System32\msvcrt.dll
0x00007fff0e130000 - 0x00007fff0e23f000 	C:\Windows\System32\gdi32full.dll
0x00007fff0ded0000 - 0x00007fff0df6d000 	C:\Windows\System32\msvcp_win.dll
0x00007fff0ec30000 - 0x00007fff0ec60000 	C:\Windows\System32\IMM32.DLL
0x00007fff01690000 - 0x00007fff0169c000 	c:\Users\ADMIN\.vscode\extensions\redhat.java-1.24.0-win32-x64\jre\17.0.8.1-win32-x86_64\bin\vcruntime140_1.dll
0x00007ffee5c10000 - 0x00007ffee5ca1000 	c:\Users\ADMIN\.vscode\extensions\redhat.java-1.24.0-win32-x64\jre\17.0.8.1-win32-x86_64\bin\msvcp140.dll
0x00007ffeb45e0000 - 0x00007ffeb522c000 	c:\Users\ADMIN\.vscode\extensions\redhat.java-1.24.0-win32-x64\jre\17.0.8.1-win32-x86_64\bin\server\jvm.dll
0x00007fff0fb80000 - 0x00007fff0fc2e000 	C:\Windows\System32\ADVAPI32.dll
0x00007fff0ef00000 - 0x00007fff0ef9c000 	C:\Windows\System32\sechost.dll
0x00007fff0e7a0000 - 0x00007fff0e8c5000 	C:\Windows\System32\RPCRT4.dll
0x00007ffefd500000 - 0x00007ffefd509000 	C:\Windows\SYSTEM32\WSOCK32.dll
0x00007fff036c0000 - 0x00007fff036e7000 	C:\Windows\SYSTEM32\WINMM.dll
0x00007fff0d6e0000 - 0x00007fff0d72b000 	C:\Windows\SYSTEM32\POWRPROF.dll
0x00007fff0fb10000 - 0x00007fff0fb7b000 	C:\Windows\System32\WS2_32.dll
0x00007fff05d30000 - 0x00007fff05d3a000 	C:\Windows\SYSTEM32\VERSION.dll
0x00007fff0d6c0000 - 0x00007fff0d6d2000 	C:\Windows\SYSTEM32\UMPDC.dll
0x00007fff0b7e0000 - 0x00007fff0b7f2000 	C:\Windows\SYSTEM32\kernel.appcore.dll
0x00007ffefd4f0000 - 0x00007ffefd4fa000 	c:\Users\ADMIN\.vscode\extensions\redhat.java-1.24.0-win32-x64\jre\17.0.8.1-win32-x86_64\bin\jimage.dll
0x00007fff03990000 - 0x00007fff03b74000 	C:\Windows\SYSTEM32\DBGHELP.DLL
0x00007ffefdb70000 - 0x00007ffefdb9c000 	C:\Windows\SYSTEM32\dbgcore.DLL
0x00007fff0dce0000 - 0x00007fff0dd62000 	C:\Windows\System32\bcryptPrimitives.dll
0x00007ffefd4e0000 - 0x00007ffefd4ee000 	c:\Users\ADMIN\.vscode\extensions\redhat.java-1.24.0-win32-x64\jre\17.0.8.1-win32-x86_64\bin\instrument.dll
0x00007ffef9810000 - 0x00007ffef9835000 	c:\Users\ADMIN\.vscode\extensions\redhat.java-1.24.0-win32-x64\jre\17.0.8.1-win32-x86_64\bin\java.dll
0x00007ffef7050000 - 0x00007ffef7068000 	c:\Users\ADMIN\.vscode\extensions\redhat.java-1.24.0-win32-x64\jre\17.0.8.1-win32-x86_64\bin\zip.dll
0x00007fff0f220000 - 0x00007fff0f963000 	C:\Windows\System32\SHELL32.dll
0x00007fff0b9e0000 - 0x00007fff0c171000 	C:\Windows\SYSTEM32\windows.storage.dll
0x00007fff0e8d0000 - 0x00007fff0ec24000 	C:\Windows\System32\combase.dll
0x00007fff0d310000 - 0x00007fff0d340000 	C:\Windows\SYSTEM32\Wldp.dll
0x00007fff0f0d0000 - 0x00007fff0f17d000 	C:\Windows\System32\SHCORE.dll
0x00007fff0ec60000 - 0x00007fff0ecb5000 	C:\Windows\System32\shlwapi.dll
0x00007fff0d860000 - 0x00007fff0d87f000 	C:\Windows\SYSTEM32\profapi.dll
0x00007ffeef790000 - 0x00007ffeef7a9000 	C:\Users\ADMIN\.vscode\extensions\redhat.java-1.24.0-win32-x64\jre\17.0.8.1-win32-x86_64\bin\net.dll
0x00007fff002d0000 - 0x00007fff003dd000 	C:\Windows\SYSTEM32\WINHTTP.dll
0x00007ffef7100000 - 0x00007ffef710b000 	C:\Program Files\Common Files\SocksEscort\escortdrv.dll
0x00007fff0fc90000 - 0x00007fff0fdba000 	C:\Windows\System32\ole32.dll
0x00007ffef70c0000 - 0x00007ffef70f2000 	C:\Program Files\Common Files\SocksEscort\escengine.dll
0x00007fff0d000000 - 0x00007fff0d06a000 	C:\Windows\system32\mswsock.dll
0x00007ffeef770000 - 0x00007ffeef785000 	C:\Users\ADMIN\.vscode\extensions\redhat.java-1.24.0-win32-x64\jre\17.0.8.1-win32-x86_64\bin\nio.dll
0x00007fff058e0000 - 0x00007fff058f0000 	c:\Users\ADMIN\.vscode\extensions\redhat.java-1.24.0-win32-x64\jre\17.0.8.1-win32-x86_64\bin\verify.dll
0x00007ffee6380000 - 0x00007ffee63be000 	C:\Users\ADMIN\AppData\Roaming\Code\User\globalStorage\redhat.java\1.24.0\config_win\org.eclipse.equinox.launcher\org.eclipse.equinox.launcher.win32.win32.x86_64_1.2.700.v20221108-1024\eclipse_11801.dll

dbghelp: loaded successfully - version: 4.0.5 - missing functions: none
symbol engine: initialized successfully - sym options: 0x614 - pdb path: .;c:\Users\ADMIN\.vscode\extensions\redhat.java-1.24.0-win32-x64\jre\17.0.8.1-win32-x86_64\bin;C:\Windows\SYSTEM32;C:\Windows\WinSxS\amd64_microsoft.windows.common-controls_6595b64144ccf1df_6.0.19041.1110_none_60b5254171f9507e;c:\Users\ADMIN\.vscode\extensions\redhat.java-1.24.0-win32-x64\jre\17.0.8.1-win32-x86_64\bin\server;C:\Program Files\Common Files\SocksEscort;C:\Users\ADMIN\AppData\Roaming\Code\User\globalStorage\redhat.java\1.24.0\config_win\org.eclipse.equinox.launcher\org.eclipse.equinox.launcher.win32.win32.x86_64_1.2.700.v20221108-1024

VM Arguments:
jvm_args: --add-modules=ALL-SYSTEM --add-opens=java.base/java.util=ALL-UNNAMED --add-opens=java.base/java.lang=ALL-UNNAMED --add-opens=java.base/sun.nio.fs=ALL-UNNAMED -Declipse.application=org.eclipse.jdt.ls.core.id1 -Dosgi.bundles.defaultStartLevel=4 -Declipse.product=org.eclipse.jdt.ls.core.product -Djava.import.generatesMetadataFilesAtProjectRoot=false -DDetectVMInstallationsJob.disabled=true -Dfile.encoding=utf8 -XX:+UseParallelGC -XX:GCTimeRatio=4 -XX:AdaptiveSizePolicyWeight=90 -Dsun.zip.disableMemoryMapping=true -Xmx1G -Xms100m -Xlog:disable -javaagent:c:\Users\ADMIN\.vscode\extensions\redhat.java-1.24.0-win32-x64\lombok\lombok-1.18.30.jar -XX:+HeapDumpOnOutOfMemoryError -XX:HeapDumpPath=c:\Users\ADMIN\AppData\Roaming\Code\User\workspaceStorage\6cdb84a19000531febd1660c35a6afec\redhat.java -Daether.dependencyCollector.impl=bf 
java_command: c:\Users\ADMIN\.vscode\extensions\redhat.java-1.24.0-win32-x64\server\plugins\org.eclipse.equinox.launcher_1.6.500.v20230717-2134.jar -configuration c:\Users\ADMIN\AppData\Roaming\Code\User\globalStorage\redhat.java\1.24.0\config_win -data c:\Users\ADMIN\AppData\Roaming\Code\User\workspaceStorage\6cdb84a19000531febd1660c35a6afec\redhat.java\jdt_ws --stdio
java_class_path (initial): c:\Users\ADMIN\.vscode\extensions\redhat.java-1.24.0-win32-x64\server\plugins\org.eclipse.equinox.launcher_1.6.500.v20230717-2134.jar
Launcher Type: SUN_STANDARD

[Global flags]
    uintx AdaptiveSizePolicyWeight                 = 90                                        {product} {command line}
     intx CICompilerCount                          = 4                                         {product} {ergonomic}
    uintx GCTimeRatio                              = 4                                         {product} {command line}
     bool HeapDumpOnOutOfMemoryError               = true                                   {manageable} {command line}
    ccstr HeapDumpPath                             = c:\Users\ADMIN\AppData\Roaming\Code\User\workspaceStorage\6cdb84a19000531febd1660c35a6afec\redhat.java         {manageable} {command line}
   size_t InitialHeapSize                          = 104857600                                 {product} {command line}
   size_t MaxHeapSize                              = 1073741824                                {product} {command line}
   size_t MaxNewSize                               = 357564416                                 {product} {ergonomic}
   size_t MinHeapDeltaBytes                        = 524288                                    {product} {ergonomic}
   size_t MinHeapSize                              = 104857600                                 {product} {command line}
   size_t NewSize                                  = 34603008                                  {product} {ergonomic}
    uintx NonNMethodCodeHeapSize                   = 5839372                                {pd product} {ergonomic}
    uintx NonProfiledCodeHeapSize                  = 122909434                              {pd product} {ergonomic}
   size_t OldSize                                  = 70254592                                  {product} {ergonomic}
    uintx ProfiledCodeHeapSize                     = 122909434                              {pd product} {ergonomic}
    uintx ReservedCodeCacheSize                    = 251658240                              {pd product} {ergonomic}
     bool SegmentedCodeCache                       = true                                      {product} {ergonomic}
   size_t SoftMaxHeapSize                          = 1073741824                             {manageable} {ergonomic}
     bool UseCompressedClassPointers               = true                           {product lp64_product} {ergonomic}
     bool UseCompressedOops                        = true                           {product lp64_product} {ergonomic}
     bool UseLargePagesIndividualAllocation        = false                                  {pd product} {ergonomic}
     bool UseParallelGC                            = true                                      {product} {command line}

Logging:
Log output configuration:
 #0: stdout all=off uptime,level,tags
 #1: stderr all=off uptime,level,tags

Environment Variables:
JAVA_HOME=C:\Program Files\Java\jdk-19
PATH=C:\Program Files\Common Files\Oracle\Java\javapath;C:\Windows\system32;C:\Windows;C:\Windows\System32\Wbem;C:\Windows\System32\WindowsPowerShell\v1.0\;C:\Windows\System32\OpenSSH\;C:\Program Files\Java\jdk-19\bin;C:\Program Files\Git\cmd;C:\MinGW\bin;C:\Users\ADMIN\AppData\Roaming\nvm;C:\Program Files\nodejs;C:\Users\ADMIN\AppData\Local\Android\Sdk\platform-tools;C:\Program Files\MySQL\MySQL Shell 8.0\bin\;C:\Users\ADMIN\AppData\Local\Microsoft\WindowsApps;C:\Users\ADMIN\AppData\Local\Programs\Microsoft VS Code\bin;C:\Users\ADMIN\AppData\Local\Programs\Python\Python311;C:\Users\ADMIN\AppData\Local\Programs\Python\Python311\Scripts;C:\Users\ADMIN\AppData\Roaming\npm;C:\Users\ADMIN\AppData\Local\Programs\EmEditor;C:\Users\ADMIN\AppData\Roaming\nvm;C:\Program Files\nodejs;
USERNAME=ADMIN
OS=Windows_NT
PROCESSOR_IDENTIFIER=AMD64 Family 23 Model 96 Stepping 1, AuthenticAMD
TMP=C:\Users\ADMIN\AppData\Local\Temp
TEMP=C:\Users\ADMIN\AppData\Local\Temp



---------------  S Y S T E M  ---------------

OS:
 Windows 10 , 64 bit Build 19041 (10.0.19041.1889)
OS uptime: 0 days 6:52 hours

CPU: total 12 (initial active 12) (12 cores per cpu, 2 threads per core) family 23 model 96 stepping 1 microcode 0x0, cx8, cmov, fxsr, ht, mmx, 3dnowpref, sse, sse2, sse3, ssse3, sse4a, sse4.1, sse4.2, popcnt, lzcnt, tsc, tscinvbit, avx, avx2, aes, clmul, bmi1, bmi2, adx, sha, fma, vzeroupper, clflush, clflushopt
Processor Information for processor 0
  Max Mhz: 3000, Current Mhz: 3000, Mhz Limit: 3000
Processor Information for processor 1
  Max Mhz: 3000, Current Mhz: 3000, Mhz Limit: 3000
Processor Information for processor 2
  Max Mhz: 3000, Current Mhz: 3000, Mhz Limit: 3000
Processor Information for processor 3
  Max Mhz: 3000, Current Mhz: 3000, Mhz Limit: 3000
Processor Information for processor 4
  Max Mhz: 3000, Current Mhz: 3000, Mhz Limit: 3000
Processor Information for processor 5
  Max Mhz: 3000, Current Mhz: 3000, Mhz Limit: 3000
Processor Information for processor 6
  Max Mhz: 3000, Current Mhz: 3000, Mhz Limit: 3000
Processor Information for processor 7
  Max Mhz: 3000, Current Mhz: 3000, Mhz Limit: 3000
Processor Information for processor 8
  Max Mhz: 3000, Current Mhz: 3000, Mhz Limit: 3000
Processor Information for processor 9
  Max Mhz: 3000, Current Mhz: 3000, Mhz Limit: 3000
Processor Information for processor 10
  Max Mhz: 3000, Current Mhz: 1400, Mhz Limit: 3000
Processor Information for processor 11
  Max Mhz: 3000, Current Mhz: 1400, Mhz Limit: 3000

Memory: 4k page, system-wide physical 7579M (383M free)
TotalPageFile size 11675M (AvailPageFile size 6M)
current process WorkingSet (physical memory assigned to process): 145M, peak: 145M
current process commit charge ("private bytes"): 253M, peak: 254M

vm_info: OpenJDK 64-Bit Server VM (17.0.8.1+1) for windows-amd64 JRE (17.0.8.1+1), built on Aug 23 2023 15:29:17 by "admin" with MS VC++ 16.7 (VS2019)

END.
