#
# There is insufficient memory for the Java Runtime Environment to continue.
# Native memory allocation (malloc) failed to allocate 387040 bytes for Chunk::new
# Possible reasons:
#   The system is out of physical RAM or swap space
#   The process is running with CompressedOops enabled, and the Java Heap may be blocking the growth of the native heap
# Possible solutions:
#   Reduce memory load on the system
#   Increase physical memory or swap space
#   Check if swap backing store is full
#   Decrease Java heap size (-Xmx/-Xms)
#   Decrease number of Java threads
#   Decrease Java thread stack sizes (-Xss)
#   Set larger code cache with -XX:ReservedCodeCacheSize=
#   JVM is running with Unscaled Compressed Oops mode in which the Java heap is
#     placed in the first 4GB address space. The Java Heap base address is the
#     maximum limit for the native heap growth. Please use -XX:HeapBaseMinAddress
#     to set the Java Heap base and to place the Java Heap above 4GB virtual address.
# This output file may be truncated or incomplete.
#
#  Out of Memory Error (arena.cpp:191), pid=8304, tid=8624
#
# JRE version: OpenJDK Runtime Environment Temurin-17.0.9+9 (17.0.9+9) (build 17.0.9+9)
# Java VM: OpenJDK 64-Bit Server VM Temurin-17.0.9+9 (17.0.9+9, mixed mode, tiered, compressed oops, compressed class ptrs, parallel gc, windows-amd64)
# No core dump will be written. Minidumps are not enabled by default on client versions of Windows
#

---------------  S U M M A R Y ------------

Command Line: --add-modules=ALL-SYSTEM --add-opens=java.base/java.util=ALL-UNNAMED --add-opens=java.base/java.lang=ALL-UNNAMED --add-opens=java.base/sun.nio.fs=ALL-UNNAMED -Declipse.application=org.eclipse.jdt.ls.core.id1 -Dosgi.bundles.defaultStartLevel=4 -Declipse.product=org.eclipse.jdt.ls.core.product -Djava.import.generatesMetadataFilesAtProjectRoot=false -DDetectVMInstallationsJob.disabled=true -Dfile.encoding=utf8 -XX:+UseParallelGC -XX:GCTimeRatio=4 -XX:AdaptiveSizePolicyWeight=90 -Dsun.zip.disableMemoryMapping=true -Xmx1G -Xms100m -Xlog:disable -javaagent:c:\Users\ADMIN\.vscode\extensions\redhat.java-1.25.1-win32-x64\lombok\lombok-1.18.30.jar c:\Users\ADMIN\.vscode\extensions\redhat.java-1.25.1-win32-x64\server\plugins\org.eclipse.equinox.launcher_1.6.600.v20231106-1826.jar -configuration c:\Users\ADMIN\AppData\Roaming\Code\User\globalStorage\redhat.java\1.25.1\config_ss_win -data c:\Users\ADMIN\AppData\Roaming\Code\User\workspaceStorage\6cdb84a19000531febd1660c35a6afec\redhat.java\ss_ws --stdio

Host: AMD Ryzen 5 4600H with Radeon Graphics         , 12 cores, 7G,  Windows 10 , 64 bit Build 19041 (10.0.19041.1889)
Time: Thu Dec 21 19:15:23 2023 SE Asia Standard Time elapsed time: 10.138468 seconds (0d 0h 0m 10s)

---------------  T H R E A D  ---------------

Current thread (0x0000013cc65efc50):  JavaThread "C2 CompilerThread0" daemon [_thread_in_native, id=8624, stack(0x00000037ac100000,0x00000037ac200000)]


Current CompileTask:
C2:  10138 3656       4       jdk.internal.org.objectweb.asm.SymbolTable::addConstantUtf8Reference (101 bytes)

Stack: [0x00000037ac100000,0x00000037ac200000]
Native frames: (J=compiled Java code, j=interpreted, Vv=VM code, C=native code)
V  [jvm.dll+0x67cf49]
V  [jvm.dll+0x83478a]
V  [jvm.dll+0x83624e]
V  [jvm.dll+0x8368b3]
V  [jvm.dll+0x247f1f]
V  [jvm.dll+0xac43c]
V  [jvm.dll+0xaca8c]
V  [jvm.dll+0x367067]
V  [jvm.dll+0x3313ba]
V  [jvm.dll+0x33085a]
V  [jvm.dll+0x21a5b1]
V  [jvm.dll+0x2199d1]
V  [jvm.dll+0x1a57cd]
V  [jvm.dll+0x2297ae]
V  [jvm.dll+0x22797c]
V  [jvm.dll+0x7e9877]
V  [jvm.dll+0x7e3c3a]
V  [jvm.dll+0x67be35]
C  [ucrtbase.dll+0x21bb2]
C  [KERNEL32.DLL+0x17034]
C  [ntdll.dll+0x526a1]


---------------  P R O C E S S  ---------------

Threads class SMR info:
_java_thread_list=0x0000013cc90b6420, length=28, elements={
0x0000013cad3ed3f0, 0x0000013cad4b8570, 0x0000013cc129e430, 0x0000013cc65e9ee0,
0x0000013cc65eca80, 0x0000013cc65ed610, 0x0000013cc65ef050, 0x0000013cc65efc50,
0x0000013cad4be480, 0x0000013cad4be9a0, 0x0000013cc672abf0, 0x0000013cc694e930,
0x0000013cc88d0870, 0x0000013cc8b550d0, 0x0000013cc8a8f8f0, 0x0000013cc8b54980,
0x0000013cc88f7030, 0x0000013cc88f6610, 0x0000013cc88f9dc0, 0x0000013cc88f8980,
0x0000013cc88f7a50, 0x0000013cc88f98b0, 0x0000013cc88f93a0, 0x0000013cc88f7540,
0x0000013cc88f7f60, 0x0000013cc66f1dc0, 0x0000013cc66ec2a0, 0x0000013cc66f0470
}

Java Threads: ( => current thread )
  0x0000013cad3ed3f0 JavaThread "main" [_thread_blocked, id=13472, stack(0x00000037ab800000,0x00000037ab900000)]
  0x0000013cad4b8570 JavaThread "Reference Handler" daemon [_thread_blocked, id=10272, stack(0x00000037abb00000,0x00000037abc00000)]
  0x0000013cc129e430 JavaThread "Finalizer" daemon [_thread_blocked, id=16172, stack(0x00000037abc00000,0x00000037abd00000)]
  0x0000013cc65e9ee0 JavaThread "Signal Dispatcher" daemon [_thread_blocked, id=9096, stack(0x00000037abd00000,0x00000037abe00000)]
  0x0000013cc65eca80 JavaThread "Attach Listener" daemon [_thread_blocked, id=12884, stack(0x00000037abe00000,0x00000037abf00000)]
  0x0000013cc65ed610 JavaThread "Service Thread" daemon [_thread_blocked, id=2488, stack(0x00000037abf00000,0x00000037ac000000)]
  0x0000013cc65ef050 JavaThread "Monitor Deflation Thread" daemon [_thread_blocked, id=15424, stack(0x00000037ac000000,0x00000037ac100000)]
=>0x0000013cc65efc50 JavaThread "C2 CompilerThread0" daemon [_thread_in_native, id=8624, stack(0x00000037ac100000,0x00000037ac200000)]
  0x0000013cad4be480 JavaThread "C1 CompilerThread0" daemon [_thread_blocked, id=15888, stack(0x00000037ac200000,0x00000037ac300000)]
  0x0000013cad4be9a0 JavaThread "Sweeper thread" daemon [_thread_blocked, id=12552, stack(0x00000037ac300000,0x00000037ac400000)]
  0x0000013cc672abf0 JavaThread "Common-Cleaner" daemon [_thread_blocked, id=9400, stack(0x00000037ac400000,0x00000037ac500000)]
  0x0000013cc694e930 JavaThread "Notification Thread" daemon [_thread_blocked, id=15916, stack(0x00000037ac500000,0x00000037ac600000)]
  0x0000013cc88d0870 JavaThread "Active Thread: Equinox Container: cf8939ce-5bc6-43b6-9f65-5cd7f2c62b83" [_thread_blocked, id=5892, stack(0x00000037acf00000,0x00000037ad000000)]
  0x0000013cc8b550d0 JavaThread "Framework Event Dispatcher: Equinox Container: cf8939ce-5bc6-43b6-9f65-5cd7f2c62b83" daemon [_thread_blocked, id=9664, stack(0x00000037ad000000,0x00000037ad100000)]
  0x0000013cc8a8f8f0 JavaThread "Start Level: Equinox Container: cf8939ce-5bc6-43b6-9f65-5cd7f2c62b83" daemon [_thread_blocked, id=2128, stack(0x00000037ad100000,0x00000037ad200000)]
  0x0000013cc8b54980 JavaThread "SCR Component Actor" daemon [_thread_blocked, id=13744, stack(0x00000037ad200000,0x00000037ad300000)]
  0x0000013cc88f7030 JavaThread "Worker-JM" [_thread_blocked, id=6356, stack(0x00000037ad400000,0x00000037ad500000)]
  0x0000013cc88f6610 JavaThread "Worker-0" [_thread_blocked, id=540, stack(0x00000037ad700000,0x00000037ad800000)]
  0x0000013cc88f9dc0 JavaThread "Worker-1" [_thread_blocked, id=15084, stack(0x00000037ad800000,0x00000037ad900000)]
  0x0000013cc88f8980 JavaThread "JNA Cleaner" daemon [_thread_blocked, id=10980, stack(0x00000037ada00000,0x00000037adb00000)]
  0x0000013cc88f7a50 JavaThread "pool-2-thread-1" [_thread_blocked, id=14564, stack(0x00000037adb00000,0x00000037adc00000)]
  0x0000013cc88f98b0 JavaThread "WorkspaceEventsHandler" [_thread_blocked, id=12548, stack(0x00000037adc00000,0x00000037add00000)]
  0x0000013cc88f93a0 JavaThread "pool-1-thread-1" [_thread_blocked, id=8468, stack(0x00000037add00000,0x00000037ade00000)]
  0x0000013cc88f7540 JavaThread "Worker-2" [_thread_blocked, id=1840, stack(0x00000037adf00000,0x00000037ae000000)]
  0x0000013cc88f7f60 JavaThread "ForkJoinPool.commonPool-worker-1" daemon [_thread_blocked, id=1364, stack(0x00000037ace00000,0x00000037acf00000)]
  0x0000013cc66f1dc0 JavaThread "pool-3-thread-1" [_thread_blocked, id=12640, stack(0x00000037ad900000,0x00000037ada00000)]
  0x0000013cc66ec2a0 JavaThread "Framework stop - Equinox Container: cf8939ce-5bc6-43b6-9f65-5cd7f2c62b83" [_thread_in_vm, id=10528, stack(0x00000037ade00000,0x00000037adf00000)]
  0x0000013cc66f0470 JavaThread "SCR Component Registry" daemon [_thread_in_vm, id=15004, stack(0x00000037ae000000,0x00000037ae100000)]

Other Threads:
  0x0000013cad4b7920 VMThread "VM Thread" [stack: 0x00000037aba00000,0x00000037abb00000] [id=11148]
  0x0000013cc6909010 WatcherThread [stack: 0x00000037ac700000,0x00000037ac800000] [id=6708]
  0x0000013cad415580 GCTaskThread "GC Thread#0" [stack: 0x00000037ab900000,0x00000037aba00000] [id=10400]
  0x0000013cc853b700 GCTaskThread "GC Thread#1" [stack: 0x00000037ac800000,0x00000037ac900000] [id=14988]
  0x0000013cc8280a60 GCTaskThread "GC Thread#2" [stack: 0x00000037ac900000,0x00000037aca00000] [id=8536]
  0x0000013cc8280d20 GCTaskThread "GC Thread#3" [stack: 0x00000037aca00000,0x00000037acb00000] [id=860]
  0x0000013cc88b9c40 GCTaskThread "GC Thread#4" [stack: 0x00000037acb00000,0x00000037acc00000] [id=14320]
  0x0000013cc88b9f00 GCTaskThread "GC Thread#5" [stack: 0x00000037acc00000,0x00000037acd00000] [id=13140]
  0x0000013cc88ba1c0 GCTaskThread "GC Thread#6" [stack: 0x00000037acd00000,0x00000037ace00000] [id=6188]
  0x0000013cc8b46fb0 GCTaskThread "GC Thread#7" [stack: 0x00000037ad300000,0x00000037ad400000] [id=15440]
  0x0000013cc8bf0040 GCTaskThread "GC Thread#8" [stack: 0x00000037ad500000,0x00000037ad600000] [id=14284]
  0x0000013cc8bef750 GCTaskThread "GC Thread#9" [stack: 0x00000037ad600000,0x00000037ad700000] [id=16088]

Threads with active compile tasks:
C2 CompilerThread0    10155 3656       4       jdk.internal.org.objectweb.asm.SymbolTable::addConstantUtf8Reference (101 bytes)

VM state: not at safepoint (normal execution)

VM Mutex/Monitor currently owned by a thread: None

Heap address: 0x00000000c0000000, size: 1024 MB, Compressed Oops mode: 32-bit

CDS archive(s) not mapped
Compressed class space mapped at: 0x0000000100000000-0x0000000140000000, reserved size: 1073741824
Narrow klass base: 0x0000000000000000, Narrow klass shift: 3, Narrow klass range: 0x140000000

GC Precious Log:
 CPUs: 12 total, 12 available
 Memory: 7579M
 Large Page Support: Disabled
 NUMA Support: Disabled
 Compressed Oops: Enabled (32-bit)
 Alignments: Space 512K, Generation 512K, Heap 2M
 Heap Min Capacity: 100M
 Heap Initial Capacity: 100M
 Heap Max Capacity: 1G
 Pre-touch: Disabled
 Parallel Workers: 10

Heap:
 PSYoungGen      total 24576K, used 8684K [0x00000000eab00000, 0x00000000ec580000, 0x0000000100000000)
  eden space 22016K, 30% used [0x00000000eab00000,0x00000000eb1930b8,0x00000000ec080000)
  from space 2560K, 76% used [0x00000000ec300000,0x00000000ec4e8000,0x00000000ec580000)
  to   space 2560K, 0% used [0x00000000ec080000,0x00000000ec080000,0x00000000ec300000)
 ParOldGen       total 68608K, used 21533K [0x00000000c0000000, 0x00000000c4300000, 0x00000000eab00000)
  object space 68608K, 31% used [0x00000000c0000000,0x00000000c1507660,0x00000000c4300000)
 Metaspace       used 37212K, committed 37888K, reserved 1114112K
  class space    used 3804K, committed 4096K, reserved 1048576K

Card table byte_map: [0x0000013cacdd0000,0x0000013cacfe0000] _byte_map_base: 0x0000013cac7d0000

Marking Bits: (ParMarkBitMap*) 0x00007ffa32cfd0b0
 Begin Bits: [0x0000013cbf0a0000, 0x0000013cc00a0000)
 End Bits:   [0x0000013cc00a0000, 0x0000013cc10a0000)

Polling page: 0x0000013cacbc0000

Metaspace:

Usage:
  Non-class:     32.62 MB used.
      Class:      3.72 MB used.
       Both:     36.34 MB used.

Virtual space:
  Non-class space:       64.00 MB reserved,      33.00 MB ( 52%) committed,  1 nodes.
      Class space:        1.00 GB reserved,       4.00 MB ( <1%) committed,  1 nodes.
             Both:        1.06 GB reserved,      37.00 MB (  3%) committed. 

Chunk freelists:
   Non-Class:  15.02 MB
       Class:  11.89 MB
        Both:  26.91 MB

MaxMetaspaceSize: unlimited
CompressedClassSpaceSize: 1.00 GB
Initial GC threshold: 21.00 MB
Current GC threshold: 58.38 MB
CDS: off
MetaspaceReclaimPolicy: balanced
 - commit_granule_bytes: 65536.
 - commit_granule_words: 8192.
 - virtual_space_node_default_size: 8388608.
 - enlarge_chunks_in_place: 1.
 - new_chunks_are_fully_committed: 0.
 - uncommit_free_chunks: 1.
 - use_allocation_guard: 0.
 - handle_deallocations: 1.


Internal statistics:

num_allocs_failed_limit: 6.
num_arena_births: 366.
num_arena_deaths: 14.
num_vsnodes_births: 2.
num_vsnodes_deaths: 0.
num_space_committed: 592.
num_space_uncommitted: 0.
num_chunks_returned_to_freelist: 20.
num_chunks_taken_from_freelist: 1506.
num_chunk_merges: 10.
num_chunk_splits: 981.
num_chunks_enlarged: 661.
num_inconsistent_stats: 0.

CodeHeap 'non-profiled nmethods': size=120000Kb used=1850Kb max_used=1850Kb free=118149Kb
 bounds [0x0000013cb7b70000, 0x0000013cb7de0000, 0x0000013cbf0a0000]
CodeHeap 'profiled nmethods': size=120000Kb used=7309Kb max_used=7309Kb free=112691Kb
 bounds [0x0000013cb00a0000, 0x0000013cb07d0000, 0x0000013cb75d0000]
CodeHeap 'non-nmethods': size=5760Kb used=1274Kb max_used=1324Kb free=4485Kb
 bounds [0x0000013cb75d0000, 0x0000013cb7840000, 0x0000013cb7b70000]
 total_blobs=4277 nmethods=3680 adapters=510
 compilation: enabled
              stopped_count=0, restarted_count=0
 full_count=0

Compilation events (20 events):
Event: 10.119 Thread 0x0000013cad4be480 nmethod 3664 0x0000013cb07b9010 code [0x0000013cb07b91a0, 0x0000013cb07b92e8]
Event: 10.120 Thread 0x0000013cad4be480 3665       3       java.util.Properties::saveConvert (383 bytes)
Event: 10.122 Thread 0x0000013cad4be480 nmethod 3665 0x0000013cb07b9390 code [0x0000013cb07b97e0, 0x0000013cb07bb468]
Event: 10.122 Thread 0x0000013cad4be480 3667       3       org.eclipse.osgi.internal.log.EquinoxLogWriter::write (27 bytes)
Event: 10.123 Thread 0x0000013cad4be480 nmethod 3667 0x0000013cb07bbf10 code [0x0000013cb07bc0e0, 0x0000013cb07bc518]
Event: 10.123 Thread 0x0000013cad4be480 3666       1       org.eclipse.core.internal.jobs.InternalJob::getJobGroup (5 bytes)
Event: 10.123 Thread 0x0000013cad4be480 nmethod 3666 0x0000013cb7d3cf90 code [0x0000013cb7d3d120, 0x0000013cb7d3d1f8]
Event: 10.123 Thread 0x0000013cad4be480 3668       3       org.eclipse.osgi.internal.framework.FilterImpl$Item::compare_ObjectArray (38 bytes)
Event: 10.123 Thread 0x0000013cad4be480 nmethod 3668 0x0000013cb07bc710 code [0x0000013cb07bc8c0, 0x0000013cb07bcb68]
Event: 10.127 Thread 0x0000013cad4be480 3669       1       org.eclipse.osgi.container.ModuleWire::getRequirer (5 bytes)
Event: 10.127 Thread 0x0000013cad4be480 nmethod 3669 0x0000013cb7d3d290 code [0x0000013cb7d3d420, 0x0000013cb7d3d4f8]
Event: 10.127 Thread 0x0000013cad4be480 3670       1       org.eclipse.osgi.container.ModuleWire::getProvider (5 bytes)
Event: 10.127 Thread 0x0000013cad4be480 nmethod 3670 0x0000013cb7d3d590 code [0x0000013cb7d3d720, 0x0000013cb7d3d7f8]
Event: 10.128 Thread 0x0000013cad4be480 3671       3       sun.security.util.ManifestEntryVerifier::algsPermittedStatusForSigners (40 bytes)
Event: 10.129 Thread 0x0000013cad4be480 nmethod 3671 0x0000013cb07bcc90 code [0x0000013cb07bce80, 0x0000013cb07bd438]
Event: 10.131 Thread 0x0000013cad4be480 3672       3       org.eclipse.osgi.internal.container.ComputeNodeOrder$Digraph::addEdge (67 bytes)
Event: 10.132 Thread 0x0000013cad4be480 nmethod 3672 0x0000013cb07bd610 code [0x0000013cb07bd820, 0x0000013cb07bded8]
Event: 10.135 Thread 0x0000013cad4be480 3673       3       org.eclipse.core.runtime.ServiceCaller$ReferenceAndService::bundleChanged (32 bytes)
Event: 10.136 Thread 0x0000013cad4be480 nmethod 3673 0x0000013cb07be110 code [0x0000013cb07be340, 0x0000013cb07beab8]
Event: 10.136 Thread 0x0000013cad4be480 3674       3       java.util.concurrent.ConcurrentLinkedQueue::updateHead (26 bytes)

GC Heap History (20 events):
Event: 3.839 GC heap before
{Heap before GC invocations=7 (full 1):
 PSYoungGen      total 26112K, used 25838K [0x00000000eab00000, 0x00000000ec880000, 0x0000000100000000)
  eden space 25088K, 100% used [0x00000000eab00000,0x00000000ec380000,0x00000000ec380000)
  from space 1024K, 73% used [0x00000000ec400000,0x00000000ec4bbb38,0x00000000ec500000)
  to   space 2560K, 0% used [0x00000000ec600000,0x00000000ec600000,0x00000000ec880000)
 ParOldGen       total 68608K, used 6600K [0x00000000c0000000, 0x00000000c4300000, 0x00000000eab00000)
  object space 68608K, 9% used [0x00000000c0000000,0x00000000c0672158,0x00000000c4300000)
 Metaspace       used 27410K, committed 27904K, reserved 1114112K
  class space    used 2641K, committed 2880K, reserved 1048576K
}
Event: 3.840 GC heap after
{Heap after GC invocations=7 (full 1):
 PSYoungGen      total 26112K, used 1272K [0x00000000eab00000, 0x00000000ec780000, 0x0000000100000000)
  eden space 24576K, 0% used [0x00000000eab00000,0x00000000eab00000,0x00000000ec300000)
  from space 1536K, 82% used [0x00000000ec600000,0x00000000ec73e320,0x00000000ec780000)
  to   space 1536K, 0% used [0x00000000ec480000,0x00000000ec480000,0x00000000ec600000)
 ParOldGen       total 68608K, used 6608K [0x00000000c0000000, 0x00000000c4300000, 0x00000000eab00000)
  object space 68608K, 9% used [0x00000000c0000000,0x00000000c0674158,0x00000000c4300000)
 Metaspace       used 27410K, committed 27904K, reserved 1114112K
  class space    used 2641K, committed 2880K, reserved 1048576K
}
Event: 4.689 GC heap before
{Heap before GC invocations=8 (full 1):
 PSYoungGen      total 26112K, used 25848K [0x00000000eab00000, 0x00000000ec780000, 0x0000000100000000)
  eden space 24576K, 100% used [0x00000000eab00000,0x00000000ec300000,0x00000000ec300000)
  from space 1536K, 82% used [0x00000000ec600000,0x00000000ec73e320,0x00000000ec780000)
  to   space 1536K, 0% used [0x00000000ec480000,0x00000000ec480000,0x00000000ec600000)
 ParOldGen       total 68608K, used 6608K [0x00000000c0000000, 0x00000000c4300000, 0x00000000eab00000)
  object space 68608K, 9% used [0x00000000c0000000,0x00000000c0674158,0x00000000c4300000)
 Metaspace       used 32084K, committed 32640K, reserved 1114112K
  class space    used 3170K, committed 3392K, reserved 1048576K
}
Event: 4.691 GC heap after
{Heap after GC invocations=8 (full 1):
 PSYoungGen      total 25600K, used 1517K [0x00000000eab00000, 0x00000000eca80000, 0x0000000100000000)
  eden space 24064K, 0% used [0x00000000eab00000,0x00000000eab00000,0x00000000ec280000)
  from space 1536K, 98% used [0x00000000ec480000,0x00000000ec5fb560,0x00000000ec600000)
  to   space 4096K, 0% used [0x00000000ec680000,0x00000000ec680000,0x00000000eca80000)
 ParOldGen       total 68608K, used 8408K [0x00000000c0000000, 0x00000000c4300000, 0x00000000eab00000)
  object space 68608K, 12% used [0x00000000c0000000,0x00000000c0836070,0x00000000c4300000)
 Metaspace       used 32084K, committed 32640K, reserved 1114112K
  class space    used 3170K, committed 3392K, reserved 1048576K
}
Event: 4.970 GC heap before
{Heap before GC invocations=9 (full 1):
 PSYoungGen      total 25600K, used 20714K [0x00000000eab00000, 0x00000000eca80000, 0x0000000100000000)
  eden space 24064K, 79% used [0x00000000eab00000,0x00000000ebdbf598,0x00000000ec280000)
  from space 1536K, 98% used [0x00000000ec480000,0x00000000ec5fb560,0x00000000ec600000)
  to   space 4096K, 0% used [0x00000000ec680000,0x00000000ec680000,0x00000000eca80000)
 ParOldGen       total 68608K, used 8408K [0x00000000c0000000, 0x00000000c4300000, 0x00000000eab00000)
  object space 68608K, 12% used [0x00000000c0000000,0x00000000c0836070,0x00000000c4300000)
 Metaspace       used 35186K, committed 35840K, reserved 1114112K
  class space    used 3569K, committed 3840K, reserved 1048576K
}
Event: 4.971 GC heap after
{Heap after GC invocations=9 (full 1):
 PSYoungGen      total 27136K, used 2973K [0x00000000eab00000, 0x00000000ec980000, 0x0000000100000000)
  eden space 24064K, 0% used [0x00000000eab00000,0x00000000eab00000,0x00000000ec280000)
  from space 3072K, 96% used [0x00000000ec680000,0x00000000ec967478,0x00000000ec980000)
  to   space 3584K, 0% used [0x00000000ec280000,0x00000000ec280000,0x00000000ec600000)
 ParOldGen       total 68608K, used 8416K [0x00000000c0000000, 0x00000000c4300000, 0x00000000eab00000)
  object space 68608K, 12% used [0x00000000c0000000,0x00000000c0838070,0x00000000c4300000)
 Metaspace       used 35186K, committed 35840K, reserved 1114112K
  class space    used 3569K, committed 3840K, reserved 1048576K
}
Event: 4.972 GC heap before
{Heap before GC invocations=10 (full 2):
 PSYoungGen      total 27136K, used 2973K [0x00000000eab00000, 0x00000000ec980000, 0x0000000100000000)
  eden space 24064K, 0% used [0x00000000eab00000,0x00000000eab00000,0x00000000ec280000)
  from space 3072K, 96% used [0x00000000ec680000,0x00000000ec967478,0x00000000ec980000)
  to   space 3584K, 0% used [0x00000000ec280000,0x00000000ec280000,0x00000000ec600000)
 ParOldGen       total 68608K, used 8416K [0x00000000c0000000, 0x00000000c4300000, 0x00000000eab00000)
  object space 68608K, 12% used [0x00000000c0000000,0x00000000c0838070,0x00000000c4300000)
 Metaspace       used 35186K, committed 35840K, reserved 1114112K
  class space    used 3569K, committed 3840K, reserved 1048576K
}
Event: 4.987 GC heap after
{Heap after GC invocations=10 (full 2):
 PSYoungGen      total 27136K, used 0K [0x00000000eab00000, 0x00000000ec980000, 0x0000000100000000)
  eden space 24064K, 0% used [0x00000000eab00000,0x00000000eab00000,0x00000000ec280000)
  from space 3072K, 0% used [0x00000000ec680000,0x00000000ec680000,0x00000000ec980000)
  to   space 3584K, 0% used [0x00000000ec280000,0x00000000ec280000,0x00000000ec600000)
 ParOldGen       total 68608K, used 11103K [0x00000000c0000000, 0x00000000c4300000, 0x00000000eab00000)
  object space 68608K, 16% used [0x00000000c0000000,0x00000000c0ad7ef0,0x00000000c4300000)
 Metaspace       used 35186K, committed 35840K, reserved 1114112K
  class space    used 3569K, committed 3840K, reserved 1048576K
}
Event: 5.176 GC heap before
{Heap before GC invocations=11 (full 2):
 PSYoungGen      total 27136K, used 24064K [0x00000000eab00000, 0x00000000ec980000, 0x0000000100000000)
  eden space 24064K, 100% used [0x00000000eab00000,0x00000000ec280000,0x00000000ec280000)
  from space 3072K, 0% used [0x00000000ec680000,0x00000000ec680000,0x00000000ec980000)
  to   space 3584K, 0% used [0x00000000ec280000,0x00000000ec280000,0x00000000ec600000)
 ParOldGen       total 68608K, used 11103K [0x00000000c0000000, 0x00000000c4300000, 0x00000000eab00000)
  object space 68608K, 16% used [0x00000000c0000000,0x00000000c0ad7ef0,0x00000000c4300000)
 Metaspace       used 36404K, committed 37184K, reserved 1114112K
  class space    used 3706K, committed 4032K, reserved 1048576K
}
Event: 5.179 GC heap after
{Heap after GC invocations=11 (full 2):
 PSYoungGen      total 26112K, used 2144K [0x00000000eab00000, 0x00000000ec700000, 0x0000000100000000)
  eden space 23552K, 0% used [0x00000000eab00000,0x00000000eab00000,0x00000000ec200000)
  from space 2560K, 83% used [0x00000000ec280000,0x00000000ec498020,0x00000000ec500000)
  to   space 2048K, 0% used [0x00000000ec500000,0x00000000ec500000,0x00000000ec700000)
 ParOldGen       total 68608K, used 11111K [0x00000000c0000000, 0x00000000c4300000, 0x00000000eab00000)
  object space 68608K, 16% used [0x00000000c0000000,0x00000000c0ad9ef0,0x00000000c4300000)
 Metaspace       used 36404K, committed 37184K, reserved 1114112K
  class space    used 3706K, committed 4032K, reserved 1048576K
}
Event: 5.288 GC heap before
{Heap before GC invocations=12 (full 2):
 PSYoungGen      total 26112K, used 25696K [0x00000000eab00000, 0x00000000ec700000, 0x0000000100000000)
  eden space 23552K, 100% used [0x00000000eab00000,0x00000000ec200000,0x00000000ec200000)
  from space 2560K, 83% used [0x00000000ec280000,0x00000000ec498020,0x00000000ec500000)
  to   space 2048K, 0% used [0x00000000ec500000,0x00000000ec500000,0x00000000ec700000)
 ParOldGen       total 68608K, used 11111K [0x00000000c0000000, 0x00000000c4300000, 0x00000000eab00000)
  object space 68608K, 16% used [0x00000000c0000000,0x00000000c0ad9ef0,0x00000000c4300000)
 Metaspace       used 36592K, committed 37312K, reserved 1114112K
  class space    used 3725K, committed 4032K, reserved 1048576K
}
Event: 5.292 GC heap after
{Heap after GC invocations=12 (full 2):
 PSYoungGen      total 24064K, used 2016K [0x00000000eab00000, 0x00000000eca80000, 0x0000000100000000)
  eden space 22016K, 0% used [0x00000000eab00000,0x00000000eab00000,0x00000000ec080000)
  from space 2048K, 98% used [0x00000000ec500000,0x00000000ec6f8010,0x00000000ec700000)
  to   space 4608K, 0% used [0x00000000ec080000,0x00000000ec080000,0x00000000ec500000)
 ParOldGen       total 68608K, used 13031K [0x00000000c0000000, 0x00000000c4300000, 0x00000000eab00000)
  object space 68608K, 18% used [0x00000000c0000000,0x00000000c0cb9f00,0x00000000c4300000)
 Metaspace       used 36592K, committed 37312K, reserved 1114112K
  class space    used 3725K, committed 4032K, reserved 1048576K
}
Event: 5.360 GC heap before
{Heap before GC invocations=13 (full 2):
 PSYoungGen      total 24064K, used 24032K [0x00000000eab00000, 0x00000000eca80000, 0x0000000100000000)
  eden space 22016K, 100% used [0x00000000eab00000,0x00000000ec080000,0x00000000ec080000)
  from space 2048K, 98% used [0x00000000ec500000,0x00000000ec6f8010,0x00000000ec700000)
  to   space 4608K, 0% used [0x00000000ec080000,0x00000000ec080000,0x00000000ec500000)
 ParOldGen       total 68608K, used 13031K [0x00000000c0000000, 0x00000000c4300000, 0x00000000eab00000)
  object space 68608K, 18% used [0x00000000c0000000,0x00000000c0cb9f00,0x00000000c4300000)
 Metaspace       used 36667K, committed 37376K, reserved 1114112K
  class space    used 3737K, committed 4032K, reserved 1048576K
}
Event: 5.366 GC heap after
{Heap after GC invocations=13 (full 2):
 PSYoungGen      total 24576K, used 2496K [0x00000000eab00000, 0x00000000ec680000, 0x0000000100000000)
  eden space 22016K, 0% used [0x00000000eab00000,0x00000000eab00000,0x00000000ec080000)
  from space 2560K, 97% used [0x00000000ec080000,0x00000000ec2f0020,0x00000000ec300000)
  to   space 3072K, 0% used [0x00000000ec380000,0x00000000ec380000,0x00000000ec680000)
 ParOldGen       total 68608K, used 15020K [0x00000000c0000000, 0x00000000c4300000, 0x00000000eab00000)
  object space 68608K, 21% used [0x00000000c0000000,0x00000000c0eab268,0x00000000c4300000)
 Metaspace       used 36667K, committed 37376K, reserved 1114112K
  class space    used 3737K, committed 4032K, reserved 1048576K
}
Event: 5.398 GC heap before
{Heap before GC invocations=14 (full 2):
 PSYoungGen      total 24576K, used 24512K [0x00000000eab00000, 0x00000000ec680000, 0x0000000100000000)
  eden space 22016K, 100% used [0x00000000eab00000,0x00000000ec080000,0x00000000ec080000)
  from space 2560K, 97% used [0x00000000ec080000,0x00000000ec2f0020,0x00000000ec300000)
  to   space 3072K, 0% used [0x00000000ec380000,0x00000000ec380000,0x00000000ec680000)
 ParOldGen       total 68608K, used 15020K [0x00000000c0000000, 0x00000000c4300000, 0x00000000eab00000)
  object space 68608K, 21% used [0x00000000c0000000,0x00000000c0eab268,0x00000000c4300000)
 Metaspace       used 36667K, committed 37376K, reserved 1114112K
  class space    used 3737K, committed 4032K, reserved 1048576K
}
Event: 5.401 GC heap after
{Heap after GC invocations=14 (full 2):
 PSYoungGen      total 24576K, used 2112K [0x00000000eab00000, 0x00000000ec600000, 0x0000000100000000)
  eden space 22016K, 0% used [0x00000000eab00000,0x00000000eab00000,0x00000000ec080000)
  from space 2560K, 82% used [0x00000000ec380000,0x00000000ec590000,0x00000000ec600000)
  to   space 2560K, 0% used [0x00000000ec080000,0x00000000ec080000,0x00000000ec300000)
 ParOldGen       total 68608K, used 17341K [0x00000000c0000000, 0x00000000c4300000, 0x00000000eab00000)
  object space 68608K, 25% used [0x00000000c0000000,0x00000000c10ef650,0x00000000c4300000)
 Metaspace       used 36667K, committed 37376K, reserved 1114112K
  class space    used 3737K, committed 4032K, reserved 1048576K
}
Event: 5.439 GC heap before
{Heap before GC invocations=15 (full 2):
 PSYoungGen      total 24576K, used 24128K [0x00000000eab00000, 0x00000000ec600000, 0x0000000100000000)
  eden space 22016K, 100% used [0x00000000eab00000,0x00000000ec080000,0x00000000ec080000)
  from space 2560K, 82% used [0x00000000ec380000,0x00000000ec590000,0x00000000ec600000)
  to   space 2560K, 0% used [0x00000000ec080000,0x00000000ec080000,0x00000000ec300000)
 ParOldGen       total 68608K, used 17341K [0x00000000c0000000, 0x00000000c4300000, 0x00000000eab00000)
  object space 68608K, 25% used [0x00000000c0000000,0x00000000c10ef650,0x00000000c4300000)
 Metaspace       used 36667K, committed 37376K, reserved 1114112K
  class space    used 3737K, committed 4032K, reserved 1048576K
}
Event: 5.443 GC heap after
{Heap after GC invocations=15 (full 2):
 PSYoungGen      total 24576K, used 2368K [0x00000000eab00000, 0x00000000ec580000, 0x0000000100000000)
  eden space 22016K, 0% used [0x00000000eab00000,0x00000000eab00000,0x00000000ec080000)
  from space 2560K, 92% used [0x00000000ec080000,0x00000000ec2d0010,0x00000000ec300000)
  to   space 2560K, 0% used [0x00000000ec300000,0x00000000ec300000,0x00000000ec580000)
 ParOldGen       total 68608K, used 19309K [0x00000000c0000000, 0x00000000c4300000, 0x00000000eab00000)
  object space 68608K, 28% used [0x00000000c0000000,0x00000000c12db650,0x00000000c4300000)
 Metaspace       used 36667K, committed 37376K, reserved 1114112K
  class space    used 3737K, committed 4032K, reserved 1048576K
}
Event: 5.488 GC heap before
{Heap before GC invocations=16 (full 2):
 PSYoungGen      total 24576K, used 24384K [0x00000000eab00000, 0x00000000ec580000, 0x0000000100000000)
  eden space 22016K, 100% used [0x00000000eab00000,0x00000000ec080000,0x00000000ec080000)
  from space 2560K, 92% used [0x00000000ec080000,0x00000000ec2d0010,0x00000000ec300000)
  to   space 2560K, 0% used [0x00000000ec300000,0x00000000ec300000,0x00000000ec580000)
 ParOldGen       total 68608K, used 19309K [0x00000000c0000000, 0x00000000c4300000, 0x00000000eab00000)
  object space 68608K, 28% used [0x00000000c0000000,0x00000000c12db650,0x00000000c4300000)
 Metaspace       used 36667K, committed 37376K, reserved 1114112K
  class space    used 3737K, committed 4032K, reserved 1048576K
}
Event: 5.492 GC heap after
{Heap after GC invocations=16 (full 2):
 PSYoungGen      total 24576K, used 1952K [0x00000000eab00000, 0x00000000ec580000, 0x0000000100000000)
  eden space 22016K, 0% used [0x00000000eab00000,0x00000000eab00000,0x00000000ec080000)
  from space 2560K, 76% used [0x00000000ec300000,0x00000000ec4e8000,0x00000000ec580000)
  to   space 2560K, 0% used [0x00000000ec080000,0x00000000ec080000,0x00000000ec300000)
 ParOldGen       total 68608K, used 21533K [0x00000000c0000000, 0x00000000c4300000, 0x00000000eab00000)
  object space 68608K, 31% used [0x00000000c0000000,0x00000000c1507660,0x00000000c4300000)
 Metaspace       used 36667K, committed 37376K, reserved 1114112K
  class space    used 3737K, committed 4032K, reserved 1048576K
}

Dll operation events (10 events):
Event: 0.026 Loaded shared library c:\Users\ADMIN\.vscode\extensions\redhat.java-1.25.1-win32-x64\jre\17.0.9-win32-x86_64\bin\java.dll
Event: 0.390 Loaded shared library c:\Users\ADMIN\.vscode\extensions\redhat.java-1.25.1-win32-x64\jre\17.0.9-win32-x86_64\bin\zip.dll
Event: 0.394 Loaded shared library C:\Users\ADMIN\.vscode\extensions\redhat.java-1.25.1-win32-x64\jre\17.0.9-win32-x86_64\bin\instrument.dll
Event: 0.443 Loaded shared library C:\Users\ADMIN\.vscode\extensions\redhat.java-1.25.1-win32-x64\jre\17.0.9-win32-x86_64\bin\net.dll
Event: 0.836 Loaded shared library C:\Users\ADMIN\.vscode\extensions\redhat.java-1.25.1-win32-x64\jre\17.0.9-win32-x86_64\bin\nio.dll
Event: 0.848 Loaded shared library C:\Users\ADMIN\.vscode\extensions\redhat.java-1.25.1-win32-x64\jre\17.0.9-win32-x86_64\bin\zip.dll
Event: 0.876 Loaded shared library C:\Users\ADMIN\.vscode\extensions\redhat.java-1.25.1-win32-x64\jre\17.0.9-win32-x86_64\bin\jimage.dll
Event: 1.002 Loaded shared library c:\Users\ADMIN\.vscode\extensions\redhat.java-1.25.1-win32-x64\jre\17.0.9-win32-x86_64\bin\verify.dll
Event: 2.563 Loaded shared library C:\Users\ADMIN\AppData\Roaming\Code\User\globalStorage\redhat.java\1.25.1\config_ss_win\org.eclipse.equinox.launcher\org.eclipse.equinox.launcher.win32.win32.x86_64_1.2.800.v20231003-1442\eclipse_11802.dll
Event: 4.599 Loaded shared library C:\Users\ADMIN\AppData\Local\Temp\jna-62130991\jna4218654605472949001.dll

Deoptimization events (20 events):
Event: 10.066 Thread 0x0000013cc88f6610 Uncommon trap: trap_request=0xffffffde fr.pc=0x0000013cb7ce2014 relative=0x0000000000000bd4
Event: 10.066 Thread 0x0000013cc88f6610 Uncommon trap: reason=class_check action=maybe_recompile pc=0x0000013cb7ce2014 method=java.util.Spliterators$1Adapter.hasNext()Z @ 12 c2
Event: 10.066 Thread 0x0000013cc88f6610 DEOPT PACKING pc=0x0000013cb7ce2014 sp=0x00000037ad7fe5e0
Event: 10.066 Thread 0x0000013cc88f6610 DEOPT UNPACKING pc=0x0000013cb76266a3 sp=0x00000037ad7fe5a8 mode 2
Event: 10.066 Thread 0x0000013cc88f6610 Uncommon trap: trap_request=0xffffffde fr.pc=0x0000013cb7ce2014 relative=0x0000000000000bd4
Event: 10.066 Thread 0x0000013cc88f6610 Uncommon trap: reason=class_check action=maybe_recompile pc=0x0000013cb7ce2014 method=java.util.Spliterators$1Adapter.hasNext()Z @ 12 c2
Event: 10.066 Thread 0x0000013cc88f6610 DEOPT PACKING pc=0x0000013cb7ce2014 sp=0x00000037ad7fe5f0
Event: 10.066 Thread 0x0000013cc88f6610 DEOPT UNPACKING pc=0x0000013cb76266a3 sp=0x00000037ad7fe5b8 mode 2
Event: 10.066 Thread 0x0000013cc88f6610 Uncommon trap: trap_request=0xffffffde fr.pc=0x0000013cb7ce2014 relative=0x0000000000000bd4
Event: 10.066 Thread 0x0000013cc88f6610 Uncommon trap: reason=class_check action=maybe_recompile pc=0x0000013cb7ce2014 method=java.util.Spliterators$1Adapter.hasNext()Z @ 12 c2
Event: 10.066 Thread 0x0000013cc88f6610 DEOPT PACKING pc=0x0000013cb7ce2014 sp=0x00000037ad7fe5f0
Event: 10.066 Thread 0x0000013cc88f6610 DEOPT UNPACKING pc=0x0000013cb76266a3 sp=0x00000037ad7fe5b8 mode 2
Event: 10.096 Thread 0x0000013cc88f6610 Uncommon trap: trap_request=0xffffff45 fr.pc=0x0000013cb7caa0e4 relative=0x0000000000003264
Event: 10.096 Thread 0x0000013cc88f6610 Uncommon trap: reason=unstable_if action=reinterpret pc=0x0000013cb7caa0e4 method=jdk.internal.org.objectweb.asm.Frame.push(I)V @ 26 c2
Event: 10.096 Thread 0x0000013cc88f6610 DEOPT PACKING pc=0x0000013cb7caa0e4 sp=0x00000037ad7fd280
Event: 10.096 Thread 0x0000013cc88f6610 DEOPT UNPACKING pc=0x0000013cb76266a3 sp=0x00000037ad7fd1a8 mode 2
Event: 10.098 Thread 0x0000013cc88f6610 Uncommon trap: trap_request=0xffffff45 fr.pc=0x0000013cb7ca43a4 relative=0x0000000000000184
Event: 10.098 Thread 0x0000013cc88f6610 Uncommon trap: reason=unstable_if action=reinterpret pc=0x0000013cb7ca43a4 method=jdk.internal.org.objectweb.asm.Frame.push(I)V @ 26 c2
Event: 10.098 Thread 0x0000013cc88f6610 DEOPT PACKING pc=0x0000013cb7ca43a4 sp=0x00000037ad7fd540
Event: 10.098 Thread 0x0000013cc88f6610 DEOPT UNPACKING pc=0x0000013cb76266a3 sp=0x00000037ad7fd4d8 mode 2

Classes unloaded (7 events):
Event: 3.440 Thread 0x0000013cad4b7920 Unloading class 0x000000010021a000 'java/lang/invoke/LambdaForm$MH+0x000000010021a000'
Event: 3.440 Thread 0x0000013cad4b7920 Unloading class 0x0000000100219c00 'java/lang/invoke/LambdaForm$MH+0x0000000100219c00'
Event: 3.440 Thread 0x0000013cad4b7920 Unloading class 0x0000000100219800 'java/lang/invoke/LambdaForm$MH+0x0000000100219800'
Event: 3.440 Thread 0x0000013cad4b7920 Unloading class 0x0000000100219400 'java/lang/invoke/LambdaForm$MH+0x0000000100219400'
Event: 3.440 Thread 0x0000013cad4b7920 Unloading class 0x0000000100219000 'java/lang/invoke/LambdaForm$BMH+0x0000000100219000'
Event: 3.440 Thread 0x0000013cad4b7920 Unloading class 0x0000000100218c00 'java/lang/invoke/LambdaForm$DMH+0x0000000100218c00'
Event: 3.440 Thread 0x0000013cad4b7920 Unloading class 0x0000000100216000 'java/lang/invoke/LambdaForm$DMH+0x0000000100216000'

Classes redefined (0 events):
No events

Internal exceptions (20 events):
Event: 4.634 Thread 0x0000013cc8a8f8f0 Exception <a 'java/lang/UnsatisfiedLinkError'{0x00000000ebfe7f48}: The specified procedure could not be found.
> (0x00000000ebfe7f48) 
thrown [s\src\hotspot\share\prims\jni.cpp, line 535]
Event: 4.664 Thread 0x0000013cad3ed3f0 Exception <a 'java/lang/NoSuchMethodError'{0x00000000ec1babe0}: 'java.lang.Object java.lang.invoke.DirectMethodHandle$Holder.invokeStatic(java.lang.Object, java.lang.Object, long, java.lang.Object)'> (0x00000000ec1babe0) 
thrown [s\src\hotspot\share\interpreter\linkResolver.cpp, line 759]
Event: 4.665 Thread 0x0000013cad3ed3f0 Exception <a 'java/lang/NoSuchMethodError'{0x00000000ec1be678}: 'java.lang.Object java.lang.invoke.DirectMethodHandle$Holder.invokeStaticInit(java.lang.Object, java.lang.Object, long, java.lang.Object)'> (0x00000000ec1be678) 
thrown [s\src\hotspot\share\interpreter\linkResolver.cpp, line 759]
Event: 4.665 Thread 0x0000013cad3ed3f0 Exception <a 'java/lang/NoSuchMethodError'{0x00000000ec1c4c88}: 'java.lang.Object java.lang.invoke.DirectMethodHandle$Holder.newInvokeSpecial(java.lang.Object, java.lang.Object, long)'> (0x00000000ec1c4c88) 
thrown [s\src\hotspot\share\interpreter\linkResolver.cpp, line 759]
Event: 4.700 Thread 0x0000013cad3ed3f0 Exception <a 'java/lang/NoSuchMethodError'{0x00000000eab9dbc8}: 'void java.lang.invoke.DirectMethodHandle$Holder.invokeStatic(java.lang.Object, java.lang.Object, java.lang.Object, java.lang.Object)'> (0x00000000eab9dbc8) 
thrown [s\src\hotspot\share\interpreter\linkResolver.cpp, line 759]
Event: 4.814 Thread 0x0000013cad3ed3f0 Exception <a 'java/lang/NoSuchMethodError'{0x00000000eb3b2970}: 'void java.lang.invoke.DirectMethodHandle$Holder.invokeSpecial(java.lang.Object, java.lang.Object, java.lang.Object, java.lang.Object, java.lang.Object, java.lang.Object)'> (0x00000000eb3b2970) 
thrown [s\src\hotspot\share\interpreter\linkResolver.cpp, line 759]
Event: 4.815 Thread 0x0000013cad3ed3f0 Exception <a 'java/lang/IncompatibleClassChangeError'{0x00000000eb3bc678}: Found class java.lang.Object, but interface was expected> (0x00000000eb3bc678) 
thrown [s\src\hotspot\share\interpreter\linkResolver.cpp, line 826]
Event: 4.917 Thread 0x0000013cc88f93a0 Exception <a 'java/io/FileNotFoundException'{0x00000000eb98a7b0}> (0x00000000eb98a7b0) 
thrown [s\src\hotspot\share\prims\jni.cpp, line 516]
Event: 4.945 Thread 0x0000013cc88f93a0 Exception <a 'sun/nio/fs/WindowsException'{0x00000000ebb39748}> (0x00000000ebb39748) 
thrown [s\src\hotspot\share\prims\jni.cpp, line 516]
Event: 4.946 Thread 0x0000013cc88f9dc0 Exception <a 'java/io/FileNotFoundException'{0x00000000ebb50cf8}> (0x00000000ebb50cf8) 
thrown [s\src\hotspot\share\prims\jni.cpp, line 516]
Event: 4.947 Thread 0x0000013cc88f9dc0 Exception <a 'java/io/FileNotFoundException'{0x00000000ebb51cf8}> (0x00000000ebb51cf8) 
thrown [s\src\hotspot\share\prims\jni.cpp, line 516]
Event: 5.006 Thread 0x0000013cc88f93a0 Exception <a 'java/lang/NoSuchMethodError'{0x00000000eacf4f58}: 'int java.lang.invoke.DirectMethodHandle$Holder.invokeVirtual(java.lang.Object, java.lang.Object)'> (0x00000000eacf4f58) 
thrown [s\src\hotspot\share\interpreter\linkResolver.cpp, line 759]
Event: 5.008 Thread 0x0000013cc88f6610 Exception <a 'java/lang/NoSuchMethodError'{0x00000000ead31448}: 'java.lang.Object java.lang.invoke.Invokers$Holder.invoke_MT(java.lang.Object, java.lang.Object, java.lang.Object)'> (0x00000000ead31448) 
thrown [s\src\hotspot\share\interpreter\linkResolver.cpp, line 759]
Event: 5.197 Thread 0x0000013cc88f6610 Exception <a 'java/io/FileNotFoundException'{0x00000000eaeae868}> (0x00000000eaeae868) 
thrown [s\src\hotspot\share\prims\jni.cpp, line 516]
Event: 5.197 Thread 0x0000013cc88f6610 Exception <a 'java/io/FileNotFoundException'{0x00000000eaeafda8}> (0x00000000eaeafda8) 
thrown [s\src\hotspot\share\prims\jni.cpp, line 516]
Event: 5.199 Thread 0x0000013cc88f6610 Exception <a 'java/lang/NoSuchMethodError'{0x00000000eaebbf58}: 'void java.lang.invoke.DirectMethodHandle$Holder.invokeStaticInit(java.lang.Object, java.lang.Object, java.lang.Object)'> (0x00000000eaebbf58) 
thrown [s\src\hotspot\share\interpreter\linkResolver.cpp, line 759]
Event: 10.097 Thread 0x0000013cc88f6610 Exception <a 'java/lang/NoSuchMethodError'{0x00000000eafc0450}: 'java.lang.Object java.lang.invoke.DirectMethodHandle$Holder.newInvokeSpecial(java.lang.Object, java.lang.Object, java.lang.Object, java.lang.Object, java.lang.Object, java.lang.Object, java.lang.Object, java.lang.Object, java.lang.Object, java.lang.Object)'> (0x00000000eafc0450) 
thrown [s\src\hotspot\share\interpreter\linkResolver.cpp, line 759]
Event: 10.098 Thread 0x0000013cc88f6610 Exception <a 'java/lang/NoSuchMethodError'{0x00000000eafc5140}: 'java.lang.Object java.lang.invoke.DirectMethodHandle$Holder.invokeSpecial(java.lang.Object, java.lang.Object, java.lang.Object, java.lang.Object, java.lang.Object, java.lang.Object, java.lang.Object, java.lang.Object, java.lang.Object, java.lang.Object, java.lang.Object)'> (0x00000000eafc5140) 
thrown [s\src\hotspot\share\interpreter\linkResolver.cpp, line 759]
Event: 10.099 Thread 0x0000013cc88f6610 Exception <a 'java/lang/NoSuchMethodError'{0x00000000eafc9650}: 'java.lang.Object java.lang.invoke.Invokers$Holder.linkToTargetMethod(java.lang.Object, java.lang.Object, java.lang.Object, java.lang.Object, java.lang.Object, java.lang.Object, java.lang.Object, java.lang.Object, java.lang.Object, java.lang.Object)'> (0x00000000eafc9650) 
thrown [s\src\hotspot\share\interpreter\linkResolver.cpp, line 759]
Event: 10.114 Thread 0x0000013cc88f6610 Exception <a 'sun/nio/fs/WindowsException'{0x00000000eb04a6f8}> (0x00000000eb04a6f8) 
thrown [s\src\hotspot\share\prims\jni.cpp, line 516]

VM Operations (20 events):
Event: 4.992 Executing VM operation: HandshakeAllThreads
Event: 4.992 Executing VM operation: HandshakeAllThreads done
Event: 5.020 Executing VM operation: HandshakeAllThreads
Event: 5.020 Executing VM operation: HandshakeAllThreads done
Event: 5.176 Executing VM operation: ParallelGCFailedAllocation
Event: 5.179 Executing VM operation: ParallelGCFailedAllocation done
Event: 5.288 Executing VM operation: ParallelGCFailedAllocation
Event: 5.292 Executing VM operation: ParallelGCFailedAllocation done
Event: 5.360 Executing VM operation: ParallelGCFailedAllocation
Event: 5.366 Executing VM operation: ParallelGCFailedAllocation done
Event: 5.398 Executing VM operation: ParallelGCFailedAllocation
Event: 5.402 Executing VM operation: ParallelGCFailedAllocation done
Event: 5.439 Executing VM operation: ParallelGCFailedAllocation
Event: 5.443 Executing VM operation: ParallelGCFailedAllocation done
Event: 5.488 Executing VM operation: ParallelGCFailedAllocation
Event: 5.492 Executing VM operation: ParallelGCFailedAllocation done
Event: 5.534 Executing VM operation: HandshakeAllThreads
Event: 5.534 Executing VM operation: HandshakeAllThreads done
Event: 6.535 Executing VM operation: Cleanup
Event: 6.535 Executing VM operation: Cleanup done

Events (20 events):
Event: 10.077 loading class java/util/concurrent/ForkJoinTask$AdaptedCallable done
Event: 10.077 Thread 0x0000013cc66eccc0 Thread added: 0x0000013cc66eccc0
Event: 10.080 loading class java/util/stream/Nodes$CollectorTask$OfRef
Event: 10.080 loading class java/util/stream/Nodes$CollectorTask
Event: 10.080 loading class java/util/stream/AbstractTask
Event: 10.080 loading class java/util/concurrent/CountedCompleter
Event: 10.080 loading class java/util/concurrent/CountedCompleter done
Event: 10.080 loading class java/util/stream/AbstractTask done
Event: 10.080 loading class java/util/stream/Nodes$CollectorTask done
Event: 10.080 loading class java/util/stream/Nodes$CollectorTask$OfRef done
Event: 10.081 loading class java/util/function/LongFunction
Event: 10.081 loading class java/util/function/LongFunction done
Event: 10.081 loading class java/util/stream/Nodes$ConcNode
Event: 10.081 loading class java/util/stream/Nodes$AbstractConcNode
Event: 10.082 loading class java/util/stream/Nodes$AbstractConcNode done
Event: 10.082 loading class java/util/stream/Nodes$ConcNode done
Event: 10.083 Thread 0x0000013cc66eccc0 Thread exited: 0x0000013cc66eccc0
Event: 10.102 Thread 0x0000013cc66eccc0 Thread added: 0x0000013cc66eccc0
Event: 10.108 Thread 0x0000013cc66eccc0 Thread exited: 0x0000013cc66eccc0
Event: 10.124 Thread 0x0000013cc66ec2a0 Thread added: 0x0000013cc66ec2a0


Dynamic libraries:
0x00007ff7f4690000 - 0x00007ff7f469e000 	c:\Users\ADMIN\.vscode\extensions\redhat.java-1.25.1-win32-x64\jre\17.0.9-win32-x86_64\bin\java.exe
0x00007ffa85db0000 - 0x00007ffa85fa8000 	C:\Windows\SYSTEM32\ntdll.dll
0x00007ffa85cb0000 - 0x00007ffa85d6d000 	C:\Windows\System32\KERNEL32.DLL
0x00007ffa834c0000 - 0x00007ffa83792000 	C:\Windows\System32\KERNELBASE.dll
0x00007ffa83820000 - 0x00007ffa83920000 	C:\Windows\System32\ucrtbase.dll
0x00007ffa6c730000 - 0x00007ffa6c747000 	c:\Users\ADMIN\.vscode\extensions\redhat.java-1.25.1-win32-x64\jre\17.0.9-win32-x86_64\bin\jli.dll
0x00007ffa85870000 - 0x00007ffa85a0d000 	C:\Windows\System32\USER32.dll
0x00007ffa837a0000 - 0x00007ffa837c2000 	C:\Windows\System32\win32u.dll
0x00007ffa85b20000 - 0x00007ffa85b4b000 	C:\Windows\System32\GDI32.dll
0x00007ffa83bc0000 - 0x00007ffa83ccf000 	C:\Windows\System32\gdi32full.dll
0x00007ffa83920000 - 0x00007ffa839bd000 	C:\Windows\System32\msvcp_win.dll
0x00007ffa6c6d0000 - 0x00007ffa6c6eb000 	c:\Users\ADMIN\.vscode\extensions\redhat.java-1.25.1-win32-x64\jre\17.0.9-win32-x86_64\bin\VCRUNTIME140.dll
0x00007ffa714d0000 - 0x00007ffa7176a000 	C:\Windows\WinSxS\amd64_microsoft.windows.common-controls_6595b64144ccf1df_6.0.19041.1110_none_60b5254171f9507e\COMCTL32.dll
0x00007ffa847b0000 - 0x00007ffa8484e000 	C:\Windows\System32\msvcrt.dll
0x00007ffa84720000 - 0x00007ffa84750000 	C:\Windows\System32\IMM32.DLL
0x00007ffa7c410000 - 0x00007ffa7c41c000 	c:\Users\ADMIN\.vscode\extensions\redhat.java-1.25.1-win32-x64\jre\17.0.9-win32-x86_64\bin\vcruntime140_1.dll
0x00007ffa49ef0000 - 0x00007ffa49f7d000 	c:\Users\ADMIN\.vscode\extensions\redhat.java-1.25.1-win32-x64\jre\17.0.9-win32-x86_64\bin\msvcp140.dll
0x00007ffa32160000 - 0x00007ffa32dc1000 	c:\Users\ADMIN\.vscode\extensions\redhat.java-1.25.1-win32-x64\jre\17.0.9-win32-x86_64\bin\server\jvm.dll
0x00007ffa85a70000 - 0x00007ffa85b1e000 	C:\Windows\System32\ADVAPI32.dll
0x00007ffa85c10000 - 0x00007ffa85cac000 	C:\Windows\System32\sechost.dll
0x00007ffa85510000 - 0x00007ffa85635000 	C:\Windows\System32\RPCRT4.dll
0x00007ffa83080000 - 0x00007ffa830cb000 	C:\Windows\SYSTEM32\POWRPROF.dll
0x00007ffa76820000 - 0x00007ffa76829000 	C:\Windows\SYSTEM32\WSOCK32.dll
0x00007ffa84c10000 - 0x00007ffa84c7b000 	C:\Windows\System32\WS2_32.dll
0x00007ffa78890000 - 0x00007ffa788b7000 	C:\Windows\SYSTEM32\WINMM.dll
0x00007ffa81460000 - 0x00007ffa8146a000 	C:\Windows\SYSTEM32\VERSION.dll
0x00007ffa83040000 - 0x00007ffa83052000 	C:\Windows\SYSTEM32\UMPDC.dll
0x00007ffa81d10000 - 0x00007ffa81d22000 	C:\Windows\SYSTEM32\kernel.appcore.dll
0x00007ffa6c720000 - 0x00007ffa6c72a000 	c:\Users\ADMIN\.vscode\extensions\redhat.java-1.25.1-win32-x64\jre\17.0.9-win32-x86_64\bin\jimage.dll
0x00007ffa78b60000 - 0x00007ffa78d44000 	C:\Windows\SYSTEM32\DBGHELP.DLL
0x00007ffa732b0000 - 0x00007ffa732dc000 	C:\Windows\SYSTEM32\dbgcore.DLL
0x00007ffa83d80000 - 0x00007ffa83e02000 	C:\Windows\System32\bcryptPrimitives.dll
0x00007ffa6c510000 - 0x00007ffa6c51e000 	c:\Users\ADMIN\.vscode\extensions\redhat.java-1.25.1-win32-x64\jre\17.0.9-win32-x86_64\bin\instrument.dll
0x00007ffa6c4e0000 - 0x00007ffa6c505000 	c:\Users\ADMIN\.vscode\extensions\redhat.java-1.25.1-win32-x64\jre\17.0.9-win32-x86_64\bin\java.dll
0x00007ffa6c0f0000 - 0x00007ffa6c108000 	c:\Users\ADMIN\.vscode\extensions\redhat.java-1.25.1-win32-x64\jre\17.0.9-win32-x86_64\bin\zip.dll
0x00007ffa84c90000 - 0x00007ffa853d3000 	C:\Windows\System32\SHELL32.dll
0x00007ffa81560000 - 0x00007ffa81cf1000 	C:\Windows\SYSTEM32\windows.storage.dll
0x00007ffa84850000 - 0x00007ffa84ba4000 	C:\Windows\System32\combase.dll
0x00007ffa82eb0000 - 0x00007ffa82ee0000 	C:\Windows\SYSTEM32\Wldp.dll
0x00007ffa857a0000 - 0x00007ffa8584d000 	C:\Windows\System32\SHCORE.dll
0x00007ffa845e0000 - 0x00007ffa84635000 	C:\Windows\System32\shlwapi.dll
0x00007ffa83400000 - 0x00007ffa8341f000 	C:\Windows\SYSTEM32\profapi.dll
0x00007ffa66480000 - 0x00007ffa66499000 	C:\Users\ADMIN\.vscode\extensions\redhat.java-1.25.1-win32-x64\jre\17.0.9-win32-x86_64\bin\net.dll
0x00007ffa79e90000 - 0x00007ffa79f9d000 	C:\Windows\SYSTEM32\WINHTTP.dll
0x00007ffa69940000 - 0x00007ffa6994b000 	C:\Program Files\Common Files\SocksEscort\escortdrv.dll
0x00007ffa853e0000 - 0x00007ffa8550a000 	C:\Windows\System32\ole32.dll
0x00007ffa69830000 - 0x00007ffa69862000 	C:\Program Files\Common Files\SocksEscort\escengine.dll
0x00007ffa82ba0000 - 0x00007ffa82c0a000 	C:\Windows\system32\mswsock.dll
0x00007ffa6c0d0000 - 0x00007ffa6c0e6000 	C:\Users\ADMIN\.vscode\extensions\redhat.java-1.25.1-win32-x64\jre\17.0.9-win32-x86_64\bin\nio.dll
0x00007ffa6c420000 - 0x00007ffa6c430000 	c:\Users\ADMIN\.vscode\extensions\redhat.java-1.25.1-win32-x64\jre\17.0.9-win32-x86_64\bin\verify.dll
0x00007ffa50900000 - 0x00007ffa5093e000 	C:\Users\ADMIN\AppData\Roaming\Code\User\globalStorage\redhat.java\1.25.1\config_ss_win\org.eclipse.equinox.launcher\org.eclipse.equinox.launcher.win32.win32.x86_64_1.2.800.v20231003-1442\eclipse_11802.dll
0x00007ffa82d90000 - 0x00007ffa82da8000 	C:\Windows\SYSTEM32\CRYPTSP.dll
0x00007ffa824c0000 - 0x00007ffa824f4000 	C:\Windows\system32\rsaenh.dll
0x00007ffa839c0000 - 0x00007ffa839e7000 	C:\Windows\System32\bcrypt.dll
0x00007ffa833c0000 - 0x00007ffa833ee000 	C:\Windows\SYSTEM32\USERENV.dll
0x00007ffa82db0000 - 0x00007ffa82dbc000 	C:\Windows\SYSTEM32\CRYPTBASE.dll
0x00007ffa82890000 - 0x00007ffa828cb000 	C:\Windows\SYSTEM32\IPHLPAPI.DLL
0x00007ffa845d0000 - 0x00007ffa845d8000 	C:\Windows\System32\NSI.dll
0x00007ffa7c090000 - 0x00007ffa7c0a7000 	C:\Windows\SYSTEM32\dhcpcsvc6.DLL
0x00007ffa7d0d0000 - 0x00007ffa7d0ed000 	C:\Windows\SYSTEM32\dhcpcsvc.DLL
0x00007ffa828d0000 - 0x00007ffa8299a000 	C:\Windows\SYSTEM32\DNSAPI.dll
0x00007ffa503a0000 - 0x00007ffa503e5000 	C:\Users\ADMIN\AppData\Local\Temp\jna-62130991\jna4218654605472949001.dll
0x00007ffa85c00000 - 0x00007ffa85c08000 	C:\Windows\System32\PSAPI.DLL

dbghelp: loaded successfully - version: 4.0.5 - missing functions: none
symbol engine: initialized successfully - sym options: 0x614 - pdb path: .;c:\Users\ADMIN\.vscode\extensions\redhat.java-1.25.1-win32-x64\jre\17.0.9-win32-x86_64\bin;C:\Windows\SYSTEM32;C:\Windows\WinSxS\amd64_microsoft.windows.common-controls_6595b64144ccf1df_6.0.19041.1110_none_60b5254171f9507e;c:\Users\ADMIN\.vscode\extensions\redhat.java-1.25.1-win32-x64\jre\17.0.9-win32-x86_64\bin\server;C:\Program Files\Common Files\SocksEscort;C:\Users\ADMIN\AppData\Roaming\Code\User\globalStorage\redhat.java\1.25.1\config_ss_win\org.eclipse.equinox.launcher\org.eclipse.equinox.launcher.win32.win32.x86_64_1.2.800.v20231003-1442;C:\Users\ADMIN\AppData\Local\Temp\jna-62130991

VM Arguments:
jvm_args: --add-modules=ALL-SYSTEM --add-opens=java.base/java.util=ALL-UNNAMED --add-opens=java.base/java.lang=ALL-UNNAMED --add-opens=java.base/sun.nio.fs=ALL-UNNAMED -Declipse.application=org.eclipse.jdt.ls.core.id1 -Dosgi.bundles.defaultStartLevel=4 -Declipse.product=org.eclipse.jdt.ls.core.product -Djava.import.generatesMetadataFilesAtProjectRoot=false -DDetectVMInstallationsJob.disabled=true -Dfile.encoding=utf8 -XX:+UseParallelGC -XX:GCTimeRatio=4 -XX:AdaptiveSizePolicyWeight=90 -Dsun.zip.disableMemoryMapping=true -Xmx1G -Xms100m -Xlog:disable -javaagent:c:\Users\ADMIN\.vscode\extensions\redhat.java-1.25.1-win32-x64\lombok\lombok-1.18.30.jar 
java_command: c:\Users\ADMIN\.vscode\extensions\redhat.java-1.25.1-win32-x64\server\plugins\org.eclipse.equinox.launcher_1.6.600.v20231106-1826.jar -configuration c:\Users\ADMIN\AppData\Roaming\Code\User\globalStorage\redhat.java\1.25.1\config_ss_win -data c:\Users\ADMIN\AppData\Roaming\Code\User\workspaceStorage\6cdb84a19000531febd1660c35a6afec\redhat.java\ss_ws --stdio
java_class_path (initial): c:\Users\ADMIN\.vscode\extensions\redhat.java-1.25.1-win32-x64\server\plugins\org.eclipse.equinox.launcher_1.6.600.v20231106-1826.jar
Launcher Type: SUN_STANDARD

[Global flags]
    uintx AdaptiveSizePolicyWeight                 = 90                                        {product} {command line}
     intx CICompilerCount                          = 4                                         {product} {ergonomic}
    uintx GCTimeRatio                              = 4                                         {product} {command line}
   size_t InitialHeapSize                          = 104857600                                 {product} {command line}
   size_t MaxHeapSize                              = 1073741824                                {product} {command line}
   size_t MaxNewSize                               = 357564416                                 {product} {ergonomic}
   size_t MinHeapDeltaBytes                        = 524288                                    {product} {ergonomic}
   size_t MinHeapSize                              = 104857600                                 {product} {command line}
   size_t NewSize                                  = 34603008                                  {product} {ergonomic}
    uintx NonNMethodCodeHeapSize                   = 5839372                                {pd product} {ergonomic}
    uintx NonProfiledCodeHeapSize                  = 122909434                              {pd product} {ergonomic}
   size_t OldSize                                  = 70254592                                  {product} {ergonomic}
    uintx ProfiledCodeHeapSize                     = 122909434                              {pd product} {ergonomic}
    uintx ReservedCodeCacheSize                    = 251658240                              {pd product} {ergonomic}
     bool SegmentedCodeCache                       = true                                      {product} {ergonomic}
   size_t SoftMaxHeapSize                          = 1073741824                             {manageable} {ergonomic}
     bool UseCompressedClassPointers               = true                           {product lp64_product} {ergonomic}
     bool UseCompressedOops                        = true                           {product lp64_product} {ergonomic}
     bool UseLargePagesIndividualAllocation        = false                                  {pd product} {ergonomic}
     bool UseParallelGC                            = true                                      {product} {command line}

Logging:
Log output configuration:
 #0: stdout all=off uptime,level,tags
 #1: stderr all=off uptime,level,tags

Environment Variables:
JAVA_HOME=C:\Program Files\Java\jdk-19
PATH=C:\Program Files\Common Files\Oracle\Java\javapath;C:\Windows\system32;C:\Windows;C:\Windows\System32\Wbem;C:\Windows\System32\WindowsPowerShell\v1.0\;C:\Windows\System32\OpenSSH\;C:\Program Files\Java\jdk-19\bin;C:\Program Files\Git\cmd;C:\MinGW\bin;C:\Users\ADMIN\AppData\Roaming\nvm;C:\Program Files\nodejs;C:\Users\ADMIN\AppData\Local\Android\Sdk\platform-tools;C:\Program Files\MySQL\MySQL Shell 8.0\bin\;C:\Users\ADMIN\AppData\Local\Microsoft\WindowsApps;C:\Users\ADMIN\AppData\Local\Programs\Microsoft VS Code\bin;C:\Users\ADMIN\AppData\Local\Programs\Python\Python311;C:\Users\ADMIN\AppData\Local\Programs\Python\Python311\Scripts;C:\Users\ADMIN\AppData\Roaming\npm;C:\Users\ADMIN\AppData\Local\Programs\EmEditor;C:\Users\ADMIN\AppData\Roaming\nvm;C:\Program Files\nodejs;
USERNAME=ADMIN
OS=Windows_NT
PROCESSOR_IDENTIFIER=AMD64 Family 23 Model 96 Stepping 1, AuthenticAMD
TMP=C:\Users\ADMIN\AppData\Local\Temp
TEMP=C:\Users\ADMIN\AppData\Local\Temp



Periodic native trim disabled


---------------  S Y S T E M  ---------------

OS:
 Windows 10 , 64 bit Build 19041 (10.0.19041.1889)
OS uptime: 0 days 20:57 hours

CPU: total 12 (initial active 12) (12 cores per cpu, 2 threads per core) family 23 model 96 stepping 1 microcode 0x0, cx8, cmov, fxsr, ht, mmx, 3dnowpref, sse, sse2, sse3, ssse3, sse4a, sse4.1, sse4.2, popcnt, lzcnt, tsc, tscinvbit, avx, avx2, aes, clmul, bmi1, bmi2, adx, sha, fma, vzeroupper, clflush, clflushopt
Processor Information for all 12 processors :
  Max Mhz: 3000, Current Mhz: 3000, Mhz Limit: 3000

Memory: 4k page, system-wide physical 7579M (665M free)
TotalPageFile size 11675M (AvailPageFile size 63M)
current process WorkingSet (physical memory assigned to process): 147M, peak: 173M
current process commit charge ("private bytes"): 243M, peak: 273M

vm_info: OpenJDK 64-Bit Server VM (17.0.9+9) for windows-amd64 JRE (17.0.9+9), built on Oct 26 2023 14:01:42 by "admin" with MS VC++ 16.10 / 16.11 (VS2019)

END.
