#
# There is insufficient memory for the Java Runtime Environment to continue.
# Native memory allocation (malloc) failed to allocate 894576 bytes for Chunk::new
# Possible reasons:
#   The system is out of physical RAM or swap space
#   The process is running with CompressedOops enabled, and the Java Heap may be blocking the growth of the native heap
# Possible solutions:
#   Reduce memory load on the system
#   Increase physical memory or swap space
#   Check if swap backing store is full
#   Decrease Java heap size (-Xmx/-Xms)
#   Decrease number of Java threads
#   Decrease Java thread stack sizes (-Xss)
#   Set larger code cache with -XX:ReservedCodeCacheSize=
#   JVM is running with Unscaled Compressed Oops mode in which the Java heap is
#     placed in the first 4GB address space. The Java Heap base address is the
#     maximum limit for the native heap growth. Please use -XX:HeapBaseMinAddress
#     to set the Java Heap base and to place the Java Heap above 4GB virtual address.
# This output file may be truncated or incomplete.
#
#  Out of Memory Error (arena.cpp:189), pid=12100, tid=17260
#
# JRE version: OpenJDK Runtime Environment Temurin-17.0.8.1+1 (17.0.8.1+1) (build 17.0.8.1+1)
# Java VM: OpenJDK 64-Bit Server VM Temurin-17.0.8.1+1 (17.0.8.1+1, mixed mode, tiered, compressed oops, compressed class ptrs, parallel gc, windows-amd64)
# No core dump will be written. Minidumps are not enabled by default on client versions of Windows
#

---------------  S U M M A R Y ------------

Command Line: --add-modules=ALL-SYSTEM --add-opens=java.base/java.util=ALL-UNNAMED --add-opens=java.base/java.lang=ALL-UNNAMED --add-opens=java.base/sun.nio.fs=ALL-UNNAMED -Declipse.application=org.eclipse.jdt.ls.core.id1 -Dosgi.bundles.defaultStartLevel=4 -Declipse.product=org.eclipse.jdt.ls.core.product -Djava.import.generatesMetadataFilesAtProjectRoot=false -DDetectVMInstallationsJob.disabled=true -Dfile.encoding=utf8 -XX:+UseParallelGC -XX:GCTimeRatio=4 -XX:AdaptiveSizePolicyWeight=90 -Dsun.zip.disableMemoryMapping=true -Xmx1G -Xms100m -Xlog:disable -javaagent:c:\Users\ADMIN\.vscode\extensions\redhat.java-1.24.0-win32-x64\lombok\lombok-1.18.30.jar -XX:+HeapDumpOnOutOfMemoryError -XX:HeapDumpPath=c:\Users\ADMIN\AppData\Roaming\Code\User\workspaceStorage\6cdb84a19000531febd1660c35a6afec\redhat.java -Daether.dependencyCollector.impl=bf c:\Users\ADMIN\.vscode\extensions\redhat.java-1.24.0-win32-x64\server\plugins\org.eclipse.equinox.launcher_1.6.500.v20230717-2134.jar -configuration c:\Users\ADMIN\AppData\Roaming\Code\User\globalStorage\redhat.java\1.24.0\config_win -data c:\Users\ADMIN\AppData\Roaming\Code\User\workspaceStorage\6cdb84a19000531febd1660c35a6afec\redhat.java\jdt_ws --stdio

Host: AMD Ryzen 5 4600H with Radeon Graphics         , 12 cores, 7G,  Windows 10 , 64 bit Build 19041 (10.0.19041.1889)
Time: Thu Nov 23 20:40:41 2023 SE Asia Standard Time elapsed time: 31.712064 seconds (0d 0h 0m 31s)

---------------  T H R E A D  ---------------

Current thread (0x0000026d7eb8e3c0):  JavaThread "C2 CompilerThread0" daemon [_thread_in_native, id=17260, stack(0x000000aa0ac00000,0x000000aa0ad00000)]


Current CompileTask:
C2:  31712 8497       4       jdk.internal.org.objectweb.asm.Frame::execute (2318 bytes)

Stack: [0x000000aa0ac00000,0x000000aa0ad00000]
Native frames: (J=compiled Java code, j=interpreted, Vv=VM code, C=native code)
V  [jvm.dll+0x678b0a]
V  [jvm.dll+0x835e84]
V  [jvm.dll+0x83762e]
V  [jvm.dll+0x837c93]
V  [jvm.dll+0x24746f]
V  [jvm.dll+0xac20c]
V  [jvm.dll+0xac7dc]
V  [jvm.dll+0x2ae7af]
V  [jvm.dll+0x581427]
V  [jvm.dll+0x222602]
V  [jvm.dll+0x2229df]
V  [jvm.dll+0x21ba55]
V  [jvm.dll+0x218f0b]
V  [jvm.dll+0x1a534d]
V  [jvm.dll+0x228d8a]
V  [jvm.dll+0x226dcc]
V  [jvm.dll+0x7ec09b]
V  [jvm.dll+0x7e64ca]
V  [jvm.dll+0x677955]
C  [ucrtbase.dll+0x21bb2]
C  [KERNEL32.DLL+0x17034]
C  [ntdll.dll+0x526a1]


---------------  P R O C E S S  ---------------

Threads class SMR info:
_java_thread_list=0x0000026d08330d00, length=38, elements={
0x0000026d69a62460, 0x0000026d7eb673a0, 0x0000026d7eb694c0, 0x0000026d7eb85020,
0x0000026d7eb85af0, 0x0000026d7eb866b0, 0x0000026d7eb89080, 0x0000026d7eb8e3c0,
0x0000026d7eb8edc0, 0x0000026d7eb8f7c0, 0x0000026d7ec79000, 0x0000026d047939b0,
0x0000026d04a12d10, 0x0000026d050be870, 0x0000026d050b1a40, 0x0000026d050ad460,
0x0000026d051c3fc0, 0x0000026d051c6330, 0x0000026d051c35a0, 0x0000026d051c44d0,
0x0000026d051c4ef0, 0x0000026d051c3090, 0x0000026d051c5400, 0x0000026d06218840,
0x0000026d062164d0, 0x0000026d06216ef0, 0x0000026d06217400, 0x0000026d06217e20,
0x0000026d0621a190, 0x0000026d06219260, 0x0000026d0621b0c0, 0x0000026d06214670,
0x0000026d06214160, 0x0000026d06214b80, 0x0000026d06217910, 0x0000026d062155a0,
0x0000026d06218d50, 0x0000026d073c55b0
}

Java Threads: ( => current thread )
  0x0000026d69a62460 JavaThread "main" [_thread_blocked, id=17072, stack(0x000000aa0a300000,0x000000aa0a400000)]
  0x0000026d7eb673a0 JavaThread "Reference Handler" daemon [_thread_blocked, id=17084, stack(0x000000aa0a600000,0x000000aa0a700000)]
  0x0000026d7eb694c0 JavaThread "Finalizer" daemon [_thread_blocked, id=17076, stack(0x000000aa0a700000,0x000000aa0a800000)]
  0x0000026d7eb85020 JavaThread "Signal Dispatcher" daemon [_thread_blocked, id=17380, stack(0x000000aa0a800000,0x000000aa0a900000)]
  0x0000026d7eb85af0 JavaThread "Attach Listener" daemon [_thread_blocked, id=16568, stack(0x000000aa0a900000,0x000000aa0aa00000)]
  0x0000026d7eb866b0 JavaThread "Service Thread" daemon [_thread_blocked, id=17368, stack(0x000000aa0aa00000,0x000000aa0ab00000)]
  0x0000026d7eb89080 JavaThread "Monitor Deflation Thread" daemon [_thread_blocked, id=13068, stack(0x000000aa0ab00000,0x000000aa0ac00000)]
=>0x0000026d7eb8e3c0 JavaThread "C2 CompilerThread0" daemon [_thread_in_native, id=17260, stack(0x000000aa0ac00000,0x000000aa0ad00000)]
  0x0000026d7eb8edc0 JavaThread "C1 CompilerThread0" daemon [_thread_in_native, id=12340, stack(0x000000aa0ad00000,0x000000aa0ae00000)]
  0x0000026d7eb8f7c0 JavaThread "Sweeper thread" daemon [_thread_blocked, id=1016, stack(0x000000aa0ae00000,0x000000aa0af00000)]
  0x0000026d7ec79000 JavaThread "Common-Cleaner" daemon [_thread_blocked, id=17316, stack(0x000000aa0af00000,0x000000aa0b000000)]
  0x0000026d047939b0 JavaThread "Notification Thread" daemon [_thread_blocked, id=17004, stack(0x000000aa0b200000,0x000000aa0b300000)]
  0x0000026d04a12d10 JavaThread "Active Thread: Equinox Container: f603c54b-7b47-4108-b963-2cd23bd797e9" [_thread_blocked, id=16760, stack(0x000000aa0bb00000,0x000000aa0bc00000)]
  0x0000026d050be870 JavaThread "Framework Event Dispatcher: Equinox Container: f603c54b-7b47-4108-b963-2cd23bd797e9" daemon [_thread_blocked, id=16768, stack(0x000000aa0bc00000,0x000000aa0bd00000)]
  0x0000026d050b1a40 JavaThread "Start Level: Equinox Container: f603c54b-7b47-4108-b963-2cd23bd797e9" daemon [_thread_blocked, id=12856, stack(0x000000aa0bd00000,0x000000aa0be00000)]
  0x0000026d050ad460 JavaThread "Bundle File Closer" daemon [_thread_blocked, id=17104, stack(0x000000aa0bf00000,0x000000aa0c000000)]
  0x0000026d051c3fc0 JavaThread "SCR Component Actor" daemon [_thread_blocked, id=16852, stack(0x000000aa0c000000,0x000000aa0c100000)]
  0x0000026d051c6330 JavaThread "Worker-JM" [_thread_blocked, id=13988, stack(0x000000aa0c400000,0x000000aa0c500000)]
  0x0000026d051c35a0 JavaThread "Worker-0" [_thread_blocked, id=16820, stack(0x000000aa0c500000,0x000000aa0c600000)]
  0x0000026d051c44d0 JavaThread "Worker-1: Initialize Workspace" [_thread_blocked, id=16824, stack(0x000000aa0c600000,0x000000aa0c700000)]
  0x0000026d051c4ef0 JavaThread "Java indexing" daemon [_thread_blocked, id=16840, stack(0x000000aa0c700000,0x000000aa0c800000)]
  0x0000026d051c3090 JavaThread "JNA Cleaner" daemon [_thread_blocked, id=8824, stack(0x000000aa0c800000,0x000000aa0c900000)]
  0x0000026d051c5400 JavaThread "pool-2-thread-1" [_thread_blocked, id=16804, stack(0x000000aa0c900000,0x000000aa0ca00000)]
  0x0000026d06218840 JavaThread "WorkspaceEventsHandler" [_thread_blocked, id=16280, stack(0x000000aa0ca00000,0x000000aa0cb00000)]
  0x0000026d062164d0 JavaThread "pool-1-thread-1" [_thread_blocked, id=16808, stack(0x000000aa0cb00000,0x000000aa0cc00000)]
  0x0000026d06216ef0 JavaThread "Worker-2" [_thread_blocked, id=15696, stack(0x000000aa0cc00000,0x000000aa0cd00000)]
  0x0000026d06217400 JavaThread "Timer-0" [_thread_blocked, id=16532, stack(0x000000aa0cd00000,0x000000aa0ce00000)]
  0x0000026d06217e20 JavaThread "Worker-3" [_thread_blocked, id=2216, stack(0x000000aa0b400000,0x000000aa0b500000)]
  0x0000026d0621a190 JavaThread "Exec process" [_thread_blocked, id=8076, stack(0x000000aa0d000000,0x000000aa0d100000)]
  0x0000026d06219260 JavaThread "Exec process Thread 2" [_thread_blocked, id=3316, stack(0x000000aa0d100000,0x000000aa0d200000)]
  0x0000026d0621b0c0 JavaThread "Exec process Thread 3" [_thread_blocked, id=14644, stack(0x000000aa0d200000,0x000000aa0d300000)]
  0x0000026d06214670 JavaThread "Timer-1" [_thread_blocked, id=17144, stack(0x000000aa0ce00000,0x000000aa0cf00000)]
  0x0000026d06214160 JavaThread "Timer-2" [_thread_blocked, id=17156, stack(0x000000aa0d300000,0x000000aa0d400000)]
  0x0000026d06214b80 JavaThread "Timer-3" [_thread_blocked, id=1684, stack(0x000000aa0c300000,0x000000aa0c400000)]
  0x0000026d06217910 JavaThread "Connection worker" [_thread_in_Java, id=12836, stack(0x000000aa0cf00000,0x000000aa0d000000)]
  0x0000026d062155a0 JavaThread "pool-3-thread-1" [_thread_blocked, id=11092, stack(0x000000aa0d500000,0x000000aa0d600000)]
  0x0000026d06218d50 JavaThread "Forward input" [_thread_blocked, id=12848, stack(0x000000aa0b000000,0x000000aa0b100000)]
  0x0000026d073c55b0 JavaThread "C2 CompilerThread1" daemon [_thread_in_native, id=9828, stack(0x000000aa0d400000,0x000000aa0d500000)]

Other Threads:
  0x0000026d69b1e540 VMThread "VM Thread" [stack: 0x000000aa0a500000,0x000000aa0a600000] [id=17080]
  0x0000026d7eece430 WatcherThread [stack: 0x000000aa0b300000,0x000000aa0b400000] [id=6828]
  0x0000026d69a7a190 GCTaskThread "GC Thread#0" [stack: 0x000000aa0a400000,0x000000aa0a500000] [id=2604]
  0x0000026d04e4eec0 GCTaskThread "GC Thread#1" [stack: 0x000000aa0b500000,0x000000aa0b600000] [id=17012]
  0x0000026d04f37100 GCTaskThread "GC Thread#2" [stack: 0x000000aa0b600000,0x000000aa0b700000] [id=4800]
  0x0000026d04f373c0 GCTaskThread "GC Thread#3" [stack: 0x000000aa0b700000,0x000000aa0b800000] [id=7088]
  0x0000026d04f37680 GCTaskThread "GC Thread#4" [stack: 0x000000aa0b800000,0x000000aa0b900000] [id=17024]
  0x0000026d04f37940 GCTaskThread "GC Thread#5" [stack: 0x000000aa0b900000,0x000000aa0ba00000] [id=17020]
  0x0000026d04bace60 GCTaskThread "GC Thread#6" [stack: 0x000000aa0ba00000,0x000000aa0bb00000] [id=17028]
  0x0000026d05010db0 GCTaskThread "GC Thread#7" [stack: 0x000000aa0be00000,0x000000aa0bf00000] [id=11312]
  0x0000026d05205680 GCTaskThread "GC Thread#8" [stack: 0x000000aa0c100000,0x000000aa0c200000] [id=13896]
  0x0000026d05205940 GCTaskThread "GC Thread#9" [stack: 0x000000aa0c200000,0x000000aa0c300000] [id=948]

Threads with active compile tasks:
C2 CompilerThread0    31734 8497       4       jdk.internal.org.objectweb.asm.Frame::execute (2318 bytes)
C2 CompilerThread1    31734 8577       4       java.io.ObjectInputStream$FieldValues::<init> (217 bytes)

VM state: not at safepoint (normal execution)

VM Mutex/Monitor currently owned by a thread: None

Heap address: 0x00000000c0000000, size: 1024 MB, Compressed Oops mode: 32-bit

CDS archive(s) not mapped
Compressed class space mapped at: 0x0000000100000000-0x0000000140000000, reserved size: 1073741824
Narrow klass base: 0x0000000000000000, Narrow klass shift: 3, Narrow klass range: 0x140000000

GC Precious Log:
 CPUs: 12 total, 12 available
 Memory: 7579M
 Large Page Support: Disabled
 NUMA Support: Disabled
 Compressed Oops: Enabled (32-bit)
 Alignments: Space 512K, Generation 512K, Heap 2M
 Heap Min Capacity: 100M
 Heap Initial Capacity: 100M
 Heap Max Capacity: 1G
 Pre-touch: Disabled
 Parallel Workers: 10

Heap:
 PSYoungGen      total 8192K, used 1744K [0x00000000eab00000, 0x00000000eb500000, 0x0000000100000000)
  eden space 6144K, 12% used [0x00000000eab00000,0x00000000eabbc3f0,0x00000000eb100000)
  from space 2048K, 48% used [0x00000000eb100000,0x00000000eb1f8000,0x00000000eb300000)
  to   space 1536K, 0% used [0x00000000eb380000,0x00000000eb380000,0x00000000eb500000)
 ParOldGen       total 366080K, used 361382K [0x00000000c0000000, 0x00000000d6580000, 0x00000000eab00000)
  object space 366080K, 98% used [0x00000000c0000000,0x00000000d60e9bf0,0x00000000d6580000)
 Metaspace       used 68885K, committed 70016K, reserved 1114112K
  class space    used 8298K, committed 8832K, reserved 1048576K

Card table byte_map: [0x0000026d69430000,0x0000026d69640000] _byte_map_base: 0x0000026d68e30000

Marking Bits: (ParMarkBitMap*) 0x00007ffc53d583a0
 Begin Bits: [0x0000026d7b6e0000, 0x0000026d7c6e0000)
 End Bits:   [0x0000026d7c6e0000, 0x0000026d7d6e0000)

Polling page: 0x0000026d69220000

Metaspace:

Usage:
  Non-class:     59.17 MB used.
      Class:      8.10 MB used.
       Both:     67.27 MB used.

Virtual space:
  Non-class space:       64.00 MB reserved,      59.75 MB ( 93%) committed,  1 nodes.
      Class space:        1.00 GB reserved,       8.62 MB ( <1%) committed,  1 nodes.
             Both:        1.06 GB reserved,      68.38 MB (  6%) committed. 

Chunk freelists:
   Non-Class:  4.26 MB
       Class:  7.23 MB
        Both:  11.49 MB

MaxMetaspaceSize: unlimited
CompressedClassSpaceSize: 1.00 GB
Initial GC threshold: 21.00 MB
Current GC threshold: 109.50 MB
CDS: off
MetaspaceReclaimPolicy: balanced
 - commit_granule_bytes: 65536.
 - commit_granule_words: 8192.
 - virtual_space_node_default_size: 8388608.
 - enlarge_chunks_in_place: 1.
 - new_chunks_are_fully_committed: 0.
 - uncommit_free_chunks: 1.
 - use_allocation_guard: 0.
 - handle_deallocations: 1.


Internal statistics:

num_allocs_failed_limit: 9.
num_arena_births: 694.
num_arena_deaths: 14.
num_vsnodes_births: 2.
num_vsnodes_deaths: 0.
num_space_committed: 1094.
num_space_uncommitted: 0.
num_chunks_returned_to_freelist: 23.
num_chunks_taken_from_freelist: 3225.
num_chunk_merges: 10.
num_chunk_splits: 2154.
num_chunks_enlarged: 1468.
num_inconsistent_stats: 0.

CodeHeap 'non-profiled nmethods': size=120000Kb used=7013Kb max_used=7013Kb free=112986Kb
 bounds [0x0000026d741b0000, 0x0000026d74890000, 0x0000026d7b6e0000]
CodeHeap 'profiled nmethods': size=120000Kb used=13541Kb max_used=13541Kb free=106458Kb
 bounds [0x0000026d6c6e0000, 0x0000026d6d420000, 0x0000026d73c10000]
CodeHeap 'non-nmethods': size=5760Kb used=1323Kb max_used=1396Kb free=4436Kb
 bounds [0x0000026d73c10000, 0x0000026d73e80000, 0x0000026d741b0000]
 total_blobs=7748 nmethods=7086 adapters=574
 compilation: enabled
              stopped_count=0, restarted_count=0
 full_count=0

Compilation events (20 events):
Event: 31.697 Thread 0x0000026d7eb8edc0 8563       3       java.io.ObjectStreamField::getClassSignature (27 bytes)
Event: 31.697 Thread 0x0000026d7eb8edc0 nmethod 8563 0x0000026d6d2d3990 code [0x0000026d6d2d3ba0, 0x0000026d6d2d40a8]
Event: 31.700 Thread 0x0000026d7eb8edc0 8564       3       org.objectweb.asm.ClassReader::readClass (7 bytes)
Event: 31.700 Thread 0x0000026d7eb8edc0 nmethod 8564 0x0000026d6d2d3290 code [0x0000026d6d2d3460, 0x0000026d6d2d37a8]
Event: 31.700 Thread 0x0000026d7eb8edc0 8565       3       org.objectweb.asm.ClassReader::readStringish (16 bytes)
Event: 31.700 Thread 0x0000026d7eb8edc0 nmethod 8565 0x0000026d6d2d2990 code [0x0000026d6d2d2b60, 0x0000026d6d2d2e48]
Event: 31.701 Thread 0x0000026d7eb8edc0 8566       3       java.security.Provider$Service::getDefaultConstructor (84 bytes)
Event: 31.701 Thread 0x0000026d073c55b0 8567       4       java.util.TimSort::countRunAndMakeAscending (128 bytes)
Event: 31.702 Thread 0x0000026d7eb8edc0 nmethod 8566 0x0000026d6d24e610 code [0x0000026d6d24e8e0, 0x0000026d6d24fd18]
Event: 31.702 Thread 0x0000026d7eb8edc0 8569       3       java.io.ObjectStreamField::<init> (64 bytes)
Event: 31.703 Thread 0x0000026d7eb8edc0 nmethod 8569 0x0000026d6d24dc10 code [0x0000026d6d24de20, 0x0000026d6d24e388]
Event: 31.705 Thread 0x0000026d7eb8edc0 8571       3       sun.net.www.protocol.file.FileURLConnection::<init> (38 bytes)
Event: 31.705 Thread 0x0000026d7eb8edc0 nmethod 8571 0x0000026d6d24d510 code [0x0000026d6d24d6e0, 0x0000026d6d24da38]
Event: 31.706 Thread 0x0000026d7eb8edc0 8572       3       java.util.Collections$SetFromMap::contains (11 bytes)
Event: 31.706 Thread 0x0000026d7eb8edc0 nmethod 8572 0x0000026d6d24d090 code [0x0000026d6d24d240, 0x0000026d6d24d408]
Event: 31.707 Thread 0x0000026d7eb8edc0 8573       3       java.util.jar.JarEntry::<init> (6 bytes)
Event: 31.707 Thread 0x0000026d7eb8edc0 nmethod 8573 0x0000026d6d24cd10 code [0x0000026d6d24cea0, 0x0000026d6d24cfe8]
Event: 31.710 Thread 0x0000026d7eb8edc0 8574       3       java.io.ObjectInputStream$BlockDataInputStream::readShort (73 bytes)
Event: 31.710 Thread 0x0000026d7eb8edc0 nmethod 8574 0x0000026d6d24c690 code [0x0000026d6d24c860, 0x0000026d6d24cb98]
Event: 31.710 Thread 0x0000026d7eb8edc0 8575       3       java.net.URLClassLoader::findResource (33 bytes)

GC Heap History (20 events):
Event: 31.127 GC heap before
{Heap before GC invocations=312 (full 12):
 PSYoungGen      total 6656K, used 6432K [0x00000000eab00000, 0x00000000eb500000, 0x0000000100000000)
  eden space 6144K, 100% used [0x00000000eab00000,0x00000000eb100000,0x00000000eb100000)
  from space 512K, 56% used [0x00000000eb480000,0x00000000eb4c8000,0x00000000eb500000)
  to   space 512K, 0% used [0x00000000eb400000,0x00000000eb400000,0x00000000eb480000)
 ParOldGen       total 366080K, used 359983K [0x00000000c0000000, 0x00000000d6580000, 0x00000000eab00000)
  object space 366080K, 98% used [0x00000000c0000000,0x00000000d5f8bdf8,0x00000000d6580000)
 Metaspace       used 68392K, committed 69440K, reserved 1114112K
  class space    used 8230K, committed 8704K, reserved 1048576K
}
Event: 31.129 GC heap after
{Heap after GC invocations=312 (full 12):
 PSYoungGen      total 6656K, used 320K [0x00000000eab00000, 0x00000000eb500000, 0x0000000100000000)
  eden space 6144K, 0% used [0x00000000eab00000,0x00000000eab00000,0x00000000eb100000)
  from space 512K, 62% used [0x00000000eb400000,0x00000000eb450000,0x00000000eb480000)
  to   space 512K, 0% used [0x00000000eb480000,0x00000000eb480000,0x00000000eb500000)
 ParOldGen       total 366080K, used 359983K [0x00000000c0000000, 0x00000000d6580000, 0x00000000eab00000)
  object space 366080K, 98% used [0x00000000c0000000,0x00000000d5f8bdf8,0x00000000d6580000)
 Metaspace       used 68392K, committed 69440K, reserved 1114112K
  class space    used 8230K, committed 8704K, reserved 1048576K
}
Event: 31.142 GC heap before
{Heap before GC invocations=313 (full 12):
 PSYoungGen      total 6656K, used 6464K [0x00000000eab00000, 0x00000000eb500000, 0x0000000100000000)
  eden space 6144K, 100% used [0x00000000eab00000,0x00000000eb100000,0x00000000eb100000)
  from space 512K, 62% used [0x00000000eb400000,0x00000000eb450000,0x00000000eb480000)
  to   space 512K, 0% used [0x00000000eb480000,0x00000000eb480000,0x00000000eb500000)
 ParOldGen       total 366080K, used 359983K [0x00000000c0000000, 0x00000000d6580000, 0x00000000eab00000)
  object space 366080K, 98% used [0x00000000c0000000,0x00000000d5f8bdf8,0x00000000d6580000)
 Metaspace       used 68392K, committed 69440K, reserved 1114112K
  class space    used 8230K, committed 8704K, reserved 1048576K
}
Event: 31.144 GC heap after
{Heap after GC invocations=313 (full 12):
 PSYoungGen      total 6656K, used 320K [0x00000000eab00000, 0x00000000eb500000, 0x0000000100000000)
  eden space 6144K, 0% used [0x00000000eab00000,0x00000000eab00000,0x00000000eb100000)
  from space 512K, 62% used [0x00000000eb480000,0x00000000eb4d0000,0x00000000eb500000)
  to   space 512K, 0% used [0x00000000eb400000,0x00000000eb400000,0x00000000eb480000)
 ParOldGen       total 366080K, used 359983K [0x00000000c0000000, 0x00000000d6580000, 0x00000000eab00000)
  object space 366080K, 98% used [0x00000000c0000000,0x00000000d5f8bdf8,0x00000000d6580000)
 Metaspace       used 68392K, committed 69440K, reserved 1114112K
  class space    used 8230K, committed 8704K, reserved 1048576K
}
Event: 31.173 GC heap before
{Heap before GC invocations=314 (full 12):
 PSYoungGen      total 6656K, used 6464K [0x00000000eab00000, 0x00000000eb500000, 0x0000000100000000)
  eden space 6144K, 100% used [0x00000000eab00000,0x00000000eb100000,0x00000000eb100000)
  from space 512K, 62% used [0x00000000eb480000,0x00000000eb4d0000,0x00000000eb500000)
  to   space 512K, 0% used [0x00000000eb400000,0x00000000eb400000,0x00000000eb480000)
 ParOldGen       total 366080K, used 359983K [0x00000000c0000000, 0x00000000d6580000, 0x00000000eab00000)
  object space 366080K, 98% used [0x00000000c0000000,0x00000000d5f8bdf8,0x00000000d6580000)
 Metaspace       used 68392K, committed 69440K, reserved 1114112K
  class space    used 8230K, committed 8704K, reserved 1048576K
}
Event: 31.175 GC heap after
{Heap after GC invocations=314 (full 12):
 PSYoungGen      total 6656K, used 352K [0x00000000eab00000, 0x00000000eb500000, 0x0000000100000000)
  eden space 6144K, 0% used [0x00000000eab00000,0x00000000eab00000,0x00000000eb100000)
  from space 512K, 68% used [0x00000000eb400000,0x00000000eb458000,0x00000000eb480000)
  to   space 512K, 0% used [0x00000000eb480000,0x00000000eb480000,0x00000000eb500000)
 ParOldGen       total 366080K, used 359983K [0x00000000c0000000, 0x00000000d6580000, 0x00000000eab00000)
  object space 366080K, 98% used [0x00000000c0000000,0x00000000d5f8bdf8,0x00000000d6580000)
 Metaspace       used 68392K, committed 69440K, reserved 1114112K
  class space    used 8230K, committed 8704K, reserved 1048576K
}
Event: 31.195 GC heap before
{Heap before GC invocations=315 (full 12):
 PSYoungGen      total 6656K, used 6496K [0x00000000eab00000, 0x00000000eb500000, 0x0000000100000000)
  eden space 6144K, 100% used [0x00000000eab00000,0x00000000eb100000,0x00000000eb100000)
  from space 512K, 68% used [0x00000000eb400000,0x00000000eb458000,0x00000000eb480000)
  to   space 512K, 0% used [0x00000000eb480000,0x00000000eb480000,0x00000000eb500000)
 ParOldGen       total 366080K, used 359983K [0x00000000c0000000, 0x00000000d6580000, 0x00000000eab00000)
  object space 366080K, 98% used [0x00000000c0000000,0x00000000d5f8bdf8,0x00000000d6580000)
 Metaspace       used 68392K, committed 69440K, reserved 1114112K
  class space    used 8230K, committed 8704K, reserved 1048576K
}
Event: 31.198 GC heap after
{Heap after GC invocations=315 (full 12):
 PSYoungGen      total 6656K, used 320K [0x00000000eab00000, 0x00000000eb500000, 0x0000000100000000)
  eden space 6144K, 0% used [0x00000000eab00000,0x00000000eab00000,0x00000000eb100000)
  from space 512K, 62% used [0x00000000eb480000,0x00000000eb4d0000,0x00000000eb500000)
  to   space 512K, 0% used [0x00000000eb400000,0x00000000eb400000,0x00000000eb480000)
 ParOldGen       total 366080K, used 359983K [0x00000000c0000000, 0x00000000d6580000, 0x00000000eab00000)
  object space 366080K, 98% used [0x00000000c0000000,0x00000000d5f8bdf8,0x00000000d6580000)
 Metaspace       used 68392K, committed 69440K, reserved 1114112K
  class space    used 8230K, committed 8704K, reserved 1048576K
}
Event: 31.228 GC heap before
{Heap before GC invocations=316 (full 12):
 PSYoungGen      total 6656K, used 6464K [0x00000000eab00000, 0x00000000eb500000, 0x0000000100000000)
  eden space 6144K, 100% used [0x00000000eab00000,0x00000000eb100000,0x00000000eb100000)
  from space 512K, 62% used [0x00000000eb480000,0x00000000eb4d0000,0x00000000eb500000)
  to   space 512K, 0% used [0x00000000eb400000,0x00000000eb400000,0x00000000eb480000)
 ParOldGen       total 366080K, used 359983K [0x00000000c0000000, 0x00000000d6580000, 0x00000000eab00000)
  object space 366080K, 98% used [0x00000000c0000000,0x00000000d5f8bdf8,0x00000000d6580000)
 Metaspace       used 68392K, committed 69440K, reserved 1114112K
  class space    used 8230K, committed 8704K, reserved 1048576K
}
Event: 31.230 GC heap after
{Heap after GC invocations=316 (full 12):
 PSYoungGen      total 6656K, used 320K [0x00000000eab00000, 0x00000000eb500000, 0x0000000100000000)
  eden space 6144K, 0% used [0x00000000eab00000,0x00000000eab00000,0x00000000eb100000)
  from space 512K, 62% used [0x00000000eb400000,0x00000000eb450000,0x00000000eb480000)
  to   space 512K, 0% used [0x00000000eb480000,0x00000000eb480000,0x00000000eb500000)
 ParOldGen       total 366080K, used 359983K [0x00000000c0000000, 0x00000000d6580000, 0x00000000eab00000)
  object space 366080K, 98% used [0x00000000c0000000,0x00000000d5f8bdf8,0x00000000d6580000)
 Metaspace       used 68392K, committed 69440K, reserved 1114112K
  class space    used 8230K, committed 8704K, reserved 1048576K
}
Event: 31.244 GC heap before
{Heap before GC invocations=317 (full 12):
 PSYoungGen      total 6656K, used 6464K [0x00000000eab00000, 0x00000000eb500000, 0x0000000100000000)
  eden space 6144K, 100% used [0x00000000eab00000,0x00000000eb100000,0x00000000eb100000)
  from space 512K, 62% used [0x00000000eb400000,0x00000000eb450000,0x00000000eb480000)
  to   space 512K, 0% used [0x00000000eb480000,0x00000000eb480000,0x00000000eb500000)
 ParOldGen       total 366080K, used 359983K [0x00000000c0000000, 0x00000000d6580000, 0x00000000eab00000)
  object space 366080K, 98% used [0x00000000c0000000,0x00000000d5f8bdf8,0x00000000d6580000)
 Metaspace       used 68392K, committed 69440K, reserved 1114112K
  class space    used 8230K, committed 8704K, reserved 1048576K
}
Event: 31.247 GC heap after
{Heap after GC invocations=317 (full 12):
 PSYoungGen      total 6656K, used 352K [0x00000000eab00000, 0x00000000eb500000, 0x0000000100000000)
  eden space 6144K, 0% used [0x00000000eab00000,0x00000000eab00000,0x00000000eb100000)
  from space 512K, 68% used [0x00000000eb480000,0x00000000eb4d8000,0x00000000eb500000)
  to   space 512K, 0% used [0x00000000eb400000,0x00000000eb400000,0x00000000eb480000)
 ParOldGen       total 366080K, used 359983K [0x00000000c0000000, 0x00000000d6580000, 0x00000000eab00000)
  object space 366080K, 98% used [0x00000000c0000000,0x00000000d5f8bdf8,0x00000000d6580000)
 Metaspace       used 68392K, committed 69440K, reserved 1114112K
  class space    used 8230K, committed 8704K, reserved 1048576K
}
Event: 31.276 GC heap before
{Heap before GC invocations=318 (full 12):
 PSYoungGen      total 6656K, used 6496K [0x00000000eab00000, 0x00000000eb500000, 0x0000000100000000)
  eden space 6144K, 100% used [0x00000000eab00000,0x00000000eb100000,0x00000000eb100000)
  from space 512K, 68% used [0x00000000eb480000,0x00000000eb4d8000,0x00000000eb500000)
  to   space 512K, 0% used [0x00000000eb400000,0x00000000eb400000,0x00000000eb480000)
 ParOldGen       total 366080K, used 359983K [0x00000000c0000000, 0x00000000d6580000, 0x00000000eab00000)
  object space 366080K, 98% used [0x00000000c0000000,0x00000000d5f8bdf8,0x00000000d6580000)
 Metaspace       used 68392K, committed 69440K, reserved 1114112K
  class space    used 8230K, committed 8704K, reserved 1048576K
}
Event: 31.279 GC heap after
{Heap after GC invocations=318 (full 12):
 PSYoungGen      total 6656K, used 288K [0x00000000eab00000, 0x00000000eb500000, 0x0000000100000000)
  eden space 6144K, 0% used [0x00000000eab00000,0x00000000eab00000,0x00000000eb100000)
  from space 512K, 56% used [0x00000000eb400000,0x00000000eb448000,0x00000000eb480000)
  to   space 512K, 0% used [0x00000000eb480000,0x00000000eb480000,0x00000000eb500000)
 ParOldGen       total 366080K, used 359983K [0x00000000c0000000, 0x00000000d6580000, 0x00000000eab00000)
  object space 366080K, 98% used [0x00000000c0000000,0x00000000d5f8bdf8,0x00000000d6580000)
 Metaspace       used 68392K, committed 69440K, reserved 1114112K
  class space    used 8230K, committed 8704K, reserved 1048576K
}
Event: 31.305 GC heap before
{Heap before GC invocations=319 (full 12):
 PSYoungGen      total 6656K, used 6432K [0x00000000eab00000, 0x00000000eb500000, 0x0000000100000000)
  eden space 6144K, 100% used [0x00000000eab00000,0x00000000eb100000,0x00000000eb100000)
  from space 512K, 56% used [0x00000000eb400000,0x00000000eb448000,0x00000000eb480000)
  to   space 512K, 0% used [0x00000000eb480000,0x00000000eb480000,0x00000000eb500000)
 ParOldGen       total 366080K, used 359983K [0x00000000c0000000, 0x00000000d6580000, 0x00000000eab00000)
  object space 366080K, 98% used [0x00000000c0000000,0x00000000d5f8bdf8,0x00000000d6580000)
 Metaspace       used 68392K, committed 69440K, reserved 1114112K
  class space    used 8230K, committed 8704K, reserved 1048576K
}
Event: 31.308 GC heap after
{Heap after GC invocations=319 (full 12):
 PSYoungGen      total 6656K, used 352K [0x00000000eab00000, 0x00000000eb500000, 0x0000000100000000)
  eden space 6144K, 0% used [0x00000000eab00000,0x00000000eab00000,0x00000000eb100000)
  from space 512K, 68% used [0x00000000eb480000,0x00000000eb4d8000,0x00000000eb500000)
  to   space 512K, 0% used [0x00000000eb400000,0x00000000eb400000,0x00000000eb480000)
 ParOldGen       total 366080K, used 359999K [0x00000000c0000000, 0x00000000d6580000, 0x00000000eab00000)
  object space 366080K, 98% used [0x00000000c0000000,0x00000000d5f8fdf8,0x00000000d6580000)
 Metaspace       used 68392K, committed 69440K, reserved 1114112K
  class space    used 8230K, committed 8704K, reserved 1048576K
}
Event: 31.508 GC heap before
{Heap before GC invocations=320 (full 12):
 PSYoungGen      total 6656K, used 6496K [0x00000000eab00000, 0x00000000eb500000, 0x0000000100000000)
  eden space 6144K, 100% used [0x00000000eab00000,0x00000000eb100000,0x00000000eb100000)
  from space 512K, 68% used [0x00000000eb480000,0x00000000eb4d8000,0x00000000eb500000)
  to   space 512K, 0% used [0x00000000eb400000,0x00000000eb400000,0x00000000eb480000)
 ParOldGen       total 366080K, used 359999K [0x00000000c0000000, 0x00000000d6580000, 0x00000000eab00000)
  object space 366080K, 98% used [0x00000000c0000000,0x00000000d5f8fdf8,0x00000000d6580000)
 Metaspace       used 68408K, committed 69504K, reserved 1114112K
  class space    used 8231K, committed 8704K, reserved 1048576K
}
Event: 31.511 GC heap after
{Heap after GC invocations=320 (full 12):
 PSYoungGen      total 6656K, used 320K [0x00000000eab00000, 0x00000000eb500000, 0x0000000100000000)
  eden space 6144K, 0% used [0x00000000eab00000,0x00000000eab00000,0x00000000eb100000)
  from space 512K, 62% used [0x00000000eb400000,0x00000000eb450000,0x00000000eb480000)
  to   space 512K, 0% used [0x00000000eb480000,0x00000000eb480000,0x00000000eb500000)
 ParOldGen       total 366080K, used 360143K [0x00000000c0000000, 0x00000000d6580000, 0x00000000eab00000)
  object space 366080K, 98% used [0x00000000c0000000,0x00000000d5fb3df8,0x00000000d6580000)
 Metaspace       used 68408K, committed 69504K, reserved 1114112K
  class space    used 8231K, committed 8704K, reserved 1048576K
}
Event: 31.631 GC heap before
{Heap before GC invocations=321 (full 12):
 PSYoungGen      total 6656K, used 5947K [0x00000000eab00000, 0x00000000eb500000, 0x0000000100000000)
  eden space 6144K, 91% used [0x00000000eab00000,0x00000000eb07ede8,0x00000000eb100000)
  from space 512K, 62% used [0x00000000eb400000,0x00000000eb450000,0x00000000eb480000)
  to   space 512K, 0% used [0x00000000eb480000,0x00000000eb480000,0x00000000eb500000)
 ParOldGen       total 366080K, used 360143K [0x00000000c0000000, 0x00000000d6580000, 0x00000000eab00000)
  object space 366080K, 98% used [0x00000000c0000000,0x00000000d5fb3df8,0x00000000d6580000)
 Metaspace       used 68540K, committed 69696K, reserved 1114112K
  class space    used 8250K, committed 8768K, reserved 1048576K
}
Event: 31.635 GC heap after
{Heap after GC invocations=321 (full 12):
 PSYoungGen      total 6656K, used 512K [0x00000000eab00000, 0x00000000eb500000, 0x0000000100000000)
  eden space 6144K, 0% used [0x00000000eab00000,0x00000000eab00000,0x00000000eb100000)
  from space 512K, 100% used [0x00000000eb480000,0x00000000eb500000,0x00000000eb500000)
  to   space 2048K, 0% used [0x00000000eb100000,0x00000000eb100000,0x00000000eb300000)
 ParOldGen       total 366080K, used 361366K [0x00000000c0000000, 0x00000000d6580000, 0x00000000eab00000)
  object space 366080K, 98% used [0x00000000c0000000,0x00000000d60e5bf0,0x00000000d6580000)
 Metaspace       used 68540K, committed 69696K, reserved 1114112K
  class space    used 8250K, committed 8768K, reserved 1048576K
}

Dll operation events (14 events):
Event: 0.007 Loaded shared library c:\Users\ADMIN\.vscode\extensions\redhat.java-1.24.0-win32-x64\jre\17.0.8.1-win32-x86_64\bin\java.dll
Event: 0.130 Loaded shared library c:\Users\ADMIN\.vscode\extensions\redhat.java-1.24.0-win32-x64\jre\17.0.8.1-win32-x86_64\bin\zip.dll
Event: 0.133 Loaded shared library C:\Users\ADMIN\.vscode\extensions\redhat.java-1.24.0-win32-x64\jre\17.0.8.1-win32-x86_64\bin\instrument.dll
Event: 0.143 Loaded shared library C:\Users\ADMIN\.vscode\extensions\redhat.java-1.24.0-win32-x64\jre\17.0.8.1-win32-x86_64\bin\net.dll
Event: 0.346 Loaded shared library C:\Users\ADMIN\.vscode\extensions\redhat.java-1.24.0-win32-x64\jre\17.0.8.1-win32-x86_64\bin\nio.dll
Event: 0.352 Loaded shared library C:\Users\ADMIN\.vscode\extensions\redhat.java-1.24.0-win32-x64\jre\17.0.8.1-win32-x86_64\bin\zip.dll
Event: 0.363 Loaded shared library C:\Users\ADMIN\.vscode\extensions\redhat.java-1.24.0-win32-x64\jre\17.0.8.1-win32-x86_64\bin\jimage.dll
Event: 0.401 Loaded shared library c:\Users\ADMIN\.vscode\extensions\redhat.java-1.24.0-win32-x64\jre\17.0.8.1-win32-x86_64\bin\verify.dll
Event: 1.015 Loaded shared library C:\Users\ADMIN\AppData\Roaming\Code\User\globalStorage\redhat.java\1.24.0\config_win\org.eclipse.equinox.launcher\org.eclipse.equinox.launcher.win32.win32.x86_64_1.2.700.v20221108-1024\eclipse_11801.dll
Event: 3.006 Loaded shared library C:\Users\ADMIN\AppData\Local\Temp\jna-62130991\jna15323269579807840118.dll
Event: 5.769 Loaded shared library C:\Users\ADMIN\.gradle\native\68d5fa5c4cc2d200863cafc0d521ce42e7d3e7ee720ec0a83991735586a16f82\windows-amd64\native-platform.dll
Event: 6.648 Loaded shared library C:\Users\ADMIN\.vscode\extensions\redhat.java-1.24.0-win32-x64\jre\17.0.8.1-win32-x86_64\bin\management.dll
Event: 6.652 Loaded shared library C:\Users\ADMIN\.vscode\extensions\redhat.java-1.24.0-win32-x64\jre\17.0.8.1-win32-x86_64\bin\management_ext.dll
Event: 14.292 Loaded shared library C:\Users\ADMIN\.vscode\extensions\redhat.java-1.24.0-win32-x64\jre\17.0.8.1-win32-x86_64\bin\sunmscapi.dll

Deoptimization events (20 events):
Event: 31.665 Thread 0x0000026d06217910 DEOPT PACKING pc=0x0000026d7476b400 sp=0x000000aa0cffc440
Event: 31.665 Thread 0x0000026d06217910 DEOPT UNPACKING pc=0x0000026d73c666a3 sp=0x000000aa0cffc3d0 mode 2
Event: 31.671 Thread 0x0000026d06217910 Uncommon trap: trap_request=0xffffff45 fr.pc=0x0000026d747b8ed0 relative=0x0000000000000f70
Event: 31.671 Thread 0x0000026d06217910 Uncommon trap: reason=unstable_if action=reinterpret pc=0x0000026d747b8ed0 method=java.io.ObjectInputStream$HandleTable.finish(I)V @ 4 c2
Event: 31.671 Thread 0x0000026d06217910 DEOPT PACKING pc=0x0000026d747b8ed0 sp=0x000000aa0cffbb30
Event: 31.671 Thread 0x0000026d06217910 DEOPT UNPACKING pc=0x0000026d73c666a3 sp=0x000000aa0cffba98 mode 2
Event: 31.685 Thread 0x0000026d06217910 DEOPT PACKING pc=0x0000026d6cf2657c sp=0x000000aa0cff5e60
Event: 31.685 Thread 0x0000026d06217910 DEOPT UNPACKING pc=0x0000026d73c66e43 sp=0x000000aa0cff53e0 mode 0
Event: 31.693 Thread 0x0000026d06217910 Uncommon trap: trap_request=0xffffff45 fr.pc=0x0000026d747b8ed0 relative=0x0000000000000f70
Event: 31.693 Thread 0x0000026d06217910 Uncommon trap: reason=unstable_if action=reinterpret pc=0x0000026d747b8ed0 method=java.io.ObjectInputStream$HandleTable.finish(I)V @ 4 c2
Event: 31.693 Thread 0x0000026d06217910 DEOPT PACKING pc=0x0000026d747b8ed0 sp=0x000000aa0cffbe10
Event: 31.693 Thread 0x0000026d06217910 DEOPT UNPACKING pc=0x0000026d73c666a3 sp=0x000000aa0cffbd78 mode 2
Event: 31.693 Thread 0x0000026d06217910 Uncommon trap: trap_request=0xffffff45 fr.pc=0x0000026d747e86f8 relative=0x0000000000000238
Event: 31.693 Thread 0x0000026d06217910 Uncommon trap: reason=unstable_if action=reinterpret pc=0x0000026d747e86f8 method=java.io.ObjectInputStream$HandleTable.markDependency(II)V @ 54 c2
Event: 31.693 Thread 0x0000026d06217910 DEOPT PACKING pc=0x0000026d747e86f8 sp=0x000000aa0cffbf60
Event: 31.693 Thread 0x0000026d06217910 DEOPT UNPACKING pc=0x0000026d73c666a3 sp=0x000000aa0cffbe68 mode 2
Event: 31.693 Thread 0x0000026d06217910 Uncommon trap: trap_request=0xffffff45 fr.pc=0x0000026d747b8ed0 relative=0x0000000000000f70
Event: 31.693 Thread 0x0000026d06217910 Uncommon trap: reason=unstable_if action=reinterpret pc=0x0000026d747b8ed0 method=java.io.ObjectInputStream$HandleTable.finish(I)V @ 4 c2
Event: 31.693 Thread 0x0000026d06217910 DEOPT PACKING pc=0x0000026d747b8ed0 sp=0x000000aa0cffc2e0
Event: 31.693 Thread 0x0000026d06217910 DEOPT UNPACKING pc=0x0000026d73c666a3 sp=0x000000aa0cffc248 mode 2

Classes unloaded (7 events):
Event: 3.124 Thread 0x0000026d69b1e540 Unloading class 0x0000000100258000 'java/lang/invoke/LambdaForm$MH+0x0000000100258000'
Event: 3.124 Thread 0x0000026d69b1e540 Unloading class 0x0000000100257c00 'java/lang/invoke/LambdaForm$MH+0x0000000100257c00'
Event: 3.124 Thread 0x0000026d69b1e540 Unloading class 0x0000000100257800 'java/lang/invoke/LambdaForm$MH+0x0000000100257800'
Event: 3.124 Thread 0x0000026d69b1e540 Unloading class 0x0000000100257400 'java/lang/invoke/LambdaForm$MH+0x0000000100257400'
Event: 3.124 Thread 0x0000026d69b1e540 Unloading class 0x0000000100257000 'java/lang/invoke/LambdaForm$BMH+0x0000000100257000'
Event: 3.124 Thread 0x0000026d69b1e540 Unloading class 0x0000000100256c00 'java/lang/invoke/LambdaForm$DMH+0x0000000100256c00'
Event: 3.124 Thread 0x0000026d69b1e540 Unloading class 0x0000000100254000 'java/lang/invoke/LambdaForm$DMH+0x0000000100254000'

Classes redefined (0 events):
No events

Internal exceptions (20 events):
Event: 31.544 Thread 0x0000026d06217910 Exception <a 'java/lang/NoSuchMethodError'{0x00000000eac9c770}: static Lorg/gradle/tooling/internal/adapter/ProtocolToModelAdapter$InvocationHandlerImpl;.<clinit>()V> (0x00000000eac9c770) 
thrown [s\src\hotspot\share\prims\jni.cpp, line 1107]
Event: 31.547 Thread 0x0000026d06217910 Exception <a 'java/lang/NoSuchMethodError'{0x00000000eacad368}: static Ljava/lang/Object;.<clinit>()V> (0x00000000eacad368) 
thrown [s\src\hotspot\share\prims\jni.cpp, line 1107]
Event: 31.551 Thread 0x0000026d06217910 Exception <a 'java/lang/NoSuchMethodError'{0x00000000eaccd238}: static Lorg/gradle/tooling/internal/adapter/ProtocolToModelAdapter$TypeSpecificMappingAction;.<clinit>()V> (0x00000000eaccd238) 
thrown [s\src\hotspot\share\prims\jni.cpp, line 1107]
Event: 31.551 Thread 0x0000026d06217910 Exception <a 'java/lang/NoSuchMethodError'{0x00000000eaccf2d8}: static Lorg/gradle/tooling/internal/adapter/ProtocolToModelAdapter$MixInBeanMappingAction;.<clinit>()V> (0x00000000eaccf2d8) 
thrown [s\src\hotspot\share\prims\jni.cpp, line 1107]
Event: 31.554 Thread 0x0000026d06217910 Exception <a 'java/lang/NoSuchMethodError'{0x00000000eacdeae8}: static Lorg/gradle/tooling/internal/consumer/converters/GradleProjectIdentifierMixin;.<clinit>()V> (0x00000000eacdeae8) 
thrown [s\src\hotspot\share\prims\jni.cpp, line 1107]
Event: 31.555 Thread 0x0000026d06217910 Exception <a 'java/lang/NoSuchMethodError'{0x00000000eaceed68}: static Lorg/gradle/tooling/internal/gradle/DefaultBuildIdentifier;.<clinit>()V> (0x00000000eaceed68) 
thrown [s\src\hotspot\share\prims\jni.cpp, line 1107]
Event: 31.558 Thread 0x0000026d06217910 Exception <a 'java/lang/NoSuchMethodError'{0x00000000eacff350}: static Lorg/gradle/tooling/internal/consumer/converters/FixedBuildIdentifierProvider;.<clinit>()V> (0x00000000eacff350) 
thrown [s\src\hotspot\share\prims\jni.cpp, line 1107]
Event: 31.561 Thread 0x0000026d06217910 Exception <a 'java/lang/NoSuchMethodError'{0x00000000ead10c88}: static Lorg/gradle/tooling/internal/gradle/DefaultProjectIdentifier;.<clinit>()V> (0x00000000ead10c88) 
thrown [s\src\hotspot\share\prims\jni.cpp, line 1107]
Event: 31.562 Thread 0x0000026d06217910 Exception <a 'java/lang/NoSuchMethodError'{0x00000000ead21ca8}: static Lorg/gradle/tooling/internal/adapter/ProtocolToModelAdapter$MixInTypeMappingAction;.<clinit>()V> (0x00000000ead21ca8) 
thrown [s\src\hotspot\share\prims\jni.cpp, line 1107]
Event: 31.564 Thread 0x0000026d06217910 Exception <a 'java/lang/NoSuchMethodError'{0x00000000ead31e10}: static Lorg/gradle/tooling/internal/adapter/ProtocolToModelAdapter$ViewGraphDetails;.<clinit>()V> (0x00000000ead31e10) 
thrown [s\src\hotspot\share\prims\jni.cpp, line 1107]
Event: 31.566 Thread 0x0000026d06217910 Exception <a 'java/lang/NoSuchMethodError'{0x00000000ead412f8}: static Lorg/gradle/tooling/internal/consumer/converters/ConsumerTargetTypeProvider;.<clinit>()V> (0x00000000ead412f8) 
thrown [s\src\hotspot\share\prims\jni.cpp, line 1107]
Event: 31.665 Thread 0x0000026d06217910 Exception <a 'java/lang/NoSuchMethodError'{0x00000000ead89270}: static Lorg/gradle/plugins/ide/internal/tooling/eclipse/DefaultEclipseProject;.<clinit>()V> (0x00000000ead89270) 
thrown [s\src\hotspot\share\prims\jni.cpp, line 1107]
Event: 31.667 Thread 0x0000026d06217910 Exception <a 'java/lang/NoSuchMethodError'{0x00000000eadacf50}: static Lorg/gradle/plugins/ide/internal/tooling/eclipse/DefaultEclipseBuildCommand;.<clinit>()V> (0x00000000eadacf50) 
thrown [s\src\hotspot\share\prims\jni.cpp, line 1107]
Event: 31.671 Thread 0x0000026d06217910 Exception <a 'java/lang/NoSuchMethodError'{0x00000000eaddf940}: static [Ljava/lang/Object;.<clinit>()V> (0x00000000eaddf940) 
thrown [s\src\hotspot\share\prims\jni.cpp, line 1107]
Event: 31.701 Thread 0x0000026d06217910 Exception <a 'java/lang/NoSuchMethodError'{0x00000000eaff4120}: static Lorg/gradle/plugins/ide/internal/tooling/eclipse/DefaultEclipseClasspathEntry;.<clinit>()V> (0x00000000eaff4120) 
thrown [s\src\hotspot\share\prims\jni.cpp, line 1107]
Event: 31.701 Thread 0x0000026d06217910 Exception <a 'java/lang/NoSuchMethodError'{0x00000000eaff5950}: static Lorg/gradle/plugins/ide/internal/tooling/eclipse/DefaultEclipseDependency;.<clinit>()V> (0x00000000eaff5950) 
thrown [s\src\hotspot\share\prims\jni.cpp, line 1107]
Event: 31.701 Thread 0x0000026d06217910 Exception <a 'java/lang/NoSuchMethodError'{0x00000000eaff7ea8}: static Lorg/gradle/plugins/ide/internal/tooling/eclipse/DefaultEclipseExternalDependency;.<clinit>()V> (0x00000000eaff7ea8) 
thrown [s\src\hotspot\share\prims\jni.cpp, line 1107]
Event: 31.703 Thread 0x0000026d06217910 Exception <a 'java/lang/NoSuchMethodError'{0x00000000eb019d50}: static Lorg/gradle/plugins/ide/internal/tooling/eclipse/DefaultClasspathAttribute;.<clinit>()V> (0x00000000eb019d50) 
thrown [s\src\hotspot\share\prims\jni.cpp, line 1107]
Event: 31.708 Thread 0x0000026d06217910 Exception <a 'java/lang/NoSuchMethodError'{0x00000000eb062b98}: static Ljava/lang/Object;.<clinit>()V> (0x00000000eb062b98) 
thrown [s\src\hotspot\share\prims\jni.cpp, line 1107]
Event: 31.710 Thread 0x0000026d06217910 Exception <a 'java/lang/NoSuchMethodError'{0x00000000eb0831a8}: static Lorg/gradle/api/internal/artifacts/DefaultModuleIdentifier;.<clinit>()V> (0x00000000eb0831a8) 
thrown [s\src\hotspot\share\prims\jni.cpp, line 1107]

VM Operations (20 events):
Event: 31.173 Executing VM operation: ParallelGCFailedAllocation
Event: 31.175 Executing VM operation: ParallelGCFailedAllocation done
Event: 31.195 Executing VM operation: ParallelGCFailedAllocation
Event: 31.198 Executing VM operation: ParallelGCFailedAllocation done
Event: 31.228 Executing VM operation: ParallelGCFailedAllocation
Event: 31.231 Executing VM operation: ParallelGCFailedAllocation done
Event: 31.244 Executing VM operation: ParallelGCFailedAllocation
Event: 31.247 Executing VM operation: ParallelGCFailedAllocation done
Event: 31.276 Executing VM operation: ParallelGCFailedAllocation
Event: 31.279 Executing VM operation: ParallelGCFailedAllocation done
Event: 31.305 Executing VM operation: ParallelGCFailedAllocation
Event: 31.308 Executing VM operation: ParallelGCFailedAllocation done
Event: 31.508 Executing VM operation: ParallelGCFailedAllocation
Event: 31.511 Executing VM operation: ParallelGCFailedAllocation done
Event: 31.528 Executing VM operation: HandshakeAllThreads
Event: 31.528 Executing VM operation: HandshakeAllThreads done
Event: 31.530 Executing VM operation: HandshakeAllThreads
Event: 31.530 Executing VM operation: HandshakeAllThreads done
Event: 31.631 Executing VM operation: ParallelGCFailedAllocation
Event: 31.635 Executing VM operation: ParallelGCFailedAllocation done

Events (20 events):
Event: 22.336 Thread 0x0000026d073c5b00 Thread added: 0x0000026d073c5b00
Event: 22.732 Thread 0x0000026d073c55b0 Thread exited: 0x0000026d073c55b0
Event: 22.732 Thread 0x0000026d073c5b00 Thread exited: 0x0000026d073c5b00
Event: 27.913 Thread 0x0000026d073c55b0 Thread added: 0x0000026d073c55b0
Event: 28.491 Thread 0x0000026d073c5b00 Thread added: 0x0000026d073c5b00
Event: 29.731 Thread 0x0000026d073c5b00 Thread exited: 0x0000026d073c5b00
Event: 29.731 Thread 0x0000026d073c55b0 Thread exited: 0x0000026d073c55b0
Event: 29.992 Thread 0x0000026d073c5b00 Thread added: 0x0000026d073c5b00
Event: 30.116 loading class jdk/internal/misc/ScopedMemoryAccess$Scope$Handle
Event: 30.116 loading class jdk/internal/misc/ScopedMemoryAccess$Scope$Handle done
Event: 30.235 Thread 0x0000026d073c5b00 Thread exited: 0x0000026d073c5b00
Event: 30.497 Thread 0x0000026d073c55b0 Thread added: 0x0000026d073c55b0
Event: 31.194 Thread 0x0000026d073c55b0 Thread exited: 0x0000026d073c55b0
Event: 31.504 loading class java/util/HashMap$UnsafeHolder
Event: 31.505 loading class java/util/HashMap$UnsafeHolder done
Event: 31.523 Thread 0x0000026d073c55b0 Thread added: 0x0000026d073c55b0
Event: 31.533 loading class java/io/ObjectInputStream$Caches
Event: 31.533 loading class java/io/ObjectInputStream$Caches done
Event: 31.533 loading class java/io/ObjectInputStream$Caches$1
Event: 31.533 loading class java/io/ObjectInputStream$Caches$1 done


Dynamic libraries:
0x00007ff748e70000 - 0x00007ff748e7e000 	c:\Users\ADMIN\.vscode\extensions\redhat.java-1.24.0-win32-x64\jre\17.0.8.1-win32-x86_64\bin\java.exe
0x00007ffcae690000 - 0x00007ffcae888000 	C:\Windows\SYSTEM32\ntdll.dll
0x00007ffcad680000 - 0x00007ffcad73d000 	C:\Windows\System32\KERNEL32.DLL
0x00007ffcac210000 - 0x00007ffcac4e2000 	C:\Windows\System32\KERNELBASE.dll
0x00007ffcabf80000 - 0x00007ffcac080000 	C:\Windows\System32\ucrtbase.dll
0x00007ffc95a80000 - 0x00007ffc95a97000 	c:\Users\ADMIN\.vscode\extensions\redhat.java-1.24.0-win32-x64\jre\17.0.8.1-win32-x86_64\bin\jli.dll
0x00007ffc94d40000 - 0x00007ffc94d59000 	c:\Users\ADMIN\.vscode\extensions\redhat.java-1.24.0-win32-x64\jre\17.0.8.1-win32-x86_64\bin\VCRUNTIME140.dll
0x00007ffcad750000 - 0x00007ffcad8ed000 	C:\Windows\System32\USER32.dll
0x00007ffcac1e0000 - 0x00007ffcac202000 	C:\Windows\System32\win32u.dll
0x00007ffcaca60000 - 0x00007ffcaca8b000 	C:\Windows\System32\GDI32.dll
0x00007ffcac4f0000 - 0x00007ffcac5ff000 	C:\Windows\System32\gdi32full.dll
0x00007ffc9a880000 - 0x00007ffc9ab1a000 	C:\Windows\WinSxS\amd64_microsoft.windows.common-controls_6595b64144ccf1df_6.0.19041.1110_none_60b5254171f9507e\COMCTL32.dll
0x00007ffcac650000 - 0x00007ffcac6ed000 	C:\Windows\System32\msvcp_win.dll
0x00007ffcad4c0000 - 0x00007ffcad55e000 	C:\Windows\System32\msvcrt.dll
0x00007ffcad490000 - 0x00007ffcad4c0000 	C:\Windows\System32\IMM32.DLL
0x00007ffc9a7b0000 - 0x00007ffc9a7bc000 	c:\Users\ADMIN\.vscode\extensions\redhat.java-1.24.0-win32-x64\jre\17.0.8.1-win32-x86_64\bin\vcruntime140_1.dll
0x00007ffc6d460000 - 0x00007ffc6d4f1000 	c:\Users\ADMIN\.vscode\extensions\redhat.java-1.24.0-win32-x64\jre\17.0.8.1-win32-x86_64\bin\msvcp140.dll
0x00007ffc531d0000 - 0x00007ffc53e1c000 	c:\Users\ADMIN\.vscode\extensions\redhat.java-1.24.0-win32-x64\jre\17.0.8.1-win32-x86_64\bin\server\jvm.dll
0x00007ffcac8a0000 - 0x00007ffcac94e000 	C:\Windows\System32\ADVAPI32.dll
0x00007ffcac950000 - 0x00007ffcac9ec000 	C:\Windows\System32\sechost.dll
0x00007ffcad8f0000 - 0x00007ffcada15000 	C:\Windows\System32\RPCRT4.dll
0x00007ffcabb00000 - 0x00007ffcabb4b000 	C:\Windows\SYSTEM32\POWRPROF.dll
0x00007ffc9a760000 - 0x00007ffc9a769000 	C:\Windows\SYSTEM32\WSOCK32.dll
0x00007ffca2d10000 - 0x00007ffca2d37000 	C:\Windows\SYSTEM32\WINMM.dll
0x00007ffcad310000 - 0x00007ffcad37b000 	C:\Windows\System32\WS2_32.dll
0x00007ffca2d40000 - 0x00007ffca2d4a000 	C:\Windows\SYSTEM32\VERSION.dll
0x00007ffcab940000 - 0x00007ffcab952000 	C:\Windows\SYSTEM32\UMPDC.dll
0x00007ffca9c60000 - 0x00007ffca9c72000 	C:\Windows\SYSTEM32\kernel.appcore.dll
0x00007ffc9a4c0000 - 0x00007ffc9a4ca000 	c:\Users\ADMIN\.vscode\extensions\redhat.java-1.24.0-win32-x64\jre\17.0.8.1-win32-x86_64\bin\jimage.dll
0x00007ffca1ba0000 - 0x00007ffca1d84000 	C:\Windows\SYSTEM32\DBGHELP.DLL
0x00007ffc9c610000 - 0x00007ffc9c63c000 	C:\Windows\SYSTEM32\dbgcore.DLL
0x00007ffcabef0000 - 0x00007ffcabf72000 	C:\Windows\System32\bcryptPrimitives.dll
0x00007ffc98580000 - 0x00007ffc9858e000 	c:\Users\ADMIN\.vscode\extensions\redhat.java-1.24.0-win32-x64\jre\17.0.8.1-win32-x86_64\bin\instrument.dll
0x00007ffc94870000 - 0x00007ffc94895000 	c:\Users\ADMIN\.vscode\extensions\redhat.java-1.24.0-win32-x64\jre\17.0.8.1-win32-x86_64\bin\java.dll
0x00007ffc93630000 - 0x00007ffc93648000 	c:\Users\ADMIN\.vscode\extensions\redhat.java-1.24.0-win32-x64\jre\17.0.8.1-win32-x86_64\bin\zip.dll
0x00007ffcacb40000 - 0x00007ffcad283000 	C:\Windows\System32\SHELL32.dll
0x00007ffca9e60000 - 0x00007ffcaa5f1000 	C:\Windows\SYSTEM32\windows.storage.dll
0x00007ffcae2f0000 - 0x00007ffcae644000 	C:\Windows\System32\combase.dll
0x00007ffcab790000 - 0x00007ffcab7c0000 	C:\Windows\SYSTEM32\Wldp.dll
0x00007ffcad380000 - 0x00007ffcad42d000 	C:\Windows\System32\SHCORE.dll
0x00007ffcadc40000 - 0x00007ffcadc95000 	C:\Windows\System32\shlwapi.dll
0x00007ffcabce0000 - 0x00007ffcabcff000 	C:\Windows\SYSTEM32\profapi.dll
0x00007ffc9a560000 - 0x00007ffc9a579000 	C:\Users\ADMIN\.vscode\extensions\redhat.java-1.24.0-win32-x64\jre\17.0.8.1-win32-x86_64\bin\net.dll
0x00007ffca5600000 - 0x00007ffca570d000 	C:\Windows\SYSTEM32\WINHTTP.dll
0x00007ffc8e950000 - 0x00007ffc8e95b000 	C:\Program Files\Common Files\SocksEscort\escortdrv.dll
0x00007ffcadab0000 - 0x00007ffcadbda000 	C:\Windows\System32\ole32.dll
0x00007ffc8e910000 - 0x00007ffc8e942000 	C:\Program Files\Common Files\SocksEscort\escengine.dll
0x00007ffcab480000 - 0x00007ffcab4ea000 	C:\Windows\system32\mswsock.dll
0x00007ffc9a540000 - 0x00007ffc9a555000 	C:\Users\ADMIN\.vscode\extensions\redhat.java-1.24.0-win32-x64\jre\17.0.8.1-win32-x86_64\bin\nio.dll
0x00007ffc96780000 - 0x00007ffc96790000 	c:\Users\ADMIN\.vscode\extensions\redhat.java-1.24.0-win32-x64\jre\17.0.8.1-win32-x86_64\bin\verify.dll
0x00007ffc94ad0000 - 0x00007ffc94b0e000 	C:\Users\ADMIN\AppData\Roaming\Code\User\globalStorage\redhat.java\1.24.0\config_win\org.eclipse.equinox.launcher\org.eclipse.equinox.launcher.win32.win32.x86_64_1.2.700.v20221108-1024\eclipse_11801.dll
0x00007ffcab670000 - 0x00007ffcab688000 	C:\Windows\SYSTEM32\CRYPTSP.dll
0x00007ffcaada0000 - 0x00007ffcaadd4000 	C:\Windows\system32\rsaenh.dll
0x00007ffcabec0000 - 0x00007ffcabee7000 	C:\Windows\System32\bcrypt.dll
0x00007ffcabc60000 - 0x00007ffcabc8e000 	C:\Windows\SYSTEM32\USERENV.dll
0x00007ffcab690000 - 0x00007ffcab69c000 	C:\Windows\SYSTEM32\CRYPTBASE.dll
0x00007ffcab170000 - 0x00007ffcab1ab000 	C:\Windows\SYSTEM32\IPHLPAPI.DLL
0x00007ffcad740000 - 0x00007ffcad748000 	C:\Windows\System32\NSI.dll
0x00007ffca3e30000 - 0x00007ffca3e47000 	C:\Windows\SYSTEM32\dhcpcsvc6.DLL
0x00007ffca3e50000 - 0x00007ffca3e6d000 	C:\Windows\SYSTEM32\dhcpcsvc.DLL
0x00007ffcab1b0000 - 0x00007ffcab27a000 	C:\Windows\SYSTEM32\DNSAPI.dll
0x00007ffc94a80000 - 0x00007ffc94ac5000 	C:\Users\ADMIN\AppData\Local\Temp\jna-62130991\jna15323269579807840118.dll
0x00007ffcac9f0000 - 0x00007ffcac9f8000 	C:\Windows\System32\PSAPI.DLL
0x00007ffc86e60000 - 0x00007ffc86e87000 	C:\Users\ADMIN\.gradle\native\68d5fa5c4cc2d200863cafc0d521ce42e7d3e7ee720ec0a83991735586a16f82\windows-amd64\native-platform.dll
0x00007ffca64a0000 - 0x00007ffca64a9000 	C:\Users\ADMIN\.vscode\extensions\redhat.java-1.24.0-win32-x64\jre\17.0.8.1-win32-x86_64\bin\management.dll
0x00007ffc96770000 - 0x00007ffc9677b000 	C:\Users\ADMIN\.vscode\extensions\redhat.java-1.24.0-win32-x64\jre\17.0.8.1-win32-x86_64\bin\management_ext.dll
0x00007ffc95c80000 - 0x00007ffc95c8e000 	C:\Users\ADMIN\.vscode\extensions\redhat.java-1.24.0-win32-x64\jre\17.0.8.1-win32-x86_64\bin\sunmscapi.dll
0x00007ffcab800000 - 0x00007ffcab827000 	C:\Windows\SYSTEM32\ncrypt.dll
0x0000026d08fd0000 - 0x0000026d09126000 	C:\Windows\System32\CRYPT32.dll
0x00007ffcab7c0000 - 0x00007ffcab7fb000 	C:\Windows\SYSTEM32\NTASN1.dll
0x00007ffc8af50000 - 0x00007ffc8af57000 	C:\Windows\system32\wshunix.dll

dbghelp: loaded successfully - version: 4.0.5 - missing functions: none
symbol engine: initialized successfully - sym options: 0x614 - pdb path: .;c:\Users\ADMIN\.vscode\extensions\redhat.java-1.24.0-win32-x64\jre\17.0.8.1-win32-x86_64\bin;C:\Windows\SYSTEM32;C:\Windows\WinSxS\amd64_microsoft.windows.common-controls_6595b64144ccf1df_6.0.19041.1110_none_60b5254171f9507e;c:\Users\ADMIN\.vscode\extensions\redhat.java-1.24.0-win32-x64\jre\17.0.8.1-win32-x86_64\bin\server;C:\Program Files\Common Files\SocksEscort;C:\Users\ADMIN\AppData\Roaming\Code\User\globalStorage\redhat.java\1.24.0\config_win\org.eclipse.equinox.launcher\org.eclipse.equinox.launcher.win32.win32.x86_64_1.2.700.v20221108-1024;C:\Users\ADMIN\AppData\Local\Temp\jna-62130991;C:\Users\ADMIN\.gradle\native\68d5fa5c4cc2d200863cafc0d521ce42e7d3e7ee720ec0a83991735586a16f82\windows-amd64

VM Arguments:
jvm_args: --add-modules=ALL-SYSTEM --add-opens=java.base/java.util=ALL-UNNAMED --add-opens=java.base/java.lang=ALL-UNNAMED --add-opens=java.base/sun.nio.fs=ALL-UNNAMED -Declipse.application=org.eclipse.jdt.ls.core.id1 -Dosgi.bundles.defaultStartLevel=4 -Declipse.product=org.eclipse.jdt.ls.core.product -Djava.import.generatesMetadataFilesAtProjectRoot=false -DDetectVMInstallationsJob.disabled=true -Dfile.encoding=utf8 -XX:+UseParallelGC -XX:GCTimeRatio=4 -XX:AdaptiveSizePolicyWeight=90 -Dsun.zip.disableMemoryMapping=true -Xmx1G -Xms100m -Xlog:disable -javaagent:c:\Users\ADMIN\.vscode\extensions\redhat.java-1.24.0-win32-x64\lombok\lombok-1.18.30.jar -XX:+HeapDumpOnOutOfMemoryError -XX:HeapDumpPath=c:\Users\ADMIN\AppData\Roaming\Code\User\workspaceStorage\6cdb84a19000531febd1660c35a6afec\redhat.java -Daether.dependencyCollector.impl=bf 
java_command: c:\Users\ADMIN\.vscode\extensions\redhat.java-1.24.0-win32-x64\server\plugins\org.eclipse.equinox.launcher_1.6.500.v20230717-2134.jar -configuration c:\Users\ADMIN\AppData\Roaming\Code\User\globalStorage\redhat.java\1.24.0\config_win -data c:\Users\ADMIN\AppData\Roaming\Code\User\workspaceStorage\6cdb84a19000531febd1660c35a6afec\redhat.java\jdt_ws --stdio
java_class_path (initial): c:\Users\ADMIN\.vscode\extensions\redhat.java-1.24.0-win32-x64\server\plugins\org.eclipse.equinox.launcher_1.6.500.v20230717-2134.jar
Launcher Type: SUN_STANDARD

[Global flags]
    uintx AdaptiveSizePolicyWeight                 = 90                                        {product} {command line}
     intx CICompilerCount                          = 4                                         {product} {ergonomic}
    uintx GCTimeRatio                              = 4                                         {product} {command line}
     bool HeapDumpOnOutOfMemoryError               = true                                   {manageable} {command line}
    ccstr HeapDumpPath                             = c:\Users\ADMIN\AppData\Roaming\Code\User\workspaceStorage\6cdb84a19000531febd1660c35a6afec\redhat.java         {manageable} {command line}
   size_t InitialHeapSize                          = 104857600                                 {product} {command line}
   size_t MaxHeapSize                              = 1073741824                                {product} {command line}
   size_t MaxNewSize                               = 357564416                                 {product} {ergonomic}
   size_t MinHeapDeltaBytes                        = 524288                                    {product} {ergonomic}
   size_t MinHeapSize                              = 104857600                                 {product} {command line}
   size_t NewSize                                  = 34603008                                  {product} {ergonomic}
    uintx NonNMethodCodeHeapSize                   = 5839372                                {pd product} {ergonomic}
    uintx NonProfiledCodeHeapSize                  = 122909434                              {pd product} {ergonomic}
   size_t OldSize                                  = 70254592                                  {product} {ergonomic}
    uintx ProfiledCodeHeapSize                     = 122909434                              {pd product} {ergonomic}
    uintx ReservedCodeCacheSize                    = 251658240                              {pd product} {ergonomic}
     bool SegmentedCodeCache                       = true                                      {product} {ergonomic}
   size_t SoftMaxHeapSize                          = 1073741824                             {manageable} {ergonomic}
     bool UseCompressedClassPointers               = true                           {product lp64_product} {ergonomic}
     bool UseCompressedOops                        = true                           {product lp64_product} {ergonomic}
     bool UseLargePagesIndividualAllocation        = false                                  {pd product} {ergonomic}
     bool UseParallelGC                            = true                                      {product} {command line}

Logging:
Log output configuration:
 #0: stdout all=off uptime,level,tags
 #1: stderr all=off uptime,level,tags

Environment Variables:
JAVA_HOME=C:\Program Files\Java\jdk-19
PATH=C:\Program Files\Common Files\Oracle\Java\javapath;C:\Windows\system32;C:\Windows;C:\Windows\System32\Wbem;C:\Windows\System32\WindowsPowerShell\v1.0\;C:\Windows\System32\OpenSSH\;C:\Program Files\Java\jdk-19\bin;C:\Program Files\Git\cmd;C:\Program Files\PuTTY\;C:\MinGW\bin;C:\Users\ADMIN\AppData\Roaming\nvm;C:\Program Files\nodejs;C:\Users\ADMIN\AppData\Local\Android\Sdk\platform-tools;C:\Program Files\MySQL\MySQL Shell 8.0\bin\;C:\Users\ADMIN\AppData\Local\Microsoft\WindowsApps;C:\Users\ADMIN\AppData\Local\Programs\Microsoft VS Code\bin;C:\Users\ADMIN\AppData\Local\Programs\Python\Python311;C:\Users\ADMIN\AppData\Local\Programs\Python\Python311\Scripts;C:\Users\ADMIN\AppData\Roaming\npm;C:\Users\ADMIN\AppData\Local\Programs\EmEditor;C:\Users\ADMIN\AppData\Roaming\nvm;C:\Program Files\nodejs;
USERNAME=ADMIN
OS=Windows_NT
PROCESSOR_IDENTIFIER=AMD64 Family 23 Model 96 Stepping 1, AuthenticAMD
TMP=C:\Users\ADMIN\AppData\Local\Temp
TEMP=C:\Users\ADMIN\AppData\Local\Temp



---------------  S Y S T E M  ---------------

OS:
 Windows 10 , 64 bit Build 19041 (10.0.19041.1889)
OS uptime: 0 days 10:16 hours

CPU: total 12 (initial active 12) (12 cores per cpu, 2 threads per core) family 23 model 96 stepping 1 microcode 0x0, cx8, cmov, fxsr, ht, mmx, 3dnowpref, sse, sse2, sse3, ssse3, sse4a, sse4.1, sse4.2, popcnt, lzcnt, tsc, tscinvbit, avx, avx2, aes, clmul, bmi1, bmi2, adx, sha, fma, vzeroupper, clflush, clflushopt
Processor Information for all 12 processors :
  Max Mhz: 3000, Current Mhz: 3000, Mhz Limit: 3000

Memory: 4k page, system-wide physical 7579M (454M free)
TotalPageFile size 11675M (AvailPageFile size 1M)
current process WorkingSet (physical memory assigned to process): 692M, peak: 706M
current process commit charge ("private bytes"): 615M, peak: 641M

vm_info: OpenJDK 64-Bit Server VM (17.0.8.1+1) for windows-amd64 JRE (17.0.8.1+1), built on Aug 23 2023 15:29:17 by "admin" with MS VC++ 16.7 (VS2019)

END.
