#
# There is insufficient memory for the Java Runtime Environment to continue.
# Native memory allocation (mmap) failed to map 65536 bytes for Failed to commit metaspace.
# Possible reasons:
#   The system is out of physical RAM or swap space
#   The process is running with CompressedOops enabled, and the Java Heap may be blocking the growth of the native heap
# Possible solutions:
#   Reduce memory load on the system
#   Increase physical memory or swap space
#   Check if swap backing store is full
#   Decrease Java heap size (-Xmx/-Xms)
#   Decrease number of Java threads
#   Decrease Java thread stack sizes (-Xss)
#   Set larger code cache with -XX:ReservedCodeCacheSize=
#   JVM is running with Unscaled Compressed Oops mode in which the Java heap is
#     placed in the first 4GB address space. The Java Heap base address is the
#     maximum limit for the native heap growth. Please use -XX:HeapBaseMinAddress
#     to set the Java Heap base and to place the Java Heap above 4GB virtual address.
# This output file may be truncated or incomplete.
#
#  Out of Memory Error (virtualSpaceNode.cpp:110), pid=14692, tid=1660
#
# JRE version: OpenJDK Runtime Environment Temurin-17.0.8.1+1 (17.0.8.1+1) (build 17.0.8.1+1)
# Java VM: OpenJDK 64-Bit Server VM Temurin-17.0.8.1+1 (17.0.8.1+1, mixed mode, tiered, compressed oops, compressed class ptrs, parallel gc, windows-amd64)
# No core dump will be written. Minidumps are not enabled by default on client versions of Windows
#

---------------  S U M M A R Y ------------

Command Line: --add-modules=ALL-SYSTEM --add-opens=java.base/java.util=ALL-UNNAMED --add-opens=java.base/java.lang=ALL-UNNAMED --add-opens=java.base/sun.nio.fs=ALL-UNNAMED -Declipse.application=org.eclipse.jdt.ls.core.id1 -Dosgi.bundles.defaultStartLevel=4 -Declipse.product=org.eclipse.jdt.ls.core.product -Djava.import.generatesMetadataFilesAtProjectRoot=false -DDetectVMInstallationsJob.disabled=true -Dfile.encoding=utf8 -XX:+UseParallelGC -XX:GCTimeRatio=4 -XX:AdaptiveSizePolicyWeight=90 -Dsun.zip.disableMemoryMapping=true -Xmx1G -Xms100m -Xlog:disable -javaagent:c:\Users\ADMIN\.vscode\extensions\redhat.java-1.24.0-win32-x64\lombok\lombok-1.18.30.jar c:\Users\ADMIN\.vscode\extensions\redhat.java-1.24.0-win32-x64\server\plugins\org.eclipse.equinox.launcher_1.6.500.v20230717-2134.jar -configuration c:\Users\ADMIN\AppData\Roaming\Code\User\globalStorage\redhat.java\1.24.0\config_ss_win -data c:\Users\ADMIN\AppData\Roaming\Code\User\workspaceStorage\6cdb84a19000531febd1660c35a6afec\redhat.java\ss_ws --stdio

Host: AMD Ryzen 5 4600H with Radeon Graphics         , 12 cores, 7G,  Windows 10 , 64 bit Build 19041 (10.0.19041.1889)
Time: Thu Nov 30 11:08:56 2023 SE Asia Standard Time elapsed time: 0.560640 seconds (0d 0h 0m 0s)

---------------  T H R E A D  ---------------

Current thread (0x00000197faa3bea0):  JavaThread "main" [_thread_in_vm, id=1660, stack(0x0000000b21000000,0x0000000b21100000)]

Stack: [0x0000000b21000000,0x0000000b21100000]
Native frames: (J=compiled Java code, j=interpreted, Vv=VM code, C=native code)
V  [jvm.dll+0x678b0a]
V  [jvm.dll+0x835e84]
V  [jvm.dll+0x83762e]
V  [jvm.dll+0x837c93]
V  [jvm.dll+0x24746f]
V  [jvm.dll+0x831f1b]
V  [jvm.dll+0x61d3c6]
V  [jvm.dll+0x61d42a]
V  [jvm.dll+0x61fc5a]
V  [jvm.dll+0x61dd66]
V  [jvm.dll+0x23ce50]
V  [jvm.dll+0x1ec2ed]
V  [jvm.dll+0x1e1d21]
V  [jvm.dll+0x53fba0]
V  [jvm.dll+0x1f2607]
V  [jvm.dll+0x7b06ab]
V  [jvm.dll+0x7b1a52]
V  [jvm.dll+0x7b1d88]
V  [jvm.dll+0x23f76e]
V  [jvm.dll+0x3836eb]
C  0x000001978753f41f

Java frames: (J=compiled Java code, j=interpreted, Vv=VM code)
j  java.lang.invoke.VarHandle.<clinit>()V+46 java.base@17.0.8.1
v  ~StubRoutines::call_stub
j  java.lang.invoke.VarHandles.makeFieldHandle(Ljava/lang/invoke/MemberName;Ljava/lang/Class;Ljava/lang/Class;Z)Ljava/lang/invoke/VarHandle;+490 java.base@17.0.8.1
j  java.lang.invoke.MethodHandles$Lookup.getFieldVarHandleCommon(BBLjava/lang/Class;Ljava/lang/invoke/MemberName;Ljava/lang/invoke/MemberName;Z)Ljava/lang/invoke/VarHandle;+270 java.base@17.0.8.1
j  java.lang.invoke.MethodHandles$Lookup.getFieldVarHandle(BBLjava/lang/Class;Ljava/lang/invoke/MemberName;Ljava/lang/invoke/MemberName;)Ljava/lang/invoke/VarHandle;+12 java.base@17.0.8.1
j  java.lang.invoke.MethodHandles$Lookup.findStaticVarHandle(Ljava/lang/Class;Ljava/lang/String;Ljava/lang/Class;)Ljava/lang/invoke/VarHandle;+28 java.base@17.0.8.1
j  jdk.internal.event.EventHelper.<clinit>()V+31 java.base@17.0.8.1
v  ~StubRoutines::call_stub
j  sun.security.jca.JCAUtil.tryCommitCertEvent(Ljava/security/cert/Certificate;)V+6 java.base@17.0.8.1
j  java.security.cert.CertificateFactory.generateCertificate(Ljava/io/InputStream;)Ljava/security/cert/Certificate;+10 java.base@17.0.8.1
j  sun.security.pkcs.PKCS7.parseSignedData(Lsun/security/util/DerValue;)V+264 java.base@17.0.8.1
j  sun.security.pkcs.PKCS7.parse(Lsun/security/util/DerInputStream;Z)V+40 java.base@17.0.8.1
j  sun.security.pkcs.PKCS7.parse(Lsun/security/util/DerInputStream;)V+11 java.base@17.0.8.1
j  sun.security.pkcs.PKCS7.<init>([B)V+50 java.base@17.0.8.1
j  sun.security.util.SignatureFileVerifier.<init>(Ljava/util/ArrayList;Lsun/security/util/ManifestDigester;Ljava/lang/String;[B)V+40 java.base@17.0.8.1
j  java.util.jar.JarVerifier.processEntry(Lsun/security/util/ManifestEntryVerifier;)V+322 java.base@17.0.8.1
j  java.util.jar.JarVerifier.update(I[BIILsun/security/util/ManifestEntryVerifier;)V+39 java.base@17.0.8.1
j  java.util.jar.JarFile.initializeVerifier()V+163 java.base@17.0.8.1
j  java.util.jar.JarFile.ensureInitialization()V+41 java.base@17.0.8.1
j  java.util.jar.JavaUtilJarAccessImpl.ensureInitialization(Ljava/util/jar/JarFile;)V+1 java.base@17.0.8.1
j  jdk.internal.loader.URLClassPath$JarLoader$2.getManifest()Ljava/util/jar/Manifest;+10 java.base@17.0.8.1
j  jdk.internal.loader.BuiltinClassLoader.defineClass(Ljava/lang/String;Ljdk/internal/loader/Resource;)Ljava/lang/Class;+29 java.base@17.0.8.1
j  jdk.internal.loader.BuiltinClassLoader.findClassOnClassPathOrNull(Ljava/lang/String;)Ljava/lang/Class;+37 java.base@17.0.8.1
j  jdk.internal.loader.BuiltinClassLoader.loadClassOrNull(Ljava/lang/String;Z)Ljava/lang/Class;+111 java.base@17.0.8.1
j  jdk.internal.loader.BuiltinClassLoader.loadClass(Ljava/lang/String;Z)Ljava/lang/Class;+3 java.base@17.0.8.1
j  jdk.internal.loader.ClassLoaders$AppClassLoader.loadClass(Ljava/lang/String;Z)Ljava/lang/Class;+36 java.base@17.0.8.1
j  java.lang.ClassLoader.loadClass(Ljava/lang/String;)Ljava/lang/Class;+3 java.base@17.0.8.1
v  ~StubRoutines::call_stub
j  java.lang.Class.forName0(Ljava/lang/String;ZLjava/lang/ClassLoader;Ljava/lang/Class;)Ljava/lang/Class;+0 java.base@17.0.8.1
j  java.lang.Class.forName(Ljava/lang/String;ZLjava/lang/ClassLoader;)Ljava/lang/Class;+43 java.base@17.0.8.1
j  sun.launcher.LauncherHelper.loadMainClass(ILjava/lang/String;)Ljava/lang/Class;+95 java.base@17.0.8.1
j  sun.launcher.LauncherHelper.checkAndLoadMain(ZILjava/lang/String;)Ljava/lang/Class;+42 java.base@17.0.8.1
v  ~StubRoutines::call_stub

---------------  P R O C E S S  ---------------

Threads class SMR info:
_java_thread_list=0x0000019795e97150, length=12, elements={
0x00000197faa3bea0, 0x00000197ff7f32e0, 0x00000197ff7f5a50, 0x00000197ff7fa130,
0x00000197ff7fafb0, 0x00000197ff7fc7d0, 0x00000197ff7fe940, 0x0000019795b53240,
0x0000019795b54490, 0x0000019795b55280, 0x0000019795c37f70, 0x0000019797628330
}

Java Threads: ( => current thread )
=>0x00000197faa3bea0 JavaThread "main" [_thread_in_vm, id=1660, stack(0x0000000b21000000,0x0000000b21100000)]
  0x00000197ff7f32e0 JavaThread "Reference Handler" daemon [_thread_blocked, id=4656, stack(0x0000000b21300000,0x0000000b21400000)]
  0x00000197ff7f5a50 JavaThread "Finalizer" daemon [_thread_blocked, id=1060, stack(0x0000000b21400000,0x0000000b21500000)]
  0x00000197ff7fa130 JavaThread "Signal Dispatcher" daemon [_thread_blocked, id=16232, stack(0x0000000b21500000,0x0000000b21600000)]
  0x00000197ff7fafb0 JavaThread "Attach Listener" daemon [_thread_blocked, id=16260, stack(0x0000000b21600000,0x0000000b21700000)]
  0x00000197ff7fc7d0 JavaThread "Service Thread" daemon [_thread_blocked, id=11760, stack(0x0000000b21700000,0x0000000b21800000)]
  0x00000197ff7fe940 JavaThread "Monitor Deflation Thread" daemon [_thread_blocked, id=14592, stack(0x0000000b21800000,0x0000000b21900000)]
  0x0000019795b53240 JavaThread "C2 CompilerThread0" daemon [_thread_blocked, id=15780, stack(0x0000000b21900000,0x0000000b21a00000)]
  0x0000019795b54490 JavaThread "C1 CompilerThread0" daemon [_thread_blocked, id=8248, stack(0x0000000b21a00000,0x0000000b21b00000)]
  0x0000019795b55280 JavaThread "Sweeper thread" daemon [_thread_blocked, id=13444, stack(0x0000000b21b00000,0x0000000b21c00000)]
  0x0000019795c37f70 JavaThread "Common-Cleaner" daemon [_thread_blocked, id=12512, stack(0x0000000b21c00000,0x0000000b21d00000)]
  0x0000019797628330 JavaThread "Notification Thread" daemon [_thread_blocked, id=12568, stack(0x0000000b21d00000,0x0000000b21e00000)]

Other Threads:
  0x00000197faafe900 VMThread "VM Thread" [stack: 0x0000000b21200000,0x0000000b21300000] [id=3628]
  0x0000019797628810 WatcherThread [stack: 0x0000000b21f00000,0x0000000b22000000] [id=6196]
  0x00000197faa522a0 GCTaskThread "GC Thread#0" [stack: 0x0000000b21100000,0x0000000b21200000] [id=10772]

Threads with active compile tasks:

VM state: not at safepoint (normal execution)

VM Mutex/Monitor currently owned by a thread:  ([mutex/lock_event])
[0x00000197faa38040] Metaspace_lock - owner thread: 0x00000197faa3bea0

Heap address: 0x00000000c0000000, size: 1024 MB, Compressed Oops mode: 32-bit

CDS archive(s) not mapped
Compressed class space mapped at: 0x0000000100000000-0x0000000140000000, reserved size: 1073741824
Narrow klass base: 0x0000000000000000, Narrow klass shift: 3, Narrow klass range: 0x140000000

GC Precious Log:
 CPUs: 12 total, 12 available
 Memory: 7579M
 Large Page Support: Disabled
 NUMA Support: Disabled
 Compressed Oops: Enabled (32-bit)
 Alignments: Space 512K, Generation 512K, Heap 2M
 Heap Min Capacity: 100M
 Heap Initial Capacity: 100M
 Heap Max Capacity: 1G
 Pre-touch: Disabled
 Parallel Workers: 10

Heap:
 PSYoungGen      total 29696K, used 10260K [0x00000000eab00000, 0x00000000ecc00000, 0x0000000100000000)
  eden space 25600K, 40% used [0x00000000eab00000,0x00000000eb505158,0x00000000ec400000)
  from space 4096K, 0% used [0x00000000ec800000,0x00000000ec800000,0x00000000ecc00000)
  to   space 4096K, 0% used [0x00000000ec400000,0x00000000ec400000,0x00000000ec800000)
 ParOldGen       total 68608K, used 0K [0x00000000c0000000, 0x00000000c4300000, 0x00000000eab00000)
  object space 68608K, 0% used [0x00000000c0000000,0x00000000c0000000,0x00000000c4300000)
 Metaspace       used 7429K, committed 7488K, reserved 1114112K
  class space    used 729K, committed 768K, reserved 1048576K

Card table byte_map: [0x00000197ff070000,0x00000197ff280000] _byte_map_base: 0x00000197fea70000

Marking Bits: (ParMarkBitMap*) 0x00007fffe02183a0
 Begin Bits: [0x000001978f000000, 0x0000019790000000)
 End Bits:   [0x0000019790000000, 0x0000019791000000)

Polling page: 0x00000197fa740000

Metaspace:

Usage:
  Non-class:      6.54 MB used.
      Class:    729.57 KB used.
       Both:      7.26 MB used.

Virtual space:
  Non-class space:       64.00 MB reserved,       6.56 MB ( 10%) committed,  1 nodes.
      Class space:        1.00 GB reserved,     768.00 KB ( <1%) committed,  1 nodes.
             Both:        1.06 GB reserved,       7.31 MB ( <1%) committed. 

Chunk freelists:
   Non-Class:  9.00 MB
       Class:  15.21 MB
        Both:  24.21 MB

MaxMetaspaceSize: unlimited
CompressedClassSpaceSize: 1.00 GB
Initial GC threshold: 21.00 MB
Current GC threshold: 21.00 MB
CDS: off
MetaspaceReclaimPolicy: balanced
 - commit_granule_bytes: 65536.
 - commit_granule_words: 8192.
 - virtual_space_node_default_size: 8388608.
 - enlarge_chunks_in_place: 1.
 - new_chunks_are_fully_committed: 0.
 - uncommit_free_chunks: 1.
 - use_allocation_guard: 0.
 - handle_deallocations: 1.


Internal statistics:

num_allocs_failed_limit: 0.
num_arena_births: 10.
num_arena_deaths: 0.
num_vsnodes_births: 2.
num_vsnodes_deaths: 0.
num_space_committed: 117.
num_space_uncommitted: 0.
num_chunks_returned_to_freelist: 0.
num_chunks_taken_from_freelist: 40.
num_chunk_merges: 0.
num_chunk_splits: 23.
num_chunks_enlarged: 21.
num_inconsistent_stats: 0.

CodeHeap 'non-profiled nmethods': size=120000Kb used=155Kb max_used=155Kb free=119844Kb
 bounds [0x0000019787ad0000, 0x0000019787d40000, 0x000001978f000000]
CodeHeap 'profiled nmethods': size=120000Kb used=640Kb max_used=640Kb free=119360Kb
 bounds [0x0000019780000000, 0x0000019780270000, 0x0000019787530000]
CodeHeap 'non-nmethods': size=5760Kb used=1108Kb max_used=1123Kb free=4651Kb
 bounds [0x0000019787530000, 0x00000197877a0000, 0x0000019787ad0000]
 total_blobs=869 nmethods=478 adapters=306
 compilation: enabled
              stopped_count=0, restarted_count=0
 full_count=0

Compilation events (20 events):
Event: 0.551 Thread 0x0000019795b54490  471       1       java.security.Provider$Service::getType (5 bytes)
Event: 0.551 Thread 0x0000019795b54490 nmethod 471 0x0000019787af4810 code [0x0000019787af49a0, 0x0000019787af4a78]
Event: 0.551 Thread 0x0000019795b54490  472       1       java.security.Provider$Service::getAlgorithm (5 bytes)
Event: 0.551 Thread 0x0000019795b54490 nmethod 472 0x0000019787af4b10 code [0x0000019787af4ca0, 0x0000019787af4d78]
Event: 0.551 Thread 0x0000019795b54490  475  s    3       java.util.Properties::put (10 bytes)
Event: 0.551 Thread 0x0000019795b54490 nmethod 475 0x000001978009d310 code [0x000001978009d4c0, 0x000001978009d728]
Event: 0.551 Thread 0x0000019795b54490  474       3       java.security.Provider$ServiceKey::hashCode (19 bytes)
Event: 0.551 Thread 0x0000019795b54490 nmethod 474 0x000001978009d810 code [0x000001978009d9c0, 0x000001978009db58]
Event: 0.551 Thread 0x0000019795b54490  473       1       java.security.Provider$Service::getAliases (5 bytes)
Event: 0.551 Thread 0x0000019795b54490 nmethod 473 0x0000019787af4e10 code [0x0000019787af4fa0, 0x0000019787af5078]
Event: 0.554 Thread 0x0000019795b54490  476       3       sun.security.util.ObjectIdentifier::checkOidSize (86 bytes)
Event: 0.555 Thread 0x0000019795b54490 nmethod 476 0x000001978009dc90 code [0x000001978009dfa0, 0x000001978009ece8]
Event: 0.555 Thread 0x0000019795b54490  478       3       sun.security.util.ObjectIdentifier::pack (221 bytes)
Event: 0.556 Thread 0x0000019795b54490 nmethod 478 0x000001978009f210 code [0x000001978009f3e0, 0x000001978009fa08]
Event: 0.556 Thread 0x0000019795b54490  477       3       java.lang.Integer::parseInt (7 bytes)
Event: 0.556 Thread 0x0000019795b54490 nmethod 477 0x000001978009fc90 code [0x000001978009fe20, 0x000001978009ff48]
Event: 0.557 Thread 0x0000019795b53240 nmethod 467 0x0000019787af5110 code [0x0000019787af52a0, 0x0000019787af5798]
Event: 0.557 Thread 0x0000019795b53240  468       4       java.util.ArrayList$Itr::next (66 bytes)
Event: 0.558 Thread 0x0000019795b53240 nmethod 468 0x0000019787af5a90 code [0x0000019787af5c20, 0x0000019787af5d58]
Event: 0.558 Thread 0x0000019795b53240  479   !   4       java.lang.String::replace (258 bytes)

GC Heap History (0 events):
No events

Dll operation events (8 events):
Event: 0.007 Loaded shared library c:\Users\ADMIN\.vscode\extensions\redhat.java-1.24.0-win32-x64\jre\17.0.8.1-win32-x86_64\bin\java.dll
Event: 0.131 Loaded shared library c:\Users\ADMIN\.vscode\extensions\redhat.java-1.24.0-win32-x64\jre\17.0.8.1-win32-x86_64\bin\zip.dll
Event: 0.134 Loaded shared library C:\Users\ADMIN\.vscode\extensions\redhat.java-1.24.0-win32-x64\jre\17.0.8.1-win32-x86_64\bin\instrument.dll
Event: 0.144 Loaded shared library C:\Users\ADMIN\.vscode\extensions\redhat.java-1.24.0-win32-x64\jre\17.0.8.1-win32-x86_64\bin\net.dll
Event: 0.324 Loaded shared library C:\Users\ADMIN\.vscode\extensions\redhat.java-1.24.0-win32-x64\jre\17.0.8.1-win32-x86_64\bin\nio.dll
Event: 0.331 Loaded shared library C:\Users\ADMIN\.vscode\extensions\redhat.java-1.24.0-win32-x64\jre\17.0.8.1-win32-x86_64\bin\zip.dll
Event: 0.345 Loaded shared library C:\Users\ADMIN\.vscode\extensions\redhat.java-1.24.0-win32-x64\jre\17.0.8.1-win32-x86_64\bin\jimage.dll
Event: 0.414 Loaded shared library c:\Users\ADMIN\.vscode\extensions\redhat.java-1.24.0-win32-x64\jre\17.0.8.1-win32-x86_64\bin\verify.dll

Deoptimization events (20 events):
Event: 0.514 Thread 0x00000197faa3bea0 Uncommon trap: trap_request=0xffffff45 fr.pc=0x0000019787adeb74 relative=0x0000000000000074
Event: 0.514 Thread 0x00000197faa3bea0 Uncommon trap: reason=unstable_if action=reinterpret pc=0x0000019787adeb74 method=java.lang.String.isLatin1()Z @ 10 c2
Event: 0.514 Thread 0x00000197faa3bea0 DEOPT PACKING pc=0x0000019787adeb74 sp=0x0000000b210ff2b0
Event: 0.514 Thread 0x00000197faa3bea0 DEOPT UNPACKING pc=0x00000197875866a3 sp=0x0000000b210ff1f0 mode 2
Event: 0.515 Thread 0x00000197faa3bea0 DEOPT PACKING pc=0x000001978001ad00 sp=0x0000000b210fdce0
Event: 0.515 Thread 0x00000197faa3bea0 DEOPT UNPACKING pc=0x0000019787586e43 sp=0x0000000b210fd1a0 mode 0
Event: 0.518 Thread 0x00000197faa3bea0 DEOPT PACKING pc=0x000001978001ad00 sp=0x0000000b210fccf0
Event: 0.518 Thread 0x00000197faa3bea0 DEOPT UNPACKING pc=0x0000019787586e43 sp=0x0000000b210fc1b0 mode 0
Event: 0.521 Thread 0x00000197faa3bea0 DEOPT PACKING pc=0x000001978001ad00 sp=0x0000000b210fa8b0
Event: 0.521 Thread 0x00000197faa3bea0 DEOPT UNPACKING pc=0x0000019787586e43 sp=0x0000000b210f9d70 mode 0
Event: 0.522 Thread 0x00000197faa3bea0 DEOPT PACKING pc=0x000001978001ad00 sp=0x0000000b210fa8b0
Event: 0.522 Thread 0x00000197faa3bea0 DEOPT UNPACKING pc=0x0000019787586e43 sp=0x0000000b210f9d70 mode 0
Event: 0.522 Thread 0x00000197faa3bea0 DEOPT PACKING pc=0x000001978001ad00 sp=0x0000000b210fb410
Event: 0.522 Thread 0x00000197faa3bea0 DEOPT UNPACKING pc=0x0000019787586e43 sp=0x0000000b210fa8d0 mode 0
Event: 0.525 Thread 0x00000197faa3bea0 DEOPT PACKING pc=0x000001978001ad00 sp=0x0000000b210fafb0
Event: 0.525 Thread 0x00000197faa3bea0 DEOPT UNPACKING pc=0x0000019787586e43 sp=0x0000000b210fa470 mode 0
Event: 0.534 Thread 0x00000197faa3bea0 Uncommon trap: trap_request=0xffffff45 fr.pc=0x0000019787ade3a0 relative=0x0000000000000640
Event: 0.534 Thread 0x00000197faa3bea0 Uncommon trap: reason=unstable_if action=reinterpret pc=0x0000019787ade3a0 method=java.util.HashMap.putVal(ILjava/lang/Object;Ljava/lang/Object;ZZ)Ljava/lang/Object; @ 181 c2
Event: 0.534 Thread 0x00000197faa3bea0 DEOPT PACKING pc=0x0000019787ade3a0 sp=0x0000000b210fe0f0
Event: 0.534 Thread 0x00000197faa3bea0 DEOPT UNPACKING pc=0x00000197875866a3 sp=0x0000000b210fe060 mode 2

Classes unloaded (0 events):
No events

Classes redefined (0 events):
No events

Internal exceptions (2 events):
Event: 0.110 Thread 0x00000197faa3bea0 Exception <a 'java/lang/NoSuchMethodError'{0x00000000eacb24e8}: 'void java.lang.invoke.DirectMethodHandle$Holder.invokeStatic(java.lang.Object, java.lang.Object, java.lang.Object)'> (0x00000000eacb24e8) 
thrown [s\src\hotspot\share\interpreter\linkResolver.cpp, line 759]
Event: 0.438 Thread 0x00000197faa3bea0 Exception <a 'java/lang/reflect/InvocationTargetException'{0x00000000eafe2740}> (0x00000000eafe2740) 
thrown [s\src\hotspot\share\runtime\reflection.cpp, line 1121]

VM Operations (2 events):
Event: 0.115 Executing VM operation: HandshakeAllThreads
Event: 0.115 Executing VM operation: HandshakeAllThreads done

Events (20 events):
Event: 0.558 loading class java/lang/invoke/VarHandles done
Event: 0.558 loading class java/lang/invoke/VarHandles$1
Event: 0.558 loading class java/lang/ClassValue
Event: 0.558 loading class java/lang/ClassValue done
Event: 0.558 loading class java/lang/invoke/VarHandles$1 done
Event: 0.558 loading class java/lang/ClassValue$Entry
Event: 0.559 loading class java/lang/ClassValue$Entry done
Event: 0.559 loading class java/lang/ClassValue$Identity
Event: 0.559 loading class java/lang/ClassValue$Identity done
Event: 0.559 loading class java/lang/ClassValue$Version
Event: 0.559 loading class java/lang/ClassValue$Version done
Event: 0.559 loading class java/lang/invoke/VarHandleReferences$FieldStaticReadWrite
Event: 0.559 loading class java/lang/invoke/VarHandleReferences$FieldStaticReadOnly
Event: 0.559 loading class java/lang/invoke/VarHandleReferences$FieldStaticReadOnly done
Event: 0.559 loading class java/lang/invoke/VarHandleReferences$FieldStaticReadWrite done
Event: 0.559 loading class java/lang/invoke/VarHandle$1
Event: 0.559 loading class java/lang/invoke/VarHandle$1 done
Event: 0.559 loading class jdk/internal/util/Preconditions$1
Event: 0.559 loading class jdk/internal/util/Preconditions$1 done
Event: 0.559 loading class java/lang/invoke/VarHandleGuards


Dynamic libraries:
0x00007ff7c8bd0000 - 0x00007ff7c8bde000 	c:\Users\ADMIN\.vscode\extensions\redhat.java-1.24.0-win32-x64\jre\17.0.8.1-win32-x86_64\bin\java.exe
0x00007ff8258d0000 - 0x00007ff825ac8000 	C:\Windows\SYSTEM32\ntdll.dll
0x00007ff825400000 - 0x00007ff8254bd000 	C:\Windows\System32\KERNEL32.DLL
0x00007ff823650000 - 0x00007ff823922000 	C:\Windows\System32\KERNELBASE.dll
0x00007ff8232b0000 - 0x00007ff8233b0000 	C:\Windows\System32\ucrtbase.dll
0x00007ff80e820000 - 0x00007ff80e839000 	c:\Users\ADMIN\.vscode\extensions\redhat.java-1.24.0-win32-x64\jre\17.0.8.1-win32-x86_64\bin\VCRUNTIME140.dll
0x00007ff81b5d0000 - 0x00007ff81b5e7000 	c:\Users\ADMIN\.vscode\extensions\redhat.java-1.24.0-win32-x64\jre\17.0.8.1-win32-x86_64\bin\jli.dll
0x00007ff825650000 - 0x00007ff8257ed000 	C:\Windows\System32\USER32.dll
0x00007ff811440000 - 0x00007ff8116da000 	C:\Windows\WinSxS\amd64_microsoft.windows.common-controls_6595b64144ccf1df_6.0.19041.1110_none_60b5254171f9507e\COMCTL32.dll
0x00007ff824350000 - 0x00007ff8243ee000 	C:\Windows\System32\msvcrt.dll
0x00007ff823280000 - 0x00007ff8232a2000 	C:\Windows\System32\win32u.dll
0x00007ff824870000 - 0x00007ff82489b000 	C:\Windows\System32\GDI32.dll
0x00007ff8230c0000 - 0x00007ff8231cf000 	C:\Windows\System32\gdi32full.dll
0x00007ff8233e0000 - 0x00007ff82347d000 	C:\Windows\System32\msvcp_win.dll
0x00007ff824320000 - 0x00007ff824350000 	C:\Windows\System32\IMM32.DLL
0x00007ff820ef0000 - 0x00007ff820efc000 	c:\Users\ADMIN\.vscode\extensions\redhat.java-1.24.0-win32-x64\jre\17.0.8.1-win32-x86_64\bin\vcruntime140_1.dll
0x00007ff809ea0000 - 0x00007ff809f31000 	c:\Users\ADMIN\.vscode\extensions\redhat.java-1.24.0-win32-x64\jre\17.0.8.1-win32-x86_64\bin\msvcp140.dll
0x00007fffdf690000 - 0x00007fffe02dc000 	c:\Users\ADMIN\.vscode\extensions\redhat.java-1.24.0-win32-x64\jre\17.0.8.1-win32-x86_64\bin\server\jvm.dll
0x00007ff8251a0000 - 0x00007ff82524e000 	C:\Windows\System32\ADVAPI32.dll
0x00007ff8257f0000 - 0x00007ff82588c000 	C:\Windows\System32\sechost.dll
0x00007ff825250000 - 0x00007ff825375000 	C:\Windows\System32\RPCRT4.dll
0x00007ff822da0000 - 0x00007ff822deb000 	C:\Windows\SYSTEM32\POWRPROF.dll
0x00007ff81d490000 - 0x00007ff81d499000 	C:\Windows\SYSTEM32\WSOCK32.dll
0x00007ff8187d0000 - 0x00007ff8187f7000 	C:\Windows\SYSTEM32\WINMM.dll
0x00007ff825530000 - 0x00007ff82559b000 	C:\Windows\System32\WS2_32.dll
0x00007ff820f80000 - 0x00007ff820f8a000 	C:\Windows\SYSTEM32\VERSION.dll
0x00007ff822d80000 - 0x00007ff822d92000 	C:\Windows\SYSTEM32\UMPDC.dll
0x00007ff821830000 - 0x00007ff821842000 	C:\Windows\SYSTEM32\kernel.appcore.dll
0x00007ff81b6a0000 - 0x00007ff81b6aa000 	c:\Users\ADMIN\.vscode\extensions\redhat.java-1.24.0-win32-x64\jre\17.0.8.1-win32-x86_64\bin\jimage.dll
0x00007ff8191e0000 - 0x00007ff8193c4000 	C:\Windows\SYSTEM32\DBGHELP.DLL
0x00007ff813110000 - 0x00007ff81313c000 	C:\Windows\SYSTEM32\dbgcore.DLL
0x00007ff823030000 - 0x00007ff8230b2000 	C:\Windows\System32\bcryptPrimitives.dll
0x00007ff81b620000 - 0x00007ff81b62e000 	c:\Users\ADMIN\.vscode\extensions\redhat.java-1.24.0-win32-x64\jre\17.0.8.1-win32-x86_64\bin\instrument.dll
0x00007ff80b830000 - 0x00007ff80b855000 	c:\Users\ADMIN\.vscode\extensions\redhat.java-1.24.0-win32-x64\jre\17.0.8.1-win32-x86_64\bin\java.dll
0x00007ff80be70000 - 0x00007ff80be88000 	c:\Users\ADMIN\.vscode\extensions\redhat.java-1.24.0-win32-x64\jre\17.0.8.1-win32-x86_64\bin\zip.dll
0x00007ff823b70000 - 0x00007ff8242b3000 	C:\Windows\System32\SHELL32.dll
0x00007ff821080000 - 0x00007ff821811000 	C:\Windows\SYSTEM32\windows.storage.dll
0x00007ff824ba0000 - 0x00007ff824ef4000 	C:\Windows\System32\combase.dll
0x00007ff8229d0000 - 0x00007ff822a00000 	C:\Windows\SYSTEM32\Wldp.dll
0x00007ff823ac0000 - 0x00007ff823b6d000 	C:\Windows\System32\SHCORE.dll
0x00007ff8254d0000 - 0x00007ff825525000 	C:\Windows\System32\shlwapi.dll
0x00007ff822f20000 - 0x00007ff822f3f000 	C:\Windows\SYSTEM32\profapi.dll
0x00007ff80bd80000 - 0x00007ff80bd99000 	C:\Users\ADMIN\.vscode\extensions\redhat.java-1.24.0-win32-x64\jre\17.0.8.1-win32-x86_64\bin\net.dll
0x00007ff816b90000 - 0x00007ff816c9d000 	C:\Windows\SYSTEM32\WINHTTP.dll
0x00007ff80df80000 - 0x00007ff80df8b000 	C:\Program Files\Common Files\SocksEscort\escortdrv.dll
0x00007ff823990000 - 0x00007ff823aba000 	C:\Windows\System32\ole32.dll
0x00007ff80df40000 - 0x00007ff80df72000 	C:\Program Files\Common Files\SocksEscort\escengine.dll
0x00007ff8226c0000 - 0x00007ff82272a000 	C:\Windows\system32\mswsock.dll
0x00007ff80ba60000 - 0x00007ff80ba75000 	C:\Users\ADMIN\.vscode\extensions\redhat.java-1.24.0-win32-x64\jre\17.0.8.1-win32-x86_64\bin\nio.dll
0x00007ff816d80000 - 0x00007ff816d90000 	c:\Users\ADMIN\.vscode\extensions\redhat.java-1.24.0-win32-x64\jre\17.0.8.1-win32-x86_64\bin\verify.dll

dbghelp: loaded successfully - version: 4.0.5 - missing functions: none
symbol engine: initialized successfully - sym options: 0x614 - pdb path: .;c:\Users\ADMIN\.vscode\extensions\redhat.java-1.24.0-win32-x64\jre\17.0.8.1-win32-x86_64\bin;C:\Windows\SYSTEM32;C:\Windows\WinSxS\amd64_microsoft.windows.common-controls_6595b64144ccf1df_6.0.19041.1110_none_60b5254171f9507e;c:\Users\ADMIN\.vscode\extensions\redhat.java-1.24.0-win32-x64\jre\17.0.8.1-win32-x86_64\bin\server;C:\Program Files\Common Files\SocksEscort

VM Arguments:
jvm_args: --add-modules=ALL-SYSTEM --add-opens=java.base/java.util=ALL-UNNAMED --add-opens=java.base/java.lang=ALL-UNNAMED --add-opens=java.base/sun.nio.fs=ALL-UNNAMED -Declipse.application=org.eclipse.jdt.ls.core.id1 -Dosgi.bundles.defaultStartLevel=4 -Declipse.product=org.eclipse.jdt.ls.core.product -Djava.import.generatesMetadataFilesAtProjectRoot=false -DDetectVMInstallationsJob.disabled=true -Dfile.encoding=utf8 -XX:+UseParallelGC -XX:GCTimeRatio=4 -XX:AdaptiveSizePolicyWeight=90 -Dsun.zip.disableMemoryMapping=true -Xmx1G -Xms100m -Xlog:disable -javaagent:c:\Users\ADMIN\.vscode\extensions\redhat.java-1.24.0-win32-x64\lombok\lombok-1.18.30.jar 
java_command: c:\Users\ADMIN\.vscode\extensions\redhat.java-1.24.0-win32-x64\server\plugins\org.eclipse.equinox.launcher_1.6.500.v20230717-2134.jar -configuration c:\Users\ADMIN\AppData\Roaming\Code\User\globalStorage\redhat.java\1.24.0\config_ss_win -data c:\Users\ADMIN\AppData\Roaming\Code\User\workspaceStorage\6cdb84a19000531febd1660c35a6afec\redhat.java\ss_ws --stdio
java_class_path (initial): c:\Users\ADMIN\.vscode\extensions\redhat.java-1.24.0-win32-x64\server\plugins\org.eclipse.equinox.launcher_1.6.500.v20230717-2134.jar
Launcher Type: SUN_STANDARD

[Global flags]
    uintx AdaptiveSizePolicyWeight                 = 90                                        {product} {command line}
     intx CICompilerCount                          = 4                                         {product} {ergonomic}
    uintx GCTimeRatio                              = 4                                         {product} {command line}
   size_t InitialHeapSize                          = 104857600                                 {product} {command line}
   size_t MaxHeapSize                              = 1073741824                                {product} {command line}
   size_t MaxNewSize                               = 357564416                                 {product} {ergonomic}
   size_t MinHeapDeltaBytes                        = 524288                                    {product} {ergonomic}
   size_t MinHeapSize                              = 104857600                                 {product} {command line}
   size_t NewSize                                  = 34603008                                  {product} {ergonomic}
    uintx NonNMethodCodeHeapSize                   = 5839372                                {pd product} {ergonomic}
    uintx NonProfiledCodeHeapSize                  = 122909434                              {pd product} {ergonomic}
   size_t OldSize                                  = 70254592                                  {product} {ergonomic}
    uintx ProfiledCodeHeapSize                     = 122909434                              {pd product} {ergonomic}
    uintx ReservedCodeCacheSize                    = 251658240                              {pd product} {ergonomic}
     bool SegmentedCodeCache                       = true                                      {product} {ergonomic}
   size_t SoftMaxHeapSize                          = 1073741824                             {manageable} {ergonomic}
     bool UseCompressedClassPointers               = true                           {product lp64_product} {ergonomic}
     bool UseCompressedOops                        = true                           {product lp64_product} {ergonomic}
     bool UseLargePagesIndividualAllocation        = false                                  {pd product} {ergonomic}
     bool UseParallelGC                            = true                                      {product} {command line}

Logging:
Log output configuration:
 #0: stdout all=off uptime,level,tags
 #1: stderr all=off uptime,level,tags

Environment Variables:
JAVA_HOME=C:\Program Files\Java\jdk-19
PATH=C:\Program Files\Common Files\Oracle\Java\javapath;C:\Windows\system32;C:\Windows;C:\Windows\System32\Wbem;C:\Windows\System32\WindowsPowerShell\v1.0\;C:\Windows\System32\OpenSSH\;C:\Program Files\Java\jdk-19\bin;C:\Program Files\Git\cmd;C:\MinGW\bin;C:\Users\ADMIN\AppData\Roaming\nvm;C:\Program Files\nodejs;C:\Users\ADMIN\AppData\Local\Android\Sdk\platform-tools;C:\Program Files\MySQL\MySQL Shell 8.0\bin\;C:\Users\ADMIN\AppData\Local\Microsoft\WindowsApps;C:\Users\ADMIN\AppData\Local\Programs\Microsoft VS Code\bin;C:\Users\ADMIN\AppData\Local\Programs\Python\Python311;C:\Users\ADMIN\AppData\Local\Programs\Python\Python311\Scripts;C:\Users\ADMIN\AppData\Roaming\npm;C:\Users\ADMIN\AppData\Local\Programs\EmEditor;C:\Users\ADMIN\AppData\Roaming\nvm;C:\Program Files\nodejs;
USERNAME=ADMIN
OS=Windows_NT
PROCESSOR_IDENTIFIER=AMD64 Family 23 Model 96 Stepping 1, AuthenticAMD
TMP=C:\Users\ADMIN\AppData\Local\Temp
TEMP=C:\Users\ADMIN\AppData\Local\Temp



---------------  S Y S T E M  ---------------

OS:
 Windows 10 , 64 bit Build 19041 (10.0.19041.1889)
OS uptime: 0 days 14:14 hours

CPU: total 12 (initial active 12) (12 cores per cpu, 2 threads per core) family 23 model 96 stepping 1 microcode 0x0, cx8, cmov, fxsr, ht, mmx, 3dnowpref, sse, sse2, sse3, ssse3, sse4a, sse4.1, sse4.2, popcnt, lzcnt, tsc, tscinvbit, avx, avx2, aes, clmul, bmi1, bmi2, adx, sha, fma, vzeroupper, clflush, clflushopt
Processor Information for all 12 processors :
  Max Mhz: 3000, Current Mhz: 3000, Mhz Limit: 3000

Memory: 4k page, system-wide physical 7579M (477M free)
TotalPageFile size 11675M (AvailPageFile size 1M)
current process WorkingSet (physical memory assigned to process): 46M, peak: 46M
current process commit charge ("private bytes"): 196M, peak: 196M

vm_info: OpenJDK 64-Bit Server VM (17.0.8.1+1) for windows-amd64 JRE (17.0.8.1+1), built on Aug 23 2023 15:29:17 by "admin" with MS VC++ 16.7 (VS2019)

END.
