#
# There is insufficient memory for the Java Runtime Environment to continue.
# Native memory allocation (malloc) failed to allocate 399296 bytes for Chunk::new
# Possible reasons:
#   The system is out of physical RAM or swap space
#   The process is running with CompressedOops enabled, and the Java Heap may be blocking the growth of the native heap
# Possible solutions:
#   Reduce memory load on the system
#   Increase physical memory or swap space
#   Check if swap backing store is full
#   Decrease Java heap size (-Xmx/-Xms)
#   Decrease number of Java threads
#   Decrease Java thread stack sizes (-Xss)
#   Set larger code cache with -XX:ReservedCodeCacheSize=
#   JVM is running with Unscaled Compressed Oops mode in which the Java heap is
#     placed in the first 4GB address space. The Java Heap base address is the
#     maximum limit for the native heap growth. Please use -XX:HeapBaseMinAddress
#     to set the Java Heap base and to place the Java Heap above 4GB virtual address.
# This output file may be truncated or incomplete.
#
#  Out of Memory Error (arena.cpp:191), pid=9984, tid=3260
#
# JRE version: OpenJDK Runtime Environment Temurin-17.0.9+9 (17.0.9+9) (build 17.0.9+9)
# Java VM: OpenJDK 64-Bit Server VM Temurin-17.0.9+9 (17.0.9+9, mixed mode, tiered, compressed oops, compressed class ptrs, parallel gc, windows-amd64)
# No core dump will be written. Minidumps are not enabled by default on client versions of Windows
#

---------------  S U M M A R Y ------------

Command Line: --add-modules=ALL-SYSTEM --add-opens=java.base/java.util=ALL-UNNAMED --add-opens=java.base/java.lang=ALL-UNNAMED --add-opens=java.base/sun.nio.fs=ALL-UNNAMED -Declipse.application=org.eclipse.jdt.ls.core.id1 -Dosgi.bundles.defaultStartLevel=4 -Declipse.product=org.eclipse.jdt.ls.core.product -Djava.import.generatesMetadataFilesAtProjectRoot=false -DDetectVMInstallationsJob.disabled=true -Dfile.encoding=utf8 -XX:+UseParallelGC -XX:GCTimeRatio=4 -XX:AdaptiveSizePolicyWeight=90 -Dsun.zip.disableMemoryMapping=true -Xmx1G -Xms100m -Xlog:disable -javaagent:c:\Users\ADMIN\.vscode\extensions\redhat.java-1.25.1-win32-x64\lombok\lombok-1.18.30.jar c:\Users\ADMIN\.vscode\extensions\redhat.java-1.25.1-win32-x64\server\plugins\org.eclipse.equinox.launcher_1.6.600.v20231106-1826.jar -configuration c:\Users\ADMIN\AppData\Roaming\Code\User\globalStorage\redhat.java\1.25.1\config_ss_win -data c:\Users\ADMIN\AppData\Roaming\Code\User\workspaceStorage\9ffa03cfc5cea9a6a22057707b167da1\redhat.java\ss_ws --stdio

Host: AMD Ryzen 5 4600H with Radeon Graphics         , 12 cores, 7G,  Windows 10 , 64 bit Build 19041 (10.0.19041.1889)
Time: Sun Jan  7 20:24:33 2024 SE Asia Standard Time elapsed time: 1.963405 seconds (0d 0h 0m 1s)

---------------  T H R E A D  ---------------

Current thread (0x000001839478a4b0):  JavaThread "C2 CompilerThread1" daemon [_thread_in_native, id=3260, stack(0x00000042be400000,0x00000042be500000)]


Current CompileTask:
C2:   1963 2302       4       lombok.patcher.PatchScript$MethodPatcher::visitMethod (158 bytes)

Stack: [0x00000042be400000,0x00000042be500000]
Native frames: (J=compiled Java code, j=interpreted, Vv=VM code, C=native code)
V  [jvm.dll+0x67cf49]
V  [jvm.dll+0x83478a]
V  [jvm.dll+0x83624e]
V  [jvm.dll+0x8368b3]
V  [jvm.dll+0x247f1f]
V  [jvm.dll+0xac43c]
V  [jvm.dll+0xaca8c]
V  [jvm.dll+0x2af45f]
V  [jvm.dll+0x5853f7]
V  [jvm.dll+0x222f62]
V  [jvm.dll+0x22334f]
V  [jvm.dll+0x21c476]
V  [jvm.dll+0x2198c1]
V  [jvm.dll+0x1a57cd]
V  [jvm.dll+0x2297ae]
V  [jvm.dll+0x22797c]
V  [jvm.dll+0x7e9877]
V  [jvm.dll+0x7e3c3a]
V  [jvm.dll+0x67be35]
C  [ucrtbase.dll+0x21bb2]
C  [KERNEL32.DLL+0x17034]
C  [ntdll.dll+0x526a1]


---------------  P R O C E S S  ---------------

Threads class SMR info:
_java_thread_list=0x0000018395585ce0, length=21, elements={
0x00000183f7a90ad0, 0x00000183fe8aa260, 0x00000183fe8add00, 0x00000183f7b4d0c0,
0x00000183f7b4dd50, 0x00000183f7b4e8e0, 0x00000183ffb6a250, 0x00000183ffb6eaf0,
0x00000183ffb6fba0, 0x00000183ffb70c50, 0x00000183ffca1ef0, 0x00000183ffeb79e0,
0x000001839478a4b0, 0x0000018394d2aa70, 0x0000018394fe3b00, 0x000001839522f170,
0x00000183953b9dc0, 0x00000183953a2580, 0x000001839515beb0, 0x000001839515e730,
0x000001839515c3c0
}

Java Threads: ( => current thread )
  0x00000183f7a90ad0 JavaThread "main" [_thread_blocked, id=14136, stack(0x00000042bd400000,0x00000042bd500000)]
  0x00000183fe8aa260 JavaThread "Reference Handler" daemon [_thread_blocked, id=12636, stack(0x00000042bd700000,0x00000042bd800000)]
  0x00000183fe8add00 JavaThread "Finalizer" daemon [_thread_blocked, id=10292, stack(0x00000042bd800000,0x00000042bd900000)]
  0x00000183f7b4d0c0 JavaThread "Signal Dispatcher" daemon [_thread_blocked, id=3100, stack(0x00000042bd900000,0x00000042bda00000)]
  0x00000183f7b4dd50 JavaThread "Attach Listener" daemon [_thread_blocked, id=16232, stack(0x00000042bda00000,0x00000042bdb00000)]
  0x00000183f7b4e8e0 JavaThread "Service Thread" daemon [_thread_blocked, id=1564, stack(0x00000042bdb00000,0x00000042bdc00000)]
  0x00000183ffb6a250 JavaThread "Monitor Deflation Thread" daemon [_thread_blocked, id=15364, stack(0x00000042bdc00000,0x00000042bdd00000)]
  0x00000183ffb6eaf0 JavaThread "C2 CompilerThread0" daemon [_thread_in_native, id=16380, stack(0x00000042bdd00000,0x00000042bde00000)]
  0x00000183ffb6fba0 JavaThread "C1 CompilerThread0" daemon [_thread_blocked, id=8516, stack(0x00000042bde00000,0x00000042bdf00000)]
  0x00000183ffb70c50 JavaThread "Sweeper thread" daemon [_thread_blocked, id=4948, stack(0x00000042bdf00000,0x00000042be000000)]
  0x00000183ffca1ef0 JavaThread "Common-Cleaner" daemon [_thread_blocked, id=7488, stack(0x00000042be000000,0x00000042be100000)]
  0x00000183ffeb79e0 JavaThread "Notification Thread" daemon [_thread_blocked, id=9248, stack(0x00000042be200000,0x00000042be300000)]
=>0x000001839478a4b0 JavaThread "C2 CompilerThread1" daemon [_thread_in_native, id=3260, stack(0x00000042be400000,0x00000042be500000)]
  0x0000018394d2aa70 JavaThread "Active Thread: Equinox Container: 61b9f690-1ee6-4285-bf0f-e909b94a0513" [_thread_blocked, id=16340, stack(0x00000042bec00000,0x00000042bed00000)]
  0x0000018394fe3b00 JavaThread "Framework Event Dispatcher: Equinox Container: 61b9f690-1ee6-4285-bf0f-e909b94a0513" daemon [_thread_blocked, id=10000, stack(0x00000042bed00000,0x00000042bee00000)]
  0x000001839522f170 JavaThread "Start Level: Equinox Container: 61b9f690-1ee6-4285-bf0f-e909b94a0513" daemon [_thread_in_vm, id=7144, stack(0x00000042bee00000,0x00000042bef00000)]
  0x00000183953b9dc0 JavaThread "SCR Component Actor" daemon [_thread_blocked, id=3284, stack(0x00000042bef00000,0x00000042bf000000)]
  0x00000183953a2580 JavaThread "SCR Component Registry" daemon [_thread_blocked, id=6284, stack(0x00000042bf100000,0x00000042bf200000)]
  0x000001839515beb0 JavaThread "Worker-JM" [_thread_blocked, id=13820, stack(0x00000042be500000,0x00000042be600000)]
  0x000001839515e730 JavaThread "Worker-0" [_thread_blocked, id=9608, stack(0x00000042bf400000,0x00000042bf500000)]
  0x000001839515c3c0 JavaThread "Worker-1" [_thread_blocked, id=13876, stack(0x00000042bf500000,0x00000042bf600000)]

Other Threads:
  0x00000183f7b49cd0 VMThread "VM Thread" [stack: 0x00000042bd600000,0x00000042bd700000] [id=3524]
  0x00000183ffeb0b80 WatcherThread [stack: 0x00000042be300000,0x00000042be400000] [id=7740]
  0x00000183f7aa5dd0 GCTaskThread "GC Thread#0" [stack: 0x00000042bd500000,0x00000042bd600000] [id=5884]
  0x00000183948a7020 GCTaskThread "GC Thread#1" [stack: 0x00000042be600000,0x00000042be700000] [id=13080]
  0x00000183948a72e0 GCTaskThread "GC Thread#2" [stack: 0x00000042be700000,0x00000042be800000] [id=12412]
  0x00000183948a9750 GCTaskThread "GC Thread#3" [stack: 0x00000042be800000,0x00000042be900000] [id=3484]
  0x00000183948a9a10 GCTaskThread "GC Thread#4" [stack: 0x00000042be900000,0x00000042bea00000] [id=8344]
  0x0000018394b57ad0 GCTaskThread "GC Thread#5" [stack: 0x00000042bea00000,0x00000042beb00000] [id=5592]
  0x0000018394b57d90 GCTaskThread "GC Thread#6" [stack: 0x00000042beb00000,0x00000042bec00000] [id=12404]
  0x0000018395036450 GCTaskThread "GC Thread#7" [stack: 0x00000042bf000000,0x00000042bf100000] [id=6948]
  0x00000183955a7280 GCTaskThread "GC Thread#8" [stack: 0x00000042bf200000,0x00000042bf300000] [id=10324]
  0x00000183955a7540 GCTaskThread "GC Thread#9" [stack: 0x00000042bf300000,0x00000042bf400000] [id=9868]

Threads with active compile tasks:
C2 CompilerThread0     1975 2298       4       org.lombokweb.asm.ClassReader::readMethod (1066 bytes)
C2 CompilerThread1     1975 2302       4       lombok.patcher.PatchScript$MethodPatcher::visitMethod (158 bytes)

VM state: not at safepoint (normal execution)

VM Mutex/Monitor currently owned by a thread:  ([mutex/lock_event])
[0x00000183f7a8b0e0] Metaspace_lock - owner thread: 0x000001839522f170

Heap address: 0x00000000c0000000, size: 1024 MB, Compressed Oops mode: 32-bit

CDS archive(s) not mapped
Compressed class space mapped at: 0x0000000100000000-0x0000000140000000, reserved size: 1073741824
Narrow klass base: 0x0000000000000000, Narrow klass shift: 3, Narrow klass range: 0x140000000

GC Precious Log:
 CPUs: 12 total, 12 available
 Memory: 7579M
 Large Page Support: Disabled
 NUMA Support: Disabled
 Compressed Oops: Enabled (32-bit)
 Alignments: Space 512K, Generation 512K, Heap 2M
 Heap Min Capacity: 100M
 Heap Initial Capacity: 100M
 Heap Max Capacity: 1G
 Pre-touch: Disabled
 Parallel Workers: 10

Heap:
 PSYoungGen      total 25600K, used 12448K [0x00000000eab00000, 0x00000000ec880000, 0x0000000100000000)
  eden space 25088K, 48% used [0x00000000eab00000,0x00000000eb6d0108,0x00000000ec380000)
  from space 512K, 68% used [0x00000000ec400000,0x00000000ec458000,0x00000000ec480000)
  to   space 2048K, 0% used [0x00000000ec680000,0x00000000ec680000,0x00000000ec880000)
 ParOldGen       total 68608K, used 7007K [0x00000000c0000000, 0x00000000c4300000, 0x00000000eab00000)
  object space 68608K, 10% used [0x00000000c0000000,0x00000000c06d7ca0,0x00000000c4300000)
 Metaspace       used 26469K, committed 26944K, reserved 1114112K
  class space    used 2560K, committed 2816K, reserved 1048576K

Card table byte_map: [0x00000183fc140000,0x00000183fc350000] _byte_map_base: 0x00000183fbb40000

Marking Bits: (ParMarkBitMap*) 0x00007ff956b9d0b0
 Begin Bits: [0x00000183fc4b0000, 0x00000183fd4b0000)
 End Bits:   [0x00000183fd4b0000, 0x00000183fe4b0000)

Polling page: 0x00000183f7b50000

Metaspace:

Usage:
  Non-class:     23.35 MB used.
      Class:      2.50 MB used.
       Both:     25.85 MB used.

Virtual space:
  Non-class space:       64.00 MB reserved,      23.56 MB ( 37%) committed,  1 nodes.
      Class space:        1.00 GB reserved,       2.75 MB ( <1%) committed,  1 nodes.
             Both:        1.06 GB reserved,      26.31 MB (  2%) committed. 

Chunk freelists:
   Non-Class:  8.34 MB
       Class:  13.30 MB
        Both:  21.64 MB

MaxMetaspaceSize: unlimited
CompressedClassSpaceSize: 1.00 GB
Initial GC threshold: 21.00 MB
Current GC threshold: 35.00 MB
CDS: off
MetaspaceReclaimPolicy: balanced
 - commit_granule_bytes: 65536.
 - commit_granule_words: 8192.
 - virtual_space_node_default_size: 8388608.
 - enlarge_chunks_in_place: 1.
 - new_chunks_are_fully_committed: 0.
 - uncommit_free_chunks: 1.
 - use_allocation_guard: 0.
 - handle_deallocations: 1.


Internal statistics:

num_allocs_failed_limit: 3.
num_arena_births: 274.
num_arena_deaths: 14.
num_vsnodes_births: 2.
num_vsnodes_deaths: 0.
num_space_committed: 421.
num_space_uncommitted: 0.
num_chunks_returned_to_freelist: 17.
num_chunks_taken_from_freelist: 994.
num_chunk_merges: 7.
num_chunk_splits: 665.
num_chunks_enlarged: 457.
num_inconsistent_stats: 0.

CodeHeap 'non-profiled nmethods': size=120000Kb used=933Kb max_used=933Kb free=119067Kb
 bounds [0x0000018387ad0000, 0x0000018387d40000, 0x000001838f000000]
CodeHeap 'profiled nmethods': size=120000Kb used=4574Kb max_used=4574Kb free=115425Kb
 bounds [0x0000018380000000, 0x0000018380480000, 0x0000018387530000]
CodeHeap 'non-nmethods': size=5760Kb used=1223Kb max_used=1235Kb free=4537Kb
 bounds [0x0000018387530000, 0x00000183877a0000, 0x0000018387ad0000]
 total_blobs=2841 nmethods=2305 adapters=450
 compilation: enabled
              stopped_count=0, restarted_count=0
 full_count=0

Compilation events (20 events):
Event: 1.921 Thread 0x00000183ffb6fba0 nmethod 2299% 0x0000018380468b90 code [0x0000018380468e80, 0x000001838046a1d8]
Event: 1.921 Thread 0x00000183ffb6fba0 2300 %     3       org.lombokweb.asm.SymbolTable::<init> @ 98 (536 bytes)
Event: 1.922 Thread 0x000001839478a4b0 2302       4       lombok.patcher.PatchScript$MethodPatcher::visitMethod (158 bytes)
Event: 1.923 Thread 0x00000183ffb6fba0 nmethod 2300% 0x000001838046a790 code [0x000001838046ad40, 0x000001838046d948]
Event: 1.923 Thread 0x00000183ffb6fba0 2301       3       org.lombokweb.asm.Type::hashCode (68 bytes)
Event: 1.924 Thread 0x00000183ffb6fba0 nmethod 2301 0x000001838046eb10 code [0x000001838046ed20, 0x000001838046f458]
Event: 1.935 Thread 0x00000183ffb6fba0 2306       3       org.lombokweb.asm.ClassReader::<init> (371 bytes)
Event: 1.936 Thread 0x00000183ffb6fba0 nmethod 2306 0x000001838046f790 code [0x000001838046fa60, 0x0000018380470c18]
Event: 1.936 Thread 0x00000183ffb6fba0 2307       3       org.lombokweb.asm.SymbolTable::<init> (536 bytes)
Event: 1.938 Thread 0x00000183ffb6fba0 nmethod 2307 0x0000018380471190 code [0x0000018380471700, 0x0000018380473f88]
Event: 1.940 Thread 0x00000183ffb6fba0 2308       3       org.lombokweb.asm.ByteVector::putUTF8 (144 bytes)
Event: 1.941 Thread 0x00000183ffb6fba0 nmethod 2308 0x0000018380475090 code [0x0000018380475300, 0x0000018380475e08]
Event: 1.941 Thread 0x00000183ffb6fba0 2309       3       org.lombokweb.asm.MethodVisitor::visitJumpInsn (17 bytes)
Event: 1.941 Thread 0x00000183ffb6fba0 nmethod 2309 0x0000018380476310 code [0x00000183804764c0, 0x00000183804766c8]
Event: 1.941 Thread 0x00000183ffb6fba0 2310       3       java.util.ArrayList$SubList::toArray (79 bytes)
Event: 1.941 Thread 0x00000183ffb6fba0 nmethod 2310 0x0000018380476790 code [0x0000018380476980, 0x0000018380477008]
Event: 1.951 Thread 0x00000183ffb6fba0 2311       3       org.eclipse.core.internal.registry.Handle::<init> (15 bytes)
Event: 1.952 Thread 0x00000183ffb6fba0 nmethod 2311 0x0000018380477210 code [0x00000183804773a0, 0x0000018380477518]
Event: 1.952 Thread 0x00000183ffb6fba0 2312       3       jdk.internal.reflect.ConstructorAccessorImpl::<init> (5 bytes)
Event: 1.952 Thread 0x00000183ffb6fba0 nmethod 2312 0x0000018380477610 code [0x00000183804777c0, 0x0000018380477978]

GC Heap History (12 events):
Event: 0.739 GC heap before
{Heap before GC invocations=1 (full 0):
 PSYoungGen      total 29696K, used 25600K [0x00000000eab00000, 0x00000000ecc00000, 0x0000000100000000)
  eden space 25600K, 100% used [0x00000000eab00000,0x00000000ec400000,0x00000000ec400000)
  from space 4096K, 0% used [0x00000000ec800000,0x00000000ec800000,0x00000000ecc00000)
  to   space 4096K, 0% used [0x00000000ec400000,0x00000000ec400000,0x00000000ec800000)
 ParOldGen       total 68608K, used 0K [0x00000000c0000000, 0x00000000c4300000, 0x00000000eab00000)
  object space 68608K, 0% used [0x00000000c0000000,0x00000000c0000000,0x00000000c4300000)
 Metaspace       used 11012K, committed 11200K, reserved 1114112K
  class space    used 1098K, committed 1216K, reserved 1048576K
}
Event: 0.744 GC heap after
{Heap after GC invocations=1 (full 0):
 PSYoungGen      total 29696K, used 3171K [0x00000000eab00000, 0x00000000ecc00000, 0x0000000100000000)
  eden space 25600K, 0% used [0x00000000eab00000,0x00000000eab00000,0x00000000ec400000)
  from space 4096K, 77% used [0x00000000ec400000,0x00000000ec718c28,0x00000000ec800000)
  to   space 4096K, 0% used [0x00000000ec800000,0x00000000ec800000,0x00000000ecc00000)
 ParOldGen       total 68608K, used 16K [0x00000000c0000000, 0x00000000c4300000, 0x00000000eab00000)
  object space 68608K, 0% used [0x00000000c0000000,0x00000000c0004000,0x00000000c4300000)
 Metaspace       used 11012K, committed 11200K, reserved 1114112K
  class space    used 1098K, committed 1216K, reserved 1048576K
}
Event: 1.246 GC heap before
{Heap before GC invocations=2 (full 0):
 PSYoungGen      total 29696K, used 28771K [0x00000000eab00000, 0x00000000ecc00000, 0x0000000100000000)
  eden space 25600K, 100% used [0x00000000eab00000,0x00000000ec400000,0x00000000ec400000)
  from space 4096K, 77% used [0x00000000ec400000,0x00000000ec718c28,0x00000000ec800000)
  to   space 4096K, 0% used [0x00000000ec800000,0x00000000ec800000,0x00000000ecc00000)
 ParOldGen       total 68608K, used 16K [0x00000000c0000000, 0x00000000c4300000, 0x00000000eab00000)
  object space 68608K, 0% used [0x00000000c0000000,0x00000000c0004000,0x00000000c4300000)
 Metaspace       used 15235K, committed 15488K, reserved 1114112K
  class space    used 1548K, committed 1664K, reserved 1048576K
}
Event: 1.252 GC heap after
{Heap after GC invocations=2 (full 0):
 PSYoungGen      total 29696K, used 4089K [0x00000000eab00000, 0x00000000ecc00000, 0x0000000100000000)
  eden space 25600K, 0% used [0x00000000eab00000,0x00000000eab00000,0x00000000ec400000)
  from space 4096K, 99% used [0x00000000ec800000,0x00000000ecbfe468,0x00000000ecc00000)
  to   space 4096K, 0% used [0x00000000ec400000,0x00000000ec400000,0x00000000ec800000)
 ParOldGen       total 68608K, used 718K [0x00000000c0000000, 0x00000000c4300000, 0x00000000eab00000)
  object space 68608K, 1% used [0x00000000c0000000,0x00000000c00b3820,0x00000000c4300000)
 Metaspace       used 15235K, committed 15488K, reserved 1114112K
  class space    used 1548K, committed 1664K, reserved 1048576K
}
Event: 1.609 GC heap before
{Heap before GC invocations=3 (full 0):
 PSYoungGen      total 29696K, used 29689K [0x00000000eab00000, 0x00000000ecc00000, 0x0000000100000000)
  eden space 25600K, 100% used [0x00000000eab00000,0x00000000ec400000,0x00000000ec400000)
  from space 4096K, 99% used [0x00000000ec800000,0x00000000ecbfe468,0x00000000ecc00000)
  to   space 4096K, 0% used [0x00000000ec400000,0x00000000ec400000,0x00000000ec800000)
 ParOldGen       total 68608K, used 718K [0x00000000c0000000, 0x00000000c4300000, 0x00000000eab00000)
  object space 68608K, 1% used [0x00000000c0000000,0x00000000c00b3820,0x00000000c4300000)
 Metaspace       used 20150K, committed 20544K, reserved 1114112K
  class space    used 2054K, committed 2240K, reserved 1048576K
}
Event: 1.616 GC heap after
{Heap after GC invocations=3 (full 0):
 PSYoungGen      total 29696K, used 4074K [0x00000000eab00000, 0x00000000ecc00000, 0x0000000100000000)
  eden space 25600K, 0% used [0x00000000eab00000,0x00000000eab00000,0x00000000ec400000)
  from space 4096K, 99% used [0x00000000ec400000,0x00000000ec7faba0,0x00000000ec800000)
  to   space 4096K, 0% used [0x00000000ec800000,0x00000000ec800000,0x00000000ecc00000)
 ParOldGen       total 68608K, used 2969K [0x00000000c0000000, 0x00000000c4300000, 0x00000000eab00000)
  object space 68608K, 4% used [0x00000000c0000000,0x00000000c02e6418,0x00000000c4300000)
 Metaspace       used 20150K, committed 20544K, reserved 1114112K
  class space    used 2054K, committed 2240K, reserved 1048576K
}
Event: 1.702 GC heap before
{Heap before GC invocations=4 (full 0):
 PSYoungGen      total 29696K, used 9573K [0x00000000eab00000, 0x00000000ecc00000, 0x0000000100000000)
  eden space 25600K, 21% used [0x00000000eab00000,0x00000000eb05e9e0,0x00000000ec400000)
  from space 4096K, 99% used [0x00000000ec400000,0x00000000ec7faba0,0x00000000ec800000)
  to   space 4096K, 0% used [0x00000000ec800000,0x00000000ec800000,0x00000000ecc00000)
 ParOldGen       total 68608K, used 2969K [0x00000000c0000000, 0x00000000c4300000, 0x00000000eab00000)
  object space 68608K, 4% used [0x00000000c0000000,0x00000000c02e6418,0x00000000c4300000)
 Metaspace       used 21031K, committed 21504K, reserved 1114112K
  class space    used 2154K, committed 2368K, reserved 1048576K
}
Event: 1.705 GC heap after
{Heap after GC invocations=4 (full 0):
 PSYoungGen      total 29696K, used 4067K [0x00000000eab00000, 0x00000000ecc00000, 0x0000000100000000)
  eden space 25600K, 0% used [0x00000000eab00000,0x00000000eab00000,0x00000000ec400000)
  from space 4096K, 99% used [0x00000000ec800000,0x00000000ecbf8e58,0x00000000ecc00000)
  to   space 4096K, 0% used [0x00000000ec400000,0x00000000ec400000,0x00000000ec800000)
 ParOldGen       total 68608K, used 3205K [0x00000000c0000000, 0x00000000c4300000, 0x00000000eab00000)
  object space 68608K, 4% used [0x00000000c0000000,0x00000000c03215d8,0x00000000c4300000)
 Metaspace       used 21031K, committed 21504K, reserved 1114112K
  class space    used 2154K, committed 2368K, reserved 1048576K
}
Event: 1.705 GC heap before
{Heap before GC invocations=5 (full 1):
 PSYoungGen      total 29696K, used 4067K [0x00000000eab00000, 0x00000000ecc00000, 0x0000000100000000)
  eden space 25600K, 0% used [0x00000000eab00000,0x00000000eab00000,0x00000000ec400000)
  from space 4096K, 99% used [0x00000000ec800000,0x00000000ecbf8e58,0x00000000ecc00000)
  to   space 4096K, 0% used [0x00000000ec400000,0x00000000ec400000,0x00000000ec800000)
 ParOldGen       total 68608K, used 3205K [0x00000000c0000000, 0x00000000c4300000, 0x00000000eab00000)
  object space 68608K, 4% used [0x00000000c0000000,0x00000000c03215d8,0x00000000c4300000)
 Metaspace       used 21031K, committed 21504K, reserved 1114112K
  class space    used 2154K, committed 2368K, reserved 1048576K
}
Event: 1.720 GC heap after
{Heap after GC invocations=5 (full 1):
 PSYoungGen      total 29696K, used 0K [0x00000000eab00000, 0x00000000ecc00000, 0x0000000100000000)
  eden space 25600K, 0% used [0x00000000eab00000,0x00000000eab00000,0x00000000ec400000)
  from space 4096K, 0% used [0x00000000ec800000,0x00000000ec800000,0x00000000ecc00000)
  to   space 4096K, 0% used [0x00000000ec400000,0x00000000ec400000,0x00000000ec800000)
 ParOldGen       total 68608K, used 6999K [0x00000000c0000000, 0x00000000c4300000, 0x00000000eab00000)
  object space 68608K, 10% used [0x00000000c0000000,0x00000000c06d5ca0,0x00000000c4300000)
 Metaspace       used 21018K, committed 21504K, reserved 1114112K
  class space    used 2150K, committed 2368K, reserved 1048576K
}
Event: 1.881 GC heap before
{Heap before GC invocations=6 (full 1):
 PSYoungGen      total 29696K, used 25592K [0x00000000eab00000, 0x00000000ecc00000, 0x0000000100000000)
  eden space 25600K, 99% used [0x00000000eab00000,0x00000000ec3fe0d8,0x00000000ec400000)
  from space 4096K, 0% used [0x00000000ec800000,0x00000000ec800000,0x00000000ecc00000)
  to   space 4096K, 0% used [0x00000000ec400000,0x00000000ec400000,0x00000000ec800000)
 ParOldGen       total 68608K, used 6999K [0x00000000c0000000, 0x00000000c4300000, 0x00000000eab00000)
  object space 68608K, 10% used [0x00000000c0000000,0x00000000c06d5ca0,0x00000000c4300000)
 Metaspace       used 24589K, committed 25024K, reserved 1114112K
  class space    used 2419K, committed 2624K, reserved 1048576K
}
Event: 1.881 GC heap after
{Heap after GC invocations=6 (full 1):
 PSYoungGen      total 25600K, used 352K [0x00000000eab00000, 0x00000000ec880000, 0x0000000100000000)
  eden space 25088K, 0% used [0x00000000eab00000,0x00000000eab00000,0x00000000ec380000)
  from space 512K, 68% used [0x00000000ec400000,0x00000000ec458000,0x00000000ec480000)
  to   space 2048K, 0% used [0x00000000ec680000,0x00000000ec680000,0x00000000ec880000)
 ParOldGen       total 68608K, used 7007K [0x00000000c0000000, 0x00000000c4300000, 0x00000000eab00000)
  object space 68608K, 10% used [0x00000000c0000000,0x00000000c06d7ca0,0x00000000c4300000)
 Metaspace       used 24589K, committed 25024K, reserved 1114112K
  class space    used 2419K, committed 2624K, reserved 1048576K
}

Dll operation events (9 events):
Event: 0.005 Loaded shared library c:\Users\ADMIN\.vscode\extensions\redhat.java-1.25.1-win32-x64\jre\17.0.9-win32-x86_64\bin\java.dll
Event: 0.098 Loaded shared library c:\Users\ADMIN\.vscode\extensions\redhat.java-1.25.1-win32-x64\jre\17.0.9-win32-x86_64\bin\zip.dll
Event: 0.100 Loaded shared library C:\Users\ADMIN\.vscode\extensions\redhat.java-1.25.1-win32-x64\jre\17.0.9-win32-x86_64\bin\instrument.dll
Event: 0.109 Loaded shared library C:\Users\ADMIN\.vscode\extensions\redhat.java-1.25.1-win32-x64\jre\17.0.9-win32-x86_64\bin\net.dll
Event: 0.256 Loaded shared library C:\Users\ADMIN\.vscode\extensions\redhat.java-1.25.1-win32-x64\jre\17.0.9-win32-x86_64\bin\nio.dll
Event: 0.260 Loaded shared library C:\Users\ADMIN\.vscode\extensions\redhat.java-1.25.1-win32-x64\jre\17.0.9-win32-x86_64\bin\zip.dll
Event: 0.271 Loaded shared library C:\Users\ADMIN\.vscode\extensions\redhat.java-1.25.1-win32-x64\jre\17.0.9-win32-x86_64\bin\jimage.dll
Event: 0.310 Loaded shared library c:\Users\ADMIN\.vscode\extensions\redhat.java-1.25.1-win32-x64\jre\17.0.9-win32-x86_64\bin\verify.dll
Event: 1.125 Loaded shared library C:\Users\ADMIN\AppData\Roaming\Code\User\globalStorage\redhat.java\1.25.1\config_ss_win\org.eclipse.equinox.launcher\org.eclipse.equinox.launcher.win32.win32.x86_64_1.2.800.v20231003-1442\eclipse_11802.dll

Deoptimization events (20 events):
Event: 1.454 Thread 0x000001839522f170 Uncommon trap: trap_request=0xffffffc6 fr.pc=0x0000018387b85d18 relative=0x0000000000000358
Event: 1.454 Thread 0x000001839522f170 Uncommon trap: reason=bimorphic_or_optimized_type_check action=maybe_recompile pc=0x0000018387b85d18 method=java.io.DataInputStream.readUnsignedByte()I @ 4 c2
Event: 1.454 Thread 0x000001839522f170 DEOPT PACKING pc=0x0000018387b85d18 sp=0x00000042beef3d10
Event: 1.454 Thread 0x000001839522f170 DEOPT UNPACKING pc=0x00000183875866a3 sp=0x00000042beef3c68 mode 2
Event: 1.454 Thread 0x000001839522f170 Uncommon trap: trap_request=0xffffffc6 fr.pc=0x0000018387b873bc relative=0x0000000000000d7c
Event: 1.454 Thread 0x000001839522f170 Uncommon trap: reason=bimorphic_or_optimized_type_check action=maybe_recompile pc=0x0000018387b873bc method=java.io.DataInputStream.readInt()I @ 6 c2
Event: 1.454 Thread 0x000001839522f170 DEOPT PACKING pc=0x0000018387b873bc sp=0x00000042beef3d60
Event: 1.454 Thread 0x000001839522f170 DEOPT UNPACKING pc=0x00000183875866a3 sp=0x00000042beef3d18 mode 2
Event: 1.454 Thread 0x000001839522f170 Uncommon trap: trap_request=0xffffffc6 fr.pc=0x0000018387b873bc relative=0x0000000000000d7c
Event: 1.454 Thread 0x000001839522f170 Uncommon trap: reason=bimorphic_or_optimized_type_check action=maybe_recompile pc=0x0000018387b873bc method=java.io.DataInputStream.readInt()I @ 6 c2
Event: 1.454 Thread 0x000001839522f170 DEOPT PACKING pc=0x0000018387b873bc sp=0x00000042beef3cf0
Event: 1.454 Thread 0x000001839522f170 DEOPT UNPACKING pc=0x00000183875866a3 sp=0x00000042beef3ca8 mode 2
Event: 1.515 Thread 0x000001839522f170 Uncommon trap: trap_request=0xffffff45 fr.pc=0x0000018387b0a8c8 relative=0x0000000000000da8
Event: 1.515 Thread 0x000001839522f170 Uncommon trap: reason=unstable_if action=reinterpret pc=0x0000018387b0a8c8 method=lombok.patcher.PatchScript.classMatches(Ljava/lang/String;Ljava/util/Collection;)Z @ 25 c2
Event: 1.515 Thread 0x000001839522f170 DEOPT PACKING pc=0x0000018387b0a8c8 sp=0x00000042beef2250
Event: 1.515 Thread 0x000001839522f170 DEOPT UNPACKING pc=0x00000183875866a3 sp=0x00000042beef2210 mode 2
Event: 1.654 Thread 0x000001839522f170 Uncommon trap: trap_request=0xffffff45 fr.pc=0x0000018387b652c0 relative=0x0000000000000040
Event: 1.654 Thread 0x000001839522f170 Uncommon trap: reason=unstable_if action=reinterpret pc=0x0000018387b652c0 method=sun.nio.fs.WindowsPathParser.isSlash(C)Z @ 9 c2
Event: 1.654 Thread 0x000001839522f170 DEOPT PACKING pc=0x0000018387b652c0 sp=0x00000042beef4650
Event: 1.654 Thread 0x000001839522f170 DEOPT UNPACKING pc=0x00000183875866a3 sp=0x00000042beef45d8 mode 2

Classes unloaded (7 events):
Event: 1.707 Thread 0x00000183f7b49cd0 Unloading class 0x000000010021e000 'java/lang/invoke/LambdaForm$MH+0x000000010021e000'
Event: 1.707 Thread 0x00000183f7b49cd0 Unloading class 0x000000010021dc00 'java/lang/invoke/LambdaForm$MH+0x000000010021dc00'
Event: 1.707 Thread 0x00000183f7b49cd0 Unloading class 0x000000010021d800 'java/lang/invoke/LambdaForm$MH+0x000000010021d800'
Event: 1.707 Thread 0x00000183f7b49cd0 Unloading class 0x000000010021d400 'java/lang/invoke/LambdaForm$MH+0x000000010021d400'
Event: 1.707 Thread 0x00000183f7b49cd0 Unloading class 0x000000010021d000 'java/lang/invoke/LambdaForm$BMH+0x000000010021d000'
Event: 1.707 Thread 0x00000183f7b49cd0 Unloading class 0x000000010021cc00 'java/lang/invoke/LambdaForm$DMH+0x000000010021cc00'
Event: 1.707 Thread 0x00000183f7b49cd0 Unloading class 0x000000010021a000 'java/lang/invoke/LambdaForm$DMH+0x000000010021a000'

Classes redefined (0 events):
No events

Internal exceptions (20 events):
Event: 1.529 Thread 0x000001839522f170 Exception <a 'java/lang/NoSuchMethodError'{0x00000000ebf29558}: 'int java.lang.invoke.DirectMethodHandle$Holder.invokeSpecial(java.lang.Object, java.lang.Object, java.lang.Object)'> (0x00000000ebf29558) 
thrown [s\src\hotspot\share\interpreter\linkResolver.cpp, line 759]
Event: 1.529 Thread 0x000001839522f170 Exception <a 'java/lang/NoSuchMethodError'{0x00000000ebf3aa70}: 'int java.lang.invoke.DirectMethodHandle$Holder.invokeStatic(java.lang.Object, java.lang.Object, int)'> (0x00000000ebf3aa70) 
thrown [s\src\hotspot\share\interpreter\linkResolver.cpp, line 759]
Event: 1.530 Thread 0x000001839522f170 Exception <a 'java/lang/NoSuchMethodError'{0x00000000ebf3ed40}: 'int java.lang.invoke.DirectMethodHandle$Holder.invokeSpecial(java.lang.Object, java.lang.Object, java.lang.Object, int)'> (0x00000000ebf3ed40) 
thrown [s\src\hotspot\share\interpreter\linkResolver.cpp, line 759]
Event: 1.531 Thread 0x000001839522f170 Exception <a 'java/lang/NoSuchMethodError'{0x00000000ebf5ab50}: 'java.lang.Object java.lang.invoke.DirectMethodHandle$Holder.invokeStatic(java.lang.Object, java.lang.Object, java.lang.Object, java.lang.Object, int)'> (0x00000000ebf5ab50) 
thrown [s\src\hotspot\share\interpreter\linkResolver.cpp, line 759]
Event: 1.532 Thread 0x000001839522f170 Exception <a 'java/lang/NoSuchMethodError'{0x00000000ebf66b48}: 'java.lang.Object java.lang.invoke.DelegatingMethodHandle$Holder.reinvoke_L(java.lang.Object, java.lang.Object, java.lang.Object, java.lang.Object, int, int)'> (0x00000000ebf66b48) 
thrown [s\src\hotspot\share\interpreter\linkResolver.cpp, line 759]
Event: 1.535 Thread 0x000001839522f170 Exception <a 'java/lang/NoSuchMethodError'{0x00000000ebf7b3c0}: 'java.lang.Object java.lang.invoke.Invokers$Holder.invokeExact_MT(java.lang.Object, java.lang.Object, java.lang.Object, java.lang.Object)'> (0x00000000ebf7b3c0) 
thrown [s\src\hotspot\share\interpreter\linkResolver.cpp, line 759]
Event: 1.577 Thread 0x000001839522f170 Exception <a 'java/io/FileNotFoundException'{0x00000000ec1e1768}> (0x00000000ec1e1768) 
thrown [s\src\hotspot\share\prims\jni.cpp, line 516]
Event: 1.626 Thread 0x000001839522f170 Exception <a 'java/lang/NoSuchMethodError'{0x00000000eab89c18}: 'java.lang.Object java.lang.invoke.DirectMethodHandle$Holder.newInvokeSpecial(java.lang.Object, java.lang.Object, java.lang.Object, java.lang.Object, java.lang.Object)'> (0x00000000eab89c18) 
thrown [s\src\hotspot\share\interpreter\linkResolver.cpp, line 759]
Event: 1.678 Thread 0x000001839522f170 Exception <a 'java/lang/NoSuchMethodError'{0x00000000eaef89a8}: 'java.lang.Object java.lang.invoke.DirectMethodHandle$Holder.invokeSpecial(java.lang.Object, java.lang.Object, java.lang.Object, long, java.lang.Object)'> (0x00000000eaef89a8) 
thrown [s\src\hotspot\share\interpreter\linkResolver.cpp, line 759]
Event: 1.678 Thread 0x000001839522f170 Exception <a 'java/lang/NoSuchMethodError'{0x00000000eaf00b60}: 'java.lang.Object java.lang.invoke.DirectMethodHandle$Holder.newInvokeSpecial(java.lang.Object, java.lang.Object, java.lang.Object, long)'> (0x00000000eaf00b60) 
thrown [s\src\hotspot\share\interpreter\linkResolver.cpp, line 759]
Event: 1.679 Thread 0x000001839522f170 Exception <a 'java/lang/NoSuchMethodError'{0x00000000eaf05100}: 'java.lang.Object java.lang.invoke.DirectMethodHandle$Holder.invokeSpecial(java.lang.Object, java.lang.Object, java.lang.Object, java.lang.Object, long)'> (0x00000000eaf05100) 
thrown [s\src\hotspot\share\interpreter\linkResolver.cpp, line 759]
Event: 1.679 Thread 0x000001839522f170 Exception <a 'java/lang/NoSuchMethodError'{0x00000000eaf08f78}: 'java.lang.Object java.lang.invoke.Invokers$Holder.linkToTargetMethod(java.lang.Object, java.lang.Object, long, java.lang.Object)'> (0x00000000eaf08f78) 
thrown [s\src\hotspot\share\interpreter\linkResolver.cpp, line 759]
Event: 1.686 Thread 0x000001839522f170 Exception <a 'java/lang/NoSuchMethodError'{0x00000000eaf852e0}: 'int java.lang.invoke.DirectMethodHandle$Holder.invokeStaticInit(java.lang.Object, java.lang.Object, java.lang.Object)'> (0x00000000eaf852e0) 
thrown [s\src\hotspot\share\interpreter\linkResolver.cpp, line 759]
Event: 1.693 Thread 0x000001839522f170 Exception <a 'java/lang/IncompatibleClassChangeError'{0x00000000eafed6b8}: Found class java.lang.Object, but interface was expected> (0x00000000eafed6b8) 
thrown [s\src\hotspot\share\interpreter\linkResolver.cpp, line 826]
Event: 1.699 Thread 0x000001839522f170 Exception <a 'java/lang/NoSuchMethodError'{0x00000000eb0078e8}: 'java.lang.Object java.lang.invoke.DirectMethodHandle$Holder.invokeSpecial(java.lang.Object, java.lang.Object, java.lang.Object, int, java.lang.Object, java.lang.Object)'> (0x00000000eb0078e8) 
thrown [s\src\hotspot\share\interpreter\linkResolver.cpp, line 759]
Event: 1.699 Thread 0x000001839522f170 Exception <a 'java/lang/NoSuchMethodError'{0x00000000eb010070}: 'java.lang.Object java.lang.invoke.DirectMethodHandle$Holder.newInvokeSpecial(java.lang.Object, java.lang.Object, java.lang.Object, int, java.lang.Object)'> (0x00000000eb010070) 
thrown [s\src\hotspot\share\interpreter\linkResolver.cpp, line 759]
Event: 1.700 Thread 0x000001839522f170 Exception <a 'java/lang/NoSuchMethodError'{0x00000000eb0144c8}: 'java.lang.Object java.lang.invoke.DirectMethodHandle$Holder.invokeSpecial(java.lang.Object, java.lang.Object, java.lang.Object, java.lang.Object, int, java.lang.Object)'> (0x00000000eb0144c8) 
thrown [s\src\hotspot\share\interpreter\linkResolver.cpp, line 759]
Event: 1.700 Thread 0x000001839515e730 Exception <a 'java/lang/NoSuchMethodError'{0x00000000eaf3c788}: 'java.lang.Object java.lang.invoke.DirectMethodHandle$Holder.invokeSpecial(java.lang.Object, java.lang.Object, int, java.lang.Object, java.lang.Object)'> (0x00000000eaf3c788) 
thrown [s\src\hotspot\share\interpreter\linkResolver.cpp, line 759]
Event: 1.701 Thread 0x000001839515e730 Exception <a 'java/lang/NoSuchMethodError'{0x00000000eaf43e58}: 'java.lang.Object java.lang.invoke.DirectMethodHandle$Holder.newInvokeSpecial(java.lang.Object, java.lang.Object, int, java.lang.Object)'> (0x00000000eaf43e58) 
thrown [s\src\hotspot\share\interpreter\linkResolver.cpp, line 759]
Event: 1.701 Thread 0x000001839515e730 Exception <a 'java/lang/NoSuchMethodError'{0x00000000eaf47968}: 'java.lang.Object java.lang.invoke.DirectMethodHandle$Holder.invokeSpecial(java.lang.Object, java.lang.Object, java.lang.Object, int, java.lang.Object)'> (0x00000000eaf47968) 
thrown [s\src\hotspot\share\interpreter\linkResolver.cpp, line 759]

VM Operations (20 events):
Event: 0.980 Executing VM operation: HandshakeAllThreads
Event: 0.980 Executing VM operation: HandshakeAllThreads done
Event: 0.993 Executing VM operation: HandshakeAllThreads
Event: 0.993 Executing VM operation: HandshakeAllThreads done
Event: 1.212 Executing VM operation: HandshakeAllThreads
Event: 1.212 Executing VM operation: HandshakeAllThreads done
Event: 1.246 Executing VM operation: ParallelGCFailedAllocation
Event: 1.252 Executing VM operation: ParallelGCFailedAllocation done
Event: 1.455 Executing VM operation: HandshakeAllThreads
Event: 1.455 Executing VM operation: HandshakeAllThreads done
Event: 1.526 Executing VM operation: HandshakeAllThreads
Event: 1.526 Executing VM operation: HandshakeAllThreads done
Event: 1.609 Executing VM operation: ParallelGCFailedAllocation
Event: 1.616 Executing VM operation: ParallelGCFailedAllocation done
Event: 1.702 Executing VM operation: CollectForMetadataAllocation
Event: 1.720 Executing VM operation: CollectForMetadataAllocation done
Event: 1.729 Executing VM operation: HandshakeAllThreads
Event: 1.730 Executing VM operation: HandshakeAllThreads done
Event: 1.881 Executing VM operation: ParallelGCFailedAllocation
Event: 1.881 Executing VM operation: ParallelGCFailedAllocation done

Events (20 events):
Event: 1.743 loading class java/util/zip/GZIPOutputStream
Event: 1.743 loading class java/util/zip/GZIPOutputStream done
Event: 1.755 loading class java/io/StringReader
Event: 1.755 loading class java/io/StringReader done
Event: 1.756 loading class java/util/zip/GZIPInputStream
Event: 1.756 loading class java/util/zip/GZIPInputStream done
Event: 1.757 loading class java/net/SocketTimeoutException
Event: 1.757 loading class java/io/InterruptedIOException
Event: 1.758 loading class java/io/InterruptedIOException done
Event: 1.758 loading class java/net/SocketTimeoutException done
Event: 1.758 loading class java/net/SocketException
Event: 1.758 loading class java/net/SocketException done
Event: 1.758 loading class java/net/UnknownHostException
Event: 1.758 loading class java/net/UnknownHostException done
Event: 1.758 loading class java/net/ProtocolException
Event: 1.758 loading class java/net/ProtocolException done
Event: 1.773 loading class java/io/FileWriter
Event: 1.773 loading class java/io/FileWriter done
Event: 1.773 loading class java/lang/NegativeArraySizeException
Event: 1.773 loading class java/lang/NegativeArraySizeException done


Dynamic libraries:
0x00007ff725410000 - 0x00007ff72541e000 	c:\Users\ADMIN\.vscode\extensions\redhat.java-1.25.1-win32-x64\jre\17.0.9-win32-x86_64\bin\java.exe
0x00007ff9b4950000 - 0x00007ff9b4b48000 	C:\Windows\SYSTEM32\ntdll.dll
0x00007ff9b2ca0000 - 0x00007ff9b2d5d000 	C:\Windows\System32\KERNEL32.DLL
0x00007ff9b2240000 - 0x00007ff9b2512000 	C:\Windows\System32\KERNELBASE.dll
0x00007ff9b2520000 - 0x00007ff9b2620000 	C:\Windows\System32\ucrtbase.dll
0x00007ff9a14e0000 - 0x00007ff9a14f7000 	c:\Users\ADMIN\.vscode\extensions\redhat.java-1.25.1-win32-x64\jre\17.0.9-win32-x86_64\bin\jli.dll
0x00007ff9a4af0000 - 0x00007ff9a4b0b000 	c:\Users\ADMIN\.vscode\extensions\redhat.java-1.25.1-win32-x64\jre\17.0.9-win32-x86_64\bin\VCRUNTIME140.dll
0x00007ff9b2b00000 - 0x00007ff9b2c9d000 	C:\Windows\System32\USER32.dll
0x00007ff9b2060000 - 0x00007ff9b2082000 	C:\Windows\System32\win32u.dll
0x00007ff9a02c0000 - 0x00007ff9a055a000 	C:\Windows\WinSxS\amd64_microsoft.windows.common-controls_6595b64144ccf1df_6.0.19041.1110_none_60b5254171f9507e\COMCTL32.dll
0x00007ff9b4680000 - 0x00007ff9b46ab000 	C:\Windows\System32\GDI32.dll
0x00007ff9b4590000 - 0x00007ff9b462e000 	C:\Windows\System32\msvcrt.dll
0x00007ff9b27f0000 - 0x00007ff9b28ff000 	C:\Windows\System32\gdi32full.dll
0x00007ff9b21a0000 - 0x00007ff9b223d000 	C:\Windows\System32\msvcp_win.dll
0x00007ff9b4650000 - 0x00007ff9b4680000 	C:\Windows\System32\IMM32.DLL
0x00007ff9afe10000 - 0x00007ff9afe1c000 	c:\Users\ADMIN\.vscode\extensions\redhat.java-1.25.1-win32-x64\jre\17.0.9-win32-x86_64\bin\vcruntime140_1.dll
0x00007ff96b160000 - 0x00007ff96b1ed000 	c:\Users\ADMIN\.vscode\extensions\redhat.java-1.25.1-win32-x64\jre\17.0.9-win32-x86_64\bin\msvcp140.dll
0x00007ff956000000 - 0x00007ff956c61000 	c:\Users\ADMIN\.vscode\extensions\redhat.java-1.25.1-win32-x64\jre\17.0.9-win32-x86_64\bin\server\jvm.dll
0x00007ff9b29b0000 - 0x00007ff9b2a5e000 	C:\Windows\System32\ADVAPI32.dll
0x00007ff9b2a60000 - 0x00007ff9b2afc000 	C:\Windows\System32\sechost.dll
0x00007ff9b3840000 - 0x00007ff9b3965000 	C:\Windows\System32\RPCRT4.dll
0x00007ff9b1c00000 - 0x00007ff9b1c4b000 	C:\Windows\SYSTEM32\POWRPROF.dll
0x00007ff98a2b0000 - 0x00007ff98a2b9000 	C:\Windows\SYSTEM32\WSOCK32.dll
0x00007ff9b37d0000 - 0x00007ff9b383b000 	C:\Windows\System32\WS2_32.dll
0x00007ff9b0000000 - 0x00007ff9b000a000 	C:\Windows\SYSTEM32\VERSION.dll
0x00007ff9a7620000 - 0x00007ff9a7647000 	C:\Windows\SYSTEM32\WINMM.dll
0x00007ff9b1be0000 - 0x00007ff9b1bf2000 	C:\Windows\SYSTEM32\UMPDC.dll
0x00007ff9b08b0000 - 0x00007ff9b08c2000 	C:\Windows\SYSTEM32\kernel.appcore.dll
0x00007ff9af780000 - 0x00007ff9af78a000 	c:\Users\ADMIN\.vscode\extensions\redhat.java-1.25.1-win32-x64\jre\17.0.9-win32-x86_64\bin\jimage.dll
0x00007ff9a78f0000 - 0x00007ff9a7ad4000 	C:\Windows\SYSTEM32\DBGHELP.DLL
0x00007ff9a1a80000 - 0x00007ff9a1aac000 	C:\Windows\SYSTEM32\dbgcore.DLL
0x00007ff9b2110000 - 0x00007ff9b2192000 	C:\Windows\System32\bcryptPrimitives.dll
0x00007ff9adad0000 - 0x00007ff9adade000 	c:\Users\ADMIN\.vscode\extensions\redhat.java-1.25.1-win32-x64\jre\17.0.9-win32-x86_64\bin\instrument.dll
0x00007ff990a90000 - 0x00007ff990ab5000 	c:\Users\ADMIN\.vscode\extensions\redhat.java-1.25.1-win32-x64\jre\17.0.9-win32-x86_64\bin\java.dll
0x00007ff994a70000 - 0x00007ff994a88000 	c:\Users\ADMIN\.vscode\extensions\redhat.java-1.25.1-win32-x64\jre\17.0.9-win32-x86_64\bin\zip.dll
0x00007ff9b3be0000 - 0x00007ff9b4323000 	C:\Windows\System32\SHELL32.dll
0x00007ff9b0100000 - 0x00007ff9b0891000 	C:\Windows\SYSTEM32\windows.storage.dll
0x00007ff9b2e30000 - 0x00007ff9b3184000 	C:\Windows\System32\combase.dll
0x00007ff9b1a50000 - 0x00007ff9b1a80000 	C:\Windows\SYSTEM32\Wldp.dll
0x00007ff9b44e0000 - 0x00007ff9b458d000 	C:\Windows\System32\SHCORE.dll
0x00007ff9b3aa0000 - 0x00007ff9b3af5000 	C:\Windows\System32\shlwapi.dll
0x00007ff9b1fa0000 - 0x00007ff9b1fbf000 	C:\Windows\SYSTEM32\profapi.dll
0x00007ff98e570000 - 0x00007ff98e589000 	C:\Users\ADMIN\.vscode\extensions\redhat.java-1.25.1-win32-x64\jre\17.0.9-win32-x86_64\bin\net.dll
0x00007ff9a8c80000 - 0x00007ff9a8d8d000 	C:\Windows\SYSTEM32\WINHTTP.dll
0x00007ff99d2c0000 - 0x00007ff99d2cb000 	C:\Program Files\Common Files\SocksEscort\escortdrv.dll
0x00007ff9b43b0000 - 0x00007ff9b44da000 	C:\Windows\System32\ole32.dll
0x00007ff99d280000 - 0x00007ff99d2b2000 	C:\Program Files\Common Files\SocksEscort\escengine.dll
0x00007ff9b1740000 - 0x00007ff9b17aa000 	C:\Windows\system32\mswsock.dll
0x00007ff98e550000 - 0x00007ff98e566000 	C:\Users\ADMIN\.vscode\extensions\redhat.java-1.25.1-win32-x64\jre\17.0.9-win32-x86_64\bin\nio.dll
0x00007ff9ab4c0000 - 0x00007ff9ab4d0000 	c:\Users\ADMIN\.vscode\extensions\redhat.java-1.25.1-win32-x64\jre\17.0.9-win32-x86_64\bin\verify.dll
0x00007ff98db50000 - 0x00007ff98db8e000 	C:\Users\ADMIN\AppData\Roaming\Code\User\globalStorage\redhat.java\1.25.1\config_ss_win\org.eclipse.equinox.launcher\org.eclipse.equinox.launcher.win32.win32.x86_64_1.2.800.v20231003-1442\eclipse_11802.dll

dbghelp: loaded successfully - version: 4.0.5 - missing functions: none
symbol engine: initialized successfully - sym options: 0x614 - pdb path: .;c:\Users\ADMIN\.vscode\extensions\redhat.java-1.25.1-win32-x64\jre\17.0.9-win32-x86_64\bin;C:\Windows\SYSTEM32;C:\Windows\WinSxS\amd64_microsoft.windows.common-controls_6595b64144ccf1df_6.0.19041.1110_none_60b5254171f9507e;c:\Users\ADMIN\.vscode\extensions\redhat.java-1.25.1-win32-x64\jre\17.0.9-win32-x86_64\bin\server;C:\Program Files\Common Files\SocksEscort;C:\Users\ADMIN\AppData\Roaming\Code\User\globalStorage\redhat.java\1.25.1\config_ss_win\org.eclipse.equinox.launcher\org.eclipse.equinox.launcher.win32.win32.x86_64_1.2.800.v20231003-1442

VM Arguments:
jvm_args: --add-modules=ALL-SYSTEM --add-opens=java.base/java.util=ALL-UNNAMED --add-opens=java.base/java.lang=ALL-UNNAMED --add-opens=java.base/sun.nio.fs=ALL-UNNAMED -Declipse.application=org.eclipse.jdt.ls.core.id1 -Dosgi.bundles.defaultStartLevel=4 -Declipse.product=org.eclipse.jdt.ls.core.product -Djava.import.generatesMetadataFilesAtProjectRoot=false -DDetectVMInstallationsJob.disabled=true -Dfile.encoding=utf8 -XX:+UseParallelGC -XX:GCTimeRatio=4 -XX:AdaptiveSizePolicyWeight=90 -Dsun.zip.disableMemoryMapping=true -Xmx1G -Xms100m -Xlog:disable -javaagent:c:\Users\ADMIN\.vscode\extensions\redhat.java-1.25.1-win32-x64\lombok\lombok-1.18.30.jar 
java_command: c:\Users\ADMIN\.vscode\extensions\redhat.java-1.25.1-win32-x64\server\plugins\org.eclipse.equinox.launcher_1.6.600.v20231106-1826.jar -configuration c:\Users\ADMIN\AppData\Roaming\Code\User\globalStorage\redhat.java\1.25.1\config_ss_win -data c:\Users\ADMIN\AppData\Roaming\Code\User\workspaceStorage\9ffa03cfc5cea9a6a22057707b167da1\redhat.java\ss_ws --stdio
java_class_path (initial): c:\Users\ADMIN\.vscode\extensions\redhat.java-1.25.1-win32-x64\server\plugins\org.eclipse.equinox.launcher_1.6.600.v20231106-1826.jar
Launcher Type: SUN_STANDARD

[Global flags]
    uintx AdaptiveSizePolicyWeight                 = 90                                        {product} {command line}
     intx CICompilerCount                          = 4                                         {product} {ergonomic}
    uintx GCTimeRatio                              = 4                                         {product} {command line}
   size_t InitialHeapSize                          = 104857600                                 {product} {command line}
   size_t MaxHeapSize                              = 1073741824                                {product} {command line}
   size_t MaxNewSize                               = 357564416                                 {product} {ergonomic}
   size_t MinHeapDeltaBytes                        = 524288                                    {product} {ergonomic}
   size_t MinHeapSize                              = 104857600                                 {product} {command line}
   size_t NewSize                                  = 34603008                                  {product} {ergonomic}
    uintx NonNMethodCodeHeapSize                   = 5839372                                {pd product} {ergonomic}
    uintx NonProfiledCodeHeapSize                  = 122909434                              {pd product} {ergonomic}
   size_t OldSize                                  = 70254592                                  {product} {ergonomic}
    uintx ProfiledCodeHeapSize                     = 122909434                              {pd product} {ergonomic}
    uintx ReservedCodeCacheSize                    = 251658240                              {pd product} {ergonomic}
     bool SegmentedCodeCache                       = true                                      {product} {ergonomic}
   size_t SoftMaxHeapSize                          = 1073741824                             {manageable} {ergonomic}
     bool UseCompressedClassPointers               = true                           {product lp64_product} {ergonomic}
     bool UseCompressedOops                        = true                           {product lp64_product} {ergonomic}
     bool UseLargePagesIndividualAllocation        = false                                  {pd product} {ergonomic}
     bool UseParallelGC                            = true                                      {product} {command line}

Logging:
Log output configuration:
 #0: stdout all=off uptime,level,tags
 #1: stderr all=off uptime,level,tags

Environment Variables:
JAVA_HOME=C:\Program Files\Java\jdk-19
PATH=C:\Program Files\Common Files\Oracle\Java\javapath;C:\Windows\system32;C:\Windows;C:\Windows\System32\Wbem;C:\Windows\System32\WindowsPowerShell\v1.0\;C:\Windows\System32\OpenSSH\;C:\Program Files\Java\jdk-19\bin;C:\Program Files\Git\cmd;C:\MinGW\bin;C:\Users\ADMIN\AppData\Roaming\nvm;C:\Program Files\nodejs;C:\Users\ADMIN\AppData\Local\Android\Sdk\platform-tools;C:\Program Files\MySQL\MySQL Shell 8.0\bin\;C:\Users\ADMIN\AppData\Local\Microsoft\WindowsApps;C:\Users\ADMIN\AppData\Local\Programs\Microsoft VS Code\bin;C:\Users\ADMIN\AppData\Local\Programs\Python\Python311;C:\Users\ADMIN\AppData\Local\Programs\Python\Python311\Scripts;C:\Users\ADMIN\AppData\Roaming\npm;C:\Users\ADMIN\AppData\Local\Programs\EmEditor;C:\Users\ADMIN\AppData\Roaming\nvm;C:\Program Files\nodejs;
USERNAME=ADMIN
OS=Windows_NT
PROCESSOR_IDENTIFIER=AMD64 Family 23 Model 96 Stepping 1, AuthenticAMD
TMP=C:\Users\ADMIN\AppData\Local\Temp
TEMP=C:\Users\ADMIN\AppData\Local\Temp



Periodic native trim disabled


---------------  S Y S T E M  ---------------

OS:
 Windows 10 , 64 bit Build 19041 (10.0.19041.1889)
OS uptime: 0 days 5:11 hours

CPU: total 12 (initial active 12) (12 cores per cpu, 2 threads per core) family 23 model 96 stepping 1 microcode 0x0, cx8, cmov, fxsr, ht, mmx, 3dnowpref, sse, sse2, sse3, ssse3, sse4a, sse4.1, sse4.2, popcnt, lzcnt, tsc, tscinvbit, avx, avx2, aes, clmul, bmi1, bmi2, adx, sha, fma, vzeroupper, clflush, clflushopt
Processor Information for all 12 processors :
  Max Mhz: 3000, Current Mhz: 3000, Mhz Limit: 3000

Memory: 4k page, system-wide physical 7579M (916M free)
TotalPageFile size 11675M (AvailPageFile size 5M)
current process WorkingSet (physical memory assigned to process): 123M, peak: 123M
current process commit charge ("private bytes"): 236M, peak: 237M

vm_info: OpenJDK 64-Bit Server VM (17.0.9+9) for windows-amd64 JRE (17.0.9+9), built on Oct 26 2023 14:01:42 by "admin" with MS VC++ 16.10 / 16.11 (VS2019)

END.
