#
# There is insufficient memory for the Java Runtime Environment to continue.
# Native memory allocation (mmap) failed to map 125829120 bytes for G1 virtual space
# Possible reasons:
#   The system is out of physical RAM or swap space
#   The process is running with CompressedOops enabled, and the Java Heap may be blocking the growth of the native heap
# Possible solutions:
#   Reduce memory load on the system
#   Increase physical memory or swap space
#   Check if swap backing store is full
#   Decrease Java heap size (-Xmx/-Xms)
#   Decrease number of Java threads
#   Decrease Java thread stack sizes (-Xss)
#   Set larger code cache with -XX:ReservedCodeCacheSize=
#   JVM is running with Unscaled Compressed Oops mode in which the Java heap is
#     placed in the first 4GB address space. The Java Heap base address is the
#     maximum limit for the native heap growth. Please use -XX:HeapBaseMinAddress
#     to set the Java Heap base and to place the Java Heap above 4GB virtual address.
# This output file may be truncated or incomplete.
#
#  Out of Memory Error (os_windows.cpp:3527), pid=15836, tid=15996
#
# JRE version:  (19.0.1+10) (build )
# Java VM: Java HotSpot(TM) 64-Bit Server VM (19.0.1+10-21, mixed mode, sharing, tiered, compressed oops, compressed class ptrs, g1 gc, windows-amd64)
# No core dump will be written. Minidumps are not enabled by default on client versions of Windows
#

---------------  S U M M A R Y ------------

Command Line: org.jetbrains.kotlin.cli.jvm.K2JVMCompiler @D:\study\da_nen_tang\facebook-app-clone\node_modules\react-native-gesture-handler\android\build\20231128_14045124904516190243.compiler.options

Host: AMD Ryzen 5 4600H with Radeon Graphics         , 12 cores, 7G,  Windows 10 , 64 bit Build 19041 (10.0.19041.1889)
Time: Tue Nov 28 20:53:46 2023 SE Asia Standard Time elapsed time: 0.008893 seconds (0d 0h 0m 0s)

---------------  T H R E A D  ---------------

Current thread (0x00000283acc4c200):  JavaThread "Unknown thread" [_thread_in_vm, id=15996, stack(0x000000da83a00000,0x000000da83b00000)]

Stack: [0x000000da83a00000,0x000000da83b00000]
Native frames: (J=compiled Java code, j=interpreted, Vv=VM code, C=native code)
V  [jvm.dll+0x6ee8fa]
V  [jvm.dll+0x857a1e]
V  [jvm.dll+0x85940e]
V  [jvm.dll+0x859ac3]
V  [jvm.dll+0x28291f]
V  [jvm.dll+0x6eb6e9]
V  [jvm.dll+0x6e028a]
V  [jvm.dll+0x357136]
V  [jvm.dll+0x35eb96]
V  [jvm.dll+0x3b555e]
V  [jvm.dll+0x3b578f]
V  [jvm.dll+0x32c6ea]
V  [jvm.dll+0x32d59e]
V  [jvm.dll+0x821b20]
V  [jvm.dll+0x3c27c1]
V  [jvm.dll+0x8022f1]
V  [jvm.dll+0x44b30f]
V  [jvm.dll+0x44cc91]
C  [jli.dll+0x5287]
C  [ucrtbase.dll+0x21bb2]
C  [KERNEL32.DLL+0x17034]
C  [ntdll.dll+0x526a1]


---------------  P R O C E S S  ---------------

Threads class SMR info:
_java_thread_list=0x00007ffc9f67d048, length=0, elements={
}

Java Threads: ( => current thread )

Other Threads:
  0x00000283accab970 WorkerThread "GC Thread#0" [stack: 0x000000da83b00000,0x000000da83c00000] [id=16000]
  0x00000283accbc780 ConcurrentGCThread "G1 Main Marker" [stack: 0x000000da83c00000,0x000000da83d00000] [id=636]
  0x00000283accbe1c0 WorkerThread "G1 Conc#0" [stack: 0x000000da83d00000,0x000000da83e00000] [id=6980]

[error occurred during error reporting (printing all threads), id 0xc0000005, EXCEPTION_ACCESS_VIOLATION (0xc0000005) at pc=0x00007ffc9ee3d127]

VM state: not at safepoint (not fully initialized)

VM Mutex/Monitor currently owned by a thread:  ([mutex/lock_event])
[0x00000283acc48ab0] Heap_lock - owner thread: 0x00000283acc4c200

Heap address: 0x0000000089800000, size: 1896 MB, Compressed Oops mode: 32-bit

CDS archive(s) mapped at: [0x0000000000000000-0x0000000000000000-0x0000000000000000), size 0, SharedBaseAddress: 0x0000000800000000, ArchiveRelocationMode: 0.
Narrow klass base: 0x0000000000000000, Narrow klass shift: 0, Narrow klass range: 0x0

GC Precious Log:
 CardTable entry size: 512
 Card Set container configuration: InlinePtr #cards 5 size 8 Array Of Cards #cards 12 size 40 Howl #buckets 4 coarsen threshold 1843 Howl Bitmap #cards 512 size 80 coarsen threshold 460 Card regions per heap region 1 cards per card region 2048

Heap:
 garbage-first heap   total 0K, used 0K [0x0000000089800000, 0x0000000100000000)
  region size 1024K, 0 young (0K), 0 survivors (0K)

[error occurred during error reporting (printing heap information), id 0xc0000005, EXCEPTION_ACCESS_VIOLATION (0xc0000005) at pc=0x00007ffc9f246959]

GC Heap History (0 events):
No events

Dll operation events (1 events):
Event: 0.006 Loaded shared library C:\Program Files\Java\jdk-19\bin\java.dll

Deoptimization events (0 events):
No events

Classes loaded (0 events):
No events

Classes unloaded (0 events):
No events

Classes redefined (0 events):
No events

Internal exceptions (0 events):
No events

VM Operations (0 events):
No events

Events (0 events):
No events


Dynamic libraries:
0x00007ff762db0000 - 0x00007ff762dc0000 	C:\Program Files\Java\jdk-19\bin\java.exe
0x00007ffd0a590000 - 0x00007ffd0a788000 	C:\Windows\SYSTEM32\ntdll.dll
0x00007ffd09530000 - 0x00007ffd095ed000 	C:\Windows\System32\KERNEL32.DLL
0x00007ffd08160000 - 0x00007ffd08432000 	C:\Windows\System32\KERNELBASE.dll
0x00007ffd07cd0000 - 0x00007ffd07dd0000 	C:\Windows\System32\ucrtbase.dll
0x00007ffcbf0c0000 - 0x00007ffcbf0d8000 	C:\Program Files\Java\jdk-19\bin\jli.dll
0x00007ffcbcfa0000 - 0x00007ffcbcfbb000 	C:\Program Files\Java\jdk-19\bin\VCRUNTIME140.dll
0x00007ffd09480000 - 0x00007ffd0952e000 	C:\Windows\System32\ADVAPI32.dll
0x00007ffd09d00000 - 0x00007ffd09d9e000 	C:\Windows\System32\msvcrt.dll
0x00007ffd09330000 - 0x00007ffd093cc000 	C:\Windows\System32\sechost.dll
0x00007ffd0a280000 - 0x00007ffd0a3a5000 	C:\Windows\System32\RPCRT4.dll
0x00007ffd09a90000 - 0x00007ffd09c2d000 	C:\Windows\System32\USER32.dll
0x00007ffcf6500000 - 0x00007ffcf679a000 	C:\Windows\WinSxS\amd64_microsoft.windows.common-controls_6595b64144ccf1df_6.0.19041.1110_none_60b5254171f9507e\COMCTL32.dll
0x00007ffd08130000 - 0x00007ffd08152000 	C:\Windows\System32\win32u.dll
0x00007ffd08610000 - 0x00007ffd0863b000 	C:\Windows\System32\GDI32.dll
0x00007ffd08020000 - 0x00007ffd0812f000 	C:\Windows\System32\gdi32full.dll
0x00007ffd07e20000 - 0x00007ffd07ebd000 	C:\Windows\System32\msvcp_win.dll
0x00007ffcffab0000 - 0x00007ffcffaba000 	C:\Windows\SYSTEM32\VERSION.dll
0x00007ffd08640000 - 0x00007ffd08670000 	C:\Windows\System32\IMM32.DLL
0x00007ffce4b80000 - 0x00007ffce4b8c000 	C:\Program Files\Java\jdk-19\bin\vcruntime140_1.dll
0x00007ffcb5bb0000 - 0x00007ffcb5c3e000 	C:\Program Files\Java\jdk-19\bin\msvcp140.dll
0x00007ffc9eb00000 - 0x00007ffc9f7c0000 	C:\Program Files\Java\jdk-19\bin\server\jvm.dll
0x00007ffcfd880000 - 0x00007ffcfd8a7000 	C:\Windows\SYSTEM32\WINMM.dll
0x00007ffd027a0000 - 0x00007ffd027a9000 	C:\Windows\SYSTEM32\WSOCK32.dll
0x00007ffd09c30000 - 0x00007ffd09c9b000 	C:\Windows\System32\WS2_32.dll
0x00007ffd05b60000 - 0x00007ffd05b72000 	C:\Windows\SYSTEM32\kernel.appcore.dll
0x00007ffce47d0000 - 0x00007ffce47da000 	C:\Program Files\Java\jdk-19\bin\jimage.dll
0x00007ffcfe9c0000 - 0x00007ffcfeba4000 	C:\Windows\SYSTEM32\DBGHELP.DLL
0x00007ffcf8180000 - 0x00007ffcf81ac000 	C:\Windows\SYSTEM32\dbgcore.DLL
0x00007ffd084f0000 - 0x00007ffd08572000 	C:\Windows\System32\bcryptPrimitives.dll
0x00007ffcba650000 - 0x00007ffcba676000 	C:\Program Files\Java\jdk-19\bin\java.dll

dbghelp: loaded successfully - version: 4.0.5 - missing functions: none
symbol engine: initialized successfully - sym options: 0x614 - pdb path: .;C:\Program Files\Java\jdk-19\bin;C:\Windows\SYSTEM32;C:\Windows\WinSxS\amd64_microsoft.windows.common-controls_6595b64144ccf1df_6.0.19041.1110_none_60b5254171f9507e;C:\Program Files\Java\jdk-19\bin\server

VM Arguments:
java_command: org.jetbrains.kotlin.cli.jvm.K2JVMCompiler @D:\study\da_nen_tang\facebook-app-clone\node_modules\react-native-gesture-handler\android\build\20231128_14045124904516190243.compiler.options
java_class_path (initial): C:\Users\ADMIN\.gradle\caches\modules-2\files-2.1\org.jetbrains.kotlin\kotlin-compiler-embeddable\1.6.21\97bdd5a752ce73b58ef16c17bc7f0ea2faff7a2e\kotlin-compiler-embeddable-1.6.21.jar;C:\Users\ADMIN\.gradle\caches\modules-2\files-2.1\org.jetbrains.kotlin\kotlin-reflect\1.6.21\5dc3574d9b7bebfcb4ec6b10ada4aaa9e140bd0b\kotlin-reflect-1.6.21.jar;C:\Users\ADMIN\.gradle\caches\modules-2\files-2.1\org.jetbrains.kotlin\kotlin-stdlib\1.6.21\11ef67f1900634fd951bad28c53ec957fabbe5b8\kotlin-stdlib-1.6.21.jar;C:\Users\ADMIN\.gradle\caches\modules-2\files-2.1\org.jetbrains.kotlin\kotlin-script-runtime\1.6.21\99c6675100da5d6d5b1c5a1032f27f28008d101b\kotlin-script-runtime-1.6.21.jar;C:\Users\ADMIN\.gradle\caches\modules-2\files-2.1\org.jetbrains.kotlin\kotlin-daemon-embeddable\1.6.21\46b78cf392e1c4f10854c3cadba44abb7b82250f\kotlin-daemon-embeddable-1.6.21.jar;C:\Users\ADMIN\.gradle\caches\modules-2\files-2.1\org.jetbrains.intellij.deps\trove4j\1.0.20200330\3afb14d5f9ceb459d724e907a21145e8ff394f02\trove4j-1.0.20200330.jar;C:\Users\ADMIN\.gradle\caches\modules-2\files-2.1\net.java.dev.jna\jna\5.6.0\330f2244e9030119ab3030fc3fededc86713d9cc\jna-5.6.0.jar;C:\Users\ADMIN\.gradle\caches\modules-2\files-2.1\org.jetbrains.kotlin\kotlin-stdlib-common\1.6.21\5e5b55c26dbc80372a920aef60eb774b714559b8\kotlin-stdlib-common-1.6.21.jar;C:\Users\ADMIN\.gradle\caches\modules-2\files-2.1\org.jetbrains\annotations\13.0\919f0dfe192fb4e063e7dacadee7f8bb9a2672a9\annotations-13.0.jar
Launcher Type: SUN_STANDARD

[Global flags]
     intx CICompilerCount                          = 4                                         {product} {ergonomic}
     uint ConcGCThreads                            = 3                                         {product} {ergonomic}
     uint G1ConcRefinementThreads                  = 10                                        {product} {ergonomic}
   size_t G1HeapRegionSize                         = 1048576                                   {product} {ergonomic}
    uintx GCDrainStackTargetSize                   = 64                                        {product} {ergonomic}
   size_t InitialHeapSize                          = 125829120                                 {product} {ergonomic}
   size_t MarkStackSize                            = 4194304                                   {product} {ergonomic}
   size_t MaxHeapSize                              = 1988100096                                {product} {ergonomic}
   size_t MinHeapDeltaBytes                        = 1048576                                   {product} {ergonomic}
   size_t MinHeapSize                              = 8388608                                   {product} {ergonomic}
    uintx NonNMethodCodeHeapSize                   = 5839372                                {pd product} {ergonomic}
    uintx NonProfiledCodeHeapSize                  = 122909434                              {pd product} {ergonomic}
    uintx ProfiledCodeHeapSize                     = 122909434                              {pd product} {ergonomic}
    uintx ReservedCodeCacheSize                    = 251658240                              {pd product} {ergonomic}
     bool SegmentedCodeCache                       = true                                      {product} {ergonomic}
   size_t SoftMaxHeapSize                          = 1988100096                             {manageable} {ergonomic}
     bool UseCompressedClassPointers               = true                           {product lp64_product} {ergonomic}
     bool UseCompressedOops                        = true                           {product lp64_product} {ergonomic}
     bool UseG1GC                                  = true                                      {product} {ergonomic}
     bool UseLargePagesIndividualAllocation        = false                                  {pd product} {ergonomic}

Logging:
Log output configuration:
 #0: stdout all=warning uptime,level,tags foldmultilines=false
 #1: stderr all=off uptime,level,tags foldmultilines=false

Environment Variables:
JAVA_HOME=C:\Program Files\Java\jdk-19
CLASSPATH=D:\study\da_nen_tang\facebook-app-clone\android\\gradle\wrapper\gradle-wrapper.jar
PATH=D:\study\da_nen_tang\facebook-app-clone\node_modules\.bin;D:\study\da_nen_tang\node_modules\.bin;D:\study\node_modules\.bin;D:\node_modules\.bin;C:\Users\ADMIN\AppData\Roaming\nvm\v16.15.0\node_modules\npm\node_modules\@npmcli\run-script\lib\node-gyp-bin;C:\Users\ADMIN\AppData\Local\Temp\yarn--1701179542864-0.9320260501466284;D:\study\da_nen_tang\facebook-app-clone\node_modules\.bin;C:\Users\ADMIN\AppData\Local\Yarn\Data\link\node_modules\.bin;C:\Users\ADMIN\AppData\Local\Yarn\bin;C:\Program Files\libexec\lib\node_modules\npm\bin\node-gyp-bin;C:\Program Files\lib\node_modules\npm\bin\node-gyp-bin;C:\Program Files\nodejs\node_modules\npm\bin\node-gyp-bin;C:\Program Files\Common Files\Oracle\Java\javapath;C:\Windows\system32;C:\Windows;C:\Windows\System32\Wbem;C:\Windows\System32\WindowsPowerShell\v1.0\;C:\Windows\System32\OpenSSH\;C:\Program Files\Java\jdk-19\bin;C:\Program Files\Git\cmd;C:\MinGW\bin;%NVM_HOME%;%NVM_SYMLINK%;C:\Users\ADMIN\AppData\Local\Android\Sdk\platform-tools;C:\Program Files\MySQL\MySQL Shell 8.0\bin\;C:\Users\ADMIN\AppData\Local\Microsoft\WindowsApps;C:\Users\ADMIN\AppData\Local\Programs\Microsoft VS Code\bin;C:\Users\ADMIN\AppData\Local\Programs\Python\Python311;C:\Users\ADMIN\AppData\Local\Programs\Python\Python311\Scripts;C:\Users\ADMIN\AppData\Roaming\npm;C:\Users\ADMIN\AppData\Local\Programs\EmEditor;C:\Users\ADMIN\AppData\Roaming\nvm;C:\Program Files\nodejs;
USERNAME=ADMIN
LANG=en_US.UTF-8
OS=Windows_NT
PROCESSOR_IDENTIFIER=AMD64 Family 23 Model 96 Stepping 1, AuthenticAMD
TMP=C:\Users\ADMIN\AppData\Local\Temp
TEMP=C:\Users\ADMIN\AppData\Local\Temp



---------------  S Y S T E M  ---------------

OS:
 Windows 10 , 64 bit Build 19041 (10.0.19041.1889)
OS uptime: 0 days 10:01 hours

CPU: total 12 (initial active 12) (12 cores per cpu, 2 threads per core) family 23 model 96 stepping 1 microcode 0x0, cx8, cmov, fxsr, ht, mmx, 3dnowpref, sse, sse2, sse3, ssse3, sse4a, sse4.1, sse4.2, popcnt, lzcnt, tsc, tscinvbit, avx, avx2, aes, clmul, bmi1, bmi2, adx, sha, fma, vzeroupper, clflush, clflushopt, rdtscp, rdpid

Memory: 4k page, system-wide physical 7579M (444M free)
TotalPageFile size 11675M (AvailPageFile size 97M)
current process WorkingSet (physical memory assigned to process): 10M, peak: 10M
current process commit charge ("private bytes"): 64M, peak: 184M

vm_info: Java HotSpot(TM) 64-Bit Server VM (19.0.1+10-21) for windows-amd64 JRE (19.0.1+10-21), built on 2022-09-14T12:45:06Z by "mach5one" with MS VC++ 17.1 (VS2022)

END.
