#
# There is insufficient memory for the Java Runtime Environment to continue.
# Native memory allocation (malloc) failed to allocate 32744 bytes for Chunk::new
# Possible reasons:
#   The system is out of physical RAM or swap space
#   The process is running with CompressedOops enabled, and the Java Heap may be blocking the growth of the native heap
# Possible solutions:
#   Reduce memory load on the system
#   Increase physical memory or swap space
#   Check if swap backing store is full
#   Decrease Java heap size (-Xmx/-Xms)
#   Decrease number of Java threads
#   Decrease Java thread stack sizes (-Xss)
#   Set larger code cache with -XX:ReservedCodeCacheSize=
#   JVM is running with Unscaled Compressed Oops mode in which the Java heap is
#     placed in the first 4GB address space. The Java Heap base address is the
#     maximum limit for the native heap growth. Please use -XX:HeapBaseMinAddress
#     to set the Java Heap base and to place the Java Heap above 4GB virtual address.
# This output file may be truncated or incomplete.
#
#  Out of Memory Error (arena.cpp:184), pid=15432, tid=16024
#
# JRE version: Java(TM) SE Runtime Environment (19.0.1+10) (build 19.0.1+10-21)
# Java VM: Java HotSpot(TM) 64-Bit Server VM (19.0.1+10-21, mixed mode, sharing, tiered, compressed oops, compressed class ptrs, g1 gc, windows-amd64)
# No core dump will be written. Minidumps are not enabled by default on client versions of Windows
#

---------------  S U M M A R Y ------------

Command Line: org.jetbrains.kotlin.cli.jvm.K2JVMCompiler @D:\study\da_nen_tang\facebook-app-clone\node_modules\react-native-gesture-handler\android\build\20240104_7644086041604196683.compiler.options

Host: AMD Ryzen 5 4600H with Radeon Graphics         , 12 cores, 7G,  Windows 10 , 64 bit Build 19041 (10.0.19041.1889)
Time: Thu Jan  4 22:15:03 2024 SE Asia Standard Time elapsed time: 1.242407 seconds (0d 0h 0m 1s)

---------------  T H R E A D  ---------------

Current thread (0x0000015b98e53ff0):  JavaThread "C2 CompilerThread1" daemon [_thread_in_native, id=16024, stack(0x0000005839d00000,0x0000005839e00000)]


Current CompileTask:
C2:   1242  856       4       java.util.ArrayList::add (25 bytes)

Stack: [0x0000005839d00000,0x0000005839e00000]
Native frames: (J=compiled Java code, j=interpreted, Vv=VM code, C=native code)
V  [jvm.dll+0x6ee8fa]
V  [jvm.dll+0x857a1e]
V  [jvm.dll+0x85940e]
V  [jvm.dll+0x859ac3]
V  [jvm.dll+0x28291f]
V  [jvm.dll+0xc9b5f]
V  [jvm.dll+0xc9ee5]
V  [jvm.dll+0x5d14bb]
V  [jvm.dll+0x386230]
V  [jvm.dll+0x38567a]
V  [jvm.dll+0x24c2c9]
V  [jvm.dll+0x24b671]
V  [jvm.dll+0x1d6d61]
V  [jvm.dll+0x25b0fa]
V  [jvm.dll+0x259588]
V  [jvm.dll+0x807928]
V  [jvm.dll+0x8015fa]
V  [jvm.dll+0x6ed5eb]
C  [ucrtbase.dll+0x21bb2]
C  [KERNEL32.DLL+0x17034]
C  [ntdll.dll+0x526a1]


---------------  P R O C E S S  ---------------

Threads class SMR info:
_java_thread_list=0x0000015b997f7380, length=13, elements={
0x0000015bf54c0a70, 0x0000015bff11c7a0, 0x0000015bff11d390, 0x0000015bff11e2c0,
0x0000015bff11fc00, 0x0000015bff120530, 0x0000015bff120e60, 0x0000015bff121ac0,
0x0000015bff124000, 0x0000015bff126d90, 0x0000015b98dfd7b0, 0x0000015b98e035e0,
0x0000015b98e53ff0
}

Java Threads: ( => current thread )
  0x0000015bf54c0a70 JavaThread "main" [_thread_blocked, id=15624, stack(0x0000005838900000,0x0000005838a00000)]
  0x0000015bff11c7a0 JavaThread "Reference Handler" daemon [_thread_blocked, id=15744, stack(0x0000005839000000,0x0000005839100000)]
  0x0000015bff11d390 JavaThread "Finalizer" daemon [_thread_blocked, id=15748, stack(0x0000005839100000,0x0000005839200000)]
  0x0000015bff11e2c0 JavaThread "Signal Dispatcher" daemon [_thread_blocked, id=15752, stack(0x0000005839200000,0x0000005839300000)]
  0x0000015bff11fc00 JavaThread "Attach Listener" daemon [_thread_blocked, id=15756, stack(0x0000005839300000,0x0000005839400000)]
  0x0000015bff120530 JavaThread "Service Thread" daemon [_thread_blocked, id=15760, stack(0x0000005839400000,0x0000005839500000)]
  0x0000015bff120e60 JavaThread "Monitor Deflation Thread" daemon [_thread_blocked, id=15764, stack(0x0000005839500000,0x0000005839600000)]
  0x0000015bff121ac0 JavaThread "C2 CompilerThread0" daemon [_thread_blocked, id=15768, stack(0x0000005839600000,0x0000005839700000)]
  0x0000015bff124000 JavaThread "C1 CompilerThread0" daemon [_thread_in_native, id=15772, stack(0x0000005839700000,0x0000005839800000)]
  0x0000015bff126d90 JavaThread "Sweeper thread" daemon [_thread_blocked, id=15776, stack(0x0000005839800000,0x0000005839900000)]
  0x0000015b98dfd7b0 JavaThread "Notification Thread" daemon [_thread_blocked, id=15864, stack(0x0000005839900000,0x0000005839a00000)]
  0x0000015b98e035e0 JavaThread "Common-Cleaner" daemon [_thread_blocked, id=15872, stack(0x0000005839b00000,0x0000005839c00000)]
=>0x0000015b98e53ff0 JavaThread "C2 CompilerThread1" daemon [_thread_in_native, id=16024, stack(0x0000005839d00000,0x0000005839e00000)]

Other Threads:
  0x0000015bff106700 VMThread "VM Thread" [stack: 0x0000005838f00000,0x0000005839000000] [id=15700]
  0x0000015b98e00d40 WatcherThread "VM Periodic Task Thread" [stack: 0x0000005839a00000,0x0000005839b00000] [id=15868]
  0x0000015bf551eea0 WorkerThread "GC Thread#0" [stack: 0x0000005838a00000,0x0000005838b00000] [id=15652]
  0x0000015b999c0c40 WorkerThread "GC Thread#1" [stack: 0x0000005839e00000,0x0000005839f00000] [id=16172]
  0x0000015b99a8e510 WorkerThread "GC Thread#2" [stack: 0x0000005839f00000,0x000000583a000000] [id=16176]
  0x0000015b99a90590 WorkerThread "GC Thread#3" [stack: 0x000000583a000000,0x000000583a100000] [id=16180]
  0x0000015b99a90860 WorkerThread "GC Thread#4" [stack: 0x000000583a100000,0x000000583a200000] [id=16184]
  0x0000015b99a8f1e0 WorkerThread "GC Thread#5" [stack: 0x000000583a200000,0x000000583a300000] [id=16188]
  0x0000015bf552eca0 ConcurrentGCThread "G1 Main Marker" [stack: 0x0000005838b00000,0x0000005838c00000] [id=15660]
  0x0000015bf552f6d0 WorkerThread "G1 Conc#0" [stack: 0x0000005838c00000,0x0000005838d00000] [id=15668]
  0x0000015bfefc0550 ConcurrentGCThread "G1 Refine#0" [stack: 0x0000005838d00000,0x0000005838e00000] [id=15680]
  0x0000015bfefc3fb0 ConcurrentGCThread "G1 Service" [stack: 0x0000005838e00000,0x0000005838f00000] [id=15688]

Threads with active compile tasks:
C1 CompilerThread0     1253  848   !   3       kotlin.reflect.jvm.internal.impl.metadata.ProtoBuf$Function::<init> (1410 bytes)
C2 CompilerThread1     1253  856       4       java.util.ArrayList::add (25 bytes)

VM state: not at safepoint (normal execution)

VM Mutex/Monitor currently owned by a thread:  ([mutex/lock_event])
[0x0000015bf54bc120] ClassLoaderDataGraph_lock - owner thread: 0x0000000000000000

Heap address: 0x0000000089800000, size: 1896 MB, Compressed Oops mode: 32-bit

CDS archive(s) mapped at: [0x0000000800000000-0x0000000800c40000-0x0000000800c40000), size 12845056, SharedBaseAddress: 0x0000000800000000, ArchiveRelocationMode: 0.
Compressed class space mapped at: 0x0000000801000000-0x0000000841000000, reserved size: 1073741824
Narrow klass base: 0x0000000800000000, Narrow klass shift: 0, Narrow klass range: 0x100000000

GC Precious Log:
 CardTable entry size: 512
 Card Set container configuration: InlinePtr #cards 5 size 8 Array Of Cards #cards 12 size 40 Howl #buckets 4 coarsen threshold 1843 Howl Bitmap #cards 512 size 80 coarsen threshold 460 Card regions per heap region 1 cards per card region 2048
 CPUs: 12 total, 12 available
 Memory: 7579M
 Large Page Support: Disabled
 NUMA Support: Disabled
 Compressed Oops: Enabled (32-bit)
 Heap Region Size: 1M
 Heap Min Capacity: 8M
 Heap Initial Capacity: 120M
 Heap Max Capacity: 1896M
 Pre-touch: Disabled
 Parallel Workers: 10
 Concurrent Workers: 3
 Concurrent Refinement Workers: 10
 Periodic GC: Disabled

Heap:
 garbage-first heap   total 122880K, used 9076K [0x0000000089800000, 0x0000000100000000)
  region size 1024K, 7 young (7168K), 3 survivors (3072K)
 Metaspace       used 7415K, committed 7616K, reserved 1114112K
  class space    used 739K, committed 832K, reserved 1048576K

Heap Regions: E=young(eden), S=young(survivor), O=old, HS=humongous(starts), HC=humongous(continues), CS=collection set, F=free, OA=open archive, CA=closed archive, TAMS=top-at-mark-start (previous, next)
|   0|0x0000000089800000, 0x0000000089900000, 0x0000000089900000|100%|HS|  |TAMS 0x0000000089800000, 0x0000000089800000| Complete 
|   1|0x0000000089900000, 0x0000000089a00000, 0x0000000089a00000|100%|HC|  |TAMS 0x0000000089900000, 0x0000000089900000| Complete 
|   2|0x0000000089a00000, 0x0000000089b00000, 0x0000000089b00000|100%|HC|  |TAMS 0x0000000089a00000, 0x0000000089a00000| Complete 
|   3|0x0000000089b00000, 0x0000000089b00000, 0x0000000089c00000|  0%| F|  |TAMS 0x0000000089b00000, 0x0000000089b00000| Untracked 
|   4|0x0000000089c00000, 0x0000000089c00000, 0x0000000089d00000|  0%| F|  |TAMS 0x0000000089c00000, 0x0000000089c00000| Untracked 
|   5|0x0000000089d00000, 0x0000000089d00000, 0x0000000089e00000|  0%| F|  |TAMS 0x0000000089d00000, 0x0000000089d00000| Untracked 
|   6|0x0000000089e00000, 0x0000000089e00000, 0x0000000089f00000|  0%| F|  |TAMS 0x0000000089e00000, 0x0000000089e00000| Untracked 
|   7|0x0000000089f00000, 0x0000000089f00000, 0x000000008a000000|  0%| F|  |TAMS 0x0000000089f00000, 0x0000000089f00000| Untracked 
|   8|0x000000008a000000, 0x000000008a000000, 0x000000008a100000|  0%| F|  |TAMS 0x000000008a000000, 0x000000008a000000| Untracked 
|   9|0x000000008a100000, 0x000000008a100000, 0x000000008a200000|  0%| F|  |TAMS 0x000000008a100000, 0x000000008a100000| Untracked 
|  10|0x000000008a200000, 0x000000008a200000, 0x000000008a300000|  0%| F|  |TAMS 0x000000008a200000, 0x000000008a200000| Untracked 
|  11|0x000000008a300000, 0x000000008a300000, 0x000000008a400000|  0%| F|  |TAMS 0x000000008a300000, 0x000000008a300000| Untracked 
|  12|0x000000008a400000, 0x000000008a400000, 0x000000008a500000|  0%| F|  |TAMS 0x000000008a400000, 0x000000008a400000| Untracked 
|  13|0x000000008a500000, 0x000000008a500000, 0x000000008a600000|  0%| F|  |TAMS 0x000000008a500000, 0x000000008a500000| Untracked 
|  14|0x000000008a600000, 0x000000008a600000, 0x000000008a700000|  0%| F|  |TAMS 0x000000008a600000, 0x000000008a600000| Untracked 
|  15|0x000000008a700000, 0x000000008a700000, 0x000000008a800000|  0%| F|  |TAMS 0x000000008a700000, 0x000000008a700000| Untracked 
|  16|0x000000008a800000, 0x000000008a800000, 0x000000008a900000|  0%| F|  |TAMS 0x000000008a800000, 0x000000008a800000| Untracked 
|  17|0x000000008a900000, 0x000000008a900000, 0x000000008aa00000|  0%| F|  |TAMS 0x000000008a900000, 0x000000008a900000| Untracked 
|  18|0x000000008aa00000, 0x000000008aa00000, 0x000000008ab00000|  0%| F|  |TAMS 0x000000008aa00000, 0x000000008aa00000| Untracked 
|  19|0x000000008ab00000, 0x000000008ab00000, 0x000000008ac00000|  0%| F|  |TAMS 0x000000008ab00000, 0x000000008ab00000| Untracked 
|  20|0x000000008ac00000, 0x000000008ac00000, 0x000000008ad00000|  0%| F|  |TAMS 0x000000008ac00000, 0x000000008ac00000| Untracked 
|  21|0x000000008ad00000, 0x000000008ad00000, 0x000000008ae00000|  0%| F|  |TAMS 0x000000008ad00000, 0x000000008ad00000| Untracked 
|  22|0x000000008ae00000, 0x000000008ae00000, 0x000000008af00000|  0%| F|  |TAMS 0x000000008ae00000, 0x000000008ae00000| Untracked 
|  23|0x000000008af00000, 0x000000008af00000, 0x000000008b000000|  0%| F|  |TAMS 0x000000008af00000, 0x000000008af00000| Untracked 
|  24|0x000000008b000000, 0x000000008b000000, 0x000000008b100000|  0%| F|  |TAMS 0x000000008b000000, 0x000000008b000000| Untracked 
|  25|0x000000008b100000, 0x000000008b100000, 0x000000008b200000|  0%| F|  |TAMS 0x000000008b100000, 0x000000008b100000| Untracked 
|  26|0x000000008b200000, 0x000000008b200000, 0x000000008b300000|  0%| F|  |TAMS 0x000000008b200000, 0x000000008b200000| Untracked 
|  27|0x000000008b300000, 0x000000008b300000, 0x000000008b400000|  0%| F|  |TAMS 0x000000008b300000, 0x000000008b300000| Untracked 
|  28|0x000000008b400000, 0x000000008b400000, 0x000000008b500000|  0%| F|  |TAMS 0x000000008b400000, 0x000000008b400000| Untracked 
|  29|0x000000008b500000, 0x000000008b500000, 0x000000008b600000|  0%| F|  |TAMS 0x000000008b500000, 0x000000008b500000| Untracked 
|  30|0x000000008b600000, 0x000000008b600000, 0x000000008b700000|  0%| F|  |TAMS 0x000000008b600000, 0x000000008b600000| Untracked 
|  31|0x000000008b700000, 0x000000008b700000, 0x000000008b800000|  0%| F|  |TAMS 0x000000008b700000, 0x000000008b700000| Untracked 
|  32|0x000000008b800000, 0x000000008b800000, 0x000000008b900000|  0%| F|  |TAMS 0x000000008b800000, 0x000000008b800000| Untracked 
|  33|0x000000008b900000, 0x000000008b900000, 0x000000008ba00000|  0%| F|  |TAMS 0x000000008b900000, 0x000000008b900000| Untracked 
|  34|0x000000008ba00000, 0x000000008ba00000, 0x000000008bb00000|  0%| F|  |TAMS 0x000000008ba00000, 0x000000008ba00000| Untracked 
|  35|0x000000008bb00000, 0x000000008bb00000, 0x000000008bc00000|  0%| F|  |TAMS 0x000000008bb00000, 0x000000008bb00000| Untracked 
|  36|0x000000008bc00000, 0x000000008bc00000, 0x000000008bd00000|  0%| F|  |TAMS 0x000000008bc00000, 0x000000008bc00000| Untracked 
|  37|0x000000008bd00000, 0x000000008bd00000, 0x000000008be00000|  0%| F|  |TAMS 0x000000008bd00000, 0x000000008bd00000| Untracked 
|  38|0x000000008be00000, 0x000000008be00000, 0x000000008bf00000|  0%| F|  |TAMS 0x000000008be00000, 0x000000008be00000| Untracked 
|  39|0x000000008bf00000, 0x000000008bf00000, 0x000000008c000000|  0%| F|  |TAMS 0x000000008bf00000, 0x000000008bf00000| Untracked 
|  40|0x000000008c000000, 0x000000008c000000, 0x000000008c100000|  0%| F|  |TAMS 0x000000008c000000, 0x000000008c000000| Untracked 
|  41|0x000000008c100000, 0x000000008c100000, 0x000000008c200000|  0%| F|  |TAMS 0x000000008c100000, 0x000000008c100000| Untracked 
|  42|0x000000008c200000, 0x000000008c200000, 0x000000008c300000|  0%| F|  |TAMS 0x000000008c200000, 0x000000008c200000| Untracked 
|  43|0x000000008c300000, 0x000000008c300000, 0x000000008c400000|  0%| F|  |TAMS 0x000000008c300000, 0x000000008c300000| Untracked 
|  44|0x000000008c400000, 0x000000008c400000, 0x000000008c500000|  0%| F|  |TAMS 0x000000008c400000, 0x000000008c400000| Untracked 
|  45|0x000000008c500000, 0x000000008c500000, 0x000000008c600000|  0%| F|  |TAMS 0x000000008c500000, 0x000000008c500000| Untracked 
|  46|0x000000008c600000, 0x000000008c600000, 0x000000008c700000|  0%| F|  |TAMS 0x000000008c600000, 0x000000008c600000| Untracked 
|  47|0x000000008c700000, 0x000000008c700000, 0x000000008c800000|  0%| F|  |TAMS 0x000000008c700000, 0x000000008c700000| Untracked 
|  48|0x000000008c800000, 0x000000008c800000, 0x000000008c900000|  0%| F|  |TAMS 0x000000008c800000, 0x000000008c800000| Untracked 
|  49|0x000000008c900000, 0x000000008c900000, 0x000000008ca00000|  0%| F|  |TAMS 0x000000008c900000, 0x000000008c900000| Untracked 
|  50|0x000000008ca00000, 0x000000008ca00000, 0x000000008cb00000|  0%| F|  |TAMS 0x000000008ca00000, 0x000000008ca00000| Untracked 
|  51|0x000000008cb00000, 0x000000008cb00000, 0x000000008cc00000|  0%| F|  |TAMS 0x000000008cb00000, 0x000000008cb00000| Untracked 
|  52|0x000000008cc00000, 0x000000008cc00000, 0x000000008cd00000|  0%| F|  |TAMS 0x000000008cc00000, 0x000000008cc00000| Untracked 
|  53|0x000000008cd00000, 0x000000008cd00000, 0x000000008ce00000|  0%| F|  |TAMS 0x000000008cd00000, 0x000000008cd00000| Untracked 
|  54|0x000000008ce00000, 0x000000008ce00000, 0x000000008cf00000|  0%| F|  |TAMS 0x000000008ce00000, 0x000000008ce00000| Untracked 
|  55|0x000000008cf00000, 0x000000008cf00000, 0x000000008d000000|  0%| F|  |TAMS 0x000000008cf00000, 0x000000008cf00000| Untracked 
|  56|0x000000008d000000, 0x000000008d000000, 0x000000008d100000|  0%| F|  |TAMS 0x000000008d000000, 0x000000008d000000| Untracked 
|  57|0x000000008d100000, 0x000000008d100000, 0x000000008d200000|  0%| F|  |TAMS 0x000000008d100000, 0x000000008d100000| Untracked 
|  58|0x000000008d200000, 0x000000008d200000, 0x000000008d300000|  0%| F|  |TAMS 0x000000008d200000, 0x000000008d200000| Untracked 
|  59|0x000000008d300000, 0x000000008d300000, 0x000000008d400000|  0%| F|  |TAMS 0x000000008d300000, 0x000000008d300000| Untracked 
|  60|0x000000008d400000, 0x000000008d400000, 0x000000008d500000|  0%| F|  |TAMS 0x000000008d400000, 0x000000008d400000| Untracked 
|  61|0x000000008d500000, 0x000000008d500000, 0x000000008d600000|  0%| F|  |TAMS 0x000000008d500000, 0x000000008d500000| Untracked 
|  62|0x000000008d600000, 0x000000008d600000, 0x000000008d700000|  0%| F|  |TAMS 0x000000008d600000, 0x000000008d600000| Untracked 
|  63|0x000000008d700000, 0x000000008d700000, 0x000000008d800000|  0%| F|  |TAMS 0x000000008d700000, 0x000000008d700000| Untracked 
|  64|0x000000008d800000, 0x000000008d800000, 0x000000008d900000|  0%| F|  |TAMS 0x000000008d800000, 0x000000008d800000| Untracked 
|  65|0x000000008d900000, 0x000000008d900000, 0x000000008da00000|  0%| F|  |TAMS 0x000000008d900000, 0x000000008d900000| Untracked 
|  66|0x000000008da00000, 0x000000008da00000, 0x000000008db00000|  0%| F|  |TAMS 0x000000008da00000, 0x000000008da00000| Untracked 
|  67|0x000000008db00000, 0x000000008db00000, 0x000000008dc00000|  0%| F|  |TAMS 0x000000008db00000, 0x000000008db00000| Untracked 
|  68|0x000000008dc00000, 0x000000008dc00000, 0x000000008dd00000|  0%| F|  |TAMS 0x000000008dc00000, 0x000000008dc00000| Untracked 
|  69|0x000000008dd00000, 0x000000008dd00000, 0x000000008de00000|  0%| F|  |TAMS 0x000000008dd00000, 0x000000008dd00000| Untracked 
|  70|0x000000008de00000, 0x000000008de00000, 0x000000008df00000|  0%| F|  |TAMS 0x000000008de00000, 0x000000008de00000| Untracked 
|  71|0x000000008df00000, 0x000000008df00000, 0x000000008e000000|  0%| F|  |TAMS 0x000000008df00000, 0x000000008df00000| Untracked 
|  72|0x000000008e000000, 0x000000008e000000, 0x000000008e100000|  0%| F|  |TAMS 0x000000008e000000, 0x000000008e000000| Untracked 
|  73|0x000000008e100000, 0x000000008e100000, 0x000000008e200000|  0%| F|  |TAMS 0x000000008e100000, 0x000000008e100000| Untracked 
|  74|0x000000008e200000, 0x000000008e200000, 0x000000008e300000|  0%| F|  |TAMS 0x000000008e200000, 0x000000008e200000| Untracked 
|  75|0x000000008e300000, 0x000000008e300000, 0x000000008e400000|  0%| F|  |TAMS 0x000000008e300000, 0x000000008e300000| Untracked 
|  76|0x000000008e400000, 0x000000008e400000, 0x000000008e500000|  0%| F|  |TAMS 0x000000008e400000, 0x000000008e400000| Untracked 
|  77|0x000000008e500000, 0x000000008e500000, 0x000000008e600000|  0%| F|  |TAMS 0x000000008e500000, 0x000000008e500000| Untracked 
|  78|0x000000008e600000, 0x000000008e600000, 0x000000008e700000|  0%| F|  |TAMS 0x000000008e600000, 0x000000008e600000| Untracked 
|  79|0x000000008e700000, 0x000000008e700000, 0x000000008e800000|  0%| F|  |TAMS 0x000000008e700000, 0x000000008e700000| Untracked 
|  80|0x000000008e800000, 0x000000008e800000, 0x000000008e900000|  0%| F|  |TAMS 0x000000008e800000, 0x000000008e800000| Untracked 
|  81|0x000000008e900000, 0x000000008e900000, 0x000000008ea00000|  0%| F|  |TAMS 0x000000008e900000, 0x000000008e900000| Untracked 
|  82|0x000000008ea00000, 0x000000008ea00000, 0x000000008eb00000|  0%| F|  |TAMS 0x000000008ea00000, 0x000000008ea00000| Untracked 
|  83|0x000000008eb00000, 0x000000008eb00000, 0x000000008ec00000|  0%| F|  |TAMS 0x000000008eb00000, 0x000000008eb00000| Untracked 
|  84|0x000000008ec00000, 0x000000008ec00000, 0x000000008ed00000|  0%| F|  |TAMS 0x000000008ec00000, 0x000000008ec00000| Untracked 
|  85|0x000000008ed00000, 0x000000008ed00000, 0x000000008ee00000|  0%| F|  |TAMS 0x000000008ed00000, 0x000000008ed00000| Untracked 
|  86|0x000000008ee00000, 0x000000008ee00000, 0x000000008ef00000|  0%| F|  |TAMS 0x000000008ee00000, 0x000000008ee00000| Untracked 
|  87|0x000000008ef00000, 0x000000008ef00000, 0x000000008f000000|  0%| F|  |TAMS 0x000000008ef00000, 0x000000008ef00000| Untracked 
|  88|0x000000008f000000, 0x000000008f000000, 0x000000008f100000|  0%| F|  |TAMS 0x000000008f000000, 0x000000008f000000| Untracked 
|  89|0x000000008f100000, 0x000000008f100000, 0x000000008f200000|  0%| F|  |TAMS 0x000000008f100000, 0x000000008f100000| Untracked 
|  90|0x000000008f200000, 0x000000008f200000, 0x000000008f300000|  0%| F|  |TAMS 0x000000008f200000, 0x000000008f200000| Untracked 
|  91|0x000000008f300000, 0x000000008f300000, 0x000000008f400000|  0%| F|  |TAMS 0x000000008f300000, 0x000000008f300000| Untracked 
|  92|0x000000008f400000, 0x000000008f400000, 0x000000008f500000|  0%| F|  |TAMS 0x000000008f400000, 0x000000008f400000| Untracked 
|  93|0x000000008f500000, 0x000000008f500000, 0x000000008f600000|  0%| F|  |TAMS 0x000000008f500000, 0x000000008f500000| Untracked 
|  94|0x000000008f600000, 0x000000008f6dd2e0, 0x000000008f700000| 86%| S|CS|TAMS 0x000000008f600000, 0x000000008f600000| Complete 
|  95|0x000000008f700000, 0x000000008f800000, 0x000000008f800000|100%| S|CS|TAMS 0x000000008f700000, 0x000000008f700000| Complete 
|  96|0x000000008f800000, 0x000000008f900000, 0x000000008f900000|100%| S|CS|TAMS 0x000000008f800000, 0x000000008f800000| Complete 
|  97|0x000000008f900000, 0x000000008f900000, 0x000000008fa00000|  0%| F|  |TAMS 0x000000008f900000, 0x000000008f900000| Untracked 
|  98|0x000000008fa00000, 0x000000008fa00000, 0x000000008fb00000|  0%| F|  |TAMS 0x000000008fa00000, 0x000000008fa00000| Untracked 
|  99|0x000000008fb00000, 0x000000008fb00000, 0x000000008fc00000|  0%| F|  |TAMS 0x000000008fb00000, 0x000000008fb00000| Untracked 
| 100|0x000000008fc00000, 0x000000008fc00000, 0x000000008fd00000|  0%| F|  |TAMS 0x000000008fc00000, 0x000000008fc00000| Untracked 
| 101|0x000000008fd00000, 0x000000008fd00000, 0x000000008fe00000|  0%| F|  |TAMS 0x000000008fd00000, 0x000000008fd00000| Untracked 
| 102|0x000000008fe00000, 0x000000008fe00000, 0x000000008ff00000|  0%| F|  |TAMS 0x000000008fe00000, 0x000000008fe00000| Untracked 
| 103|0x000000008ff00000, 0x000000008ff00000, 0x0000000090000000|  0%| F|  |TAMS 0x000000008ff00000, 0x000000008ff00000| Untracked 
| 104|0x0000000090000000, 0x0000000090000000, 0x0000000090100000|  0%| F|  |TAMS 0x0000000090000000, 0x0000000090000000| Untracked 
| 105|0x0000000090100000, 0x0000000090100000, 0x0000000090200000|  0%| F|  |TAMS 0x0000000090100000, 0x0000000090100000| Untracked 
| 106|0x0000000090200000, 0x0000000090200000, 0x0000000090300000|  0%| F|  |TAMS 0x0000000090200000, 0x0000000090200000| Untracked 
| 107|0x0000000090300000, 0x0000000090300000, 0x0000000090400000|  0%| F|  |TAMS 0x0000000090300000, 0x0000000090300000| Untracked 
| 108|0x0000000090400000, 0x0000000090400000, 0x0000000090500000|  0%| F|  |TAMS 0x0000000090400000, 0x0000000090400000| Untracked 
| 109|0x0000000090500000, 0x0000000090500000, 0x0000000090600000|  0%| F|  |TAMS 0x0000000090500000, 0x0000000090500000| Untracked 
| 110|0x0000000090600000, 0x0000000090600000, 0x0000000090700000|  0%| F|  |TAMS 0x0000000090600000, 0x0000000090600000| Untracked 
| 111|0x0000000090700000, 0x0000000090700000, 0x0000000090800000|  0%| F|  |TAMS 0x0000000090700000, 0x0000000090700000| Untracked 
| 112|0x0000000090800000, 0x0000000090800000, 0x0000000090900000|  0%| F|  |TAMS 0x0000000090800000, 0x0000000090800000| Untracked 
| 113|0x0000000090900000, 0x0000000090900000, 0x0000000090a00000|  0%| F|  |TAMS 0x0000000090900000, 0x0000000090900000| Untracked 
| 114|0x0000000090a00000, 0x0000000090a00000, 0x0000000090b00000|  0%| F|  |TAMS 0x0000000090a00000, 0x0000000090a00000| Untracked 
| 115|0x0000000090b00000, 0x0000000090b00000, 0x0000000090c00000|  0%| F|  |TAMS 0x0000000090b00000, 0x0000000090b00000| Untracked 
| 116|0x0000000090c00000, 0x0000000090d00000, 0x0000000090d00000|100%| E|  |TAMS 0x0000000090c00000, 0x0000000090c00000| Complete 
| 117|0x0000000090d00000, 0x0000000090e00000, 0x0000000090e00000|100%| E|CS|TAMS 0x0000000090d00000, 0x0000000090d00000| Complete 
| 118|0x0000000090e00000, 0x0000000090f00000, 0x0000000090f00000|100%| E|CS|TAMS 0x0000000090e00000, 0x0000000090e00000| Complete 
| 119|0x0000000090f00000, 0x0000000091000000, 0x0000000091000000|100%| E|CS|TAMS 0x0000000090f00000, 0x0000000090f00000| Complete 

Card table byte_map: [0x0000015bfdd50000,0x0000015bfe110000] _byte_map_base: 0x0000015bfd904000

Marking Bits (Prev, Next): (CMBitMap*) 0x0000015bf551f4d0, (CMBitMap*) 0x0000015bf551f510
 Prev Bits: [0x0000015b8f000000, 0x0000015b90da0000)
 Next Bits: [0x0000015b90da0000, 0x0000015b92b40000)

Polling page: 0x0000015bf3350000

Metaspace:

Usage:
  Non-class:      6.53 MB used.
      Class:    741.62 KB used.
       Both:      7.25 MB used.

Virtual space:
  Non-class space:       64.00 MB reserved,       6.62 MB ( 10%) committed,  1 nodes.
      Class space:        1.00 GB reserved,     832.00 KB ( <1%) committed,  1 nodes.
             Both:        1.06 GB reserved,       7.44 MB ( <1%) committed. 

Chunk freelists:
   Non-Class:  2.54 MB
       Class:  3.09 MB
        Both:  5.63 MB

MaxMetaspaceSize: unlimited
CompressedClassSpaceSize: 1.00 GB
Initial GC threshold: 21.00 MB
Current GC threshold: 21.00 MB
CDS: on
MetaspaceReclaimPolicy: balanced
 - commit_granule_bytes: 65536.
 - commit_granule_words: 8192.
 - virtual_space_node_default_size: 8388608.
 - enlarge_chunks_in_place: 1.
 - new_chunks_are_fully_committed: 0.
 - uncommit_free_chunks: 1.
 - use_allocation_guard: 0.


Internal statistics:

num_allocs_failed_limit: 0.
num_arena_births: 38.
num_arena_deaths: 0.
num_vsnodes_births: 2.
num_vsnodes_deaths: 0.
num_space_committed: 119.
num_space_uncommitted: 0.
num_chunks_returned_to_freelist: 0.
num_chunks_taken_from_freelist: 259.
num_chunk_merges: 0.
num_chunk_splits: 219.
num_chunks_enlarged: 204.
num_inconsistent_stats: 0.

CodeHeap 'non-profiled nmethods': size=120000Kb used=242Kb max_used=242Kb free=119757Kb
 bounds [0x0000015b87ad0000, 0x0000015b87d40000, 0x0000015b8f000000]
CodeHeap 'profiled nmethods': size=120000Kb used=1422Kb max_used=1422Kb free=118578Kb
 bounds [0x0000015b80000000, 0x0000015b80270000, 0x0000015b87530000]
CodeHeap 'non-nmethods': size=5760Kb used=1241Kb max_used=1254Kb free=4519Kb
 bounds [0x0000015b87530000, 0x0000015b877a0000, 0x0000015b87ad0000]
 total_blobs=1304 nmethods=857 adapters=358
 compilation: enabled
              stopped_count=0, restarted_count=0
 full_count=0

Compilation events (20 events):
Event: 1.233 Thread 0x0000015bff124000  840       3       kotlin.reflect.jvm.internal.impl.protobuf.SmallSortedMap::binarySearchInArray (133 bytes)
Event: 1.233 Thread 0x0000015bff124000 nmethod 840 0x0000015b8015b610 code [0x0000015b8015b860, 0x0000015b8015c2a8]
Event: 1.233 Thread 0x0000015bff124000  842       3       java.util.Collections::unmodifiableList (51 bytes)
Event: 1.234 Thread 0x0000015bff124000 nmethod 842 0x0000015b8015c590 code [0x0000015b8015c7e0, 0x0000015b8015d378]
Event: 1.234 Thread 0x0000015bff124000  841       3       kotlin.reflect.jvm.internal.impl.metadata.ProtoBuf$ValueParameter::initFields (35 bytes)
Event: 1.234 Thread 0x0000015bff124000 nmethod 841 0x0000015b8015d610 code [0x0000015b8015d7c0, 0x0000015b8015da78]
Event: 1.234 Thread 0x0000015bff124000  843       3       kotlin.reflect.jvm.internal.impl.protobuf.ExtensionRegistryLite$ObjectIntPair::<init> (15 bytes)
Event: 1.235 Thread 0x0000015bff124000 nmethod 843 0x0000015b8015db90 code [0x0000015b8015dd40, 0x0000015b8015def8]
Event: 1.235 Thread 0x0000015bff124000  844       3       kotlin.reflect.jvm.internal.impl.protobuf.ExtensionRegistryLite$ObjectIntPair::hashCode (16 bytes)
Event: 1.235 Thread 0x0000015bff124000 nmethod 844 0x0000015b8015df90 code [0x0000015b8015e140, 0x0000015b8015e288]
Event: 1.235 Thread 0x0000015bff124000  846       3       kotlin.reflect.jvm.internal.impl.protobuf.FieldSet::getWireFormatForFieldType (11 bytes)
Event: 1.235 Thread 0x0000015bff124000 nmethod 846 0x0000015b8015e310 code [0x0000015b8015e4c0, 0x0000015b8015e6b8]
Event: 1.235 Thread 0x0000015bff124000  847   !   3       kotlin.reflect.jvm.internal.impl.metadata.ProtoBuf$ValueParameter::<init> (513 bytes)
Event: 1.235 Thread 0x0000015bff121ac0  850       4       kotlin.reflect.jvm.internal.impl.protobuf.CodedInputStream::recomputeBufferSizeAfterLimit (63 bytes)
Event: 1.236 Thread 0x0000015bff121ac0 nmethod 850 0x0000015b87b0ab10 code [0x0000015b87b0ac80, 0x0000015b87b0ad38]
Event: 1.236 Thread 0x0000015b98e53ff0  856       4       java.util.ArrayList::add (25 bytes)
Event: 1.237 Thread 0x0000015bff124000 nmethod 847 0x0000015b8015e790 code [0x0000015b8015ed80, 0x0000015b801621d8]
Event: 1.237 Thread 0x0000015bff124000  848   !   3       kotlin.reflect.jvm.internal.impl.metadata.ProtoBuf$Function::<init> (1410 bytes)
Event: 1.237 Thread 0x0000015bff121ac0  858       4       kotlin.reflect.jvm.internal.impl.protobuf.GeneratedMessageLite::makeExtensionsImmutable (1 bytes)
Event: 1.238 Thread 0x0000015bff121ac0 nmethod 858 0x0000015b87b0ae10 code [0x0000015b87b0af80, 0x0000015b87b0aff8]

GC Heap History (2 events):
Event: 1.176 GC heap before
{Heap before GC invocations=0 (full 0):
 garbage-first heap   total 122880K, used 26624K [0x0000000089800000, 0x0000000100000000)
  region size 1024K, 23 young (23552K), 0 survivors (0K)
 Metaspace       used 6745K, committed 6912K, reserved 1114112K
  class space    used 660K, committed 768K, reserved 1048576K
}
Event: 1.187 GC heap after
{Heap after GC invocations=1 (full 0):
 garbage-first heap   total 122880K, used 6004K [0x0000000089800000, 0x0000000100000000)
  region size 1024K, 3 young (3072K), 3 survivors (3072K)
 Metaspace       used 6745K, committed 6912K, reserved 1114112K
  class space    used 660K, committed 768K, reserved 1048576K
}

Dll operation events (6 events):
Event: 0.008 Loaded shared library C:\Program Files\Java\jdk-19\bin\java.dll
Event: 0.022 Loaded shared library C:\Program Files\Java\jdk-19\bin\jsvml.dll
Event: 0.078 Loaded shared library C:\Program Files\Java\jdk-19\bin\net.dll
Event: 0.384 Loaded shared library C:\Program Files\Java\jdk-19\bin\nio.dll
Event: 0.410 Loaded shared library C:\Program Files\Java\jdk-19\bin\zip.dll
Event: 0.857 Loaded shared library C:\Program Files\Java\jdk-19\bin\jimage.dll

Deoptimization events (20 events):
Event: 1.019 Thread 0x0000015bf54c0a70 DEOPT PACKING pc=0x0000015b87ae97d8 sp=0x00000058389fdea0
Event: 1.019 Thread 0x0000015bf54c0a70 DEOPT UNPACKING pc=0x0000015b87596da3 sp=0x00000058389fde48 mode 2
Event: 1.021 Thread 0x0000015bf54c0a70 Uncommon trap: trap_request=0xffffff45 fr.pc=0x0000015b87aea6dc relative=0x00000000000000bc
Event: 1.022 Thread 0x0000015bf54c0a70 Uncommon trap: reason=unstable_if action=reinterpret pc=0x0000015b87aea6dc method=java.util.concurrent.locks.ReentrantLock$Sync.tryRelease(I)Z @ 26 c2
Event: 1.022 Thread 0x0000015bf54c0a70 DEOPT PACKING pc=0x0000015b87aea6dc sp=0x00000058389fde60
Event: 1.022 Thread 0x0000015bf54c0a70 DEOPT UNPACKING pc=0x0000015b87596da3 sp=0x00000058389fde00 mode 2
Event: 1.022 Thread 0x0000015bf54c0a70 DEOPT PACKING pc=0x0000015b8004cda1 sp=0x00000058389fce50
Event: 1.022 Thread 0x0000015bf54c0a70 DEOPT UNPACKING pc=0x0000015b87597543 sp=0x00000058389fc358 mode 0
Event: 1.095 Thread 0x0000015bf54c0a70 Uncommon trap: trap_request=0xffffff3d fr.pc=0x0000015b87ae9a78 relative=0x0000000000000058
Event: 1.095 Thread 0x0000015bf54c0a70 Uncommon trap: reason=unstable_fused_if action=reinterpret pc=0x0000015b87ae9a78 method=java.lang.Integer.valueOf(I)Ljava/lang/Integer; @ 3 c2
Event: 1.095 Thread 0x0000015bf54c0a70 DEOPT PACKING pc=0x0000015b87ae9a78 sp=0x00000058389fda10
Event: 1.095 Thread 0x0000015bf54c0a70 DEOPT UNPACKING pc=0x0000015b87596da3 sp=0x00000058389fd9a8 mode 2
Event: 1.228 Thread 0x0000015bf54c0a70 Uncommon trap: trap_request=0xffffffc6 fr.pc=0x0000015b87b09568 relative=0x00000000000003e8
Event: 1.228 Thread 0x0000015bf54c0a70 Uncommon trap: reason=bimorphic_or_optimized_type_check action=maybe_recompile pc=0x0000015b87b09568 method=kotlin.reflect.jvm.internal.impl.protobuf.CodedInputStream.tryRefillBuffer(I)Z @ 175 c2
Event: 1.228 Thread 0x0000015bf54c0a70 DEOPT PACKING pc=0x0000015b87b09568 sp=0x00000058389fbe50
Event: 1.228 Thread 0x0000015bf54c0a70 DEOPT UNPACKING pc=0x0000015b87596da3 sp=0x00000058389fbd38 mode 2
Event: 1.238 Thread 0x0000015bf54c0a70 Uncommon trap: trap_request=0xffffffc6 fr.pc=0x0000015b87b09568 relative=0x00000000000003e8
Event: 1.238 Thread 0x0000015bf54c0a70 Uncommon trap: reason=bimorphic_or_optimized_type_check action=maybe_recompile pc=0x0000015b87b09568 method=kotlin.reflect.jvm.internal.impl.protobuf.CodedInputStream.tryRefillBuffer(I)Z @ 175 c2
Event: 1.238 Thread 0x0000015bf54c0a70 DEOPT PACKING pc=0x0000015b87b09568 sp=0x00000058389fbe50
Event: 1.238 Thread 0x0000015bf54c0a70 DEOPT UNPACKING pc=0x0000015b87596da3 sp=0x00000058389fbd38 mode 2

Classes loaded (20 events):
Event: 1.170 Loading class java/lang/invoke/DirectMethodHandle$StaticAccessor
Event: 1.170 Loading class java/lang/invoke/DirectMethodHandle$StaticAccessor done
Event: 1.187 Loading class java/util/concurrent/locks/AbstractQueuedSynchronizer$ExclusiveNode
Event: 1.187 Loading class java/util/concurrent/locks/AbstractQueuedSynchronizer$ExclusiveNode done
Event: 1.211 Loading class sun/reflect/generics/repository/ClassRepository
Event: 1.211 Loading class sun/reflect/generics/repository/GenericDeclRepository
Event: 1.211 Loading class sun/reflect/generics/repository/AbstractRepository
Event: 1.211 Loading class sun/reflect/generics/repository/AbstractRepository done
Event: 1.211 Loading class sun/reflect/generics/repository/GenericDeclRepository done
Event: 1.211 Loading class sun/reflect/generics/repository/ClassRepository done
Event: 1.211 Loading class java/lang/reflect/TypeVariable
Event: 1.211 Loading class java/lang/reflect/TypeVariable done
Event: 1.211 Loading class sun/reflect/generics/tree/FormalTypeParameter
Event: 1.211 Loading class sun/reflect/generics/tree/FormalTypeParameter done
Event: 1.211 Loading class sun/reflect/generics/tree/ClassSignature
Event: 1.212 Loading class sun/reflect/generics/tree/Signature
Event: 1.212 Loading class sun/reflect/generics/tree/Signature done
Event: 1.212 Loading class sun/reflect/generics/tree/ClassSignature done
Event: 1.213 Loading class java/lang/reflect/AnnotatedType
Event: 1.213 Loading class java/lang/reflect/AnnotatedType done

Classes unloaded (0 events):
No events

Classes redefined (0 events):
No events

Internal exceptions (4 events):
Event: 0.495 Thread 0x0000015bf54c0a70 Exception <a 'java/lang/NoSuchMethodError'{0x0000000090b70310}: 'java.lang.Object java.lang.invoke.DirectMethodHandle$Holder.invokeStaticInit(java.lang.Object)'> (0x0000000090b70310) 
thrown [s\open\src\hotspot\share\interpreter\linkResolver.cpp, line 774]
Event: 1.073 Thread 0x0000015bf54c0a70 Exception <a 'java/lang/NoSuchMethodError'{0x000000008fb4df68}: 'java.lang.Object java.lang.invoke.DirectMethodHandle$Holder.invokeInterface(java.lang.Object, java.lang.Object)'> (0x000000008fb4df68) 
thrown [s\open\src\hotspot\share\interpreter\linkResolver.cpp, line 774]
Event: 1.075 Thread 0x0000015bf54c0a70 Exception <a 'java/lang/NoSuchMethodError'{0x000000008fb54390}: 'int java.lang.invoke.DirectMethodHandle$Holder.invokeInterface(java.lang.Object, java.lang.Object)'> (0x000000008fb54390) 
thrown [s\open\src\hotspot\share\interpreter\linkResolver.cpp, line 774]
Event: 1.077 Thread 0x0000015bf54c0a70 Exception <a 'java/lang/NoSuchMethodError'{0x000000008fb58f30}: 'int java.lang.invoke.DirectMethodHandle$Holder.invokeSpecial(java.lang.Object, java.lang.Object, java.lang.Object)'> (0x000000008fb58f30) 
thrown [s\open\src\hotspot\share\interpreter\linkResolver.cpp, line 774]

VM Operations (10 events):
Event: 0.411 Executing VM operation: HandshakeAllThreads
Event: 0.411 Executing VM operation: HandshakeAllThreads done
Event: 0.582 Executing VM operation: HandshakeAllThreads
Event: 0.582 Executing VM operation: HandshakeAllThreads done
Event: 0.875 Executing VM operation: HandshakeAllThreads
Event: 0.875 Executing VM operation: HandshakeAllThreads done
Event: 1.176 Executing VM operation: G1CollectForAllocation
Event: 1.187 Executing VM operation: G1CollectForAllocation done
Event: 1.187 Executing VM operation: HandshakeAllThreads
Event: 1.187 Executing VM operation: HandshakeAllThreads done

Events (15 events):
Event: 0.022 Thread 0x0000015bf54c0a70 Thread added: 0x0000015bf54c0a70
Event: 0.039 Thread 0x0000015bff11c7a0 Thread added: 0x0000015bff11c7a0
Event: 0.039 Thread 0x0000015bff11d390 Thread added: 0x0000015bff11d390
Event: 0.039 Thread 0x0000015bff11e2c0 Thread added: 0x0000015bff11e2c0
Event: 0.039 Thread 0x0000015bff11fc00 Thread added: 0x0000015bff11fc00
Event: 0.039 Thread 0x0000015bff120530 Thread added: 0x0000015bff120530
Event: 0.039 Thread 0x0000015bff120e60 Thread added: 0x0000015bff120e60
Event: 0.039 Thread 0x0000015bff121ac0 Thread added: 0x0000015bff121ac0
Event: 0.040 Thread 0x0000015bff124000 Thread added: 0x0000015bff124000
Event: 0.040 Thread 0x0000015bff126d90 Thread added: 0x0000015bff126d90
Event: 0.069 Thread 0x0000015b98dfd7b0 Thread added: 0x0000015b98dfd7b0
Event: 0.073 Thread 0x0000015b98e035e0 Thread added: 0x0000015b98e035e0
Event: 0.398 Thread 0x0000015b98e53ff0 Thread added: 0x0000015b98e53ff0
Event: 0.653 Thread 0x0000015b997f2340 Thread added: 0x0000015b997f2340
Event: 0.972 Thread 0x0000015b997f2340 Thread exited: 0x0000015b997f2340


Dynamic libraries:
0x00007ff7d1e90000 - 0x00007ff7d1ea0000 	C:\Program Files\Java\jdk-19\bin\java.exe
0x00007ffc34810000 - 0x00007ffc34a08000 	C:\Windows\SYSTEM32\ntdll.dll
0x00007ffc331c0000 - 0x00007ffc3327d000 	C:\Windows\System32\KERNEL32.DLL
0x00007ffc32130000 - 0x00007ffc32402000 	C:\Windows\System32\KERNELBASE.dll
0x00007ffc32030000 - 0x00007ffc32130000 	C:\Windows\System32\ucrtbase.dll
0x00007ffc27400000 - 0x00007ffc27418000 	C:\Program Files\Java\jdk-19\bin\jli.dll
0x00007ffc2a8e0000 - 0x00007ffc2a8fb000 	C:\Program Files\Java\jdk-19\bin\VCRUNTIME140.dll
0x00007ffc33c50000 - 0x00007ffc33cfe000 	C:\Windows\System32\ADVAPI32.dll
0x00007ffc32d30000 - 0x00007ffc32dce000 	C:\Windows\System32\msvcrt.dll
0x00007ffc32e30000 - 0x00007ffc32ecc000 	C:\Windows\System32\sechost.dll
0x00007ffc33d00000 - 0x00007ffc33e25000 	C:\Windows\System32\RPCRT4.dll
0x00007ffc34630000 - 0x00007ffc347cd000 	C:\Windows\System32\USER32.dll
0x00007ffc32410000 - 0x00007ffc32432000 	C:\Windows\System32\win32u.dll
0x00007ffc205f0000 - 0x00007ffc2088a000 	C:\Windows\WinSxS\amd64_microsoft.windows.common-controls_6595b64144ccf1df_6.0.19041.1110_none_60b5254171f9507e\COMCTL32.dll
0x00007ffc33c20000 - 0x00007ffc33c4b000 	C:\Windows\System32\GDI32.dll
0x00007ffc32440000 - 0x00007ffc3254f000 	C:\Windows\System32\gdi32full.dll
0x00007ffc31f20000 - 0x00007ffc31fbd000 	C:\Windows\System32\msvcp_win.dll
0x00007ffc279a0000 - 0x00007ffc279aa000 	C:\Windows\SYSTEM32\VERSION.dll
0x00007ffc32870000 - 0x00007ffc328a0000 	C:\Windows\System32\IMM32.DLL
0x00007ffc2ab80000 - 0x00007ffc2ab8c000 	C:\Program Files\Java\jdk-19\bin\vcruntime140_1.dll
0x00007ffbfa0d0000 - 0x00007ffbfa15e000 	C:\Program Files\Java\jdk-19\bin\msvcp140.dll
0x00007ffbeaf60000 - 0x00007ffbebc20000 	C:\Program Files\Java\jdk-19\bin\server\jvm.dll
0x00007ffc2a1f0000 - 0x00007ffc2a1f9000 	C:\Windows\SYSTEM32\WSOCK32.dll
0x00007ffc33b50000 - 0x00007ffc33bbb000 	C:\Windows\System32\WS2_32.dll
0x00007ffc27970000 - 0x00007ffc27997000 	C:\Windows\SYSTEM32\WINMM.dll
0x00007ffc2fde0000 - 0x00007ffc2fdf2000 	C:\Windows\SYSTEM32\kernel.appcore.dll
0x00007ffc272a0000 - 0x00007ffc272aa000 	C:\Program Files\Java\jdk-19\bin\jimage.dll
0x00007ffc27b90000 - 0x00007ffc27d74000 	C:\Windows\SYSTEM32\DBGHELP.DLL
0x00007ffc27820000 - 0x00007ffc2784c000 	C:\Windows\SYSTEM32\dbgcore.DLL
0x00007ffc32580000 - 0x00007ffc32602000 	C:\Windows\System32\bcryptPrimitives.dll
0x00007ffc0e4c0000 - 0x00007ffc0e4e6000 	C:\Program Files\Java\jdk-19\bin\java.dll
0x00007ffbf5000000 - 0x00007ffbf50d7000 	C:\Program Files\Java\jdk-19\bin\jsvml.dll
0x00007ffc33280000 - 0x00007ffc339c3000 	C:\Windows\System32\SHELL32.dll
0x00007ffc2ffe0000 - 0x00007ffc30771000 	C:\Windows\SYSTEM32\windows.storage.dll
0x00007ffc328a0000 - 0x00007ffc32bf4000 	C:\Windows\System32\combase.dll
0x00007ffc31910000 - 0x00007ffc31940000 	C:\Windows\SYSTEM32\Wldp.dll
0x00007ffc33fe0000 - 0x00007ffc3408d000 	C:\Windows\System32\SHCORE.dll
0x00007ffc33e40000 - 0x00007ffc33e95000 	C:\Windows\System32\shlwapi.dll
0x00007ffc31e60000 - 0x00007ffc31e7f000 	C:\Windows\SYSTEM32\profapi.dll
0x00007ffc13570000 - 0x00007ffc13583000 	C:\Program Files\Java\jdk-19\bin\net.dll
0x00007ffc28e80000 - 0x00007ffc28f8d000 	C:\Windows\SYSTEM32\WINHTTP.dll
0x00007ffc17790000 - 0x00007ffc1779b000 	C:\Program Files\Common Files\SocksEscort\escortdrv.dll
0x00007ffc33090000 - 0x00007ffc331ba000 	C:\Windows\System32\ole32.dll
0x00007ffc17750000 - 0x00007ffc17782000 	C:\Program Files\Common Files\SocksEscort\escengine.dll
0x00007ffc31600000 - 0x00007ffc3166a000 	C:\Windows\system32\mswsock.dll
0x00007ffc0daa0000 - 0x00007ffc0dab6000 	C:\Program Files\Java\jdk-19\bin\nio.dll
0x00007ffc0d8b0000 - 0x00007ffc0d8c8000 	C:\Program Files\Java\jdk-19\bin\zip.dll

dbghelp: loaded successfully - version: 4.0.5 - missing functions: none
symbol engine: initialized successfully - sym options: 0x614 - pdb path: .;C:\Program Files\Java\jdk-19\bin;C:\Windows\SYSTEM32;C:\Windows\WinSxS\amd64_microsoft.windows.common-controls_6595b64144ccf1df_6.0.19041.1110_none_60b5254171f9507e;C:\Program Files\Java\jdk-19\bin\server;C:\Program Files\Common Files\SocksEscort

VM Arguments:
java_command: org.jetbrains.kotlin.cli.jvm.K2JVMCompiler @D:\study\da_nen_tang\facebook-app-clone\node_modules\react-native-gesture-handler\android\build\20240104_7644086041604196683.compiler.options
java_class_path (initial): C:\Users\ADMIN\.gradle\caches\modules-2\files-2.1\org.jetbrains.kotlin\kotlin-compiler-embeddable\1.6.21\97bdd5a752ce73b58ef16c17bc7f0ea2faff7a2e\kotlin-compiler-embeddable-1.6.21.jar;C:\Users\ADMIN\.gradle\caches\modules-2\files-2.1\org.jetbrains.kotlin\kotlin-reflect\1.6.21\5dc3574d9b7bebfcb4ec6b10ada4aaa9e140bd0b\kotlin-reflect-1.6.21.jar;C:\Users\ADMIN\.gradle\caches\modules-2\files-2.1\org.jetbrains.kotlin\kotlin-stdlib\1.6.21\11ef67f1900634fd951bad28c53ec957fabbe5b8\kotlin-stdlib-1.6.21.jar;C:\Users\ADMIN\.gradle\caches\modules-2\files-2.1\org.jetbrains.kotlin\kotlin-script-runtime\1.6.21\99c6675100da5d6d5b1c5a1032f27f28008d101b\kotlin-script-runtime-1.6.21.jar;C:\Users\ADMIN\.gradle\caches\modules-2\files-2.1\org.jetbrains.kotlin\kotlin-daemon-embeddable\1.6.21\46b78cf392e1c4f10854c3cadba44abb7b82250f\kotlin-daemon-embeddable-1.6.21.jar;C:\Users\ADMIN\.gradle\caches\modules-2\files-2.1\org.jetbrains.intellij.deps\trove4j\1.0.20200330\3afb14d5f9ceb459d724e907a21145e8ff394f02\trove4j-1.0.20200330.jar;C:\Users\ADMIN\.gradle\caches\modules-2\files-2.1\net.java.dev.jna\jna\5.6.0\330f2244e9030119ab3030fc3fededc86713d9cc\jna-5.6.0.jar;C:\Users\ADMIN\.gradle\caches\modules-2\files-2.1\org.jetbrains.kotlin\kotlin-stdlib-common\1.6.21\5e5b55c26dbc80372a920aef60eb774b714559b8\kotlin-stdlib-common-1.6.21.jar;C:\Users\ADMIN\.gradle\caches\modules-2\files-2.1\org.jetbrains\annotations\13.0\919f0dfe192fb4e063e7dacadee7f8bb9a2672a9\annotations-13.0.jar
Launcher Type: SUN_STANDARD

[Global flags]
     intx CICompilerCount                          = 4                                         {product} {ergonomic}
     uint ConcGCThreads                            = 3                                         {product} {ergonomic}
     uint G1ConcRefinementThreads                  = 10                                        {product} {ergonomic}
   size_t G1HeapRegionSize                         = 1048576                                   {product} {ergonomic}
    uintx GCDrainStackTargetSize                   = 64                                        {product} {ergonomic}
   size_t InitialHeapSize                          = 125829120                                 {product} {ergonomic}
   size_t MarkStackSize                            = 4194304                                   {product} {ergonomic}
   size_t MaxHeapSize                              = 1988100096                                {product} {ergonomic}
   size_t MaxNewSize                               = 1192230912                                {product} {ergonomic}
   size_t MinHeapDeltaBytes                        = 1048576                                   {product} {ergonomic}
   size_t MinHeapSize                              = 8388608                                   {product} {ergonomic}
    uintx NonNMethodCodeHeapSize                   = 5839372                                {pd product} {ergonomic}
    uintx NonProfiledCodeHeapSize                  = 122909434                              {pd product} {ergonomic}
    uintx ProfiledCodeHeapSize                     = 122909434                              {pd product} {ergonomic}
    uintx ReservedCodeCacheSize                    = 251658240                              {pd product} {ergonomic}
     bool SegmentedCodeCache                       = true                                      {product} {ergonomic}
   size_t SoftMaxHeapSize                          = 1988100096                             {manageable} {ergonomic}
     bool UseCompressedClassPointers               = true                           {product lp64_product} {ergonomic}
     bool UseCompressedOops                        = true                           {product lp64_product} {ergonomic}
     bool UseG1GC                                  = true                                      {product} {ergonomic}
     bool UseLargePagesIndividualAllocation        = false                                  {pd product} {ergonomic}

Logging:
Log output configuration:
 #0: stdout all=warning uptime,level,tags foldmultilines=false
 #1: stderr all=off uptime,level,tags foldmultilines=false

Environment Variables:
JAVA_HOME=C:\Program Files\Java\jdk-19
CLASSPATH=D:\study\da_nen_tang\facebook-app-clone\android\\gradle\wrapper\gradle-wrapper.jar
PATH=D:\study\da_nen_tang\facebook-app-clone\node_modules\.bin;D:\study\da_nen_tang\node_modules\.bin;D:\study\node_modules\.bin;D:\node_modules\.bin;C:\Users\ADMIN\AppData\Roaming\nvm\v16.15.0\node_modules\npm\node_modules\@npmcli\run-script\lib\node-gyp-bin;C:\Users\ADMIN\AppData\Local\Temp\yarn--1704381234538-0.9239813843954481;D:\study\da_nen_tang\facebook-app-clone\node_modules\.bin;C:\Users\ADMIN\AppData\Local\Yarn\Data\link\node_modules\.bin;C:\Users\ADMIN\AppData\Local\Yarn\bin;C:\Program Files\libexec\lib\node_modules\npm\bin\node-gyp-bin;C:\Program Files\lib\node_modules\npm\bin\node-gyp-bin;C:\Program Files\nodejs\node_modules\npm\bin\node-gyp-bin;C:\Program Files\Common Files\Oracle\Java\javapath;C:\Windows\system32;C:\Windows;C:\Windows\System32\Wbem;C:\Windows\System32\WindowsPowerShell\v1.0\;C:\Windows\System32\OpenSSH\;C:\Program Files\Java\jdk-19\bin;C:\Program Files\Git\cmd;C:\MinGW\bin;C:\Users\ADMIN\AppData\Roaming\nvm;C:\Program Files\nodejs;C:\Users\ADMIN\AppData\Local\Android\Sdk\platform-tools;C:\Program Files\MySQL\MySQL Shell 8.0\bin\;C:\Users\ADMIN\AppData\Local\Microsoft\WindowsApps;C:\Users\ADMIN\AppData\Local\Programs\Microsoft VS Code\bin;C:\Users\ADMIN\AppData\Local\Programs\Python\Python311;C:\Users\ADMIN\AppData\Local\Programs\Python\Python311\Scripts;C:\Users\ADMIN\AppData\Roaming\npm;C:\Users\ADMIN\AppData\Local\Programs\EmEditor;C:\Users\ADMIN\AppData\Roaming\nvm;C:\Program Files\nodejs;
USERNAME=ADMIN
LANG=en_US.UTF-8
OS=Windows_NT
PROCESSOR_IDENTIFIER=AMD64 Family 23 Model 96 Stepping 1, AuthenticAMD
TMP=C:\Users\ADMIN\AppData\Local\Temp
TEMP=C:\Users\ADMIN\AppData\Local\Temp



---------------  S Y S T E M  ---------------

OS:
 Windows 10 , 64 bit Build 19041 (10.0.19041.1889)
OS uptime: 0 days 8:45 hours

CPU: total 12 (initial active 12) (12 cores per cpu, 2 threads per core) family 23 model 96 stepping 1 microcode 0x0, cx8, cmov, fxsr, ht, mmx, 3dnowpref, sse, sse2, sse3, ssse3, sse4a, sse4.1, sse4.2, popcnt, lzcnt, tsc, tscinvbit, avx, avx2, aes, clmul, bmi1, bmi2, adx, sha, fma, vzeroupper, clflush, clflushopt, rdtscp, rdpid

Memory: 4k page, system-wide physical 7579M (704M free)
TotalPageFile size 11675M (AvailPageFile size 234M)
current process WorkingSet (physical memory assigned to process): 77M, peak: 77M
current process commit charge ("private bytes"): 220M, peak: 220M

vm_info: Java HotSpot(TM) 64-Bit Server VM (19.0.1+10-21) for windows-amd64 JRE (19.0.1+10-21), built on 2022-09-14T12:45:06Z by "mach5one" with MS VC++ 17.1 (VS2022)

END.
