#
# There is insufficient memory for the Java Runtime Environment to continue.
# Native memory allocation (malloc) failed to allocate 1871424 bytes for Chunk::new
# Possible reasons:
#   The system is out of physical RAM or swap space
#   The process is running with CompressedOops enabled, and the Java Heap may be blocking the growth of the native heap
# Possible solutions:
#   Reduce memory load on the system
#   Increase physical memory or swap space
#   Check if swap backing store is full
#   Decrease Java heap size (-Xmx/-Xms)
#   Decrease number of Java threads
#   Decrease Java thread stack sizes (-Xss)
#   Set larger code cache with -XX:ReservedCodeCacheSize=
#   JVM is running with Unscaled Compressed Oops mode in which the Java heap is
#     placed in the first 4GB address space. The Java Heap base address is the
#     maximum limit for the native heap growth. Please use -XX:HeapBaseMinAddress
#     to set the Java Heap base and to place the Java Heap above 4GB virtual address.
# This output file may be truncated or incomplete.
#
#  Out of Memory Error (arena.cpp:184), pid=9620, tid=7464
#
# JRE version: Java(TM) SE Runtime Environment (19.0.1+10) (build 19.0.1+10-21)
# Java VM: Java HotSpot(TM) 64-Bit Server VM (19.0.1+10-21, mixed mode, sharing, tiered, compressed oops, compressed class ptrs, g1 gc, windows-amd64)
# No core dump will be written. Minidumps are not enabled by default on client versions of Windows
#

---------------  S U M M A R Y ------------

Command Line: org.jetbrains.kotlin.cli.jvm.K2JVMCompiler @D:\study\da_nen_tang\facebook-app-clone\node_modules\@react-native\gradle-plugin\build\20231128_10395611145252509264.compiler.options

Host: AMD Ryzen 5 4600H with Radeon Graphics         , 12 cores, 7G,  Windows 10 , 64 bit Build 19041 (10.0.19041.1889)
Time: Tue Nov 28 18:18:41 2023 SE Asia Standard Time elapsed time: 1.647782 seconds (0d 0h 0m 1s)

---------------  T H R E A D  ---------------

Current thread (0x000002a8b0d169b0):  JavaThread "C2 CompilerThread0" daemon [_thread_in_native, id=7464, stack(0x000000eaac500000,0x000000eaac600000)]


Current CompileTask:
C2:   1647 1989   !   4       jdk.internal.loader.BuiltinClassLoader::loadClassOrNull (143 bytes)

Stack: [0x000000eaac500000,0x000000eaac600000]
Native frames: (J=compiled Java code, j=interpreted, Vv=VM code, C=native code)
V  [jvm.dll+0x6ee8fa]
V  [jvm.dll+0x857a1e]
V  [jvm.dll+0x85940e]
V  [jvm.dll+0x859ac3]
V  [jvm.dll+0x28291f]
V  [jvm.dll+0xc9b5f]
V  [jvm.dll+0xc9ee5]
V  [jvm.dll+0x3bcbac]
V  [jvm.dll+0x1ee31a]
V  [jvm.dll+0x24c41b]
V  [jvm.dll+0x24b671]
V  [jvm.dll+0x1d6d61]
V  [jvm.dll+0x25b0fa]
V  [jvm.dll+0x259588]
V  [jvm.dll+0x807928]
V  [jvm.dll+0x8015fa]
V  [jvm.dll+0x6ed5eb]
C  [ucrtbase.dll+0x21bb2]
C  [KERNEL32.DLL+0x17034]
C  [ntdll.dll+0x526a1]


---------------  P R O C E S S  ---------------

Threads class SMR info:
_java_thread_list=0x000002a8b50da000, length=13, elements={
0x000002a8905dc090, 0x000002a8b0cfde60, 0x000002a8b0cfea50, 0x000002a8b0d00040,
0x000002a8b0d01980, 0x000002a8b0d022b0, 0x000002a8b0d02d20, 0x000002a8b0d169b0,
0x000002a8b0d1a350, 0x000002a8b0d0bb90, 0x000002a8b50f8c10, 0x000002a8b511c9f0,
0x000002a8b51ef2e0
}

Java Threads: ( => current thread )
  0x000002a8905dc090 JavaThread "main" [_thread_in_vm, id=13364, stack(0x000000eaab800000,0x000000eaab900000)]
  0x000002a8b0cfde60 JavaThread "Reference Handler" daemon [_thread_blocked, id=9756, stack(0x000000eaabf00000,0x000000eaac000000)]
  0x000002a8b0cfea50 JavaThread "Finalizer" daemon [_thread_blocked, id=12856, stack(0x000000eaac000000,0x000000eaac100000)]
  0x000002a8b0d00040 JavaThread "Signal Dispatcher" daemon [_thread_blocked, id=896, stack(0x000000eaac100000,0x000000eaac200000)]
  0x000002a8b0d01980 JavaThread "Attach Listener" daemon [_thread_blocked, id=12780, stack(0x000000eaac200000,0x000000eaac300000)]
  0x000002a8b0d022b0 JavaThread "Service Thread" daemon [_thread_blocked, id=5508, stack(0x000000eaac300000,0x000000eaac400000)]
  0x000002a8b0d02d20 JavaThread "Monitor Deflation Thread" daemon [_thread_blocked, id=548, stack(0x000000eaac400000,0x000000eaac500000)]
=>0x000002a8b0d169b0 JavaThread "C2 CompilerThread0" daemon [_thread_in_native, id=7464, stack(0x000000eaac500000,0x000000eaac600000)]
  0x000002a8b0d1a350 JavaThread "C1 CompilerThread0" daemon [_thread_blocked, id=14652, stack(0x000000eaac600000,0x000000eaac700000)]
  0x000002a8b0d0bb90 JavaThread "Sweeper thread" daemon [_thread_blocked, id=11816, stack(0x000000eaac700000,0x000000eaac800000)]
  0x000002a8b50f8c10 JavaThread "Notification Thread" daemon [_thread_blocked, id=6612, stack(0x000000eaac800000,0x000000eaac900000)]
  0x000002a8b511c9f0 JavaThread "Common-Cleaner" daemon [_thread_blocked, id=12404, stack(0x000000eaaca00000,0x000000eaacb00000)]
  0x000002a8b51ef2e0 JavaThread "C2 CompilerThread1" daemon [_thread_blocked, id=14856, stack(0x000000eaacc00000,0x000000eaacd00000)]

Other Threads:
  0x000002a8b0ce3ed0 VMThread "VM Thread" [stack: 0x000000eaabe00000,0x000000eaabf00000] [id=11012]
  0x000002a8b511b580 WatcherThread "VM Periodic Task Thread" [stack: 0x000000eaac900000,0x000000eaaca00000] [id=4980]
  0x000002a89063b560 WorkerThread "GC Thread#0" [stack: 0x000000eaab900000,0x000000eaaba00000] [id=5372]
  0x000002a8b5b5e990 WorkerThread "GC Thread#1" [stack: 0x000000eaacd00000,0x000000eaace00000] [id=10264]
  0x000002a8b5b5d8b0 WorkerThread "GC Thread#2" [stack: 0x000000eaace00000,0x000000eaacf00000] [id=12100]
  0x000002a8b5b5f200 WorkerThread "GC Thread#3" [stack: 0x000000eaacf00000,0x000000eaad000000] [id=10416]
  0x000002a8b5b5e6c0 WorkerThread "GC Thread#4" [stack: 0x000000eaad000000,0x000000eaad100000] [id=10140]
  0x000002a8b5b5ec60 WorkerThread "GC Thread#5" [stack: 0x000000eaad100000,0x000000eaad200000] [id=1800]
  0x000002a8b5b5ef30 WorkerThread "GC Thread#6" [stack: 0x000000eaad200000,0x000000eaad300000] [id=11844]
  0x000002a8b5b5f4d0 WorkerThread "GC Thread#7" [stack: 0x000000eaad300000,0x000000eaad400000] [id=13004]
  0x000002a8b5b5db80 WorkerThread "GC Thread#8" [stack: 0x000000eaad400000,0x000000eaad500000] [id=3508]
  0x000002a8b5b5de50 WorkerThread "GC Thread#9" [stack: 0x000000eaad500000,0x000000eaad600000] [id=14256]
  0x000002a89064b360 ConcurrentGCThread "G1 Main Marker" [stack: 0x000000eaaba00000,0x000000eaabb00000] [id=2960]
  0x000002a89064d540 WorkerThread "G1 Conc#0" [stack: 0x000000eaabb00000,0x000000eaabc00000] [id=7268]
  0x000002a8b0ba1550 ConcurrentGCThread "G1 Refine#0" [stack: 0x000000eaabc00000,0x000000eaabd00000] [id=4324]
  0x000002a8b0ba1d40 ConcurrentGCThread "G1 Service" [stack: 0x000000eaabd00000,0x000000eaabe00000] [id=4900]

Threads with active compile tasks:
C2 CompilerThread0     1662 1989   !   4       jdk.internal.loader.BuiltinClassLoader::loadClassOrNull (143 bytes)

VM state: not at safepoint (normal execution)

VM Mutex/Monitor currently owned by a thread: None

Heap address: 0x0000000089800000, size: 1896 MB, Compressed Oops mode: 32-bit

CDS archive(s) mapped at: [0x0000000800000000-0x0000000800c40000-0x0000000800c40000), size 12845056, SharedBaseAddress: 0x0000000800000000, ArchiveRelocationMode: 0.
Compressed class space mapped at: 0x0000000801000000-0x0000000841000000, reserved size: 1073741824
Narrow klass base: 0x0000000800000000, Narrow klass shift: 0, Narrow klass range: 0x100000000

GC Precious Log:
 CardTable entry size: 512
 Card Set container configuration: InlinePtr #cards 5 size 8 Array Of Cards #cards 12 size 40 Howl #buckets 4 coarsen threshold 1843 Howl Bitmap #cards 512 size 80 coarsen threshold 460 Card regions per heap region 1 cards per card region 2048
 CPUs: 12 total, 12 available
 Memory: 7579M
 Large Page Support: Disabled
 NUMA Support: Disabled
 Compressed Oops: Enabled (32-bit)
 Heap Region Size: 1M
 Heap Min Capacity: 8M
 Heap Initial Capacity: 120M
 Heap Max Capacity: 1896M
 Pre-touch: Disabled
 Parallel Workers: 10
 Concurrent Workers: 3
 Concurrent Refinement Workers: 10
 Periodic GC: Disabled

Heap:
 garbage-first heap   total 122880K, used 39759K [0x0000000089800000, 0x0000000100000000)
  region size 1024K, 29 young (29696K), 4 survivors (4096K)
 Metaspace       used 20107K, committed 20416K, reserved 1114112K
  class space    used 2249K, committed 2432K, reserved 1048576K

Heap Regions: E=young(eden), S=young(survivor), O=old, HS=humongous(starts), HC=humongous(continues), CS=collection set, F=free, OA=open archive, CA=closed archive, TAMS=top-at-mark-start (previous, next)
|   0|0x0000000089800000, 0x0000000089900000, 0x0000000089900000|100%|HS|  |TAMS 0x0000000089800000, 0x0000000089800000| Complete 
|   1|0x0000000089900000, 0x0000000089a00000, 0x0000000089a00000|100%|HC|  |TAMS 0x0000000089900000, 0x0000000089900000| Complete 
|   2|0x0000000089a00000, 0x0000000089b00000, 0x0000000089b00000|100%|HC|  |TAMS 0x0000000089a00000, 0x0000000089a00000| Complete 
|   3|0x0000000089b00000, 0x0000000089c00000, 0x0000000089c00000|100%|HC|  |TAMS 0x0000000089b00000, 0x0000000089b00000| Complete 
|   4|0x0000000089c00000, 0x0000000089d00000, 0x0000000089d00000|100%| O|  |TAMS 0x0000000089c00000, 0x0000000089c00000| Untracked 
|   5|0x0000000089d00000, 0x0000000089e00000, 0x0000000089e00000|100%| O|  |TAMS 0x0000000089d00000, 0x0000000089d00000| Untracked 
|   6|0x0000000089e00000, 0x0000000089f00000, 0x0000000089f00000|100%| O|  |TAMS 0x0000000089e00000, 0x0000000089e00000| Untracked 
|   7|0x0000000089f00000, 0x0000000089f21a00, 0x000000008a000000| 13%| O|  |TAMS 0x0000000089f00000, 0x0000000089f00000| Untracked 
|   8|0x000000008a000000, 0x000000008a100000, 0x000000008a100000|100%|HS|  |TAMS 0x000000008a000000, 0x000000008a000000| Complete 
|   9|0x000000008a100000, 0x000000008a200000, 0x000000008a200000|100%|HC|  |TAMS 0x000000008a100000, 0x000000008a100000| Complete 
|  10|0x000000008a200000, 0x000000008a300000, 0x000000008a300000|100%|HC|  |TAMS 0x000000008a200000, 0x000000008a200000| Complete 
|  11|0x000000008a300000, 0x000000008a400000, 0x000000008a400000|100%|HC|  |TAMS 0x000000008a300000, 0x000000008a300000| Complete 
|  12|0x000000008a400000, 0x000000008a400000, 0x000000008a500000|  0%| F|  |TAMS 0x000000008a400000, 0x000000008a400000| Untracked 
|  13|0x000000008a500000, 0x000000008a500000, 0x000000008a600000|  0%| F|  |TAMS 0x000000008a500000, 0x000000008a500000| Untracked 
|  14|0x000000008a600000, 0x000000008a600000, 0x000000008a700000|  0%| F|  |TAMS 0x000000008a600000, 0x000000008a600000| Untracked 
|  15|0x000000008a700000, 0x000000008a700000, 0x000000008a800000|  0%| F|  |TAMS 0x000000008a700000, 0x000000008a700000| Untracked 
|  16|0x000000008a800000, 0x000000008a800000, 0x000000008a900000|  0%| F|  |TAMS 0x000000008a800000, 0x000000008a800000| Untracked 
|  17|0x000000008a900000, 0x000000008a900000, 0x000000008aa00000|  0%| F|  |TAMS 0x000000008a900000, 0x000000008a900000| Untracked 
|  18|0x000000008aa00000, 0x000000008aa00000, 0x000000008ab00000|  0%| F|  |TAMS 0x000000008aa00000, 0x000000008aa00000| Untracked 
|  19|0x000000008ab00000, 0x000000008ab00000, 0x000000008ac00000|  0%| F|  |TAMS 0x000000008ab00000, 0x000000008ab00000| Untracked 
|  20|0x000000008ac00000, 0x000000008ac00000, 0x000000008ad00000|  0%| F|  |TAMS 0x000000008ac00000, 0x000000008ac00000| Untracked 
|  21|0x000000008ad00000, 0x000000008ad00000, 0x000000008ae00000|  0%| F|  |TAMS 0x000000008ad00000, 0x000000008ad00000| Untracked 
|  22|0x000000008ae00000, 0x000000008ae00000, 0x000000008af00000|  0%| F|  |TAMS 0x000000008ae00000, 0x000000008ae00000| Untracked 
|  23|0x000000008af00000, 0x000000008af00000, 0x000000008b000000|  0%| F|  |TAMS 0x000000008af00000, 0x000000008af00000| Untracked 
|  24|0x000000008b000000, 0x000000008b000000, 0x000000008b100000|  0%| F|  |TAMS 0x000000008b000000, 0x000000008b000000| Untracked 
|  25|0x000000008b100000, 0x000000008b100000, 0x000000008b200000|  0%| F|  |TAMS 0x000000008b100000, 0x000000008b100000| Untracked 
|  26|0x000000008b200000, 0x000000008b200000, 0x000000008b300000|  0%| F|  |TAMS 0x000000008b200000, 0x000000008b200000| Untracked 
|  27|0x000000008b300000, 0x000000008b300000, 0x000000008b400000|  0%| F|  |TAMS 0x000000008b300000, 0x000000008b300000| Untracked 
|  28|0x000000008b400000, 0x000000008b400000, 0x000000008b500000|  0%| F|  |TAMS 0x000000008b400000, 0x000000008b400000| Untracked 
|  29|0x000000008b500000, 0x000000008b500000, 0x000000008b600000|  0%| F|  |TAMS 0x000000008b500000, 0x000000008b500000| Untracked 
|  30|0x000000008b600000, 0x000000008b600000, 0x000000008b700000|  0%| F|  |TAMS 0x000000008b600000, 0x000000008b600000| Untracked 
|  31|0x000000008b700000, 0x000000008b700000, 0x000000008b800000|  0%| F|  |TAMS 0x000000008b700000, 0x000000008b700000| Untracked 
|  32|0x000000008b800000, 0x000000008b800000, 0x000000008b900000|  0%| F|  |TAMS 0x000000008b800000, 0x000000008b800000| Untracked 
|  33|0x000000008b900000, 0x000000008b900000, 0x000000008ba00000|  0%| F|  |TAMS 0x000000008b900000, 0x000000008b900000| Untracked 
|  34|0x000000008ba00000, 0x000000008ba00000, 0x000000008bb00000|  0%| F|  |TAMS 0x000000008ba00000, 0x000000008ba00000| Untracked 
|  35|0x000000008bb00000, 0x000000008bb00000, 0x000000008bc00000|  0%| F|  |TAMS 0x000000008bb00000, 0x000000008bb00000| Untracked 
|  36|0x000000008bc00000, 0x000000008bc00000, 0x000000008bd00000|  0%| F|  |TAMS 0x000000008bc00000, 0x000000008bc00000| Untracked 
|  37|0x000000008bd00000, 0x000000008bd00000, 0x000000008be00000|  0%| F|  |TAMS 0x000000008bd00000, 0x000000008bd00000| Untracked 
|  38|0x000000008be00000, 0x000000008be00000, 0x000000008bf00000|  0%| F|  |TAMS 0x000000008be00000, 0x000000008be00000| Untracked 
|  39|0x000000008bf00000, 0x000000008bf00000, 0x000000008c000000|  0%| F|  |TAMS 0x000000008bf00000, 0x000000008bf00000| Untracked 
|  40|0x000000008c000000, 0x000000008c000000, 0x000000008c100000|  0%| F|  |TAMS 0x000000008c000000, 0x000000008c000000| Untracked 
|  41|0x000000008c100000, 0x000000008c100000, 0x000000008c200000|  0%| F|  |TAMS 0x000000008c100000, 0x000000008c100000| Untracked 
|  42|0x000000008c200000, 0x000000008c200000, 0x000000008c300000|  0%| F|  |TAMS 0x000000008c200000, 0x000000008c200000| Untracked 
|  43|0x000000008c300000, 0x000000008c300000, 0x000000008c400000|  0%| F|  |TAMS 0x000000008c300000, 0x000000008c300000| Untracked 
|  44|0x000000008c400000, 0x000000008c400000, 0x000000008c500000|  0%| F|  |TAMS 0x000000008c400000, 0x000000008c400000| Untracked 
|  45|0x000000008c500000, 0x000000008c500000, 0x000000008c600000|  0%| F|  |TAMS 0x000000008c500000, 0x000000008c500000| Untracked 
|  46|0x000000008c600000, 0x000000008c600000, 0x000000008c700000|  0%| F|  |TAMS 0x000000008c600000, 0x000000008c600000| Untracked 
|  47|0x000000008c700000, 0x000000008c700000, 0x000000008c800000|  0%| F|  |TAMS 0x000000008c700000, 0x000000008c700000| Untracked 
|  48|0x000000008c800000, 0x000000008c800000, 0x000000008c900000|  0%| F|  |TAMS 0x000000008c800000, 0x000000008c800000| Untracked 
|  49|0x000000008c900000, 0x000000008c900000, 0x000000008ca00000|  0%| F|  |TAMS 0x000000008c900000, 0x000000008c900000| Untracked 
|  50|0x000000008ca00000, 0x000000008ca00000, 0x000000008cb00000|  0%| F|  |TAMS 0x000000008ca00000, 0x000000008ca00000| Untracked 
|  51|0x000000008cb00000, 0x000000008cb00000, 0x000000008cc00000|  0%| F|  |TAMS 0x000000008cb00000, 0x000000008cb00000| Untracked 
|  52|0x000000008cc00000, 0x000000008cc00000, 0x000000008cd00000|  0%| F|  |TAMS 0x000000008cc00000, 0x000000008cc00000| Untracked 
|  53|0x000000008cd00000, 0x000000008cd00000, 0x000000008ce00000|  0%| F|  |TAMS 0x000000008cd00000, 0x000000008cd00000| Untracked 
|  54|0x000000008ce00000, 0x000000008ce00000, 0x000000008cf00000|  0%| F|  |TAMS 0x000000008ce00000, 0x000000008ce00000| Untracked 
|  55|0x000000008cf00000, 0x000000008cf00000, 0x000000008d000000|  0%| F|  |TAMS 0x000000008cf00000, 0x000000008cf00000| Untracked 
|  56|0x000000008d000000, 0x000000008d000000, 0x000000008d100000|  0%| F|  |TAMS 0x000000008d000000, 0x000000008d000000| Untracked 
|  57|0x000000008d100000, 0x000000008d100000, 0x000000008d200000|  0%| F|  |TAMS 0x000000008d100000, 0x000000008d100000| Untracked 
|  58|0x000000008d200000, 0x000000008d200000, 0x000000008d300000|  0%| F|  |TAMS 0x000000008d200000, 0x000000008d200000| Untracked 
|  59|0x000000008d300000, 0x000000008d300000, 0x000000008d400000|  0%| F|  |TAMS 0x000000008d300000, 0x000000008d300000| Untracked 
|  60|0x000000008d400000, 0x000000008d400000, 0x000000008d500000|  0%| F|  |TAMS 0x000000008d400000, 0x000000008d400000| Untracked 
|  61|0x000000008d500000, 0x000000008d500000, 0x000000008d600000|  0%| F|  |TAMS 0x000000008d500000, 0x000000008d500000| Untracked 
|  62|0x000000008d600000, 0x000000008d600000, 0x000000008d700000|  0%| F|  |TAMS 0x000000008d600000, 0x000000008d600000| Untracked 
|  63|0x000000008d700000, 0x000000008d700000, 0x000000008d800000|  0%| F|  |TAMS 0x000000008d700000, 0x000000008d700000| Untracked 
|  64|0x000000008d800000, 0x000000008d800000, 0x000000008d900000|  0%| F|  |TAMS 0x000000008d800000, 0x000000008d800000| Untracked 
|  65|0x000000008d900000, 0x000000008d900000, 0x000000008da00000|  0%| F|  |TAMS 0x000000008d900000, 0x000000008d900000| Untracked 
|  66|0x000000008da00000, 0x000000008da00000, 0x000000008db00000|  0%| F|  |TAMS 0x000000008da00000, 0x000000008da00000| Untracked 
|  67|0x000000008db00000, 0x000000008db00000, 0x000000008dc00000|  0%| F|  |TAMS 0x000000008db00000, 0x000000008db00000| Untracked 
|  68|0x000000008dc00000, 0x000000008dc00000, 0x000000008dd00000|  0%| F|  |TAMS 0x000000008dc00000, 0x000000008dc00000| Untracked 
|  69|0x000000008dd00000, 0x000000008dd00000, 0x000000008de00000|  0%| F|  |TAMS 0x000000008dd00000, 0x000000008dd00000| Untracked 
|  70|0x000000008de00000, 0x000000008de00000, 0x000000008df00000|  0%| F|  |TAMS 0x000000008de00000, 0x000000008de00000| Untracked 
|  71|0x000000008df00000, 0x000000008df00000, 0x000000008e000000|  0%| F|  |TAMS 0x000000008df00000, 0x000000008df00000| Untracked 
|  72|0x000000008e000000, 0x000000008e000000, 0x000000008e100000|  0%| F|  |TAMS 0x000000008e000000, 0x000000008e000000| Untracked 
|  73|0x000000008e100000, 0x000000008e100000, 0x000000008e200000|  0%| F|  |TAMS 0x000000008e100000, 0x000000008e100000| Untracked 
|  74|0x000000008e200000, 0x000000008e200000, 0x000000008e300000|  0%| F|  |TAMS 0x000000008e200000, 0x000000008e200000| Untracked 
|  75|0x000000008e300000, 0x000000008e300000, 0x000000008e400000|  0%| F|  |TAMS 0x000000008e300000, 0x000000008e300000| Untracked 
|  76|0x000000008e400000, 0x000000008e400000, 0x000000008e500000|  0%| F|  |TAMS 0x000000008e400000, 0x000000008e400000| Untracked 
|  77|0x000000008e500000, 0x000000008e500000, 0x000000008e600000|  0%| F|  |TAMS 0x000000008e500000, 0x000000008e500000| Untracked 
|  78|0x000000008e600000, 0x000000008e600000, 0x000000008e700000|  0%| F|  |TAMS 0x000000008e600000, 0x000000008e600000| Untracked 
|  79|0x000000008e700000, 0x000000008e700000, 0x000000008e800000|  0%| F|  |TAMS 0x000000008e700000, 0x000000008e700000| Untracked 
|  80|0x000000008e800000, 0x000000008e800000, 0x000000008e900000|  0%| F|  |TAMS 0x000000008e800000, 0x000000008e800000| Untracked 
|  81|0x000000008e900000, 0x000000008e9b2380, 0x000000008ea00000| 69%| S|CS|TAMS 0x000000008e900000, 0x000000008e900000| Complete 
|  82|0x000000008ea00000, 0x000000008eb00000, 0x000000008eb00000|100%| S|CS|TAMS 0x000000008ea00000, 0x000000008ea00000| Complete 
|  83|0x000000008eb00000, 0x000000008ec00000, 0x000000008ec00000|100%| S|CS|TAMS 0x000000008eb00000, 0x000000008eb00000| Complete 
|  84|0x000000008ec00000, 0x000000008ed00000, 0x000000008ed00000|100%| S|CS|TAMS 0x000000008ec00000, 0x000000008ec00000| Complete 
|  85|0x000000008ed00000, 0x000000008ed00000, 0x000000008ee00000|  0%| F|  |TAMS 0x000000008ed00000, 0x000000008ed00000| Untracked 
|  86|0x000000008ee00000, 0x000000008ee00000, 0x000000008ef00000|  0%| F|  |TAMS 0x000000008ee00000, 0x000000008ee00000| Untracked 
|  87|0x000000008ef00000, 0x000000008ef00000, 0x000000008f000000|  0%| F|  |TAMS 0x000000008ef00000, 0x000000008ef00000| Untracked 
|  88|0x000000008f000000, 0x000000008f000000, 0x000000008f100000|  0%| F|  |TAMS 0x000000008f000000, 0x000000008f000000| Untracked 
|  89|0x000000008f100000, 0x000000008f100000, 0x000000008f200000|  0%| F|  |TAMS 0x000000008f100000, 0x000000008f100000| Untracked 
|  90|0x000000008f200000, 0x000000008f200000, 0x000000008f300000|  0%| F|  |TAMS 0x000000008f200000, 0x000000008f200000| Untracked 
|  91|0x000000008f300000, 0x000000008f300000, 0x000000008f400000|  0%| F|  |TAMS 0x000000008f300000, 0x000000008f300000| Untracked 
|  92|0x000000008f400000, 0x000000008f400000, 0x000000008f500000|  0%| F|  |TAMS 0x000000008f400000, 0x000000008f400000| Untracked 
|  93|0x000000008f500000, 0x000000008f500000, 0x000000008f600000|  0%| F|  |TAMS 0x000000008f500000, 0x000000008f500000| Untracked 
|  94|0x000000008f600000, 0x000000008f680c10, 0x000000008f700000| 50%| E|  |TAMS 0x000000008f600000, 0x000000008f600000| Complete 
|  95|0x000000008f700000, 0x000000008f800000, 0x000000008f800000|100%| E|CS|TAMS 0x000000008f700000, 0x000000008f700000| Complete 
|  96|0x000000008f800000, 0x000000008f900000, 0x000000008f900000|100%| E|CS|TAMS 0x000000008f800000, 0x000000008f800000| Complete 
|  97|0x000000008f900000, 0x000000008fa00000, 0x000000008fa00000|100%| E|CS|TAMS 0x000000008f900000, 0x000000008f900000| Complete 
|  98|0x000000008fa00000, 0x000000008fb00000, 0x000000008fb00000|100%| E|CS|TAMS 0x000000008fa00000, 0x000000008fa00000| Complete 
|  99|0x000000008fb00000, 0x000000008fc00000, 0x000000008fc00000|100%| E|CS|TAMS 0x000000008fb00000, 0x000000008fb00000| Complete 
| 100|0x000000008fc00000, 0x000000008fd00000, 0x000000008fd00000|100%| E|CS|TAMS 0x000000008fc00000, 0x000000008fc00000| Complete 
| 101|0x000000008fd00000, 0x000000008fe00000, 0x000000008fe00000|100%| E|CS|TAMS 0x000000008fd00000, 0x000000008fd00000| Complete 
| 102|0x000000008fe00000, 0x000000008ff00000, 0x000000008ff00000|100%| E|CS|TAMS 0x000000008fe00000, 0x000000008fe00000| Complete 
| 103|0x000000008ff00000, 0x0000000090000000, 0x0000000090000000|100%| E|CS|TAMS 0x000000008ff00000, 0x000000008ff00000| Complete 
| 104|0x0000000090000000, 0x0000000090100000, 0x0000000090100000|100%| E|CS|TAMS 0x0000000090000000, 0x0000000090000000| Complete 
| 105|0x0000000090100000, 0x0000000090200000, 0x0000000090200000|100%| E|CS|TAMS 0x0000000090100000, 0x0000000090100000| Complete 
| 106|0x0000000090200000, 0x0000000090300000, 0x0000000090300000|100%| E|CS|TAMS 0x0000000090200000, 0x0000000090200000| Complete 
| 107|0x0000000090300000, 0x0000000090400000, 0x0000000090400000|100%| E|CS|TAMS 0x0000000090300000, 0x0000000090300000| Complete 
| 108|0x0000000090400000, 0x0000000090500000, 0x0000000090500000|100%| E|CS|TAMS 0x0000000090400000, 0x0000000090400000| Complete 
| 109|0x0000000090500000, 0x0000000090600000, 0x0000000090600000|100%| E|CS|TAMS 0x0000000090500000, 0x0000000090500000| Complete 
| 110|0x0000000090600000, 0x0000000090700000, 0x0000000090700000|100%| E|CS|TAMS 0x0000000090600000, 0x0000000090600000| Complete 
| 111|0x0000000090700000, 0x0000000090800000, 0x0000000090800000|100%| E|CS|TAMS 0x0000000090700000, 0x0000000090700000| Complete 
| 112|0x0000000090800000, 0x0000000090900000, 0x0000000090900000|100%| E|CS|TAMS 0x0000000090800000, 0x0000000090800000| Complete 
| 113|0x0000000090900000, 0x0000000090a00000, 0x0000000090a00000|100%| E|CS|TAMS 0x0000000090900000, 0x0000000090900000| Complete 
| 114|0x0000000090a00000, 0x0000000090b00000, 0x0000000090b00000|100%| E|CS|TAMS 0x0000000090a00000, 0x0000000090a00000| Complete 
| 115|0x0000000090b00000, 0x0000000090c00000, 0x0000000090c00000|100%| E|CS|TAMS 0x0000000090b00000, 0x0000000090b00000| Complete 
| 116|0x0000000090c00000, 0x0000000090d00000, 0x0000000090d00000|100%| E|CS|TAMS 0x0000000090c00000, 0x0000000090c00000| Complete 
| 117|0x0000000090d00000, 0x0000000090e00000, 0x0000000090e00000|100%| E|CS|TAMS 0x0000000090d00000, 0x0000000090d00000| Complete 
| 118|0x0000000090e00000, 0x0000000090f00000, 0x0000000090f00000|100%| E|CS|TAMS 0x0000000090e00000, 0x0000000090e00000| Complete 
| 119|0x0000000090f00000, 0x0000000091000000, 0x0000000091000000|100%| E|CS|TAMS 0x0000000090f00000, 0x0000000090f00000| Complete 

Card table byte_map: [0x000002a8a9d70000,0x000002a8aa130000] _byte_map_base: 0x000002a8a9924000

Marking Bits (Prev, Next): (CMBitMap*) 0x000002a89063bb90, (CMBitMap*) 0x000002a89063bbd0
 Prev Bits: [0x000002a8aa4f0000, 0x000002a8ac290000)
 Next Bits: [0x000002a8ac290000, 0x000002a8ae030000)

Polling page: 0x000002a8906a0000

Metaspace:

Usage:
  Non-class:     17.45 MB used.
      Class:      2.20 MB used.
       Both:     19.65 MB used.

Virtual space:
  Non-class space:       64.00 MB reserved,      17.62 MB ( 28%) committed,  1 nodes.
      Class space:        1.00 GB reserved,       2.38 MB ( <1%) committed,  1 nodes.
             Both:        1.06 GB reserved,      20.00 MB (  2%) committed. 

Chunk freelists:
   Non-Class:  1.36 MB
       Class:  1.48 MB
        Both:  2.84 MB

MaxMetaspaceSize: unlimited
CompressedClassSpaceSize: 1.00 GB
Initial GC threshold: 21.00 MB
Current GC threshold: 21.00 MB
CDS: on
MetaspaceReclaimPolicy: balanced
 - commit_granule_bytes: 65536.
 - commit_granule_words: 8192.
 - virtual_space_node_default_size: 8388608.
 - enlarge_chunks_in_place: 1.
 - new_chunks_are_fully_committed: 0.
 - uncommit_free_chunks: 1.
 - use_allocation_guard: 0.


Internal statistics:

num_allocs_failed_limit: 0.
num_arena_births: 228.
num_arena_deaths: 0.
num_vsnodes_births: 2.
num_vsnodes_deaths: 0.
num_space_committed: 320.
num_space_uncommitted: 0.
num_chunks_returned_to_freelist: 0.
num_chunks_taken_from_freelist: 905.
num_chunk_merges: 0.
num_chunk_splits: 691.
num_chunks_enlarged: 591.
num_inconsistent_stats: 0.

CodeHeap 'non-profiled nmethods': size=120000Kb used=763Kb max_used=763Kb free=119237Kb
 bounds [0x000002a8a17e0000, 0x000002a8a1a50000, 0x000002a8a8d10000]
CodeHeap 'profiled nmethods': size=120000Kb used=4032Kb max_used=4032Kb free=115967Kb
 bounds [0x000002a899d10000, 0x000002a89a110000, 0x000002a8a1240000]
CodeHeap 'non-nmethods': size=5760Kb used=1331Kb max_used=1350Kb free=4428Kb
 bounds [0x000002a8a1240000, 0x000002a8a14b0000, 0x000002a8a17e0000]
 total_blobs=2733 nmethods=2175 adapters=468
 compilation: enabled
              stopped_count=0, restarted_count=0
 full_count=0

Compilation events (20 events):
Event: 1.624 Thread 0x000002a8b0d1a350 2159       3       java.lang.invoke.MemberName::isField (8 bytes)
Event: 1.624 Thread 0x000002a8b0d1a350 nmethod 2159 0x000002a89a0f8110 code [0x000002a89a0f82c0, 0x000002a89a0f84f8]
Event: 1.625 Thread 0x000002a8b0d1a350 2160       3       java.lang.String::startsWith (138 bytes)
Event: 1.626 Thread 0x000002a8b0d1a350 nmethod 2160 0x000002a89a0f8610 code [0x000002a89a0f8840, 0x000002a89a0f90b8]
Event: 1.626 Thread 0x000002a8b0d1a350 2161   !   3       java.lang.invoke.MethodHandle::setVarargs (25 bytes)
Event: 1.627 Thread 0x000002a8b0d1a350 nmethod 2161 0x000002a89a0f9390 code [0x000002a89a0f95a0, 0x000002a89a0f9c58]
Event: 1.627 Thread 0x000002a8b0d1a350 2162       3       java.lang.invoke.MemberName::isVarargs (23 bytes)
Event: 1.627 Thread 0x000002a8b0d1a350 nmethod 2162 0x000002a89a0f9e90 code [0x000002a89a0fa060, 0x000002a89a0fa4f8]
Event: 1.627 Thread 0x000002a8b0d1a350 2163       3       java.util.ImmutableCollections$ListN::size (6 bytes)
Event: 1.627 Thread 0x000002a8b0d1a350 nmethod 2163 0x000002a89a0fa690 code [0x000002a89a0fa820, 0x000002a89a0fa938]
Event: 1.627 Thread 0x000002a8b0d1a350 2164       1       java.lang.invoke.DirectMethodHandle::isCrackable (5 bytes)
Event: 1.627 Thread 0x000002a8b0d1a350 nmethod 2164 0x000002a8a189e210 code [0x000002a8a189e3a0, 0x000002a8a189e478]
Event: 1.638 Thread 0x000002a8b0d1a350 2165       3       jdk.internal.org.objectweb.asm.ClassWriter::<init> (7 bytes)
Event: 1.638 Thread 0x000002a8b0d1a350 nmethod 2165 0x000002a89a0faa10 code [0x000002a89a0fabc0, 0x000002a89a0fad08]
Event: 1.638 Thread 0x000002a8b0d1a350 2166       3       jdk.internal.org.objectweb.asm.ClassWriter::<init> (73 bytes)
Event: 1.639 Thread 0x000002a8b0d1a350 nmethod 2166 0x000002a89a0fad90 code [0x000002a89a0faf80, 0x000002a89a0fb428]
Event: 1.639 Thread 0x000002a8b0d1a350 2167       3       jdk.internal.org.objectweb.asm.FieldWriter::computeFieldInfoSize (86 bytes)
Event: 1.640 Thread 0x000002a8b0d1a350 nmethod 2167 0x000002a89a0fb590 code [0x000002a89a0fb760, 0x000002a89a0fba38]
Event: 1.640 Thread 0x000002a8b0d1a350 2168       3       java.lang.invoke.MethodHandleNatives::isCallerSensitive (29 bytes)
Event: 1.640 Thread 0x000002a8b0d1a350 nmethod 2168 0x000002a89a0fbb90 code [0x000002a89a0fbd80, 0x000002a89a0fc308]

GC Heap History (4 events):
Event: 0.633 GC heap before
{Heap before GC invocations=0 (full 0):
 garbage-first heap   total 122880K, used 27648K [0x0000000089800000, 0x0000000100000000)
  region size 1024K, 23 young (23552K), 0 survivors (0K)
 Metaspace       used 6327K, committed 6400K, reserved 1114112K
  class space    used 588K, committed 640K, reserved 1048576K
}
Event: 0.639 GC heap after
{Heap after GC invocations=1 (full 0):
 garbage-first heap   total 122880K, used 7412K [0x0000000089800000, 0x0000000100000000)
  region size 1024K, 3 young (3072K), 3 survivors (3072K)
 Metaspace       used 6327K, committed 6400K, reserved 1114112K
  class space    used 588K, committed 640K, reserved 1048576K
}
Event: 1.227 GC heap before
{Heap before GC invocations=1 (full 0):
 garbage-first heap   total 122880K, used 39156K [0x0000000089800000, 0x0000000100000000)
  region size 1024K, 35 young (35840K), 3 survivors (3072K)
 Metaspace       used 13625K, committed 13888K, reserved 1114112K
  class space    used 1503K, committed 1664K, reserved 1048576K
}
Event: 1.238 GC heap after
{Heap after GC invocations=2 (full 0):
 garbage-first heap   total 122880K, used 11087K [0x0000000089800000, 0x0000000100000000)
  region size 1024K, 4 young (4096K), 4 survivors (4096K)
 Metaspace       used 13625K, committed 13888K, reserved 1114112K
  class space    used 1503K, committed 1664K, reserved 1048576K
}

Dll operation events (7 events):
Event: 0.005 Loaded shared library C:\Program Files\Java\jdk-19\bin\java.dll
Event: 0.013 Loaded shared library C:\Program Files\Java\jdk-19\bin\jsvml.dll
Event: 0.072 Loaded shared library C:\Program Files\Java\jdk-19\bin\net.dll
Event: 0.251 Loaded shared library C:\Program Files\Java\jdk-19\bin\nio.dll
Event: 0.270 Loaded shared library C:\Program Files\Java\jdk-19\bin\zip.dll
Event: 0.290 Loaded shared library C:\Program Files\Java\jdk-19\bin\jimage.dll
Event: 1.092 Loaded shared library C:\Program Files\Java\jdk-19\bin\verify.dll

Deoptimization events (20 events):
Event: 1.463 Thread 0x000002a8905dc090 DEOPT PACKING pc=0x000002a89a0c00c0 sp=0x000000eaab8fe140
Event: 1.463 Thread 0x000002a8905dc090 DEOPT UNPACKING pc=0x000002a8a12a7543 sp=0x000000eaab8fd5e8 mode 0
Event: 1.463 Thread 0x000002a8905dc090 DEOPT PACKING pc=0x000002a89a0c00c0 sp=0x000000eaab8fe140
Event: 1.463 Thread 0x000002a8905dc090 DEOPT UNPACKING pc=0x000002a8a12a7543 sp=0x000000eaab8fd5e8 mode 0
Event: 1.463 Thread 0x000002a8905dc090 DEOPT PACKING pc=0x000002a89a0c00c0 sp=0x000000eaab8fe140
Event: 1.463 Thread 0x000002a8905dc090 DEOPT UNPACKING pc=0x000002a8a12a7543 sp=0x000000eaab8fd5e8 mode 0
Event: 1.463 Thread 0x000002a8905dc090 DEOPT PACKING pc=0x000002a89a0c00c0 sp=0x000000eaab8fe140
Event: 1.463 Thread 0x000002a8905dc090 DEOPT UNPACKING pc=0x000002a8a12a7543 sp=0x000000eaab8fd5e8 mode 0
Event: 1.498 Thread 0x000002a8905dc090 Uncommon trap: trap_request=0xffffffbe fr.pc=0x000002a8a187aad8 relative=0x0000000000001ad8
Event: 1.498 Thread 0x000002a8905dc090 Uncommon trap: reason=profile_predicate action=maybe_recompile pc=0x000002a8a187aad8 method=java.util.zip.InflaterInputStream.read([BII)I @ 43 c2
Event: 1.498 Thread 0x000002a8905dc090 DEOPT PACKING pc=0x000002a8a187aad8 sp=0x000000eaab8fe180
Event: 1.498 Thread 0x000002a8905dc090 DEOPT UNPACKING pc=0x000002a8a12a6da3 sp=0x000000eaab8fe1d0 mode 2
Event: 1.547 Thread 0x000002a8905dc090 Uncommon trap: trap_request=0xffffffbe fr.pc=0x000002a8a187aad8 relative=0x0000000000001ad8
Event: 1.547 Thread 0x000002a8905dc090 Uncommon trap: reason=profile_predicate action=maybe_recompile pc=0x000002a8a187aad8 method=java.util.zip.InflaterInputStream.read([BII)I @ 43 c2
Event: 1.547 Thread 0x000002a8905dc090 DEOPT PACKING pc=0x000002a8a187aad8 sp=0x000000eaab8fdab0
Event: 1.547 Thread 0x000002a8905dc090 DEOPT UNPACKING pc=0x000002a8a12a6da3 sp=0x000000eaab8fdb00 mode 2
Event: 1.618 Thread 0x000002a8905dc090 Uncommon trap: trap_request=0xffffff45 fr.pc=0x000002a8a185ad14 relative=0x00000000000001f4
Event: 1.618 Thread 0x000002a8905dc090 Uncommon trap: reason=unstable_if action=reinterpret pc=0x000002a8a185ad14 method=java.lang.String.startsWith(Ljava/lang/String;I)Z @ 1 c2
Event: 1.618 Thread 0x000002a8905dc090 DEOPT PACKING pc=0x000002a8a185ad14 sp=0x000000eaab8fda30
Event: 1.618 Thread 0x000002a8905dc090 DEOPT UNPACKING pc=0x000002a8a12a6da3 sp=0x000000eaab8fd9b0 mode 2

Classes loaded (20 events):
Event: 1.535 Loading class com/sun/xml/internal/stream/util/BufferAllocator
Event: 1.535 Loading class com/sun/xml/internal/stream/util/BufferAllocator done
Event: 1.536 Loading class com/sun/org/apache/xerces/internal/util/XMLChar
Event: 1.537 Loading class com/sun/org/apache/xerces/internal/util/XMLChar done
Event: 1.537 Loading class com/sun/org/apache/xerces/internal/impl/XMLScanner$NameType
Event: 1.537 Loading class com/sun/org/apache/xerces/internal/impl/XMLScanner$NameType done
Event: 1.547 Loading class com/sun/org/apache/xerces/internal/impl/io/MalformedByteSequenceException
Event: 1.547 Loading class java/io/CharConversionException
Event: 1.547 Loading class java/io/CharConversionException done
Event: 1.547 Loading class com/sun/org/apache/xerces/internal/impl/io/MalformedByteSequenceException done
Event: 1.549 Loading class java/text/ParseException
Event: 1.549 Loading class java/text/ParseException done
Event: 1.553 Loading class java/util/ConcurrentModificationException
Event: 1.553 Loading class java/util/ConcurrentModificationException done
Event: 1.572 Loading class java/util/concurrent/atomic/AtomicReferenceArray
Event: 1.572 Loading class java/util/concurrent/atomic/AtomicReferenceArray done
Event: 1.572 Loading class java/lang/invoke/VarHandleReferences$Array
Event: 1.573 Loading class java/lang/invoke/VarHandleReferences$Array done
Event: 1.642 Loading class jdk/internal/reflect/MethodHandleIntegerFieldAccessorImpl
Event: 1.643 Loading class jdk/internal/reflect/MethodHandleIntegerFieldAccessorImpl done

Classes unloaded (0 events):
No events

Classes redefined (0 events):
No events

Internal exceptions (20 events):
Event: 0.980 Thread 0x000002a8905dc090 Exception <a 'java/lang/NoSuchMethodError'{0x000000008fddb228}: 'void java.lang.invoke.DelegatingMethodHandle$Holder.reinvoke_L(java.lang.Object, java.lang.Object, int)'> (0x000000008fddb228) 
thrown [s\open\src\hotspot\share\interpreter\linkResolver.cpp, line 774]
Event: 0.981 Thread 0x000002a8905dc090 Exception <a 'java/lang/NoSuchMethodError'{0x000000008fdea0c8}: 'void java.lang.invoke.DirectMethodHandle$Holder.invokeSpecial(java.lang.Object, java.lang.Object, java.lang.Object)'> (0x000000008fdea0c8) 
thrown [s\open\src\hotspot\share\interpreter\linkResolver.cpp, line 774]
Event: 1.007 Thread 0x000002a8905dc090 Exception <a 'java/lang/NoSuchMethodError'{0x000000008fbc2f40}: 'int java.lang.invoke.DelegatingMethodHandle$Holder.reinvoke_L(java.lang.Object, java.lang.Object, java.lang.Object, long, int, int)'> (0x000000008fbc2f40) 
thrown [s\open\src\hotspot\share\interpreter\linkResolver.cpp, line 774]
Event: 1.009 Thread 0x000002a8905dc090 Exception <a 'java/lang/NoSuchMethodError'{0x000000008fbd1940}: 'int java.lang.invoke.DelegatingMethodHandle$Holder.reinvoke_L(java.lang.Object, java.lang.Object, java.lang.Object, long, long, long)'> (0x000000008fbd1940) 
thrown [s\open\src\hotspot\share\interpreter\linkResolver.cpp, line 774]
Event: 1.011 Thread 0x000002a8905dc090 Exception <a 'java/lang/NoSuchMethodError'{0x000000008fbe0758}: 'int java.lang.invoke.DelegatingMethodHandle$Holder.reinvoke_L(java.lang.Object, java.lang.Object, java.lang.Object, long, java.lang.Object, java.lang.Object)'> (0x000000008fbe0758) 
thrown [s\open\src\hotspot\share\interpreter\linkResolver.cpp, line 774]
Event: 1.012 Thread 0x000002a8905dc090 Exception <a 'java/lang/NoSuchMethodError'{0x000000008fbef270}: 'void java.lang.invoke.DelegatingMethodHandle$Holder.reinvoke_L(java.lang.Object, java.lang.Object, java.lang.Object, long, java.lang.Object)'> (0x000000008fbef270) 
thrown [s\open\src\hotspot\share\interpreter\linkResolver.cpp, line 774]
Event: 1.012 Thread 0x000002a8905dc090 Exception <a 'java/lang/NoSuchMethodError'{0x000000008fbf6e40}: 'java.lang.Object java.lang.invoke.DirectMethodHandle$Holder.invokeSpecial(java.lang.Object, java.lang.Object, java.lang.Object, java.lang.Object, long)'> (0x000000008fbf6e40) 
thrown [s\open\src\hotspot\share\interpreter\linkResolver.cpp, line 774]
Event: 1.014 Thread 0x000002a8905dc090 Exception <a 'java/lang/NoSuchMethodError'{0x000000008fa0beb8}: 'long java.lang.invoke.Invokers$Holder.invoke_MT(java.lang.Object, java.lang.Object, java.lang.Object, java.lang.Object)'> (0x000000008fa0beb8) 
thrown [s\open\src\hotspot\share\interpreter\linkResolver.cpp, line 774]
Event: 1.015 Thread 0x000002a8905dc090 Exception <a 'java/lang/NoSuchMethodError'{0x000000008fa14260}: 'int java.lang.invoke.DirectMethodHandle$Holder.invokeSpecial(java.lang.Object, java.lang.Object, java.lang.Object, java.lang.Object)'> (0x000000008fa14260) 
thrown [s\open\src\hotspot\share\interpreter\linkResolver.cpp, line 774]
Event: 1.016 Thread 0x000002a8905dc090 Exception <a 'java/lang/NoSuchMethodError'{0x000000008fa178d8}: 'int java.lang.invoke.Invokers$Holder.invoke_MT(java.lang.Object, java.lang.Object, java.lang.Object, java.lang.Object)'> (0x000000008fa178d8) 
thrown [s\open\src\hotspot\share\interpreter\linkResolver.cpp, line 774]
Event: 1.018 Thread 0x000002a8905dc090 Exception <a 'java/lang/NoSuchMethodError'{0x000000008fa27368}: 'int java.lang.invoke.DelegatingMethodHandle$Holder.reinvoke_L(java.lang.Object, java.lang.Object, java.lang.Object, long, int)'> (0x000000008fa27368) 
thrown [s\open\src\hotspot\share\interpreter\linkResolver.cpp, line 774]
Event: 1.246 Thread 0x000002a8905dc090 Exception <a 'java/lang/NoSuchMethodError'{0x0000000090fb61c0}: 'java.lang.Object java.lang.invoke.DirectMethodHandle$Holder.invokeStaticInit(java.lang.Object, int)'> (0x0000000090fb61c0) 
thrown [s\open\src\hotspot\share\interpreter\linkResolver.cpp, line 774]
Event: 1.254 Thread 0x000002a8905dc090 Exception <a 'java/lang/NoSuchMethodError'{0x0000000090e3deb0}: 'void java.lang.invoke.DirectMethodHandle$Holder.invokeStatic(java.lang.Object, java.lang.Object)'> (0x0000000090e3deb0) 
thrown [s\open\src\hotspot\share\interpreter\linkResolver.cpp, line 774]
Event: 1.271 Thread 0x000002a8905dc090 Exception <a 'java/lang/NoSuchMethodError'{0x0000000090d8fab8}: 'long java.lang.invoke.DirectMethodHandle$Holder.invokeStatic(java.lang.Object)'> (0x0000000090d8fab8) 
thrown [s\open\src\hotspot\share\interpreter\linkResolver.cpp, line 774]
Event: 1.272 Thread 0x000002a8905dc090 Exception <a 'java/lang/NoSuchMethodError'{0x0000000090d93168}: 'long java.lang.invoke.DirectMethodHandle$Holder.invokeStaticInit(java.lang.Object)'> (0x0000000090d93168) 
thrown [s\open\src\hotspot\share\interpreter\linkResolver.cpp, line 774]
Event: 1.318 Thread 0x000002a8905dc090 Exception <a 'java/lang/NoSuchMethodError'{0x0000000090afb088}: 'int java.lang.invoke.DirectMethodHandle$Holder.invokeStaticInit(java.lang.Object, java.lang.Object, java.lang.Object)'> (0x0000000090afb088) 
thrown [s\open\src\hotspot\share\interpreter\linkResolver.cpp, line 774]
Event: 1.321 Thread 0x000002a8905dc090 Exception <a 'java/lang/NoSuchMethodError'{0x00000000909212e0}: 'int java.lang.invoke.DirectMethodHandle$Holder.invokeStaticInit(java.lang.Object, java.lang.Object)'> (0x00000000909212e0) 
thrown [s\open\src\hotspot\share\interpreter\linkResolver.cpp, line 774]
Event: 1.556 Thread 0x000002a8905dc090 Exception <a 'java/lang/NoSuchMethodError'{0x000000008fe9e6b8}: 'void java.lang.invoke.DirectMethodHandle$Holder.invokeStatic(java.lang.Object, java.lang.Object, java.lang.Object, java.lang.Object)'> (0x000000008fe9e6b8) 
thrown [s\open\src\hotspot\share\interpreter\linkResolver.cpp, line 774]
Event: 1.602 Thread 0x000002a8905dc090 Exception <a 'java/lang/NoSuchMethodError'{0x000000008fa28050}: 'void java.lang.invoke.DirectMethodHandle$Holder.invokeStaticInit(java.lang.Object, java.lang.Object)'> (0x000000008fa28050) 
thrown [s\open\src\hotspot\share\interpreter\linkResolver.cpp, line 774]
Event: 1.643 Thread 0x000002a8905dc090 Exception <a 'java/lang/NoSuchMethodError'{0x000000008f8d4f08}: 'void java.lang.invoke.Invokers$Holder.invokeExact_MT(java.lang.Object, int, java.lang.Object)'> (0x000000008f8d4f08) 
thrown [s\open\src\hotspot\share\interpreter\linkResolver.cpp, line 774]

VM Operations (20 events):
Event: 1.094 Executing VM operation: HandshakeAllThreads
Event: 1.094 Executing VM operation: HandshakeAllThreads done
Event: 1.227 Executing VM operation: G1CollectForAllocation
Event: 1.238 Executing VM operation: G1CollectForAllocation done
Event: 1.243 Executing VM operation: HandshakeAllThreads
Event: 1.243 Executing VM operation: HandshakeAllThreads done
Event: 1.369 Executing VM operation: HandshakeAllThreads
Event: 1.369 Executing VM operation: HandshakeAllThreads done
Event: 1.396 Executing VM operation: HandshakeAllThreads
Event: 1.396 Executing VM operation: HandshakeAllThreads done
Event: 1.404 Executing VM operation: HandshakeAllThreads
Event: 1.404 Executing VM operation: HandshakeAllThreads done
Event: 1.407 Executing VM operation: HandshakeAllThreads
Event: 1.407 Executing VM operation: HandshakeAllThreads done
Event: 1.417 Executing VM operation: HandshakeAllThreads
Event: 1.417 Executing VM operation: HandshakeAllThreads done
Event: 1.417 Executing VM operation: HandshakeAllThreads
Event: 1.417 Executing VM operation: HandshakeAllThreads done
Event: 1.417 Executing VM operation: HandshakeAllThreads
Event: 1.417 Executing VM operation: HandshakeAllThreads done

Events (13 events):
Event: 0.013 Thread 0x000002a8905dc090 Thread added: 0x000002a8905dc090
Event: 0.028 Thread 0x000002a8b0cfde60 Thread added: 0x000002a8b0cfde60
Event: 0.029 Thread 0x000002a8b0cfea50 Thread added: 0x000002a8b0cfea50
Event: 0.029 Thread 0x000002a8b0d00040 Thread added: 0x000002a8b0d00040
Event: 0.029 Thread 0x000002a8b0d01980 Thread added: 0x000002a8b0d01980
Event: 0.029 Thread 0x000002a8b0d022b0 Thread added: 0x000002a8b0d022b0
Event: 0.029 Thread 0x000002a8b0d02d20 Thread added: 0x000002a8b0d02d20
Event: 0.029 Thread 0x000002a8b0d169b0 Thread added: 0x000002a8b0d169b0
Event: 0.030 Thread 0x000002a8b0d1a350 Thread added: 0x000002a8b0d1a350
Event: 0.030 Thread 0x000002a8b0d0bb90 Thread added: 0x000002a8b0d0bb90
Event: 0.063 Thread 0x000002a8b50f8c10 Thread added: 0x000002a8b50f8c10
Event: 0.067 Thread 0x000002a8b511c9f0 Thread added: 0x000002a8b511c9f0
Event: 0.265 Thread 0x000002a8b51ef2e0 Thread added: 0x000002a8b51ef2e0


Dynamic libraries:
0x00007ff762db0000 - 0x00007ff762dc0000 	C:\Program Files\Java\jdk-19\bin\java.exe
0x00007ffd0a590000 - 0x00007ffd0a788000 	C:\Windows\SYSTEM32\ntdll.dll
0x00007ffd09530000 - 0x00007ffd095ed000 	C:\Windows\System32\KERNEL32.DLL
0x00007ffd08160000 - 0x00007ffd08432000 	C:\Windows\System32\KERNELBASE.dll
0x00007ffd07cd0000 - 0x00007ffd07dd0000 	C:\Windows\System32\ucrtbase.dll
0x00007ffcbcfa0000 - 0x00007ffcbcfbb000 	C:\Program Files\Java\jdk-19\bin\VCRUNTIME140.dll
0x00007ffcbf0c0000 - 0x00007ffcbf0d8000 	C:\Program Files\Java\jdk-19\bin\jli.dll
0x00007ffd09480000 - 0x00007ffd0952e000 	C:\Windows\System32\ADVAPI32.dll
0x00007ffd09d00000 - 0x00007ffd09d9e000 	C:\Windows\System32\msvcrt.dll
0x00007ffd09330000 - 0x00007ffd093cc000 	C:\Windows\System32\sechost.dll
0x00007ffd0a280000 - 0x00007ffd0a3a5000 	C:\Windows\System32\RPCRT4.dll
0x00007ffd09a90000 - 0x00007ffd09c2d000 	C:\Windows\System32\USER32.dll
0x00007ffcf6500000 - 0x00007ffcf679a000 	C:\Windows\WinSxS\amd64_microsoft.windows.common-controls_6595b64144ccf1df_6.0.19041.1110_none_60b5254171f9507e\COMCTL32.dll
0x00007ffd08130000 - 0x00007ffd08152000 	C:\Windows\System32\win32u.dll
0x00007ffd08610000 - 0x00007ffd0863b000 	C:\Windows\System32\GDI32.dll
0x00007ffd08020000 - 0x00007ffd0812f000 	C:\Windows\System32\gdi32full.dll
0x00007ffd07e20000 - 0x00007ffd07ebd000 	C:\Windows\System32\msvcp_win.dll
0x00007ffcffab0000 - 0x00007ffcffaba000 	C:\Windows\SYSTEM32\VERSION.dll
0x00007ffd08640000 - 0x00007ffd08670000 	C:\Windows\System32\IMM32.DLL
0x00007ffce4b80000 - 0x00007ffce4b8c000 	C:\Program Files\Java\jdk-19\bin\vcruntime140_1.dll
0x00007ffcb5bb0000 - 0x00007ffcb5c3e000 	C:\Program Files\Java\jdk-19\bin\msvcp140.dll
0x00007ffc9eb00000 - 0x00007ffc9f7c0000 	C:\Program Files\Java\jdk-19\bin\server\jvm.dll
0x00007ffcfd880000 - 0x00007ffcfd8a7000 	C:\Windows\SYSTEM32\WINMM.dll
0x00007ffd027a0000 - 0x00007ffd027a9000 	C:\Windows\SYSTEM32\WSOCK32.dll
0x00007ffd09c30000 - 0x00007ffd09c9b000 	C:\Windows\System32\WS2_32.dll
0x00007ffd05b60000 - 0x00007ffd05b72000 	C:\Windows\SYSTEM32\kernel.appcore.dll
0x00007ffce47d0000 - 0x00007ffce47da000 	C:\Program Files\Java\jdk-19\bin\jimage.dll
0x00007ffcfe9c0000 - 0x00007ffcfeba4000 	C:\Windows\SYSTEM32\DBGHELP.DLL
0x00007ffcf8180000 - 0x00007ffcf81ac000 	C:\Windows\SYSTEM32\dbgcore.DLL
0x00007ffd084f0000 - 0x00007ffd08572000 	C:\Windows\System32\bcryptPrimitives.dll
0x00007ffcba650000 - 0x00007ffcba676000 	C:\Program Files\Java\jdk-19\bin\java.dll
0x00007ffcb5ad0000 - 0x00007ffcb5ba7000 	C:\Program Files\Java\jdk-19\bin\jsvml.dll
0x00007ffd08b60000 - 0x00007ffd092a3000 	C:\Windows\System32\SHELL32.dll
0x00007ffd05d60000 - 0x00007ffd064f1000 	C:\Windows\SYSTEM32\windows.storage.dll
0x00007ffd095f0000 - 0x00007ffd09944000 	C:\Windows\System32\combase.dll
0x00007ffd07690000 - 0x00007ffd076c0000 	C:\Windows\SYSTEM32\Wldp.dll
0x00007ffd0a3b0000 - 0x00007ffd0a45d000 	C:\Windows\System32\SHCORE.dll
0x00007ffd09a30000 - 0x00007ffd09a85000 	C:\Windows\System32\shlwapi.dll
0x00007ffd07be0000 - 0x00007ffd07bff000 	C:\Windows\SYSTEM32\profapi.dll
0x00007ffcba630000 - 0x00007ffcba643000 	C:\Program Files\Java\jdk-19\bin\net.dll
0x00007ffd014c0000 - 0x00007ffd015cd000 	C:\Windows\SYSTEM32\WINHTTP.dll
0x00007ffce9f70000 - 0x00007ffce9f7b000 	C:\Program Files\Common Files\SocksEscort\escortdrv.dll
0x00007ffd08a30000 - 0x00007ffd08b5a000 	C:\Windows\System32\ole32.dll
0x00007ffce9ef0000 - 0x00007ffce9f22000 	C:\Program Files\Common Files\SocksEscort\escengine.dll
0x00007ffd07380000 - 0x00007ffd073ea000 	C:\Windows\system32\mswsock.dll
0x00007ffcb5ab0000 - 0x00007ffcb5ac6000 	C:\Program Files\Java\jdk-19\bin\nio.dll
0x00007ffcb5a90000 - 0x00007ffcb5aa8000 	C:\Program Files\Java\jdk-19\bin\zip.dll
0x00007ffce3870000 - 0x00007ffce3880000 	C:\Program Files\Java\jdk-19\bin\verify.dll

dbghelp: loaded successfully - version: 4.0.5 - missing functions: none
symbol engine: initialized successfully - sym options: 0x614 - pdb path: .;C:\Program Files\Java\jdk-19\bin;C:\Windows\SYSTEM32;C:\Windows\WinSxS\amd64_microsoft.windows.common-controls_6595b64144ccf1df_6.0.19041.1110_none_60b5254171f9507e;C:\Program Files\Java\jdk-19\bin\server;C:\Program Files\Common Files\SocksEscort

VM Arguments:
java_command: org.jetbrains.kotlin.cli.jvm.K2JVMCompiler @D:\study\da_nen_tang\facebook-app-clone\node_modules\@react-native\gradle-plugin\build\20231128_10395611145252509264.compiler.options
java_class_path (initial): C:\Users\ADMIN\.gradle\caches\modules-2\files-2.1\org.jetbrains.kotlin\kotlin-compiler-embeddable\1.7.22\1a39d9a56c9d1618300cd3444f070a5399663403\kotlin-compiler-embeddable-1.7.22.jar;C:\Users\ADMIN\.gradle\caches\modules-2\files-2.1\org.jetbrains.kotlin\kotlin-reflect\1.7.22\e61a16c5c838d324529a6aa72dfb88ea98958a29\kotlin-reflect-1.7.22.jar;C:\Users\ADMIN\.gradle\caches\modules-2\files-2.1\org.jetbrains.kotlin\kotlin-stdlib\1.7.22\9fb43bccb6cf8cfaaf3776c75f5df4f052f09b72\kotlin-stdlib-1.7.22.jar;C:\Users\ADMIN\.gradle\caches\modules-2\files-2.1\org.jetbrains.kotlin\kotlin-script-runtime\1.7.22\703a4d56168f3517532bc04481e3c8b751f685cb\kotlin-script-runtime-1.7.22.jar;C:\Users\ADMIN\.gradle\caches\modules-2\files-2.1\org.jetbrains.kotlin\kotlin-daemon-embeddable\1.7.22\a4f231458e1bb6fffbb8e1224f97d20a3ecc9c83\kotlin-daemon-embeddable-1.7.22.jar;C:\Users\ADMIN\.gradle\caches\modules-2\files-2.1\org.jetbrains.intellij.deps\trove4j\1.0.20200330\3afb14d5f9ceb459d724e907a21145e8ff394f02\trove4j-1.0.20200330.jar;C:\Users\ADMIN\.gradle\caches\modules-2\files-2.1\net.java.dev.jna\jna\5.6.0\330f2244e9030119ab3030fc3fededc86713d9cc\jna-5.6.0.jar;C:\Users\ADMIN\.gradle\caches\modules-2\files-2.1\org.jetbrains.kotlin\kotlin-stdlib-common\1.7.22\5dd2c9dcf64c94b46cf4bdb6fa4035b9bb726e2e\kotlin-stdlib-common-1.7.22.jar;C:\Users\ADMIN\.gradle\caches\modules-2\files-2.1\org.jetbrains\annotations\13.0\919f0dfe192fb4e063e7dacadee7f8bb9a2672a9\annotations-13.0.jar
Launcher Type: SUN_STANDARD

[Global flags]
     intx CICompilerCount                          = 4                                         {product} {ergonomic}
     uint ConcGCThreads                            = 3                                         {product} {ergonomic}
     uint G1ConcRefinementThreads                  = 10                                        {product} {ergonomic}
   size_t G1HeapRegionSize                         = 1048576                                   {product} {ergonomic}
    uintx GCDrainStackTargetSize                   = 64                                        {product} {ergonomic}
   size_t InitialHeapSize                          = 125829120                                 {product} {ergonomic}
   size_t MarkStackSize                            = 4194304                                   {product} {ergonomic}
   size_t MaxHeapSize                              = 1988100096                                {product} {ergonomic}
   size_t MaxNewSize                               = 1192230912                                {product} {ergonomic}
   size_t MinHeapDeltaBytes                        = 1048576                                   {product} {ergonomic}
   size_t MinHeapSize                              = 8388608                                   {product} {ergonomic}
    uintx NonNMethodCodeHeapSize                   = 5839372                                {pd product} {ergonomic}
    uintx NonProfiledCodeHeapSize                  = 122909434                              {pd product} {ergonomic}
    uintx ProfiledCodeHeapSize                     = 122909434                              {pd product} {ergonomic}
    uintx ReservedCodeCacheSize                    = 251658240                              {pd product} {ergonomic}
     bool SegmentedCodeCache                       = true                                      {product} {ergonomic}
   size_t SoftMaxHeapSize                          = 1988100096                             {manageable} {ergonomic}
     bool UseCompressedClassPointers               = true                           {product lp64_product} {ergonomic}
     bool UseCompressedOops                        = true                           {product lp64_product} {ergonomic}
     bool UseG1GC                                  = true                                      {product} {ergonomic}
     bool UseLargePagesIndividualAllocation        = false                                  {pd product} {ergonomic}

Logging:
Log output configuration:
 #0: stdout all=warning uptime,level,tags foldmultilines=false
 #1: stderr all=off uptime,level,tags foldmultilines=false

Environment Variables:
JAVA_HOME=C:\Program Files\Java\jdk-19
CLASSPATH=D:\study\da_nen_tang\facebook-app-clone\android\\gradle\wrapper\gradle-wrapper.jar
PATH=D:\study\da_nen_tang\facebook-app-clone\node_modules\.bin;D:\study\da_nen_tang\node_modules\.bin;D:\study\node_modules\.bin;D:\node_modules\.bin;C:\Users\ADMIN\AppData\Roaming\nvm\v16.15.0\node_modules\npm\node_modules\@npmcli\run-script\lib\node-gyp-bin;C:\Users\ADMIN\AppData\Local\Temp\yarn--1701170295367-0.281095392499382;D:\study\da_nen_tang\facebook-app-clone\node_modules\.bin;C:\Users\ADMIN\AppData\Local\Yarn\Data\link\node_modules\.bin;C:\Users\ADMIN\AppData\Local\Yarn\bin;C:\Program Files\libexec\lib\node_modules\npm\bin\node-gyp-bin;C:\Program Files\lib\node_modules\npm\bin\node-gyp-bin;C:\Program Files\nodejs\node_modules\npm\bin\node-gyp-bin;C:\Program Files\Common Files\Oracle\Java\javapath;C:\Windows\system32;C:\Windows;C:\Windows\System32\Wbem;C:\Windows\System32\WindowsPowerShell\v1.0\;C:\Windows\System32\OpenSSH\;C:\Program Files\Java\jdk-19\bin;C:\Program Files\Git\cmd;C:\MinGW\bin;%NVM_HOME%;%NVM_SYMLINK%;C:\Users\ADMIN\AppData\Local\Android\Sdk\platform-tools;C:\Program Files\MySQL\MySQL Shell 8.0\bin\;C:\Users\ADMIN\AppData\Local\Microsoft\WindowsApps;C:\Users\ADMIN\AppData\Local\Programs\Microsoft VS Code\bin;C:\Users\ADMIN\AppData\Local\Programs\Python\Python311;C:\Users\ADMIN\AppData\Local\Programs\Python\Python311\Scripts;C:\Users\ADMIN\AppData\Roaming\npm;C:\Users\ADMIN\AppData\Local\Programs\EmEditor;C:\Users\ADMIN\AppData\Roaming\nvm;C:\Program Files\nodejs;
USERNAME=ADMIN
LANG=en_US.UTF-8
OS=Windows_NT
PROCESSOR_IDENTIFIER=AMD64 Family 23 Model 96 Stepping 1, AuthenticAMD
TMP=C:\Users\ADMIN\AppData\Local\Temp
TEMP=C:\Users\ADMIN\AppData\Local\Temp



---------------  S Y S T E M  ---------------

OS:
 Windows 10 , 64 bit Build 19041 (10.0.19041.1889)
OS uptime: 0 days 7:26 hours

CPU: total 12 (initial active 12) (12 cores per cpu, 2 threads per core) family 23 model 96 stepping 1 microcode 0x0, cx8, cmov, fxsr, ht, mmx, 3dnowpref, sse, sse2, sse3, ssse3, sse4a, sse4.1, sse4.2, popcnt, lzcnt, tsc, tscinvbit, avx, avx2, aes, clmul, bmi1, bmi2, adx, sha, fma, vzeroupper, clflush, clflushopt, rdtscp, rdpid

Memory: 4k page, system-wide physical 7579M (394M free)
TotalPageFile size 11675M (AvailPageFile size 5M)
current process WorkingSet (physical memory assigned to process): 139M, peak: 141M
current process commit charge ("private bytes"): 262M, peak: 263M

vm_info: Java HotSpot(TM) 64-Bit Server VM (19.0.1+10-21) for windows-amd64 JRE (19.0.1+10-21), built on 2022-09-14T12:45:06Z by "mach5one" with MS VC++ 17.1 (VS2022)

END.
