#
# There is insufficient memory for the Java Runtime Environment to continue.
# Native memory allocation (malloc) failed to allocate 66096 bytes for Chunk::new
# Possible reasons:
#   The system is out of physical RAM or swap space
#   The process is running with CompressedOops enabled, and the Java Heap may be blocking the growth of the native heap
# Possible solutions:
#   Reduce memory load on the system
#   Increase physical memory or swap space
#   Check if swap backing store is full
#   Decrease Java heap size (-Xmx/-Xms)
#   Decrease number of Java threads
#   Decrease Java thread stack sizes (-Xss)
#   Set larger code cache with -XX:ReservedCodeCacheSize=
#   JVM is running with Unscaled Compressed Oops mode in which the Java heap is
#     placed in the first 4GB address space. The Java Heap base address is the
#     maximum limit for the native heap growth. Please use -XX:HeapBaseMinAddress
#     to set the Java Heap base and to place the Java Heap above 4GB virtual address.
# This output file may be truncated or incomplete.
#
#  Out of Memory Error (arena.cpp:184), pid=9780, tid=7844
#
# JRE version: Java(TM) SE Runtime Environment (19.0.1+10) (build 19.0.1+10-21)
# Java VM: Java HotSpot(TM) 64-Bit Server VM (19.0.1+10-21, mixed mode, sharing, tiered, compressed oops, compressed class ptrs, g1 gc, windows-amd64)
# No core dump will be written. Minidumps are not enabled by default on client versions of Windows
#

---------------  S U M M A R Y ------------

Command Line: org.jetbrains.kotlin.cli.jvm.K2JVMCompiler @D:\study\da_nen_tang\facebook-app-clone\node_modules\react-native-gesture-handler\android\build\20231217_259314171055696714.compiler.options

Host: AMD Ryzen 5 4600H with Radeon Graphics         , 12 cores, 7G,  Windows 10 , 64 bit Build 19041 (10.0.19041.1889)
Time: Sun Dec 17 22:43:38 2023 SE Asia Standard Time elapsed time: 12.279154 seconds (0d 0h 0m 12s)

---------------  T H R E A D  ---------------

Current thread (0x000001ade2695030):  JavaThread "C2 CompilerThread0" daemon [_thread_in_native, id=7844, stack(0x000000120f100000,0x000000120f200000)]


Current CompileTask:
C2:  12279 7336       4       org.jetbrains.kotlin.serialization.deserialization.descriptors.DeserializedMemberScope::getContributedVariables (24 bytes)

Stack: [0x000000120f100000,0x000000120f200000]
Native frames: (J=compiled Java code, j=interpreted, Vv=VM code, C=native code)
V  [jvm.dll+0x6ee8fa]
V  [jvm.dll+0x857a1e]
V  [jvm.dll+0x85940e]
V  [jvm.dll+0x859ac3]
V  [jvm.dll+0x28291f]
V  [jvm.dll+0xc9b5f]
V  [jvm.dll+0xc9ee5]
V  [jvm.dll+0x3bcb72]
V  [jvm.dll+0x1eddb4]
V  [jvm.dll+0x24c41b]
V  [jvm.dll+0x24b671]
V  [jvm.dll+0x1d6d61]
V  [jvm.dll+0x25b0fa]
V  [jvm.dll+0x259588]
V  [jvm.dll+0x807928]
V  [jvm.dll+0x8015fa]
V  [jvm.dll+0x6ed5eb]
C  [ucrtbase.dll+0x21bb2]
C  [KERNEL32.DLL+0x17034]
C  [ntdll.dll+0x526a1]


---------------  P R O C E S S  ---------------

Threads class SMR info:
_java_thread_list=0x000001adec1671e0, length=12, elements={
0x000001adc3ede020, 0x000001ade268ce80, 0x000001ade268e210, 0x000001ade268ffa0,
0x000001ade2691ce0, 0x000001ade2692db0, 0x000001ade2693820, 0x000001ade2695030,
0x000001ade269b010, 0x000001ade26a7be0, 0x000001ade68f5480, 0x000001ade68fbe40
}

Java Threads: ( => current thread )
  0x000001adc3ede020 JavaThread "main" [_thread_in_vm, id=5348, stack(0x000000120e400000,0x000000120e500000)]
  0x000001ade268ce80 JavaThread "Reference Handler" daemon [_thread_blocked, id=1900, stack(0x000000120eb00000,0x000000120ec00000)]
  0x000001ade268e210 JavaThread "Finalizer" daemon [_thread_blocked, id=6884, stack(0x000000120ec00000,0x000000120ed00000)]
  0x000001ade268ffa0 JavaThread "Signal Dispatcher" daemon [_thread_blocked, id=272, stack(0x000000120ed00000,0x000000120ee00000)]
  0x000001ade2691ce0 JavaThread "Attach Listener" daemon [_thread_blocked, id=13196, stack(0x000000120ee00000,0x000000120ef00000)]
  0x000001ade2692db0 JavaThread "Service Thread" daemon [_thread_blocked, id=4124, stack(0x000000120ef00000,0x000000120f000000)]
  0x000001ade2693820 JavaThread "Monitor Deflation Thread" daemon [_thread_blocked, id=10752, stack(0x000000120f000000,0x000000120f100000)]
=>0x000001ade2695030 JavaThread "C2 CompilerThread0" daemon [_thread_in_native, id=7844, stack(0x000000120f100000,0x000000120f200000)]
  0x000001ade269b010 JavaThread "C1 CompilerThread0" daemon [_thread_blocked, id=2944, stack(0x000000120f200000,0x000000120f300000)]
  0x000001ade26a7be0 JavaThread "Sweeper thread" daemon [_thread_blocked, id=13952, stack(0x000000120f300000,0x000000120f400000)]
  0x000001ade68f5480 JavaThread "Notification Thread" daemon [_thread_blocked, id=9024, stack(0x000000120f400000,0x000000120f500000)]
  0x000001ade68fbe40 JavaThread "Common-Cleaner" daemon [_thread_blocked, id=15068, stack(0x000000120f600000,0x000000120f700000)]

Other Threads:
  0x000001ade2671c00 VMThread "VM Thread" [stack: 0x000000120ea00000,0x000000120eb00000] [id=3648]
  0x000001ade68fb9e0 WatcherThread "VM Periodic Task Thread" [stack: 0x000000120f500000,0x000000120f600000] [id=8644]
  0x000001adc3f3c510 WorkerThread "GC Thread#0" [stack: 0x000000120e500000,0x000000120e600000] [id=14996]
  0x000001ade7436860 WorkerThread "GC Thread#1" [stack: 0x000000120f900000,0x000000120fa00000] [id=13292]
  0x000001ade6bfeca0 WorkerThread "GC Thread#2" [stack: 0x000000120fa00000,0x000000120fb00000] [id=13580]
  0x000001ade74519c0 WorkerThread "GC Thread#3" [stack: 0x000000120fb00000,0x000000120fc00000] [id=13992]
  0x000001ade7450e80 WorkerThread "GC Thread#4" [stack: 0x000000120fc00000,0x000000120fd00000] [id=12536]
  0x000001ade74508e0 WorkerThread "GC Thread#5" [stack: 0x000000120fd00000,0x000000120fe00000] [id=7080]
  0x000001ade7451c90 WorkerThread "GC Thread#6" [stack: 0x000000120f800000,0x000000120f900000] [id=13496]
  0x000001ade7451f60 WorkerThread "GC Thread#7" [stack: 0x000000120fe00000,0x000000120ff00000] [id=13640]
  0x000001ade7452230 WorkerThread "GC Thread#8" [stack: 0x000000120ff00000,0x0000001210000000] [id=3832]
  0x000001ade7452500 WorkerThread "GC Thread#9" [stack: 0x0000001210000000,0x0000001210100000] [id=12236]
  0x000001adc3f4c170 ConcurrentGCThread "G1 Main Marker" [stack: 0x000000120e600000,0x000000120e700000] [id=13876]
  0x000001adc3f4cd40 WorkerThread "G1 Conc#0" [stack: 0x000000120e700000,0x000000120e800000] [id=1136]
  0x000001ade79f9320 WorkerThread "G1 Conc#1" [stack: 0x0000001210200000,0x0000001210300000] [id=3476]
  0x000001ade79f7430 WorkerThread "G1 Conc#2" [stack: 0x0000001210300000,0x0000001210400000] [id=284]
  0x000001adc3f9e090 ConcurrentGCThread "G1 Refine#0" [stack: 0x000000120e800000,0x000000120e900000] [id=9196]
  0x000001adc3f9ead0 ConcurrentGCThread "G1 Service" [stack: 0x000000120e900000,0x000000120ea00000] [id=12132]

Threads with active compile tasks:
C2 CompilerThread0    12359 7336       4       org.jetbrains.kotlin.serialization.deserialization.descriptors.DeserializedMemberScope::getContributedVariables (24 bytes)

VM state: not at safepoint (normal execution)

VM Mutex/Monitor currently owned by a thread:  ([mutex/lock_event])
[0x000001adc3ed7800] Metaspace_lock - owner thread: 0x000001adc3ede020

Heap address: 0x0000000089800000, size: 1896 MB, Compressed Oops mode: 32-bit

CDS archive(s) mapped at: [0x0000000800000000-0x0000000800c40000-0x0000000800c40000), size 12845056, SharedBaseAddress: 0x0000000800000000, ArchiveRelocationMode: 0.
Compressed class space mapped at: 0x0000000801000000-0x0000000841000000, reserved size: 1073741824
Narrow klass base: 0x0000000800000000, Narrow klass shift: 0, Narrow klass range: 0x100000000

GC Precious Log:
 CardTable entry size: 512
 Card Set container configuration: InlinePtr #cards 5 size 8 Array Of Cards #cards 12 size 40 Howl #buckets 4 coarsen threshold 1843 Howl Bitmap #cards 512 size 80 coarsen threshold 460 Card regions per heap region 1 cards per card region 2048
 CPUs: 12 total, 12 available
 Memory: 7579M
 Large Page Support: Disabled
 NUMA Support: Disabled
 Compressed Oops: Enabled (32-bit)
 Heap Region Size: 1M
 Heap Min Capacity: 8M
 Heap Initial Capacity: 120M
 Heap Max Capacity: 1896M
 Pre-touch: Disabled
 Parallel Workers: 10
 Concurrent Workers: 3
 Concurrent Refinement Workers: 10
 Periodic GC: Disabled

Heap:
 garbage-first heap   total 89088K, used 56987K [0x0000000089800000, 0x0000000100000000)
  region size 1024K, 20 young (20480K), 4 survivors (4096K)
 Metaspace       used 53373K, committed 54144K, reserved 1114112K
  class space    used 6379K, committed 6784K, reserved 1048576K

Heap Regions: E=young(eden), S=young(survivor), O=old, HS=humongous(starts), HC=humongous(continues), CS=collection set, F=free, OA=open archive, CA=closed archive, TAMS=top-at-mark-start (previous, next)
|   0|0x0000000089800000, 0x0000000089900000, 0x0000000089900000|100%|HS|  |TAMS 0x0000000089900000, 0x0000000089800000| Complete 
|   1|0x0000000089900000, 0x0000000089a00000, 0x0000000089a00000|100%|HC|  |TAMS 0x0000000089a00000, 0x0000000089900000| Complete 
|   2|0x0000000089a00000, 0x0000000089b00000, 0x0000000089b00000|100%|HC|  |TAMS 0x0000000089b00000, 0x0000000089a00000| Complete 
|   3|0x0000000089b00000, 0x0000000089c00000, 0x0000000089c00000|100%| O|  |TAMS 0x0000000089c00000, 0x0000000089b00000| Untracked 
|   4|0x0000000089c00000, 0x0000000089d00000, 0x0000000089d00000|100%| O|  |TAMS 0x0000000089c00000, 0x0000000089c00000| Untracked 
|   5|0x0000000089d00000, 0x0000000089dee200, 0x0000000089e00000| 93%| O|  |TAMS 0x0000000089dee200, 0x0000000089d00000| Untracked 
|   6|0x0000000089e00000, 0x0000000089f00000, 0x0000000089f00000|100%|HS|  |TAMS 0x0000000089f00000, 0x0000000089e00000| Complete 
|   7|0x0000000089f00000, 0x000000008a000000, 0x000000008a000000|100%|HC|  |TAMS 0x000000008a000000, 0x0000000089f00000| Complete 
|   8|0x000000008a000000, 0x000000008a100000, 0x000000008a100000|100%|HC|  |TAMS 0x000000008a100000, 0x000000008a000000| Complete 
|   9|0x000000008a100000, 0x000000008a200000, 0x000000008a200000|100%|HS|  |TAMS 0x000000008a100000, 0x000000008a100000| Complete 
|  10|0x000000008a200000, 0x000000008a300000, 0x000000008a300000|100%|HC|  |TAMS 0x000000008a200000, 0x000000008a200000| Complete 
|  11|0x000000008a300000, 0x000000008a400000, 0x000000008a400000|100%| O|  |TAMS 0x000000008a400000, 0x000000008a300000| Untracked 
|  12|0x000000008a400000, 0x000000008a500000, 0x000000008a500000|100%| O|  |TAMS 0x000000008a500000, 0x000000008a400000| Untracked 
|  13|0x000000008a500000, 0x000000008a600000, 0x000000008a600000|100%| O|  |TAMS 0x000000008a600000, 0x000000008a500000| Untracked 
|  14|0x000000008a600000, 0x000000008a700000, 0x000000008a700000|100%| O|  |TAMS 0x000000008a700000, 0x000000008a600000| Untracked 
|  15|0x000000008a700000, 0x000000008a800000, 0x000000008a800000|100%| O|  |TAMS 0x000000008a800000, 0x000000008a700000| Untracked 
|  16|0x000000008a800000, 0x000000008a900000, 0x000000008a900000|100%| O|  |TAMS 0x000000008a900000, 0x000000008a800000| Untracked 
|  17|0x000000008a900000, 0x000000008aa00000, 0x000000008aa00000|100%| O|  |TAMS 0x000000008aa00000, 0x000000008a900000| Untracked 
|  18|0x000000008aa00000, 0x000000008ab00000, 0x000000008ab00000|100%| O|  |TAMS 0x000000008aa00000, 0x000000008aa00000| Untracked 
|  19|0x000000008ab00000, 0x000000008ac00000, 0x000000008ac00000|100%| O|  |TAMS 0x000000008ab00000, 0x000000008ab00000| Untracked 
|  20|0x000000008ac00000, 0x000000008ad00000, 0x000000008ad00000|100%| O|  |TAMS 0x000000008ac00000, 0x000000008ac00000| Untracked 
|  21|0x000000008ad00000, 0x000000008ae00000, 0x000000008ae00000|100%| O|  |TAMS 0x000000008ad00000, 0x000000008ad00000| Untracked 
|  22|0x000000008ae00000, 0x000000008af00000, 0x000000008af00000|100%| O|  |TAMS 0x000000008ae00000, 0x000000008ae00000| Untracked 
|  23|0x000000008af00000, 0x000000008b000000, 0x000000008b000000|100%| O|  |TAMS 0x000000008b000000, 0x000000008af00000| Untracked 
|  24|0x000000008b000000, 0x000000008b100000, 0x000000008b100000|100%| O|  |TAMS 0x000000008b100000, 0x000000008b000000| Untracked 
|  25|0x000000008b100000, 0x000000008b200000, 0x000000008b200000|100%| O|  |TAMS 0x000000008b200000, 0x000000008b100000| Untracked 
|  26|0x000000008b200000, 0x000000008b300000, 0x000000008b300000|100%| O|  |TAMS 0x000000008b300000, 0x000000008b200000| Untracked 
|  27|0x000000008b300000, 0x000000008b400000, 0x000000008b400000|100%| O|  |TAMS 0x000000008b300000, 0x000000008b300000| Untracked 
|  28|0x000000008b400000, 0x000000008b500000, 0x000000008b500000|100%| O|  |TAMS 0x000000008b400000, 0x000000008b400000| Untracked 
|  29|0x000000008b500000, 0x000000008b600000, 0x000000008b600000|100%| O|  |TAMS 0x000000008b500000, 0x000000008b500000| Untracked 
|  30|0x000000008b600000, 0x000000008b6b8a00, 0x000000008b700000| 72%| O|  |TAMS 0x000000008b600000, 0x000000008b600000| Untracked 
|  31|0x000000008b700000, 0x000000008b700000, 0x000000008b800000|  0%| F|  |TAMS 0x000000008b700000, 0x000000008b700000| Untracked 
|  32|0x000000008b800000, 0x000000008b800000, 0x000000008b900000|  0%| F|  |TAMS 0x000000008b800000, 0x000000008b800000| Untracked 
|  33|0x000000008b900000, 0x000000008b900000, 0x000000008ba00000|  0%| F|  |TAMS 0x000000008b900000, 0x000000008b900000| Untracked 
|  34|0x000000008ba00000, 0x000000008ba00000, 0x000000008bb00000|  0%| F|  |TAMS 0x000000008ba00000, 0x000000008ba00000| Untracked 
|  35|0x000000008bb00000, 0x000000008bc00000, 0x000000008bc00000|100%| O|  |TAMS 0x000000008bb00000, 0x000000008bb00000| Untracked 
|  36|0x000000008bc00000, 0x000000008bd00000, 0x000000008bd00000|100%| O|  |TAMS 0x000000008bc00000, 0x000000008bc00000| Untracked 
|  37|0x000000008bd00000, 0x000000008be00000, 0x000000008be00000|100%| O|  |TAMS 0x000000008bd00000, 0x000000008bd00000| Untracked 
|  38|0x000000008be00000, 0x000000008bf00000, 0x000000008bf00000|100%| O|  |TAMS 0x000000008be00000, 0x000000008be00000| Untracked 
|  39|0x000000008bf00000, 0x000000008c000000, 0x000000008c000000|100%| O|  |TAMS 0x000000008bf00000, 0x000000008bf00000| Untracked 
|  40|0x000000008c000000, 0x000000008c100000, 0x000000008c100000|100%| O|  |TAMS 0x000000008c000000, 0x000000008c000000| Untracked 
|  41|0x000000008c100000, 0x000000008c100000, 0x000000008c200000|  0%| F|  |TAMS 0x000000008c100000, 0x000000008c100000| Untracked 
|  42|0x000000008c200000, 0x000000008c200000, 0x000000008c300000|  0%| F|  |TAMS 0x000000008c200000, 0x000000008c200000| Untracked 
|  43|0x000000008c300000, 0x000000008c300000, 0x000000008c400000|  0%| F|  |TAMS 0x000000008c300000, 0x000000008c300000| Untracked 
|  44|0x000000008c400000, 0x000000008c400000, 0x000000008c500000|  0%| F|  |TAMS 0x000000008c400000, 0x000000008c400000| Untracked 
|  45|0x000000008c500000, 0x000000008c500000, 0x000000008c600000|  0%| F|  |TAMS 0x000000008c500000, 0x000000008c500000| Untracked 
|  46|0x000000008c600000, 0x000000008c600000, 0x000000008c700000|  0%| F|  |TAMS 0x000000008c600000, 0x000000008c600000| Untracked 
|  47|0x000000008c700000, 0x000000008c700000, 0x000000008c800000|  0%| F|  |TAMS 0x000000008c700000, 0x000000008c700000| Untracked 
|  48|0x000000008c800000, 0x000000008c800000, 0x000000008c900000|  0%| F|  |TAMS 0x000000008c800000, 0x000000008c800000| Untracked 
|  49|0x000000008c900000, 0x000000008ca00000, 0x000000008ca00000|100%| S|CS|TAMS 0x000000008c900000, 0x000000008c900000| Complete 
|  50|0x000000008ca00000, 0x000000008ca00000, 0x000000008cb00000|  0%| F|  |TAMS 0x000000008ca00000, 0x000000008ca00000| Untracked 
|  51|0x000000008cb00000, 0x000000008cb00000, 0x000000008cc00000|  0%| F|  |TAMS 0x000000008cb00000, 0x000000008cb00000| Untracked 
|  52|0x000000008cc00000, 0x000000008cc00000, 0x000000008cd00000|  0%| F|  |TAMS 0x000000008cc00000, 0x000000008cc00000| Untracked 
|  53|0x000000008cd00000, 0x000000008cd00000, 0x000000008ce00000|  0%| F|  |TAMS 0x000000008cd00000, 0x000000008cd00000| Untracked 
|  54|0x000000008ce00000, 0x000000008cf00000, 0x000000008cf00000|100%| S|CS|TAMS 0x000000008ce00000, 0x000000008ce00000| Complete 
|  55|0x000000008cf00000, 0x000000008d000000, 0x000000008d000000|100%| S|CS|TAMS 0x000000008cf00000, 0x000000008cf00000| Complete 
|  56|0x000000008d000000, 0x000000008d100000, 0x000000008d100000|100%| S|CS|TAMS 0x000000008d000000, 0x000000008d000000| Complete 
|  57|0x000000008d100000, 0x000000008d100000, 0x000000008d200000|  0%| F|  |TAMS 0x000000008d100000, 0x000000008d100000| Untracked 
|  58|0x000000008d200000, 0x000000008d200000, 0x000000008d300000|  0%| F|  |TAMS 0x000000008d200000, 0x000000008d200000| Untracked 
|  59|0x000000008d300000, 0x000000008d300000, 0x000000008d400000|  0%| F|  |TAMS 0x000000008d300000, 0x000000008d300000| Untracked 
|  60|0x000000008d400000, 0x000000008d400000, 0x000000008d500000|  0%| F|  |TAMS 0x000000008d400000, 0x000000008d400000| Untracked 
|  61|0x000000008d500000, 0x000000008d500000, 0x000000008d600000|  0%| F|  |TAMS 0x000000008d500000, 0x000000008d500000| Untracked 
|  62|0x000000008d600000, 0x000000008d600000, 0x000000008d700000|  0%| F|  |TAMS 0x000000008d600000, 0x000000008d600000| Untracked 
|  63|0x000000008d700000, 0x000000008d700000, 0x000000008d800000|  0%| F|  |TAMS 0x000000008d700000, 0x000000008d700000| Untracked 
|  64|0x000000008d800000, 0x000000008d800000, 0x000000008d900000|  0%| F|  |TAMS 0x000000008d800000, 0x000000008d800000| Untracked 
|  65|0x000000008d900000, 0x000000008d900000, 0x000000008da00000|  0%| F|  |TAMS 0x000000008d900000, 0x000000008d900000| Untracked 
|  66|0x000000008da00000, 0x000000008da00000, 0x000000008db00000|  0%| F|  |TAMS 0x000000008da00000, 0x000000008da00000| Untracked 
|  67|0x000000008db00000, 0x000000008db00000, 0x000000008dc00000|  0%| F|  |TAMS 0x000000008db00000, 0x000000008db00000| Untracked 
|  68|0x000000008dc00000, 0x000000008dc00000, 0x000000008dd00000|  0%| F|  |TAMS 0x000000008dc00000, 0x000000008dc00000| Untracked 
|  69|0x000000008dd00000, 0x000000008dd00000, 0x000000008de00000|  0%| F|  |TAMS 0x000000008dd00000, 0x000000008dd00000| Untracked 
|  70|0x000000008de00000, 0x000000008de00000, 0x000000008df00000|  0%| F|  |TAMS 0x000000008de00000, 0x000000008de00000| Untracked 
|  71|0x000000008df00000, 0x000000008df80800, 0x000000008e000000| 50%| E|  |TAMS 0x000000008df00000, 0x000000008df00000| Complete 
|  72|0x000000008e000000, 0x000000008e100000, 0x000000008e100000|100%| E|CS|TAMS 0x000000008e000000, 0x000000008e000000| Complete 
|  73|0x000000008e100000, 0x000000008e200000, 0x000000008e200000|100%| E|CS|TAMS 0x000000008e100000, 0x000000008e100000| Complete 
|  74|0x000000008e200000, 0x000000008e300000, 0x000000008e300000|100%| E|CS|TAMS 0x000000008e200000, 0x000000008e200000| Complete 
|  75|0x000000008e300000, 0x000000008e400000, 0x000000008e400000|100%| E|CS|TAMS 0x000000008e300000, 0x000000008e300000| Complete 
|  76|0x000000008e400000, 0x000000008e500000, 0x000000008e500000|100%| E|CS|TAMS 0x000000008e400000, 0x000000008e400000| Complete 
|  77|0x000000008e500000, 0x000000008e600000, 0x000000008e600000|100%| E|CS|TAMS 0x000000008e500000, 0x000000008e500000| Complete 
|  78|0x000000008e600000, 0x000000008e700000, 0x000000008e700000|100%| E|CS|TAMS 0x000000008e600000, 0x000000008e600000| Complete 
|  79|0x000000008e700000, 0x000000008e800000, 0x000000008e800000|100%| E|CS|TAMS 0x000000008e700000, 0x000000008e700000| Complete 
|  80|0x000000008e800000, 0x000000008e900000, 0x000000008e900000|100%| E|CS|TAMS 0x000000008e800000, 0x000000008e800000| Complete 
|  81|0x000000008e900000, 0x000000008ea00000, 0x000000008ea00000|100%| E|CS|TAMS 0x000000008e900000, 0x000000008e900000| Complete 
|  82|0x000000008ea00000, 0x000000008eb00000, 0x000000008eb00000|100%| E|CS|TAMS 0x000000008ea00000, 0x000000008ea00000| Complete 
|  83|0x000000008eb00000, 0x000000008ec00000, 0x000000008ec00000|100%| E|CS|TAMS 0x000000008eb00000, 0x000000008eb00000| Complete 
|  84|0x000000008ec00000, 0x000000008ed00000, 0x000000008ed00000|100%| E|CS|TAMS 0x000000008ec00000, 0x000000008ec00000| Complete 
|  85|0x000000008ed00000, 0x000000008ee00000, 0x000000008ee00000|100%| E|CS|TAMS 0x000000008ed00000, 0x000000008ed00000| Complete 
| 119|0x0000000090f00000, 0x0000000091000000, 0x0000000091000000|100%| E|CS|TAMS 0x0000000090f00000, 0x0000000090f00000| Complete 

Card table byte_map: [0x000001addb760000,0x000001addbb20000] _byte_map_base: 0x000001addb314000

Marking Bits (Prev, Next): (CMBitMap*) 0x000001adc3f3cb40, (CMBitMap*) 0x000001adc3f3cb80
 Prev Bits: [0x000001addbee0000, 0x000001adddc80000)
 Next Bits: [0x000001adddc80000, 0x000001addfa20000)

Polling page: 0x000001adc36a0000

Metaspace:

Usage:
  Non-class:     45.89 MB used.
      Class:      6.23 MB used.
       Both:     52.12 MB used.

Virtual space:
  Non-class space:       64.00 MB reserved,      46.25 MB ( 72%) committed,  1 nodes.
      Class space:        1.00 GB reserved,       6.62 MB ( <1%) committed,  1 nodes.
             Both:        1.06 GB reserved,      52.88 MB (  5%) committed. 

Chunk freelists:
   Non-Class:  1.30 MB
       Class:  1.20 MB
        Both:  2.50 MB

MaxMetaspaceSize: unlimited
CompressedClassSpaceSize: 1.00 GB
Initial GC threshold: 21.00 MB
Current GC threshold: 59.94 MB
CDS: on
MetaspaceReclaimPolicy: balanced
 - commit_granule_bytes: 65536.
 - commit_granule_words: 8192.
 - virtual_space_node_default_size: 8388608.
 - enlarge_chunks_in_place: 1.
 - new_chunks_are_fully_committed: 0.
 - uncommit_free_chunks: 1.
 - use_allocation_guard: 0.


Internal statistics:

num_allocs_failed_limit: 9.
num_arena_births: 1286.
num_arena_deaths: 0.
num_vsnodes_births: 2.
num_vsnodes_deaths: 0.
num_space_committed: 844.
num_space_uncommitted: 0.
num_chunks_returned_to_freelist: 9.
num_chunks_taken_from_freelist: 3481.
num_chunk_merges: 9.
num_chunk_splits: 2485.
num_chunks_enlarged: 1777.
num_inconsistent_stats: 0.

CodeHeap 'non-profiled nmethods': size=120000Kb used=3590Kb max_used=3590Kb free=116409Kb
 bounds [0x000001add3910000, 0x000001add3ca0000, 0x000001addae40000]
CodeHeap 'profiled nmethods': size=120000Kb used=14867Kb max_used=14867Kb free=105132Kb
 bounds [0x000001adcbe40000, 0x000001adcccd0000, 0x000001add3370000]
CodeHeap 'non-nmethods': size=5760Kb used=1402Kb max_used=1456Kb free=4358Kb
 bounds [0x000001add3370000, 0x000001add35e0000, 0x000001add3910000]
 total_blobs=7082 nmethods=6443 adapters=546
 compilation: enabled
              stopped_count=0, restarted_count=0
 full_count=0

Compilation events (20 events):
Event: 12.214 Thread 0x000001ade269b010 nmethod 7348 0x000001add3c8c410 code [0x000001add3c8c640, 0x000001add3c8cdc8]
Event: 12.214 Thread 0x000001ade269b010 7349       3       org.jetbrains.kotlin.resolve.calls.model.MutableResolvedCallAtom::getArgumentMappingByOriginal (17 bytes)
Event: 12.214 Thread 0x000001ade269b010 nmethod 7349 0x000001add3c8d090 code [0x000001add3c8d320, 0x000001add3c8dcf8]
Event: 12.215 Thread 0x000001ade269b010 7350       1       org.jetbrains.kotlin.resolve.calls.results.SingleOverloadResolutionResult::getResultingCall (5 bytes)
Event: 12.215 Thread 0x000001ade269b010 nmethod 7350 0x000001add3c8e110 code [0x000001add3c8e2a0, 0x000001add3c8e358]
Event: 12.215 Thread 0x000001ade269b010 7351       3       org.jetbrains.kotlin.resolve.calls.tower.NewAbstractResolvedCall::getValueArguments (24 bytes)
Event: 12.216 Thread 0x000001ade269b010 nmethod 7351 0x000001add3c8e410 code [0x000001add3c8e620, 0x000001add3c8ec58]
Event: 12.216 Thread 0x000001ade269b010 7353       3       org.jetbrains.kotlin.builtins.KotlinBuiltIns::isConstructedFromGivenClassAndNotNullable (41 bytes)
Event: 12.216 Thread 0x000001ade269b010 nmethod 7353 0x000001add3c8ee90 code [0x000001add3c8f0a0, 0x000001add3c8f608]
Event: 12.216 Thread 0x000001ade269b010 7352       1       org.jetbrains.kotlin.resolve.scopes.receivers.ExpressionReceiver$Companion$ExpressionReceiverImpl::getExpression (5 bytes)
Event: 12.216 Thread 0x000001ade269b010 nmethod 7352 0x000001add3c8f790 code [0x000001add3c8f920, 0x000001add3c8f9d8]
Event: 12.216 Thread 0x000001ade269b010 7354       3       javaslang.collection.HashMap::get (11 bytes)
Event: 12.217 Thread 0x000001ade269b010 nmethod 7354 0x000001adcccafe10 code [0x000001adcccaffe0, 0x000001adcccb0478]
Event: 12.217 Thread 0x000001ade269b010 7356       3       org.jetbrains.kotlin.resolve.calls.components.ClassicTypeSystemContextForCS::asSimpleType (6 bytes)
Event: 12.217 Thread 0x000001ade269b010 nmethod 7356 0x000001adcccb0610 code [0x000001adcccb07c0, 0x000001adcccb08e8]
Event: 12.217 Thread 0x000001ade269b010 7355       3       org.jetbrains.kotlin.resolve.calls.components.CheckArgumentsInParenthesis::workCount (34 bytes)
Event: 12.217 Thread 0x000001ade269b010 nmethod 7355 0x000001adcccb0990 code [0x000001adcccb0be0, 0x000001adcccb13f8]
Event: 12.217 Thread 0x000001ade269b010 7357       3       org.jetbrains.kotlin.resolve.calls.components.ArgumentsUtilsKt::isVararg (21 bytes)
Event: 12.217 Thread 0x000001ade269b010 nmethod 7357 0x000001adcccb1710 code [0x000001adcccb1920, 0x000001adcccb1fd8]
Event: 12.217 Thread 0x000001ade269b010 7358       3       org.jetbrains.kotlin.com.intellij.util.ArrayUtil::getComponentType (28 bytes)

GC Heap History (20 events):
Event: 2.516 GC heap before
{Heap before GC invocations=1 (full 0):
 garbage-first heap   total 122880K, used 39936K [0x0000000089800000, 0x0000000100000000)
  region size 1024K, 36 young (36864K), 3 survivors (3072K)
 Metaspace       used 14456K, committed 14720K, reserved 1114112K
  class space    used 1591K, committed 1728K, reserved 1048576K
}
Event: 2.533 GC heap after
{Heap after GC invocations=2 (full 0):
 garbage-first heap   total 122880K, used 9533K [0x0000000089800000, 0x0000000100000000)
  region size 1024K, 4 young (4096K), 4 survivors (4096K)
 Metaspace       used 14456K, committed 14720K, reserved 1114112K
  class space    used 1591K, committed 1728K, reserved 1048576K
}
Event: 3.315 GC heap before
{Heap before GC invocations=2 (full 0):
 garbage-first heap   total 122880K, used 36157K [0x0000000089800000, 0x0000000100000000)
  region size 1024K, 28 young (28672K), 4 survivors (4096K)
 Metaspace       used 21274K, committed 21504K, reserved 1114112K
  class space    used 2577K, committed 2688K, reserved 1048576K
}
Event: 3.326 GC heap after
{Heap after GC invocations=3 (full 0):
 garbage-first heap   total 122880K, used 14888K [0x0000000089800000, 0x0000000100000000)
  region size 1024K, 6 young (6144K), 6 survivors (6144K)
 Metaspace       used 21274K, committed 21504K, reserved 1114112K
  class space    used 2577K, committed 2688K, reserved 1048576K
}
Event: 4.190 GC heap before
{Heap before GC invocations=4 (full 0):
 garbage-first heap   total 58368K, used 45608K [0x0000000089800000, 0x0000000100000000)
  region size 1024K, 34 young (34816K), 6 survivors (6144K)
 Metaspace       used 26091K, committed 26368K, reserved 1114112K
  class space    used 3402K, committed 3520K, reserved 1048576K
}
Event: 4.212 GC heap after
{Heap after GC invocations=5 (full 0):
 garbage-first heap   total 58368K, used 21684K [0x0000000089800000, 0x0000000100000000)
  region size 1024K, 5 young (5120K), 5 survivors (5120K)
 Metaspace       used 26091K, committed 26368K, reserved 1114112K
  class space    used 3402K, committed 3520K, reserved 1048576K
}
Event: 4.234 GC heap before
{Heap before GC invocations=5 (full 0):
 garbage-first heap   total 58368K, used 22708K [0x0000000089800000, 0x0000000100000000)
  region size 1024K, 6 young (6144K), 5 survivors (5120K)
 Metaspace       used 26248K, committed 26560K, reserved 1114112K
  class space    used 3424K, committed 3584K, reserved 1048576K
}
Event: 4.243 GC heap after
{Heap after GC invocations=6 (full 0):
 garbage-first heap   total 58368K, used 22777K [0x0000000089800000, 0x0000000100000000)
  region size 1024K, 1 young (1024K), 1 survivors (1024K)
 Metaspace       used 26248K, committed 26560K, reserved 1114112K
  class space    used 3424K, committed 3584K, reserved 1048576K
}
Event: 4.684 GC heap before
{Heap before GC invocations=6 (full 0):
 garbage-first heap   total 58368K, used 42233K [0x0000000089800000, 0x0000000100000000)
  region size 1024K, 21 young (21504K), 1 survivors (1024K)
 Metaspace       used 30181K, committed 30400K, reserved 1114112K
  class space    used 3806K, committed 3904K, reserved 1048576K
}
Event: 4.690 GC heap after
{Heap after GC invocations=7 (full 0):
 garbage-first heap   total 116736K, used 22333K [0x0000000089800000, 0x0000000100000000)
  region size 1024K, 3 young (3072K), 3 survivors (3072K)
 Metaspace       used 30181K, committed 30400K, reserved 1114112K
  class space    used 3806K, committed 3904K, reserved 1048576K
}
Event: 5.767 GC heap before
{Heap before GC invocations=7 (full 0):
 garbage-first heap   total 116736K, used 55101K [0x0000000089800000, 0x0000000100000000)
  region size 1024K, 36 young (36864K), 3 survivors (3072K)
 Metaspace       used 36018K, committed 36736K, reserved 1114112K
  class space    used 4485K, committed 4864K, reserved 1048576K
}
Event: 5.779 GC heap after
{Heap after GC invocations=8 (full 0):
 garbage-first heap   total 116736K, used 24904K [0x0000000089800000, 0x0000000100000000)
  region size 1024K, 5 young (5120K), 5 survivors (5120K)
 Metaspace       used 36018K, committed 36736K, reserved 1114112K
  class space    used 4485K, committed 4864K, reserved 1048576K
}
Event: 7.477 GC heap before
{Heap before GC invocations=9 (full 0):
 garbage-first heap   total 89088K, used 76104K [0x0000000089800000, 0x0000000100000000)
  region size 1024K, 52 young (53248K), 5 survivors (5120K)
 Metaspace       used 41680K, committed 42432K, reserved 1114112K
  class space    used 5030K, committed 5440K, reserved 1048576K
}
Event: 7.497 GC heap after
{Heap after GC invocations=10 (full 0):
 garbage-first heap   total 89088K, used 33488K [0x0000000089800000, 0x0000000100000000)
  region size 1024K, 7 young (7168K), 7 survivors (7168K)
 Metaspace       used 41680K, committed 42432K, reserved 1114112K
  class space    used 5030K, committed 5440K, reserved 1048576K
}
Event: 7.503 GC heap before
{Heap before GC invocations=10 (full 0):
 garbage-first heap   total 89088K, used 34512K [0x0000000089800000, 0x0000000100000000)
  region size 1024K, 8 young (8192K), 7 survivors (7168K)
 Metaspace       used 41680K, committed 42432K, reserved 1114112K
  class space    used 5030K, committed 5440K, reserved 1048576K
}
Event: 7.513 GC heap after
{Heap after GC invocations=11 (full 0):
 garbage-first heap   total 89088K, used 34565K [0x0000000089800000, 0x0000000100000000)
  region size 1024K, 1 young (1024K), 1 survivors (1024K)
 Metaspace       used 41680K, committed 42432K, reserved 1114112K
  class space    used 5030K, committed 5440K, reserved 1048576K
}
Event: 9.249 GC heap before
{Heap before GC invocations=11 (full 0):
 garbage-first heap   total 89088K, used 66309K [0x0000000089800000, 0x0000000100000000)
  region size 1024K, 33 young (33792K), 1 survivors (1024K)
 Metaspace       used 47462K, committed 48256K, reserved 1114112K
  class space    used 5638K, committed 6080K, reserved 1048576K
}
Event: 9.260 GC heap after
{Heap after GC invocations=12 (full 0):
 garbage-first heap   total 89088K, used 37517K [0x0000000089800000, 0x0000000100000000)
  region size 1024K, 4 young (4096K), 4 survivors (4096K)
 Metaspace       used 47462K, committed 48256K, reserved 1114112K
  class space    used 5638K, committed 6080K, reserved 1048576K
}
Event: 10.516 GC heap before
{Heap before GC invocations=12 (full 0):
 garbage-first heap   total 89088K, used 68237K [0x0000000089800000, 0x0000000100000000)
  region size 1024K, 34 young (34816K), 4 survivors (4096K)
 Metaspace       used 51644K, committed 52480K, reserved 1114112K
  class space    used 6218K, committed 6656K, reserved 1048576K
}
Event: 10.533 GC heap after
{Heap after GC invocations=13 (full 0):
 garbage-first heap   total 89088K, used 41627K [0x0000000089800000, 0x0000000100000000)
  region size 1024K, 4 young (4096K), 4 survivors (4096K)
 Metaspace       used 51644K, committed 52480K, reserved 1114112K
  class space    used 6218K, committed 6656K, reserved 1048576K
}

Dll operation events (7 events):
Event: 0.009 Loaded shared library C:\Program Files\Java\jdk-19\bin\java.dll
Event: 0.020 Loaded shared library C:\Program Files\Java\jdk-19\bin\jsvml.dll
Event: 0.083 Loaded shared library C:\Program Files\Java\jdk-19\bin\net.dll
Event: 0.300 Loaded shared library C:\Program Files\Java\jdk-19\bin\nio.dll
Event: 0.334 Loaded shared library C:\Program Files\Java\jdk-19\bin\zip.dll
Event: 0.775 Loaded shared library C:\Program Files\Java\jdk-19\bin\jimage.dll
Event: 2.101 Loaded shared library C:\Program Files\Java\jdk-19\bin\verify.dll

Deoptimization events (20 events):
Event: 11.946 Thread 0x000001adc3ede020 Uncommon trap: trap_request=0xffffffde fr.pc=0x000001add3bdf688 relative=0x0000000000000848
Event: 11.946 Thread 0x000001adc3ede020 Uncommon trap: reason=class_check action=maybe_recompile pc=0x000001add3bdf688 method=org.jetbrains.kotlin.storage.LockBasedStorageManager$LockBasedLazyValue.invoke()Ljava/lang/Object; @ 24 c2
Event: 11.946 Thread 0x000001adc3ede020 DEOPT PACKING pc=0x000001add3bdf688 sp=0x000000120e4f7050
Event: 11.946 Thread 0x000001adc3ede020 DEOPT UNPACKING pc=0x000001add33d6da3 sp=0x000000120e4f6f38 mode 2
Event: 11.946 Thread 0x000001adc3ede020 Uncommon trap: trap_request=0xffffffde fr.pc=0x000001add3bdf688 relative=0x0000000000000848
Event: 11.946 Thread 0x000001adc3ede020 Uncommon trap: reason=class_check action=maybe_recompile pc=0x000001add3bdf688 method=org.jetbrains.kotlin.storage.LockBasedStorageManager$LockBasedLazyValue.invoke()Ljava/lang/Object; @ 24 c2
Event: 11.946 Thread 0x000001adc3ede020 DEOPT PACKING pc=0x000001add3bdf688 sp=0x000000120e4f71c0
Event: 11.946 Thread 0x000001adc3ede020 DEOPT UNPACKING pc=0x000001add33d6da3 sp=0x000000120e4f7090 mode 2
Event: 11.948 Thread 0x000001adc3ede020 Uncommon trap: trap_request=0xffffffde fr.pc=0x000001add3bc8734 relative=0x00000000000004b4
Event: 11.948 Thread 0x000001adc3ede020 Uncommon trap: reason=class_check action=maybe_recompile pc=0x000001add3bc8734 method=org.jetbrains.kotlin.storage.LockBasedStorageManager$LockBasedLazyValue.invoke()Ljava/lang/Object; @ 24 c2
Event: 11.948 Thread 0x000001adc3ede020 DEOPT PACKING pc=0x000001add3bc8734 sp=0x000000120e4f7040
Event: 11.948 Thread 0x000001adc3ede020 DEOPT UNPACKING pc=0x000001add33d6da3 sp=0x000000120e4f6f80 mode 2
Event: 11.948 Thread 0x000001adc3ede020 Uncommon trap: trap_request=0xffffffde fr.pc=0x000001add3be159c relative=0x000000000000059c
Event: 11.948 Thread 0x000001adc3ede020 Uncommon trap: reason=class_check action=maybe_recompile pc=0x000001add3be159c method=org.jetbrains.kotlin.storage.LockBasedStorageManager$LockBasedLazyValue.invoke()Ljava/lang/Object; @ 24 c2
Event: 11.948 Thread 0x000001adc3ede020 DEOPT PACKING pc=0x000001add3be159c sp=0x000000120e4f6be0
Event: 11.948 Thread 0x000001adc3ede020 DEOPT UNPACKING pc=0x000001add33d6da3 sp=0x000000120e4f6b90 mode 2
Event: 12.089 Thread 0x000001adc3ede020 Uncommon trap: trap_request=0xffffffde fr.pc=0x000001add3a1e084 relative=0x0000000000000064
Event: 12.089 Thread 0x000001adc3ede020 Uncommon trap: reason=class_check action=maybe_recompile pc=0x000001add3a1e084 method=java.util.Collections$UnmodifiableCollection.size()I @ 4 c2
Event: 12.089 Thread 0x000001adc3ede020 DEOPT PACKING pc=0x000001add3a1e084 sp=0x000000120e4f6f90
Event: 12.089 Thread 0x000001adc3ede020 DEOPT UNPACKING pc=0x000001add33d6da3 sp=0x000000120e4f6f18 mode 2

Classes loaded (20 events):
Event: 10.002 Loading class java/util/stream/ReferencePipeline$StatefulOp done
Event: 10.002 Loading class java/util/stream/SortedOps$OfRef done
Event: 10.002 Loading class java/util/stream/SortedOps$RefSortingSink
Event: 10.002 Loading class java/util/stream/SortedOps$AbstractRefSortingSink
Event: 10.003 Loading class java/util/stream/SortedOps$AbstractRefSortingSink done
Event: 10.003 Loading class java/util/stream/SortedOps$RefSortingSink done
Event: 11.598 Loading class jdk/internal/math/FloatingDecimal
Event: 11.599 Loading class jdk/internal/math/FloatingDecimal done
Event: 11.599 Loading class jdk/internal/math/FloatingDecimal$ExceptionalBinaryToASCIIBuffer
Event: 11.599 Loading class jdk/internal/math/FloatingDecimal$BinaryToASCIIConverter
Event: 11.599 Loading class jdk/internal/math/FloatingDecimal$BinaryToASCIIConverter done
Event: 11.599 Loading class jdk/internal/math/FloatingDecimal$ExceptionalBinaryToASCIIBuffer done
Event: 11.599 Loading class jdk/internal/math/FloatingDecimal$BinaryToASCIIBuffer
Event: 11.600 Loading class jdk/internal/math/FloatingDecimal$BinaryToASCIIBuffer done
Event: 11.600 Loading class jdk/internal/math/FloatingDecimal$1
Event: 11.601 Loading class jdk/internal/math/FloatingDecimal$1 done
Event: 11.601 Loading class jdk/internal/math/FloatingDecimal$PreparedASCIIToBinaryBuffer
Event: 11.601 Loading class jdk/internal/math/FloatingDecimal$ASCIIToBinaryConverter
Event: 11.601 Loading class jdk/internal/math/FloatingDecimal$ASCIIToBinaryConverter done
Event: 11.601 Loading class jdk/internal/math/FloatingDecimal$PreparedASCIIToBinaryBuffer done

Classes unloaded (0 events):
No events

Classes redefined (0 events):
No events

Internal exceptions (20 events):
Event: 5.548 Thread 0x000001adc3ede020 Exception <a 'java/lang/NoSuchMethodError'{0x000000008ee46290}: 'java.lang.Object java.lang.invoke.DelegatingMethodHandle$Holder.reinvoke_L(java.lang.Object, java.lang.Object, java.lang.Object, java.lang.Object, java.lang.Object, java.lang.Object, java.lang.Object, java.lang.Object, java.lang.Object, java.lang.Object, java.lang.Object, java.lang.Object, java.lang.Object)'> (0x000000008ee46290) 
thrown [s\open\src\hotspot\share\interpreter\linkResolver.cpp, line 774]
Event: 5.832 Thread 0x000001adc3ede020 Exception <a 'java/lang/NoSuchMethodError'{0x0000000090fddcd0}: 'java.lang.Object java.lang.invoke.DirectMethodHandle$Holder.newInvokeSpecial(java.lang.Object, java.lang.Object, int)'> (0x0000000090fddcd0) 
thrown [s\open\src\hotspot\share\interpreter\linkResolver.cpp, line 774]
Event: 6.082 Thread 0x000001adc3ede020 Implicit null exception at 0x000001add3aa1ccc to 0x000001add3aa1dac
Event: 6.443 Thread 0x000001adc3ede020 Exception <a 'java/lang/NoSuchMethodError'{0x000000008e14b140}: 'java.lang.Object java.lang.invoke.DirectMethodHandle$Holder.newInvokeSpecial(java.lang.Object, java.lang.Object, java.lang.Object, int)'> (0x000000008e14b140) 
thrown [s\open\src\hotspot\share\interpreter\linkResolver.cpp, line 774]
Event: 6.443 Thread 0x000001adc3ede020 Exception <a 'java/lang/NoSuchMethodError'{0x000000008e14f510}: 'java.lang.Object java.lang.invoke.DirectMethodHandle$Holder.invokeSpecial(java.lang.Object, java.lang.Object, java.lang.Object, java.lang.Object, int)'> (0x000000008e14f510) 
thrown [s\open\src\hotspot\share\interpreter\linkResolver.cpp, line 774]
Event: 6.443 Thread 0x000001adc3ede020 Exception <a 'java/lang/NoSuchMethodError'{0x000000008e152ed8}: 'java.lang.Object java.lang.invoke.Invokers$Holder.linkToTargetMethod(java.lang.Object, java.lang.Object, int, java.lang.Object)'> (0x000000008e152ed8) 
thrown [s\open\src\hotspot\share\interpreter\linkResolver.cpp, line 774]
Event: 7.647 Thread 0x000001adc3ede020 Implicit null exception at 0x000001add39798f6 to 0x000001add3979f20
Event: 9.183 Thread 0x000001adc3ede020 Implicit null exception at 0x000001add3b2a8db to 0x000001add3b2ab90
Event: 9.210 Thread 0x000001adc3ede020 Implicit null exception at 0x000001add3bd5cc0 to 0x000001add3bd70d0
Event: 9.431 Thread 0x000001adc3ede020 Exception <a 'java/lang/NoSuchMethodError'{0x000000008eaf9560}: 'void java.lang.invoke.DirectMethodHandle$Holder.invokeSpecial(java.lang.Object, java.lang.Object, int, java.lang.Object)'> (0x000000008eaf9560) 
thrown [s\open\src\hotspot\share\interpreter\linkResolver.cpp, line 774]
Event: 9.557 Thread 0x000001adc3ede020 Exception <a 'java/lang/NoSuchMethodError'{0x000000008e60e230}: 'int java.lang.invoke.DirectMethodHandle$Holder.invokeVirtual(java.lang.Object, java.lang.Object, java.lang.Object)'> (0x000000008e60e230) 
thrown [s\open\src\hotspot\share\interpreter\linkResolver.cpp, line 774]
Event: 9.564 Thread 0x000001adc3ede020 Exception <a 'java/lang/NoSuchMethodError'{0x000000008e649930}: 'java.lang.Object java.lang.invoke.DirectMethodHandle$Holder.newInvokeSpecial(java.lang.Object, java.lang.Object, java.lang.Object, java.lang.Object, int)'> (0x000000008e649930) 
thrown [s\open\src\hotspot\share\interpreter\linkResolver.cpp, line 774]
Event: 9.564 Thread 0x000001adc3ede020 Exception <a 'java/lang/NoSuchMethodError'{0x000000008e64df30}: 'java.lang.Object java.lang.invoke.DirectMethodHandle$Holder.invokeSpecial(java.lang.Object, java.lang.Object, java.lang.Object, java.lang.Object, java.lang.Object, int)'> (0x000000008e64df30) 
thrown [s\open\src\hotspot\share\interpreter\linkResolver.cpp, line 774]
Event: 9.564 Thread 0x000001adc3ede020 Exception <a 'java/lang/NoSuchMethodError'{0x000000008e651ee0}: 'java.lang.Object java.lang.invoke.Invokers$Holder.linkToTargetMethod(java.lang.Object, java.lang.Object, java.lang.Object, int, java.lang.Object)'> (0x000000008e651ee0) 
thrown [s\open\src\hotspot\share\interpreter\linkResolver.cpp, line 774]
Event: 9.619 Thread 0x000001adc3ede020 Exception <a 'java/lang/NoSuchMethodError'{0x000000008e58f608}: 'void java.lang.invoke.DirectMethodHandle$Holder.invokeInterface(java.lang.Object, java.lang.Object)'> (0x000000008e58f608) 
thrown [s\open\src\hotspot\share\interpreter\linkResolver.cpp, line 774]
Event: 9.963 Thread 0x000001adc3ede020 Exception <a 'java/lang/NoSuchMethodError'{0x000000008d725d20}: 'java.lang.Object java.lang.invoke.DirectMethodHandle$Holder.invokeStaticInit(java.lang.Object, java.lang.Object, java.lang.Object)'> (0x000000008d725d20) 
thrown [s\open\src\hotspot\share\interpreter\linkResolver.cpp, line 774]
Event: 9.985 Thread 0x000001adc3ede020 Implicit null exception at 0x000001add39c50b4 to 0x000001add39c7878
Event: 9.999 Thread 0x000001adc3ede020 Exception <a 'java/lang/NoSuchMethodError'{0x000000008d6008b0}: 'int java.lang.invoke.DirectMethodHandle$Holder.invokeSpecialIFC(java.lang.Object, java.lang.Object, java.lang.Object, java.lang.Object, java.lang.Object)'> (0x000000008d6008b0) 
thrown [s\open\src\hotspot\share\interpreter\linkResolver.cpp, line 774]
Event: 10.007 Thread 0x000001adc3ede020 Exception <a 'java/lang/NoSuchMethodError'{0x000000008d621af8}: 'void java.lang.invoke.DirectMethodHandle$Holder.invokeInterface(java.lang.Object, java.lang.Object, java.lang.Object)'> (0x000000008d621af8) 
thrown [s\open\src\hotspot\share\interpreter\linkResolver.cpp, line 774]
Event: 11.431 Thread 0x000001adc3ede020 Exception <a 'java/lang/NoSuchMethodError'{0x000000008e701e10}: 'int java.lang.invoke.DirectMethodHandle$Holder.invokeStaticInit(java.lang.Object, int)'> (0x000000008e701e10) 
thrown [s\open\src\hotspot\share\interpreter\linkResolver.cpp, line 774]

VM Operations (20 events):
Event: 10.030 Executing VM operation: HandshakeAllThreads
Event: 10.030 Executing VM operation: HandshakeAllThreads done
Event: 10.031 Executing VM operation: HandshakeAllThreads
Event: 10.031 Executing VM operation: HandshakeAllThreads done
Event: 10.090 Executing VM operation: ICBufferFull
Event: 10.090 Executing VM operation: ICBufferFull done
Event: 10.335 Executing VM operation: ICBufferFull
Event: 10.335 Executing VM operation: ICBufferFull done
Event: 10.516 Executing VM operation: G1CollectForAllocation
Event: 10.533 Executing VM operation: G1CollectForAllocation done
Event: 10.964 Executing VM operation: ICBufferFull
Event: 10.965 Executing VM operation: ICBufferFull done
Event: 11.661 Executing VM operation: ICBufferFull
Event: 11.662 Executing VM operation: ICBufferFull done
Event: 11.687 Executing VM operation: HandshakeAllThreads
Event: 11.687 Executing VM operation: HandshakeAllThreads done
Event: 11.949 Executing VM operation: ICBufferFull
Event: 11.949 Executing VM operation: ICBufferFull done
Event: 11.984 Executing VM operation: HandshakeAllThreads
Event: 11.984 Executing VM operation: HandshakeAllThreads done

Events (20 events):
Event: 9.306 Thread 0x000001ade26a7be0 flushing nmethod 0x000001adcc6f8b90
Event: 9.306 Thread 0x000001ade26a7be0 flushing nmethod 0x000001adcc717810
Event: 9.306 Thread 0x000001ade26a7be0 flushing nmethod 0x000001adcc755310
Event: 9.306 Thread 0x000001ade26a7be0 flushing nmethod 0x000001adcc75f610
Event: 9.306 Thread 0x000001ade26a7be0 flushing nmethod 0x000001adcc773d10
Event: 9.306 Thread 0x000001ade26a7be0 flushing nmethod 0x000001adcc776190
Event: 9.307 Thread 0x000001ade26a7be0 flushing nmethod 0x000001adcc7a4190
Event: 9.307 Thread 0x000001ade26a7be0 flushing nmethod 0x000001adcc7a7e10
Event: 9.307 Thread 0x000001ade26a7be0 flushing nmethod 0x000001adcc7b2710
Event: 9.307 Thread 0x000001ade26a7be0 flushing nmethod 0x000001adcc7d5990
Event: 9.307 Thread 0x000001ade26a7be0 flushing nmethod 0x000001adcc834d90
Event: 9.307 Thread 0x000001ade26a7be0 flushing nmethod 0x000001adcc836190
Event: 9.307 Thread 0x000001ade26a7be0 flushing nmethod 0x000001adcc854d10
Event: 9.307 Thread 0x000001ade26a7be0 flushing nmethod 0x000001adcc856990
Event: 9.307 Thread 0x000001ade26a7be0 flushing nmethod 0x000001adcc85f290
Event: 9.307 Thread 0x000001ade26a7be0 flushing nmethod 0x000001adcc88a010
Event: 9.307 Thread 0x000001ade26a7be0 flushing nmethod 0x000001adcc899d90
Event: 9.308 Thread 0x000001ade26a7be0 flushing nmethod 0x000001adcc90a090
Event: 10.610 Thread 0x000001ade6955580 Thread exited: 0x000001ade6955580
Event: 11.649 Thread 0x000001ade6952900 Thread exited: 0x000001ade6952900


Dynamic libraries:
0x00007ff7d1f40000 - 0x00007ff7d1f50000 	C:\Program Files\Java\jdk-19\bin\java.exe
0x00007ff848650000 - 0x00007ff848848000 	C:\Windows\SYSTEM32\ntdll.dll
0x00007ff847060000 - 0x00007ff84711d000 	C:\Windows\System32\KERNEL32.DLL
0x00007ff8461d0000 - 0x00007ff8464a2000 	C:\Windows\System32\KERNELBASE.dll
0x00007ff846020000 - 0x00007ff846120000 	C:\Windows\System32\ucrtbase.dll
0x00007ff81b880000 - 0x00007ff81b89b000 	C:\Program Files\Java\jdk-19\bin\VCRUNTIME140.dll
0x00007ff81ef00000 - 0x00007ff81ef18000 	C:\Program Files\Java\jdk-19\bin\jli.dll
0x00007ff8475b0000 - 0x00007ff84765e000 	C:\Windows\System32\ADVAPI32.dll
0x00007ff846fc0000 - 0x00007ff84705e000 	C:\Windows\System32\msvcrt.dll
0x00007ff847120000 - 0x00007ff8471bc000 	C:\Windows\System32\sechost.dll
0x00007ff8480b0000 - 0x00007ff8481d5000 	C:\Windows\System32\RPCRT4.dll
0x00007ff847c20000 - 0x00007ff847dbd000 	C:\Windows\System32\USER32.dll
0x00007ff845d60000 - 0x00007ff845d82000 	C:\Windows\System32\win32u.dll
0x00007ff847fd0000 - 0x00007ff847ffb000 	C:\Windows\System32\GDI32.dll
0x00007ff834330000 - 0x00007ff8345ca000 	C:\Windows\WinSxS\amd64_microsoft.windows.common-controls_6595b64144ccf1df_6.0.19041.1110_none_60b5254171f9507e\COMCTL32.dll
0x00007ff845e00000 - 0x00007ff845f0f000 	C:\Windows\System32\gdi32full.dll
0x00007ff8464b0000 - 0x00007ff84654d000 	C:\Windows\System32\msvcp_win.dll
0x00007ff83cfb0000 - 0x00007ff83cfba000 	C:\Windows\SYSTEM32\VERSION.dll
0x00007ff847390000 - 0x00007ff8473c0000 	C:\Windows\System32\IMM32.DLL
0x00007ff823080000 - 0x00007ff82308c000 	C:\Program Files\Java\jdk-19\bin\vcruntime140_1.dll
0x00007ffff4730000 - 0x00007ffff47be000 	C:\Program Files\Java\jdk-19\bin\msvcp140.dll
0x00007fffe7c10000 - 0x00007fffe88d0000 	C:\Program Files\Java\jdk-19\bin\server\jvm.dll
0x00007ff83b6f0000 - 0x00007ff83b717000 	C:\Windows\SYSTEM32\WINMM.dll
0x00007ff822520000 - 0x00007ff822529000 	C:\Windows\SYSTEM32\WSOCK32.dll
0x00007ff847740000 - 0x00007ff8477ab000 	C:\Windows\System32\WS2_32.dll
0x00007ff843c20000 - 0x00007ff843c32000 	C:\Windows\SYSTEM32\kernel.appcore.dll
0x00007ff822440000 - 0x00007ff82244a000 	C:\Program Files\Java\jdk-19\bin\jimage.dll
0x00007ff83ba00000 - 0x00007ff83bbe4000 	C:\Windows\SYSTEM32\DBGHELP.DLL
0x00007ff835dd0000 - 0x00007ff835dfc000 	C:\Windows\SYSTEM32\dbgcore.DLL
0x00007ff845f90000 - 0x00007ff846012000 	C:\Windows\System32\bcryptPrimitives.dll
0x00007ffff6c90000 - 0x00007ffff6cb6000 	C:\Program Files\Java\jdk-19\bin\java.dll
0x00007ffff4210000 - 0x00007ffff42e7000 	C:\Program Files\Java\jdk-19\bin\jsvml.dll
0x00007ff846870000 - 0x00007ff846fb3000 	C:\Windows\System32\SHELL32.dll
0x00007ff843e20000 - 0x00007ff8445b1000 	C:\Windows\SYSTEM32\windows.storage.dll
0x00007ff8482b0000 - 0x00007ff848604000 	C:\Windows\System32\combase.dll
0x00007ff845750000 - 0x00007ff845780000 	C:\Windows\SYSTEM32\Wldp.dll
0x00007ff847500000 - 0x00007ff8475ad000 	C:\Windows\System32\SHCORE.dll
0x00007ff847480000 - 0x00007ff8474d5000 	C:\Windows\System32\shlwapi.dll
0x00007ff845ca0000 - 0x00007ff845cbf000 	C:\Windows\SYSTEM32\profapi.dll
0x00007ffffd9e0000 - 0x00007ffffd9f3000 	C:\Program Files\Java\jdk-19\bin\net.dll
0x00007ff83cb50000 - 0x00007ff83cc5d000 	C:\Windows\SYSTEM32\WINHTTP.dll
0x00007ff830f70000 - 0x00007ff830f7b000 	C:\Program Files\Common Files\SocksEscort\escortdrv.dll
0x00007ff8471c0000 - 0x00007ff8472ea000 	C:\Windows\System32\ole32.dll
0x00007ff830f30000 - 0x00007ff830f62000 	C:\Program Files\Common Files\SocksEscort\escengine.dll
0x00007ff845440000 - 0x00007ff8454aa000 	C:\Windows\system32\mswsock.dll
0x00007ff81b750000 - 0x00007ff81b766000 	C:\Program Files\Java\jdk-19\bin\nio.dll
0x00007ff812900000 - 0x00007ff812918000 	C:\Program Files\Java\jdk-19\bin\zip.dll
0x00007ff81b4d0000 - 0x00007ff81b4e0000 	C:\Program Files\Java\jdk-19\bin\verify.dll

dbghelp: loaded successfully - version: 4.0.5 - missing functions: none
symbol engine: initialized successfully - sym options: 0x614 - pdb path: .;C:\Program Files\Java\jdk-19\bin;C:\Windows\SYSTEM32;C:\Windows\WinSxS\amd64_microsoft.windows.common-controls_6595b64144ccf1df_6.0.19041.1110_none_60b5254171f9507e;C:\Program Files\Java\jdk-19\bin\server;C:\Program Files\Common Files\SocksEscort

VM Arguments:
java_command: org.jetbrains.kotlin.cli.jvm.K2JVMCompiler @D:\study\da_nen_tang\facebook-app-clone\node_modules\react-native-gesture-handler\android\build\20231217_259314171055696714.compiler.options
java_class_path (initial): C:\Users\ADMIN\.gradle\caches\modules-2\files-2.1\org.jetbrains.kotlin\kotlin-compiler-embeddable\1.6.21\97bdd5a752ce73b58ef16c17bc7f0ea2faff7a2e\kotlin-compiler-embeddable-1.6.21.jar;C:\Users\ADMIN\.gradle\caches\modules-2\files-2.1\org.jetbrains.kotlin\kotlin-reflect\1.6.21\5dc3574d9b7bebfcb4ec6b10ada4aaa9e140bd0b\kotlin-reflect-1.6.21.jar;C:\Users\ADMIN\.gradle\caches\modules-2\files-2.1\org.jetbrains.kotlin\kotlin-stdlib\1.6.21\11ef67f1900634fd951bad28c53ec957fabbe5b8\kotlin-stdlib-1.6.21.jar;C:\Users\ADMIN\.gradle\caches\modules-2\files-2.1\org.jetbrains.kotlin\kotlin-script-runtime\1.6.21\99c6675100da5d6d5b1c5a1032f27f28008d101b\kotlin-script-runtime-1.6.21.jar;C:\Users\ADMIN\.gradle\caches\modules-2\files-2.1\org.jetbrains.kotlin\kotlin-daemon-embeddable\1.6.21\46b78cf392e1c4f10854c3cadba44abb7b82250f\kotlin-daemon-embeddable-1.6.21.jar;C:\Users\ADMIN\.gradle\caches\modules-2\files-2.1\org.jetbrains.intellij.deps\trove4j\1.0.20200330\3afb14d5f9ceb459d724e907a21145e8ff394f02\trove4j-1.0.20200330.jar;C:\Users\ADMIN\.gradle\caches\modules-2\files-2.1\net.java.dev.jna\jna\5.6.0\330f2244e9030119ab3030fc3fededc86713d9cc\jna-5.6.0.jar;C:\Users\ADMIN\.gradle\caches\modules-2\files-2.1\org.jetbrains.kotlin\kotlin-stdlib-common\1.6.21\5e5b55c26dbc80372a920aef60eb774b714559b8\kotlin-stdlib-common-1.6.21.jar;C:\Users\ADMIN\.gradle\caches\modules-2\files-2.1\org.jetbrains\annotations\13.0\919f0dfe192fb4e063e7dacadee7f8bb9a2672a9\annotations-13.0.jar
Launcher Type: SUN_STANDARD

[Global flags]
     intx CICompilerCount                          = 4                                         {product} {ergonomic}
     uint ConcGCThreads                            = 3                                         {product} {ergonomic}
     uint G1ConcRefinementThreads                  = 10                                        {product} {ergonomic}
   size_t G1HeapRegionSize                         = 1048576                                   {product} {ergonomic}
    uintx GCDrainStackTargetSize                   = 64                                        {product} {ergonomic}
   size_t InitialHeapSize                          = 125829120                                 {product} {ergonomic}
   size_t MarkStackSize                            = 4194304                                   {product} {ergonomic}
   size_t MaxHeapSize                              = 1988100096                                {product} {ergonomic}
   size_t MaxNewSize                               = 1192230912                                {product} {ergonomic}
   size_t MinHeapDeltaBytes                        = 1048576                                   {product} {ergonomic}
   size_t MinHeapSize                              = 8388608                                   {product} {ergonomic}
    uintx NonNMethodCodeHeapSize                   = 5839372                                {pd product} {ergonomic}
    uintx NonProfiledCodeHeapSize                  = 122909434                              {pd product} {ergonomic}
    uintx ProfiledCodeHeapSize                     = 122909434                              {pd product} {ergonomic}
    uintx ReservedCodeCacheSize                    = 251658240                              {pd product} {ergonomic}
     bool SegmentedCodeCache                       = true                                      {product} {ergonomic}
   size_t SoftMaxHeapSize                          = 1988100096                             {manageable} {ergonomic}
     bool UseCompressedClassPointers               = true                           {product lp64_product} {ergonomic}
     bool UseCompressedOops                        = true                           {product lp64_product} {ergonomic}
     bool UseG1GC                                  = true                                      {product} {ergonomic}
     bool UseLargePagesIndividualAllocation        = false                                  {pd product} {ergonomic}

Logging:
Log output configuration:
 #0: stdout all=warning uptime,level,tags foldmultilines=false
 #1: stderr all=off uptime,level,tags foldmultilines=false

Environment Variables:
JAVA_HOME=C:\Program Files\Java\jdk-19
CLASSPATH=D:\study\da_nen_tang\facebook-app-clone\android\\gradle\wrapper\gradle-wrapper.jar
PATH=D:\study\da_nen_tang\facebook-app-clone\node_modules\.bin;D:\study\da_nen_tang\node_modules\.bin;D:\study\node_modules\.bin;D:\node_modules\.bin;C:\Users\ADMIN\AppData\Roaming\nvm\v16.15.0\node_modules\npm\node_modules\@npmcli\run-script\lib\node-gyp-bin;C:\Users\ADMIN\AppData\Local\Temp\yarn--1702827729267-0.8691573805335029;D:\study\da_nen_tang\facebook-app-clone\node_modules\.bin;C:\Users\ADMIN\AppData\Local\Yarn\Data\link\node_modules\.bin;C:\Users\ADMIN\AppData\Local\Yarn\bin;C:\Program Files\libexec\lib\node_modules\npm\bin\node-gyp-bin;C:\Program Files\lib\node_modules\npm\bin\node-gyp-bin;C:\Program Files\nodejs\node_modules\npm\bin\node-gyp-bin;C:\Program Files\Common Files\Oracle\Java\javapath;C:\Windows\system32;C:\Windows;C:\Windows\System32\Wbem;C:\Windows\System32\WindowsPowerShell\v1.0\;C:\Windows\System32\OpenSSH\;C:\Program Files\Java\jdk-19\bin;C:\Program Files\Git\cmd;C:\MinGW\bin;C:\Users\ADMIN\AppData\Roaming\nvm;C:\Program Files\nodejs;C:\Users\ADMIN\AppData\Local\Android\Sdk\platform-tools;C:\Program Files\MySQL\MySQL Shell 8.0\bin\;C:\Users\ADMIN\AppData\Local\Microsoft\WindowsApps;C:\Users\ADMIN\AppData\Local\Programs\Microsoft VS Code\bin;C:\Users\ADMIN\AppData\Local\Programs\Python\Python311;C:\Users\ADMIN\AppData\Local\Programs\Python\Python311\Scripts;C:\Users\ADMIN\AppData\Roaming\npm;C:\Users\ADMIN\AppData\Local\Programs\EmEditor;C:\Users\ADMIN\AppData\Roaming\nvm;C:\Program Files\nodejs;
USERNAME=ADMIN
LANG=en_US.UTF-8
OS=Windows_NT
PROCESSOR_IDENTIFIER=AMD64 Family 23 Model 96 Stepping 1, AuthenticAMD
TMP=C:\Users\ADMIN\AppData\Local\Temp
TEMP=C:\Users\ADMIN\AppData\Local\Temp



---------------  S Y S T E M  ---------------

OS:
 Windows 10 , 64 bit Build 19041 (10.0.19041.1889)
OS uptime: 1 days 5:24 hours

CPU: total 12 (initial active 12) (12 cores per cpu, 2 threads per core) family 23 model 96 stepping 1 microcode 0x0, cx8, cmov, fxsr, ht, mmx, 3dnowpref, sse, sse2, sse3, ssse3, sse4a, sse4.1, sse4.2, popcnt, lzcnt, tsc, tscinvbit, avx, avx2, aes, clmul, bmi1, bmi2, adx, sha, fma, vzeroupper, clflush, clflushopt, rdtscp, rdpid

Memory: 4k page, system-wide physical 7579M (435M free)
TotalPageFile size 11675M (AvailPageFile size 13M)
current process WorkingSet (physical memory assigned to process): 255M, peak: 276M
current process commit charge ("private bytes"): 299M, peak: 320M

vm_info: Java HotSpot(TM) 64-Bit Server VM (19.0.1+10-21) for windows-amd64 JRE (19.0.1+10-21), built on 2022-09-14T12:45:06Z by "mach5one" with MS VC++ 17.1 (VS2022)

END.
