#
# There is insufficient memory for the Java Runtime Environment to continue.
# Native memory allocation (mmap) failed to map 65536 bytes for Failed to commit metaspace.
# Possible reasons:
#   The system is out of physical RAM or swap space
#   The process is running with CompressedOops enabled, and the Java Heap may be blocking the growth of the native heap
# Possible solutions:
#   Reduce memory load on the system
#   Increase physical memory or swap space
#   Check if swap backing store is full
#   Decrease Java heap size (-Xmx/-Xms)
#   Decrease number of Java threads
#   Decrease Java thread stack sizes (-Xss)
#   Set larger code cache with -XX:ReservedCodeCacheSize=
#   JVM is running with Unscaled Compressed Oops mode in which the Java heap is
#     placed in the first 4GB address space. The Java Heap base address is the
#     maximum limit for the native heap growth. Please use -XX:HeapBaseMinAddress
#     to set the Java Heap base and to place the Java Heap above 4GB virtual address.
# This output file may be truncated or incomplete.
#
#  Out of Memory Error (virtualSpaceNode.cpp:110), pid=2704, tid=3444
#
# JRE version: Java(TM) SE Runtime Environment (19.0.1+10) (build 19.0.1+10-21)
# Java VM: Java HotSpot(TM) 64-Bit Server VM (19.0.1+10-21, mixed mode, sharing, tiered, compressed oops, compressed class ptrs, g1 gc, windows-amd64)
# No core dump will be written. Minidumps are not enabled by default on client versions of Windows
#

---------------  S U M M A R Y ------------

Command Line: org.jetbrains.kotlin.cli.jvm.K2JVMCompiler @D:\study\da_nen_tang\facebook-app-clone\node_modules\react-native-gesture-handler\android\build\20231129_12161699983406749019.compiler.options

Host: AMD Ryzen 5 4600H with Radeon Graphics         , 12 cores, 7G,  Windows 10 , 64 bit Build 19041 (10.0.19041.1889)
Time: Wed Nov 29 20:51:03 2023 SE Asia Standard Time elapsed time: 0.830085 seconds (0d 0h 0m 0s)

---------------  T H R E A D  ---------------

Current thread (0x0000012f2b40ee40):  JavaThread "main" [_thread_in_vm, id=3444, stack(0x000000243b100000,0x000000243b200000)]

Stack: [0x000000243b100000,0x000000243b200000]
Native frames: (J=compiled Java code, j=interpreted, Vv=VM code, C=native code)
V  [jvm.dll+0x6ee8fa]
V  [jvm.dll+0x857a1e]
V  [jvm.dll+0x85940e]
V  [jvm.dll+0x859ac3]
V  [jvm.dll+0x28291f]
V  [jvm.dll+0x85369b]
V  [jvm.dll+0x693276]
V  [jvm.dll+0x1f29b7]
V  [jvm.dll+0x695cb2]
V  [jvm.dll+0x695a9e]
V  [jvm.dll+0x693c9e]
V  [jvm.dll+0x26e07f]
V  [jvm.dll+0x69e305]
V  [jvm.dll+0x21df42]
V  [jvm.dll+0x21e475]
V  [jvm.dll+0x21edd1]
V  [jvm.dll+0x214571]
V  [jvm.dll+0x5aa2d6]
V  [jvm.dll+0x7cd793]
V  [jvm.dll+0x7cd874]
V  [jvm.dll+0x46b0b4]
V  [jvm.dll+0x4706bf]
C  [java.dll+0x17ec]

Java frames: (J=compiled Java code, j=interpreted, Vv=VM code)
j  java.lang.ClassLoader.defineClass1(Ljava/lang/ClassLoader;Ljava/lang/String;[BIILjava/security/ProtectionDomain;Ljava/lang/String;)Ljava/lang/Class;+0 java.base@19.0.1
j  java.lang.ClassLoader.defineClass(Ljava/lang/String;[BIILjava/security/ProtectionDomain;)Ljava/lang/Class;+27 java.base@19.0.1
j  java.security.SecureClassLoader.defineClass(Ljava/lang/String;[BIILjava/security/CodeSource;)Ljava/lang/Class;+12 java.base@19.0.1
j  jdk.internal.loader.BuiltinClassLoader.defineClass(Ljava/lang/String;Ljdk/internal/loader/Resource;)Ljava/lang/Class;+117 java.base@19.0.1
j  jdk.internal.loader.BuiltinClassLoader.findClassOnClassPathOrNull(Ljava/lang/String;)Ljava/lang/Class;+37 java.base@19.0.1
J 210 c1 jdk.internal.loader.BuiltinClassLoader.loadClassOrNull(Ljava/lang/String;Z)Ljava/lang/Class; java.base@19.0.1 (143 bytes) @ 0x0000012f333b2d54 [0x0000012f333b22e0+0x0000000000000a74]
j  jdk.internal.loader.BuiltinClassLoader.loadClass(Ljava/lang/String;Z)Ljava/lang/Class;+3 java.base@19.0.1
j  jdk.internal.loader.ClassLoaders$AppClassLoader.loadClass(Ljava/lang/String;Z)Ljava/lang/Class;+36 java.base@19.0.1
j  java.lang.ClassLoader.loadClass(Ljava/lang/String;)Ljava/lang/Class;+3 java.base@19.0.1
v  ~StubRoutines::call_stub 0x0000012f3a8a100e
j  java.lang.ClassLoader.defineClass1(Ljava/lang/ClassLoader;Ljava/lang/String;[BIILjava/security/ProtectionDomain;Ljava/lang/String;)Ljava/lang/Class;+0 java.base@19.0.1
j  java.lang.ClassLoader.defineClass(Ljava/lang/String;[BIILjava/security/ProtectionDomain;)Ljava/lang/Class;+27 java.base@19.0.1
j  java.security.SecureClassLoader.defineClass(Ljava/lang/String;[BIILjava/security/CodeSource;)Ljava/lang/Class;+12 java.base@19.0.1
j  jdk.internal.loader.BuiltinClassLoader.defineClass(Ljava/lang/String;Ljdk/internal/loader/Resource;)Ljava/lang/Class;+117 java.base@19.0.1
j  jdk.internal.loader.BuiltinClassLoader.findClassOnClassPathOrNull(Ljava/lang/String;)Ljava/lang/Class;+37 java.base@19.0.1
J 210 c1 jdk.internal.loader.BuiltinClassLoader.loadClassOrNull(Ljava/lang/String;Z)Ljava/lang/Class; java.base@19.0.1 (143 bytes) @ 0x0000012f333b2d54 [0x0000012f333b22e0+0x0000000000000a74]
j  jdk.internal.loader.BuiltinClassLoader.loadClass(Ljava/lang/String;Z)Ljava/lang/Class;+3 java.base@19.0.1
j  jdk.internal.loader.ClassLoaders$AppClassLoader.loadClass(Ljava/lang/String;Z)Ljava/lang/Class;+36 java.base@19.0.1
j  java.lang.ClassLoader.loadClass(Ljava/lang/String;)Ljava/lang/Class;+3 java.base@19.0.1
v  ~StubRoutines::call_stub 0x0000012f3a8a100e
j  org.jetbrains.kotlin.cli.common.CLITool.exec(Ljava/io/PrintStream;Lorg/jetbrains/kotlin/config/Services;Lorg/jetbrains/kotlin/cli/common/messages/MessageRenderer;[Ljava/lang/String;)Lorg/jetbrains/kotlin/cli/common/ExitCode;+33
j  org.jetbrains.kotlin.cli.common.CLITool.exec(Ljava/io/PrintStream;Lorg/jetbrains/kotlin/cli/common/messages/MessageRenderer;[Ljava/lang/String;)Lorg/jetbrains/kotlin/cli/common/ExitCode;+25
j  org.jetbrains.kotlin.cli.common.CLITool$Companion.doMainNoExit(Lorg/jetbrains/kotlin/cli/common/CLITool;[Ljava/lang/String;Lorg/jetbrains/kotlin/cli/common/messages/MessageRenderer;)Lorg/jetbrains/kotlin/cli/common/ExitCode;+39
j  org.jetbrains.kotlin.cli.common.CLITool$Companion.doMainNoExit$default(Lorg/jetbrains/kotlin/cli/common/CLITool$Companion;Lorg/jetbrains/kotlin/cli/common/CLITool;[Ljava/lang/String;Lorg/jetbrains/kotlin/cli/common/messages/MessageRenderer;ILjava/lang/Object;)Lorg/jetbrains/kotlin/cli/common/ExitCode;+16
j  org.jetbrains.kotlin.cli.common.CLITool$Companion.doMain(Lorg/jetbrains/kotlin/cli/common/CLITool;[Ljava/lang/String;)V+57
j  org.jetbrains.kotlin.cli.jvm.K2JVMCompiler$Companion.main([Ljava/lang/String;)V+20
j  org.jetbrains.kotlin.cli.jvm.K2JVMCompiler.main([Ljava/lang/String;)V+4
v  ~StubRoutines::call_stub 0x0000012f3a8a100e

Compiled method (c1)     855  210   !   3       jdk.internal.loader.BuiltinClassLoader::loadClassOrNull (143 bytes)
 total in heap  [0x0000012f333b2010,0x0000012f333b3858] = 6216
 relocation     [0x0000012f333b2170,0x0000012f333b22c8] = 344
 main code      [0x0000012f333b22e0,0x0000012f333b31a0] = 3776
 stub code      [0x0000012f333b31a0,0x0000012f333b3268] = 200
 metadata       [0x0000012f333b3268,0x0000012f333b32c8] = 96
 scopes data    [0x0000012f333b32c8,0x0000012f333b34f0] = 552
 scopes pcs     [0x0000012f333b34f0,0x0000012f333b36d0] = 480
 dependencies   [0x0000012f333b36d0,0x0000012f333b36e0] = 16
 handler table  [0x0000012f333b36e0,0x0000012f333b3830] = 336
 nul chk table  [0x0000012f333b3830,0x0000012f333b3858] = 40

[Constant Pool (empty)]

[MachCode]
[Entry Point]
  # {method} {0x0000000800082e90} 'loadClassOrNull' '(Ljava/lang/String;Z)Ljava/lang/Class;' in 'jdk/internal/loader/BuiltinClassLoader'
  # this:     rdx:rdx   = 'jdk/internal/loader/BuiltinClassLoader'
  # parm0:    r8:r8     = 'java/lang/String'
  # parm1:    r9        = boolean
  #           [sp+0xd0]  (sp of caller)
  0x0000012f333b22e0: 448b 5208 | 49bb 0000 | 0000 0800 | 0000 4d03 | d34c 3bd0 

  0x0000012f333b22f4: ;   {runtime_call ic_miss_stub}
  0x0000012f333b22f4: 0f85 86f4 | 5407 660f | 1f44 0000 
[Verified Entry Point]
  0x0000012f333b2300: 8984 2400 | 90ff ff55 | 4881 ecc0 | 0000 0048 | 8954 2468 

  0x0000012f333b2314: ;   {metadata(method data for {method} {0x0000000800082e90} 'loadClassOrNull' '(Ljava/lang/String;Z)Ljava/lang/Class;' in 'jdk/internal/loader/BuiltinClassLoader')}
  0x0000012f333b2314: 48be 2096 | c449 2f01 | 0000 8bbe | cc00 0000 | 83c7 0289 | becc 0000 | 0081 e7fe | 0700 0083 
  0x0000012f333b2334: ff00 0f84 | 390c 0000 | 4489 4c24 | 7848 8bf2 

  0x0000012f333b2344: ;   {metadata(method data for {method} {0x0000000800082e90} 'loadClassOrNull' '(Ljava/lang/String;Z)Ljava/lang/Class;' in 'jdk/internal/loader/BuiltinClassLoader')}
  0x0000012f333b2344: 48bf 2096 | c449 2f01 | 0000 8b76 | 0849 ba00 | 0000 0008 | 0000 0049 | 03f2 483b | b720 0100 
  0x0000012f333b2364: 0075 0d48 | 8387 2801 | 0000 01e9 | 6600 0000 | 483b b730 | 0100 0075 | 0d48 8387 | 3801 0000 
  0x0000012f333b2384: 01e9 5000 | 0000 4881 | bf20 0100 | 0000 0000 | 0075 1748 | 89b7 2001 | 0000 48c7 | 8728 0100 
  0x0000012f333b23a4: 0001 0000 | 00e9 2c00 | 0000 4881 | bf30 0100 | 0000 0000 | 0075 1748 | 89b7 3001 | 0000 48c7 
  0x0000012f333b23c4: 8738 0100 | 0001 0000 | 00e9 0800 | 0000 4883 | 8710 0100 | 0001 498b | f04c 8bc6 | 488b fa48 
  0x0000012f333b23e4: 8bd7 4889 | 7424 700f 

  0x0000012f333b23ec: ;   {optimized virtual_call}
  0x0000012f333b23ec: 1f40 00e8 

  0x0000012f333b23f0: ; ImmutableOopMap {[104]=Oop [112]=Oop }
                      ;*invokevirtual getClassLoadingLock {reexecute=0 rethrow=0 return_oop=0}
                      ; - jdk.internal.loader.BuiltinClassLoader::loadClassOrNull@2 (line 651)
  0x0000012f333b23f0: 0c1c 0000 | 4889 8424 | 8000 0000 | 488d 9424 | a000 0000 | 488b f048 | 8972 0848 | 8b06 4883 
  0x0000012f333b2410: c801 4889 | 02f0 480f | b116 0f84 | 1200 0000 | 482b c448 | 2507 f0ff | ff48 8902 | 0f85 690b 
  0x0000012f333b2430: 0000 488b 

  0x0000012f333b2434: ;   {metadata(method data for {method} {0x0000000800082e90} 'loadClassOrNull' '(Ljava/lang/String;Z)Ljava/lang/Class;' in 'jdk/internal/loader/BuiltinClassLoader')}
  0x0000012f333b2434: 5424 6848 | be20 96c4 | 492f 0100 | 0048 8386 | 4801 0000 

  0x0000012f333b2448: ;   {metadata(method data for {method} {0x00000008004360b0} 'findLoadedClass' '(Ljava/lang/String;)Ljava/lang/Class;' in 'java/lang/ClassLoader')}
  0x0000012f333b2448: 0148 ba20 | 9dc4 492f | 0100 008b | b2cc 0000 | 0083 c602 | 89b2 cc00 | 0000 81e6 | feff 1f00 
  0x0000012f333b2468: 83fe 000f | 843d 0b00 

  0x0000012f333b2470: ;   {metadata(method data for {method} {0x00000008004360b0} 'findLoadedClass' '(Ljava/lang/String;)Ljava/lang/Class;' in 'java/lang/ClassLoader')}
  0x0000012f333b2470: 0048 ba20 | 9dc4 492f | 0100 0048 | 8382 1001 | 0000 0148 | 8b54 2470 | 0f1f 8000 

  0x0000012f333b248c: ;   {static_call}
  0x0000012f333b248c: 0000 00e8 

  0x0000012f333b2490: ; ImmutableOopMap {[104]=Oop [112]=Oop [128]=Oop [168]=Oop }
                      ;*invokestatic checkName {reexecute=0 rethrow=0 return_oop=0}
                      ; - java.lang.ClassLoader::findLoadedClass@1 (line 1284)
                      ; - jdk.internal.loader.BuiltinClassLoader::loadClassOrNull@10 (line 653)
  0x0000012f333b2490: 4cde feff 

  0x0000012f333b2494: ;   {metadata(method data for {method} {0x00000008004360b0} 'findLoadedClass' '(Ljava/lang/String;)Ljava/lang/Class;' in 'java/lang/ClassLoader')}
  0x0000012f333b2494: 83f8 0049 | b820 9dc4 | 492f 0100 | 0048 ba20 | 0100 0000 | 0000 000f | 850a 0000 | 0048 ba30 
  0x0000012f333b24b4: 0100 0000 | 0000 0049 | 8b34 1048 | 8d76 0149 | 8934 100f | 850f 0000 

  0x0000012f333b24cc: ;   {oop(NULL)}
  0x0000012f333b24cc: 0048 be00 | 0000 0000 | 0000 00e9 | 2b00 0000 | 488b 5424 

  0x0000012f333b24e0: ;   {metadata(method data for {method} {0x00000008004360b0} 'findLoadedClass' '(Ljava/lang/String;)Ljava/lang/Class;' in 'java/lang/ClassLoader')}
  0x0000012f333b24e0: 6849 b820 | 9dc4 492f | 0100 0049 | 8380 4001 | 0000 014c | 8b44 2470 | 488b 5424 

  0x0000012f333b24fc: ;   {optimized virtual_call}
  0x0000012f333b24fc: 6866 90e8 

  0x0000012f333b2500: ; ImmutableOopMap {[104]=Oop [112]=Oop [128]=Oop [168]=Oop }
                      ;*invokevirtual findLoadedClass0 {reexecute=0 rethrow=0 return_oop=0}
                      ; - java.lang.ClassLoader::findLoadedClass@11 (line 1286)
                      ; - jdk.internal.loader.BuiltinClassLoader::loadClassOrNull@10 (line 653)
  0x0000012f333b2500: 5c32 aa07 | 488b f048 

  0x0000012f333b2508: ;   {metadata(method data for {method} {0x0000000800082e90} 'loadClassOrNull' '(Ljava/lang/String;Z)Ljava/lang/Class;' in 'jdk/internal/loader/BuiltinClassLoader')}
  0x0000012f333b2508: 83fe 0049 | b820 96c4 | 492f 0100 | 0048 ba80 | 0100 0000 | 0000 000f | 850a 0000 | 0048 ba90 
  0x0000012f333b2528: 0100 0000 | 0000 0049 | 8b3c 1048 | 8d7f 0149 | 893c 100f | 8516 0800 | 0048 89b4 | 2488 0000 
  0x0000012f333b2548: 0048 8b54 

  0x0000012f333b254c: ;   {metadata(method data for {method} {0x0000000800082e90} 'loadClassOrNull' '(Ljava/lang/String;Z)Ljava/lang/Class;' in 'jdk/internal/loader/BuiltinClassLoader')}
  0x0000012f333b254c: 2468 49b8 | 2096 c449 | 2f01 0000 | 4983 80a0 | 0100 0001 | 4c8b 4424 | 7048 8b54 | 2468 0f1f 
  0x0000012f333b256c: ;   {optimized virtual_call}
  0x0000012f333b256c: 4400 00e8 

  0x0000012f333b2570: ; ImmutableOopMap {[104]=Oop [112]=Oop [128]=Oop [136]=Oop [168]=Oop }
                      ;*invokevirtual findLoadedModule {reexecute=0 rethrow=0 return_oop=0}
                      ; - jdk.internal.loader.BuiltinClassLoader::loadClassOrNull@22 (line 658)
  0x0000012f333b2570: ec84 0100 | 4883 f800 

  0x0000012f333b2578: ;   {metadata(method data for {method} {0x0000000800082e90} 'loadClassOrNull' '(Ljava/lang/String;Z)Ljava/lang/Class;' in 'jdk/internal/loader/BuiltinClassLoader')}
  0x0000012f333b2578: 49b8 2096 | c449 2f01 | 0000 49b9 | d801 0000 | 0000 0000 | 0f84 0a00 | 0000 49b9 | e801 0000 
  0x0000012f333b2598: 0000 0000 | 4b8b 1408 | 488d 5201 | 4b89 1408 | 488b 5424 | 680f 84aa | 0300 0048 | 3b00 4c8b 
  0x0000012f333b25b8: ;   {metadata(method data for {method} {0x0000000800082e90} 'loadClassOrNull' '(Ljava/lang/String;Z)Ljava/lang/Class;' in 'jdk/internal/loader/BuiltinClassLoader')}
  0x0000012f333b25b8: c049 b920 | 96c4 492f 

  0x0000012f333b25c0: ;   {metadata('jdk/internal/loader/BuiltinClassLoader$LoadedModule')}
  0x0000012f333b25c0: 0100 0049 | ba50 d719 | 0008 0000 | 004d 8991 | 0802 0000 | 4983 8110 | 0200 0001 | 8b70 0c48 
  0x0000012f333b25e0: ;   {metadata(method data for {method} {0x0000000800082e90} 'loadClassOrNull' '(Ljava/lang/String;Z)Ljava/lang/Class;' in 'jdk/internal/loader/BuiltinClassLoader')}
  0x0000012f333b25e0: 3bf2 49b8 | 2096 c449 | 2f01 0000 | 49b9 3002 | 0000 0000 | 0000 0f85 | 0a00 0000 | 49b9 4002 
  0x0000012f333b2600: 0000 0000 | 0000 4b8b | 3c08 488d | 7f01 4b89 | 3c08 0f85 | 2d02 0000 

  0x0000012f333b2618: ;   {metadata(method data for {method} {0x0000000800082e90} 'loadClassOrNull' '(Ljava/lang/String;Z)Ljava/lang/Class;' in 'jdk/internal/loader/BuiltinClassLoader')}
  0x0000012f333b2618: 49b8 2096 | c449 2f01 | 0000 4983 | 8050 0200 

  0x0000012f333b2628: ;   {metadata(method data for {method} {0x000000080044ef98} 'isModuleSystemInited' '()Z' in 'jdk/internal/misc/VM')}
  0x0000012f333b2628: 0001 49b8 | 38a1 c449 | 2f01 0000 | 458b 88cc | 0000 0041 | 83c1 0245 | 8988 cc00 | 0000 4181 
  0x0000012f333b2648: e1fe ff1f | 0041 83f9 | 000f 847d 

  0x0000012f333b2654: ;   {oop(a 'java/lang/Class'{0x0000000090f0a360} = 'jdk/internal/misc/VM')}
  0x0000012f333b2654: 0900 0049 | b860 a3f0 | 9000 0000 | 0045 8b80 | 9400 0000 | 4183 f802 

  0x0000012f333b266c: ;   {metadata(method data for {method} {0x000000080044ef98} 'isModuleSystemInited' '()Z' in 'jdk/internal/misc/VM')}
  0x0000012f333b266c: 49b8 38a1 | c449 2f01 | 0000 49b9 | 1001 0000 | 0000 0000 | 0f8c 0a00 | 0000 49b9 | 2001 0000 
  0x0000012f333b268c: 0000 0000 | 4b8b 3408 | 488d 7601 | 4b89 3408 | 0f8c 1c00 

  0x0000012f333b26a0: ;   {metadata(method data for {method} {0x000000080044ef98} 'isModuleSystemInited' '()Z' in 'jdk/internal/misc/VM')}
  0x0000012f333b26a0: 0000 49b8 | 38a1 c449 | 2f01 0000 | 41ff 8030 | 0100 0041 | b801 0000 | 00e9 0600 | 0000 41b8 
  0x0000012f333b26c0: 0000 0000 | 4183 e001 | 4183 f800 

  0x0000012f333b26cc: ;   {metadata(method data for {method} {0x0000000800082e90} 'loadClassOrNull' '(Ljava/lang/String;Z)Ljava/lang/Class;' in 'jdk/internal/loader/BuiltinClassLoader')}
  0x0000012f333b26cc: 49b8 2096 | c449 2f01 | 0000 49b9 | 7002 0000 | 0000 0000 | 0f85 0a00 | 0000 49b9 | 6002 0000 
  0x0000012f333b26ec: 0000 0000 | 4b8b 3408 | 488d 7601 | 4b89 3408 | 0f85 0d00 | 0000 488b | b424 8800 | 0000 e938 
  0x0000012f333b270c: 0200 004c 

  0x0000012f333b2710: ;   {metadata(method data for {method} {0x0000000800082e90} 'loadClassOrNull' '(Ljava/lang/String;Z)Ljava/lang/Class;' in 'jdk/internal/loader/BuiltinClassLoader')}
  0x0000012f333b2710: 8bc2 49b9 | 2096 c449 | 2f01 0000 | 4983 8180 | 0200 0001 

  0x0000012f333b2724: ;   {metadata(method data for {method} {0x00000008000835c8} 'findClassInModuleOrNull' '(Ljdk/internal/loader/BuiltinClassLoader$LoadedModule;Ljava/lang/String;)Ljava/lang/Class;' in 'jdk/internal/loader/BuiltinClassLoader')}
  0x0000012f333b2724: 49b8 98a2 | c449 2f01 | 0000 458b | 88cc 0000 | 0041 83c1 | 0245 8988 | cc00 0000 | 4181 e1fe 
  0x0000012f333b2744: ff1f 0041 | 83f9 000f | 84a4 0800 

  0x0000012f333b2750: ;   {metadata(method data for {method} {0x00000008000835c8} 'findClassInModuleOrNull' '(Ljdk/internal/loader/BuiltinClassLoader$LoadedModule;Ljava/lang/String;)Ljava/lang/Class;' in 'jdk/internal/loader/BuiltinClassLoader')}
  0x0000012f333b2750: 0049 b898 | a2c4 492f | 0100 0049 | 8380 1001 

  0x0000012f333b2760: ;   {metadata(method data for {method} {0x0000000800012e80} 'getSecurityManager' '()Ljava/lang/SecurityManager;' in 'java/lang/System')}
  0x0000012f333b2760: 0000 0149 | b858 28c3 | 492f 0100 | 0045 8b88 | cc00 0000 | 4183 c102 | 4589 88cc | 0000 0041 
  0x0000012f333b2780: 81e1 feff | 1f00 4183 | f900 0f84 | 8608 0000 

  0x0000012f333b2790: ;   {metadata(method data for {method} {0x0000000800012e80} 'getSecurityManager' '()Ljava/lang/SecurityManager;' in 'java/lang/System')}
  0x0000012f333b2790: 49b8 5828 | c349 2f01 | 0000 4983 | 8010 0100 

  0x0000012f333b27a0: ;   {metadata(method data for {method} {0x0000000800012f98} 'allowSecurityManager' '()Z' in 'java/lang/System')}
  0x0000012f333b27a0: 0001 49b8 | d029 c349 | 2f01 0000 | 458b 88cc | 0000 0041 | 83c1 0245 | 8988 cc00 | 0000 4181 
  0x0000012f333b27c0: e1fe ff1f | 0041 83f9 | 000f 8468 

  0x0000012f333b27cc: ;   {metadata(method data for {method} {0x0000000800012f98} 'allowSecurityManager' '()Z' in 'java/lang/System')}
  0x0000012f333b27cc: 0800 0049 | b8d0 29c3 | 492f 0100 | 0041 ff80 | 1001 0000 

  0x0000012f333b27e0: ;   {metadata(method data for {method} {0x0000000800012e80} 'getSecurityManager' '()Ljava/lang/SecurityManager;' in 'java/lang/System')}
  0x0000012f333b27e0: 49b8 5828 | c349 2f01 | 0000 41ff | 8020 0100 

  0x0000012f333b27f0: ;   {metadata(method data for {method} {0x00000008000835c8} 'findClassInModuleOrNull' '(Ljdk/internal/loader/BuiltinClassLoader$LoadedModule;Ljava/lang/String;)Ljava/lang/Class;' in 'jdk/internal/loader/BuiltinClassLoader')}
  0x0000012f333b27f0: 0049 b898 | a2c4 492f | 0100 0041 | ff80 3001 | 0000 4c8b 

  0x0000012f333b2804: ;   {metadata(method data for {method} {0x00000008000835c8} 'findClassInModuleOrNull' '(Ljdk/internal/loader/BuiltinClassLoader$LoadedModule;Ljava/lang/String;)Ljava/lang/Class;' in 'jdk/internal/loader/BuiltinClassLoader')}
  0x0000012f333b2804: c249 b998 | a2c4 492f | 0100 0049 | 8381 4001 | 0000 014c | 8b44 2470 | 4c8b c848 | 8bf2 488b 
  0x0000012f333b2824: ;   {optimized virtual_call}
  0x0000012f333b2824: d666 90e8 

  0x0000012f333b2828: ; ImmutableOopMap {[104]=Oop [128]=Oop [168]=Oop }
                      ;*invokevirtual defineClass {reexecute=0 rethrow=0 return_oop=0}
                      ; - jdk.internal.loader.BuiltinClassLoader::findClassInModuleOrNull@9 (line 741)
                      ; - jdk.internal.loader.BuiltinClassLoader::loadClassOrNull@55 (line 665)
  0x0000012f333b2828: 54f2 5407 

  0x0000012f333b282c: ;   {metadata(method data for {method} {0x0000000800082e90} 'loadClassOrNull' '(Ljava/lang/String;Z)Ljava/lang/Class;' in 'jdk/internal/loader/BuiltinClassLoader')}
  0x0000012f333b282c: 49b8 2096 | c449 2f01 | 0000 41ff | 80b8 0200 | 0048 8bf0 | e902 0100 | 0048 3b06 

  0x0000012f333b2848: ;   {metadata(method data for {method} {0x0000000800082e90} 'loadClassOrNull' '(Ljava/lang/String;Z)Ljava/lang/Class;' in 'jdk/internal/loader/BuiltinClassLoader')}
  0x0000012f333b2848: 4c8b c649 | b920 96c4 | 492f 0100 | 0049 8381 | d002 0000 

  0x0000012f333b285c: ;   {metadata(method data for {method} {0x0000000800083678} 'loadClassOrNull' '(Ljava/lang/String;)Ljava/lang/Class;' in 'jdk/internal/loader/BuiltinClassLoader')}
  0x0000012f333b285c: 0149 b888 | aac4 492f | 0100 0045 | 8b88 cc00 | 0000 4183 | c102 4589 | 88cc 0000 | 0041 81e1 
  0x0000012f333b287c: feff 1f00 | 4183 f900 | 0f84 d307 | 0000 4c8b 

  0x0000012f333b288c: ;   {metadata(method data for {method} {0x0000000800083678} 'loadClassOrNull' '(Ljava/lang/String;)Ljava/lang/Class;' in 'jdk/internal/loader/BuiltinClassLoader')}
  0x0000012f333b288c: c649 b988 | aac4 492f | 0100 0045 | 8b40 0849 | ba00 0000 | 0008 0000 | 004d 03c2 | 4d3b 8120 
  0x0000012f333b28ac: 0100 0075 | 0d49 8381 | 2801 0000 | 01e9 6600 | 0000 4d3b | 8130 0100 | 0075 0d49 | 8381 3801 
  0x0000012f333b28cc: 0000 01e9 | 5000 0000 | 4981 b920 | 0100 0000 | 0000 0075 | 174d 8981 | 2001 0000 | 49c7 8128 
  0x0000012f333b28ec: 0100 0001 | 0000 00e9 | 2c00 0000 | 4981 b930 | 0100 0000 | 0000 0075 | 174d 8981 | 3001 0000 
  0x0000012f333b290c: 49c7 8138 | 0100 0001 | 0000 00e9 | 0800 0000 | 4983 8110 | 0100 0001 | 4c8b 4424 | 7041 b900 
  0x0000012f333b292c: 0000 0048 | 8bd6 6666 | 9048 b8ff | ffff ffff 

  0x0000012f333b293c: ;   {virtual_call}
  0x0000012f333b293c: ffff ffe8 

  0x0000012f333b2940: ; ImmutableOopMap {[104]=Oop [128]=Oop [168]=Oop }
                      ;*invokevirtual loadClassOrNull {reexecute=0 rethrow=0 return_oop=0}
                      ; - jdk.internal.loader.BuiltinClassLoader::loadClassOrNull@3 (line 700)
                      ; - jdk.internal.loader.BuiltinClassLoader::loadClassOrNull@66 (line 669)
  0x0000012f333b2940: 9cc2 5407 

  0x0000012f333b2944: ;   {metadata(method data for {method} {0x0000000800082e90} 'loadClassOrNull' '(Ljava/lang/String;Z)Ljava/lang/Class;' in 'jdk/internal/loader/BuiltinClassLoader')}
  0x0000012f333b2944: 488b f049 | b820 96c4 | 492f 0100 | 0041 ff80 | 0803 0000 | e9fa 0300 | 008b 7254 | 4883 fe00 
  0x0000012f333b2964: ;   {metadata(method data for {method} {0x0000000800082e90} 'loadClassOrNull' '(Ljava/lang/String;Z)Ljava/lang/Class;' in 'jdk/internal/loader/BuiltinClassLoader')}
  0x0000012f333b2964: 49b8 2096 | c449 2f01 | 0000 49b9 | 3003 0000 | 0000 0000 | 0f85 0a00 | 0000 49b9 | 2003 0000 
  0x0000012f333b2984: 0000 0000 | 4b8b 3c08 | 488d 7f01 | 4b89 3c08 | 0f85 0d00 | 0000 488b | b424 8800 | 0000 e900 
  0x0000012f333b29a4: 0100 0048 | 3b06 4c8b 

  0x0000012f333b29ac: ;   {metadata(method data for {method} {0x0000000800082e90} 'loadClassOrNull' '(Ljava/lang/String;Z)Ljava/lang/Class;' in 'jdk/internal/loader/BuiltinClassLoader')}
  0x0000012f333b29ac: c649 b920 | 96c4 492f | 0100 0049 | 8381 4003 

  0x0000012f333b29bc: ;   {metadata(method data for {method} {0x0000000800083678} 'loadClassOrNull' '(Ljava/lang/String;)Ljava/lang/Class;' in 'jdk/internal/loader/BuiltinClassLoader')}
  0x0000012f333b29bc: 0000 0149 | b888 aac4 | 492f 0100 | 0045 8b88 | cc00 0000 | 4183 c102 | 4589 88cc | 0000 0041 
  0x0000012f333b29dc: 81e1 feff | 1f00 4183 | f900 0f84 | 9706 0000 

  0x0000012f333b29ec: ;   {metadata(method data for {method} {0x0000000800083678} 'loadClassOrNull' '(Ljava/lang/String;)Ljava/lang/Class;' in 'jdk/internal/loader/BuiltinClassLoader')}
  0x0000012f333b29ec: 4c8b c649 | b988 aac4 | 492f 0100 | 0045 8b40 | 0849 ba00 | 0000 0008 | 0000 004d | 03c2 4d3b 
  0x0000012f333b2a0c: 8120 0100 | 0075 0d49 | 8381 2801 | 0000 01e9 | 6600 0000 | 4d3b 8130 | 0100 0075 | 0d49 8381 
  0x0000012f333b2a2c: 3801 0000 | 01e9 5000 | 0000 4981 | b920 0100 | 0000 0000 | 0075 174d | 8981 2001 | 0000 49c7 
  0x0000012f333b2a4c: 8128 0100 | 0001 0000 | 00e9 2c00 | 0000 4981 | b930 0100 | 0000 0000 | 0075 174d | 8981 3001 
  0x0000012f333b2a6c: 0000 49c7 | 8138 0100 | 0001 0000 | 00e9 0800 | 0000 4983 | 8110 0100 | 0001 4c8b | 4424 7041 
  0x0000012f333b2a8c: b900 0000 | 0048 8bd6 | 9048 b800 | 4108 0008 

  0x0000012f333b2a9c: ;   {virtual_call}
  0x0000012f333b2a9c: 0000 00e8 

  0x0000012f333b2aa0: ; ImmutableOopMap {[104]=Oop [112]=Oop [128]=Oop [168]=Oop }
                      ;*invokevirtual loadClassOrNull {reexecute=0 rethrow=0 return_oop=0}
                      ; - jdk.internal.loader.BuiltinClassLoader::loadClassOrNull@3 (line 700)
                      ; - jdk.internal.loader.BuiltinClassLoader::loadClassOrNull@86 (line 676)
  0x0000012f333b2aa0: bcc0 5407 | 488b f048 

  0x0000012f333b2aa8: ;   {metadata(method data for {method} {0x0000000800082e90} 'loadClassOrNull' '(Ljava/lang/String;Z)Ljava/lang/Class;' in 'jdk/internal/loader/BuiltinClassLoader')}
  0x0000012f333b2aa8: 83fe 0049 | b820 96c4 | 492f 0100 | 0048 ba78 | 0300 0000 | 0000 000f | 850a 0000 | 0048 ba88 
  0x0000012f333b2ac8: 0300 0000 | 0000 0049 | 8b3c 1048 | 8d7f 0149 | 893c 100f | 8576 0200 | 0048 8b54 | 2468 4c8b 
  0x0000012f333b2ae8: ;   {metadata(method data for {method} {0x0000000800082e90} 'loadClassOrNull' '(Ljava/lang/String;Z)Ljava/lang/Class;' in 'jdk/internal/loader/BuiltinClassLoader')}
  0x0000012f333b2ae8: c248 bf20 | 96c4 492f | 0100 0045 | 8b40 0849 | ba00 0000 | 0008 0000 | 004d 03c2 | 4c3b 87a8 
  0x0000012f333b2b08: 0300 0075 | 0d48 8387 | b003 0000 | 01e9 6600 | 0000 4c3b | 87b8 0300 | 0075 0d48 | 8387 c003 
  0x0000012f333b2b28: 0000 01e9 | 5000 0000 | 4881 bfa8 | 0300 0000 | 0000 0075 | 174c 8987 | a803 0000 | 48c7 87b0 
  0x0000012f333b2b48: 0300 0001 | 0000 00e9 | 2c00 0000 | 4881 bfb8 | 0300 0000 | 0000 0075 | 174c 8987 | b803 0000 
  0x0000012f333b2b68: 48c7 87c0 | 0300 0001 | 0000 00e9 | 0800 0000 | 4883 8798 | 0300 0001 

  0x0000012f333b2b80: ;   {metadata(method data for {method} {0x0000000800082e38} 'hasClassPath' '()Z' in 'jdk/internal/loader/BuiltinClassLoader')}
  0x0000012f333b2b80: 49b8 18ac | c449 2f01 | 0000 418b | b8cc 0000 | 0083 c702 | 4189 b8cc | 0000 0081 | e7fe ff1f 
  0x0000012f333b2ba0: 0083 ff00 | 0f84 fa04 | 0000 448b | 4258 4983 

  0x0000012f333b2bb0: ;   {metadata(method data for {method} {0x0000000800082e38} 'hasClassPath' '()Z' in 'jdk/internal/loader/BuiltinClassLoader')}
  0x0000012f333b2bb0: f800 49b8 | 18ac c449 | 2f01 0000 | 48bf 1001 | 0000 0000 | 0000 0f84 | 0a00 0000 | 48bf 2001 
  0x0000012f333b2bd0: 0000 0000 | 0000 498b | 1c38 488d | 5b01 4989 | 1c38 0f84 | 1c00 0000 

  0x0000012f333b2be8: ;   {metadata(method data for {method} {0x0000000800082e38} 'hasClassPath' '()Z' in 'jdk/internal/loader/BuiltinClassLoader')}
  0x0000012f333b2be8: 49b8 18ac | c449 2f01 | 0000 41ff | 8030 0100 | 0041 b801 | 0000 00e9 | 0600 0000 | 41b8 0000 
  0x0000012f333b2c08: 0000 4183 | e001 4183 

  0x0000012f333b2c10: ;   {metadata(method data for {method} {0x0000000800082e90} 'loadClassOrNull' '(Ljava/lang/String;Z)Ljava/lang/Class;' in 'jdk/internal/loader/BuiltinClassLoader')}
  0x0000012f333b2c10: f800 49b8 | 2096 c449 | 2f01 0000 | 48bf d003 | 0000 0000 | 0000 0f84 | 0a00 0000 | 48bf e003 
  0x0000012f333b2c30: 0000 0000 | 0000 498b | 1c38 488d | 5b01 4989 | 1c38 0f84 | 0f01 0000 

  0x0000012f333b2c48: ;   {metadata(method data for {method} {0x0000000800082e90} 'loadClassOrNull' '(Ljava/lang/String;Z)Ljava/lang/Class;' in 'jdk/internal/loader/BuiltinClassLoader')}
  0x0000012f333b2c48: 49b8 2096 | c449 2f01 | 0000 4983 | 80f0 0300 

  0x0000012f333b2c58: ;   {metadata(method data for {method} {0x000000080044ef98} 'isModuleSystemInited' '()Z' in 'jdk/internal/misc/VM')}
  0x0000012f333b2c58: 0001 49b8 | 38a1 c449 | 2f01 0000 | 418b b8cc | 0000 0083 | c702 4189 | b8cc 0000 | 0081 e7fe 
  0x0000012f333b2c78: ff1f 0083 | ff00 0f84 | 4104 0000 

  0x0000012f333b2c84: ;   {oop(a 'java/lang/Class'{0x0000000090f0a360} = 'jdk/internal/misc/VM')}
  0x0000012f333b2c84: 49b8 60a3 | f090 0000 | 0000 458b | 8094 0000 | 0041 83f8 

  0x0000012f333b2c98: ;   {metadata(method data for {method} {0x000000080044ef98} 'isModuleSystemInited' '()Z' in 'jdk/internal/misc/VM')}
  0x0000012f333b2c98: 0249 b838 | a1c4 492f | 0100 0048 | bf10 0100 | 0000 0000 | 000f 8c0a | 0000 0048 | bf20 0100 
  0x0000012f333b2cb8: 0000 0000 | 0049 8b1c | 3848 8d5b | 0149 891c | 380f 8c1c 

  0x0000012f333b2ccc: ;   {metadata(method data for {method} {0x000000080044ef98} 'isModuleSystemInited' '()Z' in 'jdk/internal/misc/VM')}
  0x0000012f333b2ccc: 0000 0049 | b838 a1c4 | 492f 0100 | 0041 ff80 | 3001 0000 | 41b8 0100 | 0000 e906 | 0000 0041 
  0x0000012f333b2cec: b800 0000 | 0041 83e0 | 0141 83f8 

  0x0000012f333b2cf8: ;   {metadata(method data for {method} {0x0000000800082e90} 'loadClassOrNull' '(Ljava/lang/String;Z)Ljava/lang/Class;' in 'jdk/internal/loader/BuiltinClassLoader')}
  0x0000012f333b2cf8: 0049 b820 | 96c4 492f | 0100 0048 | bf00 0400 | 0000 0000 | 000f 840a | 0000 0048 | bf10 0400 
  0x0000012f333b2d18: 0000 0000 | 0049 8b1c | 3848 8d5b | 0149 891c | 380f 8428 | 0000 004c | 8b44 2470 

  0x0000012f333b2d34: ;   {metadata(method data for {method} {0x0000000800082e90} 'loadClassOrNull' '(Ljava/lang/String;Z)Ljava/lang/Class;' in 'jdk/internal/loader/BuiltinClassLoader')}
  0x0000012f333b2d34: 488b f248 | bf20 96c4 | 492f 0100 | 0048 8387 | 2004 0000 | 0148 8bf2 

  0x0000012f333b2d4c: ;   {optimized virtual_call}
  0x0000012f333b2d4c: 488b d6e8 

  0x0000012f333b2d50: ; ImmutableOopMap {[104]=Oop [128]=Oop [168]=Oop }
                      ;*invokevirtual findClassOnClassPathOrNull {reexecute=0 rethrow=0 return_oop=0}
                      ; - jdk.internal.loader.BuiltinClassLoader::loadClassOrNull@111 (line 681)
  0x0000012f333b2d50: c104 0000 | 488b f044 | 8b4c 2478 | 4183 f900 

  0x0000012f333b2d60: ;   {metadata(method data for {method} {0x0000000800082e90} 'loadClassOrNull' '(Ljava/lang/String;Z)Ljava/lang/Class;' in 'jdk/internal/loader/BuiltinClassLoader')}
  0x0000012f333b2d60: 48b8 2096 | c449 2f01 | 0000 48ba | 5804 0000 | 0000 0000 | 0f84 0a00 | 0000 48ba | 6804 0000 
  0x0000012f333b2d80: 0000 0000 | 488b 3c10 | 488d 7f01 | 4889 3c10 | 0f84 b300 | 0000 4883 

  0x0000012f333b2d98: ;   {metadata(method data for {method} {0x0000000800082e90} 'loadClassOrNull' '(Ljava/lang/String;Z)Ljava/lang/Class;' in 'jdk/internal/loader/BuiltinClassLoader')}
  0x0000012f333b2d98: fe00 48b8 | 2096 c449 | 2f01 0000 | 48ba 7804 | 0000 0000 | 0000 0f84 | 0a00 0000 | 48ba 8804 
  0x0000012f333b2db8: 0000 0000 | 0000 488b | 3c10 488d | 7f01 4889 | 3c10 0f84 | 7900 0000 | 488b 5424 

  0x0000012f333b2dd4: ;   {metadata(method data for {method} {0x0000000800082e90} 'loadClassOrNull' '(Ljava/lang/String;Z)Ljava/lang/Class;' in 'jdk/internal/loader/BuiltinClassLoader')}
  0x0000012f333b2dd4: 6848 b820 | 96c4 492f | 0100 0048 | 8380 9804 

  0x0000012f333b2de4: ;   {metadata(method data for {method} {0x0000000800436000} 'resolveClass' '(Ljava/lang/Class;)V' in 'java/lang/ClassLoader')}
  0x0000012f333b2de4: 0000 0148 | b880 b0c4 | 492f 0100 | 008b 90cc | 0000 0083 | c202 8990 | cc00 0000 | 81e2 feff 
  0x0000012f333b2e04: 1f00 83fa | 000f 84d7 | 0200 0048 

  0x0000012f333b2e10: ;   {metadata(method data for {method} {0x0000000800436000} 'resolveClass' '(Ljava/lang/Class;)V' in 'java/lang/ClassLoader')}
  0x0000012f333b2e10: 83fe 0048 | b880 b0c4 | 492f 0100 | 0048 ba20 | 0100 0000 | 0000 000f | 840a 0000 | 0048 ba10 
  0x0000012f333b2e30: 0100 0000 | 0000 0048 | 8b3c 1048 | 8d7f 0148 | 893c 100f | 843c 0000 | 0048 8d84 | 24a0 0000 
  0x0000012f333b2e50: 0048 8b10 | 4885 d20f | 840f 0000 | 0048 8b78 | 08f0 480f | b117 0f85 | 9b02 0000 | 488b c648 
  0x0000012f333b2e70: 81c4 c000 

  0x0000012f333b2e74: ;   {poll_return}
  0x0000012f333b2e74: 0000 5d49 | 3ba7 7803 | 0000 0f87 | 9902 0000 | c348 89b4 | 2498 0000 | 0066 6690 

  0x0000012f333b2e90: ;   {no_reloc}
  0x0000012f333b2e90: e9ad 0200 | 0000 0000 | 0000 498b | 87f8 0000 | 0048 8d78 | 3049 3bbf | 0801 0000 | 0f87 9a02 
  0x0000012f333b2eb0: 0000 4989 | bff8 0000 | 0048 c700 | 0100 0000 | 488b ca49 | ba00 0000 | 0008 0000 | 0049 2bca 
  0x0000012f333b2ed0: 8948 0848 | 33c9 8948 | 0c48 33c9 | 4889 4810 | 4889 4818 | 4889 4820 | 4889 4828 

  0x0000012f333b2eec: ;   {metadata(method data for {method} {0x0000000800436000} 'resolveClass' '(Ljava/lang/Class;)V' in 'java/lang/ClassLoader')}
  0x0000012f333b2eec: 488b d048 | be80 b0c4 | 492f 0100 | 0048 8386 | 3001 0000 | 0148 8bd0 | 4889 8424 | 9000 0000 
  0x0000012f333b2f0c: ;   {optimized virtual_call}
  0x0000012f333b2f0c: 6666 90e8 

  0x0000012f333b2f10: ; ImmutableOopMap {[128]=Oop [144]=Oop [152]=Oop [168]=Oop }
                      ;*invokespecial <init> {reexecute=0 rethrow=0 return_oop=0}
                      ; - java.lang.ClassLoader::resolveClass@8 (line 1224)
                      ; - jdk.internal.loader.BuiltinClassLoader::loadClassOrNull@128 (line 688)
  0x0000012f333b2f10: 6ceb 5407 | 488b 8424 

  0x0000012f333b2f18: ; ImmutableOopMap {rax=Oop [128]=Oop [152]=Oop [168]=Oop }
                      ;*athrow {reexecute=1 rethrow=0 return_oop=0}
                      ; - (reexecute) java.lang.ClassLoader::resolveClass@11 (line 1224)
                      ; - jdk.internal.loader.BuiltinClassLoader::loadClassOrNull@128 (line 688)
  0x0000012f333b2f18: 9000 0000 

  0x0000012f333b2f1c: ;   {section_word}
  0x0000012f333b2f1c: 48ba 1c2f | 3b33 2f01 

  0x0000012f333b2f24: ;   {runtime_call handle_exception_nofpu Runtime1 stub}
  0x0000012f333b2f24: 0000 e8d5 | 8e5f 0790 | 498b 8720 | 0400 004d | 33d2 4d89 | 9720 0400 | 004d 33d2 | 4d89 9728 
  0x0000012f333b2f44: 0400 0048 | 8bf0 488d | 8424 a000 | 0000 488b | 3848 85ff | 0f84 0f00 | 0000 488b | 5808 f048 
  0x0000012f333b2f64: 0fb1 3b0f | 85ec 0100 | 0048 8bc6 | e917 0200 

  0x0000012f333b2f74: ;   {metadata({method} {0x0000000800082e90} 'loadClassOrNull' '(Ljava/lang/String;Z)Ljava/lang/Class;' in 'jdk/internal/loader/BuiltinClassLoader')}
  0x0000012f333b2f74: 0049 ba88 | 2e08 0008 | 0000 004c | 8954 2408 | 48c7 0424 | ffff ffff 

  0x0000012f333b2f8c: ;   {runtime_call counter_overflow Runtime1 stub}
  0x0000012f333b2f8c: e86f d35f 

  0x0000012f333b2f90: ; ImmutableOopMap {rdx=Oop r8=Oop [104]=Oop }
                      ;*synchronization entry
                      ; - jdk.internal.loader.BuiltinClassLoader::loadClassOrNull@-1 (line 651)
  0x0000012f333b2f90: 07e9 a6f3 

  0x0000012f333b2f94: ;   {runtime_call throw_null_pointer_exception Runtime1 stub}
  0x0000012f333b2f94: ffff e885 

  0x0000012f333b2f98: ; ImmutableOopMap {rsi=Oop [104]=Oop [112]=Oop [128]=Oop }
                      ;*monitorenter {reexecute=0 rethrow=0 return_oop=0}
                      ; - jdk.internal.loader.BuiltinClassLoader::loadClassOrNull@7 (line 651)
  0x0000012f333b2f98: 705f 0748 | 8974 2408 | 4889 1424 

  0x0000012f333b2fa4: ;   {runtime_call monitorenter_nofpu Runtime1 stub}
  0x0000012f333b2fa4: e857 a95f 

  0x0000012f333b2fa8: ; ImmutableOopMap {rsi=Oop [104]=Oop [112]=Oop [128]=Oop [168]=Oop }
                      ;*monitorenter {reexecute=0 rethrow=0 return_oop=0}
                      ; - jdk.internal.loader.BuiltinClassLoader::loadClassOrNull@7 (line 651)
  0x0000012f333b2fa8: 07e9 84f4 

  0x0000012f333b2fac: ;   {metadata({method} {0x00000008004360b0} 'findLoadedClass' '(Ljava/lang/String;)Ljava/lang/Class;' in 'java/lang/ClassLoader')}
  0x0000012f333b2fac: ffff 49ba | a860 4300 | 0800 0000 | 4c89 5424 | 0848 c704 | 24ff ffff 

  0x0000012f333b2fc4: ;   {runtime_call counter_overflow Runtime1 stub}
  0x0000012f333b2fc4: ffe8 36d3 

  0x0000012f333b2fc8: ; ImmutableOopMap {[104]=Oop [112]=Oop [128]=Oop [168]=Oop }
                      ;*synchronization entry
                      ; - java.lang.ClassLoader::findLoadedClass@-1 (line 1284)
                      ; - jdk.internal.loader.BuiltinClassLoader::loadClassOrNull@10 (line 653)
  0x0000012f333b2fc8: 5f07 e9a2 

  0x0000012f333b2fcc: ;   {runtime_call throw_null_pointer_exception Runtime1 stub}
  0x0000012f333b2fcc: f4ff ffe8 

  0x0000012f333b2fd0: ; ImmutableOopMap {rax=Oop rdx=Oop [104]=Oop [112]=Oop [128]=Oop [136]=Oop [168]=Oop }
                      ;*invokevirtual loader {reexecute=0 rethrow=0 return_oop=0}
                      ; - jdk.internal.loader.BuiltinClassLoader::loadClassOrNull@34 (line 662)
  0x0000012f333b2fd0: 4c70 5f07 

  0x0000012f333b2fd4: ;   {metadata({method} {0x000000080044ef98} 'isModuleSystemInited' '()Z' in 'jdk/internal/misc/VM')}
  0x0000012f333b2fd4: 49ba 90ef | 4400 0800 | 0000 4c89 | 5424 0848 | c704 24ff 

  0x0000012f333b2fe8: ;   {runtime_call counter_overflow Runtime1 stub}
  0x0000012f333b2fe8: ffff ffe8 

  0x0000012f333b2fec: ; ImmutableOopMap {rax=Oop rdx=Oop [104]=Oop [112]=Oop [128]=Oop [136]=Oop [168]=Oop }
                      ;*synchronization entry
                      ; - jdk.internal.misc.VM::isModuleSystemInited@-1 (line 91)
                      ; - jdk.internal.loader.BuiltinClassLoader::loadClassOrNull@45 (line 664)
  0x0000012f333b2fec: 10d3 5f07 | e962 f6ff 

  0x0000012f333b2ff4: ;   {metadata({method} {0x00000008000835c8} 'findClassInModuleOrNull' '(Ljdk/internal/loader/BuiltinClassLoader$LoadedModule;Ljava/lang/String;)Ljava/lang/Class;' in 'jdk/internal/loader/BuiltinClassLoader')}
  0x0000012f333b2ff4: ff49 bac0 | 3508 0008 | 0000 004c | 8954 2408 | 48c7 0424 | ffff ffff 

  0x0000012f333b300c: ;   {runtime_call counter_overflow Runtime1 stub}
  0x0000012f333b300c: e8ef d25f 

  0x0000012f333b3010: ; ImmutableOopMap {rdx=Oop rax=Oop [104]=Oop [112]=Oop [128]=Oop [168]=Oop }
                      ;*synchronization entry
                      ; - jdk.internal.loader.BuiltinClassLoader::findClassInModuleOrNull@-1 (line 740)
                      ; - jdk.internal.loader.BuiltinClassLoader::loadClassOrNull@55 (line 665)
  0x0000012f333b3010: 07e9 3bf7 

  0x0000012f333b3014: ;   {metadata({method} {0x0000000800012e80} 'getSecurityManager' '()Ljava/lang/SecurityManager;' in 'java/lang/System')}
  0x0000012f333b3014: ffff 49ba | 782e 0100 | 0800 0000 | 4c89 5424 | 0848 c704 | 24ff ffff 

  0x0000012f333b302c: ;   {runtime_call counter_overflow Runtime1 stub}
  0x0000012f333b302c: ffe8 ced2 

  0x0000012f333b3030: ; ImmutableOopMap {rdx=Oop rax=Oop [104]=Oop [112]=Oop [128]=Oop [168]=Oop }
                      ;*synchronization entry
                      ; - java.lang.System::getSecurityManager@-1 (line 499)
                      ; - jdk.internal.loader.BuiltinClassLoader::findClassInModuleOrNull@0 (line 740)
                      ; - jdk.internal.loader.BuiltinClassLoader::loadClassOrNull@55 (line 665)
  0x0000012f333b3030: 5f07 e959 

  0x0000012f333b3034: ;   {metadata({method} {0x0000000800012f98} 'allowSecurityManager' '()Z' in 'java/lang/System')}
  0x0000012f333b3034: f7ff ff49 | ba90 2f01 | 0008 0000 | 004c 8954 | 2408 48c7 | 0424 ffff 

  0x0000012f333b304c: ;   {runtime_call counter_overflow Runtime1 stub}
  0x0000012f333b304c: ffff e8ad 

  0x0000012f333b3050: ; ImmutableOopMap {rdx=Oop rax=Oop [104]=Oop [112]=Oop [128]=Oop [168]=Oop }
                      ;*synchronization entry
                      ; - java.lang.System::allowSecurityManager@-1 (line 207)
                      ; - java.lang.System::getSecurityManager@0 (line 499)
                      ; - jdk.internal.loader.BuiltinClassLoader::findClassInModuleOrNull@0 (line 740)
                      ; - jdk.internal.loader.BuiltinClassLoader::loadClassOrNull@55 (line 665)
  0x0000012f333b3050: d25f 07e9 | 77f7 ffff 

  0x0000012f333b3058: ;   {runtime_call throw_null_pointer_exception Runtime1 stub}
  0x0000012f333b3058: e8c3 6f5f 

  0x0000012f333b305c: ; ImmutableOopMap {rsi=Oop [104]=Oop [112]=Oop [128]=Oop [168]=Oop }
                      ;*invokevirtual loadClassOrNull {reexecute=0 rethrow=0 return_oop=0}
                      ; - jdk.internal.loader.BuiltinClassLoader::loadClassOrNull@66 (line 669)
                      ;   {metadata({method} {0x0000000800083678} 'loadClassOrNull' '(Ljava/lang/String;)Ljava/lang/Class;' in 'jdk/internal/loader/BuiltinClassLoader')}
  0x0000012f333b305c: 0749 ba70 | 3608 0008 | 0000 004c | 8954 2408 | 48c7 0424 | ffff ffff 

  0x0000012f333b3074: ;   {runtime_call counter_overflow Runtime1 stub}
  0x0000012f333b3074: e887 d25f 

  0x0000012f333b3078: ; ImmutableOopMap {rsi=Oop [104]=Oop [112]=Oop [128]=Oop [168]=Oop }
                      ;*synchronization entry
                      ; - jdk.internal.loader.BuiltinClassLoader::loadClassOrNull@-1 (line 700)
                      ; - jdk.internal.loader.BuiltinClassLoader::loadClassOrNull@66 (line 669)
  0x0000012f333b3078: 07e9 0cf8 

  0x0000012f333b307c: ;   {runtime_call throw_null_pointer_exception Runtime1 stub}
  0x0000012f333b307c: ffff e89d 

  0x0000012f333b3080: ; ImmutableOopMap {rsi=Oop [104]=Oop [112]=Oop [128]=Oop [168]=Oop }
                      ;*invokevirtual loadClassOrNull {reexecute=0 rethrow=0 return_oop=0}
                      ; - jdk.internal.loader.BuiltinClassLoader::loadClassOrNull@86 (line 676)
                      ;   {metadata({method} {0x0000000800083678} 'loadClassOrNull' '(Ljava/lang/String;)Ljava/lang/Class;' in 'jdk/internal/loader/BuiltinClassLoader')}
  0x0000012f333b3080: 6f5f 0749 | ba70 3608 | 0008 0000 | 004c 8954 | 2408 48c7 | 0424 ffff 

  0x0000012f333b3098: ;   {runtime_call counter_overflow Runtime1 stub}
  0x0000012f333b3098: ffff e861 

  0x0000012f333b309c: ; ImmutableOopMap {rsi=Oop [104]=Oop [112]=Oop [128]=Oop [168]=Oop }
                      ;*synchronization entry
                      ; - jdk.internal.loader.BuiltinClassLoader::loadClassOrNull@-1 (line 700)
                      ; - jdk.internal.loader.BuiltinClassLoader::loadClassOrNull@86 (line 676)
  0x0000012f333b309c: d25f 07e9 | 48f9 ffff 

  0x0000012f333b30a4: ;   {metadata({method} {0x0000000800082e38} 'hasClassPath' '()Z' in 'jdk/internal/loader/BuiltinClassLoader')}
  0x0000012f333b30a4: 49ba 302e | 0800 0800 | 0000 4c89 | 5424 0848 | c704 24ff 

  0x0000012f333b30b8: ;   {runtime_call counter_overflow Runtime1 stub}
  0x0000012f333b30b8: ffff ffe8 

  0x0000012f333b30bc: ; ImmutableOopMap {rdx=Oop rsi=Oop [104]=Oop [112]=Oop [128]=Oop [168]=Oop }
                      ;*synchronization entry
                      ; - jdk.internal.loader.BuiltinClassLoader::hasClassPath@-1 (line 223)
                      ; - jdk.internal.loader.BuiltinClassLoader::loadClassOrNull@97 (line 680)
  0x0000012f333b30bc: 40d2 5f07 | e9e5 faff 

  0x0000012f333b30c4: ;   {metadata({method} {0x000000080044ef98} 'isModuleSystemInited' '()Z' in 'jdk/internal/misc/VM')}
  0x0000012f333b30c4: ff49 ba90 | ef44 0008 | 0000 004c | 8954 2408 | 48c7 0424 | ffff ffff 

  0x0000012f333b30dc: ;   {runtime_call counter_overflow Runtime1 stub}
  0x0000012f333b30dc: e81f d25f 

  0x0000012f333b30e0: ; ImmutableOopMap {rdx=Oop rsi=Oop [104]=Oop [112]=Oop [128]=Oop [168]=Oop }
                      ;*synchronization entry
                      ; - jdk.internal.misc.VM::isModuleSystemInited@-1 (line 91)
                      ; - jdk.internal.loader.BuiltinClassLoader::loadClassOrNull@103 (line 680)
  0x0000012f333b30e0: 07e9 9efb 

  0x0000012f333b30e4: ;   {metadata({method} {0x0000000800436000} 'resolveClass' '(Ljava/lang/Class;)V' in 'java/lang/ClassLoader')}
  0x0000012f333b30e4: ffff 49ba | f85f 4300 | 0800 0000 | 4c89 5424 | 0848 c704 | 24ff ffff 

  0x0000012f333b30fc: ;   {runtime_call counter_overflow Runtime1 stub}
  0x0000012f333b30fc: ffe8 fed1 

  0x0000012f333b3100: ; ImmutableOopMap {rsi=Oop [128]=Oop [168]=Oop }
                      ;*synchronization entry
                      ; - java.lang.ClassLoader::resolveClass@-1 (line 1223)
                      ; - jdk.internal.loader.BuiltinClassLoader::loadClassOrNull@128 (line 688)
  0x0000012f333b3100: 5f07 e908 | fdff ff48 | 8d84 24a0 | 0000 0048 

  0x0000012f333b3110: ;   {runtime_call monitorexit_nofpu Runtime1 stub}
  0x0000012f333b3110: 8904 24e8 | e8ad 5f07 | e94f fdff 

  0x0000012f333b311c: ;   {internal_word}
  0x0000012f333b311c: ff49 ba77 | 2e3b 332f | 0100 004d | 8997 9003 

  0x0000012f333b312c: ;   {runtime_call SafepointBlob}
  0x0000012f333b312c: 0000 e9cd 

  0x0000012f333b3130: ;   {metadata(NULL)}
  0x0000012f333b3130: 4c55 0748 | ba00 0000 | 0000 0000 | 00b8 000f 

  0x0000012f333b3140: ;   {runtime_call load_klass_patching Runtime1 stub}
  0x0000012f333b3140: 050a e839 

  0x0000012f333b3144: ; ImmutableOopMap {[128]=Oop [152]=Oop [168]=Oop }
                      ;*new {reexecute=1 rethrow=0 return_oop=0}
                      ; - (reexecute) java.lang.ClassLoader::resolveClass@4 (line 1224)
                      ; - jdk.internal.loader.BuiltinClassLoader::loadClassOrNull@128 (line 688)
  0x0000012f333b3144: c15f 07e9 | 44fd ffff 

  0x0000012f333b314c: ;   {runtime_call fast_new_instance Runtime1 stub}
  0x0000012f333b314c: 488b d2e8 

  0x0000012f333b3150: ; ImmutableOopMap {[128]=Oop [152]=Oop [168]=Oop }
                      ;*new {reexecute=0 rethrow=0 return_oop=0}
                      ; - java.lang.ClassLoader::resolveClass@4 (line 1224)
                      ; - jdk.internal.loader.BuiltinClassLoader::loadClassOrNull@128 (line 688)
  0x0000012f333b3150: ac77 5f07 | e993 fdff | ff48 8d84 | 24a0 0000 | 0048 8904 

  0x0000012f333b3164: ;   {runtime_call monitorexit_nofpu Runtime1 stub}
  0x0000012f333b3164: 24e8 96ad | 5f07 e9fe | fdff ff49 | 8b87 2004 | 0000 49c7 | 8720 0400 | 0000 0000 | 0049 c787 
  0x0000012f333b3184: 2804 0000 | 0000 0000 | 4881 c4c0 | 0000 005d 

  0x0000012f333b3194: ;   {runtime_call unwind_exception Runtime1 stub}
  0x0000012f333b3194: e967 5f5f | 07f4 f4f4 | f4f4 f4f4 
[Stub Code]
  0x0000012f333b31a0: ;   {no_reloc}
  0x0000012f333b31a0: 0f1f 4400 

  0x0000012f333b31a4: ;   {static_stub}
  0x0000012f333b31a4: 0048 bb00 | 0000 0000 

  0x0000012f333b31ac: ;   {runtime_call}
  0x0000012f333b31ac: 0000 00e9 | fbff ffff 

  0x0000012f333b31b4: ;   {static_stub}
  0x0000012f333b31b4: 9048 bb00 | 0000 0000 

  0x0000012f333b31bc: ;   {runtime_call}
  0x0000012f333b31bc: 0000 00e9 | fbff ffff 

  0x0000012f333b31c4: ;   {static_stub}
  0x0000012f333b31c4: 9048 bb38 | 5a43 0008 

  0x0000012f333b31cc: ;   {runtime_call I2C/C2I adapters}
  0x0000012f333b31cc: 0000 00e9 | 8938 5507 

  0x0000012f333b31d4: ;   {static_stub}
  0x0000012f333b31d4: 9048 bba8 | 3208 0008 

  0x0000012f333b31dc: ;   {runtime_call I2C/C2I adapters}
  0x0000012f333b31dc: 0000 00e9 | 7938 5507 

  0x0000012f333b31e4: ;   {static_stub}
  0x0000012f333b31e4: 9048 bb00 | 0000 0000 

  0x0000012f333b31ec: ;   {runtime_call}
  0x0000012f333b31ec: 0000 00e9 | fbff ffff 

  0x0000012f333b31f4: ;   {static_stub}
  0x0000012f333b31f4: 9048 bb00 | 0000 0000 

  0x0000012f333b31fc: ;   {runtime_call}
  0x0000012f333b31fc: 0000 00e9 | fbff ffff 

  0x0000012f333b3204: ;   {static_stub}
  0x0000012f333b3204: 9048 bb00 | 0000 0000 

  0x0000012f333b320c: ;   {runtime_call}
  0x0000012f333b320c: 0000 00e9 | fbff ffff 

  0x0000012f333b3214: ;   {static_stub}
  0x0000012f333b3214: 9048 bb18 | 3608 0008 

  0x0000012f333b321c: ;   {runtime_call I2C/C2I adapters}
  0x0000012f333b321c: 0000 00e9 | 3938 5507 

  0x0000012f333b3224: ;   {static_stub}
  0x0000012f333b3224: 9048 bb00 | 0000 0000 

  0x0000012f333b322c: ;   {runtime_call}
  0x0000012f333b322c: 0000 00e9 | fbff ffff 
[Exception Handler]
  0x0000012f333b3234: ;   {runtime_call handle_exception_from_callee Runtime1 stub}
  0x0000012f333b3234: e8c7 945f 

  0x0000012f333b3238: ;   {external_word}
  0x0000012f333b3238: 0748 b938 | 4940 17fc | 7f00 0048 

  0x0000012f333b3244: ;   {runtime_call}
  0x0000012f333b3244: 83e4 f049 | ba00 fe0b | 17fc 7f00 | 0041 ffd2 

  0x0000012f333b3254: ;   {section_word}
  0x0000012f333b3254: f449 ba55 | 323b 332f | 0100 0041 

  0x0000012f333b3260: ;   {runtime_call DeoptimizationBlob}
  0x0000012f333b3260: 52e9 3a3e | 5507 f4f4 
[/MachCode]


---------------  P R O C E S S  ---------------

Threads class SMR info:
_java_thread_list=0x0000012f4ddb1710, length=13, elements={
0x0000012f2b40ee40, 0x0000012f49b8a610, 0x0000012f49b8b200, 0x0000012f49b8c400,
0x0000012f49b8dd40, 0x0000012f49b8e670, 0x0000012f49b8efa0, 0x0000012f49b91c10,
0x0000012f49b94710, 0x0000012f49b97760, 0x0000012f4ddd3b00, 0x0000012f4ddef250,
0x0000012f4de48070
}

Java Threads: ( => current thread )
=>0x0000012f2b40ee40 JavaThread "main" [_thread_in_vm, id=3444, stack(0x000000243b100000,0x000000243b200000)]
  0x0000012f49b8a610 JavaThread "Reference Handler" daemon [_thread_blocked, id=8964, stack(0x000000243b800000,0x000000243b900000)]
  0x0000012f49b8b200 JavaThread "Finalizer" daemon [_thread_blocked, id=12944, stack(0x000000243b900000,0x000000243ba00000)]
  0x0000012f49b8c400 JavaThread "Signal Dispatcher" daemon [_thread_blocked, id=10768, stack(0x000000243ba00000,0x000000243bb00000)]
  0x0000012f49b8dd40 JavaThread "Attach Listener" daemon [_thread_blocked, id=12156, stack(0x000000243bb00000,0x000000243bc00000)]
  0x0000012f49b8e670 JavaThread "Service Thread" daemon [_thread_blocked, id=13292, stack(0x000000243bc00000,0x000000243bd00000)]
  0x0000012f49b8efa0 JavaThread "Monitor Deflation Thread" daemon [_thread_blocked, id=6324, stack(0x000000243bd00000,0x000000243be00000)]
  0x0000012f49b91c10 JavaThread "C2 CompilerThread0" daemon [_thread_blocked, id=10968, stack(0x000000243be00000,0x000000243bf00000)]
  0x0000012f49b94710 JavaThread "C1 CompilerThread0" daemon [_thread_blocked, id=8120, stack(0x000000243bf00000,0x000000243c000000)]
  0x0000012f49b97760 JavaThread "Sweeper thread" daemon [_thread_blocked, id=13692, stack(0x000000243c000000,0x000000243c100000)]
  0x0000012f4ddd3b00 JavaThread "Notification Thread" daemon [_thread_blocked, id=12528, stack(0x000000243c100000,0x000000243c200000)]
  0x0000012f4ddef250 JavaThread "Common-Cleaner" daemon [_thread_blocked, id=9744, stack(0x000000243c300000,0x000000243c400000)]
  0x0000012f4de48070 JavaThread "C2 CompilerThread1" daemon [_thread_blocked, id=9324, stack(0x000000243c500000,0x000000243c600000)]

Other Threads:
  0x0000012f49b72750 VMThread "VM Thread" [stack: 0x000000243b700000,0x000000243b800000] [id=10548]
  0x0000012f4ddd6350 WatcherThread "VM Periodic Task Thread" [stack: 0x000000243c200000,0x000000243c300000] [id=11884]
  0x0000012f2b46c320 WorkerThread "GC Thread#0" [stack: 0x000000243b200000,0x000000243b300000] [id=1592]
  0x0000012f2b47bf80 ConcurrentGCThread "G1 Main Marker" [stack: 0x000000243b300000,0x000000243b400000] [id=5948]
  0x0000012f2b47d9c0 WorkerThread "G1 Conc#0" [stack: 0x000000243b400000,0x000000243b500000] [id=15192]
  0x0000012f2b4ce720 ConcurrentGCThread "G1 Refine#0" [stack: 0x000000243b500000,0x000000243b600000] [id=11436]
  0x0000012f49a2cb20 ConcurrentGCThread "G1 Service" [stack: 0x000000243b600000,0x000000243b700000] [id=14748]

Threads with active compile tasks:

VM state: not at safepoint (normal execution)

VM Mutex/Monitor currently owned by a thread:  ([mutex/lock_event])
[0x0000012f2b3fab10] Metaspace_lock - owner thread: 0x0000012f2b40ee40

Heap address: 0x0000000089800000, size: 1896 MB, Compressed Oops mode: 32-bit

CDS archive(s) mapped at: [0x0000000800000000-0x0000000800c40000-0x0000000800c40000), size 12845056, SharedBaseAddress: 0x0000000800000000, ArchiveRelocationMode: 0.
Compressed class space mapped at: 0x0000000801000000-0x0000000841000000, reserved size: 1073741824
Narrow klass base: 0x0000000800000000, Narrow klass shift: 0, Narrow klass range: 0x100000000

GC Precious Log:
 CardTable entry size: 512
 Card Set container configuration: InlinePtr #cards 5 size 8 Array Of Cards #cards 12 size 40 Howl #buckets 4 coarsen threshold 1843 Howl Bitmap #cards 512 size 80 coarsen threshold 460 Card regions per heap region 1 cards per card region 2048
 CPUs: 12 total, 12 available
 Memory: 7579M
 Large Page Support: Disabled
 NUMA Support: Disabled
 Compressed Oops: Enabled (32-bit)
 Heap Region Size: 1M
 Heap Min Capacity: 8M
 Heap Initial Capacity: 120M
 Heap Max Capacity: 1896M
 Pre-touch: Disabled
 Parallel Workers: 10
 Concurrent Workers: 3
 Concurrent Refinement Workers: 10
 Periodic GC: Disabled

Heap:
 garbage-first heap   total 122880K, used 10240K [0x0000000089800000, 0x0000000100000000)
  region size 1024K, 8 young (8192K), 0 survivors (0K)
 Metaspace       used 1756K, committed 1856K, reserved 1114112K
  class space    used 132K, committed 192K, reserved 1048576K

Heap Regions: E=young(eden), S=young(survivor), O=old, HS=humongous(starts), HC=humongous(continues), CS=collection set, F=free, OA=open archive, CA=closed archive, TAMS=top-at-mark-start (previous, next)
|   0|0x0000000089800000, 0x0000000089900000, 0x0000000089900000|100%|HS|  |TAMS 0x0000000089800000, 0x0000000089800000| Complete 
|   1|0x0000000089900000, 0x0000000089a00000, 0x0000000089a00000|100%|HC|  |TAMS 0x0000000089900000, 0x0000000089900000| Complete 
|   2|0x0000000089a00000, 0x0000000089b00000, 0x0000000089b00000|100%|HC|  |TAMS 0x0000000089a00000, 0x0000000089a00000| Complete 
|   3|0x0000000089b00000, 0x0000000089c00000, 0x0000000089c00000|100%|HS|  |TAMS 0x0000000089b00000, 0x0000000089b00000| Complete 
|   4|0x0000000089c00000, 0x0000000089c00000, 0x0000000089d00000|  0%| F|  |TAMS 0x0000000089c00000, 0x0000000089c00000| Untracked 
|   5|0x0000000089d00000, 0x0000000089d00000, 0x0000000089e00000|  0%| F|  |TAMS 0x0000000089d00000, 0x0000000089d00000| Untracked 
|   6|0x0000000089e00000, 0x0000000089e00000, 0x0000000089f00000|  0%| F|  |TAMS 0x0000000089e00000, 0x0000000089e00000| Untracked 
|   7|0x0000000089f00000, 0x0000000089f00000, 0x000000008a000000|  0%| F|  |TAMS 0x0000000089f00000, 0x0000000089f00000| Untracked 
|   8|0x000000008a000000, 0x000000008a000000, 0x000000008a100000|  0%| F|  |TAMS 0x000000008a000000, 0x000000008a000000| Untracked 
|   9|0x000000008a100000, 0x000000008a100000, 0x000000008a200000|  0%| F|  |TAMS 0x000000008a100000, 0x000000008a100000| Untracked 
|  10|0x000000008a200000, 0x000000008a200000, 0x000000008a300000|  0%| F|  |TAMS 0x000000008a200000, 0x000000008a200000| Untracked 
|  11|0x000000008a300000, 0x000000008a300000, 0x000000008a400000|  0%| F|  |TAMS 0x000000008a300000, 0x000000008a300000| Untracked 
|  12|0x000000008a400000, 0x000000008a400000, 0x000000008a500000|  0%| F|  |TAMS 0x000000008a400000, 0x000000008a400000| Untracked 
|  13|0x000000008a500000, 0x000000008a500000, 0x000000008a600000|  0%| F|  |TAMS 0x000000008a500000, 0x000000008a500000| Untracked 
|  14|0x000000008a600000, 0x000000008a600000, 0x000000008a700000|  0%| F|  |TAMS 0x000000008a600000, 0x000000008a600000| Untracked 
|  15|0x000000008a700000, 0x000000008a700000, 0x000000008a800000|  0%| F|  |TAMS 0x000000008a700000, 0x000000008a700000| Untracked 
|  16|0x000000008a800000, 0x000000008a800000, 0x000000008a900000|  0%| F|  |TAMS 0x000000008a800000, 0x000000008a800000| Untracked 
|  17|0x000000008a900000, 0x000000008a900000, 0x000000008aa00000|  0%| F|  |TAMS 0x000000008a900000, 0x000000008a900000| Untracked 
|  18|0x000000008aa00000, 0x000000008aa00000, 0x000000008ab00000|  0%| F|  |TAMS 0x000000008aa00000, 0x000000008aa00000| Untracked 
|  19|0x000000008ab00000, 0x000000008ab00000, 0x000000008ac00000|  0%| F|  |TAMS 0x000000008ab00000, 0x000000008ab00000| Untracked 
|  20|0x000000008ac00000, 0x000000008ac00000, 0x000000008ad00000|  0%| F|  |TAMS 0x000000008ac00000, 0x000000008ac00000| Untracked 
|  21|0x000000008ad00000, 0x000000008ad00000, 0x000000008ae00000|  0%| F|  |TAMS 0x000000008ad00000, 0x000000008ad00000| Untracked 
|  22|0x000000008ae00000, 0x000000008ae00000, 0x000000008af00000|  0%| F|  |TAMS 0x000000008ae00000, 0x000000008ae00000| Untracked 
|  23|0x000000008af00000, 0x000000008af00000, 0x000000008b000000|  0%| F|  |TAMS 0x000000008af00000, 0x000000008af00000| Untracked 
|  24|0x000000008b000000, 0x000000008b000000, 0x000000008b100000|  0%| F|  |TAMS 0x000000008b000000, 0x000000008b000000| Untracked 
|  25|0x000000008b100000, 0x000000008b100000, 0x000000008b200000|  0%| F|  |TAMS 0x000000008b100000, 0x000000008b100000| Untracked 
|  26|0x000000008b200000, 0x000000008b200000, 0x000000008b300000|  0%| F|  |TAMS 0x000000008b200000, 0x000000008b200000| Untracked 
|  27|0x000000008b300000, 0x000000008b300000, 0x000000008b400000|  0%| F|  |TAMS 0x000000008b300000, 0x000000008b300000| Untracked 
|  28|0x000000008b400000, 0x000000008b400000, 0x000000008b500000|  0%| F|  |TAMS 0x000000008b400000, 0x000000008b400000| Untracked 
|  29|0x000000008b500000, 0x000000008b500000, 0x000000008b600000|  0%| F|  |TAMS 0x000000008b500000, 0x000000008b500000| Untracked 
|  30|0x000000008b600000, 0x000000008b600000, 0x000000008b700000|  0%| F|  |TAMS 0x000000008b600000, 0x000000008b600000| Untracked 
|  31|0x000000008b700000, 0x000000008b700000, 0x000000008b800000|  0%| F|  |TAMS 0x000000008b700000, 0x000000008b700000| Untracked 
|  32|0x000000008b800000, 0x000000008b800000, 0x000000008b900000|  0%| F|  |TAMS 0x000000008b800000, 0x000000008b800000| Untracked 
|  33|0x000000008b900000, 0x000000008b900000, 0x000000008ba00000|  0%| F|  |TAMS 0x000000008b900000, 0x000000008b900000| Untracked 
|  34|0x000000008ba00000, 0x000000008ba00000, 0x000000008bb00000|  0%| F|  |TAMS 0x000000008ba00000, 0x000000008ba00000| Untracked 
|  35|0x000000008bb00000, 0x000000008bb00000, 0x000000008bc00000|  0%| F|  |TAMS 0x000000008bb00000, 0x000000008bb00000| Untracked 
|  36|0x000000008bc00000, 0x000000008bc00000, 0x000000008bd00000|  0%| F|  |TAMS 0x000000008bc00000, 0x000000008bc00000| Untracked 
|  37|0x000000008bd00000, 0x000000008bd00000, 0x000000008be00000|  0%| F|  |TAMS 0x000000008bd00000, 0x000000008bd00000| Untracked 
|  38|0x000000008be00000, 0x000000008be00000, 0x000000008bf00000|  0%| F|  |TAMS 0x000000008be00000, 0x000000008be00000| Untracked 
|  39|0x000000008bf00000, 0x000000008bf00000, 0x000000008c000000|  0%| F|  |TAMS 0x000000008bf00000, 0x000000008bf00000| Untracked 
|  40|0x000000008c000000, 0x000000008c000000, 0x000000008c100000|  0%| F|  |TAMS 0x000000008c000000, 0x000000008c000000| Untracked 
|  41|0x000000008c100000, 0x000000008c100000, 0x000000008c200000|  0%| F|  |TAMS 0x000000008c100000, 0x000000008c100000| Untracked 
|  42|0x000000008c200000, 0x000000008c200000, 0x000000008c300000|  0%| F|  |TAMS 0x000000008c200000, 0x000000008c200000| Untracked 
|  43|0x000000008c300000, 0x000000008c300000, 0x000000008c400000|  0%| F|  |TAMS 0x000000008c300000, 0x000000008c300000| Untracked 
|  44|0x000000008c400000, 0x000000008c400000, 0x000000008c500000|  0%| F|  |TAMS 0x000000008c400000, 0x000000008c400000| Untracked 
|  45|0x000000008c500000, 0x000000008c500000, 0x000000008c600000|  0%| F|  |TAMS 0x000000008c500000, 0x000000008c500000| Untracked 
|  46|0x000000008c600000, 0x000000008c600000, 0x000000008c700000|  0%| F|  |TAMS 0x000000008c600000, 0x000000008c600000| Untracked 
|  47|0x000000008c700000, 0x000000008c700000, 0x000000008c800000|  0%| F|  |TAMS 0x000000008c700000, 0x000000008c700000| Untracked 
|  48|0x000000008c800000, 0x000000008c800000, 0x000000008c900000|  0%| F|  |TAMS 0x000000008c800000, 0x000000008c800000| Untracked 
|  49|0x000000008c900000, 0x000000008c900000, 0x000000008ca00000|  0%| F|  |TAMS 0x000000008c900000, 0x000000008c900000| Untracked 
|  50|0x000000008ca00000, 0x000000008ca00000, 0x000000008cb00000|  0%| F|  |TAMS 0x000000008ca00000, 0x000000008ca00000| Untracked 
|  51|0x000000008cb00000, 0x000000008cb00000, 0x000000008cc00000|  0%| F|  |TAMS 0x000000008cb00000, 0x000000008cb00000| Untracked 
|  52|0x000000008cc00000, 0x000000008cc00000, 0x000000008cd00000|  0%| F|  |TAMS 0x000000008cc00000, 0x000000008cc00000| Untracked 
|  53|0x000000008cd00000, 0x000000008cd00000, 0x000000008ce00000|  0%| F|  |TAMS 0x000000008cd00000, 0x000000008cd00000| Untracked 
|  54|0x000000008ce00000, 0x000000008ce00000, 0x000000008cf00000|  0%| F|  |TAMS 0x000000008ce00000, 0x000000008ce00000| Untracked 
|  55|0x000000008cf00000, 0x000000008cf00000, 0x000000008d000000|  0%| F|  |TAMS 0x000000008cf00000, 0x000000008cf00000| Untracked 
|  56|0x000000008d000000, 0x000000008d000000, 0x000000008d100000|  0%| F|  |TAMS 0x000000008d000000, 0x000000008d000000| Untracked 
|  57|0x000000008d100000, 0x000000008d100000, 0x000000008d200000|  0%| F|  |TAMS 0x000000008d100000, 0x000000008d100000| Untracked 
|  58|0x000000008d200000, 0x000000008d200000, 0x000000008d300000|  0%| F|  |TAMS 0x000000008d200000, 0x000000008d200000| Untracked 
|  59|0x000000008d300000, 0x000000008d300000, 0x000000008d400000|  0%| F|  |TAMS 0x000000008d300000, 0x000000008d300000| Untracked 
|  60|0x000000008d400000, 0x000000008d400000, 0x000000008d500000|  0%| F|  |TAMS 0x000000008d400000, 0x000000008d400000| Untracked 
|  61|0x000000008d500000, 0x000000008d500000, 0x000000008d600000|  0%| F|  |TAMS 0x000000008d500000, 0x000000008d500000| Untracked 
|  62|0x000000008d600000, 0x000000008d600000, 0x000000008d700000|  0%| F|  |TAMS 0x000000008d600000, 0x000000008d600000| Untracked 
|  63|0x000000008d700000, 0x000000008d700000, 0x000000008d800000|  0%| F|  |TAMS 0x000000008d700000, 0x000000008d700000| Untracked 
|  64|0x000000008d800000, 0x000000008d800000, 0x000000008d900000|  0%| F|  |TAMS 0x000000008d800000, 0x000000008d800000| Untracked 
|  65|0x000000008d900000, 0x000000008d900000, 0x000000008da00000|  0%| F|  |TAMS 0x000000008d900000, 0x000000008d900000| Untracked 
|  66|0x000000008da00000, 0x000000008da00000, 0x000000008db00000|  0%| F|  |TAMS 0x000000008da00000, 0x000000008da00000| Untracked 
|  67|0x000000008db00000, 0x000000008db00000, 0x000000008dc00000|  0%| F|  |TAMS 0x000000008db00000, 0x000000008db00000| Untracked 
|  68|0x000000008dc00000, 0x000000008dc00000, 0x000000008dd00000|  0%| F|  |TAMS 0x000000008dc00000, 0x000000008dc00000| Untracked 
|  69|0x000000008dd00000, 0x000000008dd00000, 0x000000008de00000|  0%| F|  |TAMS 0x000000008dd00000, 0x000000008dd00000| Untracked 
|  70|0x000000008de00000, 0x000000008de00000, 0x000000008df00000|  0%| F|  |TAMS 0x000000008de00000, 0x000000008de00000| Untracked 
|  71|0x000000008df00000, 0x000000008df00000, 0x000000008e000000|  0%| F|  |TAMS 0x000000008df00000, 0x000000008df00000| Untracked 
|  72|0x000000008e000000, 0x000000008e000000, 0x000000008e100000|  0%| F|  |TAMS 0x000000008e000000, 0x000000008e000000| Untracked 
|  73|0x000000008e100000, 0x000000008e100000, 0x000000008e200000|  0%| F|  |TAMS 0x000000008e100000, 0x000000008e100000| Untracked 
|  74|0x000000008e200000, 0x000000008e200000, 0x000000008e300000|  0%| F|  |TAMS 0x000000008e200000, 0x000000008e200000| Untracked 
|  75|0x000000008e300000, 0x000000008e300000, 0x000000008e400000|  0%| F|  |TAMS 0x000000008e300000, 0x000000008e300000| Untracked 
|  76|0x000000008e400000, 0x000000008e400000, 0x000000008e500000|  0%| F|  |TAMS 0x000000008e400000, 0x000000008e400000| Untracked 
|  77|0x000000008e500000, 0x000000008e500000, 0x000000008e600000|  0%| F|  |TAMS 0x000000008e500000, 0x000000008e500000| Untracked 
|  78|0x000000008e600000, 0x000000008e600000, 0x000000008e700000|  0%| F|  |TAMS 0x000000008e600000, 0x000000008e600000| Untracked 
|  79|0x000000008e700000, 0x000000008e700000, 0x000000008e800000|  0%| F|  |TAMS 0x000000008e700000, 0x000000008e700000| Untracked 
|  80|0x000000008e800000, 0x000000008e800000, 0x000000008e900000|  0%| F|  |TAMS 0x000000008e800000, 0x000000008e800000| Untracked 
|  81|0x000000008e900000, 0x000000008e900000, 0x000000008ea00000|  0%| F|  |TAMS 0x000000008e900000, 0x000000008e900000| Untracked 
|  82|0x000000008ea00000, 0x000000008ea00000, 0x000000008eb00000|  0%| F|  |TAMS 0x000000008ea00000, 0x000000008ea00000| Untracked 
|  83|0x000000008eb00000, 0x000000008eb00000, 0x000000008ec00000|  0%| F|  |TAMS 0x000000008eb00000, 0x000000008eb00000| Untracked 
|  84|0x000000008ec00000, 0x000000008ec00000, 0x000000008ed00000|  0%| F|  |TAMS 0x000000008ec00000, 0x000000008ec00000| Untracked 
|  85|0x000000008ed00000, 0x000000008ed00000, 0x000000008ee00000|  0%| F|  |TAMS 0x000000008ed00000, 0x000000008ed00000| Untracked 
|  86|0x000000008ee00000, 0x000000008ee00000, 0x000000008ef00000|  0%| F|  |TAMS 0x000000008ee00000, 0x000000008ee00000| Untracked 
|  87|0x000000008ef00000, 0x000000008ef00000, 0x000000008f000000|  0%| F|  |TAMS 0x000000008ef00000, 0x000000008ef00000| Untracked 
|  88|0x000000008f000000, 0x000000008f000000, 0x000000008f100000|  0%| F|  |TAMS 0x000000008f000000, 0x000000008f000000| Untracked 
|  89|0x000000008f100000, 0x000000008f100000, 0x000000008f200000|  0%| F|  |TAMS 0x000000008f100000, 0x000000008f100000| Untracked 
|  90|0x000000008f200000, 0x000000008f200000, 0x000000008f300000|  0%| F|  |TAMS 0x000000008f200000, 0x000000008f200000| Untracked 
|  91|0x000000008f300000, 0x000000008f300000, 0x000000008f400000|  0%| F|  |TAMS 0x000000008f300000, 0x000000008f300000| Untracked 
|  92|0x000000008f400000, 0x000000008f400000, 0x000000008f500000|  0%| F|  |TAMS 0x000000008f400000, 0x000000008f400000| Untracked 
|  93|0x000000008f500000, 0x000000008f500000, 0x000000008f600000|  0%| F|  |TAMS 0x000000008f500000, 0x000000008f500000| Untracked 
|  94|0x000000008f600000, 0x000000008f600000, 0x000000008f700000|  0%| F|  |TAMS 0x000000008f600000, 0x000000008f600000| Untracked 
|  95|0x000000008f700000, 0x000000008f700000, 0x000000008f800000|  0%| F|  |TAMS 0x000000008f700000, 0x000000008f700000| Untracked 
|  96|0x000000008f800000, 0x000000008f800000, 0x000000008f900000|  0%| F|  |TAMS 0x000000008f800000, 0x000000008f800000| Untracked 
|  97|0x000000008f900000, 0x000000008f900000, 0x000000008fa00000|  0%| F|  |TAMS 0x000000008f900000, 0x000000008f900000| Untracked 
|  98|0x000000008fa00000, 0x000000008fa00000, 0x000000008fb00000|  0%| F|  |TAMS 0x000000008fa00000, 0x000000008fa00000| Untracked 
|  99|0x000000008fb00000, 0x000000008fb00000, 0x000000008fc00000|  0%| F|  |TAMS 0x000000008fb00000, 0x000000008fb00000| Untracked 
| 100|0x000000008fc00000, 0x000000008fc00000, 0x000000008fd00000|  0%| F|  |TAMS 0x000000008fc00000, 0x000000008fc00000| Untracked 
| 101|0x000000008fd00000, 0x000000008fd00000, 0x000000008fe00000|  0%| F|  |TAMS 0x000000008fd00000, 0x000000008fd00000| Untracked 
| 102|0x000000008fe00000, 0x000000008fe00000, 0x000000008ff00000|  0%| F|  |TAMS 0x000000008fe00000, 0x000000008fe00000| Untracked 
| 103|0x000000008ff00000, 0x000000008ff00000, 0x0000000090000000|  0%| F|  |TAMS 0x000000008ff00000, 0x000000008ff00000| Untracked 
| 104|0x0000000090000000, 0x0000000090000000, 0x0000000090100000|  0%| F|  |TAMS 0x0000000090000000, 0x0000000090000000| Untracked 
| 105|0x0000000090100000, 0x0000000090100000, 0x0000000090200000|  0%| F|  |TAMS 0x0000000090100000, 0x0000000090100000| Untracked 
| 106|0x0000000090200000, 0x0000000090200000, 0x0000000090300000|  0%| F|  |TAMS 0x0000000090200000, 0x0000000090200000| Untracked 
| 107|0x0000000090300000, 0x0000000090300000, 0x0000000090400000|  0%| F|  |TAMS 0x0000000090300000, 0x0000000090300000| Untracked 
| 108|0x0000000090400000, 0x0000000090400000, 0x0000000090500000|  0%| F|  |TAMS 0x0000000090400000, 0x0000000090400000| Untracked 
| 109|0x0000000090500000, 0x0000000090500000, 0x0000000090600000|  0%| F|  |TAMS 0x0000000090500000, 0x0000000090500000| Untracked 
| 110|0x0000000090600000, 0x0000000090600000, 0x0000000090700000|  0%| F|  |TAMS 0x0000000090600000, 0x0000000090600000| Untracked 
| 111|0x0000000090700000, 0x0000000090700000, 0x0000000090800000|  0%| F|  |TAMS 0x0000000090700000, 0x0000000090700000| Untracked 
| 112|0x0000000090800000, 0x000000009087fc10, 0x0000000090900000| 49%| E|  |TAMS 0x0000000090800000, 0x0000000090800000| Complete 
| 113|0x0000000090900000, 0x00000000909f5448, 0x0000000090a00000| 95%| E|  |TAMS 0x0000000090900000, 0x0000000090900000| Complete 
| 114|0x0000000090a00000, 0x0000000090b00000, 0x0000000090b00000|100%| E|CS|TAMS 0x0000000090a00000, 0x0000000090a00000| Complete 
| 115|0x0000000090b00000, 0x0000000090c00000, 0x0000000090c00000|100%| E|CS|TAMS 0x0000000090b00000, 0x0000000090b00000| Complete 
| 116|0x0000000090c00000, 0x0000000090d00000, 0x0000000090d00000|100%| E|CS|TAMS 0x0000000090c00000, 0x0000000090c00000| Complete 
| 117|0x0000000090d00000, 0x0000000090e00000, 0x0000000090e00000|100%| E|CS|TAMS 0x0000000090d00000, 0x0000000090d00000| Complete 
| 118|0x0000000090e00000, 0x0000000090f00000, 0x0000000090f00000|100%| E|CS|TAMS 0x0000000090e00000, 0x0000000090e00000| Complete 
| 119|0x0000000090f00000, 0x0000000091000000, 0x0000000091000000|100%| E|CS|TAMS 0x0000000090f00000, 0x0000000090f00000| Complete 

Card table byte_map: [0x0000012f42c80000,0x0000012f43040000] _byte_map_base: 0x0000012f42834000

Marking Bits (Prev, Next): (CMBitMap*) 0x0000012f2b46c950, (CMBitMap*) 0x0000012f2b46c990
 Prev Bits: [0x0000012f43400000, 0x0000012f451a0000)
 Next Bits: [0x0000012f451a0000, 0x0000012f46f40000)

Polling page: 0x0000012f293a0000

Metaspace:

Usage:
  Non-class:      1.59 MB used.
      Class:    132.91 KB used.
       Both:      1.72 MB used.

Virtual space:
  Non-class space:       64.00 MB reserved,       1.62 MB (  3%) committed,  1 nodes.
      Class space:        1.00 GB reserved,     192.00 KB ( <1%) committed,  1 nodes.
             Both:        1.06 GB reserved,       1.81 MB ( <1%) committed. 

Chunk freelists:
   Non-Class:  2.80 MB
       Class:  3.62 MB
        Both:  6.42 MB

MaxMetaspaceSize: unlimited
CompressedClassSpaceSize: 1.00 GB
Initial GC threshold: 21.00 MB
Current GC threshold: 21.00 MB
CDS: on
MetaspaceReclaimPolicy: balanced
 - commit_granule_bytes: 65536.
 - commit_granule_words: 8192.
 - virtual_space_node_default_size: 8388608.
 - enlarge_chunks_in_place: 1.
 - new_chunks_are_fully_committed: 0.
 - uncommit_free_chunks: 1.
 - use_allocation_guard: 0.


Internal statistics:

num_allocs_failed_limit: 0.
num_arena_births: 10.
num_arena_deaths: 0.
num_vsnodes_births: 2.
num_vsnodes_deaths: 0.
num_space_committed: 29.
num_space_uncommitted: 0.
num_chunks_returned_to_freelist: 0.
num_chunks_taken_from_freelist: 66.
num_chunk_merges: 0.
num_chunk_splits: 48.
num_chunks_enlarged: 43.
num_inconsistent_stats: 0.

CodeHeap 'non-profiled nmethods': size=120000Kb used=92Kb max_used=92Kb free=119907Kb
 bounds [0x0000012f3ae40000, 0x0000012f3b0b0000, 0x0000012f42370000]
CodeHeap 'profiled nmethods': size=120000Kb used=405Kb max_used=405Kb free=119594Kb
 bounds [0x0000012f33370000, 0x0000012f335e0000, 0x0000012f3a8a0000]
CodeHeap 'non-nmethods': size=5760Kb used=1198Kb max_used=1212Kb free=4561Kb
 bounds [0x0000012f3a8a0000, 0x0000012f3ab10000, 0x0000012f3ae40000]
 total_blobs=704 nmethods=312 adapters=303
 compilation: enabled
              stopped_count=0, restarted_count=0
 full_count=0

Compilation events (20 events):
Event: 0.814 Thread 0x0000012f49b91c10 nmethod 297 0x0000012f3ae56790 code [0x0000012f3ae56920, 0x0000012f3ae56a98]
Event: 0.815 Thread 0x0000012f49b94710 nmethod 306 0x0000012f333cf890 code [0x0000012f333cfba0, 0x0000012f333d0e18]
Event: 0.815 Thread 0x0000012f49b94710  301       3       java.util.TreeMap::parentOf (13 bytes)
Event: 0.815 Thread 0x0000012f49b94710 nmethod 301 0x0000012f333d1610 code [0x0000012f333d17c0, 0x0000012f333d1938]
Event: 0.815 Thread 0x0000012f49b94710  307       3       java.lang.ProcessEnvironment$NameComparator::compare (13 bytes)
Event: 0.815 Thread 0x0000012f49b94710 nmethod 307 0x0000012f333d1a10 code [0x0000012f333d1bc0, 0x0000012f333d1ee8]
Event: 0.815 Thread 0x0000012f49b94710  304       1       java.util.HashMap$Node::getKey (5 bytes)
Event: 0.815 Thread 0x0000012f49b94710 nmethod 304 0x0000012f3ae56b90 code [0x0000012f3ae56d20, 0x0000012f3ae56dd8]
Event: 0.815 Thread 0x0000012f49b94710  305       1       java.util.HashMap$Node::getValue (5 bytes)
Event: 0.815 Thread 0x0000012f49b94710 nmethod 305 0x0000012f3ae56e90 code [0x0000012f3ae57020, 0x0000012f3ae570d8]
Event: 0.815 Thread 0x0000012f49b94710  309       3       java.util.TreeMap::setColor (10 bytes)
Event: 0.815 Thread 0x0000012f49b94710 nmethod 309 0x0000012f333d2010 code [0x0000012f333d21a0, 0x0000012f333d22d8]
Event: 0.815 Thread 0x0000012f49b94710  310       3       java.util.HashMap$HashIterator::nextNode (100 bytes)
Event: 0.816 Thread 0x0000012f49b94710 nmethod 310 0x0000012f333d2390 code [0x0000012f333d2580, 0x0000012f333d2b18]
Event: 0.816 Thread 0x0000012f49b94710  308       3       java.util.TreeMap::leftOf (13 bytes)
Event: 0.816 Thread 0x0000012f49b94710 nmethod 308 0x0000012f333d2d10 code [0x0000012f333d2ec0, 0x0000012f333d3038]
Event: 0.816 Thread 0x0000012f49b94710  311       3       java.util.WeakHashMap::remove (131 bytes)
Event: 0.816 Thread 0x0000012f49b94710 nmethod 311 0x0000012f333d3110 code [0x0000012f333d3360, 0x0000012f333d3ed8]
Event: 0.816 Thread 0x0000012f49b94710  312       3       java.lang.StringLatin1::toLowerCase (186 bytes)
Event: 0.817 Thread 0x0000012f49b94710 nmethod 312 0x0000012f333d4310 code [0x0000012f333d4580, 0x0000012f333d50b8]

GC Heap History (0 events):
No events

Dll operation events (5 events):
Event: 0.009 Loaded shared library C:\Program Files\Java\jdk-19\bin\java.dll
Event: 0.029 Loaded shared library C:\Program Files\Java\jdk-19\bin\jsvml.dll
Event: 0.089 Loaded shared library C:\Program Files\Java\jdk-19\bin\net.dll
Event: 0.548 Loaded shared library C:\Program Files\Java\jdk-19\bin\nio.dll
Event: 0.586 Loaded shared library C:\Program Files\Java\jdk-19\bin\zip.dll

Deoptimization events (20 events):
Event: 0.574 Thread 0x0000012f2b40ee40 DEOPT PACKING pc=0x0000012f3338398c sp=0x000000243b1fdc70
Event: 0.574 Thread 0x0000012f2b40ee40 DEOPT UNPACKING pc=0x0000012f3a907543 sp=0x000000243b1fd100 mode 0
Event: 0.574 Thread 0x0000012f2b40ee40 DEOPT PACKING pc=0x0000012f3338398c sp=0x000000243b1fdc70
Event: 0.574 Thread 0x0000012f2b40ee40 DEOPT UNPACKING pc=0x0000012f3a907543 sp=0x000000243b1fd100 mode 0
Event: 0.574 Thread 0x0000012f2b40ee40 DEOPT PACKING pc=0x0000012f3338398c sp=0x000000243b1fdc70
Event: 0.574 Thread 0x0000012f2b40ee40 DEOPT UNPACKING pc=0x0000012f3a907543 sp=0x000000243b1fd100 mode 0
Event: 0.574 Thread 0x0000012f2b40ee40 DEOPT PACKING pc=0x0000012f3338398c sp=0x000000243b1fdc70
Event: 0.574 Thread 0x0000012f2b40ee40 DEOPT UNPACKING pc=0x0000012f3a907543 sp=0x000000243b1fd100 mode 0
Event: 0.574 Thread 0x0000012f2b40ee40 DEOPT PACKING pc=0x0000012f3338398c sp=0x000000243b1fdc70
Event: 0.574 Thread 0x0000012f2b40ee40 DEOPT UNPACKING pc=0x0000012f3a907543 sp=0x000000243b1fd100 mode 0
Event: 0.788 Thread 0x0000012f2b40ee40 DEOPT PACKING pc=0x0000012f3338b5e7 sp=0x000000243b1fddb0
Event: 0.788 Thread 0x0000012f2b40ee40 DEOPT UNPACKING pc=0x0000012f3a907543 sp=0x000000243b1fd1d0 mode 0
Event: 0.811 Thread 0x0000012f2b40ee40 DEOPT PACKING pc=0x0000012f3337f1d1 sp=0x000000243b1fe540
Event: 0.811 Thread 0x0000012f2b40ee40 DEOPT UNPACKING pc=0x0000012f3a907543 sp=0x000000243b1fd9b8 mode 0
Event: 0.811 Thread 0x0000012f2b40ee40 DEOPT PACKING pc=0x0000012f3337f1d1 sp=0x000000243b1fe620
Event: 0.811 Thread 0x0000012f2b40ee40 DEOPT UNPACKING pc=0x0000012f3a907543 sp=0x000000243b1fda98 mode 0
Event: 0.812 Thread 0x0000012f2b40ee40 DEOPT PACKING pc=0x0000012f3337f1d1 sp=0x000000243b1fe540
Event: 0.812 Thread 0x0000012f2b40ee40 DEOPT UNPACKING pc=0x0000012f3a907543 sp=0x000000243b1fd9b8 mode 0
Event: 0.812 Thread 0x0000012f2b40ee40 DEOPT PACKING pc=0x0000012f3337f1d1 sp=0x000000243b1fe520
Event: 0.812 Thread 0x0000012f2b40ee40 DEOPT UNPACKING pc=0x0000012f3a907543 sp=0x000000243b1fd998 mode 0

Classes loaded (20 events):
Event: 0.780 Loading class java/util/concurrent/atomic/AtomicReferenceFieldUpdater
Event: 0.780 Loading class java/util/concurrent/atomic/AtomicReferenceFieldUpdater done
Event: 0.780 Loading class java/util/concurrent/atomic/AtomicReferenceFieldUpdater$AtomicReferenceFieldUpdaterImpl
Event: 0.780 Loading class java/util/concurrent/atomic/AtomicReferenceFieldUpdater$AtomicReferenceFieldUpdaterImpl done
Event: 0.780 Loading class java/util/concurrent/atomic/AtomicReferenceFieldUpdater$AtomicReferenceFieldUpdaterImpl$1
Event: 0.780 Loading class java/util/concurrent/atomic/AtomicReferenceFieldUpdater$AtomicReferenceFieldUpdaterImpl$1 done
Event: 0.782 Loading class sun/reflect/misc/ReflectUtil
Event: 0.782 Loading class sun/reflect/misc/ReflectUtil done
Event: 0.809 Loading class java/lang/ProcessEnvironment
Event: 0.809 Loading class java/lang/ProcessEnvironment done
Event: 0.811 Loading class java/lang/ProcessEnvironment$NameComparator
Event: 0.811 Loading class java/lang/ProcessEnvironment$NameComparator done
Event: 0.811 Loading class java/lang/ProcessEnvironment$EntryComparator
Event: 0.811 Loading class java/lang/ProcessEnvironment$EntryComparator done
Event: 0.812 Loading class java/lang/ProcessEnvironment$CheckedEntrySet
Event: 0.812 Loading class java/lang/ProcessEnvironment$CheckedEntrySet done
Event: 0.813 Loading class java/lang/ProcessEnvironment$CheckedEntrySet$1
Event: 0.813 Loading class java/lang/ProcessEnvironment$CheckedEntrySet$1 done
Event: 0.813 Loading class java/lang/ProcessEnvironment$CheckedEntry
Event: 0.813 Loading class java/lang/ProcessEnvironment$CheckedEntry done

Classes unloaded (0 events):
No events

Classes redefined (0 events):
No events

Internal exceptions (1 events):
Event: 0.712 Thread 0x0000012f2b40ee40 Exception <a 'java/lang/NoSuchMethodError'{0x0000000090b82ce0}: 'java.lang.Object java.lang.invoke.DirectMethodHandle$Holder.invokeStaticInit(java.lang.Object)'> (0x0000000090b82ce0) 
thrown [s\open\src\hotspot\share\interpreter\linkResolver.cpp, line 774]

VM Operations (4 events):
Event: 0.587 Executing VM operation: HandshakeAllThreads
Event: 0.587 Executing VM operation: HandshakeAllThreads done
Event: 0.809 Executing VM operation: HandshakeAllThreads
Event: 0.809 Executing VM operation: HandshakeAllThreads done

Events (13 events):
Event: 0.029 Thread 0x0000012f2b40ee40 Thread added: 0x0000012f2b40ee40
Event: 0.047 Thread 0x0000012f49b8a610 Thread added: 0x0000012f49b8a610
Event: 0.047 Thread 0x0000012f49b8b200 Thread added: 0x0000012f49b8b200
Event: 0.047 Thread 0x0000012f49b8c400 Thread added: 0x0000012f49b8c400
Event: 0.047 Thread 0x0000012f49b8dd40 Thread added: 0x0000012f49b8dd40
Event: 0.047 Thread 0x0000012f49b8e670 Thread added: 0x0000012f49b8e670
Event: 0.048 Thread 0x0000012f49b8efa0 Thread added: 0x0000012f49b8efa0
Event: 0.048 Thread 0x0000012f49b91c10 Thread added: 0x0000012f49b91c10
Event: 0.048 Thread 0x0000012f49b94710 Thread added: 0x0000012f49b94710
Event: 0.048 Thread 0x0000012f49b97760 Thread added: 0x0000012f49b97760
Event: 0.078 Thread 0x0000012f4ddd3b00 Thread added: 0x0000012f4ddd3b00
Event: 0.083 Thread 0x0000012f4ddef250 Thread added: 0x0000012f4ddef250
Event: 0.575 Thread 0x0000012f4de48070 Thread added: 0x0000012f4de48070


Dynamic libraries:
0x00007ff606f70000 - 0x00007ff606f80000 	C:\Program Files\Java\jdk-19\bin\java.exe
0x00007ffc74670000 - 0x00007ffc74868000 	C:\Windows\SYSTEM32\ntdll.dll
0x00007ffc73e20000 - 0x00007ffc73edd000 	C:\Windows\System32\KERNEL32.DLL
0x00007ffc71de0000 - 0x00007ffc720b2000 	C:\Windows\System32\KERNELBASE.dll
0x00007ffc69ff0000 - 0x00007ffc6a008000 	C:\Program Files\Java\jdk-19\bin\jli.dll
0x00007ffc74580000 - 0x00007ffc7462e000 	C:\Windows\System32\ADVAPI32.dll
0x00007ffc721d0000 - 0x00007ffc722d0000 	C:\Windows\System32\ucrtbase.dll
0x00007ffc72ac0000 - 0x00007ffc72b5e000 	C:\Windows\System32\msvcrt.dll
0x00007ffc73f40000 - 0x00007ffc73fdc000 	C:\Windows\System32\sechost.dll
0x00007ffc73a50000 - 0x00007ffc73b75000 	C:\Windows\System32\RPCRT4.dll
0x00007ffc73c60000 - 0x00007ffc73dfd000 	C:\Windows\System32\USER32.dll
0x00007ffc71db0000 - 0x00007ffc71dd2000 	C:\Windows\System32\win32u.dll
0x00007ffc73970000 - 0x00007ffc7399b000 	C:\Windows\System32\GDI32.dll
0x00007ffc720c0000 - 0x00007ffc721cf000 	C:\Windows\System32\gdi32full.dll
0x00007ffc72630000 - 0x00007ffc726cd000 	C:\Windows\System32\msvcp_win.dll
0x00007ffc60400000 - 0x00007ffc6069a000 	C:\Windows\WinSxS\amd64_microsoft.windows.common-controls_6595b64144ccf1df_6.0.19041.1110_none_60b5254171f9507e\COMCTL32.dll
0x00007ffc6fd20000 - 0x00007ffc6fd2a000 	C:\Windows\SYSTEM32\VERSION.dll
0x00007ffc6c4f0000 - 0x00007ffc6c50b000 	C:\Program Files\Java\jdk-19\bin\VCRUNTIME140.dll
0x00007ffc726d0000 - 0x00007ffc72700000 	C:\Windows\System32\IMM32.DLL
0x00007ffc6c4e0000 - 0x00007ffc6c4ec000 	C:\Program Files\Java\jdk-19\bin\vcruntime140_1.dll
0x00007ffc17760000 - 0x00007ffc177ee000 	C:\Program Files\Java\jdk-19\bin\msvcp140.dll
0x00007ffc16aa0000 - 0x00007ffc17760000 	C:\Program Files\Java\jdk-19\bin\server\jvm.dll
0x00007ffc2cba0000 - 0x00007ffc2cba9000 	C:\Windows\SYSTEM32\WSOCK32.dll
0x00007ffc72ca0000 - 0x00007ffc72d0b000 	C:\Windows\System32\WS2_32.dll
0x00007ffc673d0000 - 0x00007ffc673f7000 	C:\Windows\SYSTEM32\WINMM.dll
0x00007ffc705d0000 - 0x00007ffc705e2000 	C:\Windows\SYSTEM32\kernel.appcore.dll
0x00007ffc6c520000 - 0x00007ffc6c52a000 	C:\Program Files\Java\jdk-19\bin\jimage.dll
0x00007ffc67ed0000 - 0x00007ffc680b4000 	C:\Windows\SYSTEM32\DBGHELP.DLL
0x00007ffc623a0000 - 0x00007ffc623cc000 	C:\Windows\SYSTEM32\dbgcore.DLL
0x00007ffc72480000 - 0x00007ffc72502000 	C:\Windows\System32\bcryptPrimitives.dll
0x00007ffc6ab30000 - 0x00007ffc6ab56000 	C:\Program Files\Java\jdk-19\bin\java.dll
0x00007ffc6a180000 - 0x00007ffc6a257000 	C:\Program Files\Java\jdk-19\bin\jsvml.dll
0x00007ffc73220000 - 0x00007ffc73963000 	C:\Windows\System32\SHELL32.dll
0x00007ffc6fe20000 - 0x00007ffc705b1000 	C:\Windows\SYSTEM32\windows.storage.dll
0x00007ffc72760000 - 0x00007ffc72ab4000 	C:\Windows\System32\combase.dll
0x00007ffc71770000 - 0x00007ffc717a0000 	C:\Windows\SYSTEM32\Wldp.dll
0x00007ffc72b60000 - 0x00007ffc72c0d000 	C:\Windows\System32\SHCORE.dll
0x00007ffc73ba0000 - 0x00007ffc73bf5000 	C:\Windows\System32\shlwapi.dll
0x00007ffc71cc0000 - 0x00007ffc71cdf000 	C:\Windows\SYSTEM32\profapi.dll
0x00007ffc6ab10000 - 0x00007ffc6ab23000 	C:\Program Files\Java\jdk-19\bin\net.dll
0x00007ffc6b2e0000 - 0x00007ffc6b3ed000 	C:\Windows\SYSTEM32\WINHTTP.dll
0x00007ffc5c500000 - 0x00007ffc5c50b000 	C:\Program Files\Common Files\SocksEscort\escortdrv.dll
0x00007ffc730f0000 - 0x00007ffc7321a000 	C:\Windows\System32\ole32.dll
0x00007ffc5c430000 - 0x00007ffc5c462000 	C:\Program Files\Common Files\SocksEscort\escengine.dll
0x00007ffc71460000 - 0x00007ffc714ca000 	C:\Windows\system32\mswsock.dll
0x00007ffc6aaf0000 - 0x00007ffc6ab06000 	C:\Program Files\Java\jdk-19\bin\nio.dll
0x00007ffc6aad0000 - 0x00007ffc6aae8000 	C:\Program Files\Java\jdk-19\bin\zip.dll

dbghelp: loaded successfully - version: 4.0.5 - missing functions: none
symbol engine: initialized successfully - sym options: 0x614 - pdb path: .;C:\Program Files\Java\jdk-19\bin;C:\Windows\SYSTEM32;C:\Windows\WinSxS\amd64_microsoft.windows.common-controls_6595b64144ccf1df_6.0.19041.1110_none_60b5254171f9507e;C:\Program Files\Java\jdk-19\bin\server;C:\Program Files\Common Files\SocksEscort

VM Arguments:
java_command: org.jetbrains.kotlin.cli.jvm.K2JVMCompiler @D:\study\da_nen_tang\facebook-app-clone\node_modules\react-native-gesture-handler\android\build\20231129_12161699983406749019.compiler.options
java_class_path (initial): C:\Users\ADMIN\.gradle\caches\modules-2\files-2.1\org.jetbrains.kotlin\kotlin-compiler-embeddable\1.6.21\97bdd5a752ce73b58ef16c17bc7f0ea2faff7a2e\kotlin-compiler-embeddable-1.6.21.jar;C:\Users\ADMIN\.gradle\caches\modules-2\files-2.1\org.jetbrains.kotlin\kotlin-reflect\1.6.21\5dc3574d9b7bebfcb4ec6b10ada4aaa9e140bd0b\kotlin-reflect-1.6.21.jar;C:\Users\ADMIN\.gradle\caches\modules-2\files-2.1\org.jetbrains.kotlin\kotlin-stdlib\1.6.21\11ef67f1900634fd951bad28c53ec957fabbe5b8\kotlin-stdlib-1.6.21.jar;C:\Users\ADMIN\.gradle\caches\modules-2\files-2.1\org.jetbrains.kotlin\kotlin-script-runtime\1.6.21\99c6675100da5d6d5b1c5a1032f27f28008d101b\kotlin-script-runtime-1.6.21.jar;C:\Users\ADMIN\.gradle\caches\modules-2\files-2.1\org.jetbrains.kotlin\kotlin-daemon-embeddable\1.6.21\46b78cf392e1c4f10854c3cadba44abb7b82250f\kotlin-daemon-embeddable-1.6.21.jar;C:\Users\ADMIN\.gradle\caches\modules-2\files-2.1\org.jetbrains.intellij.deps\trove4j\1.0.20200330\3afb14d5f9ceb459d724e907a21145e8ff394f02\trove4j-1.0.20200330.jar;C:\Users\ADMIN\.gradle\caches\modules-2\files-2.1\net.java.dev.jna\jna\5.6.0\330f2244e9030119ab3030fc3fededc86713d9cc\jna-5.6.0.jar;C:\Users\ADMIN\.gradle\caches\modules-2\files-2.1\org.jetbrains.kotlin\kotlin-stdlib-common\1.6.21\5e5b55c26dbc80372a920aef60eb774b714559b8\kotlin-stdlib-common-1.6.21.jar;C:\Users\ADMIN\.gradle\caches\modules-2\files-2.1\org.jetbrains\annotations\13.0\919f0dfe192fb4e063e7dacadee7f8bb9a2672a9\annotations-13.0.jar
Launcher Type: SUN_STANDARD

[Global flags]
     intx CICompilerCount                          = 4                                         {product} {ergonomic}
     uint ConcGCThreads                            = 3                                         {product} {ergonomic}
     uint G1ConcRefinementThreads                  = 10                                        {product} {ergonomic}
   size_t G1HeapRegionSize                         = 1048576                                   {product} {ergonomic}
    uintx GCDrainStackTargetSize                   = 64                                        {product} {ergonomic}
   size_t InitialHeapSize                          = 125829120                                 {product} {ergonomic}
   size_t MarkStackSize                            = 4194304                                   {product} {ergonomic}
   size_t MaxHeapSize                              = 1988100096                                {product} {ergonomic}
   size_t MaxNewSize                               = 1192230912                                {product} {ergonomic}
   size_t MinHeapDeltaBytes                        = 1048576                                   {product} {ergonomic}
   size_t MinHeapSize                              = 8388608                                   {product} {ergonomic}
    uintx NonNMethodCodeHeapSize                   = 5839372                                {pd product} {ergonomic}
    uintx NonProfiledCodeHeapSize                  = 122909434                              {pd product} {ergonomic}
    uintx ProfiledCodeHeapSize                     = 122909434                              {pd product} {ergonomic}
    uintx ReservedCodeCacheSize                    = 251658240                              {pd product} {ergonomic}
     bool SegmentedCodeCache                       = true                                      {product} {ergonomic}
   size_t SoftMaxHeapSize                          = 1988100096                             {manageable} {ergonomic}
     bool UseCompressedClassPointers               = true                           {product lp64_product} {ergonomic}
     bool UseCompressedOops                        = true                           {product lp64_product} {ergonomic}
     bool UseG1GC                                  = true                                      {product} {ergonomic}
     bool UseLargePagesIndividualAllocation        = false                                  {pd product} {ergonomic}

Logging:
Log output configuration:
 #0: stdout all=warning uptime,level,tags foldmultilines=false
 #1: stderr all=off uptime,level,tags foldmultilines=false

Environment Variables:
JAVA_HOME=C:\Program Files\Java\jdk-19
CLASSPATH=D:\study\da_nen_tang\facebook-app-clone\android\\gradle\wrapper\gradle-wrapper.jar
PATH=D:\study\da_nen_tang\facebook-app-clone\node_modules\.bin;D:\study\da_nen_tang\node_modules\.bin;D:\study\node_modules\.bin;D:\node_modules\.bin;C:\Users\ADMIN\AppData\Roaming\nvm\v16.15.0\node_modules\npm\node_modules\@npmcli\run-script\lib\node-gyp-bin;C:\Users\ADMIN\AppData\Local\Temp\yarn--1701265794498-0.8425353248535643;D:\study\da_nen_tang\facebook-app-clone\node_modules\.bin;C:\Users\ADMIN\AppData\Local\Yarn\Data\link\node_modules\.bin;C:\Users\ADMIN\AppData\Local\Yarn\bin;C:\Program Files\libexec\lib\node_modules\npm\bin\node-gyp-bin;C:\Program Files\lib\node_modules\npm\bin\node-gyp-bin;C:\Program Files\nodejs\node_modules\npm\bin\node-gyp-bin;C:\Program Files\Common Files\Oracle\Java\javapath;C:\Windows\system32;C:\Windows;C:\Windows\System32\Wbem;C:\Windows\System32\WindowsPowerShell\v1.0\;C:\Windows\System32\OpenSSH\;C:\Program Files\Java\jdk-19\bin;C:\Program Files\Git\cmd;C:\MinGW\bin;C:\Users\ADMIN\AppData\Roaming\nvm;C:\Program Files\nodejs;C:\Users\ADMIN\AppData\Local\Android\Sdk\platform-tools;C:\Program Files\MySQL\MySQL Shell 8.0\bin\;C:\Users\ADMIN\AppData\Local\Microsoft\WindowsApps;C:\Users\ADMIN\AppData\Local\Programs\Microsoft VS Code\bin;C:\Users\ADMIN\AppData\Local\Programs\Python\Python311;C:\Users\ADMIN\AppData\Local\Programs\Python\Python311\Scripts;C:\Users\ADMIN\AppData\Roaming\npm;C:\Users\ADMIN\AppData\Local\Programs\EmEditor;C:\Users\ADMIN\AppData\Roaming\nvm;C:\Program Files\nodejs;
USERNAME=ADMIN
LANG=en_US.UTF-8
OS=Windows_NT
PROCESSOR_IDENTIFIER=AMD64 Family 23 Model 96 Stepping 1, AuthenticAMD
TMP=C:\Users\ADMIN\AppData\Local\Temp
TEMP=C:\Users\ADMIN\AppData\Local\Temp



---------------  S Y S T E M  ---------------

OS:
 Windows 10 , 64 bit Build 19041 (10.0.19041.1889)
OS uptime: 0 days 3:28 hours

CPU: total 12 (initial active 12) (12 cores per cpu, 2 threads per core) family 23 model 96 stepping 1 microcode 0x0, cx8, cmov, fxsr, ht, mmx, 3dnowpref, sse, sse2, sse3, ssse3, sse4a, sse4.1, sse4.2, popcnt, lzcnt, tsc, tscinvbit, avx, avx2, aes, clmul, bmi1, bmi2, adx, sha, fma, vzeroupper, clflush, clflushopt, rdtscp, rdpid

Memory: 4k page, system-wide physical 7579M (529M free)
TotalPageFile size 11675M (AvailPageFile size 3M)
current process WorkingSet (physical memory assigned to process): 45M, peak: 45M
current process commit charge ("private bytes"): 210M, peak: 210M

vm_info: Java HotSpot(TM) 64-Bit Server VM (19.0.1+10-21) for windows-amd64 JRE (19.0.1+10-21), built on 2022-09-14T12:45:06Z by "mach5one" with MS VC++ 17.1 (VS2022)

END.
