#
# There is insufficient memory for the Java Runtime Environment to continue.
# Native memory allocation (malloc) failed to allocate 1048576 bytes for AllocateHeap
# Possible reasons:
#   The system is out of physical RAM or swap space
#   The process is running with CompressedOops enabled, and the Java Heap may be blocking the growth of the native heap
# Possible solutions:
#   Reduce memory load on the system
#   Increase physical memory or swap space
#   Check if swap backing store is full
#   Decrease Java heap size (-Xmx/-Xms)
#   Decrease number of Java threads
#   Decrease Java thread stack sizes (-Xss)
#   Set larger code cache with -XX:ReservedCodeCacheSize=
#   JVM is running with Unscaled Compressed Oops mode in which the Java heap is
#     placed in the first 4GB address space. The Java Heap base address is the
#     maximum limit for the native heap growth. Please use -XX:HeapBaseMinAddress
#     to set the Java Heap base and to place the Java Heap above 4GB virtual address.
# This output file may be truncated or incomplete.
#
#  Out of Memory Error (allocation.cpp:44), pid=3704, tid=1012
#
# JRE version:  (19.0.1+10) (build )
# Java VM: Java HotSpot(TM) 64-Bit Server VM (19.0.1+10-21, mixed mode, sharing, tiered, compressed oops, compressed class ptrs, g1 gc, windows-amd64)
# No core dump will be written. Minidumps are not enabled by default on client versions of Windows
#

---------------  S U M M A R Y ------------

Command Line: -Xmx64m -Xms64m -Dorg.gradle.appname=gradlew org.gradle.wrapper.GradleWrapperMain tasks

Host: AMD Ryzen 5 4600H with Radeon Graphics         , 12 cores, 7G,  Windows 10 , 64 bit Build 19041 (10.0.19041.1889)
Time: Sun Jan  7 14:58:24 2024 SE Asia Standard Time elapsed time: 0.017773 seconds (0d 0h 0m 0s)

---------------  T H R E A D  ---------------

Current thread (0x0000022bd655d1e0):  JavaThread "Unknown thread" [_thread_in_vm, id=1012, stack(0x00000096a7f00000,0x00000096a8000000)]

Stack: [0x00000096a7f00000,0x00000096a8000000]
Native frames: (J=compiled Java code, j=interpreted, Vv=VM code, C=native code)
V  [jvm.dll+0x6ee8fa]
V  [jvm.dll+0x857a1e]
V  [jvm.dll+0x85940e]
V  [jvm.dll+0x859ac3]
V  [jvm.dll+0x28291f]
V  [jvm.dll+0xc40eb]
V  [jvm.dll+0x32a2d9]
V  [jvm.dll+0x821aeb]
V  [jvm.dll+0x3c27c1]
V  [jvm.dll+0x8022f1]
V  [jvm.dll+0x44b30f]
V  [jvm.dll+0x44cc91]
C  [jli.dll+0x5287]
C  [ucrtbase.dll+0x21bb2]
C  [KERNEL32.DLL+0x17034]
C  [ntdll.dll+0x526a1]


---------------  P R O C E S S  ---------------

Threads class SMR info:
_java_thread_list=0x00007ff99009d048, length=0, elements={
}

Java Threads: ( => current thread )

Other Threads:

=>0x0000022bd655d1e0 (exited) JavaThread "Unknown thread" [_thread_in_vm, id=1012, stack(0x00000096a7f00000,0x00000096a8000000)]

Threads with active compile tasks:

VM state: not at safepoint (not fully initialized)

VM Mutex/Monitor currently owned by a thread: None

Heap address: 0x0000000000000000, size: 0 MB, Compressed Oops mode: 32-bit

CDS archive(s) mapped at: [0x0000000000000000-0x0000000000000000-0x0000000000000000), size 0, SharedBaseAddress: 0x0000000800000000, ArchiveRelocationMode: 0.
Narrow klass base: 0x0000000000000000, Narrow klass shift: 0, Narrow klass range: 0x0

GC Precious Log:
 CardTable entry size: 512
 Card Set container configuration: InlinePtr #cards 5 size 8 Array Of Cards #cards 12 size 40 Howl #buckets 4 coarsen threshold 1843 Howl Bitmap #cards 512 size 80 coarsen threshold 460 Card regions per heap region 1 cards per card region 2048

GC Heap History (0 events):
No events

Dll operation events (1 events):
Event: 0.007 Loaded shared library C:\Program Files\Java\jdk-19\bin\java.dll

Deoptimization events (0 events):
No events

Classes loaded (0 events):
No events

Classes unloaded (0 events):
No events

Classes redefined (0 events):
No events

Internal exceptions (0 events):
No events

VM Operations (0 events):
No events

Events (0 events):
No events


Dynamic libraries:
0x00007ff62c5d0000 - 0x00007ff62c5e0000 	C:\Program Files\Java\jdk-19\bin\java.exe
0x00007ff9eb810000 - 0x00007ff9eba08000 	C:\Windows\SYSTEM32\ntdll.dll
0x00007ff9eab60000 - 0x00007ff9eac1d000 	C:\Windows\System32\KERNEL32.DLL
0x00007ff9e9590000 - 0x00007ff9e9862000 	C:\Windows\System32\KERNELBASE.dll
0x00007ff9e90b0000 - 0x00007ff9e91b0000 	C:\Windows\System32\ucrtbase.dll
0x00007ff9a6020000 - 0x00007ff9a603b000 	C:\Program Files\Java\jdk-19\bin\VCRUNTIME140.dll
0x00007ff9a60a0000 - 0x00007ff9a60b8000 	C:\Program Files\Java\jdk-19\bin\jli.dll
0x00007ff9eb2e0000 - 0x00007ff9eb38e000 	C:\Windows\System32\ADVAPI32.dll
0x00007ff9eb090000 - 0x00007ff9eb12e000 	C:\Windows\System32\msvcrt.dll
0x00007ff9eb670000 - 0x00007ff9eb70c000 	C:\Windows\System32\sechost.dll
0x00007ff9eb3a0000 - 0x00007ff9eb4c5000 	C:\Windows\System32\RPCRT4.dll
0x00007ff9eb4d0000 - 0x00007ff9eb66d000 	C:\Windows\System32\USER32.dll
0x00007ff9e8f20000 - 0x00007ff9e8f42000 	C:\Windows\System32\win32u.dll
0x00007ff9d7260000 - 0x00007ff9d74fa000 	C:\Windows\WinSxS\amd64_microsoft.windows.common-controls_6595b64144ccf1df_6.0.19041.1110_none_60b5254171f9507e\COMCTL32.dll
0x00007ff9eb710000 - 0x00007ff9eb73b000 	C:\Windows\System32\GDI32.dll
0x00007ff9e9480000 - 0x00007ff9e958f000 	C:\Windows\System32\gdi32full.dll
0x00007ff9e91b0000 - 0x00007ff9e924d000 	C:\Windows\System32\msvcp_win.dll
0x00007ff9e7660000 - 0x00007ff9e766a000 	C:\Windows\SYSTEM32\VERSION.dll
0x00007ff9eb740000 - 0x00007ff9eb770000 	C:\Windows\System32\IMM32.DLL
0x00007ff991900000 - 0x00007ff99190c000 	C:\Program Files\Java\jdk-19\bin\vcruntime140_1.dll
0x00007ff9901e0000 - 0x00007ff99026e000 	C:\Program Files\Java\jdk-19\bin\msvcp140.dll
0x00007ff98f520000 - 0x00007ff9901e0000 	C:\Program Files\Java\jdk-19\bin\server\jvm.dll
0x00007ff9de4b0000 - 0x00007ff9de4d7000 	C:\Windows\SYSTEM32\WINMM.dll
0x00007ff9918f0000 - 0x00007ff9918f9000 	C:\Windows\SYSTEM32\WSOCK32.dll
0x00007ff9ea4d0000 - 0x00007ff9ea53b000 	C:\Windows\System32\WS2_32.dll
0x00007ff9e7770000 - 0x00007ff9e7782000 	C:\Windows\SYSTEM32\kernel.appcore.dll
0x00007ff9918e0000 - 0x00007ff9918ea000 	C:\Program Files\Java\jdk-19\bin\jimage.dll
0x00007ff9e0290000 - 0x00007ff9e0474000 	C:\Windows\SYSTEM32\DBGHELP.DLL
0x00007ff9d8ab0000 - 0x00007ff9d8adc000 	C:\Windows\SYSTEM32\dbgcore.DLL
0x00007ff9e9250000 - 0x00007ff9e92d2000 	C:\Windows\System32\bcryptPrimitives.dll
0x00007ff98f280000 - 0x00007ff98f2a6000 	C:\Program Files\Java\jdk-19\bin\java.dll

dbghelp: loaded successfully - version: 4.0.5 - missing functions: none
symbol engine: initialized successfully - sym options: 0x614 - pdb path: .;C:\Program Files\Java\jdk-19\bin;C:\Windows\SYSTEM32;C:\Windows\WinSxS\amd64_microsoft.windows.common-controls_6595b64144ccf1df_6.0.19041.1110_none_60b5254171f9507e;C:\Program Files\Java\jdk-19\bin\server

VM Arguments:
jvm_args: -Xmx64m -Xms64m -Dorg.gradle.appname=gradlew 
java_command: org.gradle.wrapper.GradleWrapperMain tasks
java_class_path (initial): D:\study\facebook-app-clone\android\\gradle\wrapper\gradle-wrapper.jar
Launcher Type: SUN_STANDARD

[Global flags]
     intx CICompilerCount                          = 4                                         {product} {ergonomic}
     uint ConcGCThreads                            = 3                                         {product} {ergonomic}
     uint G1ConcRefinementThreads                  = 10                                        {product} {ergonomic}
   size_t G1HeapRegionSize                         = 1048576                                   {product} {ergonomic}
    uintx GCDrainStackTargetSize                   = 64                                        {product} {ergonomic}
   size_t InitialHeapSize                          = 67108864                                  {product} {command line}
   size_t MarkStackSize                            = 4194304                                   {product} {ergonomic}
   size_t MaxHeapSize                              = 67108864                                  {product} {command line}
   size_t MinHeapDeltaBytes                        = 1048576                                   {product} {ergonomic}
   size_t MinHeapSize                              = 67108864                                  {product} {command line}
    uintx NonNMethodCodeHeapSize                   = 5839372                                {pd product} {ergonomic}
    uintx NonProfiledCodeHeapSize                  = 122909434                              {pd product} {ergonomic}
    uintx ProfiledCodeHeapSize                     = 122909434                              {pd product} {ergonomic}
    uintx ReservedCodeCacheSize                    = 251658240                              {pd product} {ergonomic}
     bool SegmentedCodeCache                       = true                                      {product} {ergonomic}
   size_t SoftMaxHeapSize                          = 67108864                               {manageable} {ergonomic}
     bool UseCompressedClassPointers               = true                           {product lp64_product} {ergonomic}
     bool UseCompressedOops                        = true                           {product lp64_product} {ergonomic}
     bool UseG1GC                                  = true                                      {product} {ergonomic}
     bool UseLargePagesIndividualAllocation        = false                                  {pd product} {ergonomic}

Logging:
Log output configuration:
 #0: stdout all=warning uptime,level,tags foldmultilines=false
 #1: stderr all=off uptime,level,tags foldmultilines=false

Environment Variables:
JAVA_HOME=C:\Program Files\Java\jdk-19
CLASSPATH=D:\study\facebook-app-clone\android\\gradle\wrapper\gradle-wrapper.jar
PATH=D:\study\facebook-app-clone\node_modules\.bin;D:\study\node_modules\.bin;D:\node_modules\.bin;C:\Users\ADMIN\AppData\Roaming\nvm\v16.15.0\node_modules\npm\node_modules\@npmcli\run-script\lib\node-gyp-bin;C:\Users\ADMIN\AppData\Local\Temp\yarn--1704614294301-0.8087076793832142;D:\study\facebook-app-clone\node_modules\.bin;C:\Users\ADMIN\AppData\Local\Yarn\Data\link\node_modules\.bin;C:\Users\ADMIN\AppData\Local\Yarn\bin;C:\Program Files\libexec\lib\node_modules\npm\bin\node-gyp-bin;C:\Program Files\lib\node_modules\npm\bin\node-gyp-bin;C:\Program Files\nodejs\node_modules\npm\bin\node-gyp-bin;C:\Program Files\Common Files\Oracle\Java\javapath;C:\Windows\system32;C:\Windows;C:\Windows\System32\Wbem;C:\Windows\System32\WindowsPowerShell\v1.0\;C:\Windows\System32\OpenSSH\;C:\Program Files\Java\jdk-19\bin;C:\Program Files\Git\cmd;C:\MinGW\bin;C:\Users\ADMIN\AppData\Roaming\nvm;C:\Program Files\nodejs;C:\Users\ADMIN\AppData\Local\Android\Sdk\platform-tools;C:\Program Files\MySQL\MySQL Shell 8.0\bin\;C:\Users\ADMIN\AppData\Local\Microsoft\WindowsApps;C:\Users\ADMIN\AppData\Local\Programs\Microsoft VS Code\bin;C:\Users\ADMIN\AppData\Local\Programs\Python\Python311;C:\Users\ADMIN\AppData\Local\Programs\Python\Python311\Scripts;C:\Users\ADMIN\AppData\Roaming\npm;C:\Users\ADMIN\AppData\Local\Programs\EmEditor;C:\Users\ADMIN\AppData\Roaming\nvm;C:\Program Files\nodejs;
USERNAME=ADMIN
LANG=en_US.UTF-8
OS=Windows_NT
PROCESSOR_IDENTIFIER=AMD64 Family 23 Model 96 Stepping 1, AuthenticAMD
TMP=C:\Users\ADMIN\AppData\Local\Temp
TEMP=C:\Users\ADMIN\AppData\Local\Temp



---------------  S Y S T E M  ---------------

OS:
 Windows 10 , 64 bit Build 19041 (10.0.19041.1889)
OS uptime: 0 days 2:20 hours

CPU: total 12 (initial active 12) (12 cores per cpu, 2 threads per core) family 23 model 96 stepping 1 microcode 0x0, cx8, cmov, fxsr, ht, mmx, 3dnowpref, sse, sse2, sse3, ssse3, sse4a, sse4.1, sse4.2, popcnt, lzcnt, tsc, tscinvbit, avx, avx2, aes, clmul, bmi1, bmi2, adx, sha, fma, vzeroupper, clflush, clflushopt, rdtscp, rdpid

Memory: 4k page, system-wide physical 7579M (477M free)
TotalPageFile size 11675M (AvailPageFile size 13M)
current process WorkingSet (physical memory assigned to process): 9M, peak: 10M
current process commit charge ("private bytes"): 19M, peak: 20M

vm_info: Java HotSpot(TM) 64-Bit Server VM (19.0.1+10-21) for windows-amd64 JRE (19.0.1+10-21), built on 2022-09-14T12:45:06Z by "mach5one" with MS VC++ 17.1 (VS2022)

END.
