#
# There is insufficient memory for the Java Runtime Environment to continue.
# Native memory allocation (malloc) failed to allocate 66256 bytes for Chunk::new
# Possible reasons:
#   The system is out of physical RAM or swap space
#   The process is running with CompressedOops enabled, and the Java Heap may be blocking the growth of the native heap
# Possible solutions:
#   Reduce memory load on the system
#   Increase physical memory or swap space
#   Check if swap backing store is full
#   Decrease Java heap size (-Xmx/-Xms)
#   Decrease number of Java threads
#   Decrease Java thread stack sizes (-Xss)
#   Set larger code cache with -XX:ReservedCodeCacheSize=
#   JVM is running with Unscaled Compressed Oops mode in which the Java heap is
#     placed in the first 4GB address space. The Java Heap base address is the
#     maximum limit for the native heap growth. Please use -XX:HeapBaseMinAddress
#     to set the Java Heap base and to place the Java Heap above 4GB virtual address.
# This output file may be truncated or incomplete.
#
#  Out of Memory Error (arena.cpp:184), pid=12656, tid=4516
#
# JRE version: Java(TM) SE Runtime Environment (19.0.1+10) (build 19.0.1+10-21)
# Java VM: Java HotSpot(TM) 64-Bit Server VM (19.0.1+10-21, mixed mode, sharing, tiered, compressed oops, compressed class ptrs, g1 gc, windows-amd64)
# No core dump will be written. Minidumps are not enabled by default on client versions of Windows
#

---------------  S U M M A R Y ------------

Command Line: org.jetbrains.kotlin.cli.jvm.K2JVMCompiler @D:\study\da_nen_tang\facebook-app-clone\node_modules\react-native-safe-area-context\android\build\20231217_9832827503456742292.compiler.options

Host: AMD Ryzen 5 4600H with Radeon Graphics         , 12 cores, 7G,  Windows 10 , 64 bit Build 19041 (10.0.19041.1889)
Time: Sun Dec 17 22:43:38 2023 SE Asia Standard Time elapsed time: 12.314263 seconds (0d 0h 0m 12s)

---------------  T H R E A D  ---------------

Current thread (0x000001f0ff451cf0):  JavaThread "C2 CompilerThread0" daemon [_thread_in_native, id=4516, stack(0x0000000aefb00000,0x0000000aefc00000)]


Current CompileTask:
C2:  12315 7020       4       org.jetbrains.kotlin.types.ClassifierBasedTypeConstructor::equals (103 bytes)

Stack: [0x0000000aefb00000,0x0000000aefc00000]
Native frames: (J=compiled Java code, j=interpreted, Vv=VM code, C=native code)
V  [jvm.dll+0x6ee8fa]
V  [jvm.dll+0x857a1e]
V  [jvm.dll+0x85940e]
V  [jvm.dll+0x859ac3]
V  [jvm.dll+0x28291f]
V  [jvm.dll+0xc9b5f]
V  [jvm.dll+0xc9ee5]
V  [jvm.dll+0x3bcb72]
V  [jvm.dll+0x1edfa5]
V  [jvm.dll+0x24c41b]
V  [jvm.dll+0x24b671]
V  [jvm.dll+0x1d6d61]
V  [jvm.dll+0x25b0fa]
V  [jvm.dll+0x259588]
V  [jvm.dll+0x807928]
V  [jvm.dll+0x8015fa]
V  [jvm.dll+0x6ed5eb]
C  [ucrtbase.dll+0x21bb2]
C  [KERNEL32.DLL+0x17034]
C  [ntdll.dll+0x526a1]


---------------  P R O C E S S  ---------------

Threads class SMR info:
_java_thread_list=0x000001f084405bd0, length=13, elements={
0x000001f0ded3e260, 0x000001f0ff44a140, 0x000001f0ff44aed0, 0x000001f0ff44dbb0,
0x000001f0ff44f4f0, 0x000001f0ff44ffc0, 0x000001f0ff451090, 0x000001f0ff451cf0,
0x000001f0ff453280, 0x000001f0ff458240, 0x000001f0ff68ac80, 0x000001f0ff6906b0,
0x000001f085698060
}

Java Threads: ( => current thread )
  0x000001f0ded3e260 JavaThread "main" [_thread_in_vm, id=12172, stack(0x0000000aeee00000,0x0000000aeef00000)]
  0x000001f0ff44a140 JavaThread "Reference Handler" daemon [_thread_blocked, id=14924, stack(0x0000000aef500000,0x0000000aef600000)]
  0x000001f0ff44aed0 JavaThread "Finalizer" daemon [_thread_blocked, id=4812, stack(0x0000000aef600000,0x0000000aef700000)]
  0x000001f0ff44dbb0 JavaThread "Signal Dispatcher" daemon [_thread_blocked, id=11216, stack(0x0000000aef700000,0x0000000aef800000)]
  0x000001f0ff44f4f0 JavaThread "Attach Listener" daemon [_thread_blocked, id=12016, stack(0x0000000aef800000,0x0000000aef900000)]
  0x000001f0ff44ffc0 JavaThread "Service Thread" daemon [_thread_blocked, id=4000, stack(0x0000000aef900000,0x0000000aefa00000)]
  0x000001f0ff451090 JavaThread "Monitor Deflation Thread" daemon [_thread_blocked, id=6204, stack(0x0000000aefa00000,0x0000000aefb00000)]
=>0x000001f0ff451cf0 JavaThread "C2 CompilerThread0" daemon [_thread_in_native, id=4516, stack(0x0000000aefb00000,0x0000000aefc00000)]
  0x000001f0ff453280 JavaThread "C1 CompilerThread0" daemon [_thread_in_vm, id=12352, stack(0x0000000aefc00000,0x0000000aefd00000)]
  0x000001f0ff458240 JavaThread "Sweeper thread" daemon [_thread_blocked, id=14212, stack(0x0000000aefd00000,0x0000000aefe00000)]
  0x000001f0ff68ac80 JavaThread "Notification Thread" daemon [_thread_blocked, id=10728, stack(0x0000000aefe00000,0x0000000aeff00000)]
  0x000001f0ff6906b0 JavaThread "Common-Cleaner" daemon [_thread_blocked, id=11612, stack(0x0000000af0000000,0x0000000af0100000)]
  0x000001f085698060 JavaThread "C2 CompilerThread1" daemon [_thread_in_native, id=3472, stack(0x0000000af0b00000,0x0000000af0c00000)]

Other Threads:
  0x000001f0ff431930 VMThread "VM Thread" [stack: 0x0000000aef400000,0x0000000aef500000] [id=10880]
  0x000001f0ff68f620 WatcherThread "VM Periodic Task Thread" [stack: 0x0000000aeff00000,0x0000000af0000000] [id=10848]
  0x000001f0ded9ba50 WorkerThread "GC Thread#0" [stack: 0x0000000aeef00000,0x0000000aef000000] [id=6292]
  0x000001f0841fa330 WorkerThread "GC Thread#1" [stack: 0x0000000af0300000,0x0000000af0400000] [id=11748]
  0x000001f0842fd8e0 WorkerThread "GC Thread#2" [stack: 0x0000000af0400000,0x0000000af0500000] [id=2072]
  0x000001f0842fdbb0 WorkerThread "GC Thread#3" [stack: 0x0000000af0500000,0x0000000af0600000] [id=13420]
  0x000001f0842fe150 WorkerThread "GC Thread#4" [stack: 0x0000000af0600000,0x0000000af0700000] [id=14112]
  0x000001f0842fe9c0 WorkerThread "GC Thread#5" [stack: 0x0000000af0700000,0x0000000af0800000] [id=13176]
  0x000001f0842fef60 WorkerThread "GC Thread#6" [stack: 0x0000000af0200000,0x0000000af0300000] [id=13132]
  0x000001f0842ff500 WorkerThread "GC Thread#7" [stack: 0x0000000af0800000,0x0000000af0900000] [id=10076]
  0x000001f0842fe420 WorkerThread "GC Thread#8" [stack: 0x0000000af0900000,0x0000000af0a00000] [id=8300]
  0x000001f0847d0d90 WorkerThread "GC Thread#9" [stack: 0x0000000af0a00000,0x0000000af0b00000] [id=9292]
  0x000001f0dedab6b0 ConcurrentGCThread "G1 Main Marker" [stack: 0x0000000aef000000,0x0000000aef100000] [id=8884]
  0x000001f0dedac0e0 WorkerThread "G1 Conc#0" [stack: 0x0000000aef100000,0x0000000aef200000] [id=1744]
  0x000001f0847cfcb0 WorkerThread "G1 Conc#1" [stack: 0x0000000af0d00000,0x0000000af0e00000] [id=12364]
  0x000001f0847cff80 WorkerThread "G1 Conc#2" [stack: 0x0000000af0e00000,0x0000000af0f00000] [id=9692]
  0x000001f0ff2eb520 ConcurrentGCThread "G1 Refine#0" [stack: 0x0000000aef200000,0x0000000aef300000] [id=2980]
  0x000001f0ff2ef290 ConcurrentGCThread "G1 Service" [stack: 0x0000000aef300000,0x0000000aef400000] [id=9744]

Threads with active compile tasks:
C2 CompilerThread0    12394 7020       4       org.jetbrains.kotlin.types.ClassifierBasedTypeConstructor::equals (103 bytes)
C1 CompilerThread0    12394 7082       3       org.jetbrains.kotlin.descriptors.TypeParameterUtilsKt::computeConstructorTypeParameters (343 bytes)
C2 CompilerThread1    12394 7065   !   4       org.jetbrains.kotlin.metadata.ProtoBuf$ValueParameter::<init> (513 bytes)

VM state: not at safepoint (normal execution)

VM Mutex/Monitor currently owned by a thread:  ([mutex/lock_event])
[0x000001f0ded387c0] Metaspace_lock - owner thread: 0x000001f0ff453280
[0x000001f0ded39030] MethodData_lock - owner thread: 0x000001f0ff453280

Heap address: 0x0000000089800000, size: 1896 MB, Compressed Oops mode: 32-bit

CDS archive(s) mapped at: [0x0000000800000000-0x0000000800c40000-0x0000000800c40000), size 12845056, SharedBaseAddress: 0x0000000800000000, ArchiveRelocationMode: 0.
Compressed class space mapped at: 0x0000000801000000-0x0000000841000000, reserved size: 1073741824
Narrow klass base: 0x0000000800000000, Narrow klass shift: 0, Narrow klass range: 0x100000000

GC Precious Log:
 CardTable entry size: 512
 Card Set container configuration: InlinePtr #cards 5 size 8 Array Of Cards #cards 12 size 40 Howl #buckets 4 coarsen threshold 1843 Howl Bitmap #cards 512 size 80 coarsen threshold 460 Card regions per heap region 1 cards per card region 2048
 CPUs: 12 total, 12 available
 Memory: 7579M
 Large Page Support: Disabled
 NUMA Support: Disabled
 Compressed Oops: Enabled (32-bit)
 Heap Region Size: 1M
 Heap Min Capacity: 8M
 Heap Initial Capacity: 120M
 Heap Max Capacity: 1896M
 Pre-touch: Disabled
 Parallel Workers: 10
 Concurrent Workers: 3
 Concurrent Refinement Workers: 10
 Periodic GC: Disabled

Heap:
 garbage-first heap   total 104448K, used 69764K [0x0000000089800000, 0x0000000100000000)
  region size 1024K, 37 young (37888K), 6 survivors (6144K)
 Metaspace       used 52530K, committed 53312K, reserved 1114112K
  class space    used 6311K, committed 6720K, reserved 1048576K

Heap Regions: E=young(eden), S=young(survivor), O=old, HS=humongous(starts), HC=humongous(continues), CS=collection set, F=free, OA=open archive, CA=closed archive, TAMS=top-at-mark-start (previous, next)
|   0|0x0000000089800000, 0x0000000089900000, 0x0000000089900000|100%|HS|  |TAMS 0x0000000089900000, 0x0000000089800000| Complete 
|   1|0x0000000089900000, 0x0000000089a00000, 0x0000000089a00000|100%|HC|  |TAMS 0x0000000089a00000, 0x0000000089900000| Complete 
|   2|0x0000000089a00000, 0x0000000089b00000, 0x0000000089b00000|100%|HC|  |TAMS 0x0000000089b00000, 0x0000000089a00000| Complete 
|   3|0x0000000089b00000, 0x0000000089c00000, 0x0000000089c00000|100%| O|  |TAMS 0x0000000089c00000, 0x0000000089b00000| Untracked 
|   4|0x0000000089c00000, 0x0000000089d00000, 0x0000000089d00000|100%| O|  |TAMS 0x0000000089d00000, 0x0000000089c00000| Untracked 
|   5|0x0000000089d00000, 0x0000000089df4800, 0x0000000089e00000| 95%| O|  |TAMS 0x0000000089df4800, 0x0000000089d00000| Untracked 
|   6|0x0000000089e00000, 0x0000000089f00000, 0x0000000089f00000|100%|HS|  |TAMS 0x0000000089f00000, 0x0000000089e00000| Complete 
|   7|0x0000000089f00000, 0x000000008a000000, 0x000000008a000000|100%|HC|  |TAMS 0x000000008a000000, 0x0000000089f00000| Complete 
|   8|0x000000008a000000, 0x000000008a100000, 0x000000008a100000|100%|HC|  |TAMS 0x000000008a100000, 0x000000008a000000| Complete 
|   9|0x000000008a100000, 0x000000008a200000, 0x000000008a200000|100%| O|  |TAMS 0x000000008a200000, 0x000000008a100000| Untracked 
|  10|0x000000008a200000, 0x000000008a300000, 0x000000008a300000|100%| O|  |TAMS 0x000000008a279c00, 0x000000008a200000| Untracked 
|  11|0x000000008a300000, 0x000000008a400000, 0x000000008a400000|100%| O|  |TAMS 0x000000008a400000, 0x000000008a300000| Untracked 
|  12|0x000000008a400000, 0x000000008a500000, 0x000000008a500000|100%| O|  |TAMS 0x000000008a500000, 0x000000008a400000| Untracked 
|  13|0x000000008a500000, 0x000000008a600000, 0x000000008a600000|100%| O|  |TAMS 0x000000008a600000, 0x000000008a500000| Untracked 
|  14|0x000000008a600000, 0x000000008a700000, 0x000000008a700000|100%| O|  |TAMS 0x000000008a700000, 0x000000008a600000| Untracked 
|  15|0x000000008a700000, 0x000000008a800000, 0x000000008a800000|100%| O|  |TAMS 0x000000008a800000, 0x000000008a700000| Untracked 
|  16|0x000000008a800000, 0x000000008a900000, 0x000000008a900000|100%| O|  |TAMS 0x000000008a900000, 0x000000008a800000| Untracked 
|  17|0x000000008a900000, 0x000000008aa00000, 0x000000008aa00000|100%| O|  |TAMS 0x000000008aa00000, 0x000000008a900000| Untracked 
|  18|0x000000008aa00000, 0x000000008ab00000, 0x000000008ab00000|100%| O|  |TAMS 0x000000008aa00000, 0x000000008aa00000| Untracked 
|  19|0x000000008ab00000, 0x000000008ac00000, 0x000000008ac00000|100%| O|  |TAMS 0x000000008ab00000, 0x000000008ab00000| Untracked 
|  20|0x000000008ac00000, 0x000000008ad00000, 0x000000008ad00000|100%|HS|  |TAMS 0x000000008ac00000, 0x000000008ac00000| Complete 
|  21|0x000000008ad00000, 0x000000008ae00000, 0x000000008ae00000|100%|HC|  |TAMS 0x000000008ad00000, 0x000000008ad00000| Complete 
|  22|0x000000008ae00000, 0x000000008af00000, 0x000000008af00000|100%| O|  |TAMS 0x000000008af00000, 0x000000008ae00000| Untracked 
|  23|0x000000008af00000, 0x000000008b000000, 0x000000008b000000|100%| O|  |TAMS 0x000000008b000000, 0x000000008af00000| Untracked 
|  24|0x000000008b000000, 0x000000008b100000, 0x000000008b100000|100%| O|  |TAMS 0x000000008b100000, 0x000000008b000000| Untracked 
|  25|0x000000008b100000, 0x000000008b200000, 0x000000008b200000|100%| O|  |TAMS 0x000000008b100000, 0x000000008b100000| Untracked 
|  26|0x000000008b200000, 0x000000008b300000, 0x000000008b300000|100%| O|  |TAMS 0x000000008b200000, 0x000000008b200000| Untracked 
|  27|0x000000008b300000, 0x000000008b400000, 0x000000008b400000|100%| O|  |TAMS 0x000000008b300000, 0x000000008b300000| Untracked 
|  28|0x000000008b400000, 0x000000008b500000, 0x000000008b500000|100%| O|  |TAMS 0x000000008b400000, 0x000000008b400000| Untracked 
|  29|0x000000008b500000, 0x000000008b600000, 0x000000008b600000|100%| O|  |TAMS 0x000000008b500000, 0x000000008b500000| Untracked 
|  30|0x000000008b600000, 0x000000008b700000, 0x000000008b700000|100%| O|  |TAMS 0x000000008b600000, 0x000000008b600000| Untracked 
|  31|0x000000008b700000, 0x000000008b800000, 0x000000008b800000|100%| O|  |TAMS 0x000000008b700000, 0x000000008b700000| Untracked 
|  32|0x000000008b800000, 0x000000008b82ca00, 0x000000008b900000| 17%| O|  |TAMS 0x000000008b800000, 0x000000008b800000| Untracked 
|  33|0x000000008b900000, 0x000000008b900000, 0x000000008ba00000|  0%| F|  |TAMS 0x000000008b900000, 0x000000008b900000| Untracked 
|  34|0x000000008ba00000, 0x000000008ba00000, 0x000000008bb00000|  0%| F|  |TAMS 0x000000008ba00000, 0x000000008ba00000| Untracked 
|  35|0x000000008bb00000, 0x000000008bb00000, 0x000000008bc00000|  0%| F|  |TAMS 0x000000008bb00000, 0x000000008bb00000| Untracked 
|  36|0x000000008bc00000, 0x000000008bc00000, 0x000000008bd00000|  0%| F|  |TAMS 0x000000008bc00000, 0x000000008bc00000| Untracked 
|  37|0x000000008bd00000, 0x000000008bd00000, 0x000000008be00000|  0%| F|  |TAMS 0x000000008bd00000, 0x000000008bd00000| Untracked 
|  38|0x000000008be00000, 0x000000008be00000, 0x000000008bf00000|  0%| F|  |TAMS 0x000000008be00000, 0x000000008be00000| Untracked 
|  39|0x000000008bf00000, 0x000000008bf00000, 0x000000008c000000|  0%| F|  |TAMS 0x000000008bf00000, 0x000000008bf00000| Untracked 
|  40|0x000000008c000000, 0x000000008c000000, 0x000000008c100000|  0%| F|  |TAMS 0x000000008c000000, 0x000000008c000000| Untracked 
|  41|0x000000008c100000, 0x000000008c100000, 0x000000008c200000|  0%| F|  |TAMS 0x000000008c100000, 0x000000008c100000| Untracked 
|  42|0x000000008c200000, 0x000000008c200000, 0x000000008c300000|  0%| F|  |TAMS 0x000000008c200000, 0x000000008c200000| Untracked 
|  43|0x000000008c300000, 0x000000008c300000, 0x000000008c400000|  0%| F|  |TAMS 0x000000008c300000, 0x000000008c300000| Untracked 
|  44|0x000000008c400000, 0x000000008c400000, 0x000000008c500000|  0%| F|  |TAMS 0x000000008c400000, 0x000000008c400000| Untracked 
|  45|0x000000008c500000, 0x000000008c500000, 0x000000008c600000|  0%| F|  |TAMS 0x000000008c500000, 0x000000008c500000| Untracked 
|  46|0x000000008c600000, 0x000000008c600000, 0x000000008c700000|  0%| F|  |TAMS 0x000000008c600000, 0x000000008c600000| Untracked 
|  47|0x000000008c700000, 0x000000008c700000, 0x000000008c800000|  0%| F|  |TAMS 0x000000008c700000, 0x000000008c700000| Untracked 
|  48|0x000000008c800000, 0x000000008c800000, 0x000000008c900000|  0%| F|  |TAMS 0x000000008c800000, 0x000000008c800000| Untracked 
|  49|0x000000008c900000, 0x000000008c900000, 0x000000008ca00000|  0%| F|  |TAMS 0x000000008c900000, 0x000000008c900000| Untracked 
|  50|0x000000008ca00000, 0x000000008ca00000, 0x000000008cb00000|  0%| F|  |TAMS 0x000000008ca00000, 0x000000008ca00000| Untracked 
|  51|0x000000008cb00000, 0x000000008cb00000, 0x000000008cc00000|  0%| F|  |TAMS 0x000000008cb00000, 0x000000008cb00000| Untracked 
|  52|0x000000008cc00000, 0x000000008cc00000, 0x000000008cd00000|  0%| F|  |TAMS 0x000000008cc00000, 0x000000008cc00000| Untracked 
|  53|0x000000008cd00000, 0x000000008ce00000, 0x000000008ce00000|100%| S|CS|TAMS 0x000000008cd00000, 0x000000008cd00000| Complete 
|  54|0x000000008ce00000, 0x000000008cf00000, 0x000000008cf00000|100%| S|CS|TAMS 0x000000008ce00000, 0x000000008ce00000| Complete 
|  55|0x000000008cf00000, 0x000000008d000000, 0x000000008d000000|100%| S|CS|TAMS 0x000000008cf00000, 0x000000008cf00000| Complete 
|  56|0x000000008d000000, 0x000000008d100000, 0x000000008d100000|100%| S|CS|TAMS 0x000000008d000000, 0x000000008d000000| Complete 
|  57|0x000000008d100000, 0x000000008d200000, 0x000000008d200000|100%| S|CS|TAMS 0x000000008d100000, 0x000000008d100000| Complete 
|  58|0x000000008d200000, 0x000000008d300000, 0x000000008d300000|100%| S|CS|TAMS 0x000000008d200000, 0x000000008d200000| Complete 
|  59|0x000000008d300000, 0x000000008d300000, 0x000000008d400000|  0%| F|  |TAMS 0x000000008d300000, 0x000000008d300000| Untracked 
|  60|0x000000008d400000, 0x000000008d400000, 0x000000008d500000|  0%| F|  |TAMS 0x000000008d400000, 0x000000008d400000| Untracked 
|  61|0x000000008d500000, 0x000000008d500000, 0x000000008d600000|  0%| F|  |TAMS 0x000000008d500000, 0x000000008d500000| Untracked 
|  62|0x000000008d600000, 0x000000008d600000, 0x000000008d700000|  0%| F|  |TAMS 0x000000008d600000, 0x000000008d600000| Untracked 
|  63|0x000000008d700000, 0x000000008d700000, 0x000000008d800000|  0%| F|  |TAMS 0x000000008d700000, 0x000000008d700000| Untracked 
|  64|0x000000008d800000, 0x000000008d800000, 0x000000008d900000|  0%| F|  |TAMS 0x000000008d800000, 0x000000008d800000| Untracked 
|  65|0x000000008d900000, 0x000000008d900000, 0x000000008da00000|  0%| F|  |TAMS 0x000000008d900000, 0x000000008d900000| Untracked 
|  66|0x000000008da00000, 0x000000008da00000, 0x000000008db00000|  0%| F|  |TAMS 0x000000008da00000, 0x000000008da00000| Untracked 
|  67|0x000000008db00000, 0x000000008db00000, 0x000000008dc00000|  0%| F|  |TAMS 0x000000008db00000, 0x000000008db00000| Untracked 
|  68|0x000000008dc00000, 0x000000008dc00000, 0x000000008dd00000|  0%| F|  |TAMS 0x000000008dc00000, 0x000000008dc00000| Untracked 
|  69|0x000000008dd00000, 0x000000008dd00000, 0x000000008de00000|  0%| F|  |TAMS 0x000000008dd00000, 0x000000008dd00000| Untracked 
|  70|0x000000008de00000, 0x000000008de00000, 0x000000008df00000|  0%| F|  |TAMS 0x000000008de00000, 0x000000008de00000| Untracked 
|  71|0x000000008df00000, 0x000000008df80800, 0x000000008e000000| 50%| E|  |TAMS 0x000000008df00000, 0x000000008df00000| Complete 
|  72|0x000000008e000000, 0x000000008e100000, 0x000000008e100000|100%| E|CS|TAMS 0x000000008e000000, 0x000000008e000000| Complete 
|  73|0x000000008e100000, 0x000000008e200000, 0x000000008e200000|100%| E|CS|TAMS 0x000000008e100000, 0x000000008e100000| Complete 
|  74|0x000000008e200000, 0x000000008e300000, 0x000000008e300000|100%| E|CS|TAMS 0x000000008e200000, 0x000000008e200000| Complete 
|  75|0x000000008e300000, 0x000000008e400000, 0x000000008e400000|100%| E|CS|TAMS 0x000000008e300000, 0x000000008e300000| Complete 
|  76|0x000000008e400000, 0x000000008e500000, 0x000000008e500000|100%| E|CS|TAMS 0x000000008e400000, 0x000000008e400000| Complete 
|  77|0x000000008e500000, 0x000000008e600000, 0x000000008e600000|100%| E|CS|TAMS 0x000000008e500000, 0x000000008e500000| Complete 
|  78|0x000000008e600000, 0x000000008e700000, 0x000000008e700000|100%| E|CS|TAMS 0x000000008e600000, 0x000000008e600000| Complete 
|  79|0x000000008e700000, 0x000000008e800000, 0x000000008e800000|100%| E|CS|TAMS 0x000000008e700000, 0x000000008e700000| Complete 
|  80|0x000000008e800000, 0x000000008e900000, 0x000000008e900000|100%| E|CS|TAMS 0x000000008e800000, 0x000000008e800000| Complete 
|  81|0x000000008e900000, 0x000000008ea00000, 0x000000008ea00000|100%| E|CS|TAMS 0x000000008e900000, 0x000000008e900000| Complete 
|  82|0x000000008ea00000, 0x000000008eb00000, 0x000000008eb00000|100%| E|CS|TAMS 0x000000008ea00000, 0x000000008ea00000| Complete 
|  83|0x000000008eb00000, 0x000000008ec00000, 0x000000008ec00000|100%| E|CS|TAMS 0x000000008eb00000, 0x000000008eb00000| Complete 
|  84|0x000000008ec00000, 0x000000008ed00000, 0x000000008ed00000|100%| E|CS|TAMS 0x000000008ec00000, 0x000000008ec00000| Complete 
|  85|0x000000008ed00000, 0x000000008ee00000, 0x000000008ee00000|100%| E|CS|TAMS 0x000000008ed00000, 0x000000008ed00000| Complete 
|  86|0x000000008ee00000, 0x000000008ef00000, 0x000000008ef00000|100%| E|CS|TAMS 0x000000008ee00000, 0x000000008ee00000| Complete 
|  87|0x000000008ef00000, 0x000000008f000000, 0x000000008f000000|100%| E|CS|TAMS 0x000000008ef00000, 0x000000008ef00000| Complete 
|  88|0x000000008f000000, 0x000000008f100000, 0x000000008f100000|100%| E|CS|TAMS 0x000000008f000000, 0x000000008f000000| Complete 
|  89|0x000000008f100000, 0x000000008f200000, 0x000000008f200000|100%| E|CS|TAMS 0x000000008f100000, 0x000000008f100000| Complete 
|  90|0x000000008f200000, 0x000000008f300000, 0x000000008f300000|100%| E|CS|TAMS 0x000000008f200000, 0x000000008f200000| Complete 
|  91|0x000000008f300000, 0x000000008f400000, 0x000000008f400000|100%| E|CS|TAMS 0x000000008f300000, 0x000000008f300000| Complete 
|  92|0x000000008f400000, 0x000000008f500000, 0x000000008f500000|100%| E|CS|TAMS 0x000000008f400000, 0x000000008f400000| Complete 
|  93|0x000000008f500000, 0x000000008f600000, 0x000000008f600000|100%| E|CS|TAMS 0x000000008f500000, 0x000000008f500000| Complete 
|  94|0x000000008f600000, 0x000000008f700000, 0x000000008f700000|100%| E|CS|TAMS 0x000000008f600000, 0x000000008f600000| Complete 
|  95|0x000000008f700000, 0x000000008f800000, 0x000000008f800000|100%| E|CS|TAMS 0x000000008f700000, 0x000000008f700000| Complete 
|  96|0x000000008f800000, 0x000000008f900000, 0x000000008f900000|100%| E|CS|TAMS 0x000000008f800000, 0x000000008f800000| Complete 
|  97|0x000000008f900000, 0x000000008fa00000, 0x000000008fa00000|100%| E|CS|TAMS 0x000000008f900000, 0x000000008f900000| Complete 
|  98|0x000000008fa00000, 0x000000008fb00000, 0x000000008fb00000|100%| E|CS|TAMS 0x000000008fa00000, 0x000000008fa00000| Complete 
|  99|0x000000008fb00000, 0x000000008fc00000, 0x000000008fc00000|100%| E|CS|TAMS 0x000000008fb00000, 0x000000008fb00000| Complete 
| 100|0x000000008fc00000, 0x000000008fd00000, 0x000000008fd00000|100%| E|CS|TAMS 0x000000008fc00000, 0x000000008fc00000| Complete 
| 119|0x0000000090f00000, 0x0000000091000000, 0x0000000091000000|100%| E|CS|TAMS 0x0000000090f00000, 0x0000000090f00000| Complete 

Card table byte_map: [0x000001f0f84c0000,0x000001f0f8880000] _byte_map_base: 0x000001f0f8074000

Marking Bits (Prev, Next): (CMBitMap*) 0x000001f0ded9c080, (CMBitMap*) 0x000001f0ded9c0c0
 Prev Bits: [0x000001f0f8c40000, 0x000001f0fa9e0000)
 Next Bits: [0x000001f0fa9e0000, 0x000001f0fc780000)

Polling page: 0x000001f0dea30000

Metaspace:

Usage:
  Non-class:     45.14 MB used.
      Class:      6.16 MB used.
       Both:     51.30 MB used.

Virtual space:
  Non-class space:       64.00 MB reserved,      45.50 MB ( 71%) committed,  1 nodes.
      Class space:        1.00 GB reserved,       6.56 MB ( <1%) committed,  1 nodes.
             Both:        1.06 GB reserved,      52.06 MB (  5%) committed. 

Chunk freelists:
   Non-Class:  2.48 MB
       Class:  1.45 MB
        Both:  3.94 MB

MaxMetaspaceSize: unlimited
CompressedClassSpaceSize: 1.00 GB
Initial GC threshold: 21.00 MB
Current GC threshold: 58.69 MB
CDS: on
MetaspaceReclaimPolicy: balanced
 - commit_granule_bytes: 65536.
 - commit_granule_words: 8192.
 - virtual_space_node_default_size: 8388608.
 - enlarge_chunks_in_place: 1.
 - new_chunks_are_fully_committed: 0.
 - uncommit_free_chunks: 1.
 - use_allocation_guard: 0.


Internal statistics:

num_allocs_failed_limit: 6.
num_arena_births: 1272.
num_arena_deaths: 0.
num_vsnodes_births: 2.
num_vsnodes_deaths: 0.
num_space_committed: 831.
num_space_uncommitted: 0.
num_chunks_returned_to_freelist: 6.
num_chunks_taken_from_freelist: 3366.
num_chunk_merges: 6.
num_chunk_splits: 2459.
num_chunks_enlarged: 1787.
num_inconsistent_stats: 0.

CodeHeap 'non-profiled nmethods': size=120000Kb used=3428Kb max_used=3428Kb free=116571Kb
 bounds [0x000001f0eff40000, 0x000001f0f02a0000, 0x000001f0f7470000]
CodeHeap 'profiled nmethods': size=120000Kb used=14021Kb max_used=14021Kb free=105978Kb
 bounds [0x000001f0e8470000, 0x000001f0e9230000, 0x000001f0ef9a0000]
CodeHeap 'non-nmethods': size=5760Kb used=1400Kb max_used=1460Kb free=4359Kb
 bounds [0x000001f0ef9a0000, 0x000001f0efc10000, 0x000001f0eff40000]
 total_blobs=6779 nmethods=6141 adapters=545
 compilation: enabled
              stopped_count=0, restarted_count=0
 full_count=0

Compilation events (20 events):
Event: 12.198 Thread 0x000001f0ff453280 7031       1       org.jetbrains.kotlin.load.java.typeEnhancement.NotNullTypeParameterImpl::isTypeParameter (2 bytes)
Event: 12.198 Thread 0x000001f0ff453280 nmethod 7031 0x000001f0f028d790 code [0x000001f0f028d920, 0x000001f0f028d9f8]
Event: 12.198 Thread 0x000001f0ff453280 7034       3       org.jetbrains.kotlin.descriptors.impl.PropertyDescriptorImpl::getOverriddenDescriptors (27 bytes)
Event: 12.198 Thread 0x000001f0ff453280 nmethod 7034 0x000001f0e920fc90 code [0x000001f0e920fe40, 0x000001f0e9210088]
Event: 12.198 Thread 0x000001f0ff453280 7035       3       org.jetbrains.kotlin.com.intellij.psi.impl.source.PsiClassImpl::getNode (16 bytes)
Event: 12.198 Thread 0x000001f0ff453280 nmethod 7035 0x000001f0e9210190 code [0x000001f0e9210360, 0x000001f0e9210618]
Event: 12.198 Thread 0x000001f0ff453280 7036       3       org.jetbrains.kotlin.com.google.common.collect.AbstractListMultimap::wrapCollection (11 bytes)
Event: 12.198 Thread 0x000001f0ff453280 nmethod 7036 0x000001f0e9210710 code [0x000001f0e92108c0, 0x000001f0e9210b08]
Event: 12.199 Thread 0x000001f0ff453280 7037       3       org.jetbrains.kotlin.descriptors.java.JavaVisibilities$ProtectedAndPackage::compareTo (50 bytes)
Event: 12.200 Thread 0x000001f0ff453280 nmethod 7037 0x000001f0e9210c10 code [0x000001f0e9210f20, 0x000001f0e9211f58]
Event: 12.200 Thread 0x000001f0ff453280 7039       3       org.jetbrains.kotlin.descriptors.impl.FunctionDescriptorImpl::getOverriddenDescriptors (31 bytes)
Event: 12.200 Thread 0x000001f0ff453280 nmethod 7039 0x000001f0e9212410 code [0x000001f0e9212600, 0x000001f0e9212b98]
Event: 12.200 Thread 0x000001f0ff453280 7040       3       org.jetbrains.kotlin.descriptors.impl.FunctionDescriptorImpl::performOverriddenLazyCalculationIfNeeded (28 bytes)
Event: 12.200 Thread 0x000001f0ff453280 nmethod 7040 0x000001f0e9212d10 code [0x000001f0e9212ee0, 0x000001f0e92132c8]
Event: 12.200 Thread 0x000001f0ff453280 7038       3       org.jetbrains.kotlin.descriptors.annotations.AnnotationDescriptor$DefaultImpls::getFqName (44 bytes)
Event: 12.200 Thread 0x000001f0ff453280 nmethod 7038 0x000001f0e9213390 code [0x000001f0e9213580, 0x000001f0e9213a08]
Event: 12.200 Thread 0x000001f0ff453280 7041       1       org.jetbrains.kotlin.resolve.lazy.descriptors.AbstractLazyMemberScope::getMainScope (5 bytes)
Event: 12.200 Thread 0x000001f0ff453280 nmethod 7041 0x000001f0f028da90 code [0x000001f0f028dc20, 0x000001f0f028dcd8]
Event: 12.203 Thread 0x000001f085698060 nmethod 7013 0x000001f0f028dd90 code [0x000001f0f028e060, 0x000001f0f028eda0]
Event: 12.203 Thread 0x000001f085698060 7028       4       org.jetbrains.kotlin.descriptors.impl.FunctionDescriptorImpl::initialize (296 bytes)

GC Heap History (20 events):
Event: 4.128 GC heap before
{Heap before GC invocations=2 (full 0):
 garbage-first heap   total 122880K, used 35207K [0x0000000089800000, 0x0000000100000000)
  region size 1024K, 27 young (27648K), 4 survivors (4096K)
 Metaspace       used 21260K, committed 21504K, reserved 1114112K
  class space    used 2577K, committed 2688K, reserved 1048576K
}
Event: 4.138 GC heap after
{Heap after GC invocations=3 (full 0):
 garbage-first heap   total 122880K, used 14928K [0x0000000089800000, 0x0000000100000000)
  region size 1024K, 6 young (6144K), 6 survivors (6144K)
 Metaspace       used 21260K, committed 21504K, reserved 1114112K
  class space    used 2577K, committed 2688K, reserved 1048576K
}
Event: 4.804 GC heap before
{Heap before GC invocations=4 (full 0):
 garbage-first heap   total 55296K, used 43600K [0x0000000089800000, 0x0000000100000000)
  region size 1024K, 32 young (32768K), 6 survivors (6144K)
 Metaspace       used 25806K, committed 26048K, reserved 1114112K
  class space    used 3394K, committed 3520K, reserved 1048576K
}
Event: 4.824 GC heap after
{Heap after GC invocations=5 (full 0):
 garbage-first heap   total 55296K, used 21161K [0x0000000089800000, 0x0000000100000000)
  region size 1024K, 4 young (4096K), 4 survivors (4096K)
 Metaspace       used 25806K, committed 26048K, reserved 1114112K
  class space    used 3394K, committed 3520K, reserved 1048576K
}
Event: 4.845 GC heap before
{Heap before GC invocations=5 (full 0):
 garbage-first heap   total 55296K, used 22185K [0x0000000089800000, 0x0000000100000000)
  region size 1024K, 5 young (5120K), 4 survivors (4096K)
 Metaspace       used 25884K, committed 26112K, reserved 1114112K
  class space    used 3398K, committed 3520K, reserved 1048576K
}
Event: 4.853 GC heap after
{Heap after GC invocations=6 (full 0):
 garbage-first heap   total 55296K, used 22138K [0x0000000089800000, 0x0000000100000000)
  region size 1024K, 1 young (1024K), 1 survivors (1024K)
 Metaspace       used 25884K, committed 26112K, reserved 1114112K
  class space    used 3398K, committed 3520K, reserved 1048576K
}
Event: 5.535 GC heap before
{Heap before GC invocations=6 (full 0):
 garbage-first heap   total 55296K, used 40570K [0x0000000089800000, 0x0000000100000000)
  region size 1024K, 20 young (20480K), 1 survivors (1024K)
 Metaspace       used 29687K, committed 29952K, reserved 1114112K
  class space    used 3787K, committed 3904K, reserved 1048576K
}
Event: 5.541 GC heap after
{Heap after GC invocations=7 (full 0):
 garbage-first heap   total 55296K, used 21932K [0x0000000089800000, 0x0000000100000000)
  region size 1024K, 3 young (3072K), 3 survivors (3072K)
 Metaspace       used 29687K, committed 29952K, reserved 1114112K
  class space    used 3787K, committed 3904K, reserved 1048576K
}
Event: 6.515 GC heap before
{Heap before GC invocations=7 (full 0):
 garbage-first heap   total 55296K, used 41388K [0x0000000089800000, 0x0000000100000000)
  region size 1024K, 22 young (22528K), 3 survivors (3072K)
 Metaspace       used 33143K, committed 33600K, reserved 1114112K
  class space    used 4116K, committed 4352K, reserved 1048576K
}
Event: 6.523 GC heap after
{Heap after GC invocations=8 (full 0):
 garbage-first heap   total 55296K, used 23974K [0x0000000089800000, 0x0000000100000000)
  region size 1024K, 2 young (2048K), 2 survivors (2048K)
 Metaspace       used 33143K, committed 33600K, reserved 1114112K
  class space    used 4116K, committed 4352K, reserved 1048576K
}
Event: 6.898 GC heap before
{Heap before GC invocations=8 (full 0):
 garbage-first heap   total 55296K, used 36262K [0x0000000089800000, 0x0000000100000000)
  region size 1024K, 15 young (15360K), 2 survivors (2048K)
 Metaspace       used 35255K, committed 35968K, reserved 1114112K
  class space    used 4400K, committed 4736K, reserved 1048576K
}
Event: 6.904 GC heap after
{Heap after GC invocations=9 (full 0):
 garbage-first heap   total 55296K, used 25053K [0x0000000089800000, 0x0000000100000000)
  region size 1024K, 1 young (1024K), 1 survivors (1024K)
 Metaspace       used 35255K, committed 35968K, reserved 1114112K
  class space    used 4400K, committed 4736K, reserved 1048576K
}
Event: 7.536 GC heap before
{Heap before GC invocations=10 (full 0):
 garbage-first heap   total 55296K, used 44509K [0x0000000089800000, 0x0000000100000000)
  region size 1024K, 18 young (18432K), 1 survivors (1024K)
 Metaspace       used 39555K, committed 40320K, reserved 1114112K
  class space    used 4868K, committed 5248K, reserved 1048576K
}
Event: 7.544 GC heap after
{Heap after GC invocations=11 (full 0):
 garbage-first heap   total 55296K, used 28978K [0x0000000089800000, 0x0000000100000000)
  region size 1024K, 3 young (3072K), 3 survivors (3072K)
 Metaspace       used 39555K, committed 40320K, reserved 1114112K
  class space    used 4868K, committed 5248K, reserved 1048576K
}
Event: 7.572 GC heap before
{Heap before GC invocations=11 (full 0):
 garbage-first heap   total 55296K, used 30002K [0x0000000089800000, 0x0000000100000000)
  region size 1024K, 4 young (4096K), 3 survivors (3072K)
 Metaspace       used 39744K, committed 40448K, reserved 1114112K
  class space    used 4896K, committed 5248K, reserved 1048576K
}
Event: 7.579 GC heap after
{Heap after GC invocations=12 (full 0):
 garbage-first heap   total 104448K, used 28823K [0x0000000089800000, 0x0000000100000000)
  region size 1024K, 1 young (1024K), 1 survivors (1024K)
 Metaspace       used 39744K, committed 40448K, reserved 1114112K
  class space    used 4896K, committed 5248K, reserved 1048576K
}
Event: 9.282 GC heap before
{Heap before GC invocations=12 (full 0):
 garbage-first heap   total 104448K, used 80023K [0x0000000089800000, 0x0000000100000000)
  region size 1024K, 51 young (52224K), 1 survivors (1024K)
 Metaspace       used 47222K, committed 48064K, reserved 1114112K
  class space    used 5884K, committed 6336K, reserved 1048576K
}
Event: 9.293 GC heap after
{Heap after GC invocations=13 (full 0):
 garbage-first heap   total 104448K, used 32645K [0x0000000089800000, 0x0000000100000000)
  region size 1024K, 5 young (5120K), 5 survivors (5120K)
 Metaspace       used 47222K, committed 48064K, reserved 1114112K
  class space    used 5884K, committed 6336K, reserved 1048576K
}
Event: 11.152 GC heap before
{Heap before GC invocations=13 (full 0):
 garbage-first heap   total 104448K, used 76677K [0x0000000089800000, 0x0000000100000000)
  region size 1024K, 48 young (49152K), 5 survivors (5120K)
 Metaspace       used 52088K, committed 52928K, reserved 1114112K
  class space    used 6301K, committed 6720K, reserved 1048576K
}
Event: 11.174 GC heap after
{Heap after GC invocations=14 (full 0):
 garbage-first heap   total 104448K, used 39044K [0x0000000089800000, 0x0000000100000000)
  region size 1024K, 6 young (6144K), 6 survivors (6144K)
 Metaspace       used 52088K, committed 52928K, reserved 1114112K
  class space    used 6301K, committed 6720K, reserved 1048576K
}

Dll operation events (7 events):
Event: 0.007 Loaded shared library C:\Program Files\Java\jdk-19\bin\java.dll
Event: 0.017 Loaded shared library C:\Program Files\Java\jdk-19\bin\jsvml.dll
Event: 0.084 Loaded shared library C:\Program Files\Java\jdk-19\bin\net.dll
Event: 0.419 Loaded shared library C:\Program Files\Java\jdk-19\bin\nio.dll
Event: 0.461 Loaded shared library C:\Program Files\Java\jdk-19\bin\zip.dll
Event: 0.989 Loaded shared library C:\Program Files\Java\jdk-19\bin\jimage.dll
Event: 2.433 Loaded shared library C:\Program Files\Java\jdk-19\bin\verify.dll

Deoptimization events (20 events):
Event: 11.788 Thread 0x000001f0ded3e260 DEOPT PACKING pc=0x000001f0eff451b0 sp=0x0000000aeeefc650
Event: 11.788 Thread 0x000001f0ded3e260 DEOPT UNPACKING pc=0x000001f0efa06da3 sp=0x0000000aeeefc618 mode 2
Event: 11.852 Thread 0x000001f0ded3e260 DEOPT PACKING pc=0x000001f0e84abe75 sp=0x0000000aeeefca10
Event: 11.852 Thread 0x000001f0ded3e260 DEOPT UNPACKING pc=0x000001f0efa07543 sp=0x0000000aeeefbea0 mode 0
Event: 11.864 Thread 0x000001f0ded3e260 Uncommon trap: trap_request=0xffffff45 fr.pc=0x000001f0f00e7118 relative=0x00000000000007d8
Event: 11.864 Thread 0x000001f0ded3e260 Uncommon trap: reason=unstable_if action=reinterpret pc=0x000001f0f00e7118 method=org.jetbrains.kotlin.load.java.lazy.descriptors.LazyJavaScope.getContributedVariables(Lorg/jetbrains/kotlin/name/Name;Lorg/jetbrains/kotlin/incremental/components/LookupLoca
Event: 11.864 Thread 0x000001f0ded3e260 DEOPT PACKING pc=0x000001f0f00e7118 sp=0x0000000aeeefdd60
Event: 11.864 Thread 0x000001f0ded3e260 DEOPT UNPACKING pc=0x000001f0efa06da3 sp=0x0000000aeeefdcc0 mode 2
Event: 11.865 Thread 0x000001f0ded3e260 Uncommon trap: trap_request=0xffffff45 fr.pc=0x000001f0f00e3da4 relative=0x0000000000000804
Event: 11.865 Thread 0x000001f0ded3e260 Uncommon trap: reason=unstable_if action=reinterpret pc=0x000001f0f00e3da4 method=org.jetbrains.kotlin.load.java.lazy.descriptors.LazyJavaScope.getContributedVariables(Lorg/jetbrains/kotlin/name/Name;Lorg/jetbrains/kotlin/incremental/components/LookupLoca
Event: 11.865 Thread 0x000001f0ded3e260 DEOPT PACKING pc=0x000001f0f00e3da4 sp=0x0000000aeeefdcf0
Event: 11.865 Thread 0x000001f0ded3e260 DEOPT UNPACKING pc=0x000001f0efa06da3 sp=0x0000000aeeefdcc0 mode 2
Event: 12.018 Thread 0x000001f0ded3e260 Uncommon trap: trap_request=0xffffffde fr.pc=0x000001f0f0257738 relative=0x00000000000023f8
Event: 12.018 Thread 0x000001f0ded3e260 Uncommon trap: reason=class_check action=maybe_recompile pc=0x000001f0f0257738 method=org.jetbrains.org.objectweb.asm.ClassReader.readElementValue(Lorg/jetbrains/org/objectweb/asm/AnnotationVisitor;ILjava/lang/String;[C)I @ 1022 c2
Event: 12.018 Thread 0x000001f0ded3e260 DEOPT PACKING pc=0x000001f0f0257738 sp=0x0000000aeeefb8f0
Event: 12.018 Thread 0x000001f0ded3e260 DEOPT UNPACKING pc=0x000001f0efa06da3 sp=0x0000000aeeefb880 mode 2
Event: 12.198 Thread 0x000001f0ded3e260 Uncommon trap: trap_request=0xffffff45 fr.pc=0x000001f0f00e5c94 relative=0x0000000000000074
Event: 12.198 Thread 0x000001f0ded3e260 Uncommon trap: reason=unstable_if action=reinterpret pc=0x000001f0f00e5c94 method=org.jetbrains.kotlin.descriptors.impl.FunctionDescriptorImpl.performOverriddenLazyCalculationIfNeeded()V @ 6 c2
Event: 12.198 Thread 0x000001f0ded3e260 DEOPT PACKING pc=0x000001f0f00e5c94 sp=0x0000000aeeefd340
Event: 12.198 Thread 0x000001f0ded3e260 DEOPT UNPACKING pc=0x000001f0efa06da3 sp=0x0000000aeeefd270 mode 2

Classes loaded (20 events):
Event: 8.887 Loading class java/util/stream/Nodes$SpinedNodeBuilder
Event: 8.887 Loading class java/util/stream/SpinedBuffer
Event: 8.887 Loading class java/util/stream/AbstractSpinedBuffer
Event: 8.887 Loading class java/util/stream/AbstractSpinedBuffer done
Event: 8.887 Loading class java/util/stream/SpinedBuffer done
Event: 8.887 Loading class java/util/stream/Nodes$SpinedNodeBuilder done
Event: 8.933 Loading class java/util/Comparators$NaturalOrderComparator
Event: 8.933 Loading class java/util/Comparators$NaturalOrderComparator done
Event: 8.933 Loading class java/util/Comparators$NullComparator
Event: 8.933 Loading class java/util/Comparators$NullComparator done
Event: 8.937 Loading class java/util/stream/SortedOps
Event: 8.937 Loading class java/util/stream/SortedOps done
Event: 8.937 Loading class java/util/stream/SortedOps$OfRef
Event: 8.937 Loading class java/util/stream/ReferencePipeline$StatefulOp
Event: 8.937 Loading class java/util/stream/ReferencePipeline$StatefulOp done
Event: 8.937 Loading class java/util/stream/SortedOps$OfRef done
Event: 8.938 Loading class java/util/stream/SortedOps$RefSortingSink
Event: 8.938 Loading class java/util/stream/SortedOps$AbstractRefSortingSink
Event: 8.938 Loading class java/util/stream/SortedOps$AbstractRefSortingSink done
Event: 8.938 Loading class java/util/stream/SortedOps$RefSortingSink done

Classes unloaded (0 events):
No events

Classes redefined (0 events):
No events

Internal exceptions (20 events):
Event: 6.760 Thread 0x000001f0ded3e260 Exception <a 'java/lang/NoSuchMethodError'{0x000000008c43df80}: 'java.lang.Object java.lang.invoke.DelegatingMethodHandle$Holder.reinvoke_L(java.lang.Object, java.lang.Object, java.lang.Object, java.lang.Object, java.lang.Object, java.lang.Object, java.lang.Object, java.lang.Object, java.lang.Object, java.lang.Object, java.lang.Object, java.lang.Object, java.lang.Object)'> (0x000000008c43df80) 
thrown [s\open\src\hotspot\share\interpreter\linkResolver.cpp, line 774]
Event: 6.983 Thread 0x000001f0ded3e260 Exception <a 'java/lang/NoSuchMethodError'{0x000000008f82d318}: 'java.lang.Object java.lang.invoke.DirectMethodHandle$Holder.newInvokeSpecial(java.lang.Object, java.lang.Object, int)'> (0x000000008f82d318) 
thrown [s\open\src\hotspot\share\interpreter\linkResolver.cpp, line 774]
Event: 7.190 Thread 0x000001f0ded3e260 Exception <a 'java/lang/NoSuchMethodError'{0x000000008f4329e0}: 'java.lang.Object java.lang.invoke.DirectMethodHandle$Holder.newInvokeSpecial(java.lang.Object, java.lang.Object, java.lang.Object, int)'> (0x000000008f4329e0) 
thrown [s\open\src\hotspot\share\interpreter\linkResolver.cpp, line 774]
Event: 7.191 Thread 0x000001f0ded3e260 Exception <a 'java/lang/NoSuchMethodError'{0x000000008f436db0}: 'java.lang.Object java.lang.invoke.DirectMethodHandle$Holder.invokeSpecial(java.lang.Object, java.lang.Object, java.lang.Object, java.lang.Object, int)'> (0x000000008f436db0) 
thrown [s\open\src\hotspot\share\interpreter\linkResolver.cpp, line 774]
Event: 7.191 Thread 0x000001f0ded3e260 Exception <a 'java/lang/NoSuchMethodError'{0x000000008f43a778}: 'java.lang.Object java.lang.invoke.Invokers$Holder.linkToTargetMethod(java.lang.Object, java.lang.Object, int, java.lang.Object)'> (0x000000008f43a778) 
thrown [s\open\src\hotspot\share\interpreter\linkResolver.cpp, line 774]
Event: 8.069 Thread 0x000001f0ded3e260 Implicit null exception at 0x000001f0f01182db to 0x000001f0f0118590
Event: 8.404 Thread 0x000001f0ded3e260 Exception <a 'java/lang/NoSuchMethodError'{0x000000008ed3eec0}: 'java.lang.Object java.lang.invoke.DirectMethodHandle$Holder.newInvokeSpecial(java.lang.Object, java.lang.Object, java.lang.Object, java.lang.Object, int)'> (0x000000008ed3eec0) 
thrown [s\open\src\hotspot\share\interpreter\linkResolver.cpp, line 774]
Event: 8.405 Thread 0x000001f0ded3e260 Exception <a 'java/lang/NoSuchMethodError'{0x000000008ed43770}: 'java.lang.Object java.lang.invoke.DirectMethodHandle$Holder.invokeSpecial(java.lang.Object, java.lang.Object, java.lang.Object, java.lang.Object, java.lang.Object, int)'> (0x000000008ed43770) 
thrown [s\open\src\hotspot\share\interpreter\linkResolver.cpp, line 774]
Event: 8.405 Thread 0x000001f0ded3e260 Exception <a 'java/lang/NoSuchMethodError'{0x000000008ed47cc8}: 'java.lang.Object java.lang.invoke.Invokers$Holder.linkToTargetMethod(java.lang.Object, java.lang.Object, java.lang.Object, int, java.lang.Object)'> (0x000000008ed47cc8) 
thrown [s\open\src\hotspot\share\interpreter\linkResolver.cpp, line 774]
Event: 8.609 Thread 0x000001f0ded3e260 Exception <a 'java/lang/NoSuchMethodError'{0x000000008eaaf240}: 'void java.lang.invoke.DirectMethodHandle$Holder.invokeSpecial(java.lang.Object, java.lang.Object, int, java.lang.Object)'> (0x000000008eaaf240) 
thrown [s\open\src\hotspot\share\interpreter\linkResolver.cpp, line 774]
Event: 8.821 Thread 0x000001f0ded3e260 Exception <a 'java/lang/NoSuchMethodError'{0x000000008e77b930}: 'int java.lang.invoke.DirectMethodHandle$Holder.invokeVirtual(java.lang.Object, java.lang.Object, java.lang.Object)'> (0x000000008e77b930) 
thrown [s\open\src\hotspot\share\interpreter\linkResolver.cpp, line 774]
Event: 8.827 Thread 0x000001f0ded3e260 Exception <a 'java/lang/NoSuchMethodError'{0x000000008e7a51b8}: 'java.lang.Object java.lang.invoke.DirectMethodHandle$Holder.invokeStaticInit(java.lang.Object, java.lang.Object, java.lang.Object)'> (0x000000008e7a51b8) 
thrown [s\open\src\hotspot\share\interpreter\linkResolver.cpp, line 774]
Event: 8.883 Thread 0x000001f0ded3e260 Exception <a 'java/lang/NoSuchMethodError'{0x000000008e681b30}: 'void java.lang.invoke.DirectMethodHandle$Holder.invokeInterface(java.lang.Object, java.lang.Object)'> (0x000000008e681b30) 
thrown [s\open\src\hotspot\share\interpreter\linkResolver.cpp, line 774]
Event: 8.935 Thread 0x000001f0ded3e260 Exception <a 'java/lang/NoSuchMethodError'{0x000000008e5681a8}: 'int java.lang.invoke.DirectMethodHandle$Holder.invokeSpecialIFC(java.lang.Object, java.lang.Object, java.lang.Object, java.lang.Object, java.lang.Object)'> (0x000000008e5681a8) 
thrown [s\open\src\hotspot\share\interpreter\linkResolver.cpp, line 774]
Event: 8.941 Thread 0x000001f0ded3e260 Exception <a 'java/lang/NoSuchMethodError'{0x000000008e589c48}: 'void java.lang.invoke.DirectMethodHandle$Holder.invokeInterface(java.lang.Object, java.lang.Object, java.lang.Object)'> (0x000000008e589c48) 
thrown [s\open\src\hotspot\share\interpreter\linkResolver.cpp, line 774]
Event: 9.001 Thread 0x000001f0ded3e260 Exception <a 'java/lang/IncompatibleClassChangeError'{0x000000008e484698}: Found class java.lang.Object, but interface was expected> (0x000000008e484698) 
thrown [s\open\src\hotspot\share\interpreter\linkResolver.cpp, line 841]
Event: 9.230 Thread 0x000001f0ded3e260 Implicit null exception at 0x000001f0effaa3f6 to 0x000001f0effaaa20
Event: 9.914 Thread 0x000001f0ded3e260 Implicit null exception at 0x000001f0f00d88cc to 0x000001f0f00d89ac
Event: 10.697 Thread 0x000001f0ded3e260 Implicit null exception at 0x000001f0f01abfc4 to 0x000001f0f01ac610
Event: 10.697 Thread 0x000001f0ded3e260 Implicit null exception at 0x000001f0f01a9b2f to 0x000001f0f01a9b60

VM Operations (20 events):
Event: 10.777 Executing VM operation: ICBufferFull
Event: 10.777 Executing VM operation: ICBufferFull done
Event: 10.877 Executing VM operation: HandshakeAllThreads
Event: 10.880 Executing VM operation: HandshakeAllThreads done
Event: 10.900 Executing VM operation: HandshakeAllThreads
Event: 10.901 Executing VM operation: HandshakeAllThreads done
Event: 10.912 Executing VM operation: ICBufferFull
Event: 10.913 Executing VM operation: ICBufferFull done
Event: 10.925 Executing VM operation: HandshakeAllThreads
Event: 10.925 Executing VM operation: HandshakeAllThreads done
Event: 11.151 Executing VM operation: G1CollectForAllocation
Event: 11.174 Executing VM operation: G1CollectForAllocation done
Event: 11.461 Executing VM operation: ICBufferFull
Event: 11.462 Executing VM operation: ICBufferFull done
Event: 11.683 Executing VM operation: ICBufferFull
Event: 11.683 Executing VM operation: ICBufferFull done
Event: 11.906 Executing VM operation: ICBufferFull
Event: 11.906 Executing VM operation: ICBufferFull done
Event: 12.194 Executing VM operation: ICBufferFull
Event: 12.194 Executing VM operation: ICBufferFull done

Events (20 events):
Event: 10.936 Thread 0x000001f0ff458240 flushing nmethod 0x000001f0e8dd4e90
Event: 10.936 Thread 0x000001f0ff458240 flushing nmethod 0x000001f0e8dd5a10
Event: 10.936 Thread 0x000001f0ff458240 flushing nmethod 0x000001f0e8dd6510
Event: 10.936 Thread 0x000001f0ff458240 flushing nmethod 0x000001f0e8dd7810
Event: 10.936 Thread 0x000001f0ff458240 flushing nmethod 0x000001f0e8dd7c10
Event: 10.936 Thread 0x000001f0ff458240 flushing nmethod 0x000001f0e8dd9990
Event: 10.936 Thread 0x000001f0ff458240 flushing nmethod 0x000001f0e8ddac10
Event: 10.936 Thread 0x000001f0ff458240 flushing nmethod 0x000001f0e8dde790
Event: 10.936 Thread 0x000001f0ff458240 flushing nmethod 0x000001f0e8de7f90
Event: 10.936 Thread 0x000001f0ff458240 flushing nmethod 0x000001f0e8de9990
Event: 10.936 Thread 0x000001f0ff458240 flushing nmethod 0x000001f0e8df3310
Event: 10.936 Thread 0x000001f0ff458240 flushing nmethod 0x000001f0e8df4a10
Event: 10.936 Thread 0x000001f0ff458240 flushing nmethod 0x000001f0e8e08d90
Event: 10.937 Thread 0x000001f0ff458240 flushing nmethod 0x000001f0e8e55310
Event: 10.937 Thread 0x000001f0ff458240 flushing nmethod 0x000001f0e8e68610
Event: 10.937 Thread 0x000001f0ff458240 flushing nmethod 0x000001f0e8eb1410
Event: 10.937 Thread 0x000001f0ff458240 flushing nmethod 0x000001f0e8f07110
Event: 10.937 Thread 0x000001f0ff458240 flushing nmethod 0x000001f0e8f0b790
Event: 10.938 Thread 0x000001f0ff458240 flushing nmethod 0x000001f0e8f58390
Event: 12.126 Thread 0x000001f08569ace0 Thread exited: 0x000001f08569ace0


Dynamic libraries:
0x00007ff7d1f40000 - 0x00007ff7d1f50000 	C:\Program Files\Java\jdk-19\bin\java.exe
0x00007ff848650000 - 0x00007ff848848000 	C:\Windows\SYSTEM32\ntdll.dll
0x00007ff847060000 - 0x00007ff84711d000 	C:\Windows\System32\KERNEL32.DLL
0x00007ff8461d0000 - 0x00007ff8464a2000 	C:\Windows\System32\KERNELBASE.dll
0x00007ff846020000 - 0x00007ff846120000 	C:\Windows\System32\ucrtbase.dll
0x00007ff81ef00000 - 0x00007ff81ef18000 	C:\Program Files\Java\jdk-19\bin\jli.dll
0x00007ff8475b0000 - 0x00007ff84765e000 	C:\Windows\System32\ADVAPI32.dll
0x00007ff81b880000 - 0x00007ff81b89b000 	C:\Program Files\Java\jdk-19\bin\VCRUNTIME140.dll
0x00007ff846fc0000 - 0x00007ff84705e000 	C:\Windows\System32\msvcrt.dll
0x00007ff847120000 - 0x00007ff8471bc000 	C:\Windows\System32\sechost.dll
0x00007ff8480b0000 - 0x00007ff8481d5000 	C:\Windows\System32\RPCRT4.dll
0x00007ff847c20000 - 0x00007ff847dbd000 	C:\Windows\System32\USER32.dll
0x00007ff845d60000 - 0x00007ff845d82000 	C:\Windows\System32\win32u.dll
0x00007ff847fd0000 - 0x00007ff847ffb000 	C:\Windows\System32\GDI32.dll
0x00007ff845e00000 - 0x00007ff845f0f000 	C:\Windows\System32\gdi32full.dll
0x00007ff8464b0000 - 0x00007ff84654d000 	C:\Windows\System32\msvcp_win.dll
0x00007ff834330000 - 0x00007ff8345ca000 	C:\Windows\WinSxS\amd64_microsoft.windows.common-controls_6595b64144ccf1df_6.0.19041.1110_none_60b5254171f9507e\COMCTL32.dll
0x00007ff83cfb0000 - 0x00007ff83cfba000 	C:\Windows\SYSTEM32\VERSION.dll
0x00007ff847390000 - 0x00007ff8473c0000 	C:\Windows\System32\IMM32.DLL
0x00007ff823080000 - 0x00007ff82308c000 	C:\Program Files\Java\jdk-19\bin\vcruntime140_1.dll
0x00007ffff4730000 - 0x00007ffff47be000 	C:\Program Files\Java\jdk-19\bin\msvcp140.dll
0x00007fffe7c10000 - 0x00007fffe88d0000 	C:\Program Files\Java\jdk-19\bin\server\jvm.dll
0x00007ff822520000 - 0x00007ff822529000 	C:\Windows\SYSTEM32\WSOCK32.dll
0x00007ff847740000 - 0x00007ff8477ab000 	C:\Windows\System32\WS2_32.dll
0x00007ff83b6f0000 - 0x00007ff83b717000 	C:\Windows\SYSTEM32\WINMM.dll
0x00007ff843c20000 - 0x00007ff843c32000 	C:\Windows\SYSTEM32\kernel.appcore.dll
0x00007ff822440000 - 0x00007ff82244a000 	C:\Program Files\Java\jdk-19\bin\jimage.dll
0x00007ff83ba00000 - 0x00007ff83bbe4000 	C:\Windows\SYSTEM32\DBGHELP.DLL
0x00007ff835dd0000 - 0x00007ff835dfc000 	C:\Windows\SYSTEM32\dbgcore.DLL
0x00007ff845f90000 - 0x00007ff846012000 	C:\Windows\System32\bcryptPrimitives.dll
0x00007ffff6c90000 - 0x00007ffff6cb6000 	C:\Program Files\Java\jdk-19\bin\java.dll
0x00007ffff4210000 - 0x00007ffff42e7000 	C:\Program Files\Java\jdk-19\bin\jsvml.dll
0x00007ff846870000 - 0x00007ff846fb3000 	C:\Windows\System32\SHELL32.dll
0x00007ff843e20000 - 0x00007ff8445b1000 	C:\Windows\SYSTEM32\windows.storage.dll
0x00007ff8482b0000 - 0x00007ff848604000 	C:\Windows\System32\combase.dll
0x00007ff845750000 - 0x00007ff845780000 	C:\Windows\SYSTEM32\Wldp.dll
0x00007ff847500000 - 0x00007ff8475ad000 	C:\Windows\System32\SHCORE.dll
0x00007ff847480000 - 0x00007ff8474d5000 	C:\Windows\System32\shlwapi.dll
0x00007ff845ca0000 - 0x00007ff845cbf000 	C:\Windows\SYSTEM32\profapi.dll
0x00007ffffd9e0000 - 0x00007ffffd9f3000 	C:\Program Files\Java\jdk-19\bin\net.dll
0x00007ff83cb50000 - 0x00007ff83cc5d000 	C:\Windows\SYSTEM32\WINHTTP.dll
0x00007ff830f70000 - 0x00007ff830f7b000 	C:\Program Files\Common Files\SocksEscort\escortdrv.dll
0x00007ff8471c0000 - 0x00007ff8472ea000 	C:\Windows\System32\ole32.dll
0x00007ff830f30000 - 0x00007ff830f62000 	C:\Program Files\Common Files\SocksEscort\escengine.dll
0x00007ff845440000 - 0x00007ff8454aa000 	C:\Windows\system32\mswsock.dll
0x00007ff81b750000 - 0x00007ff81b766000 	C:\Program Files\Java\jdk-19\bin\nio.dll
0x00007ff812900000 - 0x00007ff812918000 	C:\Program Files\Java\jdk-19\bin\zip.dll
0x00007ff81b4d0000 - 0x00007ff81b4e0000 	C:\Program Files\Java\jdk-19\bin\verify.dll

dbghelp: loaded successfully - version: 4.0.5 - missing functions: none
symbol engine: initialized successfully - sym options: 0x614 - pdb path: .;C:\Program Files\Java\jdk-19\bin;C:\Windows\SYSTEM32;C:\Windows\WinSxS\amd64_microsoft.windows.common-controls_6595b64144ccf1df_6.0.19041.1110_none_60b5254171f9507e;C:\Program Files\Java\jdk-19\bin\server;C:\Program Files\Common Files\SocksEscort

VM Arguments:
java_command: org.jetbrains.kotlin.cli.jvm.K2JVMCompiler @D:\study\da_nen_tang\facebook-app-clone\node_modules\react-native-safe-area-context\android\build\20231217_9832827503456742292.compiler.options
java_class_path (initial): C:\Users\ADMIN\.gradle\caches\modules-2\files-2.1\org.jetbrains.kotlin\kotlin-compiler-embeddable\1.6.20\18f66cca4301c12893ebe4ef47d65c3d9d2bff9b\kotlin-compiler-embeddable-1.6.20.jar;C:\Users\ADMIN\.gradle\caches\modules-2\files-2.1\org.jetbrains.kotlin\kotlin-reflect\1.6.20\669965154723f1a712e8677af0cc5470dfdab81c\kotlin-reflect-1.6.20.jar;C:\Users\ADMIN\.gradle\caches\modules-2\files-2.1\org.jetbrains.kotlin\kotlin-stdlib\1.6.20\6cedc143badbb4f1c6b7f5a340b04edff1743208\kotlin-stdlib-1.6.20.jar;C:\Users\ADMIN\.gradle\caches\modules-2\files-2.1\org.jetbrains.kotlin\kotlin-script-runtime\1.6.20\a115c367e0fd9c8909293b208689afca0c88a6f1\kotlin-script-runtime-1.6.20.jar;C:\Users\ADMIN\.gradle\caches\modules-2\files-2.1\org.jetbrains.kotlin\kotlin-daemon-embeddable\1.6.20\d4cac343029f48f106c57f457384771165d7deb5\kotlin-daemon-embeddable-1.6.20.jar;C:\Users\ADMIN\.gradle\caches\modules-2\files-2.1\org.jetbrains.intellij.deps\trove4j\1.0.20200330\3afb14d5f9ceb459d724e907a21145e8ff394f02\trove4j-1.0.20200330.jar;C:\Users\ADMIN\.gradle\caches\modules-2\files-2.1\net.java.dev.jna\jna\5.6.0\330f2244e9030119ab3030fc3fededc86713d9cc\jna-5.6.0.jar;C:\Users\ADMIN\.gradle\caches\modules-2\files-2.1\org.jetbrains.kotlin\kotlin-stdlib-common\1.6.20\27b4562b6713d70f458c6d7ea39aadacb8e6a92b\kotlin-stdlib-common-1.6.20.jar;C:\Users\ADMIN\.gradle\caches\modules-2\files-2.1\org.jetbrains\annotations\13.0\919f0dfe192fb4e063e7dacadee7f8bb9a2672a9\annotations-13.0.jar
Launcher Type: SUN_STANDARD

[Global flags]
     intx CICompilerCount                          = 4                                         {product} {ergonomic}
     uint ConcGCThreads                            = 3                                         {product} {ergonomic}
     uint G1ConcRefinementThreads                  = 10                                        {product} {ergonomic}
   size_t G1HeapRegionSize                         = 1048576                                   {product} {ergonomic}
    uintx GCDrainStackTargetSize                   = 64                                        {product} {ergonomic}
   size_t InitialHeapSize                          = 125829120                                 {product} {ergonomic}
   size_t MarkStackSize                            = 4194304                                   {product} {ergonomic}
   size_t MaxHeapSize                              = 1988100096                                {product} {ergonomic}
   size_t MaxNewSize                               = 1192230912                                {product} {ergonomic}
   size_t MinHeapDeltaBytes                        = 1048576                                   {product} {ergonomic}
   size_t MinHeapSize                              = 8388608                                   {product} {ergonomic}
    uintx NonNMethodCodeHeapSize                   = 5839372                                {pd product} {ergonomic}
    uintx NonProfiledCodeHeapSize                  = 122909434                              {pd product} {ergonomic}
    uintx ProfiledCodeHeapSize                     = 122909434                              {pd product} {ergonomic}
    uintx ReservedCodeCacheSize                    = 251658240                              {pd product} {ergonomic}
     bool SegmentedCodeCache                       = true                                      {product} {ergonomic}
   size_t SoftMaxHeapSize                          = 1988100096                             {manageable} {ergonomic}
     bool UseCompressedClassPointers               = true                           {product lp64_product} {ergonomic}
     bool UseCompressedOops                        = true                           {product lp64_product} {ergonomic}
     bool UseG1GC                                  = true                                      {product} {ergonomic}
     bool UseLargePagesIndividualAllocation        = false                                  {pd product} {ergonomic}

Logging:
Log output configuration:
 #0: stdout all=warning uptime,level,tags foldmultilines=false
 #1: stderr all=off uptime,level,tags foldmultilines=false

Environment Variables:
JAVA_HOME=C:\Program Files\Java\jdk-19
CLASSPATH=D:\study\da_nen_tang\facebook-app-clone\android\\gradle\wrapper\gradle-wrapper.jar
PATH=D:\study\da_nen_tang\facebook-app-clone\node_modules\.bin;D:\study\da_nen_tang\node_modules\.bin;D:\study\node_modules\.bin;D:\node_modules\.bin;C:\Users\ADMIN\AppData\Roaming\nvm\v16.15.0\node_modules\npm\node_modules\@npmcli\run-script\lib\node-gyp-bin;C:\Users\ADMIN\AppData\Local\Temp\yarn--1702827729267-0.8691573805335029;D:\study\da_nen_tang\facebook-app-clone\node_modules\.bin;C:\Users\ADMIN\AppData\Local\Yarn\Data\link\node_modules\.bin;C:\Users\ADMIN\AppData\Local\Yarn\bin;C:\Program Files\libexec\lib\node_modules\npm\bin\node-gyp-bin;C:\Program Files\lib\node_modules\npm\bin\node-gyp-bin;C:\Program Files\nodejs\node_modules\npm\bin\node-gyp-bin;C:\Program Files\Common Files\Oracle\Java\javapath;C:\Windows\system32;C:\Windows;C:\Windows\System32\Wbem;C:\Windows\System32\WindowsPowerShell\v1.0\;C:\Windows\System32\OpenSSH\;C:\Program Files\Java\jdk-19\bin;C:\Program Files\Git\cmd;C:\MinGW\bin;C:\Users\ADMIN\AppData\Roaming\nvm;C:\Program Files\nodejs;C:\Users\ADMIN\AppData\Local\Android\Sdk\platform-tools;C:\Program Files\MySQL\MySQL Shell 8.0\bin\;C:\Users\ADMIN\AppData\Local\Microsoft\WindowsApps;C:\Users\ADMIN\AppData\Local\Programs\Microsoft VS Code\bin;C:\Users\ADMIN\AppData\Local\Programs\Python\Python311;C:\Users\ADMIN\AppData\Local\Programs\Python\Python311\Scripts;C:\Users\ADMIN\AppData\Roaming\npm;C:\Users\ADMIN\AppData\Local\Programs\EmEditor;C:\Users\ADMIN\AppData\Roaming\nvm;C:\Program Files\nodejs;
USERNAME=ADMIN
LANG=en_US.UTF-8
OS=Windows_NT
PROCESSOR_IDENTIFIER=AMD64 Family 23 Model 96 Stepping 1, AuthenticAMD
TMP=C:\Users\ADMIN\AppData\Local\Temp
TEMP=C:\Users\ADMIN\AppData\Local\Temp



---------------  S Y S T E M  ---------------

OS:
 Windows 10 , 64 bit Build 19041 (10.0.19041.1889)
OS uptime: 1 days 5:24 hours

CPU: total 12 (initial active 12) (12 cores per cpu, 2 threads per core) family 23 model 96 stepping 1 microcode 0x0, cx8, cmov, fxsr, ht, mmx, 3dnowpref, sse, sse2, sse3, ssse3, sse4a, sse4.1, sse4.2, popcnt, lzcnt, tsc, tscinvbit, avx, avx2, aes, clmul, bmi1, bmi2, adx, sha, fma, vzeroupper, clflush, clflushopt, rdtscp, rdpid

Memory: 4k page, system-wide physical 7579M (435M free)
TotalPageFile size 11675M (AvailPageFile size 13M)
current process WorkingSet (physical memory assigned to process): 267M, peak: 286M
current process commit charge ("private bytes"): 312M, peak: 332M

vm_info: Java HotSpot(TM) 64-Bit Server VM (19.0.1+10-21) for windows-amd64 JRE (19.0.1+10-21), built on 2022-09-14T12:45:06Z by "mach5one" with MS VC++ 17.1 (VS2022)

END.
