#
# There is insufficient memory for the Java Runtime Environment to continue.
# Native memory allocation (malloc) failed to allocate 1113744 bytes for Chunk::new
# Possible reasons:
#   The system is out of physical RAM or swap space
#   The process is running with CompressedOops enabled, and the Java Heap may be blocking the growth of the native heap
# Possible solutions:
#   Reduce memory load on the system
#   Increase physical memory or swap space
#   Check if swap backing store is full
#   Decrease Java heap size (-Xmx/-Xms)
#   Decrease number of Java threads
#   Decrease Java thread stack sizes (-Xss)
#   Set larger code cache with -XX:ReservedCodeCacheSize=
#   JVM is running with Unscaled Compressed Oops mode in which the Java heap is
#     placed in the first 4GB address space. The Java Heap base address is the
#     maximum limit for the native heap growth. Please use -XX:HeapBaseMinAddress
#     to set the Java Heap base and to place the Java Heap above 4GB virtual address.
# This output file may be truncated or incomplete.
#
#  Out of Memory Error (arena.cpp:184), pid=6572, tid=8708
#
# JRE version: Java(TM) SE Runtime Environment (19.0.1+10) (build 19.0.1+10-21)
# Java VM: Java HotSpot(TM) 64-Bit Server VM (19.0.1+10-21, mixed mode, sharing, tiered, compressed oops, compressed class ptrs, g1 gc, windows-amd64)
# No core dump will be written. Minidumps are not enabled by default on client versions of Windows
#

---------------  S U M M A R Y ------------

Command Line: org.jetbrains.kotlin.cli.jvm.K2JVMCompiler @D:\study\da_nen_tang\facebook-app-clone\node_modules\react-native-screens\android\build\20231226_9386818365873074721.compiler.options

Host: AMD Ryzen 5 4600H with Radeon Graphics         , 12 cores, 7G,  Windows 10 , 64 bit Build 19041 (10.0.19041.1889)
Time: Tue Dec 26 22:41:44 2023 SE Asia Standard Time elapsed time: 5.887013 seconds (0d 0h 0m 5s)

---------------  T H R E A D  ---------------

Current thread (0x00000154f02f0a00):  JavaThread "C2 CompilerThread2" daemon [_thread_in_native, id=8708, stack(0x000000172ea00000,0x000000172eb00000)]


Current CompileTask:
C2:   5887 5555   !   4       org.jetbrains.kotlin.metadata.ProtoBuf$Function::<init> (1410 bytes)

Stack: [0x000000172ea00000,0x000000172eb00000]
Native frames: (J=compiled Java code, j=interpreted, Vv=VM code, C=native code)
V  [jvm.dll+0x6ee8fa]
V  [jvm.dll+0x857a1e]
V  [jvm.dll+0x85940e]
V  [jvm.dll+0x859ac3]
V  [jvm.dll+0x28291f]
V  [jvm.dll+0xc9b5f]
V  [jvm.dll+0xc9ee5]
V  [jvm.dll+0x3bcbac]
V  [jvm.dll+0x1ee12a]
V  [jvm.dll+0x24c41b]
V  [jvm.dll+0x24b671]
V  [jvm.dll+0x1d6d61]
V  [jvm.dll+0x25b0fa]
V  [jvm.dll+0x259588]
V  [jvm.dll+0x807928]
V  [jvm.dll+0x8015fa]
V  [jvm.dll+0x6ed5eb]
C  [ucrtbase.dll+0x21bb2]
C  [KERNEL32.DLL+0x17034]
C  [ntdll.dll+0x526a1]


---------------  P R O C E S S  ---------------

Threads class SMR info:
_java_thread_list=0x00000154f0346cc0, length=14, elements={
0x00000154cc89e010, 0x00000154eb0301f0, 0x00000154eb030f80, 0x00000154eb032710,
0x00000154eb034050, 0x00000154eb034b20, 0x00000154eb035730, 0x00000154eb05acd0,
0x00000154eb05d660, 0x00000154eb067ff0, 0x00000154ef51b580, 0x00000154ef523970,
0x00000154ef58cf20, 0x00000154f02f0a00
}

Java Threads: ( => current thread )
  0x00000154cc89e010 JavaThread "main" [_thread_in_vm, id=12788, stack(0x000000172cc00000,0x000000172cd00000)]
  0x00000154eb0301f0 JavaThread "Reference Handler" daemon [_thread_blocked, id=11160, stack(0x000000172d300000,0x000000172d400000)]
  0x00000154eb030f80 JavaThread "Finalizer" daemon [_thread_blocked, id=3400, stack(0x000000172d400000,0x000000172d500000)]
  0x00000154eb032710 JavaThread "Signal Dispatcher" daemon [_thread_blocked, id=13608, stack(0x000000172d500000,0x000000172d600000)]
  0x00000154eb034050 JavaThread "Attach Listener" daemon [_thread_blocked, id=15352, stack(0x000000172d600000,0x000000172d700000)]
  0x00000154eb034b20 JavaThread "Service Thread" daemon [_thread_blocked, id=14208, stack(0x000000172d700000,0x000000172d800000)]
  0x00000154eb035730 JavaThread "Monitor Deflation Thread" daemon [_thread_blocked, id=16076, stack(0x000000172d800000,0x000000172d900000)]
  0x00000154eb05acd0 JavaThread "C2 CompilerThread0" daemon [_thread_in_native, id=9656, stack(0x000000172d900000,0x000000172da00000)]
  0x00000154eb05d660 JavaThread "C1 CompilerThread0" daemon [_thread_in_native, id=9612, stack(0x000000172da00000,0x000000172db00000)]
  0x00000154eb067ff0 JavaThread "Sweeper thread" daemon [_thread_blocked, id=7320, stack(0x000000172db00000,0x000000172dc00000)]
  0x00000154ef51b580 JavaThread "Notification Thread" daemon [_thread_blocked, id=10468, stack(0x000000172dc00000,0x000000172dd00000)]
  0x00000154ef523970 JavaThread "Common-Cleaner" daemon [_thread_blocked, id=8892, stack(0x000000172de00000,0x000000172df00000)]
  0x00000154ef58cf20 JavaThread "C2 CompilerThread1" daemon [_thread_in_native, id=12688, stack(0x000000172e000000,0x000000172e100000)]
=>0x00000154f02f0a00 JavaThread "C2 CompilerThread2" daemon [_thread_in_native, id=8708, stack(0x000000172ea00000,0x000000172eb00000)]

Other Threads:
  0x00000154eb015b20 VMThread "VM Thread" [stack: 0x000000172d200000,0x000000172d300000] [id=4384]
  0x00000154ef51f500 WatcherThread "VM Periodic Task Thread" [stack: 0x000000172dd00000,0x000000172de00000] [id=1772]
  0x00000154cc8fb6d0 WorkerThread "GC Thread#0" [stack: 0x000000172cd00000,0x000000172ce00000] [id=4092]
  0x00000154eb014770 WorkerThread "GC Thread#1" [stack: 0x000000172e200000,0x000000172e300000] [id=13228]
  0x00000154eb015df0 WorkerThread "GC Thread#2" [stack: 0x000000172e300000,0x000000172e400000] [id=7208]
  0x00000154eb0152b0 WorkerThread "GC Thread#3" [stack: 0x000000172e400000,0x000000172e500000] [id=13548]
  0x00000154eb015580 WorkerThread "GC Thread#4" [stack: 0x000000172e500000,0x000000172e600000] [id=12564]
  0x00000154eb014d10 WorkerThread "GC Thread#5" [stack: 0x000000172e600000,0x000000172e700000] [id=15728]
  0x00000154f0059770 WorkerThread "GC Thread#6" [stack: 0x000000172e100000,0x000000172e200000] [id=9708]
  0x00000154f0056d40 WorkerThread "GC Thread#7" [stack: 0x000000172e700000,0x000000172e800000] [id=3360]
  0x00000154f00580f0 WorkerThread "GC Thread#8" [stack: 0x000000172e800000,0x000000172e900000] [id=8332]
  0x00000154f005a850 WorkerThread "GC Thread#9" [stack: 0x000000172e900000,0x000000172ea00000] [id=10944]
  0x00000154cc90b4d0 ConcurrentGCThread "G1 Main Marker" [stack: 0x000000172ce00000,0x000000172cf00000] [id=12232]
  0x00000154cc90df10 WorkerThread "G1 Conc#0" [stack: 0x000000172cf00000,0x000000172d000000] [id=10876]
  0x00000154f00583c0 WorkerThread "G1 Conc#1" [stack: 0x000000172eb00000,0x000000172ec00000] [id=12316]
  0x00000154f0057e20 WorkerThread "G1 Conc#2" [stack: 0x000000172ec00000,0x000000172ed00000] [id=9160]
  0x00000154eaeccd30 ConcurrentGCThread "G1 Refine#0" [stack: 0x000000172d000000,0x000000172d100000] [id=15476]
  0x00000154cc95e950 ConcurrentGCThread "G1 Service" [stack: 0x000000172d100000,0x000000172d200000] [id=8104]

Threads with active compile tasks:
C2 CompilerThread0     5897 5807   !   4       java.util.zip.ZipFile$ZipFileInflaterInputStream::close (67 bytes)
C1 CompilerThread0     5897 5823       3       java.lang.invoke.InfoFromMemberName::getMethodType (8 bytes)
C2 CompilerThread1     5897 5808       4       sun.net.util.URLUtil::urlNoFragString (114 bytes)
C2 CompilerThread2     5897 5555   !   4       org.jetbrains.kotlin.metadata.ProtoBuf$Function::<init> (1410 bytes)

VM state: not at safepoint (normal execution)

VM Mutex/Monitor currently owned by a thread:  ([mutex/lock_event])
[0x00000154cc8977d0] MethodCompileQueue_lock - owner thread: 0x0000000000000000

Heap address: 0x0000000089800000, size: 1896 MB, Compressed Oops mode: 32-bit

CDS archive(s) mapped at: [0x0000000800000000-0x0000000800c40000-0x0000000800c40000), size 12845056, SharedBaseAddress: 0x0000000800000000, ArchiveRelocationMode: 0.
Compressed class space mapped at: 0x0000000801000000-0x0000000841000000, reserved size: 1073741824
Narrow klass base: 0x0000000800000000, Narrow klass shift: 0, Narrow klass range: 0x100000000

GC Precious Log:
 CardTable entry size: 512
 Card Set container configuration: InlinePtr #cards 5 size 8 Array Of Cards #cards 12 size 40 Howl #buckets 4 coarsen threshold 1843 Howl Bitmap #cards 512 size 80 coarsen threshold 460 Card regions per heap region 1 cards per card region 2048
 CPUs: 12 total, 12 available
 Memory: 7579M
 Large Page Support: Disabled
 NUMA Support: Disabled
 Compressed Oops: Enabled (32-bit)
 Heap Region Size: 1M
 Heap Min Capacity: 8M
 Heap Initial Capacity: 120M
 Heap Max Capacity: 1896M
 Pre-touch: Disabled
 Parallel Workers: 10
 Concurrent Workers: 3
 Concurrent Refinement Workers: 10
 Periodic GC: Disabled

Heap:
 garbage-first heap   total 216064K, used 49616K [0x0000000089800000, 0x0000000100000000)
  region size 1024K, 12 young (12288K), 4 survivors (4096K)
 Metaspace       used 45352K, committed 46208K, reserved 1114112K
  class space    used 5371K, committed 5824K, reserved 1048576K

Heap Regions: E=young(eden), S=young(survivor), O=old, HS=humongous(starts), HC=humongous(continues), CS=collection set, F=free, OA=open archive, CA=closed archive, TAMS=top-at-mark-start (previous, next)
|   0|0x0000000089800000, 0x0000000089900000, 0x0000000089900000|100%|HS|  |TAMS 0x0000000089900000, 0x0000000089800000| Complete 
|   1|0x0000000089900000, 0x0000000089a00000, 0x0000000089a00000|100%|HC|  |TAMS 0x0000000089a00000, 0x0000000089900000| Complete 
|   2|0x0000000089a00000, 0x0000000089b00000, 0x0000000089b00000|100%|HC|  |TAMS 0x0000000089b00000, 0x0000000089a00000| Complete 
|   3|0x0000000089b00000, 0x0000000089c00000, 0x0000000089c00000|100%| O|  |TAMS 0x0000000089c00000, 0x0000000089b00000| Untracked 
|   4|0x0000000089c00000, 0x0000000089d00000, 0x0000000089d00000|100%| O|  |TAMS 0x0000000089d00000, 0x0000000089c00000| Untracked 
|   5|0x0000000089d00000, 0x0000000089df4000, 0x0000000089e00000| 95%| O|  |TAMS 0x0000000089df4000, 0x0000000089d00000| Untracked 
|   6|0x0000000089e00000, 0x0000000089f00000, 0x0000000089f00000|100%|HS|  |TAMS 0x0000000089f00000, 0x0000000089e00000| Complete 
|   7|0x0000000089f00000, 0x000000008a000000, 0x000000008a000000|100%|HC|  |TAMS 0x000000008a000000, 0x0000000089f00000| Complete 
|   8|0x000000008a000000, 0x000000008a100000, 0x000000008a100000|100%|HC|  |TAMS 0x000000008a100000, 0x000000008a000000| Complete 
|   9|0x000000008a100000, 0x000000008a200000, 0x000000008a200000|100%| O|  |TAMS 0x000000008a200000, 0x000000008a100000| Untracked 
|  10|0x000000008a200000, 0x000000008a300000, 0x000000008a300000|100%| O|  |TAMS 0x000000008a200000, 0x000000008a200000| Untracked 
|  11|0x000000008a300000, 0x000000008a400000, 0x000000008a400000|100%| O|  |TAMS 0x000000008a400000, 0x000000008a300000| Untracked 
|  12|0x000000008a400000, 0x000000008a500000, 0x000000008a500000|100%| O|  |TAMS 0x000000008a500000, 0x000000008a400000| Untracked 
|  13|0x000000008a500000, 0x000000008a600000, 0x000000008a600000|100%| O|  |TAMS 0x000000008a600000, 0x000000008a500000| Untracked 
|  14|0x000000008a600000, 0x000000008a700000, 0x000000008a700000|100%| O|  |TAMS 0x000000008a700000, 0x000000008a600000| Untracked 
|  15|0x000000008a700000, 0x000000008a800000, 0x000000008a800000|100%| O|  |TAMS 0x000000008a800000, 0x000000008a700000| Untracked 
|  16|0x000000008a800000, 0x000000008a900000, 0x000000008a900000|100%| O|  |TAMS 0x000000008a900000, 0x000000008a800000| Untracked 
|  17|0x000000008a900000, 0x000000008aa00000, 0x000000008aa00000|100%| O|  |TAMS 0x000000008aa00000, 0x000000008a900000| Untracked 
|  18|0x000000008aa00000, 0x000000008ab00000, 0x000000008ab00000|100%|HS|  |TAMS 0x000000008aa00000, 0x000000008aa00000| Complete 
|  19|0x000000008ab00000, 0x000000008ac00000, 0x000000008ac00000|100%|HC|  |TAMS 0x000000008ab00000, 0x000000008ab00000| Complete 
|  20|0x000000008ac00000, 0x000000008ad00000, 0x000000008ad00000|100%| O|  |TAMS 0x000000008ac00000, 0x000000008ac00000| Untracked 
|  21|0x000000008ad00000, 0x000000008ae00000, 0x000000008ae00000|100%| O|  |TAMS 0x000000008ad00000, 0x000000008ad00000| Untracked 
|  22|0x000000008ae00000, 0x000000008af00000, 0x000000008af00000|100%| O|  |TAMS 0x000000008af00000, 0x000000008ae00000| Untracked 
|  23|0x000000008af00000, 0x000000008b000000, 0x000000008b000000|100%| O|  |TAMS 0x000000008b000000, 0x000000008af00000| Untracked 
|  24|0x000000008b000000, 0x000000008b100000, 0x000000008b100000|100%| O|  |TAMS 0x000000008b100000, 0x000000008b000000| Untracked 
|  25|0x000000008b100000, 0x000000008b200000, 0x000000008b200000|100%| O|  |TAMS 0x000000008b200000, 0x000000008b100000| Untracked 
|  26|0x000000008b200000, 0x000000008b300000, 0x000000008b300000|100%| O|  |TAMS 0x000000008b200000, 0x000000008b200000| Untracked 
|  27|0x000000008b300000, 0x000000008b400000, 0x000000008b400000|100%| O|  |TAMS 0x000000008b300000, 0x000000008b300000| Untracked 
|  28|0x000000008b400000, 0x000000008b500000, 0x000000008b500000|100%| O|  |TAMS 0x000000008b400000, 0x000000008b400000| Untracked 
|  29|0x000000008b500000, 0x000000008b580000, 0x000000008b600000| 50%| O|  |TAMS 0x000000008b500000, 0x000000008b500000| Untracked 
|  30|0x000000008b600000, 0x000000008b600000, 0x000000008b700000|  0%| F|  |TAMS 0x000000008b600000, 0x000000008b600000| Untracked 
|  31|0x000000008b700000, 0x000000008b700000, 0x000000008b800000|  0%| F|  |TAMS 0x000000008b700000, 0x000000008b700000| Untracked 
|  32|0x000000008b800000, 0x000000008b800000, 0x000000008b900000|  0%| F|  |TAMS 0x000000008b800000, 0x000000008b800000| Untracked 
|  33|0x000000008b900000, 0x000000008b900000, 0x000000008ba00000|  0%| F|  |TAMS 0x000000008b900000, 0x000000008b900000| Untracked 
|  34|0x000000008ba00000, 0x000000008ba00000, 0x000000008bb00000|  0%| F|  |TAMS 0x000000008ba00000, 0x000000008ba00000| Untracked 
|  35|0x000000008bb00000, 0x000000008bc00000, 0x000000008bc00000|100%| O|  |TAMS 0x000000008bb00000, 0x000000008bb00000| Untracked 
|  36|0x000000008bc00000, 0x000000008bd00000, 0x000000008bd00000|100%| O|  |TAMS 0x000000008bc00000, 0x000000008bc00000| Untracked 
|  37|0x000000008bd00000, 0x000000008be00000, 0x000000008be00000|100%| O|  |TAMS 0x000000008bd00000, 0x000000008bd00000| Untracked 
|  38|0x000000008be00000, 0x000000008bf00000, 0x000000008bf00000|100%| O|  |TAMS 0x000000008be00000, 0x000000008be00000| Untracked 
|  39|0x000000008bf00000, 0x000000008c000000, 0x000000008c000000|100%| O|  |TAMS 0x000000008bf00000, 0x000000008bf00000| Untracked 
|  40|0x000000008c000000, 0x000000008c100000, 0x000000008c100000|100%| O|  |TAMS 0x000000008c000000, 0x000000008c000000| Untracked 
|  41|0x000000008c100000, 0x000000008c100000, 0x000000008c200000|  0%| F|  |TAMS 0x000000008c100000, 0x000000008c100000| Untracked 
|  42|0x000000008c200000, 0x000000008c200000, 0x000000008c300000|  0%| F|  |TAMS 0x000000008c200000, 0x000000008c200000| Untracked 
|  43|0x000000008c300000, 0x000000008c300000, 0x000000008c400000|  0%| F|  |TAMS 0x000000008c300000, 0x000000008c300000| Untracked 
|  44|0x000000008c400000, 0x000000008c400000, 0x000000008c500000|  0%| F|  |TAMS 0x000000008c400000, 0x000000008c400000| Untracked 
|  45|0x000000008c500000, 0x000000008c500000, 0x000000008c600000|  0%| F|  |TAMS 0x000000008c500000, 0x000000008c500000| Untracked 
|  46|0x000000008c600000, 0x000000008c600000, 0x000000008c700000|  0%| F|  |TAMS 0x000000008c600000, 0x000000008c600000| Untracked 
|  47|0x000000008c700000, 0x000000008c700000, 0x000000008c800000|  0%| F|  |TAMS 0x000000008c700000, 0x000000008c700000| Untracked 
|  48|0x000000008c800000, 0x000000008c800000, 0x000000008c900000|  0%| F|  |TAMS 0x000000008c800000, 0x000000008c800000| Untracked 
|  49|0x000000008c900000, 0x000000008c900000, 0x000000008ca00000|  0%| F|  |TAMS 0x000000008c900000, 0x000000008c900000| Untracked 
|  50|0x000000008ca00000, 0x000000008ca00000, 0x000000008cb00000|  0%| F|  |TAMS 0x000000008ca00000, 0x000000008ca00000| Untracked 
|  51|0x000000008cb00000, 0x000000008cc00000, 0x000000008cc00000|100%| S|CS|TAMS 0x000000008cb00000, 0x000000008cb00000| Complete 
|  52|0x000000008cc00000, 0x000000008cd00000, 0x000000008cd00000|100%| S|CS|TAMS 0x000000008cc00000, 0x000000008cc00000| Complete 
|  53|0x000000008cd00000, 0x000000008ce00000, 0x000000008ce00000|100%| S|CS|TAMS 0x000000008cd00000, 0x000000008cd00000| Complete 
|  54|0x000000008ce00000, 0x000000008cf00000, 0x000000008cf00000|100%| S|CS|TAMS 0x000000008ce00000, 0x000000008ce00000| Complete 
|  55|0x000000008cf00000, 0x000000008cf00000, 0x000000008d000000|  0%| F|  |TAMS 0x000000008cf00000, 0x000000008cf00000| Untracked 
|  56|0x000000008d000000, 0x000000008d000000, 0x000000008d100000|  0%| F|  |TAMS 0x000000008d000000, 0x000000008d000000| Untracked 
|  57|0x000000008d100000, 0x000000008d100000, 0x000000008d200000|  0%| F|  |TAMS 0x000000008d100000, 0x000000008d100000| Untracked 
|  58|0x000000008d200000, 0x000000008d200000, 0x000000008d300000|  0%| F|  |TAMS 0x000000008d200000, 0x000000008d200000| Untracked 
|  59|0x000000008d300000, 0x000000008d300000, 0x000000008d400000|  0%| F|  |TAMS 0x000000008d300000, 0x000000008d300000| Untracked 
|  60|0x000000008d400000, 0x000000008d400000, 0x000000008d500000|  0%| F|  |TAMS 0x000000008d400000, 0x000000008d400000| Untracked 
|  61|0x000000008d500000, 0x000000008d500000, 0x000000008d600000|  0%| F|  |TAMS 0x000000008d500000, 0x000000008d500000| Untracked 
|  62|0x000000008d600000, 0x000000008d600000, 0x000000008d700000|  0%| F|  |TAMS 0x000000008d600000, 0x000000008d600000| Untracked 
|  63|0x000000008d700000, 0x000000008d700000, 0x000000008d800000|  0%| F|  |TAMS 0x000000008d700000, 0x000000008d700000| Untracked 
|  64|0x000000008d800000, 0x000000008d800000, 0x000000008d900000|  0%| F|  |TAMS 0x000000008d800000, 0x000000008d800000| Untracked 
|  65|0x000000008d900000, 0x000000008d900000, 0x000000008da00000|  0%| F|  |TAMS 0x000000008d900000, 0x000000008d900000| Untracked 
|  66|0x000000008da00000, 0x000000008da00000, 0x000000008db00000|  0%| F|  |TAMS 0x000000008da00000, 0x000000008da00000| Untracked 
|  67|0x000000008db00000, 0x000000008db00000, 0x000000008dc00000|  0%| F|  |TAMS 0x000000008db00000, 0x000000008db00000| Untracked 
|  68|0x000000008dc00000, 0x000000008dc00000, 0x000000008dd00000|  0%| F|  |TAMS 0x000000008dc00000, 0x000000008dc00000| Untracked 
|  69|0x000000008dd00000, 0x000000008dd00000, 0x000000008de00000|  0%| F|  |TAMS 0x000000008dd00000, 0x000000008dd00000| Untracked 
|  70|0x000000008de00000, 0x000000008de00000, 0x000000008df00000|  0%| F|  |TAMS 0x000000008de00000, 0x000000008de00000| Untracked 
|  71|0x000000008df00000, 0x000000008df00000, 0x000000008e000000|  0%| F|  |TAMS 0x000000008df00000, 0x000000008df00000| Untracked 
|  72|0x000000008e000000, 0x000000008e000000, 0x000000008e100000|  0%| F|  |TAMS 0x000000008e000000, 0x000000008e000000| Untracked 
|  73|0x000000008e100000, 0x000000008e100000, 0x000000008e200000|  0%| F|  |TAMS 0x000000008e100000, 0x000000008e100000| Untracked 
|  74|0x000000008e200000, 0x000000008e200000, 0x000000008e300000|  0%| F|  |TAMS 0x000000008e200000, 0x000000008e200000| Untracked 
|  75|0x000000008e300000, 0x000000008e300000, 0x000000008e400000|  0%| F|  |TAMS 0x000000008e300000, 0x000000008e300000| Untracked 
|  76|0x000000008e400000, 0x000000008e400000, 0x000000008e500000|  0%| F|  |TAMS 0x000000008e400000, 0x000000008e400000| Untracked 
|  77|0x000000008e500000, 0x000000008e500000, 0x000000008e600000|  0%| F|  |TAMS 0x000000008e500000, 0x000000008e500000| Untracked 
|  78|0x000000008e600000, 0x000000008e600000, 0x000000008e700000|  0%| F|  |TAMS 0x000000008e600000, 0x000000008e600000| Untracked 
|  79|0x000000008e700000, 0x000000008e700000, 0x000000008e800000|  0%| F|  |TAMS 0x000000008e700000, 0x000000008e700000| Untracked 
|  80|0x000000008e800000, 0x000000008e800000, 0x000000008e900000|  0%| F|  |TAMS 0x000000008e800000, 0x000000008e800000| Untracked 
|  81|0x000000008e900000, 0x000000008e900000, 0x000000008ea00000|  0%| F|  |TAMS 0x000000008e900000, 0x000000008e900000| Untracked 
|  82|0x000000008ea00000, 0x000000008ea00000, 0x000000008eb00000|  0%| F|  |TAMS 0x000000008ea00000, 0x000000008ea00000| Untracked 
|  83|0x000000008eb00000, 0x000000008eb00000, 0x000000008ec00000|  0%| F|  |TAMS 0x000000008eb00000, 0x000000008eb00000| Untracked 
|  84|0x000000008ec00000, 0x000000008ec00000, 0x000000008ed00000|  0%| F|  |TAMS 0x000000008ec00000, 0x000000008ec00000| Untracked 
|  85|0x000000008ed00000, 0x000000008ed00000, 0x000000008ee00000|  0%| F|  |TAMS 0x000000008ed00000, 0x000000008ed00000| Untracked 
|  86|0x000000008ee00000, 0x000000008ee00000, 0x000000008ef00000|  0%| F|  |TAMS 0x000000008ee00000, 0x000000008ee00000| Untracked 
|  87|0x000000008ef00000, 0x000000008ef00000, 0x000000008f000000|  0%| F|  |TAMS 0x000000008ef00000, 0x000000008ef00000| Untracked 
|  88|0x000000008f000000, 0x000000008f000000, 0x000000008f100000|  0%| F|  |TAMS 0x000000008f000000, 0x000000008f000000| Untracked 
|  89|0x000000008f100000, 0x000000008f100000, 0x000000008f200000|  0%| F|  |TAMS 0x000000008f100000, 0x000000008f100000| Untracked 
|  90|0x000000008f200000, 0x000000008f200000, 0x000000008f300000|  0%| F|  |TAMS 0x000000008f200000, 0x000000008f200000| Untracked 
|  91|0x000000008f300000, 0x000000008f300000, 0x000000008f400000|  0%| F|  |TAMS 0x000000008f300000, 0x000000008f300000| Untracked 
|  92|0x000000008f400000, 0x000000008f400000, 0x000000008f500000|  0%| F|  |TAMS 0x000000008f400000, 0x000000008f400000| Untracked 
|  93|0x000000008f500000, 0x000000008f500000, 0x000000008f600000|  0%| F|  |TAMS 0x000000008f500000, 0x000000008f500000| Untracked 
|  94|0x000000008f600000, 0x000000008f600000, 0x000000008f700000|  0%| F|  |TAMS 0x000000008f600000, 0x000000008f600000| Untracked 
|  95|0x000000008f700000, 0x000000008f700000, 0x000000008f800000|  0%| F|  |TAMS 0x000000008f700000, 0x000000008f700000| Untracked 
|  96|0x000000008f800000, 0x000000008f800000, 0x000000008f900000|  0%| F|  |TAMS 0x000000008f800000, 0x000000008f800000| Untracked 
|  97|0x000000008f900000, 0x000000008f900000, 0x000000008fa00000|  0%| F|  |TAMS 0x000000008f900000, 0x000000008f900000| Untracked 
|  98|0x000000008fa00000, 0x000000008fa00000, 0x000000008fb00000|  0%| F|  |TAMS 0x000000008fa00000, 0x000000008fa00000| Untracked 
|  99|0x000000008fb00000, 0x000000008fb00000, 0x000000008fc00000|  0%| F|  |TAMS 0x000000008fb00000, 0x000000008fb00000| Untracked 
| 100|0x000000008fc00000, 0x000000008fc00000, 0x000000008fd00000|  0%| F|  |TAMS 0x000000008fc00000, 0x000000008fc00000| Untracked 
| 101|0x000000008fd00000, 0x000000008fd00000, 0x000000008fe00000|  0%| F|  |TAMS 0x000000008fd00000, 0x000000008fd00000| Untracked 
| 102|0x000000008fe00000, 0x000000008fe00000, 0x000000008ff00000|  0%| F|  |TAMS 0x000000008fe00000, 0x000000008fe00000| Untracked 
| 103|0x000000008ff00000, 0x000000008ff00000, 0x0000000090000000|  0%| F|  |TAMS 0x000000008ff00000, 0x000000008ff00000| Untracked 
| 104|0x0000000090000000, 0x0000000090000000, 0x0000000090100000|  0%| F|  |TAMS 0x0000000090000000, 0x0000000090000000| Untracked 
| 105|0x0000000090100000, 0x0000000090100000, 0x0000000090200000|  0%| F|  |TAMS 0x0000000090100000, 0x0000000090100000| Untracked 
| 106|0x0000000090200000, 0x0000000090200000, 0x0000000090300000|  0%| F|  |TAMS 0x0000000090200000, 0x0000000090200000| Untracked 
| 107|0x0000000090300000, 0x0000000090300000, 0x0000000090400000|  0%| F|  |TAMS 0x0000000090300000, 0x0000000090300000| Untracked 
| 108|0x0000000090400000, 0x0000000090400000, 0x0000000090500000|  0%| F|  |TAMS 0x0000000090400000, 0x0000000090400000| Untracked 
| 109|0x0000000090500000, 0x0000000090500000, 0x0000000090600000|  0%| F|  |TAMS 0x0000000090500000, 0x0000000090500000| Untracked 
| 110|0x0000000090600000, 0x0000000090600000, 0x0000000090700000|  0%| F|  |TAMS 0x0000000090600000, 0x0000000090600000| Untracked 
| 111|0x0000000090700000, 0x0000000090700000, 0x0000000090800000|  0%| F|  |TAMS 0x0000000090700000, 0x0000000090700000| Untracked 
| 112|0x0000000090800000, 0x0000000090800000, 0x0000000090900000|  0%| F|  |TAMS 0x0000000090800000, 0x0000000090800000| Untracked 
| 113|0x0000000090900000, 0x0000000090900000, 0x0000000090a00000|  0%| F|  |TAMS 0x0000000090900000, 0x0000000090900000| Untracked 
| 114|0x0000000090a00000, 0x0000000090a00000, 0x0000000090b00000|  0%| F|  |TAMS 0x0000000090a00000, 0x0000000090a00000| Untracked 
| 115|0x0000000090b00000, 0x0000000090b00000, 0x0000000090c00000|  0%| F|  |TAMS 0x0000000090b00000, 0x0000000090b00000| Untracked 
| 116|0x0000000090c00000, 0x0000000090c00000, 0x0000000090d00000|  0%| F|  |TAMS 0x0000000090c00000, 0x0000000090c00000| Untracked 
| 117|0x0000000090d00000, 0x0000000090d00000, 0x0000000090e00000|  0%| F|  |TAMS 0x0000000090d00000, 0x0000000090d00000| Untracked 
| 118|0x0000000090e00000, 0x0000000090e00000, 0x0000000090f00000|  0%| F|  |TAMS 0x0000000090e00000, 0x0000000090e00000| Untracked 
| 119|0x0000000090f00000, 0x0000000090f00000, 0x0000000091000000|  0%| F|  |TAMS 0x0000000090f00000, 0x0000000090f00000| Untracked 
| 120|0x0000000091000000, 0x0000000091000000, 0x0000000091100000|  0%| F|  |TAMS 0x0000000091000000, 0x0000000091000000| Untracked 
| 121|0x0000000091100000, 0x0000000091100000, 0x0000000091200000|  0%| F|  |TAMS 0x0000000091100000, 0x0000000091100000| Untracked 
| 122|0x0000000091200000, 0x0000000091200000, 0x0000000091300000|  0%| F|  |TAMS 0x0000000091200000, 0x0000000091200000| Untracked 
| 123|0x0000000091300000, 0x0000000091300000, 0x0000000091400000|  0%| F|  |TAMS 0x0000000091300000, 0x0000000091300000| Untracked 
| 124|0x0000000091400000, 0x0000000091400000, 0x0000000091500000|  0%| F|  |TAMS 0x0000000091400000, 0x0000000091400000| Untracked 
| 125|0x0000000091500000, 0x0000000091500000, 0x0000000091600000|  0%| F|  |TAMS 0x0000000091500000, 0x0000000091500000| Untracked 
| 126|0x0000000091600000, 0x0000000091600000, 0x0000000091700000|  0%| F|  |TAMS 0x0000000091600000, 0x0000000091600000| Untracked 
| 127|0x0000000091700000, 0x0000000091700000, 0x0000000091800000|  0%| F|  |TAMS 0x0000000091700000, 0x0000000091700000| Untracked 
| 128|0x0000000091800000, 0x0000000091800000, 0x0000000091900000|  0%| F|  |TAMS 0x0000000091800000, 0x0000000091800000| Untracked 
| 129|0x0000000091900000, 0x0000000091900000, 0x0000000091a00000|  0%| F|  |TAMS 0x0000000091900000, 0x0000000091900000| Untracked 
| 130|0x0000000091a00000, 0x0000000091a00000, 0x0000000091b00000|  0%| F|  |TAMS 0x0000000091a00000, 0x0000000091a00000| Untracked 
| 131|0x0000000091b00000, 0x0000000091b00000, 0x0000000091c00000|  0%| F|  |TAMS 0x0000000091b00000, 0x0000000091b00000| Untracked 
| 132|0x0000000091c00000, 0x0000000091c00000, 0x0000000091d00000|  0%| F|  |TAMS 0x0000000091c00000, 0x0000000091c00000| Untracked 
| 133|0x0000000091d00000, 0x0000000091d00000, 0x0000000091e00000|  0%| F|  |TAMS 0x0000000091d00000, 0x0000000091d00000| Untracked 
| 134|0x0000000091e00000, 0x0000000091e00000, 0x0000000091f00000|  0%| F|  |TAMS 0x0000000091e00000, 0x0000000091e00000| Untracked 
| 135|0x0000000091f00000, 0x0000000091f00000, 0x0000000092000000|  0%| F|  |TAMS 0x0000000091f00000, 0x0000000091f00000| Untracked 
| 136|0x0000000092000000, 0x0000000092000000, 0x0000000092100000|  0%| F|  |TAMS 0x0000000092000000, 0x0000000092000000| Untracked 
| 137|0x0000000092100000, 0x0000000092100000, 0x0000000092200000|  0%| F|  |TAMS 0x0000000092100000, 0x0000000092100000| Untracked 
| 138|0x0000000092200000, 0x0000000092200000, 0x0000000092300000|  0%| F|  |TAMS 0x0000000092200000, 0x0000000092200000| Untracked 
| 139|0x0000000092300000, 0x0000000092300000, 0x0000000092400000|  0%| F|  |TAMS 0x0000000092300000, 0x0000000092300000| Untracked 
| 140|0x0000000092400000, 0x0000000092400000, 0x0000000092500000|  0%| F|  |TAMS 0x0000000092400000, 0x0000000092400000| Untracked 
| 141|0x0000000092500000, 0x0000000092500000, 0x0000000092600000|  0%| F|  |TAMS 0x0000000092500000, 0x0000000092500000| Untracked 
| 142|0x0000000092600000, 0x0000000092600000, 0x0000000092700000|  0%| F|  |TAMS 0x0000000092600000, 0x0000000092600000| Untracked 
| 143|0x0000000092700000, 0x0000000092700000, 0x0000000092800000|  0%| F|  |TAMS 0x0000000092700000, 0x0000000092700000| Untracked 
| 144|0x0000000092800000, 0x0000000092800000, 0x0000000092900000|  0%| F|  |TAMS 0x0000000092800000, 0x0000000092800000| Untracked 
| 145|0x0000000092900000, 0x0000000092900000, 0x0000000092a00000|  0%| F|  |TAMS 0x0000000092900000, 0x0000000092900000| Untracked 
| 146|0x0000000092a00000, 0x0000000092a00000, 0x0000000092b00000|  0%| F|  |TAMS 0x0000000092a00000, 0x0000000092a00000| Untracked 
| 147|0x0000000092b00000, 0x0000000092b00000, 0x0000000092c00000|  0%| F|  |TAMS 0x0000000092b00000, 0x0000000092b00000| Untracked 
| 148|0x0000000092c00000, 0x0000000092c00000, 0x0000000092d00000|  0%| F|  |TAMS 0x0000000092c00000, 0x0000000092c00000| Untracked 
| 149|0x0000000092d00000, 0x0000000092d00000, 0x0000000092e00000|  0%| F|  |TAMS 0x0000000092d00000, 0x0000000092d00000| Untracked 
| 150|0x0000000092e00000, 0x0000000092e00000, 0x0000000092f00000|  0%| F|  |TAMS 0x0000000092e00000, 0x0000000092e00000| Untracked 
| 151|0x0000000092f00000, 0x0000000092f00000, 0x0000000093000000|  0%| F|  |TAMS 0x0000000092f00000, 0x0000000092f00000| Untracked 
| 152|0x0000000093000000, 0x0000000093000000, 0x0000000093100000|  0%| F|  |TAMS 0x0000000093000000, 0x0000000093000000| Untracked 
| 153|0x0000000093100000, 0x0000000093100000, 0x0000000093200000|  0%| F|  |TAMS 0x0000000093100000, 0x0000000093100000| Untracked 
| 154|0x0000000093200000, 0x0000000093200000, 0x0000000093300000|  0%| F|  |TAMS 0x0000000093200000, 0x0000000093200000| Untracked 
| 155|0x0000000093300000, 0x0000000093300000, 0x0000000093400000|  0%| F|  |TAMS 0x0000000093300000, 0x0000000093300000| Untracked 
| 156|0x0000000093400000, 0x0000000093400000, 0x0000000093500000|  0%| F|  |TAMS 0x0000000093400000, 0x0000000093400000| Untracked 
| 157|0x0000000093500000, 0x0000000093500000, 0x0000000093600000|  0%| F|  |TAMS 0x0000000093500000, 0x0000000093500000| Untracked 
| 158|0x0000000093600000, 0x0000000093600000, 0x0000000093700000|  0%| F|  |TAMS 0x0000000093600000, 0x0000000093600000| Untracked 
| 159|0x0000000093700000, 0x0000000093700000, 0x0000000093800000|  0%| F|  |TAMS 0x0000000093700000, 0x0000000093700000| Untracked 
| 160|0x0000000093800000, 0x0000000093800000, 0x0000000093900000|  0%| F|  |TAMS 0x0000000093800000, 0x0000000093800000| Untracked 
| 161|0x0000000093900000, 0x0000000093900000, 0x0000000093a00000|  0%| F|  |TAMS 0x0000000093900000, 0x0000000093900000| Untracked 
| 162|0x0000000093a00000, 0x0000000093a00000, 0x0000000093b00000|  0%| F|  |TAMS 0x0000000093a00000, 0x0000000093a00000| Untracked 
| 163|0x0000000093b00000, 0x0000000093b00000, 0x0000000093c00000|  0%| F|  |TAMS 0x0000000093b00000, 0x0000000093b00000| Untracked 
| 164|0x0000000093c00000, 0x0000000093c00000, 0x0000000093d00000|  0%| F|  |TAMS 0x0000000093c00000, 0x0000000093c00000| Untracked 
| 165|0x0000000093d00000, 0x0000000093d00000, 0x0000000093e00000|  0%| F|  |TAMS 0x0000000093d00000, 0x0000000093d00000| Untracked 
| 166|0x0000000093e00000, 0x0000000093e00000, 0x0000000093f00000|  0%| F|  |TAMS 0x0000000093e00000, 0x0000000093e00000| Untracked 
| 167|0x0000000093f00000, 0x0000000093f00000, 0x0000000094000000|  0%| F|  |TAMS 0x0000000093f00000, 0x0000000093f00000| Untracked 
| 168|0x0000000094000000, 0x0000000094000000, 0x0000000094100000|  0%| F|  |TAMS 0x0000000094000000, 0x0000000094000000| Untracked 
| 169|0x0000000094100000, 0x0000000094100000, 0x0000000094200000|  0%| F|  |TAMS 0x0000000094100000, 0x0000000094100000| Untracked 
| 170|0x0000000094200000, 0x0000000094200000, 0x0000000094300000|  0%| F|  |TAMS 0x0000000094200000, 0x0000000094200000| Untracked 
| 171|0x0000000094300000, 0x0000000094300000, 0x0000000094400000|  0%| F|  |TAMS 0x0000000094300000, 0x0000000094300000| Untracked 
| 172|0x0000000094400000, 0x0000000094400000, 0x0000000094500000|  0%| F|  |TAMS 0x0000000094400000, 0x0000000094400000| Untracked 
| 173|0x0000000094500000, 0x0000000094500000, 0x0000000094600000|  0%| F|  |TAMS 0x0000000094500000, 0x0000000094500000| Untracked 
| 174|0x0000000094600000, 0x0000000094600000, 0x0000000094700000|  0%| F|  |TAMS 0x0000000094600000, 0x0000000094600000| Untracked 
| 175|0x0000000094700000, 0x0000000094700000, 0x0000000094800000|  0%| F|  |TAMS 0x0000000094700000, 0x0000000094700000| Untracked 
| 176|0x0000000094800000, 0x0000000094800000, 0x0000000094900000|  0%| F|  |TAMS 0x0000000094800000, 0x0000000094800000| Untracked 
| 177|0x0000000094900000, 0x0000000094900000, 0x0000000094a00000|  0%| F|  |TAMS 0x0000000094900000, 0x0000000094900000| Untracked 
| 178|0x0000000094a00000, 0x0000000094a00000, 0x0000000094b00000|  0%| F|  |TAMS 0x0000000094a00000, 0x0000000094a00000| Untracked 
| 179|0x0000000094b00000, 0x0000000094b00000, 0x0000000094c00000|  0%| F|  |TAMS 0x0000000094b00000, 0x0000000094b00000| Untracked 
| 180|0x0000000094c00000, 0x0000000094c00000, 0x0000000094d00000|  0%| F|  |TAMS 0x0000000094c00000, 0x0000000094c00000| Untracked 
| 181|0x0000000094d00000, 0x0000000094d00000, 0x0000000094e00000|  0%| F|  |TAMS 0x0000000094d00000, 0x0000000094d00000| Untracked 
| 182|0x0000000094e00000, 0x0000000094e00000, 0x0000000094f00000|  0%| F|  |TAMS 0x0000000094e00000, 0x0000000094e00000| Untracked 
| 183|0x0000000094f00000, 0x0000000094f00000, 0x0000000095000000|  0%| F|  |TAMS 0x0000000094f00000, 0x0000000094f00000| Untracked 
| 184|0x0000000095000000, 0x0000000095000000, 0x0000000095100000|  0%| F|  |TAMS 0x0000000095000000, 0x0000000095000000| Untracked 
| 185|0x0000000095100000, 0x0000000095100000, 0x0000000095200000|  0%| F|  |TAMS 0x0000000095100000, 0x0000000095100000| Untracked 
| 186|0x0000000095200000, 0x0000000095200000, 0x0000000095300000|  0%| F|  |TAMS 0x0000000095200000, 0x0000000095200000| Untracked 
| 187|0x0000000095300000, 0x0000000095300000, 0x0000000095400000|  0%| F|  |TAMS 0x0000000095300000, 0x0000000095300000| Untracked 
| 188|0x0000000095400000, 0x0000000095400000, 0x0000000095500000|  0%| F|  |TAMS 0x0000000095400000, 0x0000000095400000| Untracked 
| 189|0x0000000095500000, 0x0000000095500000, 0x0000000095600000|  0%| F|  |TAMS 0x0000000095500000, 0x0000000095500000| Untracked 
| 190|0x0000000095600000, 0x0000000095600000, 0x0000000095700000|  0%| F|  |TAMS 0x0000000095600000, 0x0000000095600000| Untracked 
| 191|0x0000000095700000, 0x0000000095700000, 0x0000000095800000|  0%| F|  |TAMS 0x0000000095700000, 0x0000000095700000| Untracked 
| 192|0x0000000095800000, 0x0000000095800000, 0x0000000095900000|  0%| F|  |TAMS 0x0000000095800000, 0x0000000095800000| Untracked 
| 193|0x0000000095900000, 0x0000000095900000, 0x0000000095a00000|  0%| F|  |TAMS 0x0000000095900000, 0x0000000095900000| Untracked 
| 194|0x0000000095a00000, 0x0000000095a00000, 0x0000000095b00000|  0%| F|  |TAMS 0x0000000095a00000, 0x0000000095a00000| Untracked 
| 195|0x0000000095b00000, 0x0000000095b00000, 0x0000000095c00000|  0%| F|  |TAMS 0x0000000095b00000, 0x0000000095b00000| Untracked 
| 196|0x0000000095c00000, 0x0000000095c00000, 0x0000000095d00000|  0%| F|  |TAMS 0x0000000095c00000, 0x0000000095c00000| Untracked 
| 197|0x0000000095d00000, 0x0000000095d00000, 0x0000000095e00000|  0%| F|  |TAMS 0x0000000095d00000, 0x0000000095d00000| Untracked 
| 198|0x0000000095e00000, 0x0000000095e00000, 0x0000000095f00000|  0%| F|  |TAMS 0x0000000095e00000, 0x0000000095e00000| Untracked 
| 199|0x0000000095f00000, 0x0000000095f00000, 0x0000000096000000|  0%| F|  |TAMS 0x0000000095f00000, 0x0000000095f00000| Untracked 
| 200|0x0000000096000000, 0x0000000096000000, 0x0000000096100000|  0%| F|  |TAMS 0x0000000096000000, 0x0000000096000000| Untracked 
| 201|0x0000000096100000, 0x0000000096200000, 0x0000000096200000|100%| E|  |TAMS 0x0000000096100000, 0x0000000096100000| Complete 
| 202|0x0000000096200000, 0x0000000096300000, 0x0000000096300000|100%| E|CS|TAMS 0x0000000096200000, 0x0000000096200000| Complete 
| 203|0x0000000096300000, 0x0000000096400000, 0x0000000096400000|100%| E|CS|TAMS 0x0000000096300000, 0x0000000096300000| Complete 
| 204|0x0000000096400000, 0x0000000096500000, 0x0000000096500000|100%| E|CS|TAMS 0x0000000096400000, 0x0000000096400000| Complete 
| 205|0x0000000096500000, 0x0000000096600000, 0x0000000096600000|100%| E|CS|TAMS 0x0000000096500000, 0x0000000096500000| Complete 
| 206|0x0000000096600000, 0x0000000096700000, 0x0000000096700000|100%| E|CS|TAMS 0x0000000096600000, 0x0000000096600000| Complete 
| 207|0x0000000096700000, 0x0000000096800000, 0x0000000096800000|100%| E|CS|TAMS 0x0000000096700000, 0x0000000096700000| Complete 
| 208|0x0000000096800000, 0x0000000096900000, 0x0000000096900000|100%| E|CS|TAMS 0x0000000096800000, 0x0000000096800000| Complete 
|1894|0x00000000ffe00000, 0x00000000fff00000, 0x00000000fff00000|100%| O|  |TAMS 0x00000000ffe00000, 0x00000000ffe00000| Untracked 
|1895|0x00000000fff00000, 0x0000000100000000, 0x0000000100000000|100%| O|  |TAMS 0x00000000fff00000, 0x00000000fff00000| Untracked 

Card table byte_map: [0x00000154e4110000,0x00000154e44d0000] _byte_map_base: 0x00000154e3cc4000

Marking Bits (Prev, Next): (CMBitMap*) 0x00000154cc8fbd00, (CMBitMap*) 0x00000154cc8fbd40
 Prev Bits: [0x00000154e4890000, 0x00000154e6630000)
 Next Bits: [0x00000154e6630000, 0x00000154e83d0000)

Polling page: 0x00000154ca850000

Metaspace:

Usage:
  Non-class:     39.06 MB used.
      Class:      5.25 MB used.
       Both:     44.31 MB used.

Virtual space:
  Non-class space:       64.00 MB reserved,      39.44 MB ( 62%) committed,  1 nodes.
      Class space:        1.00 GB reserved,       5.69 MB ( <1%) committed,  1 nodes.
             Both:        1.06 GB reserved,      45.12 MB (  4%) committed. 

Chunk freelists:
   Non-Class:  416.00 KB
       Class:  2.36 MB
        Both:  2.77 MB

MaxMetaspaceSize: unlimited
CompressedClassSpaceSize: 1.00 GB
Initial GC threshold: 21.00 MB
Current GC threshold: 58.75 MB
CDS: on
MetaspaceReclaimPolicy: balanced
 - commit_granule_bytes: 65536.
 - commit_granule_words: 8192.
 - virtual_space_node_default_size: 8388608.
 - enlarge_chunks_in_place: 1.
 - new_chunks_are_fully_committed: 0.
 - uncommit_free_chunks: 1.
 - use_allocation_guard: 0.


Internal statistics:

num_allocs_failed_limit: 6.
num_arena_births: 1266.
num_arena_deaths: 0.
num_vsnodes_births: 2.
num_vsnodes_deaths: 0.
num_space_committed: 720.
num_space_uncommitted: 0.
num_chunks_returned_to_freelist: 6.
num_chunks_taken_from_freelist: 3108.
num_chunk_merges: 6.
num_chunk_splits: 2232.
num_chunks_enlarged: 1573.
num_inconsistent_stats: 0.

CodeHeap 'non-profiled nmethods': size=120000Kb used=2953Kb max_used=2953Kb free=117046Kb
 bounds [0x00000154dc2d0000, 0x00000154dc5c0000, 0x00000154e3800000]
CodeHeap 'profiled nmethods': size=120000Kb used=12308Kb max_used=12308Kb free=107692Kb
 bounds [0x00000154d4800000, 0x00000154d5410000, 0x00000154dbd30000]
CodeHeap 'non-nmethods': size=5760Kb used=1407Kb max_used=1453Kb free=4352Kb
 bounds [0x00000154dbd30000, 0x00000154dbfa0000, 0x00000154dc2d0000]
 total_blobs=6444 nmethods=5819 adapters=533
 compilation: enabled
              stopped_count=0, restarted_count=0
 full_count=0

Compilation events (20 events):
Event: 5.847 Thread 0x00000154eb05d660 5800       3       org.jetbrains.kotlin.resolve.scopes.receivers.QualifierKt::getExpression (36 bytes)
Event: 5.847 Thread 0x00000154eb05d660 nmethod 5800 0x00000154d53f8590 code [0x00000154d53f87e0, 0x00000154d53f91a8]
Event: 5.847 Thread 0x00000154eb05d660 5801       3       org.jetbrains.kotlin.psi.psiUtil.KtPsiUtilKt::getTopmostParentQualifiedExpressionForSelector (36 bytes)
Event: 5.848 Thread 0x00000154eb05d660 nmethod 5801 0x00000154d53f9490 code [0x00000154d53f96e0, 0x00000154d53f9f78]
Event: 5.848 Thread 0x00000154eb05d660 5802       3       java.util.AbstractList$SubList$1::hasPrevious (13 bytes)
Event: 5.848 Thread 0x00000154eb05d660 nmethod 5802 0x00000154d53fa210 code [0x00000154d53fa3c0, 0x00000154d53fa668]
Event: 5.848 Thread 0x00000154eb05d660 5803       3       java.util.AbstractList$SubList$1::previousIndex (18 bytes)
Event: 5.848 Thread 0x00000154eb05d660 nmethod 5803 0x00000154d53fa790 code [0x00000154d53fa940, 0x00000154d53fab28]
Event: 5.848 Thread 0x00000154eb05d660 5804       3       java.util.AbstractList$ListItr::previousIndex (7 bytes)
Event: 5.848 Thread 0x00000154eb05d660 nmethod 5804 0x00000154d53fac10 code [0x00000154d53fada0, 0x00000154d53faeb8]
Event: 5.848 Thread 0x00000154eb05d660 5805       1       org.jetbrains.kotlin.load.java.lazy.JavaResolverComponents::getJavaTypeEnhancementState (5 bytes)
Event: 5.848 Thread 0x00000154eb05d660 nmethod 5805 0x00000154dc5af390 code [0x00000154dc5af520, 0x00000154dc5af5d8]
Event: 5.848 Thread 0x00000154eb05acd0 nmethod 5798 0x00000154dc5af690 code [0x00000154dc5af820, 0x00000154dc5afad8]
Event: 5.848 Thread 0x00000154eb05acd0 5799       4       java.util.concurrent.locks.ReentrantLock$Sync::tryLockNanos (36 bytes)
Event: 5.850 Thread 0x00000154eb05acd0 nmethod 5799 0x00000154dc5afd10 code [0x00000154dc5afea0, 0x00000154dc5b0098]
Event: 5.851 Thread 0x00000154ef58cf20 nmethod 5776 0x00000154dc5b0210 code [0x00000154dc5b04c0, 0x00000154dc5b14f0]
Event: 5.856 Thread 0x00000154eb05d660 5806       1       java.lang.invoke.MethodHandle::internalForm (5 bytes)
Event: 5.856 Thread 0x00000154eb05d660 nmethod 5806 0x00000154dc5b2410 code [0x00000154dc5b25a0, 0x00000154dc5b2658]
Event: 5.859 Thread 0x00000154eb05acd0 5807   !   4       java.util.zip.ZipFile$ZipFileInflaterInputStream::close (67 bytes)
Event: 5.869 Thread 0x00000154ef58cf20 5808       4       sun.net.util.URLUtil::urlNoFragString (114 bytes)

GC Heap History (20 events):
Event: 1.291 GC heap before
{Heap before GC invocations=1 (full 0):
 garbage-first heap   total 122880K, used 40736K [0x0000000089800000, 0x0000000100000000)
  region size 1024K, 37 young (37888K), 3 survivors (3072K)
 Metaspace       used 14781K, committed 15040K, reserved 1114112K
  class space    used 1649K, committed 1792K, reserved 1048576K
}
Event: 1.306 GC heap after
{Heap after GC invocations=2 (full 0):
 garbage-first heap   total 122880K, used 9592K [0x0000000089800000, 0x0000000100000000)
  region size 1024K, 4 young (4096K), 4 survivors (4096K)
 Metaspace       used 14781K, committed 15040K, reserved 1114112K
  class space    used 1649K, committed 1792K, reserved 1048576K
}
Event: 1.794 GC heap before
{Heap before GC invocations=2 (full 0):
 garbage-first heap   total 122880K, used 35192K [0x0000000089800000, 0x0000000100000000)
  region size 1024K, 27 young (27648K), 4 survivors (4096K)
 Metaspace       used 21243K, committed 21504K, reserved 1114112K
  class space    used 2576K, committed 2688K, reserved 1048576K
}
Event: 1.801 GC heap after
{Heap after GC invocations=3 (full 0):
 garbage-first heap   total 122880K, used 14930K [0x0000000089800000, 0x0000000100000000)
  region size 1024K, 6 young (6144K), 6 survivors (6144K)
 Metaspace       used 21243K, committed 21504K, reserved 1114112K
  class space    used 2576K, committed 2688K, reserved 1048576K
}
Event: 2.316 GC heap before
{Heap before GC invocations=4 (full 0):
 garbage-first heap   total 55296K, used 42578K [0x0000000089800000, 0x0000000100000000)
  region size 1024K, 32 young (32768K), 6 survivors (6144K)
 Metaspace       used 25489K, committed 25728K, reserved 1114112K
  class space    used 3344K, committed 3456K, reserved 1048576K
}
Event: 2.335 GC heap after
{Heap after GC invocations=5 (full 0):
 garbage-first heap   total 55296K, used 21147K [0x0000000089800000, 0x0000000100000000)
  region size 1024K, 4 young (4096K), 4 survivors (4096K)
 Metaspace       used 25489K, committed 25728K, reserved 1114112K
  class space    used 3344K, committed 3456K, reserved 1048576K
}
Event: 2.352 GC heap before
{Heap before GC invocations=5 (full 0):
 garbage-first heap   total 55296K, used 22171K [0x0000000089800000, 0x0000000100000000)
  region size 1024K, 5 young (5120K), 4 survivors (4096K)
 Metaspace       used 25816K, committed 26112K, reserved 1114112K
  class space    used 3380K, committed 3520K, reserved 1048576K
}
Event: 2.359 GC heap after
{Heap after GC invocations=6 (full 0):
 garbage-first heap   total 55296K, used 22099K [0x0000000089800000, 0x0000000100000000)
  region size 1024K, 1 young (1024K), 1 survivors (1024K)
 Metaspace       used 25816K, committed 26112K, reserved 1114112K
  class space    used 3380K, committed 3520K, reserved 1048576K
}
Event: 2.718 GC heap before
{Heap before GC invocations=6 (full 0):
 garbage-first heap   total 55296K, used 40531K [0x0000000089800000, 0x0000000100000000)
  region size 1024K, 20 young (20480K), 1 survivors (1024K)
 Metaspace       used 29421K, committed 29696K, reserved 1114112K
  class space    used 3748K, committed 3904K, reserved 1048576K
}
Event: 2.723 GC heap after
{Heap after GC invocations=7 (full 0):
 garbage-first heap   total 55296K, used 22023K [0x0000000089800000, 0x0000000100000000)
  region size 1024K, 3 young (3072K), 3 survivors (3072K)
 Metaspace       used 29421K, committed 29696K, reserved 1114112K
  class space    used 3748K, committed 3904K, reserved 1048576K
}
Event: 2.984 GC heap before
{Heap before GC invocations=7 (full 0):
 garbage-first heap   total 55296K, used 39431K [0x0000000089800000, 0x0000000100000000)
  region size 1024K, 21 young (21504K), 3 survivors (3072K)
 Metaspace       used 32773K, committed 33216K, reserved 1114112K
  class space    used 4065K, committed 4288K, reserved 1048576K
}
Event: 2.990 GC heap after
{Heap after GC invocations=8 (full 0):
 garbage-first heap   total 107520K, used 24064K [0x0000000089800000, 0x0000000100000000)
  region size 1024K, 2 young (2048K), 2 survivors (2048K)
 Metaspace       used 32773K, committed 33216K, reserved 1114112K
  class space    used 4065K, committed 4288K, reserved 1048576K
}
Event: 3.285 GC heap before
{Heap before GC invocations=8 (full 0):
 garbage-first heap   total 107520K, used 39424K [0x0000000089800000, 0x0000000100000000)
  region size 1024K, 18 young (18432K), 2 survivors (2048K)
 Metaspace       used 35301K, committed 35968K, reserved 1114112K
  class space    used 4402K, committed 4736K, reserved 1048576K
}
Event: 3.292 GC heap after
{Heap after GC invocations=9 (full 0):
 garbage-first heap   total 107520K, used 25027K [0x0000000089800000, 0x0000000100000000)
  region size 1024K, 3 young (3072K), 3 survivors (3072K)
 Metaspace       used 35301K, committed 35968K, reserved 1114112K
  class space    used 4402K, committed 4736K, reserved 1048576K
}
Event: 4.997 GC heap before
{Heap before GC invocations=10 (full 0):
 garbage-first heap   total 89088K, used 78275K [0x0000000089800000, 0x0000000100000000)
  region size 1024K, 52 young (53248K), 3 survivors (3072K)
 Metaspace       used 43497K, committed 44288K, reserved 1114112K
  class space    used 5224K, committed 5632K, reserved 1048576K
}
Event: 5.022 GC heap after
{Heap after GC invocations=11 (full 0):
 garbage-first heap   total 91136K, used 35540K [0x0000000089800000, 0x0000000100000000)
  region size 1024K, 7 young (7168K), 7 survivors (7168K)
 Metaspace       used 43497K, committed 44288K, reserved 1114112K
  class space    used 5224K, committed 5632K, reserved 1048576K
}
Event: 5.028 GC heap before
{Heap before GC invocations=11 (full 0):
 garbage-first heap   total 91136K, used 36564K [0x0000000089800000, 0x0000000100000000)
  region size 1024K, 8 young (8192K), 7 survivors (7168K)
 Metaspace       used 43499K, committed 44288K, reserved 1114112K
  class space    used 5224K, committed 5632K, reserved 1048576K
}
Event: 5.040 GC heap after
{Heap after GC invocations=12 (full 0):
 garbage-first heap   total 91136K, used 36727K [0x0000000089800000, 0x0000000100000000)
  region size 1024K, 1 young (1024K), 1 survivors (1024K)
 Metaspace       used 43499K, committed 44288K, reserved 1114112K
  class space    used 5224K, committed 5632K, reserved 1048576K
}
Event: 5.600 GC heap before
{Heap before GC invocations=12 (full 0):
 garbage-first heap   total 91136K, used 67447K [0x0000000089800000, 0x0000000100000000)
  region size 1024K, 32 young (32768K), 1 survivors (1024K)
 Metaspace       used 44167K, committed 44992K, reserved 1114112K
  class space    used 5249K, committed 5696K, reserved 1048576K
}
Event: 5.617 GC heap after
{Heap after GC invocations=13 (full 0):
 garbage-first heap   total 216064K, used 42448K [0x0000000089800000, 0x0000000100000000)
  region size 1024K, 4 young (4096K), 4 survivors (4096K)
 Metaspace       used 44167K, committed 44992K, reserved 1114112K
  class space    used 5249K, committed 5696K, reserved 1048576K
}

Dll operation events (7 events):
Event: 0.006 Loaded shared library C:\Program Files\Java\jdk-19\bin\java.dll
Event: 0.013 Loaded shared library C:\Program Files\Java\jdk-19\bin\jsvml.dll
Event: 0.051 Loaded shared library C:\Program Files\Java\jdk-19\bin\net.dll
Event: 0.198 Loaded shared library C:\Program Files\Java\jdk-19\bin\nio.dll
Event: 0.220 Loaded shared library C:\Program Files\Java\jdk-19\bin\zip.dll
Event: 0.416 Loaded shared library C:\Program Files\Java\jdk-19\bin\jimage.dll
Event: 1.003 Loaded shared library C:\Program Files\Java\jdk-19\bin\verify.dll

Deoptimization events (20 events):
Event: 5.849 Thread 0x00000154cc89e010 Uncommon trap: trap_request=0xffffff45 fr.pc=0x00000154dc4d8078 relative=0x00000000000001d8
Event: 5.849 Thread 0x00000154cc89e010 Uncommon trap: reason=unstable_if action=reinterpret pc=0x00000154dc4d8078 method=java.lang.StringLatin1.compareToCI([B[B)I @ 31 c2
Event: 5.849 Thread 0x00000154cc89e010 DEOPT PACKING pc=0x00000154dc4d8078 sp=0x000000172ccfb8e0
Event: 5.849 Thread 0x00000154cc89e010 DEOPT UNPACKING pc=0x00000154dbd96da3 sp=0x000000172ccfb858 mode 2
Event: 5.850 Thread 0x00000154cc89e010 Uncommon trap: trap_request=0xffffff45 fr.pc=0x00000154dc47b7a4 relative=0x0000000000000084
Event: 5.850 Thread 0x00000154cc89e010 Uncommon trap: reason=unstable_if action=reinterpret pc=0x00000154dc47b7a4 method=org.jetbrains.kotlin.com.intellij.lang.LanguageExtension.forLanguage(Lorg/jetbrains/kotlin/com/intellij/lang/Language;)Ljava/lang/Object; @ 19 c2
Event: 5.850 Thread 0x00000154cc89e010 DEOPT PACKING pc=0x00000154dc47b7a4 sp=0x000000172ccfbbd0
Event: 5.850 Thread 0x00000154cc89e010 DEOPT UNPACKING pc=0x00000154dbd96da3 sp=0x000000172ccfbb70 mode 2
Event: 5.856 Thread 0x00000154cc89e010 Uncommon trap: trap_request=0xffffffbe fr.pc=0x00000154dc3cc504 relative=0x00000000000003e4
Event: 5.856 Thread 0x00000154cc89e010 Uncommon trap: reason=profile_predicate action=maybe_recompile pc=0x00000154dc3cc504 method=org.jetbrains.kotlin.com.intellij.openapi.vfs.CharsetToolkit.guessFromContent(II)Lorg/jetbrains/kotlin/com/intellij/openapi/vfs/CharsetToolkit$GuessedEncoding; @ 2
Event: 5.856 Thread 0x00000154cc89e010 DEOPT PACKING pc=0x00000154dc3cc504 sp=0x000000172ccfb510
Event: 5.856 Thread 0x00000154cc89e010 DEOPT UNPACKING pc=0x00000154dbd96da3 sp=0x000000172ccfb470 mode 2
Event: 5.857 Thread 0x00000154cc89e010 Uncommon trap: trap_request=0xffffff45 fr.pc=0x00000154dc47c24c relative=0x000000000000012c
Event: 5.857 Thread 0x00000154cc89e010 Uncommon trap: reason=unstable_if action=reinterpret pc=0x00000154dc47c24c method=org.jetbrains.kotlin.com.intellij.util.keyFMap.ArrayBackedFMap.indexOf(I)I @ 27 c2
Event: 5.857 Thread 0x00000154cc89e010 DEOPT PACKING pc=0x00000154dc47c24c sp=0x000000172ccfb8e0
Event: 5.857 Thread 0x00000154cc89e010 DEOPT UNPACKING pc=0x00000154dbd96da3 sp=0x000000172ccfb808 mode 2
Event: 5.857 Thread 0x00000154cc89e010 Uncommon trap: trap_request=0xffffff45 fr.pc=0x00000154dc475198 relative=0x00000000000000f8
Event: 5.857 Thread 0x00000154cc89e010 Uncommon trap: reason=unstable_if action=reinterpret pc=0x00000154dc475198 method=org.jetbrains.kotlin.com.intellij.util.keyFMap.ArrayBackedFMap.indexOf(I)I @ 27 c2
Event: 5.857 Thread 0x00000154cc89e010 DEOPT PACKING pc=0x00000154dc475198 sp=0x000000172ccfb860
Event: 5.857 Thread 0x00000154cc89e010 DEOPT UNPACKING pc=0x00000154dbd96da3 sp=0x000000172ccfb7e8 mode 2

Classes loaded (20 events):
Event: 3.316 Loading class java/util/PrimitiveIterator done
Event: 3.316 Loading class java/util/PrimitiveIterator$OfInt done
Event: 3.389 Loading class java/util/function/IntUnaryOperator
Event: 3.389 Loading class java/util/function/IntUnaryOperator done
Event: 3.630 Loading class java/util/ArrayList$ListItr
Event: 3.630 Loading class java/util/ArrayList$ListItr done
Event: 3.725 Loading class java/util/AbstractList$SubList
Event: 3.726 Loading class java/util/AbstractList$SubList done
Event: 3.726 Loading class java/util/AbstractList$SubList$1
Event: 3.726 Loading class java/util/AbstractList$SubList$1 done
Event: 3.726 Loading class java/util/AbstractList$ListItr
Event: 3.726 Loading class java/util/AbstractList$ListItr done
Event: 3.819 Loading class java/text/StringCharacterIterator
Event: 3.819 Loading class java/text/CharacterIterator
Event: 3.819 Loading class java/text/CharacterIterator done
Event: 3.819 Loading class java/text/StringCharacterIterator done
Event: 4.310 Loading class java/util/AbstractList$RandomAccessSubList
Event: 4.310 Loading class java/util/AbstractList$RandomAccessSubList done
Event: 5.848 Loading class java/util/RegularEnumSet$EnumSetIterator
Event: 5.849 Loading class java/util/RegularEnumSet$EnumSetIterator done

Classes unloaded (0 events):
No events

Classes redefined (0 events):
No events

Internal exceptions (20 events):
Event: 3.021 Thread 0x00000154cc89e010 Exception <a 'java/lang/NoSuchMethodError'{0x000000008fffa988}: 'java.lang.Object java.lang.invoke.DelegatingMethodHandle$Holder.reinvoke_L(java.lang.Object, java.lang.Object, java.lang.Object, java.lang.Object, java.lang.Object, java.lang.Object, java.lang.Object, java.lang.Object, java.lang.Object, java.lang.Object, java.lang.Object, java.lang.Object, java.lang.Object, java.lang.Object, java.lang.Object, java.lang.Object, java.lang.Object, java.lang.Object, java.lang.Object, java.lang.Object)'> (0x000000
Event: 3.126 Thread 0x00000154cc89e010 Exception <a 'java/lang/NoSuchMethodError'{0x000000008f965cc0}: 'java.lang.Object java.lang.invoke.DirectMethodHandle$Holder.newInvokeSpecial(java.lang.Object, java.lang.Object, java.lang.Object, java.lang.Object, java.lang.Object, java.lang.Object, java.lang.Object, java.lang.Object, java.lang.Object, java.lang.Object, java.lang.Object, java.lang.Object, java.lang.Object, java.lang.Object, java.lang.Object, java.lang.Object)'> (0x000000008f965cc0) 
thrown [s\open\src\hotspot\share\interpreter\linkResolver
Event: 3.126 Thread 0x00000154cc89e010 Exception <a 'java/lang/NoSuchMethodError'{0x000000008f96b818}: 'java.lang.Object java.lang.invoke.DirectMethodHandle$Holder.invokeSpecial(java.lang.Object, java.lang.Object, java.lang.Object, java.lang.Object, java.lang.Object, java.lang.Object, java.lang.Object, java.lang.Object, java.lang.Object, java.lang.Object, java.lang.Object, java.lang.Object, java.lang.Object, java.lang.Object, java.lang.Object, java.lang.Object, java.lang.Object)'> (0x000000008f96b818) 
thrown [s\open\src\hotspot\share\interpret
Event: 3.127 Thread 0x00000154cc89e010 Exception <a 'java/lang/NoSuchMethodError'{0x000000008f970418}: 'java.lang.Object java.lang.invoke.DelegatingMethodHandle$Holder.reinvoke_L(java.lang.Object, java.lang.Object, java.lang.Object, java.lang.Object, java.lang.Object, java.lang.Object, java.lang.Object, java.lang.Object, java.lang.Object, java.lang.Object, java.lang.Object, java.lang.Object, java.lang.Object, java.lang.Object, java.lang.Object, java.lang.Object)'> (0x000000008f970418) 
thrown [s\open\src\hotspot\share\interpreter\linkResolver.c
Event: 3.142 Thread 0x00000154cc89e010 Exception <a 'java/lang/NoSuchMethodError'{0x000000008f87faf8}: 'java.lang.Object java.lang.invoke.DirectMethodHandle$Holder.newInvokeSpecial(java.lang.Object, java.lang.Object, java.lang.Object, java.lang.Object, java.lang.Object, java.lang.Object, java.lang.Object, java.lang.Object, java.lang.Object, java.lang.Object, java.lang.Object, java.lang.Object, java.lang.Object, java.lang.Object, java.lang.Object, java.lang.Object, java.lang.Object, java.lang.Object, java.lang.Object, java.lang.Object, java.lang
Event: 3.143 Thread 0x00000154cc89e010 Exception <a 'java/lang/NoSuchMethodError'{0x000000008f886ba8}: 'java.lang.Object java.lang.invoke.DirectMethodHandle$Holder.invokeSpecial(java.lang.Object, java.lang.Object, java.lang.Object, java.lang.Object, java.lang.Object, java.lang.Object, java.lang.Object, java.lang.Object, java.lang.Object, java.lang.Object, java.lang.Object, java.lang.Object, java.lang.Object, java.lang.Object, java.lang.Object, java.lang.Object, java.lang.Object, java.lang.Object, java.lang.Object, java.lang.Object, java.lang.Ob
Event: 3.143 Thread 0x00000154cc89e010 Exception <a 'java/lang/NoSuchMethodError'{0x000000008f88c590}: 'java.lang.Object java.lang.invoke.DelegatingMethodHandle$Holder.reinvoke_L(java.lang.Object, java.lang.Object, java.lang.Object, java.lang.Object, java.lang.Object, java.lang.Object, java.lang.Object, java.lang.Object, java.lang.Object, java.lang.Object, java.lang.Object, java.lang.Object, java.lang.Object, java.lang.Object, java.lang.Object, java.lang.Object, java.lang.Object, java.lang.Object, java.lang.Object, java.lang.Object, java.lang.O
Event: 3.147 Thread 0x00000154cc89e010 Exception <a 'java/lang/NoSuchMethodError'{0x000000008f75bc10}: 'java.lang.Object java.lang.invoke.DirectMethodHandle$Holder.invokeStatic(java.lang.Object, java.lang.Object, java.lang.Object, java.lang.Object, java.lang.Object, java.lang.Object, java.lang.Object, java.lang.Object, java.lang.Object, java.lang.Object, java.lang.Object, java.lang.Object, java.lang.Object, java.lang.Object, java.lang.Object, java.lang.Object, java.lang.Object, java.lang.Object, java.lang.Object, java.lang.Object, java.lang.Obj
Event: 3.149 Thread 0x00000154cc89e010 Exception <a 'java/lang/NoSuchMethodError'{0x000000008f78e218}: 'java.lang.Object java.lang.invoke.DirectMethodHandle$Holder.invokeStatic(java.lang.Object, java.lang.Object, java.lang.Object, java.lang.Object, java.lang.Object, java.lang.Object, java.lang.Object, java.lang.Object, java.lang.Object, java.lang.Object, java.lang.Object, java.lang.Object, java.lang.Object, java.lang.Object, java.lang.Object, java.lang.Object, java.lang.Object, java.lang.Object, java.lang.Object, java.lang.Object, java.lang.Obj
Event: 3.178 Thread 0x00000154cc89e010 Exception <a 'java/lang/NoSuchMethodError'{0x000000008f541538}: 'java.lang.Object java.lang.invoke.DirectMethodHandle$Holder.newInvokeSpecial(java.lang.Object, java.lang.Object, java.lang.Object, java.lang.Object, java.lang.Object, java.lang.Object, java.lang.Object, java.lang.Object, java.lang.Object, java.lang.Object, java.lang.Object, java.lang.Object, java.lang.Object, java.lang.Object, java.lang.Object, java.lang.Object, java.lang.Object, java.lang.Object, java.lang.Object)'> (0x000000008f541538) 
thr
Event: 3.178 Thread 0x00000154cc89e010 Exception <a 'java/lang/NoSuchMethodError'{0x000000008f547600}: 'java.lang.Object java.lang.invoke.DirectMethodHandle$Holder.invokeSpecial(java.lang.Object, java.lang.Object, java.lang.Object, java.lang.Object, java.lang.Object, java.lang.Object, java.lang.Object, java.lang.Object, java.lang.Object, java.lang.Object, java.lang.Object, java.lang.Object, java.lang.Object, java.lang.Object, java.lang.Object, java.lang.Object, java.lang.Object, java.lang.Object, java.lang.Object, java.lang.Object)'> (0x0000000
Event: 3.179 Thread 0x00000154cc89e010 Exception <a 'java/lang/NoSuchMethodError'{0x000000008f54c678}: 'java.lang.Object java.lang.invoke.DelegatingMethodHandle$Holder.reinvoke_L(java.lang.Object, java.lang.Object, java.lang.Object, java.lang.Object, java.lang.Object, java.lang.Object, java.lang.Object, java.lang.Object, java.lang.Object, java.lang.Object, java.lang.Object, java.lang.Object, java.lang.Object, java.lang.Object, java.lang.Object, java.lang.Object, java.lang.Object, java.lang.Object, java.lang.Object)'> (0x000000008f54c678) 
throw
Event: 3.195 Thread 0x00000154cc89e010 Exception <a 'java/lang/NoSuchMethodError'{0x000000008f4e5a50}: 'java.lang.Object java.lang.invoke.DirectMethodHandle$Holder.newInvokeSpecial(java.lang.Object, java.lang.Object, java.lang.Object, java.lang.Object, java.lang.Object, java.lang.Object, java.lang.Object, java.lang.Object, java.lang.Object, java.lang.Object, java.lang.Object, java.lang.Object, java.lang.Object)'> (0x000000008f4e5a50) 
thrown [s\open\src\hotspot\share\interpreter\linkResolver.cpp, line 774]
Event: 3.195 Thread 0x00000154cc89e010 Exception <a 'java/lang/NoSuchMethodError'{0x000000008f4eac58}: 'java.lang.Object java.lang.invoke.DirectMethodHandle$Holder.invokeSpecial(java.lang.Object, java.lang.Object, java.lang.Object, java.lang.Object, java.lang.Object, java.lang.Object, java.lang.Object, java.lang.Object, java.lang.Object, java.lang.Object, java.lang.Object, java.lang.Object, java.lang.Object, java.lang.Object)'> (0x000000008f4eac58) 
thrown [s\open\src\hotspot\share\interpreter\linkResolver.cpp, line 774]
Event: 3.195 Thread 0x00000154cc89e010 Exception <a 'java/lang/NoSuchMethodError'{0x000000008f4ef418}: 'java.lang.Object java.lang.invoke.DelegatingMethodHandle$Holder.reinvoke_L(java.lang.Object, java.lang.Object, java.lang.Object, java.lang.Object, java.lang.Object, java.lang.Object, java.lang.Object, java.lang.Object, java.lang.Object, java.lang.Object, java.lang.Object, java.lang.Object, java.lang.Object)'> (0x000000008f4ef418) 
thrown [s\open\src\hotspot\share\interpreter\linkResolver.cpp, line 774]
Event: 3.390 Thread 0x00000154cc89e010 Exception <a 'java/lang/NoSuchMethodError'{0x000000008e9bd3a8}: 'java.lang.Object java.lang.invoke.DirectMethodHandle$Holder.newInvokeSpecial(java.lang.Object, java.lang.Object, int)'> (0x000000008e9bd3a8) 
thrown [s\open\src\hotspot\share\interpreter\linkResolver.cpp, line 774]
Event: 3.650 Thread 0x00000154cc89e010 Exception <a 'java/lang/NoSuchMethodError'{0x000000008e207a18}: 'java.lang.Object java.lang.invoke.DirectMethodHandle$Holder.newInvokeSpecial(java.lang.Object, java.lang.Object, java.lang.Object, int)'> (0x000000008e207a18) 
thrown [s\open\src\hotspot\share\interpreter\linkResolver.cpp, line 774]
Event: 3.651 Thread 0x00000154cc89e010 Exception <a 'java/lang/NoSuchMethodError'{0x000000008e20bde8}: 'java.lang.Object java.lang.invoke.DirectMethodHandle$Holder.invokeSpecial(java.lang.Object, java.lang.Object, java.lang.Object, java.lang.Object, int)'> (0x000000008e20bde8) 
thrown [s\open\src\hotspot\share\interpreter\linkResolver.cpp, line 774]
Event: 3.651 Thread 0x00000154cc89e010 Exception <a 'java/lang/NoSuchMethodError'{0x000000008e20f7b0}: 'java.lang.Object java.lang.invoke.Invokers$Holder.linkToTargetMethod(java.lang.Object, java.lang.Object, int, java.lang.Object)'> (0x000000008e20f7b0) 
thrown [s\open\src\hotspot\share\interpreter\linkResolver.cpp, line 774]
Event: 4.540 Thread 0x00000154cc89e010 Implicit null exception at 0x00000154dc338a76 to 0x00000154dc3390a0

VM Operations (20 events):
Event: 4.139 Executing VM operation: HandshakeAllThreads
Event: 4.140 Executing VM operation: HandshakeAllThreads done
Event: 4.344 Executing VM operation: ICBufferFull
Event: 4.345 Executing VM operation: ICBufferFull done
Event: 4.545 Executing VM operation: ICBufferFull
Event: 4.545 Executing VM operation: ICBufferFull done
Event: 4.745 Executing VM operation: ICBufferFull
Event: 4.745 Executing VM operation: ICBufferFull done
Event: 4.748 Executing VM operation: HandshakeAllThreads
Event: 4.748 Executing VM operation: HandshakeAllThreads done
Event: 4.997 Executing VM operation: G1CollectForAllocation
Event: 5.023 Executing VM operation: G1CollectForAllocation done
Event: 5.028 Executing VM operation: G1CollectForAllocation
Event: 5.040 Executing VM operation: G1CollectForAllocation done
Event: 5.360 Executing VM operation: ICBufferFull
Event: 5.360 Executing VM operation: ICBufferFull done
Event: 5.599 Executing VM operation: G1CollectForAllocation
Event: 5.617 Executing VM operation: G1CollectForAllocation done
Event: 5.854 Executing VM operation: HandshakeAllThreads
Event: 5.854 Executing VM operation: HandshakeAllThreads done

Events (16 events):
Event: 0.013 Thread 0x00000154cc89e010 Thread added: 0x00000154cc89e010
Event: 0.022 Thread 0x00000154eb0301f0 Thread added: 0x00000154eb0301f0
Event: 0.022 Thread 0x00000154eb030f80 Thread added: 0x00000154eb030f80
Event: 0.022 Thread 0x00000154eb032710 Thread added: 0x00000154eb032710
Event: 0.022 Thread 0x00000154eb034050 Thread added: 0x00000154eb034050
Event: 0.022 Thread 0x00000154eb034b20 Thread added: 0x00000154eb034b20
Event: 0.022 Thread 0x00000154eb035730 Thread added: 0x00000154eb035730
Event: 0.022 Thread 0x00000154eb05acd0 Thread added: 0x00000154eb05acd0
Event: 0.023 Thread 0x00000154eb05d660 Thread added: 0x00000154eb05d660
Event: 0.023 Thread 0x00000154eb067ff0 Thread added: 0x00000154eb067ff0
Event: 0.045 Thread 0x00000154ef51b580 Thread added: 0x00000154ef51b580
Event: 0.048 Thread 0x00000154ef523970 Thread added: 0x00000154ef523970
Event: 0.218 Thread 0x00000154ef58cf20 Thread added: 0x00000154ef58cf20
Event: 0.336 Thread 0x00000154ef715820 Thread added: 0x00000154ef715820
Event: 1.012 Thread 0x00000154ef715820 Thread exited: 0x00000154ef715820
Event: 1.449 Thread 0x00000154f02f0a00 Thread added: 0x00000154f02f0a00


Dynamic libraries:
0x00007ff7fc420000 - 0x00007ff7fc430000 	C:\Program Files\Java\jdk-19\bin\java.exe
0x00007ff90d890000 - 0x00007ff90da88000 	C:\Windows\SYSTEM32\ntdll.dll
0x00007ff90d2e0000 - 0x00007ff90d39d000 	C:\Windows\System32\KERNEL32.DLL
0x00007ff90b230000 - 0x00007ff90b502000 	C:\Windows\System32\KERNELBASE.dll
0x00007ff90b510000 - 0x00007ff90b610000 	C:\Windows\System32\ucrtbase.dll
0x00007ff8f3ac0000 - 0x00007ff8f3ad8000 	C:\Program Files\Java\jdk-19\bin\jli.dll
0x00007ff8f2030000 - 0x00007ff8f204b000 	C:\Program Files\Java\jdk-19\bin\VCRUNTIME140.dll
0x00007ff90c970000 - 0x00007ff90ca1e000 	C:\Windows\System32\ADVAPI32.dll
0x00007ff90ce80000 - 0x00007ff90cf1e000 	C:\Windows\System32\msvcrt.dll
0x00007ff90ca40000 - 0x00007ff90cadc000 	C:\Windows\System32\sechost.dll
0x00007ff90d510000 - 0x00007ff90d635000 	C:\Windows\System32\RPCRT4.dll
0x00007ff90cf30000 - 0x00007ff90d0cd000 	C:\Windows\System32\USER32.dll
0x00007ff90b610000 - 0x00007ff90b632000 	C:\Windows\System32\win32u.dll
0x00007ff8f65f0000 - 0x00007ff8f688a000 	C:\Windows\WinSxS\amd64_microsoft.windows.common-controls_6595b64144ccf1df_6.0.19041.1110_none_60b5254171f9507e\COMCTL32.dll
0x00007ff90ce50000 - 0x00007ff90ce7b000 	C:\Windows\System32\GDI32.dll
0x00007ff90b640000 - 0x00007ff90b74f000 	C:\Windows\System32\gdi32full.dll
0x00007ff90b7e0000 - 0x00007ff90b87d000 	C:\Windows\System32\msvcp_win.dll
0x00007ff908df0000 - 0x00007ff908dfa000 	C:\Windows\SYSTEM32\VERSION.dll
0x00007ff90c040000 - 0x00007ff90c070000 	C:\Windows\System32\IMM32.DLL
0x00007ff8fa780000 - 0x00007ff8fa78c000 	C:\Program Files\Java\jdk-19\bin\vcruntime140_1.dll
0x00007ff8bf820000 - 0x00007ff8bf8ae000 	C:\Program Files\Java\jdk-19\bin\msvcp140.dll
0x00007ff8bd8f0000 - 0x00007ff8be5b0000 	C:\Program Files\Java\jdk-19\bin\server\jvm.dll
0x00007ff900ac0000 - 0x00007ff900ae7000 	C:\Windows\SYSTEM32\WINMM.dll
0x00007ff8f4580000 - 0x00007ff8f4589000 	C:\Windows\SYSTEM32\WSOCK32.dll
0x00007ff90d6f0000 - 0x00007ff90d75b000 	C:\Windows\System32\WS2_32.dll
0x00007ff9097f0000 - 0x00007ff909802000 	C:\Windows\SYSTEM32\kernel.appcore.dll
0x00007ff8f4340000 - 0x00007ff8f434a000 	C:\Program Files\Java\jdk-19\bin\jimage.dll
0x00007ff8fef50000 - 0x00007ff8ff134000 	C:\Windows\SYSTEM32\DBGHELP.DLL
0x00007ff8f8c80000 - 0x00007ff8f8cac000 	C:\Windows\SYSTEM32\dbgcore.DLL
0x00007ff90b750000 - 0x00007ff90b7d2000 	C:\Windows\System32\bcryptPrimitives.dll
0x00007ff8d56e0000 - 0x00007ff8d5706000 	C:\Program Files\Java\jdk-19\bin\java.dll
0x00007ff8bf740000 - 0x00007ff8bf817000 	C:\Program Files\Java\jdk-19\bin\jsvml.dll
0x00007ff90b8f0000 - 0x00007ff90c033000 	C:\Windows\System32\SHELL32.dll
0x00007ff909040000 - 0x00007ff9097d1000 	C:\Windows\SYSTEM32\windows.storage.dll
0x00007ff90c610000 - 0x00007ff90c964000 	C:\Windows\System32\combase.dll
0x00007ff90a990000 - 0x00007ff90a9c0000 	C:\Windows\SYSTEM32\Wldp.dll
0x00007ff90cae0000 - 0x00007ff90cb8d000 	C:\Windows\System32\SHCORE.dll
0x00007ff90d280000 - 0x00007ff90d2d5000 	C:\Windows\System32\shlwapi.dll
0x00007ff90aee0000 - 0x00007ff90aeff000 	C:\Windows\SYSTEM32\profapi.dll
0x00007ff8bd640000 - 0x00007ff8bd653000 	C:\Program Files\Java\jdk-19\bin\net.dll
0x00007ff8fe9b0000 - 0x00007ff8feabd000 	C:\Windows\SYSTEM32\WINHTTP.dll
0x00007ff8f3440000 - 0x00007ff8f344b000 	C:\Program Files\Common Files\SocksEscort\escortdrv.dll
0x00007ff90c070000 - 0x00007ff90c19a000 	C:\Windows\System32\ole32.dll
0x00007ff8f3400000 - 0x00007ff8f3432000 	C:\Program Files\Common Files\SocksEscort\escengine.dll
0x00007ff90a680000 - 0x00007ff90a6ea000 	C:\Windows\system32\mswsock.dll
0x00007ff8be6e0000 - 0x00007ff8be6f6000 	C:\Program Files\Java\jdk-19\bin\nio.dll
0x00007ff8be6c0000 - 0x00007ff8be6d8000 	C:\Program Files\Java\jdk-19\bin\zip.dll
0x00007ff8d56d0000 - 0x00007ff8d56e0000 	C:\Program Files\Java\jdk-19\bin\verify.dll

dbghelp: loaded successfully - version: 4.0.5 - missing functions: none
symbol engine: initialized successfully - sym options: 0x614 - pdb path: .;C:\Program Files\Java\jdk-19\bin;C:\Windows\SYSTEM32;C:\Windows\WinSxS\amd64_microsoft.windows.common-controls_6595b64144ccf1df_6.0.19041.1110_none_60b5254171f9507e;C:\Program Files\Java\jdk-19\bin\server;C:\Program Files\Common Files\SocksEscort

VM Arguments:
java_command: org.jetbrains.kotlin.cli.jvm.K2JVMCompiler @D:\study\da_nen_tang\facebook-app-clone\node_modules\react-native-screens\android\build\20231226_9386818365873074721.compiler.options
java_class_path (initial): C:\Users\ADMIN\.gradle\caches\modules-2\files-2.1\org.jetbrains.kotlin\kotlin-compiler-embeddable\1.6.21\97bdd5a752ce73b58ef16c17bc7f0ea2faff7a2e\kotlin-compiler-embeddable-1.6.21.jar;C:\Users\ADMIN\.gradle\caches\modules-2\files-2.1\org.jetbrains.kotlin\kotlin-reflect\1.6.21\5dc3574d9b7bebfcb4ec6b10ada4aaa9e140bd0b\kotlin-reflect-1.6.21.jar;C:\Users\ADMIN\.gradle\caches\modules-2\files-2.1\org.jetbrains.kotlin\kotlin-stdlib\1.6.21\11ef67f1900634fd951bad28c53ec957fabbe5b8\kotlin-stdlib-1.6.21.jar;C:\Users\ADMIN\.gradle\caches\modules-2\files-2.1\org.jetbrains.kotlin\kotlin-script-runtime\1.6.21\99c6675100da5d6d5b1c5a1032f27f28008d101b\kotlin-script-runtime-1.6.21.jar;C:\Users\ADMIN\.gradle\caches\modules-2\files-2.1\org.jetbrains.kotlin\kotlin-daemon-embeddable\1.6.21\46b78cf392e1c4f10854c3cadba44abb7b82250f\kotlin-daemon-embeddable-1.6.21.jar;C:\Users\ADMIN\.gradle\caches\modules-2\files-2.1\org.jetbrains.intellij.deps\trove4j\1.0.20200330\3afb14d5f9ceb459d724e907a21145e8ff394f02\trove4j-1.0.20200330.jar;C:\Users\ADMIN\.gradle\caches\modules-2\files-2.1\net.java.dev.jna\jna\5.6.0\330f2244e9030119ab3030fc3fededc86713d9cc\jna-5.6.0.jar;C:\Users\ADMIN\.gradle\caches\modules-2\files-2.1\org.jetbrains.kotlin\kotlin-stdlib-common\1.6.21\5e5b55c26dbc80372a920aef60eb774b714559b8\kotlin-stdlib-common-1.6.21.jar;C:\Users\ADMIN\.gradle\caches\modules-2\files-2.1\org.jetbrains\annotations\13.0\919f0dfe192fb4e063e7dacadee7f8bb9a2672a9\annotations-13.0.jar
Launcher Type: SUN_STANDARD

[Global flags]
     intx CICompilerCount                          = 4                                         {product} {ergonomic}
     uint ConcGCThreads                            = 3                                         {product} {ergonomic}
     uint G1ConcRefinementThreads                  = 10                                        {product} {ergonomic}
   size_t G1HeapRegionSize                         = 1048576                                   {product} {ergonomic}
    uintx GCDrainStackTargetSize                   = 64                                        {product} {ergonomic}
   size_t InitialHeapSize                          = 125829120                                 {product} {ergonomic}
   size_t MarkStackSize                            = 4194304                                   {product} {ergonomic}
   size_t MaxHeapSize                              = 1988100096                                {product} {ergonomic}
   size_t MaxNewSize                               = 1192230912                                {product} {ergonomic}
   size_t MinHeapDeltaBytes                        = 1048576                                   {product} {ergonomic}
   size_t MinHeapSize                              = 8388608                                   {product} {ergonomic}
    uintx NonNMethodCodeHeapSize                   = 5839372                                {pd product} {ergonomic}
    uintx NonProfiledCodeHeapSize                  = 122909434                              {pd product} {ergonomic}
    uintx ProfiledCodeHeapSize                     = 122909434                              {pd product} {ergonomic}
    uintx ReservedCodeCacheSize                    = 251658240                              {pd product} {ergonomic}
     bool SegmentedCodeCache                       = true                                      {product} {ergonomic}
   size_t SoftMaxHeapSize                          = 1988100096                             {manageable} {ergonomic}
     bool UseCompressedClassPointers               = true                           {product lp64_product} {ergonomic}
     bool UseCompressedOops                        = true                           {product lp64_product} {ergonomic}
     bool UseG1GC                                  = true                                      {product} {ergonomic}
     bool UseLargePagesIndividualAllocation        = false                                  {pd product} {ergonomic}

Logging:
Log output configuration:
 #0: stdout all=warning uptime,level,tags foldmultilines=false
 #1: stderr all=off uptime,level,tags foldmultilines=false

Environment Variables:
JAVA_HOME=C:\Program Files\Java\jdk-19
CLASSPATH=D:\study\da_nen_tang\facebook-app-clone\android\\gradle\wrapper\gradle-wrapper.jar
PATH=D:\study\da_nen_tang\facebook-app-clone\node_modules\.bin;D:\study\da_nen_tang\node_modules\.bin;D:\study\node_modules\.bin;D:\node_modules\.bin;C:\Users\ADMIN\AppData\Roaming\nvm\v16.15.0\node_modules\npm\node_modules\@npmcli\run-script\lib\node-gyp-bin;C:\Users\ADMIN\AppData\Local\Temp\yarn--1703605196357-0.7593685869617766;D:\study\da_nen_tang\facebook-app-clone\node_modules\.bin;C:\Users\ADMIN\AppData\Local\Yarn\Data\link\node_modules\.bin;C:\Users\ADMIN\AppData\Local\Yarn\bin;C:\Program Files\libexec\lib\node_modules\npm\bin\node-gyp-bin;C:\Program Files\lib\node_modules\npm\bin\node-gyp-bin;C:\Program Files\nodejs\node_modules\npm\bin\node-gyp-bin;C:\Program Files\Common Files\Oracle\Java\javapath;C:\Windows\system32;C:\Windows;C:\Windows\System32\Wbem;C:\Windows\System32\WindowsPowerShell\v1.0\;C:\Windows\System32\OpenSSH\;C:\Program Files\Java\jdk-19\bin;C:\Program Files\Git\cmd;C:\MinGW\bin;C:\Users\ADMIN\AppData\Roaming\nvm;C:\Program Files\nodejs;C:\Users\ADMIN\AppData\Local\Android\Sdk\platform-tools;C:\Program Files\MySQL\MySQL Shell 8.0\bin\;C:\Users\ADMIN\AppData\Local\Microsoft\WindowsApps;C:\Users\ADMIN\AppData\Local\Programs\Microsoft VS Code\bin;C:\Users\ADMIN\AppData\Local\Programs\Python\Python311;C:\Users\ADMIN\AppData\Local\Programs\Python\Python311\Scripts;C:\Users\ADMIN\AppData\Roaming\npm;C:\Users\ADMIN\AppData\Local\Programs\EmEditor;C:\Users\ADMIN\AppData\Roaming\nvm;C:\Program Files\nodejs;
USERNAME=ADMIN
LANG=en_US.UTF-8
OS=Windows_NT
PROCESSOR_IDENTIFIER=AMD64 Family 23 Model 96 Stepping 1, AuthenticAMD
TMP=C:\Users\ADMIN\AppData\Local\Temp
TEMP=C:\Users\ADMIN\AppData\Local\Temp



---------------  S Y S T E M  ---------------

OS:
 Windows 10 , 64 bit Build 19041 (10.0.19041.1889)
OS uptime: 0 days 23:09 hours

CPU: total 12 (initial active 12) (12 cores per cpu, 2 threads per core) family 23 model 96 stepping 1 microcode 0x0, cx8, cmov, fxsr, ht, mmx, 3dnowpref, sse, sse2, sse3, ssse3, sse4a, sse4.1, sse4.2, popcnt, lzcnt, tsc, tscinvbit, avx, avx2, aes, clmul, bmi1, bmi2, adx, sha, fma, vzeroupper, clflush, clflushopt, rdtscp, rdpid

Memory: 4k page, system-wide physical 7579M (686M free)
TotalPageFile size 11675M (AvailPageFile size 5M)
current process WorkingSet (physical memory assigned to process): 254M, peak: 254M
current process commit charge ("private bytes"): 419M, peak: 420M

vm_info: Java HotSpot(TM) 64-Bit Server VM (19.0.1+10-21) for windows-amd64 JRE (19.0.1+10-21), built on 2022-09-14T12:45:06Z by "mach5one" with MS VC++ 17.1 (VS2022)

END.
