#
# There is insufficient memory for the Java Runtime Environment to continue.
# Native memory allocation (mmap) failed to map 44040192 bytes for G1 virtual space
# Possible reasons:
#   The system is out of physical RAM or swap space
#   The process is running with CompressedOops enabled, and the Java Heap may be blocking the growth of the native heap
# Possible solutions:
#   Reduce memory load on the system
#   Increase physical memory or swap space
#   Check if swap backing store is full
#   Decrease Java heap size (-Xmx/-Xms)
#   Decrease number of Java threads
#   Decrease Java thread stack sizes (-Xss)
#   Set larger code cache with -XX:ReservedCodeCacheSize=
#   JVM is running with Unscaled Compressed Oops mode in which the Java heap is
#     placed in the first 4GB address space. The Java Heap base address is the
#     maximum limit for the native heap growth. Please use -XX:HeapBaseMinAddress
#     to set the Java Heap base and to place the Java Heap above 4GB virtual address.
# This output file may be truncated or incomplete.
#
#  Out of Memory Error (os_windows.cpp:3527), pid=7476, tid=2560
#
# JRE version: Java(TM) SE Runtime Environment (19.0.1+10) (build 19.0.1+10-21)
# Java VM: Java HotSpot(TM) 64-Bit Server VM (19.0.1+10-21, mixed mode, sharing, tiered, compressed oops, compressed class ptrs, g1 gc, windows-amd64)
# No core dump will be written. Minidumps are not enabled by default on client versions of Windows
#

---------------  S U M M A R Y ------------

Command Line: org.jetbrains.kotlin.cli.jvm.K2JVMCompiler @D:\study\da_nen_tang\facebook-app-clone\node_modules\react-native-gesture-handler\android\build\20231226_16244807560324039330.compiler.options

Host: AMD Ryzen 5 4600H with Radeon Graphics         , 12 cores, 7G,  Windows 10 , 64 bit Build 19041 (10.0.19041.1889)
Time: Tue Dec 26 22:39:18 2023 SE Asia Standard Time elapsed time: 3.378459 seconds (0d 0h 0m 3s)

---------------  T H R E A D  ---------------

Current thread (0x000001fbd0d73490):  VMThread "VM Thread" [stack: 0x00000074e0000000,0x00000074e0100000] [id=2560]

Stack: [0x00000074e0000000,0x00000074e0100000]
Native frames: (J=compiled Java code, j=interpreted, Vv=VM code, C=native code)
V  [jvm.dll+0x6ee8fa]
V  [jvm.dll+0x857a1e]
V  [jvm.dll+0x85940e]
V  [jvm.dll+0x859ac3]
V  [jvm.dll+0x28291f]
V  [jvm.dll+0x6eb6e9]
V  [jvm.dll+0x6e028a]
V  [jvm.dll+0x357136]
V  [jvm.dll+0x35eb96]
V  [jvm.dll+0x3b555e]
V  [jvm.dll+0x3b578f]
V  [jvm.dll+0x32c6ea]
V  [jvm.dll+0x32c797]
V  [jvm.dll+0x374b52]
V  [jvm.dll+0x37328f]
V  [jvm.dll+0x32bf10]
V  [jvm.dll+0x37282b]
V  [jvm.dll+0x85ef83]
V  [jvm.dll+0x85fd49]
V  [jvm.dll+0x86027d]
V  [jvm.dll+0x86070b]
V  [jvm.dll+0x8607c7]
V  [jvm.dll+0x8015fa]
V  [jvm.dll+0x6ed5eb]
C  [ucrtbase.dll+0x21bb2]
C  [KERNEL32.DLL+0x17034]
C  [ntdll.dll+0x526a1]

VM_Operation (0x00000074dfafa7f0): G1CollectForAllocation, mode: safepoint, requested by thread 0x000001fbb25fdb00


---------------  P R O C E S S  ---------------

Threads class SMR info:
_java_thread_list=0x000001fbd50cdaf0, length=13, elements={
0x000001fbb25fdb00, 0x000001fbd0d8d3a0, 0x000001fbd0d8df90, 0x000001fbd0d8ef40,
0x000001fbd0d90880, 0x000001fbd0d911b0, 0x000001fbd0d91ae0, 0x000001fbd0d92740,
0x000001fbd0d930b0, 0x000001fbd0d95a30, 0x000001fbd50f1ea0, 0x000001fbd50f5060,
0x000001fbd5139a00
}

Java Threads: ( => current thread )
  0x000001fbb25fdb00 JavaThread "main" [_thread_blocked, id=14576, stack(0x00000074dfa00000,0x00000074dfb00000)]
  0x000001fbd0d8d3a0 JavaThread "Reference Handler" daemon [_thread_blocked, id=12132, stack(0x00000074e0100000,0x00000074e0200000)]
  0x000001fbd0d8df90 JavaThread "Finalizer" daemon [_thread_blocked, id=13524, stack(0x00000074e0200000,0x00000074e0300000)]
  0x000001fbd0d8ef40 JavaThread "Signal Dispatcher" daemon [_thread_blocked, id=1876, stack(0x00000074e0300000,0x00000074e0400000)]
  0x000001fbd0d90880 JavaThread "Attach Listener" daemon [_thread_blocked, id=1212, stack(0x00000074e0400000,0x00000074e0500000)]
  0x000001fbd0d911b0 JavaThread "Service Thread" daemon [_thread_blocked, id=820, stack(0x00000074e0500000,0x00000074e0600000)]
  0x000001fbd0d91ae0 JavaThread "Monitor Deflation Thread" daemon [_thread_blocked, id=6016, stack(0x00000074e0600000,0x00000074e0700000)]
  0x000001fbd0d92740 JavaThread "C2 CompilerThread0" daemon [_thread_blocked, id=14884, stack(0x00000074e0700000,0x00000074e0800000)]
  0x000001fbd0d930b0 JavaThread "C1 CompilerThread0" daemon [_thread_blocked, id=4256, stack(0x00000074e0800000,0x00000074e0900000)]
  0x000001fbd0d95a30 JavaThread "Sweeper thread" daemon [_thread_blocked, id=9736, stack(0x00000074e0900000,0x00000074e0a00000)]
  0x000001fbd50f1ea0 JavaThread "Notification Thread" daemon [_thread_blocked, id=604, stack(0x00000074e0a00000,0x00000074e0b00000)]
  0x000001fbd50f5060 JavaThread "Common-Cleaner" daemon [_thread_blocked, id=3012, stack(0x00000074e0c00000,0x00000074e0d00000)]
  0x000001fbd5139a00 JavaThread "C2 CompilerThread1" daemon [_thread_blocked, id=7604, stack(0x00000074e0e00000,0x00000074e0f00000)]

Other Threads:
=>0x000001fbd0d73490 VMThread "VM Thread" [stack: 0x00000074e0000000,0x00000074e0100000] [id=2560]
  0x000001fbd50f4c00 WatcherThread "VM Periodic Task Thread" [stack: 0x00000074e0b00000,0x00000074e0c00000] [id=12860]
  0x000001fbb265bf30 WorkerThread "GC Thread#0" [stack: 0x00000074dfb00000,0x00000074dfc00000] [id=1660]
  0x000001fbd5b253c0 WorkerThread "GC Thread#1" [stack: 0x00000074e0f00000,0x00000074e1000000] [id=14776]
  0x000001fbd5b351b0 WorkerThread "GC Thread#2" [stack: 0x00000074e1000000,0x00000074e1100000] [id=15808]
  0x000001fbd5b35480 WorkerThread "GC Thread#3" [stack: 0x00000074e1100000,0x00000074e1200000] [id=8380]
  0x000001fbd5b34c10 WorkerThread "GC Thread#4" [stack: 0x00000074e1200000,0x00000074e1300000] [id=14488]
  0x000001fbd5b35750 WorkerThread "GC Thread#5" [stack: 0x00000074e1300000,0x00000074e1400000] [id=8608]
  0x000001fbd5b35fc0 WorkerThread "GC Thread#6" [stack: 0x00000074e1400000,0x00000074e1500000] [id=13068]
  0x000001fbd5b36290 WorkerThread "GC Thread#7" [stack: 0x00000074e1500000,0x00000074e1600000] [id=5908]
  0x000001fbd5b36560 WorkerThread "GC Thread#8" [stack: 0x00000074e1600000,0x00000074e1700000] [id=1500]
  0x000001fbd5b36830 WorkerThread "GC Thread#9" [stack: 0x00000074e1700000,0x00000074e1800000] [id=16092]
  0x000001fbb266bb90 ConcurrentGCThread "G1 Main Marker" [stack: 0x00000074dfc00000,0x00000074dfd00000] [id=13852]
  0x000001fbb266c5c0 WorkerThread "G1 Conc#0" [stack: 0x00000074dfd00000,0x00000074dfe00000] [id=10760]
  0x000001fbd62269c0 WorkerThread "G1 Conc#1" [stack: 0x00000074e1800000,0x00000074e1900000] [id=10940]
  0x000001fbd6225340 WorkerThread "G1 Conc#2" [stack: 0x00000074e1900000,0x00000074e1a00000] [id=8336]
  0x000001fbb26be3f0 ConcurrentGCThread "G1 Refine#0" [stack: 0x00000074dfe00000,0x00000074dff00000] [id=892]
  0x000001fbd0c33170 ConcurrentGCThread "G1 Service" [stack: 0x00000074dff00000,0x00000074e0000000] [id=7964]

Threads with active compile tasks:
C2 CompilerThread0     3388 3055       4       java.util.Arrays::copyOf (40 bytes)
C2 CompilerThread1     3388 3050       4       jdk.internal.org.objectweb.asm.MethodWriter::visitVarInsn (302 bytes)

VM state: at safepoint (normal execution)

VM Mutex/Monitor currently owned by a thread:  ([mutex/lock_event])
[0x000001fbb25fa2e0] Threads_lock - owner thread: 0x000001fbd0d73490
[0x000001fbb25fa370] Heap_lock - owner thread: 0x000001fbb25fdb00

Heap address: 0x0000000089800000, size: 1896 MB, Compressed Oops mode: 32-bit

CDS archive(s) mapped at: [0x0000000800000000-0x0000000800c40000-0x0000000800c40000), size 12845056, SharedBaseAddress: 0x0000000800000000, ArchiveRelocationMode: 0.
Compressed class space mapped at: 0x0000000801000000-0x0000000841000000, reserved size: 1073741824
Narrow klass base: 0x0000000800000000, Narrow klass shift: 0, Narrow klass range: 0x100000000

GC Precious Log:
 CardTable entry size: 512
 Card Set container configuration: InlinePtr #cards 5 size 8 Array Of Cards #cards 12 size 40 Howl #buckets 4 coarsen threshold 1843 Howl Bitmap #cards 512 size 80 coarsen threshold 460 Card regions per heap region 1 cards per card region 2048
 CPUs: 12 total, 12 available
 Memory: 7579M
 Large Page Support: Disabled
 NUMA Support: Disabled
 Compressed Oops: Enabled (32-bit)
 Heap Region Size: 1M
 Heap Min Capacity: 8M
 Heap Initial Capacity: 120M
 Heap Max Capacity: 1896M
 Pre-touch: Disabled
 Parallel Workers: 10
 Concurrent Workers: 3
 Concurrent Refinement Workers: 10
 Periodic GC: Disabled

Heap:
 garbage-first heap   total 55296K, used 24083K [0x0000000089800000, 0x0000000100000000)
  region size 1024K, 2 young (2048K), 2 survivors (2048K)
 Metaspace       used 32818K, committed 33216K, reserved 1114112K
  class space    used 4049K, committed 4224K, reserved 1048576K

Heap Regions: E=young(eden), S=young(survivor), O=old, HS=humongous(starts), HC=humongous(continues), CS=collection set, F=free, OA=open archive, CA=closed archive, TAMS=top-at-mark-start (previous, next)
|   0|0x0000000089800000, 0x0000000089900000, 0x0000000089900000|100%|HS|  |TAMS 0x0000000089900000, 0x0000000089800000| Complete 
|   1|0x0000000089900000, 0x0000000089a00000, 0x0000000089a00000|100%|HC|  |TAMS 0x0000000089a00000, 0x0000000089900000| Complete 
|   2|0x0000000089a00000, 0x0000000089b00000, 0x0000000089b00000|100%|HC|  |TAMS 0x0000000089b00000, 0x0000000089a00000| Complete 
|   3|0x0000000089b00000, 0x0000000089c00000, 0x0000000089c00000|100%| O|  |TAMS 0x0000000089c00000, 0x0000000089b00000| Untracked 
|   4|0x0000000089c00000, 0x0000000089d00000, 0x0000000089d00000|100%| O|  |TAMS 0x0000000089c00000, 0x0000000089c00000| Untracked 
|   5|0x0000000089d00000, 0x0000000089dedc00, 0x0000000089e00000| 92%| O|  |TAMS 0x0000000089dedc00, 0x0000000089d00000| Untracked 
|   6|0x0000000089e00000, 0x0000000089f00000, 0x0000000089f00000|100%|HS|  |TAMS 0x0000000089f00000, 0x0000000089e00000| Complete 
|   7|0x0000000089f00000, 0x000000008a000000, 0x000000008a000000|100%|HC|  |TAMS 0x000000008a000000, 0x0000000089f00000| Complete 
|   8|0x000000008a000000, 0x000000008a100000, 0x000000008a100000|100%|HC|  |TAMS 0x000000008a100000, 0x000000008a000000| Complete 
|   9|0x000000008a100000, 0x000000008a200000, 0x000000008a200000|100%| O|  |TAMS 0x000000008a100000, 0x000000008a100000| Untracked 
|  10|0x000000008a200000, 0x000000008a2bfe00, 0x000000008a300000| 74%| O|  |TAMS 0x000000008a200000, 0x000000008a200000| Untracked 
|  11|0x000000008a300000, 0x000000008a400000, 0x000000008a400000|100%| O|  |TAMS 0x000000008a300000, 0x000000008a300000| Untracked 
|  12|0x000000008a400000, 0x000000008a500000, 0x000000008a500000|100%| O|  |TAMS 0x000000008a400000, 0x000000008a400000| Untracked 
|  13|0x000000008a500000, 0x000000008a600000, 0x000000008a600000|100%| O|  |TAMS 0x000000008a500000, 0x000000008a500000| Untracked 
|  14|0x000000008a600000, 0x000000008a700000, 0x000000008a700000|100%| O|  |TAMS 0x000000008a600000, 0x000000008a600000| Untracked 
|  15|0x000000008a700000, 0x000000008a800000, 0x000000008a800000|100%| O|  |TAMS 0x000000008a700000, 0x000000008a700000| Untracked 
|  16|0x000000008a800000, 0x000000008a900000, 0x000000008a900000|100%| O|  |TAMS 0x000000008a800000, 0x000000008a800000| Untracked 
|  17|0x000000008a900000, 0x000000008aa00000, 0x000000008aa00000|100%| O|  |TAMS 0x000000008a900000, 0x000000008a900000| Untracked 
|  18|0x000000008aa00000, 0x000000008aa00000, 0x000000008ab00000|  0%| F|  |TAMS 0x000000008aa00000, 0x000000008aa00000| Untracked 
|  19|0x000000008ab00000, 0x000000008ab00000, 0x000000008ac00000|  0%| F|  |TAMS 0x000000008ab00000, 0x000000008ab00000| Untracked 
|  20|0x000000008ac00000, 0x000000008ac00000, 0x000000008ad00000|  0%| F|  |TAMS 0x000000008ac00000, 0x000000008ac00000| Untracked 
|  21|0x000000008ad00000, 0x000000008ad00000, 0x000000008ae00000|  0%| F|  |TAMS 0x000000008ad00000, 0x000000008ad00000| Untracked 
|  22|0x000000008ae00000, 0x000000008af00000, 0x000000008af00000|100%| O|  |TAMS 0x000000008ae00000, 0x000000008ae00000| Untracked 
|  23|0x000000008af00000, 0x000000008b000000, 0x000000008b000000|100%| O|  |TAMS 0x000000008af00000, 0x000000008af00000| Untracked 
|  24|0x000000008b000000, 0x000000008b100000, 0x000000008b100000|100%| O|  |TAMS 0x000000008b000000, 0x000000008b000000| Untracked 
|  25|0x000000008b100000, 0x000000008b200000, 0x000000008b200000|100%| O|  |TAMS 0x000000008b100000, 0x000000008b100000| Untracked 
|  26|0x000000008b200000, 0x000000008b200000, 0x000000008b300000|  0%| F|  |TAMS 0x000000008b200000, 0x000000008b200000| Untracked 
|  27|0x000000008b300000, 0x000000008b300000, 0x000000008b400000|  0%| F|  |TAMS 0x000000008b300000, 0x000000008b300000| Untracked 
|  28|0x000000008b400000, 0x000000008b400000, 0x000000008b500000|  0%| F|  |TAMS 0x000000008b400000, 0x000000008b400000| Untracked 
|  29|0x000000008b500000, 0x000000008b500000, 0x000000008b600000|  0%| F|  |TAMS 0x000000008b500000, 0x000000008b500000| Untracked 
|  30|0x000000008b600000, 0x000000008b600000, 0x000000008b700000|  0%| F|  |TAMS 0x000000008b600000, 0x000000008b600000| Untracked 
|  31|0x000000008b700000, 0x000000008b7d75a0, 0x000000008b800000| 84%| S|CS|TAMS 0x000000008b700000, 0x000000008b700000| Complete 
|  32|0x000000008b800000, 0x000000008b800000, 0x000000008b900000|  0%| F|  |TAMS 0x000000008b800000, 0x000000008b800000| Untracked 
|  33|0x000000008b900000, 0x000000008b900000, 0x000000008ba00000|  0%| F|  |TAMS 0x000000008b900000, 0x000000008b900000| Untracked 
|  34|0x000000008ba00000, 0x000000008ba00000, 0x000000008bb00000|  0%| F|  |TAMS 0x000000008ba00000, 0x000000008ba00000| Untracked 
|  35|0x000000008bb00000, 0x000000008bc00000, 0x000000008bc00000|100%| S|CS|TAMS 0x000000008bb00000, 0x000000008bb00000| Complete 
|  36|0x000000008bc00000, 0x000000008bc00000, 0x000000008bd00000|  0%| F|  |TAMS 0x000000008bc00000, 0x000000008bc00000| Untracked 
|  37|0x000000008bd00000, 0x000000008bd00000, 0x000000008be00000|  0%| F|  |TAMS 0x000000008bd00000, 0x000000008bd00000| Untracked 
|  38|0x000000008be00000, 0x000000008be00000, 0x000000008bf00000|  0%| F|  |TAMS 0x000000008be00000, 0x000000008be00000| Untracked 
|  39|0x000000008bf00000, 0x000000008bf00000, 0x000000008c000000|  0%| F|  |TAMS 0x000000008bf00000, 0x000000008bf00000| Untracked 
|  40|0x000000008c000000, 0x000000008c000000, 0x000000008c100000|  0%| F|  |TAMS 0x000000008c000000, 0x000000008c000000| Untracked 
|  41|0x000000008c100000, 0x000000008c100000, 0x000000008c200000|  0%| F|  |TAMS 0x000000008c100000, 0x000000008c100000| Untracked 
|  42|0x000000008c200000, 0x000000008c200000, 0x000000008c300000|  0%| F|  |TAMS 0x000000008c200000, 0x000000008c200000| Untracked 
|  43|0x000000008c300000, 0x000000008c300000, 0x000000008c400000|  0%| F|  |TAMS 0x000000008c300000, 0x000000008c300000| Untracked 
|  44|0x000000008c400000, 0x000000008c400000, 0x000000008c500000|  0%| F|  |TAMS 0x000000008c400000, 0x000000008c400000| Untracked 
|  45|0x000000008c500000, 0x000000008c500000, 0x000000008c600000|  0%| F|  |TAMS 0x000000008c500000, 0x000000008c500000| Untracked 
|  46|0x000000008c600000, 0x000000008c600000, 0x000000008c700000|  0%| F|  |TAMS 0x000000008c600000, 0x000000008c600000| Untracked 
|  91|0x000000008f300000, 0x000000008f300000, 0x000000008f400000|  0%| F|  |TAMS 0x000000008f300000, 0x000000008f300000| Untracked 
|  92|0x000000008f400000, 0x000000008f400000, 0x000000008f500000|  0%| F|  |TAMS 0x000000008f400000, 0x000000008f400000| Untracked 
|  93|0x000000008f500000, 0x000000008f500000, 0x000000008f600000|  0%| F|  |TAMS 0x000000008f500000, 0x000000008f500000| Untracked 
|  94|0x000000008f600000, 0x000000008f600000, 0x000000008f700000|  0%| F|  |TAMS 0x000000008f600000, 0x000000008f600000| Untracked 
|  95|0x000000008f700000, 0x000000008f700000, 0x000000008f800000|  0%| F|  |TAMS 0x000000008f700000, 0x000000008f700000| Untracked 
|  96|0x000000008f800000, 0x000000008f800000, 0x000000008f900000|  0%| F|  |TAMS 0x000000008f800000, 0x000000008f800000| Untracked 
| 119|0x0000000090f00000, 0x0000000090f00000, 0x0000000091000000|  0%| F|  |TAMS 0x0000000090f00000, 0x0000000090f00000| Untracked 

Card table byte_map: [0x000001fbc9e70000,0x000001fbca230000] _byte_map_base: 0x000001fbc9a24000

Marking Bits (Prev, Next): (CMBitMap*) 0x000001fbb265c5a0, (CMBitMap*) 0x000001fbb265c560
 Prev Bits: [0x000001fbcc390000, 0x000001fbce130000)
 Next Bits: [0x000001fbca5f0000, 0x000001fbcc390000)

Polling page: 0x000001fbb0350000

Metaspace:

Usage:
  Non-class:     28.09 MB used.
      Class:      3.95 MB used.
       Both:     32.05 MB used.

Virtual space:
  Non-class space:       64.00 MB reserved,      28.31 MB ( 44%) committed,  1 nodes.
      Class space:        1.00 GB reserved,       4.12 MB ( <1%) committed,  1 nodes.
             Both:        1.06 GB reserved,      32.44 MB (  3%) committed. 

Chunk freelists:
   Non-Class:  3.12 MB
       Class:  3.90 MB
        Both:  7.01 MB

MaxMetaspaceSize: unlimited
CompressedClassSpaceSize: 1.00 GB
Initial GC threshold: 21.00 MB
Current GC threshold: 35.12 MB
CDS: on
MetaspaceReclaimPolicy: balanced
 - commit_granule_bytes: 65536.
 - commit_granule_words: 8192.
 - virtual_space_node_default_size: 8388608.
 - enlarge_chunks_in_place: 1.
 - new_chunks_are_fully_committed: 0.
 - uncommit_free_chunks: 1.
 - use_allocation_guard: 0.


Internal statistics:

num_allocs_failed_limit: 3.
num_arena_births: 418.
num_arena_deaths: 0.
num_vsnodes_births: 2.
num_vsnodes_deaths: 0.
num_space_committed: 518.
num_space_uncommitted: 0.
num_chunks_returned_to_freelist: 3.
num_chunks_taken_from_freelist: 1544.
num_chunk_merges: 3.
num_chunk_splits: 1195.
num_chunks_enlarged: 1013.
num_inconsistent_stats: 0.

CodeHeap 'non-profiled nmethods': size=120000Kb used=1225Kb max_used=1225Kb free=118775Kb
 bounds [0x000001fbc2030000, 0x000001fbc22a0000, 0x000001fbc9560000]
CodeHeap 'profiled nmethods': size=120000Kb used=5896Kb max_used=5896Kb free=114103Kb
 bounds [0x000001fbba560000, 0x000001fbbab30000, 0x000001fbc1a90000]
CodeHeap 'non-nmethods': size=5760Kb used=1358Kb max_used=1404Kb free=4401Kb
 bounds [0x000001fbc1a90000, 0x000001fbc1d00000, 0x000001fbc2030000]
 total_blobs=3644 nmethods=3053 adapters=501
 compilation: enabled
              stopped_count=0, restarted_count=0
 full_count=0

Compilation events (20 events):
Event: 3.366 Thread 0x000001fbd0d930b0 3043       3       java.lang.invoke.DelegatingMethodHandle::whichKind (44 bytes)
Event: 3.366 Thread 0x000001fbd0d930b0 nmethod 3043 0x000001fbbab1e710 code [0x000001fbbab1e8c0, 0x000001fbbab1ea98]
Event: 3.367 Thread 0x000001fbd0d930b0 3044       1       org.jetbrains.kotlin.container.ConstructorBinding::getArgumentDescriptors (5 bytes)
Event: 3.367 Thread 0x000001fbd0d930b0 nmethod 3044 0x000001fbc2161790 code [0x000001fbc2161920, 0x000001fbc21619d8]
Event: 3.368 Thread 0x000001fbd5139a00 3047       4       java.lang.invoke.LambdaForm$BasicType::basicType (187 bytes)
Event: 3.368 Thread 0x000001fbd0d930b0 3048       3       java.lang.invoke.LambdaFormBuffer::replaceName (124 bytes)
Event: 3.368 Thread 0x000001fbd0d930b0 nmethod 3048 0x000001fbbab1eb10 code [0x000001fbbab1ecc0, 0x000001fbbab1ee68]
Event: 3.368 Thread 0x000001fbd0d930b0 3049       3       jdk.internal.org.objectweb.asm.FieldWriter::putFieldInfo (269 bytes)
Event: 3.369 Thread 0x000001fbd5139a00 nmethod 3047 0x000001fbc2162090 code [0x000001fbc2162220, 0x000001fbc2162318]
Event: 3.369 Thread 0x000001fbd5139a00 3050       4       jdk.internal.org.objectweb.asm.MethodWriter::visitVarInsn (302 bytes)
Event: 3.369 Thread 0x000001fbd0d930b0 nmethod 3049 0x000001fbbab1ef90 code [0x000001fbbab1f220, 0x000001fbbab1fb68]
Event: 3.369 Thread 0x000001fbd0d930b0 3051       3       java.util.ImmutableCollections$List12::<init> (20 bytes)
Event: 3.369 Thread 0x000001fbd0d930b0 nmethod 3051 0x000001fbbab1ff10 code [0x000001fbbab20100, 0x000001fbbab205a8]
Event: 3.370 Thread 0x000001fbd0d930b0 3052       3       java.lang.invoke.LambdaFormBuffer::insertExpression (30 bytes)
Event: 3.370 Thread 0x000001fbd0d930b0 nmethod 3052 0x000001fbbab20790 code [0x000001fbbab20940, 0x000001fbbab20aa8]
Event: 3.370 Thread 0x000001fbd0d930b0 3053       3       jdk.internal.org.objectweb.asm.ClassVisitor::<init> (78 bytes)
Event: 3.371 Thread 0x000001fbd0d930b0 nmethod 3053 0x000001fbbab20b90 code [0x000001fbbab20dc0, 0x000001fbbab21588]
Event: 3.371 Thread 0x000001fbd0d930b0 3054       3       jdk.internal.org.objectweb.asm.SymbolTable::<init> (41 bytes)
Event: 3.371 Thread 0x000001fbd0d930b0 nmethod 3054 0x000001fbbab21890 code [0x000001fbbab21a60, 0x000001fbbab21fd8]
Event: 3.371 Thread 0x000001fbd0d92740 3055       4       java.util.Arrays::copyOf (40 bytes)

GC Heap History (13 events):
Event: 0.651 GC heap before
{Heap before GC invocations=0 (full 0):
 garbage-first heap   total 122880K, used 26624K [0x0000000089800000, 0x0000000100000000)
  region size 1024K, 23 young (23552K), 0 survivors (0K)
 Metaspace       used 6741K, committed 6912K, reserved 1114112K
  class space    used 659K, committed 768K, reserved 1048576K
}
Event: 0.657 GC heap after
{Heap after GC invocations=1 (full 0):
 garbage-first heap   total 122880K, used 6080K [0x0000000089800000, 0x0000000100000000)
  region size 1024K, 3 young (3072K), 3 survivors (3072K)
 Metaspace       used 6741K, committed 6912K, reserved 1114112K
  class space    used 659K, committed 768K, reserved 1048576K
}
Event: 1.286 GC heap before
{Heap before GC invocations=1 (full 0):
 garbage-first heap   total 122880K, used 39872K [0x0000000089800000, 0x0000000100000000)
  region size 1024K, 36 young (36864K), 3 survivors (3072K)
 Metaspace       used 14393K, committed 14656K, reserved 1114112K
  class space    used 1591K, committed 1728K, reserved 1048576K
}
Event: 1.301 GC heap after
{Heap after GC invocations=2 (full 0):
 garbage-first heap   total 122880K, used 9571K [0x0000000089800000, 0x0000000100000000)
  region size 1024K, 4 young (4096K), 4 survivors (4096K)
 Metaspace       used 14393K, committed 14656K, reserved 1114112K
  class space    used 1591K, committed 1728K, reserved 1048576K
}
Event: 1.815 GC heap before
{Heap before GC invocations=2 (full 0):
 garbage-first heap   total 122880K, used 35171K [0x0000000089800000, 0x0000000100000000)
  region size 1024K, 27 young (27648K), 4 survivors (4096K)
 Metaspace       used 21219K, committed 21504K, reserved 1114112K
  class space    used 2576K, committed 2688K, reserved 1048576K
}
Event: 1.827 GC heap after
{Heap after GC invocations=3 (full 0):
 garbage-first heap   total 122880K, used 14867K [0x0000000089800000, 0x0000000100000000)
  region size 1024K, 6 young (6144K), 6 survivors (6144K)
 Metaspace       used 21219K, committed 21504K, reserved 1114112K
  class space    used 2576K, committed 2688K, reserved 1048576K
}
Event: 2.477 GC heap before
{Heap before GC invocations=4 (full 0):
 garbage-first heap   total 55296K, used 43539K [0x0000000089800000, 0x0000000100000000)
  region size 1024K, 32 young (32768K), 6 survivors (6144K)
 Metaspace       used 25667K, committed 25984K, reserved 1114112K
  class space    used 3371K, committed 3520K, reserved 1048576K
}
Event: 2.499 GC heap after
{Heap after GC invocations=5 (full 0):
 garbage-first heap   total 55296K, used 21272K [0x0000000089800000, 0x0000000100000000)
  region size 1024K, 4 young (4096K), 4 survivors (4096K)
 Metaspace       used 25667K, committed 25984K, reserved 1114112K
  class space    used 3371K, committed 3520K, reserved 1048576K
}
Event: 2.525 GC heap before
{Heap before GC invocations=5 (full 0):
 garbage-first heap   total 55296K, used 22296K [0x0000000089800000, 0x0000000100000000)
  region size 1024K, 5 young (5120K), 4 survivors (4096K)
 Metaspace       used 25959K, committed 26240K, reserved 1114112K
  class space    used 3397K, committed 3520K, reserved 1048576K
}
Event: 2.532 GC heap after
{Heap after GC invocations=6 (full 0):
 garbage-first heap   total 55296K, used 22275K [0x0000000089800000, 0x0000000100000000)
  region size 1024K, 1 young (1024K), 1 survivors (1024K)
 Metaspace       used 25959K, committed 26240K, reserved 1114112K
  class space    used 3397K, committed 3520K, reserved 1048576K
}
Event: 2.977 GC heap before
{Heap before GC invocations=6 (full 0):
 garbage-first heap   total 55296K, used 39683K [0x0000000089800000, 0x0000000100000000)
  region size 1024K, 19 young (19456K), 1 survivors (1024K)
 Metaspace       used 29329K, committed 29632K, reserved 1114112K
  class space    used 3747K, committed 3904K, reserved 1048576K
}
Event: 2.983 GC heap after
{Heap after GC invocations=7 (full 0):
 garbage-first heap   total 55296K, used 22228K [0x0000000089800000, 0x0000000100000000)
  region size 1024K, 3 young (3072K), 3 survivors (3072K)
 Metaspace       used 29329K, committed 29632K, reserved 1114112K
  class space    used 3747K, committed 3904K, reserved 1048576K
}
Event: 3.372 GC heap before
{Heap before GC invocations=7 (full 0):
 garbage-first heap   total 55296K, used 39636K [0x0000000089800000, 0x0000000100000000)
  region size 1024K, 21 young (21504K), 3 survivors (3072K)
 Metaspace       used 32818K, committed 33216K, reserved 1114112K
  class space    used 4049K, committed 4224K, reserved 1048576K
}

Dll operation events (7 events):
Event: 0.008 Loaded shared library C:\Program Files\Java\jdk-19\bin\java.dll
Event: 0.019 Loaded shared library C:\Program Files\Java\jdk-19\bin\jsvml.dll
Event: 0.083 Loaded shared library C:\Program Files\Java\jdk-19\bin\net.dll
Event: 0.270 Loaded shared library C:\Program Files\Java\jdk-19\bin\nio.dll
Event: 0.288 Loaded shared library C:\Program Files\Java\jdk-19\bin\zip.dll
Event: 0.486 Loaded shared library C:\Program Files\Java\jdk-19\bin\jimage.dll
Event: 1.072 Loaded shared library C:\Program Files\Java\jdk-19\bin\verify.dll

Deoptimization events (20 events):
Event: 3.185 Thread 0x000001fbb25fdb00 Uncommon trap: trap_request=0xffffffd6 fr.pc=0x000001fbc214f57c relative=0x00000000000004dc
Event: 3.185 Thread 0x000001fbb25fdb00 Uncommon trap: reason=array_check action=maybe_recompile pc=0x000001fbc214f57c method=java.util.LinkedHashMap.valuesToArray([Ljava/lang/Object;)[Ljava/lang/Object; @ 25 c2
Event: 3.185 Thread 0x000001fbb25fdb00 DEOPT PACKING pc=0x000001fbc214f57c sp=0x00000074dfafda10
Event: 3.185 Thread 0x000001fbb25fdb00 DEOPT UNPACKING pc=0x000001fbc1af6da3 sp=0x00000074dfafd9b8 mode 2
Event: 3.206 Thread 0x000001fbb25fdb00 Uncommon trap: trap_request=0xffffff45 fr.pc=0x000001fbc20bedc8 relative=0x0000000000001948
Event: 3.206 Thread 0x000001fbb25fdb00 Uncommon trap: reason=unstable_if action=reinterpret pc=0x000001fbc20bedc8 method=jdk.internal.org.objectweb.asm.Frame.execute(IILjdk/internal/org/objectweb/asm/Symbol;Ljdk/internal/org/objectweb/asm/SymbolTable;)V @ 1 c2
Event: 3.206 Thread 0x000001fbb25fdb00 DEOPT PACKING pc=0x000001fbc20bedc8 sp=0x00000074dfafd1e0
Event: 3.206 Thread 0x000001fbb25fdb00 DEOPT UNPACKING pc=0x000001fbc1af6da3 sp=0x00000074dfafd170 mode 2
Event: 3.278 Thread 0x000001fbb25fdb00 Uncommon trap: trap_request=0xffffff45 fr.pc=0x000001fbc2139930 relative=0x0000000000000210
Event: 3.278 Thread 0x000001fbb25fdb00 Uncommon trap: reason=unstable_if action=reinterpret pc=0x000001fbc2139930 method=jdk.internal.org.objectweb.asm.Frame.push(I)V @ 26 c2
Event: 3.278 Thread 0x000001fbb25fdb00 DEOPT PACKING pc=0x000001fbc2139930 sp=0x00000074dfafcfd0
Event: 3.278 Thread 0x000001fbb25fdb00 DEOPT UNPACKING pc=0x000001fbc1af6da3 sp=0x00000074dfafcf78 mode 2
Event: 3.344 Thread 0x000001fbb25fdb00 Uncommon trap: trap_request=0xffffff45 fr.pc=0x000001fbc20579c4 relative=0x0000000000000424
Event: 3.344 Thread 0x000001fbb25fdb00 Uncommon trap: reason=unstable_if action=reinterpret pc=0x000001fbc20579c4 method=java.lang.StringLatin1.indexOf([BI[BII)I @ 27 c2
Event: 3.344 Thread 0x000001fbb25fdb00 DEOPT PACKING pc=0x000001fbc20579c4 sp=0x00000074dfafc700
Event: 3.344 Thread 0x000001fbb25fdb00 DEOPT UNPACKING pc=0x000001fbc1af6da3 sp=0x00000074dfafc660 mode 2
Event: 3.369 Thread 0x000001fbb25fdb00 Uncommon trap: trap_request=0xffffffcc fr.pc=0x000001fbc21610c8 relative=0x0000000000000328
Event: 3.369 Thread 0x000001fbb25fdb00 Uncommon trap: reason=intrinsic_or_type_checked_inlining action=make_not_entrant pc=0x000001fbc21610c8 method=java.util.Arrays.copyOf([Ljava/lang/Object;ILjava/lang/Class;)[Ljava/lang/Object; @ 35 c2
Event: 3.369 Thread 0x000001fbb25fdb00 DEOPT PACKING pc=0x000001fbc21610c8 sp=0x00000074dfafc0d0
Event: 3.369 Thread 0x000001fbb25fdb00 DEOPT UNPACKING pc=0x000001fbc1af6da3 sp=0x00000074dfafc060 mode 2

Classes loaded (20 events):
Event: 2.842 Loading class sun/reflect/generics/tree/Wildcard
Event: 2.842 Loading class sun/reflect/generics/tree/Wildcard done
Event: 2.842 Loading class sun/reflect/generics/tree/VoidDescriptor
Event: 2.842 Loading class sun/reflect/generics/tree/VoidDescriptor done
Event: 2.842 Loading class sun/reflect/generics/tree/MethodTypeSignature
Event: 2.842 Loading class sun/reflect/generics/tree/MethodTypeSignature done
Event: 2.842 Loading class sun/reflect/generics/reflectiveObjects/WildcardTypeImpl
Event: 2.842 Loading class java/lang/reflect/WildcardType
Event: 2.842 Loading class java/lang/reflect/WildcardType done
Event: 2.842 Loading class sun/reflect/generics/reflectiveObjects/WildcardTypeImpl done
Event: 2.949 Loading class java/lang/TypeNotPresentException
Event: 2.949 Loading class java/lang/TypeNotPresentException done
Event: 3.038 Loading class sun/reflect/generics/scope/MethodScope
Event: 3.038 Loading class sun/reflect/generics/scope/MethodScope done
Event: 3.038 Loading class sun/reflect/generics/repository/MethodRepository
Event: 3.039 Loading class sun/reflect/generics/repository/MethodRepository done
Event: 3.282 Loading class java/lang/invoke/BoundMethodHandle$Species_LLLLLLLLLL
Event: 3.282 Loading class java/lang/invoke/BoundMethodHandle$Species_LLLLLLLLLL done
Event: 3.285 Loading class java/lang/invoke/BoundMethodHandle$Species_LLLLLLLLLLL
Event: 3.285 Loading class java/lang/invoke/BoundMethodHandle$Species_LLLLLLLLLLL done

Classes unloaded (0 events):
No events

Classes redefined (0 events):
No events

Internal exceptions (20 events):
Event: 1.317 Thread 0x000001fbb25fdb00 Exception <a 'java/lang/NoSuchMethodError'{0x0000000090fc5218}: 'int java.lang.invoke.DirectMethodHandle$Holder.invokeStaticInit(java.lang.Object, java.lang.Object)'> (0x0000000090fc5218) 
thrown [s\open\src\hotspot\share\interpreter\linkResolver.cpp, line 774]
Event: 1.570 Thread 0x000001fbb25fdb00 Exception <a 'sun/nio/fs/WindowsException'{0x00000000903426c8}> (0x00000000903426c8) 
thrown [s\open\src\hotspot\share\prims\jni.cpp, line 517]
Event: 1.570 Thread 0x000001fbb25fdb00 Exception <a 'sun/nio/fs/WindowsException'{0x0000000090342f50}> (0x0000000090342f50) 
thrown [s\open\src\hotspot\share\prims\jni.cpp, line 517]
Event: 1.570 Thread 0x000001fbb25fdb00 Exception <a 'sun/nio/fs/WindowsException'{0x00000000903437e8}> (0x00000000903437e8) 
thrown [s\open\src\hotspot\share\prims\jni.cpp, line 517]
Event: 1.570 Thread 0x000001fbb25fdb00 Exception <a 'sun/nio/fs/WindowsException'{0x00000000903441f0}> (0x00000000903441f0) 
thrown [s\open\src\hotspot\share\prims\jni.cpp, line 517]
Event: 1.570 Thread 0x000001fbb25fdb00 Exception <a 'sun/nio/fs/WindowsException'{0x0000000090344b08}> (0x0000000090344b08) 
thrown [s\open\src\hotspot\share\prims\jni.cpp, line 517]
Event: 1.570 Thread 0x000001fbb25fdb00 Exception <a 'sun/nio/fs/WindowsException'{0x0000000090345450}> (0x0000000090345450) 
thrown [s\open\src\hotspot\share\prims\jni.cpp, line 517]
Event: 1.573 Thread 0x000001fbb25fdb00 Exception <a 'java/lang/NoSuchMethodError'{0x000000009034e890}: 'void java.lang.invoke.DirectMethodHandle$Holder.invokeStatic(java.lang.Object, java.lang.Object, java.lang.Object, java.lang.Object)'> (0x000000009034e890) 
thrown [s\open\src\hotspot\share\interpreter\linkResolver.cpp, line 774]
Event: 1.643 Thread 0x000001fbb25fdb00 Exception <a 'java/lang/NoSuchMethodError'{0x00000000900d92e8}: 'void java.lang.invoke.DirectMethodHandle$Holder.invokeStaticInit(java.lang.Object, java.lang.Object)'> (0x00000000900d92e8) 
thrown [s\open\src\hotspot\share\interpreter\linkResolver.cpp, line 774]
Event: 1.695 Thread 0x000001fbb25fdb00 Exception <a 'java/lang/NoSuchMethodError'{0x000000008fda2bd0}: 'void java.lang.invoke.Invokers$Holder.invokeExact_MT(java.lang.Object, int, java.lang.Object)'> (0x000000008fda2bd0) 
thrown [s\open\src\hotspot\share\interpreter\linkResolver.cpp, line 774]
Event: 1.716 Thread 0x000001fbb25fdb00 Exception <a 'java/lang/NoSuchMethodError'{0x000000008fca77a0}: 'void java.lang.invoke.DirectMethodHandle$Holder.invokeVirtual(java.lang.Object, java.lang.Object)'> (0x000000008fca77a0) 
thrown [s\open\src\hotspot\share\interpreter\linkResolver.cpp, line 774]
Event: 1.727 Thread 0x000001fbb25fdb00 Exception <a 'java/lang/NoSuchMethodError'{0x000000008fb1be28}: 'int java.lang.invoke.DirectMethodHandle$Holder.invokeVirtual(java.lang.Object, java.lang.Object)'> (0x000000008fb1be28) 
thrown [s\open\src\hotspot\share\interpreter\linkResolver.cpp, line 774]
Event: 1.746 Thread 0x000001fbb25fdb00 Exception <a 'java/lang/NoSuchMethodError'{0x000000008fbe3e10}: 'java.lang.Object java.lang.invoke.Invokers$Holder.invokeExact_MT(java.lang.Object, java.lang.Object, java.lang.Object, java.lang.Object, java.lang.Object, java.lang.Object)'> (0x000000008fbe3e10) 
thrown [s\open\src\hotspot\share\interpreter\linkResolver.cpp, line 774]
Event: 2.589 Thread 0x000001fbb25fdb00 Exception <a 'java/lang/NoSuchMethodError'{0x000000008f535be0}: 'java.lang.Object java.lang.invoke.DirectMethodHandle$Holder.invokeVirtual(java.lang.Object, java.lang.Object, java.lang.Object)'> (0x000000008f535be0) 
thrown [s\open\src\hotspot\share\interpreter\linkResolver.cpp, line 774]
Event: 3.202 Thread 0x000001fbb25fdb00 Exception <a 'java/lang/NoSuchMethodError'{0x000000008c3114e8}: 'java.lang.Object java.lang.invoke.DirectMethodHandle$Holder.newInvokeSpecial(java.lang.Object, java.lang.Object, java.lang.Object, java.lang.Object, java.lang.Object, java.lang.Object, java.lang.Object, java.lang.Object, java.lang.Object)'> (0x000000008c3114e8) 
thrown [s\open\src\hotspot\share\interpreter\linkResolver.cpp, line 774]
Event: 3.264 Thread 0x000001fbb25fdb00 Exception <a 'java/lang/NoSuchMethodError'{0x000000008c157098}: 'java.lang.Object java.lang.invoke.DirectMethodHandle$Holder.newInvokeSpecial(java.lang.Object, java.lang.Object, java.lang.Object, java.lang.Object, java.lang.Object, java.lang.Object, java.lang.Object)'> (0x000000008c157098) 
thrown [s\open\src\hotspot\share\interpreter\linkResolver.cpp, line 774]
Event: 3.278 Thread 0x000001fbb25fdb00 Exception <a 'java/lang/NoSuchMethodError'{0x000000008c1e7fb8}: 'java.lang.Object java.lang.invoke.DirectMethodHandle$Holder.newInvokeSpecial(java.lang.Object, java.lang.Object, java.lang.Object, java.lang.Object, java.lang.Object, java.lang.Object, java.lang.Object, java.lang.Object, java.lang.Object, java.lang.Object, java.lang.Object)'> (0x000000008c1e7fb8) 
thrown [s\open\src\hotspot\share\interpreter\linkResolver.cpp, line 774]
Event: 3.283 Thread 0x000001fbb25fdb00 Exception <a 'java/lang/NoSuchMethodError'{0x000000008c029b88}: 'java.lang.Object java.lang.invoke.DirectMethodHandle$Holder.invokeStatic(java.lang.Object, java.lang.Object, java.lang.Object, java.lang.Object, java.lang.Object, java.lang.Object, java.lang.Object, java.lang.Object, java.lang.Object, java.lang.Object, java.lang.Object, java.lang.Object, java.lang.Object)'> (0x000000008c029b88) 
thrown [s\open\src\hotspot\share\interpreter\linkResolver.cpp, line 774]
Event: 3.286 Thread 0x000001fbb25fdb00 Exception <a 'java/lang/NoSuchMethodError'{0x000000008c048d60}: 'java.lang.Object java.lang.invoke.DirectMethodHandle$Holder.invokeStatic(java.lang.Object, java.lang.Object, java.lang.Object, java.lang.Object, java.lang.Object, java.lang.Object, java.lang.Object, java.lang.Object, java.lang.Object, java.lang.Object, java.lang.Object, java.lang.Object, java.lang.Object, java.lang.Object)'> (0x000000008c048d60) 
thrown [s\open\src\hotspot\share\interpreter\linkResolver.cpp, line 774]
Event: 3.367 Thread 0x000001fbb25fdb00 Exception <a 'java/lang/NoSuchMethodError'{0x000000008bcb0c60}: 'java.lang.Object java.lang.invoke.DirectMethodHandle$Holder.newInvokeSpecial(java.lang.Object, java.lang.Object, java.lang.Object, java.lang.Object, java.lang.Object, java.lang.Object, java.lang.Object, java.lang.Object)'> (0x000000008bcb0c60) 
thrown [s\open\src\hotspot\share\interpreter\linkResolver.cpp, line 774]

VM Operations (20 events):
Event: 1.443 Executing VM operation: HandshakeAllThreads done
Event: 1.443 Executing VM operation: HandshakeAllThreads
Event: 1.443 Executing VM operation: HandshakeAllThreads done
Event: 1.443 Executing VM operation: HandshakeAllThreads
Event: 1.443 Executing VM operation: HandshakeAllThreads done
Event: 1.815 Executing VM operation: CollectForMetadataAllocation
Event: 1.827 Executing VM operation: CollectForMetadataAllocation done
Event: 1.837 Executing VM operation: G1PauseRemark
Event: 1.841 Executing VM operation: G1PauseRemark done
Event: 1.843 Executing VM operation: G1PauseCleanup
Event: 1.845 Executing VM operation: G1PauseCleanup done
Event: 2.477 Executing VM operation: G1CollectForAllocation
Event: 2.499 Executing VM operation: G1CollectForAllocation done
Event: 2.525 Executing VM operation: G1CollectForAllocation
Event: 2.532 Executing VM operation: G1CollectForAllocation done
Event: 2.977 Executing VM operation: G1CollectForAllocation
Event: 2.983 Executing VM operation: G1CollectForAllocation done
Event: 3.039 Executing VM operation: HandshakeAllThreads
Event: 3.039 Executing VM operation: HandshakeAllThreads done
Event: 3.372 Executing VM operation: G1CollectForAllocation

Events (13 events):
Event: 0.020 Thread 0x000001fbb25fdb00 Thread added: 0x000001fbb25fdb00
Event: 0.048 Thread 0x000001fbd0d8d3a0 Thread added: 0x000001fbd0d8d3a0
Event: 0.048 Thread 0x000001fbd0d8df90 Thread added: 0x000001fbd0d8df90
Event: 0.049 Thread 0x000001fbd0d8ef40 Thread added: 0x000001fbd0d8ef40
Event: 0.049 Thread 0x000001fbd0d90880 Thread added: 0x000001fbd0d90880
Event: 0.049 Thread 0x000001fbd0d911b0 Thread added: 0x000001fbd0d911b0
Event: 0.049 Thread 0x000001fbd0d91ae0 Thread added: 0x000001fbd0d91ae0
Event: 0.049 Thread 0x000001fbd0d92740 Thread added: 0x000001fbd0d92740
Event: 0.049 Thread 0x000001fbd0d930b0 Thread added: 0x000001fbd0d930b0
Event: 0.049 Thread 0x000001fbd0d95a30 Thread added: 0x000001fbd0d95a30
Event: 0.076 Thread 0x000001fbd50f1ea0 Thread added: 0x000001fbd50f1ea0
Event: 0.080 Thread 0x000001fbd50f5060 Thread added: 0x000001fbd50f5060
Event: 0.281 Thread 0x000001fbd5139a00 Thread added: 0x000001fbd5139a00


Dynamic libraries:
0x00007ff7fc420000 - 0x00007ff7fc430000 	C:\Program Files\Java\jdk-19\bin\java.exe
0x00007ff90d890000 - 0x00007ff90da88000 	C:\Windows\SYSTEM32\ntdll.dll
0x00007ff90d2e0000 - 0x00007ff90d39d000 	C:\Windows\System32\KERNEL32.DLL
0x00007ff90b230000 - 0x00007ff90b502000 	C:\Windows\System32\KERNELBASE.dll
0x00007ff90b510000 - 0x00007ff90b610000 	C:\Windows\System32\ucrtbase.dll
0x00007ff8f3ac0000 - 0x00007ff8f3ad8000 	C:\Program Files\Java\jdk-19\bin\jli.dll
0x00007ff8f2030000 - 0x00007ff8f204b000 	C:\Program Files\Java\jdk-19\bin\VCRUNTIME140.dll
0x00007ff90c970000 - 0x00007ff90ca1e000 	C:\Windows\System32\ADVAPI32.dll
0x00007ff90ce80000 - 0x00007ff90cf1e000 	C:\Windows\System32\msvcrt.dll
0x00007ff90ca40000 - 0x00007ff90cadc000 	C:\Windows\System32\sechost.dll
0x00007ff90d510000 - 0x00007ff90d635000 	C:\Windows\System32\RPCRT4.dll
0x00007ff90cf30000 - 0x00007ff90d0cd000 	C:\Windows\System32\USER32.dll
0x00007ff90b610000 - 0x00007ff90b632000 	C:\Windows\System32\win32u.dll
0x00007ff90ce50000 - 0x00007ff90ce7b000 	C:\Windows\System32\GDI32.dll
0x00007ff90b640000 - 0x00007ff90b74f000 	C:\Windows\System32\gdi32full.dll
0x00007ff8f65f0000 - 0x00007ff8f688a000 	C:\Windows\WinSxS\amd64_microsoft.windows.common-controls_6595b64144ccf1df_6.0.19041.1110_none_60b5254171f9507e\COMCTL32.dll
0x00007ff90b7e0000 - 0x00007ff90b87d000 	C:\Windows\System32\msvcp_win.dll
0x00007ff908df0000 - 0x00007ff908dfa000 	C:\Windows\SYSTEM32\VERSION.dll
0x00007ff90c040000 - 0x00007ff90c070000 	C:\Windows\System32\IMM32.DLL
0x00007ff8fa780000 - 0x00007ff8fa78c000 	C:\Program Files\Java\jdk-19\bin\vcruntime140_1.dll
0x00007ff8bf820000 - 0x00007ff8bf8ae000 	C:\Program Files\Java\jdk-19\bin\msvcp140.dll
0x00007ff8bd8f0000 - 0x00007ff8be5b0000 	C:\Program Files\Java\jdk-19\bin\server\jvm.dll
0x00007ff900ac0000 - 0x00007ff900ae7000 	C:\Windows\SYSTEM32\WINMM.dll
0x00007ff8f4580000 - 0x00007ff8f4589000 	C:\Windows\SYSTEM32\WSOCK32.dll
0x00007ff90d6f0000 - 0x00007ff90d75b000 	C:\Windows\System32\WS2_32.dll
0x00007ff9097f0000 - 0x00007ff909802000 	C:\Windows\SYSTEM32\kernel.appcore.dll
0x00007ff8f4340000 - 0x00007ff8f434a000 	C:\Program Files\Java\jdk-19\bin\jimage.dll
0x00007ff8fef50000 - 0x00007ff8ff134000 	C:\Windows\SYSTEM32\DBGHELP.DLL
0x00007ff8f8c80000 - 0x00007ff8f8cac000 	C:\Windows\SYSTEM32\dbgcore.DLL
0x00007ff90b750000 - 0x00007ff90b7d2000 	C:\Windows\System32\bcryptPrimitives.dll
0x00007ff8d56e0000 - 0x00007ff8d5706000 	C:\Program Files\Java\jdk-19\bin\java.dll
0x00007ff8bf740000 - 0x00007ff8bf817000 	C:\Program Files\Java\jdk-19\bin\jsvml.dll
0x00007ff90b8f0000 - 0x00007ff90c033000 	C:\Windows\System32\SHELL32.dll
0x00007ff909040000 - 0x00007ff9097d1000 	C:\Windows\SYSTEM32\windows.storage.dll
0x00007ff90c610000 - 0x00007ff90c964000 	C:\Windows\System32\combase.dll
0x00007ff90a990000 - 0x00007ff90a9c0000 	C:\Windows\SYSTEM32\Wldp.dll
0x00007ff90cae0000 - 0x00007ff90cb8d000 	C:\Windows\System32\SHCORE.dll
0x00007ff90d280000 - 0x00007ff90d2d5000 	C:\Windows\System32\shlwapi.dll
0x00007ff90aee0000 - 0x00007ff90aeff000 	C:\Windows\SYSTEM32\profapi.dll
0x00007ff8bd640000 - 0x00007ff8bd653000 	C:\Program Files\Java\jdk-19\bin\net.dll
0x00007ff8fe9b0000 - 0x00007ff8feabd000 	C:\Windows\SYSTEM32\WINHTTP.dll
0x00007ff8f3440000 - 0x00007ff8f344b000 	C:\Program Files\Common Files\SocksEscort\escortdrv.dll
0x00007ff90c070000 - 0x00007ff90c19a000 	C:\Windows\System32\ole32.dll
0x00007ff8f3400000 - 0x00007ff8f3432000 	C:\Program Files\Common Files\SocksEscort\escengine.dll
0x00007ff90a680000 - 0x00007ff90a6ea000 	C:\Windows\system32\mswsock.dll
0x00007ff8be6e0000 - 0x00007ff8be6f6000 	C:\Program Files\Java\jdk-19\bin\nio.dll
0x00007ff8be6c0000 - 0x00007ff8be6d8000 	C:\Program Files\Java\jdk-19\bin\zip.dll
0x00007ff8d56d0000 - 0x00007ff8d56e0000 	C:\Program Files\Java\jdk-19\bin\verify.dll

dbghelp: loaded successfully - version: 4.0.5 - missing functions: none
symbol engine: initialized successfully - sym options: 0x614 - pdb path: .;C:\Program Files\Java\jdk-19\bin;C:\Windows\SYSTEM32;C:\Windows\WinSxS\amd64_microsoft.windows.common-controls_6595b64144ccf1df_6.0.19041.1110_none_60b5254171f9507e;C:\Program Files\Java\jdk-19\bin\server;C:\Program Files\Common Files\SocksEscort

VM Arguments:
java_command: org.jetbrains.kotlin.cli.jvm.K2JVMCompiler @D:\study\da_nen_tang\facebook-app-clone\node_modules\react-native-gesture-handler\android\build\20231226_16244807560324039330.compiler.options
java_class_path (initial): C:\Users\ADMIN\.gradle\caches\modules-2\files-2.1\org.jetbrains.kotlin\kotlin-compiler-embeddable\1.6.21\97bdd5a752ce73b58ef16c17bc7f0ea2faff7a2e\kotlin-compiler-embeddable-1.6.21.jar;C:\Users\ADMIN\.gradle\caches\modules-2\files-2.1\org.jetbrains.kotlin\kotlin-reflect\1.6.21\5dc3574d9b7bebfcb4ec6b10ada4aaa9e140bd0b\kotlin-reflect-1.6.21.jar;C:\Users\ADMIN\.gradle\caches\modules-2\files-2.1\org.jetbrains.kotlin\kotlin-stdlib\1.6.21\11ef67f1900634fd951bad28c53ec957fabbe5b8\kotlin-stdlib-1.6.21.jar;C:\Users\ADMIN\.gradle\caches\modules-2\files-2.1\org.jetbrains.kotlin\kotlin-script-runtime\1.6.21\99c6675100da5d6d5b1c5a1032f27f28008d101b\kotlin-script-runtime-1.6.21.jar;C:\Users\ADMIN\.gradle\caches\modules-2\files-2.1\org.jetbrains.kotlin\kotlin-daemon-embeddable\1.6.21\46b78cf392e1c4f10854c3cadba44abb7b82250f\kotlin-daemon-embeddable-1.6.21.jar;C:\Users\ADMIN\.gradle\caches\modules-2\files-2.1\org.jetbrains.intellij.deps\trove4j\1.0.20200330\3afb14d5f9ceb459d724e907a21145e8ff394f02\trove4j-1.0.20200330.jar;C:\Users\ADMIN\.gradle\caches\modules-2\files-2.1\net.java.dev.jna\jna\5.6.0\330f2244e9030119ab3030fc3fededc86713d9cc\jna-5.6.0.jar;C:\Users\ADMIN\.gradle\caches\modules-2\files-2.1\org.jetbrains.kotlin\kotlin-stdlib-common\1.6.21\5e5b55c26dbc80372a920aef60eb774b714559b8\kotlin-stdlib-common-1.6.21.jar;C:\Users\ADMIN\.gradle\caches\modules-2\files-2.1\org.jetbrains\annotations\13.0\919f0dfe192fb4e063e7dacadee7f8bb9a2672a9\annotations-13.0.jar
Launcher Type: SUN_STANDARD

[Global flags]
     intx CICompilerCount                          = 4                                         {product} {ergonomic}
     uint ConcGCThreads                            = 3                                         {product} {ergonomic}
     uint G1ConcRefinementThreads                  = 10                                        {product} {ergonomic}
   size_t G1HeapRegionSize                         = 1048576                                   {product} {ergonomic}
    uintx GCDrainStackTargetSize                   = 64                                        {product} {ergonomic}
   size_t InitialHeapSize                          = 125829120                                 {product} {ergonomic}
   size_t MarkStackSize                            = 4194304                                   {product} {ergonomic}
   size_t MaxHeapSize                              = 1988100096                                {product} {ergonomic}
   size_t MaxNewSize                               = 1192230912                                {product} {ergonomic}
   size_t MinHeapDeltaBytes                        = 1048576                                   {product} {ergonomic}
   size_t MinHeapSize                              = 8388608                                   {product} {ergonomic}
    uintx NonNMethodCodeHeapSize                   = 5839372                                {pd product} {ergonomic}
    uintx NonProfiledCodeHeapSize                  = 122909434                              {pd product} {ergonomic}
    uintx ProfiledCodeHeapSize                     = 122909434                              {pd product} {ergonomic}
    uintx ReservedCodeCacheSize                    = 251658240                              {pd product} {ergonomic}
     bool SegmentedCodeCache                       = true                                      {product} {ergonomic}
   size_t SoftMaxHeapSize                          = 1988100096                             {manageable} {ergonomic}
     bool UseCompressedClassPointers               = true                           {product lp64_product} {ergonomic}
     bool UseCompressedOops                        = true                           {product lp64_product} {ergonomic}
     bool UseG1GC                                  = true                                      {product} {ergonomic}
     bool UseLargePagesIndividualAllocation        = false                                  {pd product} {ergonomic}

Logging:
Log output configuration:
 #0: stdout all=warning uptime,level,tags foldmultilines=false
 #1: stderr all=off uptime,level,tags foldmultilines=false

Environment Variables:
JAVA_HOME=C:\Program Files\Java\jdk-19
CLASSPATH=D:\study\da_nen_tang\facebook-app-clone\android\\gradle\wrapper\gradle-wrapper.jar
PATH=D:\study\da_nen_tang\facebook-app-clone\node_modules\.bin;D:\study\da_nen_tang\node_modules\.bin;D:\study\node_modules\.bin;D:\node_modules\.bin;C:\Users\ADMIN\AppData\Roaming\nvm\v16.15.0\node_modules\npm\node_modules\@npmcli\run-script\lib\node-gyp-bin;C:\Users\ADMIN\AppData\Local\Temp\yarn--1703605068781-0.6443219372520215;D:\study\da_nen_tang\facebook-app-clone\node_modules\.bin;C:\Users\ADMIN\AppData\Local\Yarn\Data\link\node_modules\.bin;C:\Users\ADMIN\AppData\Local\Yarn\bin;C:\Program Files\libexec\lib\node_modules\npm\bin\node-gyp-bin;C:\Program Files\lib\node_modules\npm\bin\node-gyp-bin;C:\Program Files\nodejs\node_modules\npm\bin\node-gyp-bin;C:\Program Files\Common Files\Oracle\Java\javapath;C:\Windows\system32;C:\Windows;C:\Windows\System32\Wbem;C:\Windows\System32\WindowsPowerShell\v1.0\;C:\Windows\System32\OpenSSH\;C:\Program Files\Java\jdk-19\bin;C:\Program Files\Git\cmd;C:\MinGW\bin;C:\Users\ADMIN\AppData\Roaming\nvm;C:\Program Files\nodejs;C:\Users\ADMIN\AppData\Local\Android\Sdk\platform-tools;C:\Program Files\MySQL\MySQL Shell 8.0\bin\;C:\Users\ADMIN\AppData\Local\Microsoft\WindowsApps;C:\Users\ADMIN\AppData\Local\Programs\Microsoft VS Code\bin;C:\Users\ADMIN\AppData\Local\Programs\Python\Python311;C:\Users\ADMIN\AppData\Local\Programs\Python\Python311\Scripts;C:\Users\ADMIN\AppData\Roaming\npm;C:\Users\ADMIN\AppData\Local\Programs\EmEditor;C:\Users\ADMIN\AppData\Roaming\nvm;C:\Program Files\nodejs;
USERNAME=ADMIN
LANG=en_US.UTF-8
OS=Windows_NT
PROCESSOR_IDENTIFIER=AMD64 Family 23 Model 96 Stepping 1, AuthenticAMD
TMP=C:\Users\ADMIN\AppData\Local\Temp
TEMP=C:\Users\ADMIN\AppData\Local\Temp



---------------  S Y S T E M  ---------------

OS:
 Windows 10 , 64 bit Build 19041 (10.0.19041.1889)
OS uptime: 0 days 23:06 hours

CPU: total 12 (initial active 12) (12 cores per cpu, 2 threads per core) family 23 model 96 stepping 1 microcode 0x0, cx8, cmov, fxsr, ht, mmx, 3dnowpref, sse, sse2, sse3, ssse3, sse4a, sse4.1, sse4.2, popcnt, lzcnt, tsc, tscinvbit, avx, avx2, aes, clmul, bmi1, bmi2, adx, sha, fma, vzeroupper, clflush, clflushopt, rdtscp, rdpid

Memory: 4k page, system-wide physical 7579M (442M free)
TotalPageFile size 11675M (AvailPageFile size 11M)
current process WorkingSet (physical memory assigned to process): 168M, peak: 168M
current process commit charge ("private bytes"): 213M, peak: 264M

vm_info: Java HotSpot(TM) 64-Bit Server VM (19.0.1+10-21) for windows-amd64 JRE (19.0.1+10-21), built on 2022-09-14T12:45:06Z by "mach5one" with MS VC++ 17.1 (VS2022)

END.
