#
# There is insufficient memory for the Java Runtime Environment to continue.
# Native memory allocation (malloc) failed to allocate 792816 bytes for Chunk::new
# Possible reasons:
#   The system is out of physical RAM or swap space
#   The process is running with CompressedOops enabled, and the Java Heap may be blocking the growth of the native heap
# Possible solutions:
#   Reduce memory load on the system
#   Increase physical memory or swap space
#   Check if swap backing store is full
#   Decrease Java heap size (-Xmx/-Xms)
#   Decrease number of Java threads
#   Decrease Java thread stack sizes (-Xss)
#   Set larger code cache with -XX:ReservedCodeCacheSize=
#   JVM is running with Unscaled Compressed Oops mode in which the Java heap is
#     placed in the first 4GB address space. The Java Heap base address is the
#     maximum limit for the native heap growth. Please use -XX:HeapBaseMinAddress
#     to set the Java Heap base and to place the Java Heap above 4GB virtual address.
# This output file may be truncated or incomplete.
#
#  Out of Memory Error (arena.cpp:184), pid=9924, tid=8640
#
# JRE version: Java(TM) SE Runtime Environment (19.0.1+10) (build 19.0.1+10-21)
# Java VM: Java HotSpot(TM) 64-Bit Server VM (19.0.1+10-21, mixed mode, sharing, tiered, compressed oops, compressed class ptrs, g1 gc, windows-amd64)
# No core dump will be written. Minidumps are not enabled by default on client versions of Windows
#

---------------  S U M M A R Y ------------

Command Line: org.jetbrains.kotlin.cli.jvm.K2JVMCompiler @D:\study\da_nen_tang\facebook-app-clone\node_modules\react-native-pager-view\android\build\20231226_15726731131992878491.compiler.options

Host: AMD Ryzen 5 4600H with Radeon Graphics         , 12 cores, 7G,  Windows 10 , 64 bit Build 19041 (10.0.19041.1889)
Time: Tue Dec 26 22:41:44 2023 SE Asia Standard Time elapsed time: 5.455365 seconds (0d 0h 0m 5s)

---------------  T H R E A D  ---------------

Current thread (0x000001e246cf9260):  JavaThread "C2 CompilerThread0" daemon [_thread_in_native, id=8640, stack(0x000000a300a00000,0x000000a300b00000)]


Current CompileTask:
C2:   5455 4331   !   4       jdk.internal.loader.BuiltinClassLoader::findClassOnClassPathOrNull (64 bytes)

Stack: [0x000000a300a00000,0x000000a300b00000]
Native frames: (J=compiled Java code, j=interpreted, Vv=VM code, C=native code)
V  [jvm.dll+0x6ee8fa]
V  [jvm.dll+0x857a1e]
V  [jvm.dll+0x85940e]
V  [jvm.dll+0x859ac3]
V  [jvm.dll+0x28291f]
V  [jvm.dll+0xc9b5f]
V  [jvm.dll+0xc9ee5]
V  [jvm.dll+0x2f7c6f]
V  [jvm.dll+0x5f0c5b]
V  [jvm.dll+0x254d73]
V  [jvm.dll+0x24ddfe]
V  [jvm.dll+0x24b563]
V  [jvm.dll+0x1d6d61]
V  [jvm.dll+0x25b0fa]
V  [jvm.dll+0x259588]
V  [jvm.dll+0x807928]
V  [jvm.dll+0x8015fa]
V  [jvm.dll+0x6ed5eb]
C  [ucrtbase.dll+0x21bb2]
C  [KERNEL32.DLL+0x17034]
C  [ntdll.dll+0x526a1]


---------------  P R O C E S S  ---------------

Threads class SMR info:
_java_thread_list=0x000001e24e63f890, length=14, elements={
0x000001e22855db00, 0x000001e246cea010, 0x000001e246cea9b0, 0x000001e246ceb1b0,
0x000001e246cec700, 0x000001e246ceece0, 0x000001e246cf09d0, 0x000001e246cf9260,
0x000001e246cf79b0, 0x000001e246d079c0, 0x000001e24b0ea6f0, 0x000001e24b0f5720,
0x000001e24b125860, 0x000001e24cfad5a0
}

Java Threads: ( => current thread )
  0x000001e22855db00 JavaThread "main" [_thread_in_Java, id=7880, stack(0x000000a37fd00000,0x000000a37fe00000)]
  0x000001e246cea010 JavaThread "Reference Handler" daemon [_thread_blocked, id=6564, stack(0x000000a300400000,0x000000a300500000)]
  0x000001e246cea9b0 JavaThread "Finalizer" daemon [_thread_blocked, id=8124, stack(0x000000a300500000,0x000000a300600000)]
  0x000001e246ceb1b0 JavaThread "Signal Dispatcher" daemon [_thread_blocked, id=11732, stack(0x000000a300600000,0x000000a300700000)]
  0x000001e246cec700 JavaThread "Attach Listener" daemon [_thread_blocked, id=11736, stack(0x000000a300700000,0x000000a300800000)]
  0x000001e246ceece0 JavaThread "Service Thread" daemon [_thread_blocked, id=15460, stack(0x000000a300800000,0x000000a300900000)]
  0x000001e246cf09d0 JavaThread "Monitor Deflation Thread" daemon [_thread_blocked, id=16268, stack(0x000000a300900000,0x000000a300a00000)]
=>0x000001e246cf9260 JavaThread "C2 CompilerThread0" daemon [_thread_in_native, id=8640, stack(0x000000a300a00000,0x000000a300b00000)]
  0x000001e246cf79b0 JavaThread "C1 CompilerThread0" daemon [_thread_in_vm, id=2604, stack(0x000000a300b00000,0x000000a300c00000)]
  0x000001e246d079c0 JavaThread "Sweeper thread" daemon [_thread_blocked, id=15828, stack(0x000000a300c00000,0x000000a300d00000)]
  0x000001e24b0ea6f0 JavaThread "Notification Thread" daemon [_thread_blocked, id=9880, stack(0x000000a300d00000,0x000000a300e00000)]
  0x000001e24b0f5720 JavaThread "Common-Cleaner" daemon [_thread_blocked, id=14740, stack(0x000000a300f00000,0x000000a301000000)]
  0x000001e24b125860 JavaThread "C2 CompilerThread1" daemon [_thread_in_native, id=8664, stack(0x000000a301100000,0x000000a301200000)]
  0x000001e24cfad5a0 JavaThread "C2 CompilerThread2" daemon [_thread_in_native, id=10760, stack(0x000000a301d00000,0x000000a301e00000)]

Other Threads:
  0x000001e246cd5780 VMThread "VM Thread" [stack: 0x000000a300300000,0x000000a300400000] [id=9168]
  0x000001e24b0f5470 WatcherThread "VM Periodic Task Thread" [stack: 0x000000a300e00000,0x000000a300f00000] [id=6952]
  0x000001e2285be090 WorkerThread "GC Thread#0" [stack: 0x000000a37fe00000,0x000000a37ff00000] [id=14396]
  0x000001e24bb5a4e0 WorkerThread "GC Thread#1" [stack: 0x000000a301200000,0x000000a301300000] [id=4140]
  0x000001e24bb59130 WorkerThread "GC Thread#2" [stack: 0x000000a301300000,0x000000a301400000] [id=11652]
  0x000001e24bb58e60 WorkerThread "GC Thread#3" [stack: 0x000000a301400000,0x000000a301500000] [id=11796]
  0x000001e24bb5aa80 WorkerThread "GC Thread#4" [stack: 0x000000a301500000,0x000000a301600000] [id=2460]
  0x000001e24bb5a7b0 WorkerThread "GC Thread#5" [stack: 0x000000a301600000,0x000000a301700000] [id=8696]
  0x000001e24bb599a0 WorkerThread "GC Thread#6" [stack: 0x000000a301700000,0x000000a301800000] [id=11876]
  0x000001e24bb59c70 WorkerThread "GC Thread#7" [stack: 0x000000a301800000,0x000000a301900000] [id=15224]
  0x000001e24bb59f40 WorkerThread "GC Thread#8" [stack: 0x000000a301900000,0x000000a301a00000] [id=1128]
  0x000001e24c350140 WorkerThread "GC Thread#9" [stack: 0x000000a301a00000,0x000000a301b00000] [id=11884]
  0x000001e2285cde90 ConcurrentGCThread "G1 Main Marker" [stack: 0x000000a37ff00000,0x000000a380000000] [id=15428]
  0x000001e2285cf060 WorkerThread "G1 Conc#0" [stack: 0x000000a300000000,0x000000a300100000] [id=8920]
  0x000001e24c34f600 WorkerThread "G1 Conc#1" [stack: 0x000000a301b00000,0x000000a301c00000] [id=11512]
  0x000001e24c34f060 WorkerThread "G1 Conc#2" [stack: 0x000000a301c00000,0x000000a301d00000] [id=10940]
  0x000001e246b8d530 ConcurrentGCThread "G1 Refine#0" [stack: 0x000000a300100000,0x000000a300200000] [id=3900]
  0x000001e246b91950 ConcurrentGCThread "G1 Service" [stack: 0x000000a300200000,0x000000a300300000] [id=13848]

Threads with active compile tasks:
C2 CompilerThread0     5470 4331   !   4       jdk.internal.loader.BuiltinClassLoader::findClassOnClassPathOrNull (64 bytes)
C2 CompilerThread1     5470 4197       4       java.lang.ClassLoader::loadClass (7 bytes)
C2 CompilerThread2     5470 4304       4       jdk.internal.loader.ClassLoaders$AppClassLoader::loadClass (40 bytes)

VM state: not at safepoint (normal execution)

VM Mutex/Monitor currently owned by a thread: None

Heap address: 0x0000000089800000, size: 1896 MB, Compressed Oops mode: 32-bit

CDS archive(s) mapped at: [0x0000000800000000-0x0000000800c40000-0x0000000800c40000), size 12845056, SharedBaseAddress: 0x0000000800000000, ArchiveRelocationMode: 0.
Compressed class space mapped at: 0x0000000801000000-0x0000000841000000, reserved size: 1073741824
Narrow klass base: 0x0000000800000000, Narrow klass shift: 0, Narrow klass range: 0x100000000

GC Precious Log:
 CardTable entry size: 512
 Card Set container configuration: InlinePtr #cards 5 size 8 Array Of Cards #cards 12 size 40 Howl #buckets 4 coarsen threshold 1843 Howl Bitmap #cards 512 size 80 coarsen threshold 460 Card regions per heap region 1 cards per card region 2048
 CPUs: 12 total, 12 available
 Memory: 7579M
 Large Page Support: Disabled
 NUMA Support: Disabled
 Compressed Oops: Enabled (32-bit)
 Heap Region Size: 1M
 Heap Min Capacity: 8M
 Heap Initial Capacity: 120M
 Heap Max Capacity: 1896M
 Pre-touch: Disabled
 Parallel Workers: 10
 Concurrent Workers: 3
 Concurrent Refinement Workers: 10
 Periodic GC: Disabled

Heap:
 garbage-first heap   total 89088K, used 68812K [0x0000000089800000, 0x0000000100000000)
  region size 1024K, 47 young (48128K), 6 survivors (6144K)
 Metaspace       used 45718K, committed 46464K, reserved 1114112K
  class space    used 5669K, committed 6016K, reserved 1048576K

Heap Regions: E=young(eden), S=young(survivor), O=old, HS=humongous(starts), HC=humongous(continues), CS=collection set, F=free, OA=open archive, CA=closed archive, TAMS=top-at-mark-start (previous, next)
|   0|0x0000000089800000, 0x0000000089900000, 0x0000000089900000|100%|HS|  |TAMS 0x0000000089900000, 0x0000000089800000| Complete 
|   1|0x0000000089900000, 0x0000000089a00000, 0x0000000089a00000|100%|HC|  |TAMS 0x0000000089a00000, 0x0000000089900000| Complete 
|   2|0x0000000089a00000, 0x0000000089b00000, 0x0000000089b00000|100%|HC|  |TAMS 0x0000000089b00000, 0x0000000089a00000| Complete 
|   3|0x0000000089b00000, 0x0000000089c00000, 0x0000000089c00000|100%| O|  |TAMS 0x0000000089c00000, 0x0000000089b00000| Untracked 
|   4|0x0000000089c00000, 0x0000000089d00000, 0x0000000089d00000|100%| O|  |TAMS 0x0000000089d00000, 0x0000000089c00000| Untracked 
|   5|0x0000000089d00000, 0x0000000089e00000, 0x0000000089e00000|100%| O|  |TAMS 0x0000000089e00000, 0x0000000089d00000| Untracked 
|   6|0x0000000089e00000, 0x0000000089e00000, 0x0000000089f00000|  0%| F|  |TAMS 0x0000000089e00000, 0x0000000089e00000| Untracked 
|   7|0x0000000089f00000, 0x000000008a000000, 0x000000008a000000|100%|HS|  |TAMS 0x000000008a000000, 0x0000000089f00000| Complete 
|   8|0x000000008a000000, 0x000000008a100000, 0x000000008a100000|100%|HC|  |TAMS 0x000000008a100000, 0x000000008a000000| Complete 
|   9|0x000000008a100000, 0x000000008a200000, 0x000000008a200000|100%|HC|  |TAMS 0x000000008a200000, 0x000000008a100000| Complete 
|  10|0x000000008a200000, 0x000000008a300000, 0x000000008a300000|100%|HS|  |TAMS 0x000000008a200000, 0x000000008a200000| Complete 
|  11|0x000000008a300000, 0x000000008a400000, 0x000000008a400000|100%|HC|  |TAMS 0x000000008a300000, 0x000000008a300000| Complete 
|  12|0x000000008a400000, 0x000000008a500000, 0x000000008a500000|100%| O|  |TAMS 0x000000008a500000, 0x000000008a400000| Untracked 
|  13|0x000000008a500000, 0x000000008a600000, 0x000000008a600000|100%| O|  |TAMS 0x000000008a600000, 0x000000008a500000| Untracked 
|  14|0x000000008a600000, 0x000000008a700000, 0x000000008a700000|100%| O|  |TAMS 0x000000008a700000, 0x000000008a600000| Untracked 
|  15|0x000000008a700000, 0x000000008a800000, 0x000000008a800000|100%| O|  |TAMS 0x000000008a800000, 0x000000008a700000| Untracked 
|  16|0x000000008a800000, 0x000000008a900000, 0x000000008a900000|100%| O|  |TAMS 0x000000008a900000, 0x000000008a800000| Untracked 
|  17|0x000000008a900000, 0x000000008aa00000, 0x000000008aa00000|100%| O|  |TAMS 0x000000008aa00000, 0x000000008a900000| Untracked 
|  18|0x000000008aa00000, 0x000000008aa00000, 0x000000008ab00000|  0%| F|  |TAMS 0x000000008aa00000, 0x000000008aa00000| Untracked 
|  19|0x000000008ab00000, 0x000000008ab00000, 0x000000008ac00000|  0%| F|  |TAMS 0x000000008ab00000, 0x000000008ab00000| Untracked 
|  20|0x000000008ac00000, 0x000000008ac00000, 0x000000008ad00000|  0%| F|  |TAMS 0x000000008ac00000, 0x000000008ac00000| Untracked 
|  21|0x000000008ad00000, 0x000000008ad00000, 0x000000008ae00000|  0%| F|  |TAMS 0x000000008ad00000, 0x000000008ad00000| Untracked 
|  22|0x000000008ae00000, 0x000000008ae00000, 0x000000008af00000|  0%| F|  |TAMS 0x000000008ae00000, 0x000000008ae00000| Untracked 
|  23|0x000000008af00000, 0x000000008b000000, 0x000000008b000000|100%| O|  |TAMS 0x000000008b000000, 0x000000008af00000| Untracked 
|  24|0x000000008b000000, 0x000000008b100000, 0x000000008b100000|100%| O|  |TAMS 0x000000008b100000, 0x000000008b000000| Untracked 
|  25|0x000000008b100000, 0x000000008b200000, 0x000000008b200000|100%| O|  |TAMS 0x000000008b200000, 0x000000008b100000| Untracked 
|  26|0x000000008b200000, 0x000000008b300000, 0x000000008b300000|100%| O|  |TAMS 0x000000008b300000, 0x000000008b200000| Untracked 
|  27|0x000000008b300000, 0x000000008b3c9200, 0x000000008b400000| 78%| O|  |TAMS 0x000000008b3c9200, 0x000000008b300000| Complete 
|  28|0x000000008b400000, 0x000000008b400000, 0x000000008b500000|  0%| F|  |TAMS 0x000000008b400000, 0x000000008b400000| Untracked 
|  29|0x000000008b500000, 0x000000008b500000, 0x000000008b600000|  0%| F|  |TAMS 0x000000008b500000, 0x000000008b500000| Untracked 
|  30|0x000000008b600000, 0x000000008b600000, 0x000000008b700000|  0%| F|  |TAMS 0x000000008b600000, 0x000000008b600000| Untracked 
|  31|0x000000008b700000, 0x000000008b700000, 0x000000008b800000|  0%| F|  |TAMS 0x000000008b700000, 0x000000008b700000| Untracked 
|  32|0x000000008b800000, 0x000000008b800000, 0x000000008b900000|  0%| F|  |TAMS 0x000000008b800000, 0x000000008b800000| Untracked 
|  33|0x000000008b900000, 0x000000008b900000, 0x000000008ba00000|  0%| F|  |TAMS 0x000000008b900000, 0x000000008b900000| Untracked 
|  34|0x000000008ba00000, 0x000000008ba00000, 0x000000008bb00000|  0%| F|  |TAMS 0x000000008ba00000, 0x000000008ba00000| Untracked 
|  35|0x000000008bb00000, 0x000000008bb00000, 0x000000008bc00000|  0%| F|  |TAMS 0x000000008bb00000, 0x000000008bb00000| Untracked 
|  36|0x000000008bc00000, 0x000000008bc00000, 0x000000008bd00000|  0%| F|  |TAMS 0x000000008bc00000, 0x000000008bc00000| Untracked 
|  37|0x000000008bd00000, 0x000000008bd00000, 0x000000008be00000|  0%| F|  |TAMS 0x000000008bd00000, 0x000000008bd00000| Untracked 
|  38|0x000000008be00000, 0x000000008be00000, 0x000000008bf00000|  0%| F|  |TAMS 0x000000008be00000, 0x000000008be00000| Untracked 
|  39|0x000000008bf00000, 0x000000008bf00000, 0x000000008c000000|  0%| F|  |TAMS 0x000000008bf00000, 0x000000008bf00000| Untracked 
|  40|0x000000008c000000, 0x000000008c100000, 0x000000008c100000|100%| E|  |TAMS 0x000000008c000000, 0x000000008c000000| Complete 
|  41|0x000000008c100000, 0x000000008c200000, 0x000000008c200000|100%| E|CS|TAMS 0x000000008c100000, 0x000000008c100000| Complete 
|  42|0x000000008c200000, 0x000000008c300000, 0x000000008c300000|100%| E|CS|TAMS 0x000000008c200000, 0x000000008c200000| Complete 
|  43|0x000000008c300000, 0x000000008c400000, 0x000000008c400000|100%| E|CS|TAMS 0x000000008c300000, 0x000000008c300000| Complete 
|  44|0x000000008c400000, 0x000000008c500000, 0x000000008c500000|100%| E|CS|TAMS 0x000000008c400000, 0x000000008c400000| Complete 
|  45|0x000000008c500000, 0x000000008c600000, 0x000000008c600000|100%| E|CS|TAMS 0x000000008c500000, 0x000000008c500000| Complete 
|  46|0x000000008c600000, 0x000000008c700000, 0x000000008c700000|100%| E|CS|TAMS 0x000000008c600000, 0x000000008c600000| Complete 
|  47|0x000000008c700000, 0x000000008c800000, 0x000000008c800000|100%| E|CS|TAMS 0x000000008c700000, 0x000000008c700000| Complete 
|  48|0x000000008c800000, 0x000000008c900000, 0x000000008c900000|100%| E|CS|TAMS 0x000000008c800000, 0x000000008c800000| Complete 
|  49|0x000000008c900000, 0x000000008ca00000, 0x000000008ca00000|100%| E|CS|TAMS 0x000000008c900000, 0x000000008c900000| Complete 
|  50|0x000000008ca00000, 0x000000008cb00000, 0x000000008cb00000|100%| E|CS|TAMS 0x000000008ca00000, 0x000000008ca00000| Complete 
|  51|0x000000008cb00000, 0x000000008cc00000, 0x000000008cc00000|100%| E|CS|TAMS 0x000000008cb00000, 0x000000008cb00000| Complete 
|  52|0x000000008cc00000, 0x000000008cd00000, 0x000000008cd00000|100%| E|CS|TAMS 0x000000008cc00000, 0x000000008cc00000| Complete 
|  53|0x000000008cd00000, 0x000000008ce00000, 0x000000008ce00000|100%| E|CS|TAMS 0x000000008cd00000, 0x000000008cd00000| Complete 
|  54|0x000000008ce00000, 0x000000008cf00000, 0x000000008cf00000|100%| E|CS|TAMS 0x000000008ce00000, 0x000000008ce00000| Complete 
|  55|0x000000008cf00000, 0x000000008d000000, 0x000000008d000000|100%| E|CS|TAMS 0x000000008cf00000, 0x000000008cf00000| Complete 
|  56|0x000000008d000000, 0x000000008d100000, 0x000000008d100000|100%| E|CS|TAMS 0x000000008d000000, 0x000000008d000000| Complete 
|  57|0x000000008d100000, 0x000000008d200000, 0x000000008d200000|100%| E|CS|TAMS 0x000000008d100000, 0x000000008d100000| Complete 
|  58|0x000000008d200000, 0x000000008d300000, 0x000000008d300000|100%| E|CS|TAMS 0x000000008d200000, 0x000000008d200000| Complete 
|  59|0x000000008d300000, 0x000000008d400000, 0x000000008d400000|100%| E|CS|TAMS 0x000000008d300000, 0x000000008d300000| Complete 
|  60|0x000000008d400000, 0x000000008d500000, 0x000000008d500000|100%| E|CS|TAMS 0x000000008d400000, 0x000000008d400000| Complete 
|  61|0x000000008d500000, 0x000000008d600000, 0x000000008d600000|100%| E|CS|TAMS 0x000000008d500000, 0x000000008d500000| Complete 
|  62|0x000000008d600000, 0x000000008d700000, 0x000000008d700000|100%| E|CS|TAMS 0x000000008d600000, 0x000000008d600000| Complete 
|  63|0x000000008d700000, 0x000000008d800000, 0x000000008d800000|100%| E|CS|TAMS 0x000000008d700000, 0x000000008d700000| Complete 
|  64|0x000000008d800000, 0x000000008d900000, 0x000000008d900000|100%| E|CS|TAMS 0x000000008d800000, 0x000000008d800000| Complete 
|  65|0x000000008d900000, 0x000000008da00000, 0x000000008da00000|100%| E|CS|TAMS 0x000000008d900000, 0x000000008d900000| Complete 
|  66|0x000000008da00000, 0x000000008db00000, 0x000000008db00000|100%| E|CS|TAMS 0x000000008da00000, 0x000000008da00000| Complete 
|  67|0x000000008db00000, 0x000000008dc00000, 0x000000008dc00000|100%| E|CS|TAMS 0x000000008db00000, 0x000000008db00000| Complete 
|  68|0x000000008dc00000, 0x000000008dd00000, 0x000000008dd00000|100%| E|CS|TAMS 0x000000008dc00000, 0x000000008dc00000| Complete 
|  69|0x000000008dd00000, 0x000000008de00000, 0x000000008de00000|100%| E|CS|TAMS 0x000000008dd00000, 0x000000008dd00000| Complete 
|  70|0x000000008de00000, 0x000000008df00000, 0x000000008df00000|100%| E|CS|TAMS 0x000000008de00000, 0x000000008de00000| Complete 
|  71|0x000000008df00000, 0x000000008e000000, 0x000000008e000000|100%| E|CS|TAMS 0x000000008df00000, 0x000000008df00000| Complete 
|  72|0x000000008e000000, 0x000000008e100000, 0x000000008e100000|100%| E|CS|TAMS 0x000000008e000000, 0x000000008e000000| Complete 
|  73|0x000000008e100000, 0x000000008e200000, 0x000000008e200000|100%| E|CS|TAMS 0x000000008e100000, 0x000000008e100000| Complete 
|  74|0x000000008e200000, 0x000000008e300000, 0x000000008e300000|100%| E|CS|TAMS 0x000000008e200000, 0x000000008e200000| Complete 
|  75|0x000000008e300000, 0x000000008e36a030, 0x000000008e400000| 41%| S|CS|TAMS 0x000000008e300000, 0x000000008e300000| Complete 
|  76|0x000000008e400000, 0x000000008e500000, 0x000000008e500000|100%| S|CS|TAMS 0x000000008e400000, 0x000000008e400000| Complete 
|  77|0x000000008e500000, 0x000000008e600000, 0x000000008e600000|100%| S|CS|TAMS 0x000000008e500000, 0x000000008e500000| Complete 
|  78|0x000000008e600000, 0x000000008e700000, 0x000000008e700000|100%| S|CS|TAMS 0x000000008e600000, 0x000000008e600000| Complete 
|  79|0x000000008e700000, 0x000000008e800000, 0x000000008e800000|100%| S|CS|TAMS 0x000000008e700000, 0x000000008e700000| Complete 
|  80|0x000000008e800000, 0x000000008e900000, 0x000000008e900000|100%| S|CS|TAMS 0x000000008e800000, 0x000000008e800000| Complete 
|  81|0x000000008e900000, 0x000000008ea00000, 0x000000008ea00000|100%| E|CS|TAMS 0x000000008e900000, 0x000000008e900000| Complete 
|  82|0x000000008ea00000, 0x000000008eb00000, 0x000000008eb00000|100%| E|CS|TAMS 0x000000008ea00000, 0x000000008ea00000| Complete 
|  83|0x000000008eb00000, 0x000000008ec00000, 0x000000008ec00000|100%| E|CS|TAMS 0x000000008eb00000, 0x000000008eb00000| Complete 
|  84|0x000000008ec00000, 0x000000008ed00000, 0x000000008ed00000|100%| E|CS|TAMS 0x000000008ec00000, 0x000000008ec00000| Complete 
|  85|0x000000008ed00000, 0x000000008ee00000, 0x000000008ee00000|100%| E|CS|TAMS 0x000000008ed00000, 0x000000008ed00000| Complete 
|  86|0x000000008ee00000, 0x000000008ef00000, 0x000000008ef00000|100%| E|CS|TAMS 0x000000008ee00000, 0x000000008ee00000| Complete 

Card table byte_map: [0x000001e23fdd0000,0x000001e240190000] _byte_map_base: 0x000001e23f984000

Marking Bits (Prev, Next): (CMBitMap*) 0x000001e2285be6c0, (CMBitMap*) 0x000001e2285be700
 Prev Bits: [0x000001e240550000, 0x000001e2422f0000)
 Next Bits: [0x000001e2422f0000, 0x000001e244090000)

Polling page: 0x000001e227d20000

Metaspace:

Usage:
  Non-class:     39.16 MB used.
      Class:      5.54 MB used.
       Both:     44.69 MB used.

Virtual space:
  Non-class space:       64.00 MB reserved,      39.50 MB ( 62%) committed,  1 nodes.
      Class space:        1.00 GB reserved,       5.88 MB ( <1%) committed,  1 nodes.
             Both:        1.06 GB reserved,      45.38 MB (  4%) committed. 

Chunk freelists:
   Non-Class:  256.00 KB
       Class:  2.12 MB
        Both:  2.38 MB

MaxMetaspaceSize: unlimited
CompressedClassSpaceSize: 1.00 GB
Initial GC threshold: 21.00 MB
Current GC threshold: 58.88 MB
CDS: on
MetaspaceReclaimPolicy: balanced
 - commit_granule_bytes: 65536.
 - commit_granule_words: 8192.
 - virtual_space_node_default_size: 8388608.
 - enlarge_chunks_in_place: 1.
 - new_chunks_are_fully_committed: 0.
 - uncommit_free_chunks: 1.
 - use_allocation_guard: 0.


Internal statistics:

num_allocs_failed_limit: 6.
num_arena_births: 1252.
num_arena_deaths: 0.
num_vsnodes_births: 2.
num_vsnodes_deaths: 0.
num_space_committed: 724.
num_space_uncommitted: 0.
num_chunks_returned_to_freelist: 6.
num_chunks_taken_from_freelist: 3054.
num_chunk_merges: 6.
num_chunk_splits: 2236.
num_chunks_enlarged: 1621.
num_inconsistent_stats: 0.

CodeHeap 'non-profiled nmethods': size=120000Kb used=1968Kb max_used=1968Kb free=118031Kb
 bounds [0x000001e237f90000, 0x000001e238200000, 0x000001e23f4c0000]
CodeHeap 'profiled nmethods': size=120000Kb used=8837Kb max_used=8837Kb free=111162Kb
 bounds [0x000001e2304c0000, 0x000001e230d70000, 0x000001e2379f0000]
CodeHeap 'non-nmethods': size=5760Kb used=1385Kb max_used=1440Kb free=4374Kb
 bounds [0x000001e2379f0000, 0x000001e237c60000, 0x000001e237f90000]
 total_blobs=5004 nmethods=4382 adapters=531
 compilation: enabled
              stopped_count=0, restarted_count=0
 full_count=0

Compilation events (20 events):
Event: 5.409 Thread 0x000001e246cf79b0 4365       1       org.jetbrains.kotlin.load.java.typeEnhancement.JavaTypeQualifiers::getNullability (5 bytes)
Event: 5.409 Thread 0x000001e246cf79b0 nmethod 4365 0x000001e238179e10 code [0x000001e238179fa0, 0x000001e23817a058]
Event: 5.412 Thread 0x000001e246cf79b0 4366       1       org.jetbrains.kotlin.types.SimpleTypeImpl::isMarkedNullable (5 bytes)
Event: 5.412 Thread 0x000001e246cf79b0 nmethod 4366 0x000001e23817a110 code [0x000001e23817a2a0, 0x000001e23817a378]
Event: 5.424 Thread 0x000001e246cf79b0 4367       3       org.jetbrains.kotlin.utils.SmartSet::size (5 bytes)
Event: 5.424 Thread 0x000001e246cf79b0 nmethod 4367 0x000001e230d57410 code [0x000001e230d575a0, 0x000001e230d576b8]
Event: 5.429 Thread 0x000001e246cf79b0 4368       3       org.jetbrains.kotlin.types.ClassifierBasedTypeConstructor::equals (103 bytes)
Event: 5.430 Thread 0x000001e246cf79b0 nmethod 4368 0x000001e230d57790 code [0x000001e230d57aa0, 0x000001e230d58fa8]
Event: 5.430 Thread 0x000001e246cf79b0 4369       1       org.jetbrains.kotlin.types.DelegatingSimpleTypeImpl::getDelegate (5 bytes)
Event: 5.430 Thread 0x000001e246cf79b0 nmethod 4369 0x000001e23817a410 code [0x000001e23817a5a0, 0x000001e23817a658]
Event: 5.430 Thread 0x000001e246cf79b0 4370       3       org.jetbrains.kotlin.types.FlexibleTypeImpl::getDelegate (9 bytes)
Event: 5.430 Thread 0x000001e246cf79b0 nmethod 4370 0x000001e230d59310 code [0x000001e230d594c0, 0x000001e230d59628]
Event: 5.433 Thread 0x000001e246cf79b0 4371       1       org.jetbrains.kotlin.util.EmptyArrayMap::get (2 bytes)
Event: 5.433 Thread 0x000001e246cf79b0 nmethod 4371 0x000001e23817a710 code [0x000001e23817a8a0, 0x000001e23817a978]
Event: 5.434 Thread 0x000001e246cf79b0 4372       3       org.jetbrains.kotlin.types.TypeSubstitution::<init> (5 bytes)
Event: 5.435 Thread 0x000001e246cf79b0 nmethod 4372 0x000001e230d59710 code [0x000001e230d598c0, 0x000001e230d59a18]
Event: 5.435 Thread 0x000001e246cf79b0 4373       3       org.jetbrains.kotlin.types.checker.SimpleClassicTypeSystemContext::asFlexibleType (6 bytes)
Event: 5.435 Thread 0x000001e246cf79b0 nmethod 4373 0x000001e230d59b10 code [0x000001e230d59cc0, 0x000001e230d59de8]
Event: 5.435 Thread 0x000001e246cf79b0 4374       3       org.jetbrains.kotlin.types.checker.ClassicTypeSystemContext$DefaultImpls::asFlexibleType (97 bytes)
Event: 5.437 Thread 0x000001e246cf79b0 nmethod 4374 0x000001e230d59e90 code [0x000001e230d5a220, 0x000001e230d5b8a8]

GC Heap History (14 events):
Event: 0.588 GC heap before
{Heap before GC invocations=0 (full 0):
 garbage-first heap   total 122880K, used 26624K [0x0000000089800000, 0x0000000100000000)
  region size 1024K, 23 young (23552K), 0 survivors (0K)
 Metaspace       used 6340K, committed 6464K, reserved 1114112K
  class space    used 594K, committed 640K, reserved 1048576K
}
Event: 0.592 GC heap after
{Heap after GC invocations=1 (full 0):
 garbage-first heap   total 122880K, used 6304K [0x0000000089800000, 0x0000000100000000)
  region size 1024K, 3 young (3072K), 3 survivors (3072K)
 Metaspace       used 6340K, committed 6464K, reserved 1114112K
  class space    used 594K, committed 640K, reserved 1048576K
}
Event: 1.272 GC heap before
{Heap before GC invocations=1 (full 0):
 garbage-first heap   total 122880K, used 39072K [0x0000000089800000, 0x0000000100000000)
  region size 1024K, 35 young (35840K), 3 survivors (3072K)
 Metaspace       used 13957K, committed 14208K, reserved 1114112K
  class space    used 1538K, committed 1664K, reserved 1048576K
}
Event: 1.282 GC heap after
{Heap after GC invocations=2 (full 0):
 garbage-first heap   total 122880K, used 10062K [0x0000000089800000, 0x0000000100000000)
  region size 1024K, 4 young (4096K), 4 survivors (4096K)
 Metaspace       used 13957K, committed 14208K, reserved 1114112K
  class space    used 1538K, committed 1664K, reserved 1048576K
}
Event: 1.917 GC heap before
{Heap before GC invocations=2 (full 0):
 garbage-first heap   total 122880K, used 38734K [0x0000000089800000, 0x0000000100000000)
  region size 1024K, 30 young (30720K), 4 survivors (4096K)
 Metaspace       used 21261K, committed 21504K, reserved 1114112K
  class space    used 2566K, committed 2688K, reserved 1048576K
}
Event: 1.925 GC heap after
{Heap after GC invocations=3 (full 0):
 garbage-first heap   total 122880K, used 15070K [0x0000000089800000, 0x0000000100000000)
  region size 1024K, 6 young (6144K), 6 survivors (6144K)
 Metaspace       used 21261K, committed 21504K, reserved 1114112K
  class space    used 2566K, committed 2688K, reserved 1048576K
}
Event: 2.473 GC heap before
{Heap before GC invocations=4 (full 0):
 garbage-first heap   total 58368K, used 45790K [0x0000000089800000, 0x0000000100000000)
  region size 1024K, 34 young (34816K), 6 survivors (6144K)
 Metaspace       used 26027K, committed 26368K, reserved 1114112K
  class space    used 3422K, committed 3584K, reserved 1048576K
}
Event: 2.487 GC heap after
{Heap after GC invocations=5 (full 0):
 garbage-first heap   total 58368K, used 21949K [0x0000000089800000, 0x0000000100000000)
  region size 1024K, 5 young (5120K), 5 survivors (5120K)
 Metaspace       used 26027K, committed 26368K, reserved 1114112K
  class space    used 3422K, committed 3584K, reserved 1048576K
}
Event: 2.498 GC heap before
{Heap before GC invocations=5 (full 0):
 garbage-first heap   total 58368K, used 22973K [0x0000000089800000, 0x0000000100000000)
  region size 1024K, 6 young (6144K), 5 survivors (5120K)
 Metaspace       used 26217K, committed 26496K, reserved 1114112K
  class space    used 3443K, committed 3584K, reserved 1048576K
}
Event: 2.503 GC heap after
{Heap after GC invocations=6 (full 0):
 garbage-first heap   total 58368K, used 23271K [0x0000000089800000, 0x0000000100000000)
  region size 1024K, 1 young (1024K), 1 survivors (1024K)
 Metaspace       used 26217K, committed 26496K, reserved 1114112K
  class space    used 3443K, committed 3584K, reserved 1048576K
}
Event: 2.889 GC heap before
{Heap before GC invocations=6 (full 0):
 garbage-first heap   total 58368K, used 41703K [0x0000000089800000, 0x0000000100000000)
  region size 1024K, 20 young (20480K), 1 survivors (1024K)
 Metaspace       used 29888K, committed 30208K, reserved 1114112K
  class space    used 3821K, committed 3968K, reserved 1048576K
}
Event: 2.895 GC heap after
{Heap after GC invocations=7 (full 0):
 garbage-first heap   total 116736K, used 22946K [0x0000000089800000, 0x0000000100000000)
  region size 1024K, 3 young (3072K), 3 survivors (3072K)
 Metaspace       used 29888K, committed 30208K, reserved 1114112K
  class space    used 3821K, committed 3968K, reserved 1048576K
}
Event: 3.783 GC heap before
{Heap before GC invocations=7 (full 0):
 garbage-first heap   total 116736K, used 54690K [0x0000000089800000, 0x0000000100000000)
  region size 1024K, 36 young (36864K), 3 survivors (3072K)
 Metaspace       used 35390K, committed 36096K, reserved 1114112K
  class space    used 4441K, committed 4800K, reserved 1048576K
}
Event: 3.796 GC heap after
{Heap after GC invocations=8 (full 0):
 garbage-first heap   total 116736K, used 25804K [0x0000000089800000, 0x0000000100000000)
  region size 1024K, 6 young (6144K), 6 survivors (6144K)
 Metaspace       used 35390K, committed 36096K, reserved 1114112K
  class space    used 4441K, committed 4800K, reserved 1048576K
}

Dll operation events (7 events):
Event: 0.005 Loaded shared library C:\Program Files\Java\jdk-19\bin\java.dll
Event: 0.013 Loaded shared library C:\Program Files\Java\jdk-19\bin\jsvml.dll
Event: 0.047 Loaded shared library C:\Program Files\Java\jdk-19\bin\net.dll
Event: 0.182 Loaded shared library C:\Program Files\Java\jdk-19\bin\nio.dll
Event: 0.208 Loaded shared library C:\Program Files\Java\jdk-19\bin\zip.dll
Event: 0.230 Loaded shared library C:\Program Files\Java\jdk-19\bin\jimage.dll
Event: 1.060 Loaded shared library C:\Program Files\Java\jdk-19\bin\verify.dll

Deoptimization events (20 events):
Event: 5.286 Thread 0x000001e22855db00 Uncommon trap: trap_request=0xffffffc6 fr.pc=0x000001e23813c648 relative=0x0000000000001488
Event: 5.286 Thread 0x000001e22855db00 Uncommon trap: reason=bimorphic_or_optimized_type_check action=maybe_recompile pc=0x000001e23813c648 method=java.util.HashMap.putVal(ILjava/lang/Object;Ljava/lang/Object;ZZ)Ljava/lang/Object; @ 203 c2
Event: 5.286 Thread 0x000001e22855db00 DEOPT PACKING pc=0x000001e23813c648 sp=0x000000a37fdfcbc0
Event: 5.286 Thread 0x000001e22855db00 DEOPT UNPACKING pc=0x000001e237a56da3 sp=0x000000a37fdfca68 mode 2
Event: 5.287 Thread 0x000001e22855db00 Uncommon trap: trap_request=0xffffffc6 fr.pc=0x000001e23813db7c relative=0x000000000000085c
Event: 5.287 Thread 0x000001e22855db00 Uncommon trap: reason=bimorphic_or_optimized_type_check action=maybe_recompile pc=0x000001e23813db7c method=java.util.HashMap.putVal(ILjava/lang/Object;Ljava/lang/Object;ZZ)Ljava/lang/Object; @ 203 c2
Event: 5.287 Thread 0x000001e22855db00 DEOPT PACKING pc=0x000001e23813db7c sp=0x000000a37fdfd040
Event: 5.287 Thread 0x000001e22855db00 DEOPT UNPACKING pc=0x000001e237a56da3 sp=0x000000a37fdfcf50 mode 2
Event: 5.287 Thread 0x000001e22855db00 Uncommon trap: trap_request=0xffffffc6 fr.pc=0x000001e238138ca8 relative=0x0000000000000888
Event: 5.287 Thread 0x000001e22855db00 Uncommon trap: reason=bimorphic_or_optimized_type_check action=maybe_recompile pc=0x000001e238138ca8 method=java.util.HashMap.putVal(ILjava/lang/Object;Ljava/lang/Object;ZZ)Ljava/lang/Object; @ 203 c2
Event: 5.287 Thread 0x000001e22855db00 DEOPT PACKING pc=0x000001e238138ca8 sp=0x000000a37fdfcf80
Event: 5.287 Thread 0x000001e22855db00 DEOPT UNPACKING pc=0x000001e237a56da3 sp=0x000000a37fdfcf40 mode 2
Event: 5.423 Thread 0x000001e22855db00 Uncommon trap: trap_request=0xffffff45 fr.pc=0x000001e238140f5c relative=0x000000000000021c
Event: 5.423 Thread 0x000001e22855db00 Uncommon trap: reason=unstable_if action=reinterpret pc=0x000001e238140f5c method=java.util.HashMap.getNode(Ljava/lang/Object;)Ljava/util/HashMap$Node; @ 66 c2
Event: 5.423 Thread 0x000001e22855db00 DEOPT PACKING pc=0x000001e238140f5c sp=0x000000a37fdfc8a0
Event: 5.423 Thread 0x000001e22855db00 DEOPT UNPACKING pc=0x000001e237a56da3 sp=0x000000a37fdfc7a8 mode 2
Event: 5.429 Thread 0x000001e22855db00 Uncommon trap: trap_request=0xffffff45 fr.pc=0x000001e237fe8468 relative=0x00000000000001a8
Event: 5.429 Thread 0x000001e22855db00 Uncommon trap: reason=unstable_if action=reinterpret pc=0x000001e237fe8468 method=java.util.HashMap.getNode(Ljava/lang/Object;)Ljava/util/HashMap$Node; @ 131 c2
Event: 5.433 Thread 0x000001e22855db00 DEOPT PACKING pc=0x000001e237fe8468 sp=0x000000a37fdfcd40
Event: 5.433 Thread 0x000001e22855db00 DEOPT UNPACKING pc=0x000001e237a56da3 sp=0x000000a37fdfccc0 mode 2

Classes loaded (20 events):
Event: 3.842 Loading class java/util/PrimitiveIterator done
Event: 3.842 Loading class java/util/PrimitiveIterator$OfInt done
Event: 3.897 Loading class java/util/function/IntUnaryOperator
Event: 3.897 Loading class java/util/function/IntUnaryOperator done
Event: 4.074 Loading class java/util/ArrayList$ListItr
Event: 4.074 Loading class java/util/ArrayList$ListItr done
Event: 4.193 Loading class java/util/AbstractList$SubList
Event: 4.194 Loading class java/util/AbstractList$SubList done
Event: 4.194 Loading class java/util/AbstractList$SubList$1
Event: 4.194 Loading class java/util/AbstractList$SubList$1 done
Event: 4.194 Loading class java/util/AbstractList$ListItr
Event: 4.194 Loading class java/util/AbstractList$ListItr done
Event: 4.300 Loading class java/text/StringCharacterIterator
Event: 4.300 Loading class java/text/CharacterIterator
Event: 4.300 Loading class java/text/CharacterIterator done
Event: 4.300 Loading class java/text/StringCharacterIterator done
Event: 4.705 Loading class java/util/AbstractList$RandomAccessSubList
Event: 4.705 Loading class java/util/AbstractList$RandomAccessSubList done
Event: 4.953 Loading class java/util/ComparableTimSort
Event: 4.954 Loading class java/util/ComparableTimSort done

Classes unloaded (0 events):
No events

Classes redefined (0 events):
No events

Internal exceptions (20 events):
Event: 3.522 Thread 0x000001e22855db00 Exception <a 'java/lang/NoSuchMethodError'{0x000000008f2f0bc8}: 'java.lang.Object java.lang.invoke.DelegatingMethodHandle$Holder.reinvoke_L(java.lang.Object, java.lang.Object, java.lang.Object, java.lang.Object, java.lang.Object, java.lang.Object, java.lang.Object, java.lang.Object, java.lang.Object, java.lang.Object, java.lang.Object, java.lang.Object, java.lang.Object, java.lang.Object, java.lang.Object, java.lang.Object)'> (0x000000008f2f0bc8) 
thrown [s\open\src\hotspot\share\interpreter\linkResolver.c
Event: 3.543 Thread 0x000001e22855db00 Exception <a 'java/lang/NoSuchMethodError'{0x000000008f1fd160}: 'java.lang.Object java.lang.invoke.DirectMethodHandle$Holder.newInvokeSpecial(java.lang.Object, java.lang.Object, java.lang.Object, java.lang.Object, java.lang.Object, java.lang.Object, java.lang.Object, java.lang.Object, java.lang.Object, java.lang.Object, java.lang.Object, java.lang.Object, java.lang.Object, java.lang.Object, java.lang.Object, java.lang.Object, java.lang.Object, java.lang.Object, java.lang.Object, java.lang.Object, java.lang
Event: 3.544 Thread 0x000001e22855db00 Exception <a 'java/lang/NoSuchMethodError'{0x000000008f004af8}: 'java.lang.Object java.lang.invoke.DirectMethodHandle$Holder.invokeSpecial(java.lang.Object, java.lang.Object, java.lang.Object, java.lang.Object, java.lang.Object, java.lang.Object, java.lang.Object, java.lang.Object, java.lang.Object, java.lang.Object, java.lang.Object, java.lang.Object, java.lang.Object, java.lang.Object, java.lang.Object, java.lang.Object, java.lang.Object, java.lang.Object, java.lang.Object, java.lang.Object, java.lang.Ob
Event: 3.544 Thread 0x000001e22855db00 Exception <a 'java/lang/NoSuchMethodError'{0x000000008f00a4e0}: 'java.lang.Object java.lang.invoke.DelegatingMethodHandle$Holder.reinvoke_L(java.lang.Object, java.lang.Object, java.lang.Object, java.lang.Object, java.lang.Object, java.lang.Object, java.lang.Object, java.lang.Object, java.lang.Object, java.lang.Object, java.lang.Object, java.lang.Object, java.lang.Object, java.lang.Object, java.lang.Object, java.lang.Object, java.lang.Object, java.lang.Object, java.lang.Object, java.lang.Object, java.lang.O
Event: 3.552 Thread 0x000001e22855db00 Exception <a 'java/lang/NoSuchMethodError'{0x000000008f0d9890}: 'java.lang.Object java.lang.invoke.DirectMethodHandle$Holder.invokeStatic(java.lang.Object, java.lang.Object, java.lang.Object, java.lang.Object, java.lang.Object, java.lang.Object, java.lang.Object, java.lang.Object, java.lang.Object, java.lang.Object, java.lang.Object, java.lang.Object, java.lang.Object, java.lang.Object, java.lang.Object, java.lang.Object, java.lang.Object, java.lang.Object, java.lang.Object, java.lang.Object, java.lang.Obj
Event: 3.554 Thread 0x000001e22855db00 Exception <a 'java/lang/NoSuchMethodError'{0x000000008ef0c238}: 'java.lang.Object java.lang.invoke.DirectMethodHandle$Holder.invokeStatic(java.lang.Object, java.lang.Object, java.lang.Object, java.lang.Object, java.lang.Object, java.lang.Object, java.lang.Object, java.lang.Object, java.lang.Object, java.lang.Object, java.lang.Object, java.lang.Object, java.lang.Object, java.lang.Object, java.lang.Object, java.lang.Object, java.lang.Object, java.lang.Object, java.lang.Object, java.lang.Object, java.lang.Obj
Event: 3.569 Thread 0x000001e22855db00 Exception <a 'java/lang/NoSuchMethodError'{0x000000008ef7c138}: 'java.lang.Object java.lang.invoke.DirectMethodHandle$Holder.newInvokeSpecial(java.lang.Object, java.lang.Object, java.lang.Object, java.lang.Object, java.lang.Object, java.lang.Object, java.lang.Object, java.lang.Object, java.lang.Object, java.lang.Object, java.lang.Object, java.lang.Object, java.lang.Object)'> (0x000000008ef7c138) 
thrown [s\open\src\hotspot\share\interpreter\linkResolver.cpp, line 774]
Event: 3.570 Thread 0x000001e22855db00 Exception <a 'java/lang/NoSuchMethodError'{0x000000008ef81340}: 'java.lang.Object java.lang.invoke.DirectMethodHandle$Holder.invokeSpecial(java.lang.Object, java.lang.Object, java.lang.Object, java.lang.Object, java.lang.Object, java.lang.Object, java.lang.Object, java.lang.Object, java.lang.Object, java.lang.Object, java.lang.Object, java.lang.Object, java.lang.Object, java.lang.Object)'> (0x000000008ef81340) 
thrown [s\open\src\hotspot\share\interpreter\linkResolver.cpp, line 774]
Event: 3.571 Thread 0x000001e22855db00 Exception <a 'java/lang/NoSuchMethodError'{0x000000008ef85b00}: 'java.lang.Object java.lang.invoke.DelegatingMethodHandle$Holder.reinvoke_L(java.lang.Object, java.lang.Object, java.lang.Object, java.lang.Object, java.lang.Object, java.lang.Object, java.lang.Object, java.lang.Object, java.lang.Object, java.lang.Object, java.lang.Object, java.lang.Object, java.lang.Object)'> (0x000000008ef85b00) 
thrown [s\open\src\hotspot\share\interpreter\linkResolver.cpp, line 774]
Event: 3.596 Thread 0x000001e22855db00 Exception <a 'java/lang/NoSuchMethodError'{0x000000008eec21c8}: 'java.lang.Object java.lang.invoke.DirectMethodHandle$Holder.newInvokeSpecial(java.lang.Object, java.lang.Object, java.lang.Object, java.lang.Object, java.lang.Object, java.lang.Object, java.lang.Object, java.lang.Object, java.lang.Object, java.lang.Object, java.lang.Object, java.lang.Object, java.lang.Object, java.lang.Object, java.lang.Object, java.lang.Object, java.lang.Object, java.lang.Object, java.lang.Object)'> (0x000000008eec21c8) 
thr
Event: 3.596 Thread 0x000001e22855db00 Exception <a 'java/lang/NoSuchMethodError'{0x000000008eec8290}: 'java.lang.Object java.lang.invoke.DirectMethodHandle$Holder.invokeSpecial(java.lang.Object, java.lang.Object, java.lang.Object, java.lang.Object, java.lang.Object, java.lang.Object, java.lang.Object, java.lang.Object, java.lang.Object, java.lang.Object, java.lang.Object, java.lang.Object, java.lang.Object, java.lang.Object, java.lang.Object, java.lang.Object, java.lang.Object, java.lang.Object, java.lang.Object, java.lang.Object)'> (0x0000000
Event: 3.597 Thread 0x000001e22855db00 Exception <a 'java/lang/NoSuchMethodError'{0x000000008eecd308}: 'java.lang.Object java.lang.invoke.DelegatingMethodHandle$Holder.reinvoke_L(java.lang.Object, java.lang.Object, java.lang.Object, java.lang.Object, java.lang.Object, java.lang.Object, java.lang.Object, java.lang.Object, java.lang.Object, java.lang.Object, java.lang.Object, java.lang.Object, java.lang.Object, java.lang.Object, java.lang.Object, java.lang.Object, java.lang.Object, java.lang.Object, java.lang.Object)'> (0x000000008eecd308) 
throw
Event: 3.898 Thread 0x000001e22855db00 Exception <a 'java/lang/NoSuchMethodError'{0x000000008ed934c0}: 'java.lang.Object java.lang.invoke.DirectMethodHandle$Holder.newInvokeSpecial(java.lang.Object, java.lang.Object, int)'> (0x000000008ed934c0) 
thrown [s\open\src\hotspot\share\interpreter\linkResolver.cpp, line 774]
Event: 3.998 Thread 0x000001e22855db00 Implicit null exception at 0x000001e23811a0bd to 0x000001e23811a1c8
Event: 4.004 Thread 0x000001e22855db00 Implicit null exception at 0x000001e23811a5d0 to 0x000001e23811a694
Event: 4.111 Thread 0x000001e22855db00 Exception <a 'java/lang/NoSuchMethodError'{0x000000008e93e8e8}: 'java.lang.Object java.lang.invoke.DirectMethodHandle$Holder.newInvokeSpecial(java.lang.Object, java.lang.Object, java.lang.Object, int)'> (0x000000008e93e8e8) 
thrown [s\open\src\hotspot\share\interpreter\linkResolver.cpp, line 774]
Event: 4.112 Thread 0x000001e22855db00 Exception <a 'java/lang/NoSuchMethodError'{0x000000008e942cb8}: 'java.lang.Object java.lang.invoke.DirectMethodHandle$Holder.invokeSpecial(java.lang.Object, java.lang.Object, java.lang.Object, java.lang.Object, int)'> (0x000000008e942cb8) 
thrown [s\open\src\hotspot\share\interpreter\linkResolver.cpp, line 774]
Event: 4.112 Thread 0x000001e22855db00 Exception <a 'java/lang/NoSuchMethodError'{0x000000008e946680}: 'java.lang.Object java.lang.invoke.Invokers$Holder.linkToTargetMethod(java.lang.Object, java.lang.Object, int, java.lang.Object)'> (0x000000008e946680) 
thrown [s\open\src\hotspot\share\interpreter\linkResolver.cpp, line 774]
Event: 5.028 Thread 0x000001e22855db00 Implicit null exception at 0x000001e2380145f6 to 0x000001e238014c20
Event: 5.229 Thread 0x000001e22855db00 Exception <a 'java/lang/NoSuchMethodError'{0x000000008c4cbb00}: 'void java.lang.invoke.DirectMethodHandle$Holder.invokeSpecial(java.lang.Object, java.lang.Object, int, java.lang.Object)'> (0x000000008c4cbb00) 
thrown [s\open\src\hotspot\share\interpreter\linkResolver.cpp, line 774]

VM Operations (20 events):
Event: 4.479 Executing VM operation: HandshakeAllThreads
Event: 4.479 Executing VM operation: HandshakeAllThreads done
Event: 4.525 Executing VM operation: HandshakeAllThreads
Event: 4.525 Executing VM operation: HandshakeAllThreads done
Event: 4.553 Executing VM operation: ICBufferFull
Event: 4.553 Executing VM operation: ICBufferFull done
Event: 4.932 Executing VM operation: HandshakeAllThreads
Event: 4.932 Executing VM operation: HandshakeAllThreads done
Event: 4.951 Executing VM operation: HandshakeAllThreads
Event: 4.951 Executing VM operation: HandshakeAllThreads done
Event: 5.005 Executing VM operation: ICBufferFull
Event: 5.005 Executing VM operation: ICBufferFull done
Event: 5.112 Executing VM operation: HandshakeAllThreads
Event: 5.112 Executing VM operation: HandshakeAllThreads done
Event: 5.215 Executing VM operation: HandshakeAllThreads
Event: 5.215 Executing VM operation: HandshakeAllThreads done
Event: 5.225 Executing VM operation: HandshakeAllThreads
Event: 5.225 Executing VM operation: HandshakeAllThreads done
Event: 5.247 Executing VM operation: HandshakeAllThreads
Event: 5.247 Executing VM operation: HandshakeAllThreads done

Events (20 events):
Event: 0.013 Thread 0x000001e22855db00 Thread added: 0x000001e22855db00
Event: 0.024 Thread 0x000001e246cea010 Thread added: 0x000001e246cea010
Event: 0.024 Thread 0x000001e246cea9b0 Thread added: 0x000001e246cea9b0
Event: 0.024 Thread 0x000001e246ceb1b0 Thread added: 0x000001e246ceb1b0
Event: 0.024 Thread 0x000001e246cec700 Thread added: 0x000001e246cec700
Event: 0.024 Thread 0x000001e246ceece0 Thread added: 0x000001e246ceece0
Event: 0.024 Thread 0x000001e246cf09d0 Thread added: 0x000001e246cf09d0
Event: 0.024 Thread 0x000001e246cf9260 Thread added: 0x000001e246cf9260
Event: 0.024 Thread 0x000001e246cf79b0 Thread added: 0x000001e246cf79b0
Event: 0.024 Thread 0x000001e246d079c0 Thread added: 0x000001e246d079c0
Event: 0.041 Thread 0x000001e24b0ea6f0 Thread added: 0x000001e24b0ea6f0
Event: 0.043 Thread 0x000001e24b0f5720 Thread added: 0x000001e24b0f5720
Event: 0.201 Thread 0x000001e24b125860 Thread added: 0x000001e24b125860
Event: 0.333 Thread 0x000001e24b964360 Thread added: 0x000001e24b964360
Event: 0.517 Thread 0x000001e24b964360 Thread exited: 0x000001e24b964360
Event: 1.516 Thread 0x000001e24c3b0430 Thread added: 0x000001e24c3b0430
Event: 1.840 Thread 0x000001e24c3b0430 Thread exited: 0x000001e24c3b0430
Event: 2.138 Thread 0x000001e24c590440 Thread added: 0x000001e24c590440
Event: 2.932 Thread 0x000001e24c590440 Thread exited: 0x000001e24c590440
Event: 3.407 Thread 0x000001e24cfad5a0 Thread added: 0x000001e24cfad5a0


Dynamic libraries:
0x00007ff7fc420000 - 0x00007ff7fc430000 	C:\Program Files\Java\jdk-19\bin\java.exe
0x00007ff90d890000 - 0x00007ff90da88000 	C:\Windows\SYSTEM32\ntdll.dll
0x00007ff90d2e0000 - 0x00007ff90d39d000 	C:\Windows\System32\KERNEL32.DLL
0x00007ff90b230000 - 0x00007ff90b502000 	C:\Windows\System32\KERNELBASE.dll
0x00007ff90b510000 - 0x00007ff90b610000 	C:\Windows\System32\ucrtbase.dll
0x00007ff8f2030000 - 0x00007ff8f204b000 	C:\Program Files\Java\jdk-19\bin\VCRUNTIME140.dll
0x00007ff8f3ac0000 - 0x00007ff8f3ad8000 	C:\Program Files\Java\jdk-19\bin\jli.dll
0x00007ff90c970000 - 0x00007ff90ca1e000 	C:\Windows\System32\ADVAPI32.dll
0x00007ff90ce80000 - 0x00007ff90cf1e000 	C:\Windows\System32\msvcrt.dll
0x00007ff90ca40000 - 0x00007ff90cadc000 	C:\Windows\System32\sechost.dll
0x00007ff90d510000 - 0x00007ff90d635000 	C:\Windows\System32\RPCRT4.dll
0x00007ff90cf30000 - 0x00007ff90d0cd000 	C:\Windows\System32\USER32.dll
0x00007ff90b610000 - 0x00007ff90b632000 	C:\Windows\System32\win32u.dll
0x00007ff8f65f0000 - 0x00007ff8f688a000 	C:\Windows\WinSxS\amd64_microsoft.windows.common-controls_6595b64144ccf1df_6.0.19041.1110_none_60b5254171f9507e\COMCTL32.dll
0x00007ff90ce50000 - 0x00007ff90ce7b000 	C:\Windows\System32\GDI32.dll
0x00007ff90b640000 - 0x00007ff90b74f000 	C:\Windows\System32\gdi32full.dll
0x00007ff90b7e0000 - 0x00007ff90b87d000 	C:\Windows\System32\msvcp_win.dll
0x00007ff908df0000 - 0x00007ff908dfa000 	C:\Windows\SYSTEM32\VERSION.dll
0x00007ff90c040000 - 0x00007ff90c070000 	C:\Windows\System32\IMM32.DLL
0x00007ff8fa780000 - 0x00007ff8fa78c000 	C:\Program Files\Java\jdk-19\bin\vcruntime140_1.dll
0x00007ff8bf820000 - 0x00007ff8bf8ae000 	C:\Program Files\Java\jdk-19\bin\msvcp140.dll
0x00007ff8bd8f0000 - 0x00007ff8be5b0000 	C:\Program Files\Java\jdk-19\bin\server\jvm.dll
0x00007ff900ac0000 - 0x00007ff900ae7000 	C:\Windows\SYSTEM32\WINMM.dll
0x00007ff8f4580000 - 0x00007ff8f4589000 	C:\Windows\SYSTEM32\WSOCK32.dll
0x00007ff90d6f0000 - 0x00007ff90d75b000 	C:\Windows\System32\WS2_32.dll
0x00007ff9097f0000 - 0x00007ff909802000 	C:\Windows\SYSTEM32\kernel.appcore.dll
0x00007ff8f4340000 - 0x00007ff8f434a000 	C:\Program Files\Java\jdk-19\bin\jimage.dll
0x00007ff8fef50000 - 0x00007ff8ff134000 	C:\Windows\SYSTEM32\DBGHELP.DLL
0x00007ff8f8c80000 - 0x00007ff8f8cac000 	C:\Windows\SYSTEM32\dbgcore.DLL
0x00007ff90b750000 - 0x00007ff90b7d2000 	C:\Windows\System32\bcryptPrimitives.dll
0x00007ff8d56e0000 - 0x00007ff8d5706000 	C:\Program Files\Java\jdk-19\bin\java.dll
0x00007ff8bf740000 - 0x00007ff8bf817000 	C:\Program Files\Java\jdk-19\bin\jsvml.dll
0x00007ff90b8f0000 - 0x00007ff90c033000 	C:\Windows\System32\SHELL32.dll
0x00007ff909040000 - 0x00007ff9097d1000 	C:\Windows\SYSTEM32\windows.storage.dll
0x00007ff90c610000 - 0x00007ff90c964000 	C:\Windows\System32\combase.dll
0x00007ff90a990000 - 0x00007ff90a9c0000 	C:\Windows\SYSTEM32\Wldp.dll
0x00007ff90cae0000 - 0x00007ff90cb8d000 	C:\Windows\System32\SHCORE.dll
0x00007ff90d280000 - 0x00007ff90d2d5000 	C:\Windows\System32\shlwapi.dll
0x00007ff90aee0000 - 0x00007ff90aeff000 	C:\Windows\SYSTEM32\profapi.dll
0x00007ff8bd640000 - 0x00007ff8bd653000 	C:\Program Files\Java\jdk-19\bin\net.dll
0x00007ff8fe9b0000 - 0x00007ff8feabd000 	C:\Windows\SYSTEM32\WINHTTP.dll
0x00007ff8f3440000 - 0x00007ff8f344b000 	C:\Program Files\Common Files\SocksEscort\escortdrv.dll
0x00007ff90c070000 - 0x00007ff90c19a000 	C:\Windows\System32\ole32.dll
0x00007ff8f3400000 - 0x00007ff8f3432000 	C:\Program Files\Common Files\SocksEscort\escengine.dll
0x00007ff90a680000 - 0x00007ff90a6ea000 	C:\Windows\system32\mswsock.dll
0x00007ff8be6e0000 - 0x00007ff8be6f6000 	C:\Program Files\Java\jdk-19\bin\nio.dll
0x00007ff8be6c0000 - 0x00007ff8be6d8000 	C:\Program Files\Java\jdk-19\bin\zip.dll
0x00007ff8d56d0000 - 0x00007ff8d56e0000 	C:\Program Files\Java\jdk-19\bin\verify.dll

dbghelp: loaded successfully - version: 4.0.5 - missing functions: none
symbol engine: initialized successfully - sym options: 0x614 - pdb path: .;C:\Program Files\Java\jdk-19\bin;C:\Windows\SYSTEM32;C:\Windows\WinSxS\amd64_microsoft.windows.common-controls_6595b64144ccf1df_6.0.19041.1110_none_60b5254171f9507e;C:\Program Files\Java\jdk-19\bin\server;C:\Program Files\Common Files\SocksEscort

VM Arguments:
java_command: org.jetbrains.kotlin.cli.jvm.K2JVMCompiler @D:\study\da_nen_tang\facebook-app-clone\node_modules\react-native-pager-view\android\build\20231226_15726731131992878491.compiler.options
java_class_path (initial): C:\Users\ADMIN\.gradle\caches\modules-2\files-2.1\org.jetbrains.kotlin\kotlin-compiler-embeddable\1.7.0\4d09852239f61842072b40b524882fa3caaed371\kotlin-compiler-embeddable-1.7.0.jar;C:\Users\ADMIN\.gradle\caches\modules-2\files-2.1\org.jetbrains.kotlin\kotlin-reflect\1.7.0\e660b0079fdaf744dc9cc7f6f3aa3c761ec839b0\kotlin-reflect-1.7.0.jar;C:\Users\ADMIN\.gradle\caches\modules-2\files-2.1\org.jetbrains.kotlin\kotlin-stdlib\1.7.0\a5f42c684ad9003160ef0d0f693ecf0ba7b13549\kotlin-stdlib-1.7.0.jar;C:\Users\ADMIN\.gradle\caches\modules-2\files-2.1\org.jetbrains.kotlin\kotlin-script-runtime\1.7.0\3acea1d447587e61bc3e1b3ed6227d9e9ed4ddf1\kotlin-script-runtime-1.7.0.jar;C:\Users\ADMIN\.gradle\caches\modules-2\files-2.1\org.jetbrains.kotlin\kotlin-daemon-embeddable\1.7.0\fd56798de80825c673ac93808284c5198ffa2b50\kotlin-daemon-embeddable-1.7.0.jar;C:\Users\ADMIN\.gradle\caches\modules-2\files-2.1\org.jetbrains.intellij.deps\trove4j\1.0.20200330\3afb14d5f9ceb459d724e907a21145e8ff394f02\trove4j-1.0.20200330.jar;C:\Users\ADMIN\.gradle\caches\modules-2\files-2.1\net.java.dev.jna\jna\5.6.0\330f2244e9030119ab3030fc3fededc86713d9cc\jna-5.6.0.jar;C:\Users\ADMIN\.gradle\caches\modules-2\files-2.1\org.jetbrains.kotlin\kotlin-stdlib-common\1.7.0\51736992f422993a1e741051bdf3c12801bc1ca1\kotlin-stdlib-common-1.7.0.jar;C:\Users\ADMIN\.gradle\caches\modules-2\files-2.1\org.jetbrains\annotations\13.0\919f0dfe192fb4e063e7dacadee7f8bb9a2672a9\annotations-13.0.jar
Launcher Type: SUN_STANDARD

[Global flags]
     intx CICompilerCount                          = 4                                         {product} {ergonomic}
     uint ConcGCThreads                            = 3                                         {product} {ergonomic}
     uint G1ConcRefinementThreads                  = 10                                        {product} {ergonomic}
   size_t G1HeapRegionSize                         = 1048576                                   {product} {ergonomic}
    uintx GCDrainStackTargetSize                   = 64                                        {product} {ergonomic}
   size_t InitialHeapSize                          = 125829120                                 {product} {ergonomic}
   size_t MarkStackSize                            = 4194304                                   {product} {ergonomic}
   size_t MaxHeapSize                              = 1988100096                                {product} {ergonomic}
   size_t MaxNewSize                               = 1192230912                                {product} {ergonomic}
   size_t MinHeapDeltaBytes                        = 1048576                                   {product} {ergonomic}
   size_t MinHeapSize                              = 8388608                                   {product} {ergonomic}
    uintx NonNMethodCodeHeapSize                   = 5839372                                {pd product} {ergonomic}
    uintx NonProfiledCodeHeapSize                  = 122909434                              {pd product} {ergonomic}
    uintx ProfiledCodeHeapSize                     = 122909434                              {pd product} {ergonomic}
    uintx ReservedCodeCacheSize                    = 251658240                              {pd product} {ergonomic}
     bool SegmentedCodeCache                       = true                                      {product} {ergonomic}
   size_t SoftMaxHeapSize                          = 1988100096                             {manageable} {ergonomic}
     bool UseCompressedClassPointers               = true                           {product lp64_product} {ergonomic}
     bool UseCompressedOops                        = true                           {product lp64_product} {ergonomic}
     bool UseG1GC                                  = true                                      {product} {ergonomic}
     bool UseLargePagesIndividualAllocation        = false                                  {pd product} {ergonomic}

Logging:
Log output configuration:
 #0: stdout all=warning uptime,level,tags foldmultilines=false
 #1: stderr all=off uptime,level,tags foldmultilines=false

Environment Variables:
JAVA_HOME=C:\Program Files\Java\jdk-19
CLASSPATH=D:\study\da_nen_tang\facebook-app-clone\android\\gradle\wrapper\gradle-wrapper.jar
PATH=D:\study\da_nen_tang\facebook-app-clone\node_modules\.bin;D:\study\da_nen_tang\node_modules\.bin;D:\study\node_modules\.bin;D:\node_modules\.bin;C:\Users\ADMIN\AppData\Roaming\nvm\v16.15.0\node_modules\npm\node_modules\@npmcli\run-script\lib\node-gyp-bin;C:\Users\ADMIN\AppData\Local\Temp\yarn--1703605196357-0.7593685869617766;D:\study\da_nen_tang\facebook-app-clone\node_modules\.bin;C:\Users\ADMIN\AppData\Local\Yarn\Data\link\node_modules\.bin;C:\Users\ADMIN\AppData\Local\Yarn\bin;C:\Program Files\libexec\lib\node_modules\npm\bin\node-gyp-bin;C:\Program Files\lib\node_modules\npm\bin\node-gyp-bin;C:\Program Files\nodejs\node_modules\npm\bin\node-gyp-bin;C:\Program Files\Common Files\Oracle\Java\javapath;C:\Windows\system32;C:\Windows;C:\Windows\System32\Wbem;C:\Windows\System32\WindowsPowerShell\v1.0\;C:\Windows\System32\OpenSSH\;C:\Program Files\Java\jdk-19\bin;C:\Program Files\Git\cmd;C:\MinGW\bin;C:\Users\ADMIN\AppData\Roaming\nvm;C:\Program Files\nodejs;C:\Users\ADMIN\AppData\Local\Android\Sdk\platform-tools;C:\Program Files\MySQL\MySQL Shell 8.0\bin\;C:\Users\ADMIN\AppData\Local\Microsoft\WindowsApps;C:\Users\ADMIN\AppData\Local\Programs\Microsoft VS Code\bin;C:\Users\ADMIN\AppData\Local\Programs\Python\Python311;C:\Users\ADMIN\AppData\Local\Programs\Python\Python311\Scripts;C:\Users\ADMIN\AppData\Roaming\npm;C:\Users\ADMIN\AppData\Local\Programs\EmEditor;C:\Users\ADMIN\AppData\Roaming\nvm;C:\Program Files\nodejs;
USERNAME=ADMIN
LANG=en_US.UTF-8
OS=Windows_NT
PROCESSOR_IDENTIFIER=AMD64 Family 23 Model 96 Stepping 1, AuthenticAMD
TMP=C:\Users\ADMIN\AppData\Local\Temp
TEMP=C:\Users\ADMIN\AppData\Local\Temp



---------------  S Y S T E M  ---------------

OS:
 Windows 10 , 64 bit Build 19041 (10.0.19041.1889)
OS uptime: 0 days 23:09 hours

CPU: total 12 (initial active 12) (12 cores per cpu, 2 threads per core) family 23 model 96 stepping 1 microcode 0x0, cx8, cmov, fxsr, ht, mmx, 3dnowpref, sse, sse2, sse3, ssse3, sse4a, sse4.1, sse4.2, popcnt, lzcnt, tsc, tscinvbit, avx, avx2, aes, clmul, bmi1, bmi2, adx, sha, fma, vzeroupper, clflush, clflushopt, rdtscp, rdpid

Memory: 4k page, system-wide physical 7579M (700M free)
TotalPageFile size 11675M (AvailPageFile size 7M)
current process WorkingSet (physical memory assigned to process): 264M, peak: 269M
current process commit charge ("private bytes"): 313M, peak: 322M

vm_info: Java HotSpot(TM) 64-Bit Server VM (19.0.1+10-21) for windows-amd64 JRE (19.0.1+10-21), built on 2022-09-14T12:45:06Z by "mach5one" with MS VC++ 17.1 (VS2022)

END.
