#
# There is insufficient memory for the Java Runtime Environment to continue.
# Native memory allocation (mmap) failed to map 65536 bytes for Failed to commit metaspace.
# Possible reasons:
#   The system is out of physical RAM or swap space
#   The process is running with CompressedOops enabled, and the Java Heap may be blocking the growth of the native heap
# Possible solutions:
#   Reduce memory load on the system
#   Increase physical memory or swap space
#   Check if swap backing store is full
#   Decrease Java heap size (-Xmx/-Xms)
#   Decrease number of Java threads
#   Decrease Java thread stack sizes (-Xss)
#   Set larger code cache with -XX:ReservedCodeCacheSize=
#   JVM is running with Unscaled Compressed Oops mode in which the Java heap is
#     placed in the first 4GB address space. The Java Heap base address is the
#     maximum limit for the native heap growth. Please use -XX:HeapBaseMinAddress
#     to set the Java Heap base and to place the Java Heap above 4GB virtual address.
# This output file may be truncated or incomplete.
#
#  Out of Memory Error (virtualSpaceNode.cpp:110), pid=17020, tid=14292
#
# JRE version: Java(TM) SE Runtime Environment (19.0.1+10) (build 19.0.1+10-21)
# Java VM: Java HotSpot(TM) 64-Bit Server VM (19.0.1+10-21, mixed mode, sharing, tiered, compressed oops, compressed class ptrs, g1 gc, windows-amd64)
# No core dump will be written. Minidumps are not enabled by default on client versions of Windows
#

---------------  S U M M A R Y ------------

Command Line: org.jetbrains.kotlin.cli.jvm.K2JVMCompiler @D:\study\da_nen_tang\facebook-app-clone\node_modules\react-native-gesture-handler\android\build\20231123_18069367268863926903.compiler.options

Host: AMD Ryzen 5 4600H with Radeon Graphics         , 12 cores, 7G,  Windows 10 , 64 bit Build 19041 (10.0.19041.1889)
Time: Thu Nov 23 21:11:47 2023 SE Asia Standard Time elapsed time: 1.252194 seconds (0d 0h 0m 1s)

---------------  T H R E A D  ---------------

Current thread (0x0000027113a8ea90):  JavaThread "main" [_thread_in_vm, id=14292, stack(0x0000008983300000,0x0000008983400000)]

Stack: [0x0000008983300000,0x0000008983400000]
Native frames: (J=compiled Java code, j=interpreted, Vv=VM code, C=native code)
V  [jvm.dll+0x6ee8fa]
V  [jvm.dll+0x857a1e]
V  [jvm.dll+0x85940e]
V  [jvm.dll+0x859ac3]
V  [jvm.dll+0x28291f]
V  [jvm.dll+0x85369b]
V  [jvm.dll+0x693276]
V  [jvm.dll+0x1f29b7]
V  [jvm.dll+0x695cb2]
V  [jvm.dll+0x695a9e]
V  [jvm.dll+0x693c9e]
V  [jvm.dll+0x26f4e1]
V  [jvm.dll+0x21e927]
V  [jvm.dll+0x214571]
V  [jvm.dll+0x5aa2d6]
V  [jvm.dll+0x7cd793]
V  [jvm.dll+0x7cd874]
V  [jvm.dll+0x46b0b4]
V  [jvm.dll+0x4706bf]
C  [java.dll+0x17ec]

Java frames: (J=compiled Java code, j=interpreted, Vv=VM code)
J 522  java.lang.ClassLoader.defineClass1(Ljava/lang/ClassLoader;Ljava/lang/String;[BIILjava/security/ProtectionDomain;Ljava/lang/String;)Ljava/lang/Class; java.base@19.0.1 (0 bytes) @ 0x0000027125603a83 [0x00000271256039c0+0x00000000000000c3]
J 557 c1 java.lang.ClassLoader.defineClass(Ljava/lang/String;[BIILjava/security/ProtectionDomain;)Ljava/lang/Class; java.base@19.0.1 (43 bytes) @ 0x000002711dc04054 [0x000002711dc03d00+0x0000000000000354]
J 548 c1 java.security.SecureClassLoader.defineClass(Ljava/lang/String;[BIILjava/security/CodeSource;)Ljava/lang/Class; java.base@19.0.1 (16 bytes) @ 0x000002711dbff08c [0x000002711dbfefc0+0x00000000000000cc]
J 500 c1 jdk.internal.loader.BuiltinClassLoader.defineClass(Ljava/lang/String;Ljdk/internal/loader/Resource;)Ljava/lang/Class; java.base@19.0.1 (121 bytes) @ 0x000002711dbde894 [0x000002711dbdd4e0+0x00000000000013b4]
J 433 c1 jdk.internal.loader.BuiltinClassLoader.findClassOnClassPathOrNull(Ljava/lang/String;)Ljava/lang/Class; java.base@19.0.1 (64 bytes) @ 0x000002711dbb5dd4 [0x000002711dbb5100+0x0000000000000cd4]
J 212 c1 jdk.internal.loader.BuiltinClassLoader.loadClassOrNull(Ljava/lang/String;Z)Ljava/lang/Class; java.base@19.0.1 (143 bytes) @ 0x000002711db51354 [0x000002711db508e0+0x0000000000000a74]
J 419 c1 jdk.internal.loader.ClassLoaders$AppClassLoader.loadClass(Ljava/lang/String;Z)Ljava/lang/Class; java.base@19.0.1 (40 bytes) @ 0x000002711dbad6c4 [0x000002711dbad4e0+0x00000000000001e4]
J 310 c1 java.lang.ClassLoader.loadClass(Ljava/lang/String;)Ljava/lang/Class; java.base@19.0.1 (7 bytes) @ 0x000002711db749cc [0x000002711db748c0+0x000000000000010c]
v  ~StubRoutines::call_stub 0x000002712504100e
J 522  java.lang.ClassLoader.defineClass1(Ljava/lang/ClassLoader;Ljava/lang/String;[BIILjava/security/ProtectionDomain;Ljava/lang/String;)Ljava/lang/Class; java.base@19.0.1 (0 bytes) @ 0x0000027125603a83 [0x00000271256039c0+0x00000000000000c3]
J 557 c1 java.lang.ClassLoader.defineClass(Ljava/lang/String;[BIILjava/security/ProtectionDomain;)Ljava/lang/Class; java.base@19.0.1 (43 bytes) @ 0x000002711dc04054 [0x000002711dc03d00+0x0000000000000354]
J 548 c1 java.security.SecureClassLoader.defineClass(Ljava/lang/String;[BIILjava/security/CodeSource;)Ljava/lang/Class; java.base@19.0.1 (16 bytes) @ 0x000002711dbff08c [0x000002711dbfefc0+0x00000000000000cc]
J 500 c1 jdk.internal.loader.BuiltinClassLoader.defineClass(Ljava/lang/String;Ljdk/internal/loader/Resource;)Ljava/lang/Class; java.base@19.0.1 (121 bytes) @ 0x000002711dbde894 [0x000002711dbdd4e0+0x00000000000013b4]
J 433 c1 jdk.internal.loader.BuiltinClassLoader.findClassOnClassPathOrNull(Ljava/lang/String;)Ljava/lang/Class; java.base@19.0.1 (64 bytes) @ 0x000002711dbb5dd4 [0x000002711dbb5100+0x0000000000000cd4]
J 212 c1 jdk.internal.loader.BuiltinClassLoader.loadClassOrNull(Ljava/lang/String;Z)Ljava/lang/Class; java.base@19.0.1 (143 bytes) @ 0x000002711db51354 [0x000002711db508e0+0x0000000000000a74]
J 419 c1 jdk.internal.loader.ClassLoaders$AppClassLoader.loadClass(Ljava/lang/String;Z)Ljava/lang/Class; java.base@19.0.1 (40 bytes) @ 0x000002711dbad6c4 [0x000002711dbad4e0+0x00000000000001e4]
J 310 c1 java.lang.ClassLoader.loadClass(Ljava/lang/String;)Ljava/lang/Class; java.base@19.0.1 (7 bytes) @ 0x000002711db749cc [0x000002711db748c0+0x000000000000010c]
v  ~StubRoutines::call_stub 0x000002712504100e
j  kotlin.reflect.jvm.internal.impl.load.kotlin.header.ReadKotlinClassHeaderAnnotationVisitor$KotlinMetadataArgumentVisitor.dataArrayVisitor()Lkotlin/reflect/jvm/internal/impl/load/kotlin/KotlinJvmBinaryClass$AnnotationArrayArgumentVisitor;+0
j  kotlin.reflect.jvm.internal.impl.load.kotlin.header.ReadKotlinClassHeaderAnnotationVisitor$KotlinMetadataArgumentVisitor.visitArray(Lkotlin/reflect/jvm/internal/impl/name/Name;)Lkotlin/reflect/jvm/internal/impl/load/kotlin/KotlinJvmBinaryClass$AnnotationArrayArgumentVisitor;+23
j  kotlin.reflect.jvm.internal.impl.descriptors.runtime.components.ReflectClassStructure.processAnnotationArgumentValue(Lkotlin/reflect/jvm/internal/impl/load/kotlin/KotlinJvmBinaryClass$AnnotationArgumentVisitor;Lkotlin/reflect/jvm/internal/impl/name/Name;Ljava/lang/Object;)V+208
j  kotlin.reflect.jvm.internal.impl.descriptors.runtime.components.ReflectClassStructure.processAnnotationArguments(Lkotlin/reflect/jvm/internal/impl/load/kotlin/KotlinJvmBinaryClass$AnnotationArgumentVisitor;Ljava/lang/annotation/Annotation;Ljava/lang/Class;)V+81
j  kotlin.reflect.jvm.internal.impl.descriptors.runtime.components.ReflectClassStructure.processAnnotation(Lkotlin/reflect/jvm/internal/impl/load/kotlin/KotlinJvmBinaryClass$AnnotationVisitor;Ljava/lang/annotation/Annotation;)V+45
j  kotlin.reflect.jvm.internal.impl.descriptors.runtime.components.ReflectClassStructure.loadClassAnnotations(Ljava/lang/Class;Lkotlin/reflect/jvm/internal/impl/load/kotlin/KotlinJvmBinaryClass$AnnotationVisitor;)V+54
j  kotlin.reflect.jvm.internal.impl.descriptors.runtime.components.ReflectKotlinClass$Factory.create(Ljava/lang/Class;)Lkotlin/reflect/jvm/internal/impl/descriptors/runtime/components/ReflectKotlinClass;+22
j  kotlin.reflect.jvm.internal.impl.descriptors.runtime.components.ReflectKotlinClassFinder.findKotlinClass(Ljava/lang/String;)Lkotlin/reflect/jvm/internal/impl/load/kotlin/KotlinClassFinder$Result;+19
j  kotlin.reflect.jvm.internal.impl.descriptors.runtime.components.ReflectKotlinClassFinder.findKotlinClassOrContent(Lkotlin/reflect/jvm/internal/impl/name/ClassId;)Lkotlin/reflect/jvm/internal/impl/load/kotlin/KotlinClassFinder$Result;+11
j  kotlin.reflect.jvm.internal.impl.load.java.lazy.descriptors.LazyJavaPackageScope$classes$1.invoke(Lkotlin/reflect/jvm/internal/impl/load/java/lazy/descriptors/LazyJavaPackageScope$FindClassRequest;)Lkotlin/reflect/jvm/internal/impl/descriptors/ClassDescriptor;+68
j  kotlin.reflect.jvm.internal.impl.load.java.lazy.descriptors.LazyJavaPackageScope$classes$1.invoke(Ljava/lang/Object;)Ljava/lang/Object;+5
j  kotlin.reflect.jvm.internal.impl.storage.LockBasedStorageManager$MapBasedMemoizedFunction.invoke(Ljava/lang/Object;)Ljava/lang/Object;+182
j  kotlin.reflect.jvm.internal.impl.load.java.lazy.descriptors.LazyJavaPackageScope.findClassifier(Lkotlin/reflect/jvm/internal/impl/name/Name;Lkotlin/reflect/jvm/internal/impl/load/java/structure/JavaClass;)Lkotlin/reflect/jvm/internal/impl/descriptors/ClassDescriptor;+61
j  kotlin.reflect.jvm.internal.impl.load.java.lazy.descriptors.LazyJavaPackageScope.getContributedClassifier(Lkotlin/reflect/jvm/internal/impl/name/Name;Lkotlin/reflect/jvm/internal/impl/incremental/components/LookupLocation;)Lkotlin/reflect/jvm/internal/impl/descriptors/ClassDescriptor;+15
j  kotlin.reflect.jvm.internal.impl.load.java.lazy.descriptors.JvmPackageScope.getContributedClassifier(Lkotlin/reflect/jvm/internal/impl/name/Name;Lkotlin/reflect/jvm/internal/impl/incremental/components/LookupLocation;)Lkotlin/reflect/jvm/internal/impl/descriptors/ClassifierDescriptor;+24
j  kotlin.reflect.jvm.internal.impl.resolve.scopes.ChainedMemberScope.getContributedClassifier(Lkotlin/reflect/jvm/internal/impl/name/Name;Lkotlin/reflect/jvm/internal/impl/incremental/components/LookupLocation;)Lkotlin/reflect/jvm/internal/impl/descriptors/ClassifierDescriptor;+54
j  kotlin.reflect.jvm.internal.impl.resolve.scopes.AbstractScopeAdapter.getContributedClassifier(Lkotlin/reflect/jvm/internal/impl/name/Name;Lkotlin/reflect/jvm/internal/impl/incremental/components/LookupLocation;)Lkotlin/reflect/jvm/internal/impl/descriptors/ClassifierDescriptor;+18
j  kotlin.reflect.jvm.internal.impl.descriptors.FindClassInModuleKt.findClassifierAcrossModuleDependencies(Lkotlin/reflect/jvm/internal/impl/descriptors/ModuleDescriptor;Lkotlin/reflect/jvm/internal/impl/name/ClassId;)Lkotlin/reflect/jvm/internal/impl/descriptors/ClassifierDescriptor;+96
j  kotlin.reflect.jvm.internal.impl.descriptors.FindClassInModuleKt.findClassAcrossModuleDependencies(Lkotlin/reflect/jvm/internal/impl/descriptors/ModuleDescriptor;Lkotlin/reflect/jvm/internal/impl/name/ClassId;)Lkotlin/reflect/jvm/internal/impl/descriptors/ClassDescriptor;+14
j  kotlin.reflect.jvm.internal.KClassImpl$Data$descriptor$2.invoke()Lkotlin/reflect/jvm/internal/impl/descriptors/ClassDescriptor;+48
j  kotlin.reflect.jvm.internal.KClassImpl$Data$descriptor$2.invoke()Ljava/lang/Object;+1
j  kotlin.reflect.jvm.internal.ReflectProperties$LazySoftVal.invoke()Ljava/lang/Object;+28
j  kotlin.reflect.jvm.internal.ReflectProperties$Val.getValue(Ljava/lang/Object;Ljava/lang/Object;)Ljava/lang/Object;+1
j  kotlin.reflect.jvm.internal.KClassImpl$Data.getDescriptor()Lkotlin/reflect/jvm/internal/impl/descriptors/ClassDescriptor;+10
j  kotlin.reflect.jvm.internal.KClassImpl.getDescriptor()Lkotlin/reflect/jvm/internal/impl/descriptors/ClassDescriptor;+10
j  kotlin.reflect.jvm.internal.KClassImpl.getMemberScope$kotlin_reflection()Lkotlin/reflect/jvm/internal/impl/resolve/scopes/MemberScope;+1
j  kotlin.reflect.jvm.internal.KClassImpl$Data$declaredNonStaticMembers$2.invoke()Ljava/util/Collection;+8
j  kotlin.reflect.jvm.internal.KClassImpl$Data$declaredNonStaticMembers$2.invoke()Ljava/lang/Object;+1
j  kotlin.reflect.jvm.internal.ReflectProperties$LazySoftVal.invoke()Ljava/lang/Object;+28
j  kotlin.reflect.jvm.internal.ReflectProperties$Val.getValue(Ljava/lang/Object;Ljava/lang/Object;)Ljava/lang/Object;+1
j  kotlin.reflect.jvm.internal.KClassImpl$Data.getDeclaredNonStaticMembers()Ljava/util/Collection;+11
j  kotlin.reflect.jvm.internal.KClassImpl$Data$allNonStaticMembers$2.invoke()Ljava/util/List;+4
j  kotlin.reflect.jvm.internal.KClassImpl$Data$allNonStaticMembers$2.invoke()Ljava/lang/Object;+1
j  kotlin.reflect.jvm.internal.ReflectProperties$LazySoftVal.invoke()Ljava/lang/Object;+28
j  kotlin.reflect.jvm.internal.ReflectProperties$Val.getValue(Ljava/lang/Object;Ljava/lang/Object;)Ljava/lang/Object;+1
j  kotlin.reflect.jvm.internal.KClassImpl$Data.getAllNonStaticMembers()Ljava/util/Collection;+11
j  kotlin.reflect.full.KClasses.getMemberProperties(Lkotlin/reflect/KClass;)Ljava/util/Collection;+19
j  org.jetbrains.kotlin.cli.common.arguments.ParseCommandLineArgumentsKt.parsePreprocessedCommandLineArguments(Ljava/util/List;Lorg/jetbrains/kotlin/cli/common/arguments/CommonToolArguments;Lorg/jetbrains/kotlin/cli/common/arguments/ArgumentParseErrors;)V+7
j  org.jetbrains.kotlin.cli.common.arguments.ParseCommandLineArgumentsKt.parseCommandLineArguments(Ljava/util/List;Lorg/jetbrains/kotlin/cli/common/arguments/CommonToolArguments;)V+68
j  org.jetbrains.kotlin.cli.common.CLITool.exec(Ljava/io/PrintStream;Lorg/jetbrains/kotlin/config/Services;Lorg/jetbrains/kotlin/cli/common/messages/MessageRenderer;[Ljava/lang/String;)Lorg/jetbrains/kotlin/cli/common/ExitCode;+38
j  org.jetbrains.kotlin.cli.common.CLITool.exec(Ljava/io/PrintStream;Lorg/jetbrains/kotlin/cli/common/messages/MessageRenderer;[Ljava/lang/String;)Lorg/jetbrains/kotlin/cli/common/ExitCode;+25
j  org.jetbrains.kotlin.cli.common.CLITool$Companion.doMainNoExit(Lorg/jetbrains/kotlin/cli/common/CLITool;[Ljava/lang/String;Lorg/jetbrains/kotlin/cli/common/messages/MessageRenderer;)Lorg/jetbrains/kotlin/cli/common/ExitCode;+39
j  org.jetbrains.kotlin.cli.common.CLITool$Companion.doMainNoExit$default(Lorg/jetbrains/kotlin/cli/common/CLITool$Companion;Lorg/jetbrains/kotlin/cli/common/CLITool;[Ljava/lang/String;Lorg/jetbrains/kotlin/cli/common/messages/MessageRenderer;ILjava/lang/Object;)Lorg/jetbrains/kotlin/cli/common/ExitCode;+16
j  org.jetbrains.kotlin.cli.common.CLITool$Companion.doMain(Lorg/jetbrains/kotlin/cli/common/CLITool;[Ljava/lang/String;)V+57
j  org.jetbrains.kotlin.cli.jvm.K2JVMCompiler$Companion.main([Ljava/lang/String;)V+20
j  org.jetbrains.kotlin.cli.jvm.K2JVMCompiler.main([Ljava/lang/String;)V+4
v  ~StubRoutines::call_stub 0x000002712504100e

Compiled method (n/a)    1278  522     n 0       java.lang.ClassLoader::defineClass1 (native)
 total in heap  [0x0000027125603810,0x0000027125603e68] = 1624
 relocation     [0x0000027125603970,0x00000271256039a8] = 56
 main code      [0x00000271256039c0,0x0000027125603e62] = 1186
 stub code      [0x0000027125603e62,0x0000027125603e68] = 6

[Constant Pool (empty)]

[MachCode]
[Entry Point]
  # {method} {0x0000000800435c28} 'defineClass1' '(Ljava/lang/ClassLoader;Ljava/lang/String;[BIILjava/security/ProtectionDomain;Ljava/lang/String;)Ljava/lang/Class;' in 'java/lang/ClassLoader'
  # parm0:    rdx:rdx   = 'java/lang/ClassLoader'
  # parm1:    r8:r8     = 'java/lang/String'
  # parm2:    r9:r9     = '[B'
  # parm3:    rdi       = int
  # parm4:    rsi       = int
  # parm5:    rcx:rcx   = 'java/security/ProtectionDomain'
  # parm6:    [sp+0xa0]   = 'java/lang/String'  (sp of caller)
  0x00000271256039c0: 448b 5208 | 49bb 0000 | 0000 0800 | 0000 4d03 | d349 3bc2 | 0f84 0600 

  0x00000271256039d8: ;   {runtime_call ic_miss_stub}
  0x00000271256039d8: 0000 e9a1 | dda9 ff90 
[Verified Entry Point]
  0x00000271256039e0: 8984 2400 | 90ff ff55 | 488b ec48 | 81ec 9000 | 0000 4881 | 7d10 0000 | 0000 488d | 4510 480f 
  0x0000027125603a00: 4445 1048 | 8944 2440 | 4889 4c24 | 7048 83f9 | 0048 8d44 | 2470 480f | 4444 2470 | 4889 4424 
  0x0000027125603a20: 3848 8974 | 2430 4889 | 7c24 284c | 894c 2458 | 4983 f900 | 488d 4424 | 5848 0f44 | 4424 5848 
  0x0000027125603a40: 8944 2420 | 4c89 4424 | 5049 83f8 | 004c 8d4c | 2450 4c0f | 444c 2450 | 4889 5424 | 4848 83fa 
  0x0000027125603a60: 004c 8d44 | 2448 4c0f | 4444 2448 

  0x0000027125603a6c: ;   {oop(a 'java/lang/Class'{0x0000000090f01450} = 'java/lang/ClassLoader')}
  0x0000027125603a6c: 49be 5014 | f090 0000 | 0000 4c89 | 7424 784c | 8d74 2478 | 498b d6c5 

  0x0000027125603a84: ;   {internal_word}
  0x0000027125603a84: f877 49ba | 833a 6025 | 7102 0000 | 4d89 97c8 | 0200 0049 | 89a7 c002 

  0x0000027125603a9c: ;   {external_word}
  0x0000027125603a9c: 0000 49ba | c984 1850 | fc7f 0000 | 4180 3a00 | 0f84 5000 | 0000 5241 

  0x0000027125603ab4: ;   {metadata({method} {0x0000000800435c28} 'defineClass1' '(Ljava/lang/ClassLoader;Ljava/lang/String;[BIILjava/security/ProtectionDomain;Ljava/lang/String;)Ljava/lang/Class;' in 'java/lang/ClassLoader')}
  0x0000027125603ab4: 5041 5148 | ba20 5c43 | 0008 0000 | 0049 8bcf | 4883 ec20 | 40f6 c40f | 0f84 1a00 | 0000 4883 
  0x0000027125603ad4: ;   {runtime_call}
  0x0000027125603ad4: ec08 49ba | 902b d04f | fc7f 0000 | 41ff d248 | 83c4 08e9 | 0d00 0000 

  0x0000027125603aec: ;   {runtime_call}
  0x0000027125603aec: 49ba 902b | d04f fc7f | 0000 41ff | d248 83c4 | 2041 5941 | 585a 498d | 8fe0 0200 | 0041 c787 
  0x0000027125603b0c: 7403 0000 | 0400 0000 

  0x0000027125603b14: ;   {runtime_call}
  0x0000027125603b14: 49ba ac16 | 8876 fc7f | 0000 41ff | d2c5 f877 | 41c7 8774 | 0300 0005 | 0000 00f0 | 8344 24c0 
  0x0000027125603b34: 0049 3baf | 7803 0000 | 0f87 1100 | 0000 4181 | bf70 0300 | 0000 0000 | 000f 842c | 0000 00c5 
  0x0000027125603b54: f877 4889 | 45f8 498b | cf4c 8be4 | 4883 ec20 | 4883 e4f0 

  0x0000027125603b68: ;   {runtime_call}
  0x0000027125603b68: 49ba a018 | db4f fc7f | 0000 41ff | d249 8be4 | 4d33 e448 | 8b45 f841 | c787 7403 | 0000 0800 
  0x0000027125603b88: 0000 4181 | bfe8 0300 | 0002 0000 | 000f 8499 

  0x0000027125603b98: ;   {external_word}
  0x0000027125603b98: 0200 0049 | bac9 8418 | 50fc 7f00 | 0041 803a | 000f 844e | 0000 0048 

  0x0000027125603bb0: ;   {metadata({method} {0x0000000800435c28} 'defineClass1' '(Ljava/lang/ClassLoader;Ljava/lang/String;[BIILjava/security/ProtectionDomain;Ljava/lang/String;)Ljava/lang/Class;' in 'java/lang/ClassLoader')}
  0x0000027125603bb0: 8945 f848 | ba20 5c43 | 0008 0000 | 0049 8bcf | 4883 ec20 | 40f6 c40f | 0f84 1a00 | 0000 4883 
  0x0000027125603bd0: ;   {runtime_call}
  0x0000027125603bd0: ec08 49ba | 902b d04f | fc7f 0000 | 41ff d248 | 83c4 08e9 | 0d00 0000 

  0x0000027125603be8: ;   {runtime_call}
  0x0000027125603be8: 49ba 902b | d04f fc7f | 0000 41ff | d248 83c4 | 2048 8b45 | f849 c787 | c002 0000 | 0000 0000 
  0x0000027125603c08: 49c7 87c8 | 0200 0000 | 0000 00c5 | f877 4885 | c00f 84ef | 0100 00a8 | 010f 84e4 | 0100 0048 
  0x0000027125603c28: 8b40 ff41 | 807f 4000 | 0f84 d001 | 0000 4883 | f800 0f84 | c601 0000 | 498b 4f28 | 4883 f900 
  0x0000027125603c48: 0f84 1400 | 0000 4883 | e908 4989 | 4f28 4903 | 4f38 4889 | 01e9 a401 | 0000 4881 | ecd0 0000 
  0x0000027125603c68: 0048 8904 | 2448 894c | 2408 4889 | 5424 1048 | 8974 2418 | 4889 7c24 | 204c 8944 | 2428 4c89 
  0x0000027125603c88: 4c24 304c | 8954 2438 | 4c89 5c24 | 40c5 fb11 | 4424 50c5 | fb11 4c24 | 58c5 fb11 | 5424 60c5 
  0x0000027125603ca8: fb11 5c24 | 68c5 fb11 | 6424 70c5 | fb11 6c24 | 78c5 fb11 | b424 8000 | 0000 c5fb | 11bc 2488 
  0x0000027125603cc8: 0000 00c5 | 7b11 8424 | 9000 0000 | c57b 118c | 2498 0000 | 00c5 7b11 | 9424 a000 | 0000 c57b 
  0x0000027125603ce8: 119c 24a8 | 0000 00c5 | 7b11 a424 | b000 0000 | c57b 11ac | 24b8 0000 | 00c5 7b11 | b424 c000 
  0x0000027125603d08: 0000 c57b | 11bc 24c8 | 0000 0049 | 8bd7 488b | c848 83ec | 2040 f6c4 | 0f0f 841a | 0000 0048 
  0x0000027125603d28: ;   {runtime_call}
  0x0000027125603d28: 83ec 0849 | bab0 1b8d | 4ffc 7f00 | 0041 ffd2 | 4883 c408 | e90d 0000 

  0x0000027125603d40: ;   {runtime_call}
  0x0000027125603d40: 0049 bab0 | 1b8d 4ffc | 7f00 0041 | ffd2 4883 | c420 c57b | 10bc 24c8 | 0000 00c5 | 7b10 b424 
  0x0000027125603d60: c000 0000 | c57b 10ac | 24b8 0000 | 00c5 7b10 | a424 b000 | 0000 c57b | 109c 24a8 | 0000 00c5 
  0x0000027125603d80: 7b10 9424 | a000 0000 | c57b 108c | 2498 0000 | 00c5 7b10 | 8424 9000 | 0000 c5fb | 10bc 2488 
  0x0000027125603da0: 0000 00c5 | fb10 b424 | 8000 0000 | c5fb 106c | 2478 c5fb | 1064 2470 | c5fb 105c | 2468 c5fb 
  0x0000027125603dc0: 1054 2460 | c5fb 104c | 2458 c5fb | 1044 2450 | 4c8b 5c24 | 404c 8b54 | 2438 4c8b | 4c24 304c 
  0x0000027125603de0: 8b44 2428 | 488b 7c24 | 2048 8b74 | 2418 488b | 5424 1048 | 8b4c 2408 | 488b 0424 | 4881 c4d0 
  0x0000027125603e00: 0000 00c5 | f877 e903 | 0000 0048 | 8b00 498b | 8f50 0300 | 00c7 8100 | 0100 0000 | 0000 00c9 
  0x0000027125603e20: 4981 7f08 | 0000 0000 | 0f85 0100 

  0x0000027125603e2c: ;   {runtime_call StubRoutines (1)}
  0x0000027125603e2c: 0000 c3e9 | ccd0 a3ff | c5f8 7748 | 8945 f84c | 8be4 4883 | ec20 4883 

  0x0000027125603e44: ;   {runtime_call}
  0x0000027125603e44: e4f0 49ba | d05f d04f | fc7f 0000 | 41ff d249 | 8be4 4d33 | e448 8b45 | f8e9 39fd | ffff f4f4 
  0x0000027125603e64: f4f4 f4f4 
[/MachCode]


Compiled method (c1)    1289  557       3       java.lang.ClassLoader::defineClass (43 bytes)
 total in heap  [0x000002711dc03b10,0x000002711dc04448] = 2360
 relocation     [0x000002711dc03c70,0x000002711dc03d00] = 144
 main code      [0x000002711dc03d00,0x000002711dc041a0] = 1184
 stub code      [0x000002711dc041a0,0x000002711dc04218] = 120
 metadata       [0x000002711dc04218,0x000002711dc04248] = 48
 scopes data    [0x000002711dc04248,0x000002711dc04338] = 240
 scopes pcs     [0x000002711dc04338,0x000002711dc04418] = 224
 dependencies   [0x000002711dc04418,0x000002711dc04420] = 8
 nul chk table  [0x000002711dc04420,0x000002711dc04448] = 40

[Constant Pool (empty)]

[MachCode]
[Entry Point]
  # {method} {0x0000000800435f50} 'defineClass' '(Ljava/lang/String;[BIILjava/security/ProtectionDomain;)Ljava/lang/Class;' in 'java/lang/ClassLoader'
  # this:     rdx:rdx   = 'java/lang/ClassLoader'
  # parm0:    r8:r8     = 'java/lang/String'
  # parm1:    r9:r9     = '[B'
  # parm2:    rdi       = int
  # parm3:    rsi       = int
  # parm4:    rcx:rcx   = 'java/security/ProtectionDomain'
  #           [sp+0xc0]  (sp of caller)
  0x000002711dc03d00: 448b 5208 | 49bb 0000 | 0000 0800 | 0000 4d03 | d34c 3bd0 

  0x000002711dc03d14: ;   {runtime_call ic_miss_stub}
  0x000002711dc03d14: 0f85 66da | 4907 660f | 1f44 0000 
[Verified Entry Point]
  0x000002711dc03d20: 8984 2400 | 90ff ff55 | 4881 ecb0 | 0000 0048 | 8954 2478 

  0x000002711dc03d34: ;   {metadata(method data for {method} {0x0000000800435f50} 'defineClass' '(Ljava/lang/String;[BIILjava/security/ProtectionDomain;)Ljava/lang/Class;' in 'java/lang/ClassLoader')}
  0x000002711dc03d34: 48bb 6054 | 4b34 7102 | 0000 8b83 | cc00 0000 | 83c0 0289 | 83cc 0000 | 0025 fe07 | 0000 83f8 
  0x000002711dc03d54: 000f 844f | 0300 0089 | b424 9400 | 0000 89bc | 2490 0000 | 004c 898c | 2488 0000 | 0048 8bda 
  0x000002711dc03d74: ;   {metadata(method data for {method} {0x0000000800435f50} 'defineClass' '(Ljava/lang/String;[BIILjava/security/ProtectionDomain;)Ljava/lang/Class;' in 'java/lang/ClassLoader')}
  0x000002711dc03d74: 48b8 6054 | 4b34 7102 | 0000 4883 | 8010 0100 | 0001 498b | d84c 8bc3 | 4c8b c948 | 8bca 488b 
  0x000002711dc03d94: d148 899c | 2480 0000 

  0x000002711dc03d9c: ;   {optimized virtual_call}
  0x000002711dc03d9c: 0066 90e8 

  0x000002711dc03da0: ; ImmutableOopMap {[120]=Oop [128]=Oop [136]=Oop }
                      ;*invokevirtual preDefineClass {reexecute=0 rethrow=0 return_oop=0}
                      ; - java.lang.ClassLoader::defineClass@4 (line 1011)
  0x000002711dc03da0: 5c1a 0000 | 4889 8424 | 9800 0000 | 488b 5424 

  0x000002711dc03db0: ;   {metadata(method data for {method} {0x0000000800435f50} 'defineClass' '(Ljava/lang/String;[BIILjava/security/ProtectionDomain;)Ljava/lang/Class;' in 'java/lang/ClassLoader')}
  0x000002711dc03db0: 7849 b860 | 544b 3471 | 0200 0049 | 8380 4801 

  0x000002711dc03dc0: ;   {metadata(method data for {method} {0x0000000800435c90} 'defineClassSourceLocation' '(Ljava/security/ProtectionDomain;)Ljava/lang/String;' in 'java/lang/ClassLoader')}
  0x000002711dc03dc0: 0000 0149 | b8f8 5f4b | 3471 0200 | 0041 8b90 | cc00 0000 | 83c2 0241 | 8990 cc00 | 0000 81e2 
  0x000002711dc03de0: feff 1f00 | 83fa 000f | 84de 0200 | 0048 3b00 

  0x000002711dc03df0: ;   {metadata(method data for {method} {0x0000000800435c90} 'defineClassSourceLocation' '(Ljava/security/ProtectionDomain;)Ljava/lang/String;' in 'java/lang/ClassLoader')}
  0x000002711dc03df0: 4c8b c048 | baf8 5f4b | 3471 0200 | 0048 8382 | 1001 0000 | 0144 8b40 | 1049 83f8 

  0x000002711dc03e0c: ;   {metadata(method data for {method} {0x0000000800435c90} 'defineClassSourceLocation' '(Ljava/security/ProtectionDomain;)Ljava/lang/String;' in 'java/lang/ClassLoader')}
  0x000002711dc03e0c: 0048 baf8 | 5f4b 3471 | 0200 0048 | be58 0100 | 0000 0000 | 000f 850a | 0000 0048 | be48 0100 
  0x000002711dc03e2c: 0000 0000 | 0048 8b3c | 3248 8d7f | 0148 893c | 320f 850f 

  0x000002711dc03e40: ;   {oop(NULL)}
  0x000002711dc03e40: 0000 0048 | bb00 0000 | 0000 0000 | 00e9 ad01 | 0000 493b | 0049 8bd0 

  0x000002711dc03e58: ;   {metadata(method data for {method} {0x0000000800435c90} 'defineClassSourceLocation' '(Ljava/security/ProtectionDomain;)Ljava/lang/String;' in 'java/lang/ClassLoader')}
  0x000002711dc03e58: 48be f85f | 4b34 7102 | 0000 4883 | 8668 0100 | 0001 418b | 500c 4883 

  0x000002711dc03e70: ;   {metadata(method data for {method} {0x0000000800435c90} 'defineClassSourceLocation' '(Ljava/security/ProtectionDomain;)Ljava/lang/String;' in 'java/lang/ClassLoader')}
  0x000002711dc03e70: fa00 48be | f85f 4b34 | 7102 0000 | 48bf b001 | 0000 0000 | 0000 0f85 | 0a00 0000 | 48bf a001 
  0x000002711dc03e90: 0000 0000 | 0000 488b | 1c3e 488d | 5b01 4889 | 1c3e 0f85 | 0f00 0000 

  0x000002711dc03ea8: ;   {oop(NULL)}
  0x000002711dc03ea8: 48bb 0000 | 0000 0000 | 0000 e948 

  0x000002711dc03eb4: ;   {metadata(method data for {method} {0x0000000800435c90} 'defineClassSourceLocation' '(Ljava/security/ProtectionDomain;)Ljava/lang/String;' in 'java/lang/ClassLoader')}
  0x000002711dc03eb4: 0100 0048 | bef8 5f4b | 3471 0200 | 0048 8386 | c001 0000 | 0148 3b02 

  0x000002711dc03ecc: ;   {metadata(method data for {method} {0x0000000800435c90} 'defineClassSourceLocation' '(Ljava/security/ProtectionDomain;)Ljava/lang/String;' in 'java/lang/ClassLoader')}
  0x000002711dc03ecc: 4c8b c248 | bef8 5f4b | 3471 0200 | 0048 8386 | f801 0000 

  0x000002711dc03ee0: ;   {metadata(method data for {method} {0x0000000800068628} 'toString' '()Ljava/lang/String;' in 'java/net/URL')}
  0x000002711dc03ee0: 0149 b838 | 0949 3471 | 0200 0041 | 8bb0 cc00 | 0000 83c6 | 0241 89b0 | cc00 0000 | 81e6 feff 
  0x000002711dc03f00: 1f00 83fe | 000f 84f0 | 0100 004c 

  0x000002711dc03f0c: ;   {metadata(method data for {method} {0x0000000800068628} 'toString' '()Ljava/lang/String;' in 'java/net/URL')}
  0x000002711dc03f0c: 8bc2 48be | 3809 4934 | 7102 0000 | 4883 8610 | 0100 0001 

  0x000002711dc03f20: ;   {metadata(method data for {method} {0x0000000800068ec0} 'toExternalForm' '()Ljava/lang/String;' in 'java/net/URL')}
  0x000002711dc03f20: 49b8 c00a | 4934 7102 | 0000 418b | b0cc 0000 | 0083 c602 | 4189 b0cc | 0000 0081 | e6fe ff1f 
  0x000002711dc03f40: 0083 fe00 | 0f84 d201 | 0000 8b72 | 3848 3b06 

  0x000002711dc03f50: ;   {metadata(method data for {method} {0x0000000800068ec0} 'toExternalForm' '()Ljava/lang/String;' in 'java/net/URL')}
  0x000002711dc03f50: 4c8b c648 | bfc0 0a49 | 3471 0200 | 0045 8b40 | 0849 ba00 | 0000 0008 | 0000 004d | 03c2 4c3b 
  0x000002711dc03f70: 8720 0100 | 0075 0d48 | 8387 2801 | 0000 01e9 | 6600 0000 | 4c3b 8730 | 0100 0075 | 0d48 8387 
  0x000002711dc03f90: 3801 0000 | 01e9 5000 | 0000 4881 | bf20 0100 | 0000 0000 | 0075 174c | 8987 2001 | 0000 48c7 
  0x000002711dc03fb0: 8728 0100 | 0001 0000 | 00e9 2c00 | 0000 4881 | bf30 0100 | 0000 0000 | 0075 174c | 8987 3001 
  0x000002711dc03fd0: 0000 48c7 | 8738 0100 | 0001 0000 | 00e9 0800 | 0000 4883 | 8710 0100 | 0001 4c8b | c248 8bd6 
  0x000002711dc03ff0: 0f1f 8000 

  0x000002711dc03ff4: ;   {optimized virtual_call}
  0x000002711dc03ff4: 0000 00e8 

  0x000002711dc03ff8: ; ImmutableOopMap {[120]=Oop [128]=Oop [136]=Oop [152]=Oop }
                      ;*invokevirtual toExternalForm {reexecute=0 rethrow=0 return_oop=0}
                      ; - java.net.URL::toExternalForm@5 (line 1040)
                      ; - java.net.URL::toString@1 (line 1026)
                      ; - java.lang.ClassLoader::defineClassSourceLocation@22 (line 913)
                      ; - java.lang.ClassLoader::defineClass@12 (line 1012)
  0x000002711dc03ff8: 04b2 fbff | 488b d848 | 8b84 2498 | 0000 008b | b424 9400 | 0000 8bbc | 2490 0000 | 004c 8b8c 
  0x000002711dc04018: 2488 0000 | 004c 8b84 | 2480 0000 | 0048 8b54 

  0x000002711dc04028: ;   {metadata(method data for {method} {0x0000000800435f50} 'defineClass' '(Ljava/lang/String;[BIILjava/security/ProtectionDomain;)Ljava/lang/Class;' in 'java/lang/ClassLoader')}
  0x000002711dc04028: 2478 48b9 | 6054 4b34 | 7102 0000 | 4883 8180 | 0100 0001 | 4c8b da49 | 8bd3 488b | c848 891c 
  0x000002711dc04048: 2466 0f1f 

  0x000002711dc0404c: ;   {static_call}
  0x000002711dc0404c: 4400 00e8 

  0x000002711dc04050: ; ImmutableOopMap {[120]=Oop [152]=Oop }
                      ;*invokestatic defineClass1 {reexecute=0 rethrow=0 return_oop=0}
                      ; - java.lang.ClassLoader::defineClass@27 (line 1013)
  0x000002711dc04050: 8cf9 9f07 | 488b 5424 

  0x000002711dc04058: ;   {metadata(method data for {method} {0x0000000800435f50} 'defineClass' '(Ljava/lang/String;[BIILjava/security/ProtectionDomain;)Ljava/lang/Class;' in 'java/lang/ClassLoader')}
  0x000002711dc04058: 7849 b860 | 544b 3471 | 0200 0049 | 8380 9001 | 0000 014c | 8bc0 4c8b | 8c24 9800 | 0000 488b 
  0x000002711dc04078: 5424 7848 | 8984 24a0 | 0000 000f 

  0x000002711dc04084: ;   {optimized virtual_call}
  0x000002711dc04084: 1f40 00e8 

  0x000002711dc04088: ; ImmutableOopMap {[160]=Oop }
                      ;*invokevirtual postDefineClass {reexecute=0 rethrow=0 return_oop=0}
                      ; - java.lang.ClassLoader::defineClass@37 (line 1014)
  0x000002711dc04088: 1406 0000 | 488b 8424 | a000 0000 | 4881 c4b0 | 0000 005d 

  0x000002711dc0409c: ;   {poll_return}
  0x000002711dc0409c: 493b a778 | 0300 000f | 8799 0000 

  0x000002711dc040a8: ;   {metadata({method} {0x0000000800435f50} 'defineClass' '(Ljava/lang/String;[BIILjava/security/ProtectionDomain;)Ljava/lang/Class;' in 'java/lang/ClassLoader')}
  0x000002711dc040a8: 00c3 49ba | 485f 4300 | 0800 0000 | 4c89 5424 | 0848 c704 | 24ff ffff 

  0x000002711dc040c0: ;   {runtime_call counter_overflow Runtime1 stub}
  0x000002711dc040c0: ffe8 3ae6 

  0x000002711dc040c4: ; ImmutableOopMap {rdx=Oop r8=Oop r9=Oop rcx=Oop [120]=Oop }
                      ;*synchronization entry
                      ; - java.lang.ClassLoader::defineClass@-1 (line 1011)
  0x000002711dc040c4: 5407 e990 

  0x000002711dc040c8: ;   {metadata({method} {0x0000000800435c90} 'defineClassSourceLocation' '(Ljava/security/ProtectionDomain;)Ljava/lang/String;' in 'java/lang/ClassLoader')}
  0x000002711dc040c8: fcff ff49 | ba88 5c43 | 0008 0000 | 004c 8954 | 2408 48c7 | 0424 ffff 

  0x000002711dc040e0: ;   {runtime_call counter_overflow Runtime1 stub}
  0x000002711dc040e0: ffff e819 

  0x000002711dc040e4: ; ImmutableOopMap {rax=Oop [120]=Oop [128]=Oop [136]=Oop [152]=Oop }
                      ;*synchronization entry
                      ; - java.lang.ClassLoader::defineClassSourceLocation@-1 (line 910)
                      ; - java.lang.ClassLoader::defineClass@12 (line 1012)
  0x000002711dc040e4: e654 07e9 | 01fd ffff 

  0x000002711dc040ec: ;   {runtime_call throw_null_pointer_exception Runtime1 stub}
  0x000002711dc040ec: e82f 9554 

  0x000002711dc040f0: ; ImmutableOopMap {rax=Oop [120]=Oop [128]=Oop [136]=Oop [152]=Oop }
                      ;*invokevirtual getCodeSource {reexecute=0 rethrow=0 return_oop=0}
                      ; - java.lang.ClassLoader::defineClassSourceLocation@1 (line 910)
                      ; - java.lang.ClassLoader::defineClass@12 (line 1012)
                      ;   {runtime_call throw_null_pointer_exception Runtime1 stub}
  0x000002711dc040f0: 07e8 2a95 

  0x000002711dc040f4: ; ImmutableOopMap {rax=Oop r8=Oop [120]=Oop [128]=Oop [136]=Oop [152]=Oop }
                      ;*invokevirtual getLocation {reexecute=0 rethrow=0 return_oop=0}
                      ; - java.lang.ClassLoader::defineClassSourceLocation@12 (line 912)
                      ; - java.lang.ClassLoader::defineClass@12 (line 1012)
                      ;   {runtime_call throw_null_pointer_exception Runtime1 stub}
  0x000002711dc040f4: 5407 e825 

  0x000002711dc040f8: ; ImmutableOopMap {rdx=Oop [120]=Oop [128]=Oop [136]=Oop [152]=Oop }
                      ;*invokevirtual toString {reexecute=0 rethrow=0 return_oop=0}
                      ; - java.lang.ClassLoader::defineClassSourceLocation@22 (line 913)
                      ; - java.lang.ClassLoader::defineClass@12 (line 1012)
                      ;   {metadata({method} {0x0000000800068628} 'toString' '()Ljava/lang/String;' in 'java/net/URL')}
  0x000002711dc040f8: 9554 0749 | ba20 8606 | 0008 0000 | 004c 8954 | 2408 48c7 | 0424 ffff 

  0x000002711dc04110: ;   {runtime_call counter_overflow Runtime1 stub}
  0x000002711dc04110: ffff e8e9 

  0x000002711dc04114: ; ImmutableOopMap {rdx=Oop [120]=Oop [128]=Oop [136]=Oop [152]=Oop }
                      ;*synchronization entry
                      ; - java.net.URL::toString@-1 (line 1026)
                      ; - java.lang.ClassLoader::defineClassSourceLocation@22 (line 913)
                      ; - java.lang.ClassLoader::defineClass@12 (line 1012)
  0x000002711dc04114: e554 07e9 | effd ffff 

  0x000002711dc0411c: ;   {metadata({method} {0x0000000800068ec0} 'toExternalForm' '()Ljava/lang/String;' in 'java/net/URL')}
  0x000002711dc0411c: 49ba b88e | 0600 0800 | 0000 4c89 | 5424 0848 | c704 24ff 

  0x000002711dc04130: ;   {runtime_call counter_overflow Runtime1 stub}
  0x000002711dc04130: ffff ffe8 

  0x000002711dc04134: ; ImmutableOopMap {rdx=Oop [120]=Oop [128]=Oop [136]=Oop [152]=Oop }
                      ;*synchronization entry
                      ; - java.net.URL::toExternalForm@-1 (line 1040)
                      ; - java.net.URL::toString@1 (line 1026)
                      ; - java.lang.ClassLoader::defineClassSourceLocation@22 (line 913)
                      ; - java.lang.ClassLoader::defineClass@12 (line 1012)
  0x000002711dc04134: c8e5 5407 | e90d feff 

  0x000002711dc0413c: ;   {runtime_call throw_null_pointer_exception Runtime1 stub}
  0x000002711dc0413c: ffe8 de94 

  0x000002711dc04140: ; ImmutableOopMap {rdx=Oop rsi=Oop [120]=Oop [128]=Oop [136]=Oop [152]=Oop }
                      ;*invokevirtual toExternalForm {reexecute=0 rethrow=0 return_oop=0}
                      ; - java.net.URL::toExternalForm@5 (line 1040)
                      ; - java.net.URL::toString@1 (line 1026)
                      ; - java.lang.ClassLoader::defineClassSourceLocation@22 (line 913)
                      ; - java.lang.ClassLoader::defineClass@12 (line 1012)
                      ;   {internal_word}
  0x000002711dc04140: 5407 49ba | 9c40 c01d | 7102 0000 | 4d89 9790 

  0x000002711dc04150: ;   {runtime_call SafepointBlob}
  0x000002711dc04150: 0300 00e9 | a83c 4a07 | 498b 8720 | 0400 0049 | c787 2004 | 0000 0000 | 0000 49c7 | 8728 0400 
  0x000002711dc04170: 0000 0000 | 0048 81c4 | b000 0000 

  0x000002711dc0417c: ;   {runtime_call unwind_exception Runtime1 stub}
  0x000002711dc0417c: 5de9 feb4 | 4b07 f4f4 | f4f4 f4f4 | f4f4 f4f4 | f4f4 f4f4 | f4f4 f4f4 | f4f4 f4f4 | f4f4 f4f4 
  0x000002711dc0419c: f4f4 f4f4 
[Stub Code]
  0x000002711dc041a0: ;   {no_reloc}
  0x000002711dc041a0: 0f1f 4400 

  0x000002711dc041a4: ;   {static_stub}
  0x000002711dc041a4: 0048 bbe0 | 5c43 0008 

  0x000002711dc041ac: ;   {runtime_call I2C/C2I adapters}
  0x000002711dc041ac: 0000 00e9 | 2da1 4907 

  0x000002711dc041b4: ;   {static_stub}
  0x000002711dc041b4: 9048 bb00 | 0000 0000 

  0x000002711dc041bc: ;   {runtime_call}
  0x000002711dc041bc: 0000 00e9 | fbff ffff 

  0x000002711dc041c4: ;   {static_stub}
  0x000002711dc041c4: 9048 bb00 | 0000 0000 

  0x000002711dc041cc: ;   {runtime_call}
  0x000002711dc041cc: 0000 00e9 | fbff ffff 

  0x000002711dc041d4: ;   {static_stub}
  0x000002711dc041d4: 9048 bb00 | 0000 0000 

  0x000002711dc041dc: ;   {runtime_call}
  0x000002711dc041dc: 0000 00e9 | fbff ffff 
[Exception Handler]
  0x000002711dc041e4: ;   {runtime_call handle_exception_from_callee Runtime1 stub}
  0x000002711dc041e4: e817 b254 

  0x000002711dc041e8: ;   {external_word}
  0x000002711dc041e8: 0748 b938 | 49f1 4ffc | 7f00 0048 

  0x000002711dc041f4: ;   {runtime_call}
  0x000002711dc041f4: 83e4 f049 | ba00 febc | 4ffc 7f00 | 0041 ffd2 

  0x000002711dc04204: ;   {section_word}
  0x000002711dc04204: f449 ba05 | 42c0 1d71 | 0200 0041 

  0x000002711dc04210: ;   {runtime_call DeoptimizationBlob}
  0x000002711dc04210: 52e9 8a2e | 4a07 f4f4 
[/MachCode]


Compiled method (c1)    1302  548       3       java.security.SecureClassLoader::defineClass (16 bytes)
 total in heap  [0x000002711dbfee10,0x000002711dbff200] = 1008
 relocation     [0x000002711dbfef70,0x000002711dbfefb8] = 72
 main code      [0x000002711dbfefc0,0x000002711dbff100] = 320
 stub code      [0x000002711dbff100,0x000002711dbff158] = 88
 metadata       [0x000002711dbff158,0x000002711dbff160] = 8
 scopes data    [0x000002711dbff160,0x000002711dbff1a8] = 72
 scopes pcs     [0x000002711dbff1a8,0x000002711dbff1f8] = 80
 dependencies   [0x000002711dbff1f8,0x000002711dbff200] = 8

[Constant Pool (empty)]

[MachCode]
[Entry Point]
  # {method} {0x0000000800066b18} 'defineClass' '(Ljava/lang/String;[BIILjava/security/CodeSource;)Ljava/lang/Class;' in 'java/security/SecureClassLoader'
  # this:     rdx:rdx   = 'java/security/SecureClassLoader'
  # parm0:    r8:r8     = 'java/lang/String'
  # parm1:    r9:r9     = '[B'
  # parm2:    rdi       = int
  # parm3:    rsi       = int
  # parm4:    rcx:rcx   = 'java/security/CodeSource'
  #           [sp+0x80]  (sp of caller)
  0x000002711dbfefc0: 448b 5208 | 49bb 0000 | 0000 0800 | 0000 4d03 | d34c 3bd0 

  0x000002711dbfefd4: ;   {runtime_call ic_miss_stub}
  0x000002711dbfefd4: 0f85 a627 | 4a07 660f | 1f44 0000 
[Verified Entry Point]
  0x000002711dbfefe0: 8984 2400 | 90ff ff55 | 4883 ec70 

  0x000002711dbfefec: ;   {metadata(method data for {method} {0x0000000800066b18} 'defineClass' '(Ljava/lang/String;[BIILjava/security/CodeSource;)Ljava/lang/Class;' in 'java/security/SecureClassLoader')}
  0x000002711dbfefec: 48bb f01a | 4b34 7102 | 0000 8b83 | cc00 0000 | 83c0 0289 | 83cc 0000 | 0025 fe07 | 0000 83f8 
  0x000002711dbff00c: 000f 848c | 0000 0089 | 7424 5c89 | 7c24 584c | 894c 2450 | 4c89 4424 | 4848 8bda 

  0x000002711dbff028: ;   {metadata(method data for {method} {0x0000000800066b18} 'defineClass' '(Ljava/lang/String;[BIILjava/security/CodeSource;)Ljava/lang/Class;' in 'java/security/SecureClassLoader')}
  0x000002711dbff028: 48b8 f01a | 4b34 7102 | 0000 4883 | 8010 0100 | 0001 4c8b | c148 8bc2 | 488b d048 | 8944 2440 
  0x000002711dbff048: 0f1f 8000 

  0x000002711dbff04c: ;   {optimized virtual_call}
  0x000002711dbff04c: 0000 00e8 

  0x000002711dbff050: ; ImmutableOopMap {[64]=Oop [72]=Oop [80]=Oop }
                      ;*invokevirtual getProtectionDomain {reexecute=0 rethrow=0 return_oop=0}
                      ; - java.security.SecureClassLoader::defineClass@9 (line 150)
  0x000002711dbff050: 4c14 0000 | 488b 5424 

  0x000002711dbff058: ;   {metadata(method data for {method} {0x0000000800066b18} 'defineClass' '(Ljava/lang/String;[BIILjava/security/CodeSource;)Ljava/lang/Class;' in 'java/security/SecureClassLoader')}
  0x000002711dbff058: 4049 b8f0 | 1a4b 3471 | 0200 0049 | 8380 4801 | 0000 014c | 8b44 2448 | 4c8b 4c24 | 508b 7c24 
  0x000002711dbff078: 588b 7424 | 5c48 8bc8 | 488b 5424 

  0x000002711dbff084: ;   {optimized virtual_call}
  0x000002711dbff084: 4066 90e8 

  0x000002711dbff088: ; ImmutableOopMap {}
                      ;*invokevirtual defineClass {reexecute=0 rethrow=0 return_oop=0}
                      ; - java.security.SecureClassLoader::defineClass@12 (line 150)
  0x000002711dbff088: 944c 0000 | 4883 c470 

  0x000002711dbff090: ;   {poll_return}
  0x000002711dbff090: 5d49 3ba7 | 7803 0000 | 0f87 2200 

  0x000002711dbff09c: ;   {metadata({method} {0x0000000800066b18} 'defineClass' '(Ljava/lang/String;[BIILjava/security/CodeSource;)Ljava/lang/Class;' in 'java/security/SecureClassLoader')}
  0x000002711dbff09c: 0000 c349 | ba10 6b06 | 0008 0000 | 004c 8954 | 2408 48c7 | 0424 ffff 

  0x000002711dbff0b4: ;   {runtime_call counter_overflow Runtime1 stub}
  0x000002711dbff0b4: ffff e845 

  0x000002711dbff0b8: ; ImmutableOopMap {rdx=Oop r8=Oop r9=Oop rcx=Oop }
                      ;*synchronization entry
                      ; - java.security.SecureClassLoader::defineClass@-1 (line 150)
  0x000002711dbff0b8: 3655 07e9 | 53ff ffff 

  0x000002711dbff0c0: ;   {internal_word}
  0x000002711dbff0c0: 49ba 91f0 | bf1d 7102 | 0000 4d89 | 9790 0300 

  0x000002711dbff0d0: ;   {runtime_call SafepointBlob}
  0x000002711dbff0d0: 00e9 2a8d | 4a07 498b | 8720 0400 | 0049 c787 | 2004 0000 | 0000 0000 | 49c7 8728 | 0400 0000 
  0x000002711dbff0f0: 0000 0048 | 83c4 705d 

  0x000002711dbff0f8: ;   {runtime_call unwind_exception Runtime1 stub}
  0x000002711dbff0f8: e983 054c | 07f4 f4f4 
[Stub Code]
  0x000002711dbff100: ;   {no_reloc}
  0x000002711dbff100: 0f1f 4400 

  0x000002711dbff104: ;   {static_stub}
  0x000002711dbff104: 0048 bb60 | 6a06 0008 

  0x000002711dbff10c: ;   {runtime_call I2C/C2I adapters}
  0x000002711dbff10c: 0000 00e9 | 4979 4a07 

  0x000002711dbff114: ;   {static_stub}
  0x000002711dbff114: 9048 bb48 | 5f43 0008 

  0x000002711dbff11c: ;   {runtime_call I2C/C2I adapters}
  0x000002711dbff11c: 0000 00e9 | c78b 4907 
[Exception Handler]
  0x000002711dbff124: ;   {runtime_call handle_exception_from_callee Runtime1 stub}
  0x000002711dbff124: e8d7 0255 

  0x000002711dbff128: ;   {external_word}
  0x000002711dbff128: 0748 b938 | 49f1 4ffc | 7f00 0048 

  0x000002711dbff134: ;   {runtime_call}
  0x000002711dbff134: 83e4 f049 | ba00 febc | 4ffc 7f00 | 0041 ffd2 

  0x000002711dbff144: ;   {section_word}
  0x000002711dbff144: f449 ba45 | f1bf 1d71 | 0200 0041 

  0x000002711dbff150: ;   {runtime_call DeoptimizationBlob}
  0x000002711dbff150: 52e9 4a7f | 4a07 f4f4 
[/MachCode]


---------------  P R O C E S S  ---------------

Threads class SMR info:
_java_thread_list=0x00000271385c8590, length=13, elements={
0x0000027113a8ea90, 0x0000027134326960, 0x0000027134329700, 0x000002713432a490,
0x000002713432bdd0, 0x000002713432c700, 0x000002713432d030, 0x000002713432dc90,
0x0000027134330160, 0x0000027134332ae0, 0x00000271385ea370, 0x00000271385ee540,
0x0000027138644cd0
}

Java Threads: ( => current thread )
=>0x0000027113a8ea90 JavaThread "main" [_thread_in_vm, id=14292, stack(0x0000008983300000,0x0000008983400000)]
  0x0000027134326960 JavaThread "Reference Handler" daemon [_thread_blocked, id=9540, stack(0x0000008983a00000,0x0000008983b00000)]
  0x0000027134329700 JavaThread "Finalizer" daemon [_thread_blocked, id=5784, stack(0x0000008983b00000,0x0000008983c00000)]
  0x000002713432a490 JavaThread "Signal Dispatcher" daemon [_thread_blocked, id=15276, stack(0x0000008983c00000,0x0000008983d00000)]
  0x000002713432bdd0 JavaThread "Attach Listener" daemon [_thread_blocked, id=13284, stack(0x0000008983d00000,0x0000008983e00000)]
  0x000002713432c700 JavaThread "Service Thread" daemon [_thread_blocked, id=2028, stack(0x0000008983e00000,0x0000008983f00000)]
  0x000002713432d030 JavaThread "Monitor Deflation Thread" daemon [_thread_blocked, id=15572, stack(0x0000008983f00000,0x0000008984000000)]
  0x000002713432dc90 JavaThread "C2 CompilerThread0" daemon [_thread_blocked, id=11000, stack(0x0000008984000000,0x0000008984100000)]
  0x0000027134330160 JavaThread "C1 CompilerThread0" daemon [_thread_blocked, id=11240, stack(0x0000008984100000,0x0000008984200000)]
  0x0000027134332ae0 JavaThread "Sweeper thread" daemon [_thread_blocked, id=5420, stack(0x0000008984200000,0x0000008984300000)]
  0x00000271385ea370 JavaThread "Notification Thread" daemon [_thread_blocked, id=7780, stack(0x0000008984300000,0x0000008984400000)]
  0x00000271385ee540 JavaThread "Common-Cleaner" daemon [_thread_blocked, id=9076, stack(0x0000008984500000,0x0000008984600000)]
  0x0000027138644cd0 JavaThread "C2 CompilerThread1" daemon [_thread_blocked, id=12932, stack(0x0000008984700000,0x0000008984800000)]

Other Threads:
  0x000002713430e150 VMThread "VM Thread" [stack: 0x0000008983900000,0x0000008983a00000] [id=6292]
  0x00000271385ed0d0 WatcherThread "VM Periodic Task Thread" [stack: 0x0000008984400000,0x0000008984500000] [id=10108]
  0x0000027115c09e70 WorkerThread "GC Thread#0" [stack: 0x0000008983400000,0x0000008983500000] [id=17072]
  0x0000027115c19ad0 ConcurrentGCThread "G1 Main Marker" [stack: 0x0000008983500000,0x0000008983600000] [id=9832]
  0x0000027115c1a500 WorkerThread "G1 Conc#0" [stack: 0x0000008983600000,0x0000008983700000] [id=780]
  0x00000271341c7500 ConcurrentGCThread "G1 Refine#0" [stack: 0x0000008983700000,0x0000008983800000] [id=11468]
  0x00000271341ca0f0 ConcurrentGCThread "G1 Service" [stack: 0x0000008983800000,0x0000008983900000] [id=10428]

Threads with active compile tasks:

VM state: not at safepoint (normal execution)

VM Mutex/Monitor currently owned by a thread:  ([mutex/lock_event])
[0x0000027113a8e780] Metaspace_lock - owner thread: 0x0000027113a8ea90

Heap address: 0x0000000089800000, size: 1896 MB, Compressed Oops mode: 32-bit

CDS archive(s) mapped at: [0x0000000800000000-0x0000000800c40000-0x0000000800c40000), size 12845056, SharedBaseAddress: 0x0000000800000000, ArchiveRelocationMode: 0.
Compressed class space mapped at: 0x0000000801000000-0x0000000841000000, reserved size: 1073741824
Narrow klass base: 0x0000000800000000, Narrow klass shift: 0, Narrow klass range: 0x100000000

GC Precious Log:
 CardTable entry size: 512
 Card Set container configuration: InlinePtr #cards 5 size 8 Array Of Cards #cards 12 size 40 Howl #buckets 4 coarsen threshold 1843 Howl Bitmap #cards 512 size 80 coarsen threshold 460 Card regions per heap region 1 cards per card region 2048
 CPUs: 12 total, 12 available
 Memory: 7579M
 Large Page Support: Disabled
 NUMA Support: Disabled
 Compressed Oops: Enabled (32-bit)
 Heap Region Size: 1M
 Heap Min Capacity: 8M
 Heap Initial Capacity: 120M
 Heap Max Capacity: 1896M
 Pre-touch: Disabled
 Parallel Workers: 10
 Concurrent Workers: 3
 Concurrent Refinement Workers: 10
 Periodic GC: Disabled

Heap:
 garbage-first heap   total 122880K, used 23552K [0x0000000089800000, 0x0000000100000000)
  region size 1024K, 21 young (21504K), 0 survivors (0K)
 Metaspace       used 6078K, committed 6208K, reserved 1114112K
  class space    used 582K, committed 704K, reserved 1048576K

Heap Regions: E=young(eden), S=young(survivor), O=old, HS=humongous(starts), HC=humongous(continues), CS=collection set, F=free, OA=open archive, CA=closed archive, TAMS=top-at-mark-start (previous, next)
|   0|0x0000000089800000, 0x0000000089900000, 0x0000000089900000|100%|HS|  |TAMS 0x0000000089800000, 0x0000000089800000| Complete 
|   1|0x0000000089900000, 0x0000000089a00000, 0x0000000089a00000|100%|HC|  |TAMS 0x0000000089900000, 0x0000000089900000| Complete 
|   2|0x0000000089a00000, 0x0000000089b00000, 0x0000000089b00000|100%|HC|  |TAMS 0x0000000089a00000, 0x0000000089a00000| Complete 
|   3|0x0000000089b00000, 0x0000000089c00000, 0x0000000089c00000|100%|HS|  |TAMS 0x0000000089b00000, 0x0000000089b00000| Complete 
|   4|0x0000000089c00000, 0x0000000089c00000, 0x0000000089d00000|  0%| F|  |TAMS 0x0000000089c00000, 0x0000000089c00000| Untracked 
|   5|0x0000000089d00000, 0x0000000089d00000, 0x0000000089e00000|  0%| F|  |TAMS 0x0000000089d00000, 0x0000000089d00000| Untracked 
|   6|0x0000000089e00000, 0x0000000089e00000, 0x0000000089f00000|  0%| F|  |TAMS 0x0000000089e00000, 0x0000000089e00000| Untracked 
|   7|0x0000000089f00000, 0x0000000089f00000, 0x000000008a000000|  0%| F|  |TAMS 0x0000000089f00000, 0x0000000089f00000| Untracked 
|   8|0x000000008a000000, 0x000000008a000000, 0x000000008a100000|  0%| F|  |TAMS 0x000000008a000000, 0x000000008a000000| Untracked 
|   9|0x000000008a100000, 0x000000008a100000, 0x000000008a200000|  0%| F|  |TAMS 0x000000008a100000, 0x000000008a100000| Untracked 
|  10|0x000000008a200000, 0x000000008a200000, 0x000000008a300000|  0%| F|  |TAMS 0x000000008a200000, 0x000000008a200000| Untracked 
|  11|0x000000008a300000, 0x000000008a300000, 0x000000008a400000|  0%| F|  |TAMS 0x000000008a300000, 0x000000008a300000| Untracked 
|  12|0x000000008a400000, 0x000000008a400000, 0x000000008a500000|  0%| F|  |TAMS 0x000000008a400000, 0x000000008a400000| Untracked 
|  13|0x000000008a500000, 0x000000008a500000, 0x000000008a600000|  0%| F|  |TAMS 0x000000008a500000, 0x000000008a500000| Untracked 
|  14|0x000000008a600000, 0x000000008a600000, 0x000000008a700000|  0%| F|  |TAMS 0x000000008a600000, 0x000000008a600000| Untracked 
|  15|0x000000008a700000, 0x000000008a700000, 0x000000008a800000|  0%| F|  |TAMS 0x000000008a700000, 0x000000008a700000| Untracked 
|  16|0x000000008a800000, 0x000000008a800000, 0x000000008a900000|  0%| F|  |TAMS 0x000000008a800000, 0x000000008a800000| Untracked 
|  17|0x000000008a900000, 0x000000008a900000, 0x000000008aa00000|  0%| F|  |TAMS 0x000000008a900000, 0x000000008a900000| Untracked 
|  18|0x000000008aa00000, 0x000000008aa00000, 0x000000008ab00000|  0%| F|  |TAMS 0x000000008aa00000, 0x000000008aa00000| Untracked 
|  19|0x000000008ab00000, 0x000000008ab00000, 0x000000008ac00000|  0%| F|  |TAMS 0x000000008ab00000, 0x000000008ab00000| Untracked 
|  20|0x000000008ac00000, 0x000000008ac00000, 0x000000008ad00000|  0%| F|  |TAMS 0x000000008ac00000, 0x000000008ac00000| Untracked 
|  21|0x000000008ad00000, 0x000000008ad00000, 0x000000008ae00000|  0%| F|  |TAMS 0x000000008ad00000, 0x000000008ad00000| Untracked 
|  22|0x000000008ae00000, 0x000000008ae00000, 0x000000008af00000|  0%| F|  |TAMS 0x000000008ae00000, 0x000000008ae00000| Untracked 
|  23|0x000000008af00000, 0x000000008af00000, 0x000000008b000000|  0%| F|  |TAMS 0x000000008af00000, 0x000000008af00000| Untracked 
|  24|0x000000008b000000, 0x000000008b000000, 0x000000008b100000|  0%| F|  |TAMS 0x000000008b000000, 0x000000008b000000| Untracked 
|  25|0x000000008b100000, 0x000000008b100000, 0x000000008b200000|  0%| F|  |TAMS 0x000000008b100000, 0x000000008b100000| Untracked 
|  26|0x000000008b200000, 0x000000008b200000, 0x000000008b300000|  0%| F|  |TAMS 0x000000008b200000, 0x000000008b200000| Untracked 
|  27|0x000000008b300000, 0x000000008b300000, 0x000000008b400000|  0%| F|  |TAMS 0x000000008b300000, 0x000000008b300000| Untracked 
|  28|0x000000008b400000, 0x000000008b400000, 0x000000008b500000|  0%| F|  |TAMS 0x000000008b400000, 0x000000008b400000| Untracked 
|  29|0x000000008b500000, 0x000000008b500000, 0x000000008b600000|  0%| F|  |TAMS 0x000000008b500000, 0x000000008b500000| Untracked 
|  30|0x000000008b600000, 0x000000008b600000, 0x000000008b700000|  0%| F|  |TAMS 0x000000008b600000, 0x000000008b600000| Untracked 
|  31|0x000000008b700000, 0x000000008b700000, 0x000000008b800000|  0%| F|  |TAMS 0x000000008b700000, 0x000000008b700000| Untracked 
|  32|0x000000008b800000, 0x000000008b800000, 0x000000008b900000|  0%| F|  |TAMS 0x000000008b800000, 0x000000008b800000| Untracked 
|  33|0x000000008b900000, 0x000000008b900000, 0x000000008ba00000|  0%| F|  |TAMS 0x000000008b900000, 0x000000008b900000| Untracked 
|  34|0x000000008ba00000, 0x000000008ba00000, 0x000000008bb00000|  0%| F|  |TAMS 0x000000008ba00000, 0x000000008ba00000| Untracked 
|  35|0x000000008bb00000, 0x000000008bb00000, 0x000000008bc00000|  0%| F|  |TAMS 0x000000008bb00000, 0x000000008bb00000| Untracked 
|  36|0x000000008bc00000, 0x000000008bc00000, 0x000000008bd00000|  0%| F|  |TAMS 0x000000008bc00000, 0x000000008bc00000| Untracked 
|  37|0x000000008bd00000, 0x000000008bd00000, 0x000000008be00000|  0%| F|  |TAMS 0x000000008bd00000, 0x000000008bd00000| Untracked 
|  38|0x000000008be00000, 0x000000008be00000, 0x000000008bf00000|  0%| F|  |TAMS 0x000000008be00000, 0x000000008be00000| Untracked 
|  39|0x000000008bf00000, 0x000000008bf00000, 0x000000008c000000|  0%| F|  |TAMS 0x000000008bf00000, 0x000000008bf00000| Untracked 
|  40|0x000000008c000000, 0x000000008c000000, 0x000000008c100000|  0%| F|  |TAMS 0x000000008c000000, 0x000000008c000000| Untracked 
|  41|0x000000008c100000, 0x000000008c100000, 0x000000008c200000|  0%| F|  |TAMS 0x000000008c100000, 0x000000008c100000| Untracked 
|  42|0x000000008c200000, 0x000000008c200000, 0x000000008c300000|  0%| F|  |TAMS 0x000000008c200000, 0x000000008c200000| Untracked 
|  43|0x000000008c300000, 0x000000008c300000, 0x000000008c400000|  0%| F|  |TAMS 0x000000008c300000, 0x000000008c300000| Untracked 
|  44|0x000000008c400000, 0x000000008c400000, 0x000000008c500000|  0%| F|  |TAMS 0x000000008c400000, 0x000000008c400000| Untracked 
|  45|0x000000008c500000, 0x000000008c500000, 0x000000008c600000|  0%| F|  |TAMS 0x000000008c500000, 0x000000008c500000| Untracked 
|  46|0x000000008c600000, 0x000000008c600000, 0x000000008c700000|  0%| F|  |TAMS 0x000000008c600000, 0x000000008c600000| Untracked 
|  47|0x000000008c700000, 0x000000008c700000, 0x000000008c800000|  0%| F|  |TAMS 0x000000008c700000, 0x000000008c700000| Untracked 
|  48|0x000000008c800000, 0x000000008c800000, 0x000000008c900000|  0%| F|  |TAMS 0x000000008c800000, 0x000000008c800000| Untracked 
|  49|0x000000008c900000, 0x000000008c900000, 0x000000008ca00000|  0%| F|  |TAMS 0x000000008c900000, 0x000000008c900000| Untracked 
|  50|0x000000008ca00000, 0x000000008ca00000, 0x000000008cb00000|  0%| F|  |TAMS 0x000000008ca00000, 0x000000008ca00000| Untracked 
|  51|0x000000008cb00000, 0x000000008cb00000, 0x000000008cc00000|  0%| F|  |TAMS 0x000000008cb00000, 0x000000008cb00000| Untracked 
|  52|0x000000008cc00000, 0x000000008cc00000, 0x000000008cd00000|  0%| F|  |TAMS 0x000000008cc00000, 0x000000008cc00000| Untracked 
|  53|0x000000008cd00000, 0x000000008cd00000, 0x000000008ce00000|  0%| F|  |TAMS 0x000000008cd00000, 0x000000008cd00000| Untracked 
|  54|0x000000008ce00000, 0x000000008ce00000, 0x000000008cf00000|  0%| F|  |TAMS 0x000000008ce00000, 0x000000008ce00000| Untracked 
|  55|0x000000008cf00000, 0x000000008cf00000, 0x000000008d000000|  0%| F|  |TAMS 0x000000008cf00000, 0x000000008cf00000| Untracked 
|  56|0x000000008d000000, 0x000000008d000000, 0x000000008d100000|  0%| F|  |TAMS 0x000000008d000000, 0x000000008d000000| Untracked 
|  57|0x000000008d100000, 0x000000008d100000, 0x000000008d200000|  0%| F|  |TAMS 0x000000008d100000, 0x000000008d100000| Untracked 
|  58|0x000000008d200000, 0x000000008d200000, 0x000000008d300000|  0%| F|  |TAMS 0x000000008d200000, 0x000000008d200000| Untracked 
|  59|0x000000008d300000, 0x000000008d300000, 0x000000008d400000|  0%| F|  |TAMS 0x000000008d300000, 0x000000008d300000| Untracked 
|  60|0x000000008d400000, 0x000000008d400000, 0x000000008d500000|  0%| F|  |TAMS 0x000000008d400000, 0x000000008d400000| Untracked 
|  61|0x000000008d500000, 0x000000008d500000, 0x000000008d600000|  0%| F|  |TAMS 0x000000008d500000, 0x000000008d500000| Untracked 
|  62|0x000000008d600000, 0x000000008d600000, 0x000000008d700000|  0%| F|  |TAMS 0x000000008d600000, 0x000000008d600000| Untracked 
|  63|0x000000008d700000, 0x000000008d700000, 0x000000008d800000|  0%| F|  |TAMS 0x000000008d700000, 0x000000008d700000| Untracked 
|  64|0x000000008d800000, 0x000000008d800000, 0x000000008d900000|  0%| F|  |TAMS 0x000000008d800000, 0x000000008d800000| Untracked 
|  65|0x000000008d900000, 0x000000008d900000, 0x000000008da00000|  0%| F|  |TAMS 0x000000008d900000, 0x000000008d900000| Untracked 
|  66|0x000000008da00000, 0x000000008da00000, 0x000000008db00000|  0%| F|  |TAMS 0x000000008da00000, 0x000000008da00000| Untracked 
|  67|0x000000008db00000, 0x000000008db00000, 0x000000008dc00000|  0%| F|  |TAMS 0x000000008db00000, 0x000000008db00000| Untracked 
|  68|0x000000008dc00000, 0x000000008dc00000, 0x000000008dd00000|  0%| F|  |TAMS 0x000000008dc00000, 0x000000008dc00000| Untracked 
|  69|0x000000008dd00000, 0x000000008dd00000, 0x000000008de00000|  0%| F|  |TAMS 0x000000008dd00000, 0x000000008dd00000| Untracked 
|  70|0x000000008de00000, 0x000000008de00000, 0x000000008df00000|  0%| F|  |TAMS 0x000000008de00000, 0x000000008de00000| Untracked 
|  71|0x000000008df00000, 0x000000008df00000, 0x000000008e000000|  0%| F|  |TAMS 0x000000008df00000, 0x000000008df00000| Untracked 
|  72|0x000000008e000000, 0x000000008e000000, 0x000000008e100000|  0%| F|  |TAMS 0x000000008e000000, 0x000000008e000000| Untracked 
|  73|0x000000008e100000, 0x000000008e100000, 0x000000008e200000|  0%| F|  |TAMS 0x000000008e100000, 0x000000008e100000| Untracked 
|  74|0x000000008e200000, 0x000000008e200000, 0x000000008e300000|  0%| F|  |TAMS 0x000000008e200000, 0x000000008e200000| Untracked 
|  75|0x000000008e300000, 0x000000008e300000, 0x000000008e400000|  0%| F|  |TAMS 0x000000008e300000, 0x000000008e300000| Untracked 
|  76|0x000000008e400000, 0x000000008e400000, 0x000000008e500000|  0%| F|  |TAMS 0x000000008e400000, 0x000000008e400000| Untracked 
|  77|0x000000008e500000, 0x000000008e500000, 0x000000008e600000|  0%| F|  |TAMS 0x000000008e500000, 0x000000008e500000| Untracked 
|  78|0x000000008e600000, 0x000000008e600000, 0x000000008e700000|  0%| F|  |TAMS 0x000000008e600000, 0x000000008e600000| Untracked 
|  79|0x000000008e700000, 0x000000008e700000, 0x000000008e800000|  0%| F|  |TAMS 0x000000008e700000, 0x000000008e700000| Untracked 
|  80|0x000000008e800000, 0x000000008e800000, 0x000000008e900000|  0%| F|  |TAMS 0x000000008e800000, 0x000000008e800000| Untracked 
|  81|0x000000008e900000, 0x000000008e900000, 0x000000008ea00000|  0%| F|  |TAMS 0x000000008e900000, 0x000000008e900000| Untracked 
|  82|0x000000008ea00000, 0x000000008ea00000, 0x000000008eb00000|  0%| F|  |TAMS 0x000000008ea00000, 0x000000008ea00000| Untracked 
|  83|0x000000008eb00000, 0x000000008eb00000, 0x000000008ec00000|  0%| F|  |TAMS 0x000000008eb00000, 0x000000008eb00000| Untracked 
|  84|0x000000008ec00000, 0x000000008ec00000, 0x000000008ed00000|  0%| F|  |TAMS 0x000000008ec00000, 0x000000008ec00000| Untracked 
|  85|0x000000008ed00000, 0x000000008ed00000, 0x000000008ee00000|  0%| F|  |TAMS 0x000000008ed00000, 0x000000008ed00000| Untracked 
|  86|0x000000008ee00000, 0x000000008ee00000, 0x000000008ef00000|  0%| F|  |TAMS 0x000000008ee00000, 0x000000008ee00000| Untracked 
|  87|0x000000008ef00000, 0x000000008ef00000, 0x000000008f000000|  0%| F|  |TAMS 0x000000008ef00000, 0x000000008ef00000| Untracked 
|  88|0x000000008f000000, 0x000000008f000000, 0x000000008f100000|  0%| F|  |TAMS 0x000000008f000000, 0x000000008f000000| Untracked 
|  89|0x000000008f100000, 0x000000008f100000, 0x000000008f200000|  0%| F|  |TAMS 0x000000008f100000, 0x000000008f100000| Untracked 
|  90|0x000000008f200000, 0x000000008f200000, 0x000000008f300000|  0%| F|  |TAMS 0x000000008f200000, 0x000000008f200000| Untracked 
|  91|0x000000008f300000, 0x000000008f300000, 0x000000008f400000|  0%| F|  |TAMS 0x000000008f300000, 0x000000008f300000| Untracked 
|  92|0x000000008f400000, 0x000000008f400000, 0x000000008f500000|  0%| F|  |TAMS 0x000000008f400000, 0x000000008f400000| Untracked 
|  93|0x000000008f500000, 0x000000008f500000, 0x000000008f600000|  0%| F|  |TAMS 0x000000008f500000, 0x000000008f500000| Untracked 
|  94|0x000000008f600000, 0x000000008f600000, 0x000000008f700000|  0%| F|  |TAMS 0x000000008f600000, 0x000000008f600000| Untracked 
|  95|0x000000008f700000, 0x000000008f700000, 0x000000008f800000|  0%| F|  |TAMS 0x000000008f700000, 0x000000008f700000| Untracked 
|  96|0x000000008f800000, 0x000000008f800000, 0x000000008f900000|  0%| F|  |TAMS 0x000000008f800000, 0x000000008f800000| Untracked 
|  97|0x000000008f900000, 0x000000008f900000, 0x000000008fa00000|  0%| F|  |TAMS 0x000000008f900000, 0x000000008f900000| Untracked 
|  98|0x000000008fa00000, 0x000000008fa00000, 0x000000008fb00000|  0%| F|  |TAMS 0x000000008fa00000, 0x000000008fa00000| Untracked 
|  99|0x000000008fb00000, 0x000000008fb76440, 0x000000008fc00000| 46%| E|  |TAMS 0x000000008fb00000, 0x000000008fb00000| Complete 
| 100|0x000000008fc00000, 0x000000008fd00000, 0x000000008fd00000|100%| E|CS|TAMS 0x000000008fc00000, 0x000000008fc00000| Complete 
| 101|0x000000008fd00000, 0x000000008fe00000, 0x000000008fe00000|100%| E|CS|TAMS 0x000000008fd00000, 0x000000008fd00000| Complete 
| 102|0x000000008fe00000, 0x000000008ff00000, 0x000000008ff00000|100%| E|CS|TAMS 0x000000008fe00000, 0x000000008fe00000| Complete 
| 103|0x000000008ff00000, 0x0000000090000000, 0x0000000090000000|100%| E|CS|TAMS 0x000000008ff00000, 0x000000008ff00000| Complete 
| 104|0x0000000090000000, 0x0000000090100000, 0x0000000090100000|100%| E|CS|TAMS 0x0000000090000000, 0x0000000090000000| Complete 
| 105|0x0000000090100000, 0x0000000090200000, 0x0000000090200000|100%| E|CS|TAMS 0x0000000090100000, 0x0000000090100000| Complete 
| 106|0x0000000090200000, 0x0000000090300000, 0x0000000090300000|100%| E|CS|TAMS 0x0000000090200000, 0x0000000090200000| Complete 
| 107|0x0000000090300000, 0x0000000090400000, 0x0000000090400000|100%| E|CS|TAMS 0x0000000090300000, 0x0000000090300000| Complete 
| 108|0x0000000090400000, 0x0000000090500000, 0x0000000090500000|100%| E|CS|TAMS 0x0000000090400000, 0x0000000090400000| Complete 
| 109|0x0000000090500000, 0x0000000090600000, 0x0000000090600000|100%| E|CS|TAMS 0x0000000090500000, 0x0000000090500000| Complete 
| 110|0x0000000090600000, 0x0000000090700000, 0x0000000090700000|100%| E|CS|TAMS 0x0000000090600000, 0x0000000090600000| Complete 
| 111|0x0000000090700000, 0x0000000090800000, 0x0000000090800000|100%| E|CS|TAMS 0x0000000090700000, 0x0000000090700000| Complete 
| 112|0x0000000090800000, 0x0000000090900000, 0x0000000090900000|100%| E|CS|TAMS 0x0000000090800000, 0x0000000090800000| Complete 
| 113|0x0000000090900000, 0x0000000090a00000, 0x0000000090a00000|100%| E|  |TAMS 0x0000000090900000, 0x0000000090900000| Complete 
| 114|0x0000000090a00000, 0x0000000090b00000, 0x0000000090b00000|100%| E|CS|TAMS 0x0000000090a00000, 0x0000000090a00000| Complete 
| 115|0x0000000090b00000, 0x0000000090c00000, 0x0000000090c00000|100%| E|CS|TAMS 0x0000000090b00000, 0x0000000090b00000| Complete 
| 116|0x0000000090c00000, 0x0000000090d00000, 0x0000000090d00000|100%| E|CS|TAMS 0x0000000090c00000, 0x0000000090c00000| Complete 
| 117|0x0000000090d00000, 0x0000000090e00000, 0x0000000090e00000|100%| E|CS|TAMS 0x0000000090d00000, 0x0000000090d00000| Complete 
| 118|0x0000000090e00000, 0x0000000090f00000, 0x0000000090f00000|100%| E|CS|TAMS 0x0000000090e00000, 0x0000000090e00000| Complete 
| 119|0x0000000090f00000, 0x0000000091000000, 0x0000000091000000|100%| E|CS|TAMS 0x0000000090f00000, 0x0000000090f00000| Complete 

Card table byte_map: [0x000002712d420000,0x000002712d7e0000] _byte_map_base: 0x000002712cfd4000

Marking Bits (Prev, Next): (CMBitMap*) 0x0000027115c0a4a0, (CMBitMap*) 0x0000027115c0a4e0
 Prev Bits: [0x000002712dba0000, 0x000002712f940000)
 Next Bits: [0x000002712f940000, 0x00000271316e0000)

Polling page: 0x0000027115370000

Metaspace:

Usage:
  Non-class:      5.37 MB used.
      Class:    582.34 KB used.
       Both:      5.94 MB used.

Virtual space:
  Non-class space:       64.00 MB reserved,       5.38 MB (  8%) committed,  1 nodes.
      Class space:        1.00 GB reserved,     704.00 KB ( <1%) committed,  1 nodes.
             Both:        1.06 GB reserved,       6.06 MB ( <1%) committed. 

Chunk freelists:
   Non-Class:  3.61 MB
       Class:  3.24 MB
        Both:  6.85 MB

MaxMetaspaceSize: unlimited
CompressedClassSpaceSize: 1.00 GB
Initial GC threshold: 21.00 MB
Current GC threshold: 21.00 MB
CDS: on
MetaspaceReclaimPolicy: balanced
 - commit_granule_bytes: 65536.
 - commit_granule_words: 8192.
 - virtual_space_node_default_size: 8388608.
 - enlarge_chunks_in_place: 1.
 - new_chunks_are_fully_committed: 0.
 - uncommit_free_chunks: 1.
 - use_allocation_guard: 0.


Internal statistics:

num_allocs_failed_limit: 0.
num_arena_births: 24.
num_arena_deaths: 0.
num_vsnodes_births: 2.
num_vsnodes_deaths: 0.
num_space_committed: 97.
num_space_uncommitted: 0.
num_chunks_returned_to_freelist: 0.
num_chunks_taken_from_freelist: 196.
num_chunk_merges: 0.
num_chunk_splits: 171.
num_chunks_enlarged: 161.
num_inconsistent_stats: 0.

CodeHeap 'non-profiled nmethods': size=120000Kb used=181Kb max_used=181Kb free=119818Kb
 bounds [0x00000271255e0000, 0x0000027125850000, 0x000002712cb10000]
CodeHeap 'profiled nmethods': size=120000Kb used=1133Kb max_used=1133Kb free=118866Kb
 bounds [0x000002711db10000, 0x000002711dd80000, 0x0000027125040000]
CodeHeap 'non-nmethods': size=5760Kb used=1236Kb max_used=1251Kb free=4523Kb
 bounds [0x0000027125040000, 0x00000271252b0000, 0x00000271255e0000]
 total_blobs=1101 nmethods=660 adapters=352
 compilation: enabled
              stopped_count=0, restarted_count=0
 full_count=0

Compilation events (20 events):
Event: 1.246 Thread 0x0000027134330160  646       3       jdk.internal.org.objectweb.asm.Frame::pop (42 bytes)
Event: 1.246 Thread 0x0000027134330160 nmethod 646 0x000002711dc27010 code [0x000002711dc271c0, 0x000002711dc27378]
Event: 1.246 Thread 0x0000027134330160  649   !   3       java.lang.invoke.MemberName::getMethodType (211 bytes)
Event: 1.247 Thread 0x0000027134330160 nmethod 649 0x000002711dc27490 code [0x000002711dc27760, 0x000002711dc28c58]
Event: 1.247 Thread 0x0000027134330160  651       3       java.lang.reflect.Modifier::isStatic (13 bytes)
Event: 1.247 Thread 0x0000027134330160 nmethod 651 0x000002711dc29190 code [0x000002711dc29320, 0x000002711dc29478]
Event: 1.247 Thread 0x0000027134330160  652       1       java.lang.invoke.MethodTypeForm::erasedType (5 bytes)
Event: 1.247 Thread 0x0000027134330160 nmethod 652 0x000002712560ce90 code [0x000002712560d020, 0x000002712560d0d8]
Event: 1.247 Thread 0x0000027134330160  653       3       java.lang.invoke.MethodType::parameterType (7 bytes)
Event: 1.247 Thread 0x0000027134330160 nmethod 653 0x000002711dc29510 code [0x000002711dc296a0, 0x000002711dc297d8]
Event: 1.247 Thread 0x0000027134330160  655       3       java.lang.invoke.LambdaForm$BasicType::basicType (187 bytes)
Event: 1.248 Thread 0x0000027134330160 nmethod 655 0x000002711dc29890 code [0x000002711dc29b20, 0x000002711dc2a5d8]
Event: 1.248 Thread 0x0000027134330160  659       3       jdk.internal.org.objectweb.asm.SymbolTable::addConstantClass (8 bytes)
Event: 1.248 Thread 0x0000027134330160 nmethod 659 0x000002711dc2a890 code [0x000002711dc2aa40, 0x000002711dc2ab88]
Event: 1.248 Thread 0x0000027134330160  656       3       java.lang.invoke.LambdaForm$BasicType::basicType (8 bytes)
Event: 1.248 Thread 0x0000027134330160 nmethod 656 0x000002711dc2ac10 code [0x000002711dc2ade0, 0x000002711dc2b018]
Event: 1.248 Thread 0x0000027134330160  657       3       sun.invoke.util.Wrapper::basicTypeChar (18 bytes)
Event: 1.249 Thread 0x0000027134330160 nmethod 657 0x000002711dc2b110 code [0x000002711dc2b2c0, 0x000002711dc2b4a8]
Event: 1.249 Thread 0x0000027134330160  660       1       java.lang.reflect.Method::getModifiers (5 bytes)
Event: 1.249 Thread 0x0000027134330160 nmethod 660 0x000002712560d490 code [0x000002712560d620, 0x000002712560d6d8]

GC Heap History (0 events):
No events

Dll operation events (6 events):
Event: 0.016 Loaded shared library C:\Program Files\Java\jdk-19\bin\java.dll
Event: 0.120 Loaded shared library C:\Program Files\Java\jdk-19\bin\jsvml.dll
Event: 0.186 Loaded shared library C:\Program Files\Java\jdk-19\bin\net.dll
Event: 0.445 Loaded shared library C:\Program Files\Java\jdk-19\bin\nio.dll
Event: 0.489 Loaded shared library C:\Program Files\Java\jdk-19\bin\zip.dll
Event: 0.955 Loaded shared library C:\Program Files\Java\jdk-19\bin\jimage.dll

Deoptimization events (20 events):
Event: 0.716 Thread 0x0000027113a8ea90 DEOPT PACKING pc=0x000002711db242d1 sp=0x00000089833fe280
Event: 0.716 Thread 0x0000027113a8ea90 DEOPT UNPACKING pc=0x00000271250a7543 sp=0x00000089833fd6f8 mode 0
Event: 0.962 Thread 0x0000027113a8ea90 Uncommon trap: trap_request=0xffffff45 fr.pc=0x00000271255e5154 relative=0x00000000000007f4
Event: 0.962 Thread 0x0000027113a8ea90 Uncommon trap: reason=unstable_if action=reinterpret pc=0x00000271255e5154 method=java.util.zip.ZipFile$Source.checkAndAddEntry(II)I @ 50 c2
Event: 0.962 Thread 0x0000027113a8ea90 DEOPT PACKING pc=0x00000271255e5154 sp=0x00000089833facf0
Event: 0.962 Thread 0x0000027113a8ea90 DEOPT UNPACKING pc=0x00000271250a6da3 sp=0x00000089833fac70 mode 2
Event: 0.964 Thread 0x0000027113a8ea90 DEOPT PACKING pc=0x000002711db41357 sp=0x00000089833fb140
Event: 0.964 Thread 0x0000027113a8ea90 DEOPT UNPACKING pc=0x00000271250a7543 sp=0x00000089833fa5c0 mode 0
Event: 1.057 Thread 0x0000027113a8ea90 Uncommon trap: trap_request=0xffffff45 fr.pc=0x00000271255fad58 relative=0x0000000000000138
Event: 1.057 Thread 0x0000027113a8ea90 Uncommon trap: reason=unstable_if action=reinterpret pc=0x00000271255fad58 method=java.util.concurrent.locks.ReentrantLock$NonfairSync.initialTryLock()Z @ 10 c2
Event: 1.057 Thread 0x0000027113a8ea90 DEOPT PACKING pc=0x00000271255fad58 sp=0x00000089833fdc10
Event: 1.057 Thread 0x0000027113a8ea90 DEOPT UNPACKING pc=0x00000271250a6da3 sp=0x00000089833fdbb8 mode 2
Event: 1.096 Thread 0x0000027113a8ea90 Uncommon trap: trap_request=0xffffff45 fr.pc=0x00000271255f945c relative=0x00000000000000bc
Event: 1.096 Thread 0x0000027113a8ea90 Uncommon trap: reason=unstable_if action=reinterpret pc=0x00000271255f945c method=java.util.concurrent.locks.ReentrantLock$Sync.tryRelease(I)Z @ 26 c2
Event: 1.096 Thread 0x0000027113a8ea90 DEOPT PACKING pc=0x00000271255f945c sp=0x00000089833fdc10
Event: 1.096 Thread 0x0000027113a8ea90 DEOPT UNPACKING pc=0x00000271250a6da3 sp=0x00000089833fdbb0 mode 2
Event: 1.173 Thread 0x0000027113a8ea90 DEOPT PACKING pc=0x000002711db588a1 sp=0x00000089833fb5c0
Event: 1.173 Thread 0x0000027113a8ea90 DEOPT UNPACKING pc=0x00000271250a7543 sp=0x00000089833faac8 mode 0
Event: 1.174 Thread 0x0000027113a8ea90 DEOPT PACKING pc=0x000002711db53a65 sp=0x00000089833fcb20
Event: 1.174 Thread 0x0000027113a8ea90 DEOPT UNPACKING pc=0x00000271250a7543 sp=0x00000089833fbf70 mode 0

Classes loaded (20 events):
Event: 1.223 Loading class java/lang/InterruptedException
Event: 1.224 Loading class java/lang/InterruptedException done
Event: 1.226 Loading class java/lang/reflect/ProxyGenerator$PrimitiveTypeInfo
Event: 1.226 Loading class java/lang/reflect/ProxyGenerator$PrimitiveTypeInfo done
Event: 1.226 Loading class jdk/internal/org/objectweb/asm/Edge
Event: 1.226 Loading class jdk/internal/org/objectweb/asm/Edge done
Event: 1.228 Loading class java/lang/reflect/Proxy$ProxyBuilder$1
Event: 1.228 Loading class java/lang/reflect/Proxy$ProxyBuilder$1 done
Event: 1.231 Loading class java/lang/annotation/Target
Event: 1.231 Loading class java/lang/annotation/Target done
Event: 1.238 Loading class java/lang/reflect/UndeclaredThrowableException
Event: 1.238 Loading class java/lang/reflect/UndeclaredThrowableException done
Event: 1.240 Loading class java/lang/Class$AnnotationData
Event: 1.240 Loading class java/lang/Class$AnnotationData done
Event: 1.241 Loading class java/lang/annotation/ElementType
Event: 1.241 Loading class java/lang/annotation/ElementType done
Event: 1.241 Loading class java/lang/Deprecated
Event: 1.241 Loading class java/lang/Deprecated done
Event: 1.242 Loading class java/lang/annotation/Documented
Event: 1.242 Loading class java/lang/annotation/Documented done

Classes unloaded (0 events):
No events

Classes redefined (0 events):
No events

Internal exceptions (4 events):
Event: 0.627 Thread 0x0000027113a8ea90 Exception <a 'java/lang/NoSuchMethodError'{0x0000000090b70310}: 'java.lang.Object java.lang.invoke.DirectMethodHandle$Holder.invokeStaticInit(java.lang.Object)'> (0x0000000090b70310) 
thrown [s\open\src\hotspot\share\interpreter\linkResolver.cpp, line 774]
Event: 1.243 Thread 0x0000027113a8ea90 Exception <a 'java/lang/NoSuchMethodError'{0x000000008fb43838}: 'java.lang.Object java.lang.invoke.DirectMethodHandle$Holder.invokeInterface(java.lang.Object, java.lang.Object)'> (0x000000008fb43838) 
thrown [s\open\src\hotspot\share\interpreter\linkResolver.cpp, line 774]
Event: 1.245 Thread 0x0000027113a8ea90 Exception <a 'java/lang/NoSuchMethodError'{0x000000008fb49c60}: 'int java.lang.invoke.DirectMethodHandle$Holder.invokeInterface(java.lang.Object, java.lang.Object)'> (0x000000008fb49c60) 
thrown [s\open\src\hotspot\share\interpreter\linkResolver.cpp, line 774]
Event: 1.246 Thread 0x0000027113a8ea90 Exception <a 'java/lang/NoSuchMethodError'{0x000000008fb4e800}: 'int java.lang.invoke.DirectMethodHandle$Holder.invokeSpecial(java.lang.Object, java.lang.Object, java.lang.Object)'> (0x000000008fb4e800) 
thrown [s\open\src\hotspot\share\interpreter\linkResolver.cpp, line 774]

VM Operations (6 events):
Event: 0.491 Executing VM operation: HandshakeAllThreads
Event: 0.491 Executing VM operation: HandshakeAllThreads done
Event: 0.715 Executing VM operation: HandshakeAllThreads
Event: 0.715 Executing VM operation: HandshakeAllThreads done
Event: 0.968 Executing VM operation: HandshakeAllThreads
Event: 0.968 Executing VM operation: HandshakeAllThreads done

Events (13 events):
Event: 0.120 Thread 0x0000027113a8ea90 Thread added: 0x0000027113a8ea90
Event: 0.144 Thread 0x0000027134326960 Thread added: 0x0000027134326960
Event: 0.144 Thread 0x0000027134329700 Thread added: 0x0000027134329700
Event: 0.145 Thread 0x000002713432a490 Thread added: 0x000002713432a490
Event: 0.145 Thread 0x000002713432bdd0 Thread added: 0x000002713432bdd0
Event: 0.145 Thread 0x000002713432c700 Thread added: 0x000002713432c700
Event: 0.145 Thread 0x000002713432d030 Thread added: 0x000002713432d030
Event: 0.145 Thread 0x000002713432dc90 Thread added: 0x000002713432dc90
Event: 0.145 Thread 0x0000027134330160 Thread added: 0x0000027134330160
Event: 0.145 Thread 0x0000027134332ae0 Thread added: 0x0000027134332ae0
Event: 0.175 Thread 0x00000271385ea370 Thread added: 0x00000271385ea370
Event: 0.180 Thread 0x00000271385ee540 Thread added: 0x00000271385ee540
Event: 0.466 Thread 0x0000027138644cd0 Thread added: 0x0000027138644cd0


Dynamic libraries:
0x00007ff6a1ac0000 - 0x00007ff6a1ad0000 	C:\Program Files\Java\jdk-19\bin\java.exe
0x00007ffcae690000 - 0x00007ffcae888000 	C:\Windows\SYSTEM32\ntdll.dll
0x00007ffcad680000 - 0x00007ffcad73d000 	C:\Windows\System32\KERNEL32.DLL
0x00007ffcac210000 - 0x00007ffcac4e2000 	C:\Windows\System32\KERNELBASE.dll
0x00007ffcabf80000 - 0x00007ffcac080000 	C:\Windows\System32\ucrtbase.dll
0x00007ffc9a6d0000 - 0x00007ffc9a6e8000 	C:\Program Files\Java\jdk-19\bin\jli.dll
0x00007ffcac8a0000 - 0x00007ffcac94e000 	C:\Windows\System32\ADVAPI32.dll
0x00007ffcad4c0000 - 0x00007ffcad55e000 	C:\Windows\System32\msvcrt.dll
0x00007ffcac950000 - 0x00007ffcac9ec000 	C:\Windows\System32\sechost.dll
0x00007ffcad8f0000 - 0x00007ffcada15000 	C:\Windows\System32\RPCRT4.dll
0x00007ffcad750000 - 0x00007ffcad8ed000 	C:\Windows\System32\USER32.dll
0x00007ffcac1e0000 - 0x00007ffcac202000 	C:\Windows\System32\win32u.dll
0x00007ffcaca60000 - 0x00007ffcaca8b000 	C:\Windows\System32\GDI32.dll
0x00007ffcac4f0000 - 0x00007ffcac5ff000 	C:\Windows\System32\gdi32full.dll
0x00007ffcac650000 - 0x00007ffcac6ed000 	C:\Windows\System32\msvcp_win.dll
0x00007ffc8fae0000 - 0x00007ffc8fafb000 	C:\Program Files\Java\jdk-19\bin\VCRUNTIME140.dll
0x00007ffc9a880000 - 0x00007ffc9ab1a000 	C:\Windows\WinSxS\amd64_microsoft.windows.common-controls_6595b64144ccf1df_6.0.19041.1110_none_60b5254171f9507e\COMCTL32.dll
0x00007ffca2d40000 - 0x00007ffca2d4a000 	C:\Windows\SYSTEM32\VERSION.dll
0x00007ffcad490000 - 0x00007ffcad4c0000 	C:\Windows\System32\IMM32.DLL
0x00007ffc93f40000 - 0x00007ffc93f4c000 	C:\Program Files\Java\jdk-19\bin\vcruntime140_1.dll
0x00007ffc524e0000 - 0x00007ffc5256e000 	C:\Program Files\Java\jdk-19\bin\msvcp140.dll
0x00007ffc4f5b0000 - 0x00007ffc50270000 	C:\Program Files\Java\jdk-19\bin\server\jvm.dll
0x00007ffc9a760000 - 0x00007ffc9a769000 	C:\Windows\SYSTEM32\WSOCK32.dll
0x00007ffcad310000 - 0x00007ffcad37b000 	C:\Windows\System32\WS2_32.dll
0x00007ffca2d10000 - 0x00007ffca2d37000 	C:\Windows\SYSTEM32\WINMM.dll
0x00007ffca9c60000 - 0x00007ffca9c72000 	C:\Windows\SYSTEM32\kernel.appcore.dll
0x00007ffc93a20000 - 0x00007ffc93a2a000 	C:\Program Files\Java\jdk-19\bin\jimage.dll
0x00007ffca1ba0000 - 0x00007ffca1d84000 	C:\Windows\SYSTEM32\DBGHELP.DLL
0x00007ffc9c610000 - 0x00007ffc9c63c000 	C:\Windows\SYSTEM32\dbgcore.DLL
0x00007ffcabef0000 - 0x00007ffcabf72000 	C:\Windows\System32\bcryptPrimitives.dll
0x00007ffc76880000 - 0x00007ffc768a6000 	C:\Program Files\Java\jdk-19\bin\java.dll
0x00007ffc52400000 - 0x00007ffc524d7000 	C:\Program Files\Java\jdk-19\bin\jsvml.dll
0x00007ffcacb40000 - 0x00007ffcad283000 	C:\Windows\System32\SHELL32.dll
0x00007ffca9e60000 - 0x00007ffcaa5f1000 	C:\Windows\SYSTEM32\windows.storage.dll
0x00007ffcae2f0000 - 0x00007ffcae644000 	C:\Windows\System32\combase.dll
0x00007ffcab790000 - 0x00007ffcab7c0000 	C:\Windows\SYSTEM32\Wldp.dll
0x00007ffcad380000 - 0x00007ffcad42d000 	C:\Windows\System32\SHCORE.dll
0x00007ffcadc40000 - 0x00007ffcadc95000 	C:\Windows\System32\shlwapi.dll
0x00007ffcabce0000 - 0x00007ffcabcff000 	C:\Windows\SYSTEM32\profapi.dll
0x00007ffc8e7d0000 - 0x00007ffc8e7e3000 	C:\Program Files\Java\jdk-19\bin\net.dll
0x00007ffca5600000 - 0x00007ffca570d000 	C:\Windows\SYSTEM32\WINHTTP.dll
0x00007ffc8e950000 - 0x00007ffc8e95b000 	C:\Program Files\Common Files\SocksEscort\escortdrv.dll
0x00007ffcadab0000 - 0x00007ffcadbda000 	C:\Windows\System32\ole32.dll
0x00007ffc8e910000 - 0x00007ffc8e942000 	C:\Program Files\Common Files\SocksEscort\escengine.dll
0x00007ffcab480000 - 0x00007ffcab4ea000 	C:\Windows\system32\mswsock.dll
0x00007ffc88580000 - 0x00007ffc88596000 	C:\Program Files\Java\jdk-19\bin\nio.dll
0x00007ffc837a0000 - 0x00007ffc837b8000 	C:\Program Files\Java\jdk-19\bin\zip.dll

dbghelp: loaded successfully - version: 4.0.5 - missing functions: none
symbol engine: initialized successfully - sym options: 0x614 - pdb path: .;C:\Program Files\Java\jdk-19\bin;C:\Windows\SYSTEM32;C:\Windows\WinSxS\amd64_microsoft.windows.common-controls_6595b64144ccf1df_6.0.19041.1110_none_60b5254171f9507e;C:\Program Files\Java\jdk-19\bin\server;C:\Program Files\Common Files\SocksEscort

VM Arguments:
java_command: org.jetbrains.kotlin.cli.jvm.K2JVMCompiler @D:\study\da_nen_tang\facebook-app-clone\node_modules\react-native-gesture-handler\android\build\20231123_18069367268863926903.compiler.options
java_class_path (initial): C:\Users\ADMIN\.gradle\caches\modules-2\files-2.1\org.jetbrains.kotlin\kotlin-compiler-embeddable\1.6.21\97bdd5a752ce73b58ef16c17bc7f0ea2faff7a2e\kotlin-compiler-embeddable-1.6.21.jar;C:\Users\ADMIN\.gradle\caches\modules-2\files-2.1\org.jetbrains.kotlin\kotlin-reflect\1.6.21\5dc3574d9b7bebfcb4ec6b10ada4aaa9e140bd0b\kotlin-reflect-1.6.21.jar;C:\Users\ADMIN\.gradle\caches\modules-2\files-2.1\org.jetbrains.kotlin\kotlin-stdlib\1.6.21\11ef67f1900634fd951bad28c53ec957fabbe5b8\kotlin-stdlib-1.6.21.jar;C:\Users\ADMIN\.gradle\caches\modules-2\files-2.1\org.jetbrains.kotlin\kotlin-script-runtime\1.6.21\99c6675100da5d6d5b1c5a1032f27f28008d101b\kotlin-script-runtime-1.6.21.jar;C:\Users\ADMIN\.gradle\caches\modules-2\files-2.1\org.jetbrains.kotlin\kotlin-daemon-embeddable\1.6.21\46b78cf392e1c4f10854c3cadba44abb7b82250f\kotlin-daemon-embeddable-1.6.21.jar;C:\Users\ADMIN\.gradle\caches\modules-2\files-2.1\org.jetbrains.intellij.deps\trove4j\1.0.20200330\3afb14d5f9ceb459d724e907a21145e8ff394f02\trove4j-1.0.20200330.jar;C:\Users\ADMIN\.gradle\caches\modules-2\files-2.1\net.java.dev.jna\jna\5.6.0\330f2244e9030119ab3030fc3fededc86713d9cc\jna-5.6.0.jar;C:\Users\ADMIN\.gradle\caches\modules-2\files-2.1\org.jetbrains.kotlin\kotlin-stdlib-common\1.6.21\5e5b55c26dbc80372a920aef60eb774b714559b8\kotlin-stdlib-common-1.6.21.jar;C:\Users\ADMIN\.gradle\caches\modules-2\files-2.1\org.jetbrains\annotations\13.0\919f0dfe192fb4e063e7dacadee7f8bb9a2672a9\annotations-13.0.jar
Launcher Type: SUN_STANDARD

[Global flags]
     intx CICompilerCount                          = 4                                         {product} {ergonomic}
     uint ConcGCThreads                            = 3                                         {product} {ergonomic}
     uint G1ConcRefinementThreads                  = 10                                        {product} {ergonomic}
   size_t G1HeapRegionSize                         = 1048576                                   {product} {ergonomic}
    uintx GCDrainStackTargetSize                   = 64                                        {product} {ergonomic}
   size_t InitialHeapSize                          = 125829120                                 {product} {ergonomic}
   size_t MarkStackSize                            = 4194304                                   {product} {ergonomic}
   size_t MaxHeapSize                              = 1988100096                                {product} {ergonomic}
   size_t MaxNewSize                               = 1192230912                                {product} {ergonomic}
   size_t MinHeapDeltaBytes                        = 1048576                                   {product} {ergonomic}
   size_t MinHeapSize                              = 8388608                                   {product} {ergonomic}
    uintx NonNMethodCodeHeapSize                   = 5839372                                {pd product} {ergonomic}
    uintx NonProfiledCodeHeapSize                  = 122909434                              {pd product} {ergonomic}
    uintx ProfiledCodeHeapSize                     = 122909434                              {pd product} {ergonomic}
    uintx ReservedCodeCacheSize                    = 251658240                              {pd product} {ergonomic}
     bool SegmentedCodeCache                       = true                                      {product} {ergonomic}
   size_t SoftMaxHeapSize                          = 1988100096                             {manageable} {ergonomic}
     bool UseCompressedClassPointers               = true                           {product lp64_product} {ergonomic}
     bool UseCompressedOops                        = true                           {product lp64_product} {ergonomic}
     bool UseG1GC                                  = true                                      {product} {ergonomic}
     bool UseLargePagesIndividualAllocation        = false                                  {pd product} {ergonomic}

Logging:
Log output configuration:
 #0: stdout all=warning uptime,level,tags foldmultilines=false
 #1: stderr all=off uptime,level,tags foldmultilines=false

Environment Variables:
JAVA_HOME=C:\Program Files\Java\jdk-19
CLASSPATH=D:\study\da_nen_tang\facebook-app-clone\android\\gradle\wrapper\gradle-wrapper.jar
PATH=D:\study\da_nen_tang\facebook-app-clone\node_modules\.bin;D:\study\da_nen_tang\node_modules\.bin;D:\study\node_modules\.bin;D:\node_modules\.bin;C:\Users\ADMIN\AppData\Roaming\nvm\v16.15.0\node_modules\npm\node_modules\@npmcli\run-script\lib\node-gyp-bin;C:\Users\ADMIN\AppData\Local\Temp\yarn--1700748633369-0.4786395285779712;D:\study\da_nen_tang\facebook-app-clone\node_modules\.bin;C:\Users\ADMIN\AppData\Local\Yarn\Data\link\node_modules\.bin;C:\Users\ADMIN\AppData\Local\Yarn\bin;C:\Program Files\libexec\lib\node_modules\npm\bin\node-gyp-bin;C:\Program Files\lib\node_modules\npm\bin\node-gyp-bin;C:\Program Files\nodejs\node_modules\npm\bin\node-gyp-bin;C:\Program Files\Common Files\Oracle\Java\javapath;C:\Windows\system32;C:\Windows;C:\Windows\System32\Wbem;C:\Windows\System32\WindowsPowerShell\v1.0\;C:\Windows\System32\OpenSSH\;C:\Program Files\Java\jdk-19\bin;C:\Program Files\Git\cmd;C:\Program Files\PuTTY\;C:\MinGW\bin;C:\Users\ADMIN\AppData\Roaming\nvm;C:\Program Files\nodejs;C:\Users\ADMIN\AppData\Local\Android\Sdk\platform-tools;C:\Program Files\MySQL\MySQL Shell 8.0\bin\;C:\Users\ADMIN\AppData\Local\Microsoft\WindowsApps;C:\Users\ADMIN\AppData\Local\Programs\Microsoft VS Code\bin;C:\Users\ADMIN\AppData\Local\Programs\Python\Python311;C:\Users\ADMIN\AppData\Local\Programs\Python\Python311\Scripts;C:\Users\ADMIN\AppData\Roaming\npm;C:\Users\ADMIN\AppData\Local\Programs\EmEditor;C:\Users\ADMIN\AppData\Roaming\nvm;C:\Program Files\nodejs;
USERNAME=ADMIN
LANG=en_US.UTF-8
OS=Windows_NT
PROCESSOR_IDENTIFIER=AMD64 Family 23 Model 96 Stepping 1, AuthenticAMD
TMP=C:\Users\ADMIN\AppData\Local\Temp
TEMP=C:\Users\ADMIN\AppData\Local\Temp



---------------  S Y S T E M  ---------------

OS:
 Windows 10 , 64 bit Build 19041 (10.0.19041.1889)
OS uptime: 0 days 10:47 hours

CPU: total 12 (initial active 12) (12 cores per cpu, 2 threads per core) family 23 model 96 stepping 1 microcode 0x0, cx8, cmov, fxsr, ht, mmx, 3dnowpref, sse, sse2, sse3, ssse3, sse4a, sse4.1, sse4.2, popcnt, lzcnt, tsc, tscinvbit, avx, avx2, aes, clmul, bmi1, bmi2, adx, sha, fma, vzeroupper, clflush, clflushopt, rdtscp, rdpid

Memory: 4k page, system-wide physical 7579M (794M free)
TotalPageFile size 11675M (AvailPageFile size 16M)
current process WorkingSet (physical memory assigned to process): 67M, peak: 67M
current process commit charge ("private bytes"): 217M, peak: 217M

vm_info: Java HotSpot(TM) 64-Bit Server VM (19.0.1+10-21) for windows-amd64 JRE (19.0.1+10-21), built on 2022-09-14T12:45:06Z by "mach5one" with MS VC++ 17.1 (VS2022)

END.
