#
# There is insufficient memory for the Java Runtime Environment to continue.
# Native memory allocation (malloc) failed to allocate 1770096 bytes for Chunk::new
# Possible reasons:
#   The system is out of physical RAM or swap space
#   The process is running with CompressedOops enabled, and the Java Heap may be blocking the growth of the native heap
# Possible solutions:
#   Reduce memory load on the system
#   Increase physical memory or swap space
#   Check if swap backing store is full
#   Decrease Java heap size (-Xmx/-Xms)
#   Decrease number of Java threads
#   Decrease Java thread stack sizes (-Xss)
#   Set larger code cache with -XX:ReservedCodeCacheSize=
#   JVM is running with Unscaled Compressed Oops mode in which the Java heap is
#     placed in the first 4GB address space. The Java Heap base address is the
#     maximum limit for the native heap growth. Please use -XX:HeapBaseMinAddress
#     to set the Java Heap base and to place the Java Heap above 4GB virtual address.
# This output file may be truncated or incomplete.
#
#  Out of Memory Error (arena.cpp:184), pid=4632, tid=3664
#
# JRE version: Java(TM) SE Runtime Environment (19.0.1+10) (build 19.0.1+10-21)
# Java VM: Java HotSpot(TM) 64-Bit Server VM (19.0.1+10-21, mixed mode, sharing, tiered, compressed oops, compressed class ptrs, g1 gc, windows-amd64)
# No core dump will be written. Minidumps are not enabled by default on client versions of Windows
#

---------------  S U M M A R Y ------------

Command Line: org.jetbrains.kotlin.cli.jvm.K2JVMCompiler @D:\study\da_nen_tang\facebook-app-clone\node_modules\react-native-safe-area-context\android\build\20231129_4315760454226442114.compiler.options

Host: AMD Ryzen 5 4600H with Radeon Graphics         , 12 cores, 7G,  Windows 10 , 64 bit Build 19041 (10.0.19041.1889)
Time: Wed Nov 29 20:51:13 2023 SE Asia Standard Time elapsed time: 3.555136 seconds (0d 0h 0m 3s)

---------------  T H R E A D  ---------------

Current thread (0x000001feafd54ec0):  JavaThread "C2 CompilerThread1" daemon [_thread_in_native, id=3664, stack(0x000000d4cc100000,0x000000d4cc200000)]


Current CompileTask:
C2:   3555 4116       4       jdk.internal.loader.ClassLoaders$AppClassLoader::loadClass (40 bytes)

Stack: [0x000000d4cc100000,0x000000d4cc200000]
Native frames: (J=compiled Java code, j=interpreted, Vv=VM code, C=native code)
V  [jvm.dll+0x6ee8fa]
V  [jvm.dll+0x857a1e]
V  [jvm.dll+0x85940e]
V  [jvm.dll+0x859ac3]
V  [jvm.dll+0x28291f]
V  [jvm.dll+0xc9b5f]
V  [jvm.dll+0xc9ee5]
V  [jvm.dll+0x3bcb72]
V  [jvm.dll+0x386201]
V  [jvm.dll+0x38567a]
V  [jvm.dll+0x24c2c9]
V  [jvm.dll+0x24b671]
V  [jvm.dll+0x1d6d61]
V  [jvm.dll+0x25b0fa]
V  [jvm.dll+0x259588]
V  [jvm.dll+0x807928]
V  [jvm.dll+0x8015fa]
V  [jvm.dll+0x6ed5eb]
C  [ucrtbase.dll+0x21bb2]
C  [KERNEL32.DLL+0x17034]
C  [ntdll.dll+0x526a1]


---------------  P R O C E S S  ---------------

Threads class SMR info:
_java_thread_list=0x000001feb2a23dd0, length=13, elements={
0x000001fe8b16d060, 0x000001feab8ad2e0, 0x000001feab8ae070, 0x000001feab8af800,
0x000001feab8b1140, 0x000001feab8b1c10, 0x000001feab8b26e0, 0x000001feab8bd680,
0x000001feab8e8850, 0x000001feab8bc9c0, 0x000001feafd1f020, 0x000001feafd20ab0,
0x000001feafd54ec0
}

Java Threads: ( => current thread )
  0x000001fe8b16d060 JavaThread "main" [_thread_in_Java, id=14280, stack(0x000000d4cad00000,0x000000d4cae00000)]
  0x000001feab8ad2e0 JavaThread "Reference Handler" daemon [_thread_blocked, id=9812, stack(0x000000d4cb400000,0x000000d4cb500000)]
  0x000001feab8ae070 JavaThread "Finalizer" daemon [_thread_blocked, id=13100, stack(0x000000d4cb500000,0x000000d4cb600000)]
  0x000001feab8af800 JavaThread "Signal Dispatcher" daemon [_thread_blocked, id=2252, stack(0x000000d4cb600000,0x000000d4cb700000)]
  0x000001feab8b1140 JavaThread "Attach Listener" daemon [_thread_blocked, id=5644, stack(0x000000d4cb700000,0x000000d4cb800000)]
  0x000001feab8b1c10 JavaThread "Service Thread" daemon [_thread_blocked, id=9328, stack(0x000000d4cb800000,0x000000d4cb900000)]
  0x000001feab8b26e0 JavaThread "Monitor Deflation Thread" daemon [_thread_blocked, id=296, stack(0x000000d4cb900000,0x000000d4cba00000)]
  0x000001feab8bd680 JavaThread "C2 CompilerThread0" daemon [_thread_in_native, id=6076, stack(0x000000d4cba00000,0x000000d4cbb00000)]
  0x000001feab8e8850 JavaThread "C1 CompilerThread0" daemon [_thread_in_native, id=7096, stack(0x000000d4cbb00000,0x000000d4cbc00000)]
  0x000001feab8bc9c0 JavaThread "Sweeper thread" daemon [_thread_blocked, id=15020, stack(0x000000d4cbc00000,0x000000d4cbd00000)]
  0x000001feafd1f020 JavaThread "Notification Thread" daemon [_thread_blocked, id=11016, stack(0x000000d4cbd00000,0x000000d4cbe00000)]
  0x000001feafd20ab0 JavaThread "Common-Cleaner" daemon [_thread_blocked, id=5768, stack(0x000000d4cbf00000,0x000000d4cc000000)]
=>0x000001feafd54ec0 JavaThread "C2 CompilerThread1" daemon [_thread_in_native, id=3664, stack(0x000000d4cc100000,0x000000d4cc200000)]

Other Threads:
  0x000001feab893200 VMThread "VM Thread" [stack: 0x000000d4cb300000,0x000000d4cb400000] [id=3836]
  0x000001feafd264d0 WatcherThread "VM Periodic Task Thread" [stack: 0x000000d4cbe00000,0x000000d4cbf00000] [id=12808]
  0x000001fe8b1cb5f0 WorkerThread "GC Thread#0" [stack: 0x000000d4cae00000,0x000000d4caf00000] [id=5840]
  0x000001feb05de290 WorkerThread "GC Thread#1" [stack: 0x000000d4cc200000,0x000000d4cc300000] [id=9364]
  0x000001feb0601cb0 WorkerThread "GC Thread#2" [stack: 0x000000d4cc300000,0x000000d4cc400000] [id=7216]
  0x000001feb06027f0 WorkerThread "GC Thread#3" [stack: 0x000000d4cc400000,0x000000d4cc500000] [id=7532]
  0x000001feb06038d0 WorkerThread "GC Thread#4" [stack: 0x000000d4cc500000,0x000000d4cc600000] [id=11712]
  0x000001feb0602ac0 WorkerThread "GC Thread#5" [stack: 0x000000d4cc600000,0x000000d4cc700000] [id=14996]
  0x000001feb0603600 WorkerThread "GC Thread#6" [stack: 0x000000d4cc700000,0x000000d4cc800000] [id=9696]
  0x000001feb0602250 WorkerThread "GC Thread#7" [stack: 0x000000d4cc800000,0x000000d4cc900000] [id=9356]
  0x000001feb0602520 WorkerThread "GC Thread#8" [stack: 0x000000d4cc900000,0x000000d4cca00000] [id=1752]
  0x000001feb0603060 WorkerThread "GC Thread#9" [stack: 0x000000d4cca00000,0x000000d4ccb00000] [id=12056]
  0x000001fe8b1dc260 ConcurrentGCThread "G1 Main Marker" [stack: 0x000000d4caf00000,0x000000d4cb000000] [id=2236]
  0x000001fe8b1dce30 WorkerThread "G1 Conc#0" [stack: 0x000000d4cb000000,0x000000d4cb100000] [id=13912]
  0x000001feb0c3a650 WorkerThread "G1 Conc#1" [stack: 0x000000d4ccb00000,0x000000d4ccc00000] [id=9312]
  0x000001feb0c3d620 WorkerThread "G1 Conc#2" [stack: 0x000000d4ccc00000,0x000000d4ccd00000] [id=6692]
  0x000001feab750150 ConcurrentGCThread "G1 Refine#0" [stack: 0x000000d4cb100000,0x000000d4cb200000] [id=12848]
  0x000001feab752ab0 ConcurrentGCThread "G1 Service" [stack: 0x000000d4cb200000,0x000000d4cb300000] [id=11632]

Threads with active compile tasks:
C2 CompilerThread0     3570 3603       4       jdk.internal.loader.BuiltinClassLoader::defineClass (121 bytes)
C1 CompilerThread0     3570 4292       3       org.jetbrains.org.objectweb.asm.ClassReader::accept (1380 bytes)
C2 CompilerThread1     3570 4116       4       jdk.internal.loader.ClassLoaders$AppClassLoader::loadClass (40 bytes)

VM state: not at safepoint (normal execution)

VM Mutex/Monitor currently owned by a thread: None

Heap address: 0x0000000089800000, size: 1896 MB, Compressed Oops mode: 32-bit

CDS archive(s) mapped at: [0x0000000800000000-0x0000000800c40000-0x0000000800c40000), size 12845056, SharedBaseAddress: 0x0000000800000000, ArchiveRelocationMode: 0.
Compressed class space mapped at: 0x0000000801000000-0x0000000841000000, reserved size: 1073741824
Narrow klass base: 0x0000000800000000, Narrow klass shift: 0, Narrow klass range: 0x100000000

GC Precious Log:
 CardTable entry size: 512
 Card Set container configuration: InlinePtr #cards 5 size 8 Array Of Cards #cards 12 size 40 Howl #buckets 4 coarsen threshold 1843 Howl Bitmap #cards 512 size 80 coarsen threshold 460 Card regions per heap region 1 cards per card region 2048
 CPUs: 12 total, 12 available
 Memory: 7579M
 Large Page Support: Disabled
 NUMA Support: Disabled
 Compressed Oops: Enabled (32-bit)
 Heap Region Size: 1M
 Heap Min Capacity: 8M
 Heap Initial Capacity: 120M
 Heap Max Capacity: 1896M
 Pre-touch: Disabled
 Parallel Workers: 10
 Concurrent Workers: 3
 Concurrent Refinement Workers: 10
 Periodic GC: Disabled

Heap:
 garbage-first heap   total 89088K, used 71439K [0x0000000089800000, 0x0000000100000000)
  region size 1024K, 50 young (51200K), 6 survivors (6144K)
 Metaspace       used 46612K, committed 47424K, reserved 1114112K
  class space    used 5836K, committed 6272K, reserved 1048576K

Heap Regions: E=young(eden), S=young(survivor), O=old, HS=humongous(starts), HC=humongous(continues), CS=collection set, F=free, OA=open archive, CA=closed archive, TAMS=top-at-mark-start (previous, next)
|   0|0x0000000089800000, 0x0000000089900000, 0x0000000089900000|100%|HS|  |TAMS 0x0000000089900000, 0x0000000089800000| Complete 
|   1|0x0000000089900000, 0x0000000089a00000, 0x0000000089a00000|100%|HC|  |TAMS 0x0000000089a00000, 0x0000000089900000| Complete 
|   2|0x0000000089a00000, 0x0000000089b00000, 0x0000000089b00000|100%|HC|  |TAMS 0x0000000089b00000, 0x0000000089a00000| Complete 
|   3|0x0000000089b00000, 0x0000000089c00000, 0x0000000089c00000|100%| O|  |TAMS 0x0000000089c00000, 0x0000000089b00000| Untracked 
|   4|0x0000000089c00000, 0x0000000089d00000, 0x0000000089d00000|100%|HS|  |TAMS 0x0000000089c00000, 0x0000000089c00000| Complete 
|   5|0x0000000089d00000, 0x0000000089df0600, 0x0000000089e00000| 93%| O|  |TAMS 0x0000000089df0600, 0x0000000089d00000| Untracked 
|   6|0x0000000089e00000, 0x0000000089f00000, 0x0000000089f00000|100%|HS|  |TAMS 0x0000000089f00000, 0x0000000089e00000| Complete 
|   7|0x0000000089f00000, 0x000000008a000000, 0x000000008a000000|100%|HC|  |TAMS 0x000000008a000000, 0x0000000089f00000| Complete 
|   8|0x000000008a000000, 0x000000008a100000, 0x000000008a100000|100%|HC|  |TAMS 0x000000008a100000, 0x000000008a000000| Complete 
|   9|0x000000008a100000, 0x000000008a200000, 0x000000008a200000|100%|HS|  |TAMS 0x000000008a100000, 0x000000008a100000| Complete 
|  10|0x000000008a200000, 0x000000008a300000, 0x000000008a300000|100%|HC|  |TAMS 0x000000008a200000, 0x000000008a200000| Complete 
|  11|0x000000008a300000, 0x000000008a400000, 0x000000008a400000|100%| O|  |TAMS 0x000000008a400000, 0x000000008a300000| Untracked 
|  12|0x000000008a400000, 0x000000008a500000, 0x000000008a500000|100%| O|  |TAMS 0x000000008a500000, 0x000000008a400000| Untracked 
|  13|0x000000008a500000, 0x000000008a600000, 0x000000008a600000|100%| O|  |TAMS 0x000000008a600000, 0x000000008a500000| Untracked 
|  14|0x000000008a600000, 0x000000008a700000, 0x000000008a700000|100%| O|  |TAMS 0x000000008a700000, 0x000000008a600000| Untracked 
|  15|0x000000008a700000, 0x000000008a800000, 0x000000008a800000|100%| O|  |TAMS 0x000000008a800000, 0x000000008a700000| Untracked 
|  16|0x000000008a800000, 0x000000008a900000, 0x000000008a900000|100%| O|  |TAMS 0x000000008a900000, 0x000000008a800000| Untracked 
|  17|0x000000008a900000, 0x000000008aa00000, 0x000000008aa00000|100%| O|  |TAMS 0x000000008aa00000, 0x000000008a900000| Untracked 
|  18|0x000000008aa00000, 0x000000008aa00000, 0x000000008ab00000|  0%| F|  |TAMS 0x000000008aa00000, 0x000000008aa00000| Untracked 
|  19|0x000000008ab00000, 0x000000008ab00000, 0x000000008ac00000|  0%| F|  |TAMS 0x000000008ab00000, 0x000000008ab00000| Untracked 
|  20|0x000000008ac00000, 0x000000008ac00000, 0x000000008ad00000|  0%| F|  |TAMS 0x000000008ac00000, 0x000000008ac00000| Untracked 
|  21|0x000000008ad00000, 0x000000008ad00000, 0x000000008ae00000|  0%| F|  |TAMS 0x000000008ad00000, 0x000000008ad00000| Untracked 
|  22|0x000000008ae00000, 0x000000008af00000, 0x000000008af00000|100%| O|  |TAMS 0x000000008af00000, 0x000000008ae00000| Untracked 
|  23|0x000000008af00000, 0x000000008b000000, 0x000000008b000000|100%| O|  |TAMS 0x000000008b000000, 0x000000008af00000| Untracked 
|  24|0x000000008b000000, 0x000000008b100000, 0x000000008b100000|100%| O|  |TAMS 0x000000008b100000, 0x000000008b000000| Untracked 
|  25|0x000000008b100000, 0x000000008b163c00, 0x000000008b200000| 38%| O|  |TAMS 0x000000008b163c00, 0x000000008b100000| Complete 
|  26|0x000000008b200000, 0x000000008b200000, 0x000000008b300000|  0%| F|  |TAMS 0x000000008b200000, 0x000000008b200000| Untracked 
|  27|0x000000008b300000, 0x000000008b300000, 0x000000008b400000|  0%| F|  |TAMS 0x000000008b300000, 0x000000008b300000| Untracked 
|  28|0x000000008b400000, 0x000000008b400000, 0x000000008b500000|  0%| F|  |TAMS 0x000000008b400000, 0x000000008b400000| Untracked 
|  29|0x000000008b500000, 0x000000008b500000, 0x000000008b600000|  0%| F|  |TAMS 0x000000008b500000, 0x000000008b500000| Untracked 
|  30|0x000000008b600000, 0x000000008b600000, 0x000000008b700000|  0%| F|  |TAMS 0x000000008b600000, 0x000000008b600000| Untracked 
|  31|0x000000008b700000, 0x000000008b700000, 0x000000008b800000|  0%| F|  |TAMS 0x000000008b700000, 0x000000008b700000| Untracked 
|  32|0x000000008b800000, 0x000000008b800000, 0x000000008b900000|  0%| F|  |TAMS 0x000000008b800000, 0x000000008b800000| Untracked 
|  33|0x000000008b900000, 0x000000008b900000, 0x000000008ba00000|  0%| F|  |TAMS 0x000000008b900000, 0x000000008b900000| Untracked 
|  34|0x000000008ba00000, 0x000000008ba00000, 0x000000008bb00000|  0%| F|  |TAMS 0x000000008ba00000, 0x000000008ba00000| Untracked 
|  35|0x000000008bb00000, 0x000000008bb00000, 0x000000008bc00000|  0%| F|  |TAMS 0x000000008bb00000, 0x000000008bb00000| Untracked 
|  36|0x000000008bc00000, 0x000000008bc00000, 0x000000008bd00000|  0%| F|  |TAMS 0x000000008bc00000, 0x000000008bc00000| Untracked 
|  37|0x000000008bd00000, 0x000000008be00000, 0x000000008be00000|100%| E|  |TAMS 0x000000008bd00000, 0x000000008bd00000| Complete 
|  38|0x000000008be00000, 0x000000008bf00000, 0x000000008bf00000|100%| E|CS|TAMS 0x000000008be00000, 0x000000008be00000| Complete 
|  39|0x000000008bf00000, 0x000000008c000000, 0x000000008c000000|100%| E|CS|TAMS 0x000000008bf00000, 0x000000008bf00000| Complete 
|  40|0x000000008c000000, 0x000000008c100000, 0x000000008c100000|100%| E|CS|TAMS 0x000000008c000000, 0x000000008c000000| Complete 
|  41|0x000000008c100000, 0x000000008c200000, 0x000000008c200000|100%| E|CS|TAMS 0x000000008c100000, 0x000000008c100000| Complete 
|  42|0x000000008c200000, 0x000000008c300000, 0x000000008c300000|100%| E|CS|TAMS 0x000000008c200000, 0x000000008c200000| Complete 
|  43|0x000000008c300000, 0x000000008c400000, 0x000000008c400000|100%| E|CS|TAMS 0x000000008c300000, 0x000000008c300000| Complete 
|  44|0x000000008c400000, 0x000000008c500000, 0x000000008c500000|100%| E|CS|TAMS 0x000000008c400000, 0x000000008c400000| Complete 
|  45|0x000000008c500000, 0x000000008c600000, 0x000000008c600000|100%| E|CS|TAMS 0x000000008c500000, 0x000000008c500000| Complete 
|  46|0x000000008c600000, 0x000000008c700000, 0x000000008c700000|100%| E|CS|TAMS 0x000000008c600000, 0x000000008c600000| Complete 
|  47|0x000000008c700000, 0x000000008c800000, 0x000000008c800000|100%| E|CS|TAMS 0x000000008c700000, 0x000000008c700000| Complete 
|  48|0x000000008c800000, 0x000000008c900000, 0x000000008c900000|100%| E|CS|TAMS 0x000000008c800000, 0x000000008c800000| Complete 
|  49|0x000000008c900000, 0x000000008ca00000, 0x000000008ca00000|100%| E|CS|TAMS 0x000000008c900000, 0x000000008c900000| Complete 
|  50|0x000000008ca00000, 0x000000008cb00000, 0x000000008cb00000|100%| E|CS|TAMS 0x000000008ca00000, 0x000000008ca00000| Complete 
|  51|0x000000008cb00000, 0x000000008cc00000, 0x000000008cc00000|100%| E|CS|TAMS 0x000000008cb00000, 0x000000008cb00000| Complete 
|  52|0x000000008cc00000, 0x000000008cd00000, 0x000000008cd00000|100%| E|CS|TAMS 0x000000008cc00000, 0x000000008cc00000| Complete 
|  53|0x000000008cd00000, 0x000000008ce00000, 0x000000008ce00000|100%| E|CS|TAMS 0x000000008cd00000, 0x000000008cd00000| Complete 
|  54|0x000000008ce00000, 0x000000008cf00000, 0x000000008cf00000|100%| E|CS|TAMS 0x000000008ce00000, 0x000000008ce00000| Complete 
|  55|0x000000008cf00000, 0x000000008d000000, 0x000000008d000000|100%| E|CS|TAMS 0x000000008cf00000, 0x000000008cf00000| Complete 
|  56|0x000000008d000000, 0x000000008d100000, 0x000000008d100000|100%| E|CS|TAMS 0x000000008d000000, 0x000000008d000000| Complete 
|  57|0x000000008d100000, 0x000000008d200000, 0x000000008d200000|100%| E|CS|TAMS 0x000000008d100000, 0x000000008d100000| Complete 
|  58|0x000000008d200000, 0x000000008d300000, 0x000000008d300000|100%| E|CS|TAMS 0x000000008d200000, 0x000000008d200000| Complete 
|  59|0x000000008d300000, 0x000000008d400000, 0x000000008d400000|100%| E|CS|TAMS 0x000000008d300000, 0x000000008d300000| Complete 
|  60|0x000000008d400000, 0x000000008d500000, 0x000000008d500000|100%| E|CS|TAMS 0x000000008d400000, 0x000000008d400000| Complete 
|  61|0x000000008d500000, 0x000000008d600000, 0x000000008d600000|100%| E|CS|TAMS 0x000000008d500000, 0x000000008d500000| Complete 
|  62|0x000000008d600000, 0x000000008d700000, 0x000000008d700000|100%| E|CS|TAMS 0x000000008d600000, 0x000000008d600000| Complete 
|  63|0x000000008d700000, 0x000000008d800000, 0x000000008d800000|100%| E|CS|TAMS 0x000000008d700000, 0x000000008d700000| Complete 
|  64|0x000000008d800000, 0x000000008d900000, 0x000000008d900000|100%| E|CS|TAMS 0x000000008d800000, 0x000000008d800000| Complete 
|  65|0x000000008d900000, 0x000000008da00000, 0x000000008da00000|100%| E|CS|TAMS 0x000000008d900000, 0x000000008d900000| Complete 
|  66|0x000000008da00000, 0x000000008db00000, 0x000000008db00000|100%| E|CS|TAMS 0x000000008da00000, 0x000000008da00000| Complete 
|  67|0x000000008db00000, 0x000000008dc00000, 0x000000008dc00000|100%| E|CS|TAMS 0x000000008db00000, 0x000000008db00000| Complete 
|  68|0x000000008dc00000, 0x000000008dd00000, 0x000000008dd00000|100%| E|CS|TAMS 0x000000008dc00000, 0x000000008dc00000| Complete 
|  69|0x000000008dd00000, 0x000000008dd6fde0, 0x000000008de00000| 43%| S|CS|TAMS 0x000000008dd00000, 0x000000008dd00000| Complete 
|  70|0x000000008de00000, 0x000000008df00000, 0x000000008df00000|100%| S|CS|TAMS 0x000000008de00000, 0x000000008de00000| Complete 
|  71|0x000000008df00000, 0x000000008e000000, 0x000000008e000000|100%| S|CS|TAMS 0x000000008df00000, 0x000000008df00000| Complete 
|  72|0x000000008e000000, 0x000000008e100000, 0x000000008e100000|100%| S|CS|TAMS 0x000000008e000000, 0x000000008e000000| Complete 
|  73|0x000000008e100000, 0x000000008e200000, 0x000000008e200000|100%| S|CS|TAMS 0x000000008e100000, 0x000000008e100000| Complete 
|  74|0x000000008e200000, 0x000000008e300000, 0x000000008e300000|100%| S|CS|TAMS 0x000000008e200000, 0x000000008e200000| Complete 
|  75|0x000000008e300000, 0x000000008e400000, 0x000000008e400000|100%| E|CS|TAMS 0x000000008e300000, 0x000000008e300000| Complete 
|  76|0x000000008e400000, 0x000000008e500000, 0x000000008e500000|100%| E|CS|TAMS 0x000000008e400000, 0x000000008e400000| Complete 
|  77|0x000000008e500000, 0x000000008e600000, 0x000000008e600000|100%| E|CS|TAMS 0x000000008e500000, 0x000000008e500000| Complete 
|  78|0x000000008e600000, 0x000000008e700000, 0x000000008e700000|100%| E|CS|TAMS 0x000000008e600000, 0x000000008e600000| Complete 
|  79|0x000000008e700000, 0x000000008e800000, 0x000000008e800000|100%| E|CS|TAMS 0x000000008e700000, 0x000000008e700000| Complete 
|  80|0x000000008e800000, 0x000000008e900000, 0x000000008e900000|100%| E|CS|TAMS 0x000000008e800000, 0x000000008e800000| Complete 
|  81|0x000000008e900000, 0x000000008ea00000, 0x000000008ea00000|100%| E|CS|TAMS 0x000000008e900000, 0x000000008e900000| Complete 
|  82|0x000000008ea00000, 0x000000008eb00000, 0x000000008eb00000|100%| E|CS|TAMS 0x000000008ea00000, 0x000000008ea00000| Complete 
|  83|0x000000008eb00000, 0x000000008ec00000, 0x000000008ec00000|100%| E|CS|TAMS 0x000000008eb00000, 0x000000008eb00000| Complete 
|  84|0x000000008ec00000, 0x000000008ed00000, 0x000000008ed00000|100%| E|CS|TAMS 0x000000008ec00000, 0x000000008ec00000| Complete 
|  85|0x000000008ed00000, 0x000000008ee00000, 0x000000008ee00000|100%| E|CS|TAMS 0x000000008ed00000, 0x000000008ed00000| Complete 
| 119|0x0000000090f00000, 0x0000000091000000, 0x0000000091000000|100%| E|CS|TAMS 0x0000000090f00000, 0x0000000090f00000| Complete 

Card table byte_map: [0x000001fea4920000,0x000001fea4ce0000] _byte_map_base: 0x000001fea44d4000

Marking Bits (Prev, Next): (CMBitMap*) 0x000001fe8b1ccc30, (CMBitMap*) 0x000001fe8b1ccc70
 Prev Bits: [0x000001fea50a0000, 0x000001fea6e40000)
 Next Bits: [0x000001fea6e40000, 0x000001fea8be0000)

Polling page: 0x000001fe8af90000

Metaspace:

Usage:
  Non-class:     39.82 MB used.
      Class:      5.70 MB used.
       Both:     45.52 MB used.

Virtual space:
  Non-class space:       64.00 MB reserved,      40.19 MB ( 63%) committed,  1 nodes.
      Class space:        1.00 GB reserved,       6.12 MB ( <1%) committed,  1 nodes.
             Both:        1.06 GB reserved,      46.31 MB (  4%) committed. 

Chunk freelists:
   Non-Class:  3.66 MB
       Class:  1.92 MB
        Both:  5.58 MB

MaxMetaspaceSize: unlimited
CompressedClassSpaceSize: 1.00 GB
Initial GC threshold: 21.00 MB
Current GC threshold: 58.75 MB
CDS: on
MetaspaceReclaimPolicy: balanced
 - commit_granule_bytes: 65536.
 - commit_granule_words: 8192.
 - virtual_space_node_default_size: 8388608.
 - enlarge_chunks_in_place: 1.
 - new_chunks_are_fully_committed: 0.
 - uncommit_free_chunks: 1.
 - use_allocation_guard: 0.


Internal statistics:

num_allocs_failed_limit: 6.
num_arena_births: 1270.
num_arena_deaths: 0.
num_vsnodes_births: 2.
num_vsnodes_deaths: 0.
num_space_committed: 739.
num_space_uncommitted: 0.
num_chunks_returned_to_freelist: 6.
num_chunks_taken_from_freelist: 3110.
num_chunk_merges: 6.
num_chunk_splits: 2271.
num_chunks_enlarged: 1645.
num_inconsistent_stats: 0.

CodeHeap 'non-profiled nmethods': size=120000Kb used=1773Kb max_used=1773Kb free=118226Kb
 bounds [0x000001fe9c3a0000, 0x000001fe9c610000, 0x000001fea38d0000]
CodeHeap 'profiled nmethods': size=120000Kb used=8598Kb max_used=8598Kb free=111401Kb
 bounds [0x000001fe948d0000, 0x000001fe95140000, 0x000001fe9be00000]
CodeHeap 'non-nmethods': size=5760Kb used=1427Kb max_used=1429Kb free=4332Kb
 bounds [0x000001fe9be00000, 0x000001fe9c070000, 0x000001fe9c3a0000]
 total_blobs=4912 nmethods=4288 adapters=531
 compilation: enabled
              stopped_count=0, restarted_count=0
 full_count=0

Compilation events (20 events):
Event: 3.540 Thread 0x000001feab8e8850 4269       3       org.jetbrains.kotlin.com.intellij.openapi.vfs.VfsUtilCore::isAncestor (69 bytes)
Event: 3.541 Thread 0x000001feab8e8850 nmethod 4269 0x000001fe95119f10 code [0x000001fe9511a140, 0x000001fe9511aa28]
Event: 3.541 Thread 0x000001feab8e8850 4268       3       org.jetbrains.kotlin.name.FqNameUnsafe::pathSegments (39 bytes)
Event: 3.541 Thread 0x000001feab8e8850 nmethod 4268 0x000001fe9511ac90 code [0x000001fe9511ae80, 0x000001fe9511b2e8]
Event: 3.541 Thread 0x000001feab8e8850 4270       1       org.jetbrains.kotlin.com.intellij.psi.impl.compiled.StubBuildingVisitor$MethodInfo::access$700 (5 bytes)
Event: 3.541 Thread 0x000001feab8e8850 nmethod 4270 0x000001fe9c559e10 code [0x000001fe9c559fa0, 0x000001fe9c55a058]
Event: 3.543 Thread 0x000001feab8e8850 4271       1       org.jetbrains.kotlin.load.java.structure.impl.classFiles.BinaryJavaMethodBase::getName (5 bytes)
Event: 3.543 Thread 0x000001feab8e8850 nmethod 4271 0x000001fe9c55a110 code [0x000001fe9c55a2a0, 0x000001fe9c55a358]
Event: 3.544 Thread 0x000001feab8e8850 4272       3       org.jetbrains.kotlin.name.ClassId::asSingleFqName (67 bytes)
Event: 3.545 Thread 0x000001feab8e8850 nmethod 4272 0x000001fe9511b490 code [0x000001fe9511b760, 0x000001fe9511c368]
Event: 3.546 Thread 0x000001feab8e8850 4273       3       java.util.HashMap::put (13 bytes)
Event: 3.546 Thread 0x000001feab8e8850 nmethod 4273 0x000001fe9511c890 code [0x000001fe9511ca60, 0x000001fe9511cd58]
Event: 3.546 Thread 0x000001feab8e8850 4275       3       kotlin.jvm.internal.ArrayIterator::hasNext (18 bytes)
Event: 3.547 Thread 0x000001feab8e8850 nmethod 4275 0x000001fe9511ce90 code [0x000001fe9511d020, 0x000001fe9511d198]
Event: 3.549 Thread 0x000001feab8e8850 4276       1       kotlin.sequences.TransformingSequence::access$getTransformer$p (5 bytes)
Event: 3.549 Thread 0x000001feab8e8850 nmethod 4276 0x000001fe9c55a410 code [0x000001fe9c55a5a0, 0x000001fe9c55a658]
Event: 3.551 Thread 0x000001feab8e8850 4277       3       org.jetbrains.kotlin.com.intellij.extapi.psi.StubBasedPsiElementBase::getNode (122 bytes)
Event: 3.552 Thread 0x000001feab8e8850 nmethod 4277 0x000001fe9511d290 code [0x000001fe9511d560, 0x000001fe9511e4d8]
Event: 3.554 Thread 0x000001feab8e8850 4278       3       org.jetbrains.kotlin.types.UnwrappedType::unwrap (2 bytes)
Event: 3.554 Thread 0x000001feab8e8850 nmethod 4278 0x000001fe9511e890 code [0x000001fe9511ea20, 0x000001fe9511eb38]

GC Heap History (14 events):
Event: 0.553 GC heap before
{Heap before GC invocations=0 (full 0):
 garbage-first heap   total 122880K, used 26624K [0x0000000089800000, 0x0000000100000000)
  region size 1024K, 23 young (23552K), 0 survivors (0K)
 Metaspace       used 6740K, committed 6912K, reserved 1114112K
  class space    used 660K, committed 768K, reserved 1048576K
}
Event: 0.558 GC heap after
{Heap after GC invocations=1 (full 0):
 garbage-first heap   total 122880K, used 6080K [0x0000000089800000, 0x0000000100000000)
  region size 1024K, 3 young (3072K), 3 survivors (3072K)
 Metaspace       used 6740K, committed 6912K, reserved 1114112K
  class space    used 660K, committed 768K, reserved 1048576K
}
Event: 1.062 GC heap before
{Heap before GC invocations=1 (full 0):
 garbage-first heap   total 122880K, used 39872K [0x0000000089800000, 0x0000000100000000)
  region size 1024K, 36 young (36864K), 3 survivors (3072K)
 Metaspace       used 14592K, committed 14912K, reserved 1114112K
  class space    used 1614K, committed 1792K, reserved 1048576K
}
Event: 1.072 GC heap after
{Heap after GC invocations=2 (full 0):
 garbage-first heap   total 122880K, used 9799K [0x0000000089800000, 0x0000000100000000)
  region size 1024K, 4 young (4096K), 4 survivors (4096K)
 Metaspace       used 14592K, committed 14912K, reserved 1114112K
  class space    used 1614K, committed 1792K, reserved 1048576K
}
Event: 1.454 GC heap before
{Heap before GC invocations=2 (full 0):
 garbage-first heap   total 122880K, used 35399K [0x0000000089800000, 0x0000000100000000)
  region size 1024K, 27 young (27648K), 4 survivors (4096K)
 Metaspace       used 21237K, committed 21504K, reserved 1114112K
  class space    used 2577K, committed 2688K, reserved 1048576K
}
Event: 1.461 GC heap after
{Heap after GC invocations=3 (full 0):
 garbage-first heap   total 122880K, used 14877K [0x0000000089800000, 0x0000000100000000)
  region size 1024K, 6 young (6144K), 6 survivors (6144K)
 Metaspace       used 21237K, committed 21504K, reserved 1114112K
  class space    used 2577K, committed 2688K, reserved 1048576K
}
Event: 1.791 GC heap before
{Heap before GC invocations=4 (full 0):
 garbage-first heap   total 55296K, used 43549K [0x0000000089800000, 0x0000000100000000)
  region size 1024K, 32 young (32768K), 6 survivors (6144K)
 Metaspace       used 25764K, committed 26048K, reserved 1114112K
  class space    used 3394K, committed 3520K, reserved 1048576K
}
Event: 1.805 GC heap after
{Heap after GC invocations=5 (full 0):
 garbage-first heap   total 55296K, used 21187K [0x0000000089800000, 0x0000000100000000)
  region size 1024K, 4 young (4096K), 4 survivors (4096K)
 Metaspace       used 25764K, committed 26048K, reserved 1114112K
  class space    used 3394K, committed 3520K, reserved 1048576K
}
Event: 1.817 GC heap before
{Heap before GC invocations=5 (full 0):
 garbage-first heap   total 55296K, used 22211K [0x0000000089800000, 0x0000000100000000)
  region size 1024K, 5 young (5120K), 4 survivors (4096K)
 Metaspace       used 25835K, committed 26112K, reserved 1114112K
  class space    used 3398K, committed 3520K, reserved 1048576K
}
Event: 1.822 GC heap after
{Heap after GC invocations=6 (full 0):
 garbage-first heap   total 55296K, used 21630K [0x0000000089800000, 0x0000000100000000)
  region size 1024K, 1 young (1024K), 1 survivors (1024K)
 Metaspace       used 25835K, committed 26112K, reserved 1114112K
  class space    used 3398K, committed 3520K, reserved 1048576K
}
Event: 2.048 GC heap before
{Heap before GC invocations=6 (full 0):
 garbage-first heap   total 55296K, used 40062K [0x0000000089800000, 0x0000000100000000)
  region size 1024K, 20 young (20480K), 1 survivors (1024K)
 Metaspace       used 29537K, committed 29824K, reserved 1114112K
  class space    used 3779K, committed 3904K, reserved 1048576K
}
Event: 2.052 GC heap after
{Heap after GC invocations=7 (full 0):
 garbage-first heap   total 110592K, used 21572K [0x0000000089800000, 0x0000000100000000)
  region size 1024K, 3 young (3072K), 3 survivors (3072K)
 Metaspace       used 29537K, committed 29824K, reserved 1114112K
  class space    used 3779K, committed 3904K, reserved 1048576K
}
Event: 2.508 GC heap before
{Heap before GC invocations=7 (full 0):
 garbage-first heap   total 110592K, used 53316K [0x0000000089800000, 0x0000000100000000)
  region size 1024K, 36 young (36864K), 3 survivors (3072K)
 Metaspace       used 35264K, committed 35968K, reserved 1114112K
  class space    used 4416K, committed 4800K, reserved 1048576K
}
Event: 2.519 GC heap after
{Heap after GC invocations=8 (full 0):
 garbage-first heap   total 110592K, used 24335K [0x0000000089800000, 0x0000000100000000)
  region size 1024K, 6 young (6144K), 6 survivors (6144K)
 Metaspace       used 35264K, committed 35968K, reserved 1114112K
  class space    used 4416K, committed 4800K, reserved 1048576K
}

Dll operation events (7 events):
Event: 0.004 Loaded shared library C:\Program Files\Java\jdk-19\bin\java.dll
Event: 0.010 Loaded shared library C:\Program Files\Java\jdk-19\bin\jsvml.dll
Event: 0.047 Loaded shared library C:\Program Files\Java\jdk-19\bin\net.dll
Event: 0.199 Loaded shared library C:\Program Files\Java\jdk-19\bin\nio.dll
Event: 0.220 Loaded shared library C:\Program Files\Java\jdk-19\bin\zip.dll
Event: 0.400 Loaded shared library C:\Program Files\Java\jdk-19\bin\jimage.dll
Event: 0.903 Loaded shared library C:\Program Files\Java\jdk-19\bin\verify.dll

Deoptimization events (20 events):
Event: 2.967 Thread 0x000001fe8b16d060 Uncommon trap: trap_request=0xffffffde fr.pc=0x000001fe9c43f4c0 relative=0x0000000000000780
Event: 2.967 Thread 0x000001fe8b16d060 Uncommon trap: reason=class_check action=maybe_recompile pc=0x000001fe9c43f4c0 method=java.util.regex.Matcher.search(I)Z @ 121 c2
Event: 2.967 Thread 0x000001fe8b16d060 DEOPT PACKING pc=0x000001fe9c43f4c0 sp=0x000000d4cadfd830
Event: 2.967 Thread 0x000001fe8b16d060 DEOPT UNPACKING pc=0x000001fe9be66da3 sp=0x000000d4cadfd7f0 mode 2
Event: 2.994 Thread 0x000001fe8b16d060 DEOPT PACKING pc=0x000001fe94e9aae5 sp=0x000000d4cadfcb30
Event: 2.994 Thread 0x000001fe8b16d060 DEOPT UNPACKING pc=0x000001fe9be67543 sp=0x000000d4cadfbfa8 mode 0
Event: 3.043 Thread 0x000001fe8b16d060 Uncommon trap: trap_request=0xffffff45 fr.pc=0x000001fe9c514e98 relative=0x0000000000000078
Event: 3.043 Thread 0x000001fe8b16d060 Uncommon trap: reason=unstable_if action=reinterpret pc=0x000001fe9c514e98 method=org.jetbrains.kotlin.parsing.AbstractKotlinParsing.tokenMatches(Lorg/jetbrains/kotlin/com/intellij/psi/tree/IElementType;Lorg/jetbrains/kotlin/com/intellij/psi/tree/IElement
Event: 3.043 Thread 0x000001fe8b16d060 DEOPT PACKING pc=0x000001fe9c514e98 sp=0x000000d4cadfc210
Event: 3.043 Thread 0x000001fe8b16d060 DEOPT UNPACKING pc=0x000001fe9be66da3 sp=0x000000d4cadfc190 mode 2
Event: 3.361 Thread 0x000001fe8b16d060 DEOPT PACKING pc=0x000001fe94fabfec sp=0x000000d4cadf9d40
Event: 3.361 Thread 0x000001fe8b16d060 DEOPT UNPACKING pc=0x000001fe9be67543 sp=0x000000d4cadf9310 mode 0
Event: 3.420 Thread 0x000001fe8b16d060 Uncommon trap: trap_request=0xffffffc6 fr.pc=0x000001fe9c51f1e0 relative=0x00000000000014a0
Event: 3.420 Thread 0x000001fe8b16d060 Uncommon trap: reason=bimorphic_or_optimized_type_check action=maybe_recompile pc=0x000001fe9c51f1e0 method=java.util.HashMap.putVal(ILjava/lang/Object;Ljava/lang/Object;ZZ)Ljava/lang/Object; @ 203 c2
Event: 3.420 Thread 0x000001fe8b16d060 DEOPT PACKING pc=0x000001fe9c51f1e0 sp=0x000000d4cadfd420
Event: 3.420 Thread 0x000001fe8b16d060 DEOPT UNPACKING pc=0x000001fe9be66da3 sp=0x000000d4cadfd2c8 mode 2
Event: 3.420 Thread 0x000001fe8b16d060 Uncommon trap: trap_request=0xffffffc6 fr.pc=0x000001fe9c51bf04 relative=0x0000000000000864
Event: 3.420 Thread 0x000001fe8b16d060 Uncommon trap: reason=bimorphic_or_optimized_type_check action=maybe_recompile pc=0x000001fe9c51bf04 method=java.util.HashMap.putVal(ILjava/lang/Object;Ljava/lang/Object;ZZ)Ljava/lang/Object; @ 203 c2
Event: 3.420 Thread 0x000001fe8b16d060 DEOPT PACKING pc=0x000001fe9c51bf04 sp=0x000000d4cadfdbd0
Event: 3.420 Thread 0x000001fe8b16d060 DEOPT UNPACKING pc=0x000001fe9be66da3 sp=0x000000d4cadfdaf8 mode 2

Classes loaded (20 events):
Event: 3.475 Loading class java/util/stream/Nodes$SpinedNodeBuilder
Event: 3.476 Loading class java/util/stream/SpinedBuffer
Event: 3.476 Loading class java/util/stream/AbstractSpinedBuffer
Event: 3.476 Loading class java/util/stream/AbstractSpinedBuffer done
Event: 3.476 Loading class java/util/stream/SpinedBuffer done
Event: 3.476 Loading class java/util/stream/Nodes$SpinedNodeBuilder done
Event: 3.505 Loading class java/util/Comparators$NaturalOrderComparator
Event: 3.505 Loading class java/util/Comparators$NaturalOrderComparator done
Event: 3.505 Loading class java/util/Comparators$NullComparator
Event: 3.505 Loading class java/util/Comparators$NullComparator done
Event: 3.508 Loading class java/util/stream/SortedOps
Event: 3.508 Loading class java/util/stream/SortedOps done
Event: 3.508 Loading class java/util/stream/SortedOps$OfRef
Event: 3.508 Loading class java/util/stream/ReferencePipeline$StatefulOp
Event: 3.508 Loading class java/util/stream/ReferencePipeline$StatefulOp done
Event: 3.508 Loading class java/util/stream/SortedOps$OfRef done
Event: 3.509 Loading class java/util/stream/SortedOps$RefSortingSink
Event: 3.509 Loading class java/util/stream/SortedOps$AbstractRefSortingSink
Event: 3.509 Loading class java/util/stream/SortedOps$AbstractRefSortingSink done
Event: 3.509 Loading class java/util/stream/SortedOps$RefSortingSink done

Classes unloaded (0 events):
No events

Classes redefined (0 events):
No events

Internal exceptions (20 events):
Event: 2.416 Thread 0x000001fe8b16d060 Exception <a 'java/lang/NoSuchMethodError'{0x000000008e87dfe8}: 'java.lang.Object java.lang.invoke.DirectMethodHandle$Holder.newInvokeSpecial(java.lang.Object, java.lang.Object, java.lang.Object, java.lang.Object, java.lang.Object, java.lang.Object, java.lang.Object, java.lang.Object, java.lang.Object, java.lang.Object, java.lang.Object, java.lang.Object, java.lang.Object, java.lang.Object, java.lang.Object, java.lang.Object, java.lang.Object, java.lang.Object, java.lang.Object)'> (0x000000008e87dfe8) 
thr
Event: 2.416 Thread 0x000001fe8b16d060 Exception <a 'java/lang/NoSuchMethodError'{0x000000008e8840b0}: 'java.lang.Object java.lang.invoke.DirectMethodHandle$Holder.invokeSpecial(java.lang.Object, java.lang.Object, java.lang.Object, java.lang.Object, java.lang.Object, java.lang.Object, java.lang.Object, java.lang.Object, java.lang.Object, java.lang.Object, java.lang.Object, java.lang.Object, java.lang.Object, java.lang.Object, java.lang.Object, java.lang.Object, java.lang.Object, java.lang.Object, java.lang.Object, java.lang.Object)'> (0x0000000
Event: 2.417 Thread 0x000001fe8b16d060 Exception <a 'java/lang/NoSuchMethodError'{0x000000008e889128}: 'java.lang.Object java.lang.invoke.DelegatingMethodHandle$Holder.reinvoke_L(java.lang.Object, java.lang.Object, java.lang.Object, java.lang.Object, java.lang.Object, java.lang.Object, java.lang.Object, java.lang.Object, java.lang.Object, java.lang.Object, java.lang.Object, java.lang.Object, java.lang.Object, java.lang.Object, java.lang.Object, java.lang.Object, java.lang.Object, java.lang.Object, java.lang.Object)'> (0x000000008e889128) 
throw
Event: 2.430 Thread 0x000001fe8b16d060 Exception <a 'java/lang/NoSuchMethodError'{0x000000008e7fd1d8}: 'java.lang.Object java.lang.invoke.DirectMethodHandle$Holder.newInvokeSpecial(java.lang.Object, java.lang.Object, java.lang.Object, java.lang.Object, java.lang.Object, java.lang.Object, java.lang.Object, java.lang.Object, java.lang.Object, java.lang.Object, java.lang.Object, java.lang.Object, java.lang.Object)'> (0x000000008e7fd1d8) 
thrown [s\open\src\hotspot\share\interpreter\linkResolver.cpp, line 774]
Event: 2.431 Thread 0x000001fe8b16d060 Exception <a 'java/lang/NoSuchMethodError'{0x000000008e602890}: 'java.lang.Object java.lang.invoke.DirectMethodHandle$Holder.invokeSpecial(java.lang.Object, java.lang.Object, java.lang.Object, java.lang.Object, java.lang.Object, java.lang.Object, java.lang.Object, java.lang.Object, java.lang.Object, java.lang.Object, java.lang.Object, java.lang.Object, java.lang.Object, java.lang.Object)'> (0x000000008e602890) 
thrown [s\open\src\hotspot\share\interpreter\linkResolver.cpp, line 774]
Event: 2.431 Thread 0x000001fe8b16d060 Exception <a 'java/lang/NoSuchMethodError'{0x000000008e607050}: 'java.lang.Object java.lang.invoke.DelegatingMethodHandle$Holder.reinvoke_L(java.lang.Object, java.lang.Object, java.lang.Object, java.lang.Object, java.lang.Object, java.lang.Object, java.lang.Object, java.lang.Object, java.lang.Object, java.lang.Object, java.lang.Object, java.lang.Object, java.lang.Object)'> (0x000000008e607050) 
thrown [s\open\src\hotspot\share\interpreter\linkResolver.cpp, line 774]
Event: 2.556 Thread 0x000001fe8b16d060 Exception <a 'java/lang/NoSuchMethodError'{0x000000008ed0fd98}: 'java.lang.Object java.lang.invoke.DirectMethodHandle$Holder.newInvokeSpecial(java.lang.Object, java.lang.Object, int)'> (0x000000008ed0fd98) 
thrown [s\open\src\hotspot\share\interpreter\linkResolver.cpp, line 774]
Event: 2.700 Thread 0x000001fe8b16d060 Exception <a 'java/lang/NoSuchMethodError'{0x000000008ead58e8}: 'java.lang.Object java.lang.invoke.DirectMethodHandle$Holder.newInvokeSpecial(java.lang.Object, java.lang.Object, java.lang.Object, int)'> (0x000000008ead58e8) 
thrown [s\open\src\hotspot\share\interpreter\linkResolver.cpp, line 774]
Event: 2.700 Thread 0x000001fe8b16d060 Exception <a 'java/lang/NoSuchMethodError'{0x000000008ead9cb8}: 'java.lang.Object java.lang.invoke.DirectMethodHandle$Holder.invokeSpecial(java.lang.Object, java.lang.Object, java.lang.Object, java.lang.Object, int)'> (0x000000008ead9cb8) 
thrown [s\open\src\hotspot\share\interpreter\linkResolver.cpp, line 774]
Event: 2.700 Thread 0x000001fe8b16d060 Exception <a 'java/lang/NoSuchMethodError'{0x000000008eadd680}: 'java.lang.Object java.lang.invoke.Invokers$Holder.linkToTargetMethod(java.lang.Object, java.lang.Object, int, java.lang.Object)'> (0x000000008eadd680) 
thrown [s\open\src\hotspot\share\interpreter\linkResolver.cpp, line 774]
Event: 3.267 Thread 0x000001fe8b16d060 Exception <a 'java/lang/NoSuchMethodError'{0x000000008c8b83d8}: 'java.lang.Object java.lang.invoke.DirectMethodHandle$Holder.newInvokeSpecial(java.lang.Object, java.lang.Object, java.lang.Object, java.lang.Object, int)'> (0x000000008c8b83d8) 
thrown [s\open\src\hotspot\share\interpreter\linkResolver.cpp, line 774]
Event: 3.267 Thread 0x000001fe8b16d060 Exception <a 'java/lang/NoSuchMethodError'{0x000000008c8bcc88}: 'java.lang.Object java.lang.invoke.DirectMethodHandle$Holder.invokeSpecial(java.lang.Object, java.lang.Object, java.lang.Object, java.lang.Object, java.lang.Object, int)'> (0x000000008c8bcc88) 
thrown [s\open\src\hotspot\share\interpreter\linkResolver.cpp, line 774]
Event: 3.268 Thread 0x000001fe8b16d060 Exception <a 'java/lang/NoSuchMethodError'{0x000000008c8c0ee8}: 'java.lang.Object java.lang.invoke.Invokers$Holder.linkToTargetMethod(java.lang.Object, java.lang.Object, java.lang.Object, int, java.lang.Object)'> (0x000000008c8c0ee8) 
thrown [s\open\src\hotspot\share\interpreter\linkResolver.cpp, line 774]
Event: 3.362 Thread 0x000001fe8b16d060 Exception <a 'java/lang/NoSuchMethodError'{0x000000008c41bfc8}: 'void java.lang.invoke.DirectMethodHandle$Holder.invokeSpecial(java.lang.Object, java.lang.Object, int, java.lang.Object)'> (0x000000008c41bfc8) 
thrown [s\open\src\hotspot\share\interpreter\linkResolver.cpp, line 774]
Event: 3.437 Thread 0x000001fe8b16d060 Exception <a 'java/lang/NoSuchMethodError'{0x000000008c2e4f20}: 'int java.lang.invoke.DirectMethodHandle$Holder.invokeVirtual(java.lang.Object, java.lang.Object, java.lang.Object)'> (0x000000008c2e4f20) 
thrown [s\open\src\hotspot\share\interpreter\linkResolver.cpp, line 774]
Event: 3.441 Thread 0x000001fe8b16d060 Exception <a 'java/lang/NoSuchMethodError'{0x000000008c10e688}: 'java.lang.Object java.lang.invoke.DirectMethodHandle$Holder.invokeStaticInit(java.lang.Object, java.lang.Object, java.lang.Object)'> (0x000000008c10e688) 
thrown [s\open\src\hotspot\share\interpreter\linkResolver.cpp, line 774]
Event: 3.472 Thread 0x000001fe8b16d060 Exception <a 'java/lang/NoSuchMethodError'{0x000000008c1e90d0}: 'void java.lang.invoke.DirectMethodHandle$Holder.invokeInterface(java.lang.Object, java.lang.Object)'> (0x000000008c1e90d0) 
thrown [s\open\src\hotspot\share\interpreter\linkResolver.cpp, line 774]
Event: 3.507 Thread 0x000001fe8b16d060 Exception <a 'java/lang/NoSuchMethodError'{0x000000008c0c8540}: 'int java.lang.invoke.DirectMethodHandle$Holder.invokeSpecialIFC(java.lang.Object, java.lang.Object, java.lang.Object, java.lang.Object, java.lang.Object)'> (0x000000008c0c8540) 
thrown [s\open\src\hotspot\share\interpreter\linkResolver.cpp, line 774]
Event: 3.510 Thread 0x000001fe8b16d060 Exception <a 'java/lang/NoSuchMethodError'{0x000000008c0e9788}: 'void java.lang.invoke.DirectMethodHandle$Holder.invokeInterface(java.lang.Object, java.lang.Object, java.lang.Object)'> (0x000000008c0e9788) 
thrown [s\open\src\hotspot\share\interpreter\linkResolver.cpp, line 774]
Event: 3.550 Thread 0x000001fe8b16d060 Exception <a 'java/lang/IncompatibleClassChangeError'{0x000000008bfe1bb8}: Found class java.lang.Object, but interface was expected> (0x000000008bfe1bb8) 
thrown [s\open\src\hotspot\share\interpreter\linkResolver.cpp, line 841]

VM Operations (20 events):
Event: 3.160 Executing VM operation: HandshakeAllThreads
Event: 3.160 Executing VM operation: HandshakeAllThreads done
Event: 3.221 Executing VM operation: HandshakeAllThreads
Event: 3.221 Executing VM operation: HandshakeAllThreads done
Event: 3.235 Executing VM operation: HandshakeAllThreads
Event: 3.235 Executing VM operation: HandshakeAllThreads done
Event: 3.245 Executing VM operation: ICBufferFull
Event: 3.246 Executing VM operation: ICBufferFull done
Event: 3.276 Executing VM operation: HandshakeAllThreads
Event: 3.276 Executing VM operation: HandshakeAllThreads done
Event: 3.310 Executing VM operation: HandshakeAllThreads
Event: 3.310 Executing VM operation: HandshakeAllThreads done
Event: 3.361 Executing VM operation: HandshakeAllThreads
Event: 3.361 Executing VM operation: HandshakeAllThreads done
Event: 3.365 Executing VM operation: HandshakeAllThreads
Event: 3.365 Executing VM operation: HandshakeAllThreads done
Event: 3.469 Executing VM operation: HandshakeAllThreads
Event: 3.469 Executing VM operation: HandshakeAllThreads done
Event: 3.521 Executing VM operation: HandshakeAllThreads
Event: 3.521 Executing VM operation: HandshakeAllThreads done

Events (15 events):
Event: 0.010 Thread 0x000001fe8b16d060 Thread added: 0x000001fe8b16d060
Event: 0.020 Thread 0x000001feab8ad2e0 Thread added: 0x000001feab8ad2e0
Event: 0.020 Thread 0x000001feab8ae070 Thread added: 0x000001feab8ae070
Event: 0.020 Thread 0x000001feab8af800 Thread added: 0x000001feab8af800
Event: 0.020 Thread 0x000001feab8b1140 Thread added: 0x000001feab8b1140
Event: 0.020 Thread 0x000001feab8b1c10 Thread added: 0x000001feab8b1c10
Event: 0.021 Thread 0x000001feab8b26e0 Thread added: 0x000001feab8b26e0
Event: 0.021 Thread 0x000001feab8bd680 Thread added: 0x000001feab8bd680
Event: 0.021 Thread 0x000001feab8e8850 Thread added: 0x000001feab8e8850
Event: 0.021 Thread 0x000001feab8bc9c0 Thread added: 0x000001feab8bc9c0
Event: 0.043 Thread 0x000001feafd1f020 Thread added: 0x000001feafd1f020
Event: 0.045 Thread 0x000001feafd20ab0 Thread added: 0x000001feafd20ab0
Event: 0.219 Thread 0x000001feafd543a0 Thread added: 0x000001feafd543a0
Event: 2.148 Thread 0x000001feafd543a0 Thread exited: 0x000001feafd543a0
Event: 2.243 Thread 0x000001feafd54ec0 Thread added: 0x000001feafd54ec0


Dynamic libraries:
0x00007ff606f70000 - 0x00007ff606f80000 	C:\Program Files\Java\jdk-19\bin\java.exe
0x00007ffc74670000 - 0x00007ffc74868000 	C:\Windows\SYSTEM32\ntdll.dll
0x00007ffc73e20000 - 0x00007ffc73edd000 	C:\Windows\System32\KERNEL32.DLL
0x00007ffc71de0000 - 0x00007ffc720b2000 	C:\Windows\System32\KERNELBASE.dll
0x00007ffc721d0000 - 0x00007ffc722d0000 	C:\Windows\System32\ucrtbase.dll
0x00007ffc6c4f0000 - 0x00007ffc6c50b000 	C:\Program Files\Java\jdk-19\bin\VCRUNTIME140.dll
0x00007ffc69ff0000 - 0x00007ffc6a008000 	C:\Program Files\Java\jdk-19\bin\jli.dll
0x00007ffc74580000 - 0x00007ffc7462e000 	C:\Windows\System32\ADVAPI32.dll
0x00007ffc72ac0000 - 0x00007ffc72b5e000 	C:\Windows\System32\msvcrt.dll
0x00007ffc73f40000 - 0x00007ffc73fdc000 	C:\Windows\System32\sechost.dll
0x00007ffc73a50000 - 0x00007ffc73b75000 	C:\Windows\System32\RPCRT4.dll
0x00007ffc73c60000 - 0x00007ffc73dfd000 	C:\Windows\System32\USER32.dll
0x00007ffc60400000 - 0x00007ffc6069a000 	C:\Windows\WinSxS\amd64_microsoft.windows.common-controls_6595b64144ccf1df_6.0.19041.1110_none_60b5254171f9507e\COMCTL32.dll
0x00007ffc71db0000 - 0x00007ffc71dd2000 	C:\Windows\System32\win32u.dll
0x00007ffc73970000 - 0x00007ffc7399b000 	C:\Windows\System32\GDI32.dll
0x00007ffc720c0000 - 0x00007ffc721cf000 	C:\Windows\System32\gdi32full.dll
0x00007ffc72630000 - 0x00007ffc726cd000 	C:\Windows\System32\msvcp_win.dll
0x00007ffc6fd20000 - 0x00007ffc6fd2a000 	C:\Windows\SYSTEM32\VERSION.dll
0x00007ffc726d0000 - 0x00007ffc72700000 	C:\Windows\System32\IMM32.DLL
0x00007ffc6c4e0000 - 0x00007ffc6c4ec000 	C:\Program Files\Java\jdk-19\bin\vcruntime140_1.dll
0x00007ffc17760000 - 0x00007ffc177ee000 	C:\Program Files\Java\jdk-19\bin\msvcp140.dll
0x00007ffc16aa0000 - 0x00007ffc17760000 	C:\Program Files\Java\jdk-19\bin\server\jvm.dll
0x00007ffc2cba0000 - 0x00007ffc2cba9000 	C:\Windows\SYSTEM32\WSOCK32.dll
0x00007ffc72ca0000 - 0x00007ffc72d0b000 	C:\Windows\System32\WS2_32.dll
0x00007ffc673d0000 - 0x00007ffc673f7000 	C:\Windows\SYSTEM32\WINMM.dll
0x00007ffc705d0000 - 0x00007ffc705e2000 	C:\Windows\SYSTEM32\kernel.appcore.dll
0x00007ffc6c520000 - 0x00007ffc6c52a000 	C:\Program Files\Java\jdk-19\bin\jimage.dll
0x00007ffc67ed0000 - 0x00007ffc680b4000 	C:\Windows\SYSTEM32\DBGHELP.DLL
0x00007ffc623a0000 - 0x00007ffc623cc000 	C:\Windows\SYSTEM32\dbgcore.DLL
0x00007ffc72480000 - 0x00007ffc72502000 	C:\Windows\System32\bcryptPrimitives.dll
0x00007ffc6ab30000 - 0x00007ffc6ab56000 	C:\Program Files\Java\jdk-19\bin\java.dll
0x00007ffc6a180000 - 0x00007ffc6a257000 	C:\Program Files\Java\jdk-19\bin\jsvml.dll
0x00007ffc73220000 - 0x00007ffc73963000 	C:\Windows\System32\SHELL32.dll
0x00007ffc6fe20000 - 0x00007ffc705b1000 	C:\Windows\SYSTEM32\windows.storage.dll
0x00007ffc72760000 - 0x00007ffc72ab4000 	C:\Windows\System32\combase.dll
0x00007ffc71770000 - 0x00007ffc717a0000 	C:\Windows\SYSTEM32\Wldp.dll
0x00007ffc72b60000 - 0x00007ffc72c0d000 	C:\Windows\System32\SHCORE.dll
0x00007ffc73ba0000 - 0x00007ffc73bf5000 	C:\Windows\System32\shlwapi.dll
0x00007ffc71cc0000 - 0x00007ffc71cdf000 	C:\Windows\SYSTEM32\profapi.dll
0x00007ffc6ab10000 - 0x00007ffc6ab23000 	C:\Program Files\Java\jdk-19\bin\net.dll
0x00007ffc6b2e0000 - 0x00007ffc6b3ed000 	C:\Windows\SYSTEM32\WINHTTP.dll
0x00007ffc5c500000 - 0x00007ffc5c50b000 	C:\Program Files\Common Files\SocksEscort\escortdrv.dll
0x00007ffc730f0000 - 0x00007ffc7321a000 	C:\Windows\System32\ole32.dll
0x00007ffc5c430000 - 0x00007ffc5c462000 	C:\Program Files\Common Files\SocksEscort\escengine.dll
0x00007ffc71460000 - 0x00007ffc714ca000 	C:\Windows\system32\mswsock.dll
0x00007ffc6aaf0000 - 0x00007ffc6ab06000 	C:\Program Files\Java\jdk-19\bin\nio.dll
0x00007ffc6aad0000 - 0x00007ffc6aae8000 	C:\Program Files\Java\jdk-19\bin\zip.dll
0x00007ffc6c510000 - 0x00007ffc6c520000 	C:\Program Files\Java\jdk-19\bin\verify.dll

dbghelp: loaded successfully - version: 4.0.5 - missing functions: none
symbol engine: initialized successfully - sym options: 0x614 - pdb path: .;C:\Program Files\Java\jdk-19\bin;C:\Windows\SYSTEM32;C:\Windows\WinSxS\amd64_microsoft.windows.common-controls_6595b64144ccf1df_6.0.19041.1110_none_60b5254171f9507e;C:\Program Files\Java\jdk-19\bin\server;C:\Program Files\Common Files\SocksEscort

VM Arguments:
java_command: org.jetbrains.kotlin.cli.jvm.K2JVMCompiler @D:\study\da_nen_tang\facebook-app-clone\node_modules\react-native-safe-area-context\android\build\20231129_4315760454226442114.compiler.options
java_class_path (initial): C:\Users\ADMIN\.gradle\caches\modules-2\files-2.1\org.jetbrains.kotlin\kotlin-compiler-embeddable\1.6.20\18f66cca4301c12893ebe4ef47d65c3d9d2bff9b\kotlin-compiler-embeddable-1.6.20.jar;C:\Users\ADMIN\.gradle\caches\modules-2\files-2.1\org.jetbrains.kotlin\kotlin-reflect\1.6.20\669965154723f1a712e8677af0cc5470dfdab81c\kotlin-reflect-1.6.20.jar;C:\Users\ADMIN\.gradle\caches\modules-2\files-2.1\org.jetbrains.kotlin\kotlin-stdlib\1.6.20\6cedc143badbb4f1c6b7f5a340b04edff1743208\kotlin-stdlib-1.6.20.jar;C:\Users\ADMIN\.gradle\caches\modules-2\files-2.1\org.jetbrains.kotlin\kotlin-script-runtime\1.6.20\a115c367e0fd9c8909293b208689afca0c88a6f1\kotlin-script-runtime-1.6.20.jar;C:\Users\ADMIN\.gradle\caches\modules-2\files-2.1\org.jetbrains.kotlin\kotlin-daemon-embeddable\1.6.20\d4cac343029f48f106c57f457384771165d7deb5\kotlin-daemon-embeddable-1.6.20.jar;C:\Users\ADMIN\.gradle\caches\modules-2\files-2.1\org.jetbrains.intellij.deps\trove4j\1.0.20200330\3afb14d5f9ceb459d724e907a21145e8ff394f02\trove4j-1.0.20200330.jar;C:\Users\ADMIN\.gradle\caches\modules-2\files-2.1\net.java.dev.jna\jna\5.6.0\330f2244e9030119ab3030fc3fededc86713d9cc\jna-5.6.0.jar;C:\Users\ADMIN\.gradle\caches\modules-2\files-2.1\org.jetbrains.kotlin\kotlin-stdlib-common\1.6.20\27b4562b6713d70f458c6d7ea39aadacb8e6a92b\kotlin-stdlib-common-1.6.20.jar;C:\Users\ADMIN\.gradle\caches\modules-2\files-2.1\org.jetbrains\annotations\13.0\919f0dfe192fb4e063e7dacadee7f8bb9a2672a9\annotations-13.0.jar
Launcher Type: SUN_STANDARD

[Global flags]
     intx CICompilerCount                          = 4                                         {product} {ergonomic}
     uint ConcGCThreads                            = 3                                         {product} {ergonomic}
     uint G1ConcRefinementThreads                  = 10                                        {product} {ergonomic}
   size_t G1HeapRegionSize                         = 1048576                                   {product} {ergonomic}
    uintx GCDrainStackTargetSize                   = 64                                        {product} {ergonomic}
   size_t InitialHeapSize                          = 125829120                                 {product} {ergonomic}
   size_t MarkStackSize                            = 4194304                                   {product} {ergonomic}
   size_t MaxHeapSize                              = 1988100096                                {product} {ergonomic}
   size_t MaxNewSize                               = 1192230912                                {product} {ergonomic}
   size_t MinHeapDeltaBytes                        = 1048576                                   {product} {ergonomic}
   size_t MinHeapSize                              = 8388608                                   {product} {ergonomic}
    uintx NonNMethodCodeHeapSize                   = 5839372                                {pd product} {ergonomic}
    uintx NonProfiledCodeHeapSize                  = 122909434                              {pd product} {ergonomic}
    uintx ProfiledCodeHeapSize                     = 122909434                              {pd product} {ergonomic}
    uintx ReservedCodeCacheSize                    = 251658240                              {pd product} {ergonomic}
     bool SegmentedCodeCache                       = true                                      {product} {ergonomic}
   size_t SoftMaxHeapSize                          = 1988100096                             {manageable} {ergonomic}
     bool UseCompressedClassPointers               = true                           {product lp64_product} {ergonomic}
     bool UseCompressedOops                        = true                           {product lp64_product} {ergonomic}
     bool UseG1GC                                  = true                                      {product} {ergonomic}
     bool UseLargePagesIndividualAllocation        = false                                  {pd product} {ergonomic}

Logging:
Log output configuration:
 #0: stdout all=warning uptime,level,tags foldmultilines=false
 #1: stderr all=off uptime,level,tags foldmultilines=false

Environment Variables:
JAVA_HOME=C:\Program Files\Java\jdk-19
CLASSPATH=D:\study\da_nen_tang\facebook-app-clone\android\\gradle\wrapper\gradle-wrapper.jar
PATH=D:\study\da_nen_tang\facebook-app-clone\node_modules\.bin;D:\study\da_nen_tang\node_modules\.bin;D:\study\node_modules\.bin;D:\node_modules\.bin;C:\Users\ADMIN\AppData\Roaming\nvm\v16.15.0\node_modules\npm\node_modules\@npmcli\run-script\lib\node-gyp-bin;C:\Users\ADMIN\AppData\Local\Temp\yarn--1701265794498-0.8425353248535643;D:\study\da_nen_tang\facebook-app-clone\node_modules\.bin;C:\Users\ADMIN\AppData\Local\Yarn\Data\link\node_modules\.bin;C:\Users\ADMIN\AppData\Local\Yarn\bin;C:\Program Files\libexec\lib\node_modules\npm\bin\node-gyp-bin;C:\Program Files\lib\node_modules\npm\bin\node-gyp-bin;C:\Program Files\nodejs\node_modules\npm\bin\node-gyp-bin;C:\Program Files\Common Files\Oracle\Java\javapath;C:\Windows\system32;C:\Windows;C:\Windows\System32\Wbem;C:\Windows\System32\WindowsPowerShell\v1.0\;C:\Windows\System32\OpenSSH\;C:\Program Files\Java\jdk-19\bin;C:\Program Files\Git\cmd;C:\MinGW\bin;C:\Users\ADMIN\AppData\Roaming\nvm;C:\Program Files\nodejs;C:\Users\ADMIN\AppData\Local\Android\Sdk\platform-tools;C:\Program Files\MySQL\MySQL Shell 8.0\bin\;C:\Users\ADMIN\AppData\Local\Microsoft\WindowsApps;C:\Users\ADMIN\AppData\Local\Programs\Microsoft VS Code\bin;C:\Users\ADMIN\AppData\Local\Programs\Python\Python311;C:\Users\ADMIN\AppData\Local\Programs\Python\Python311\Scripts;C:\Users\ADMIN\AppData\Roaming\npm;C:\Users\ADMIN\AppData\Local\Programs\EmEditor;C:\Users\ADMIN\AppData\Roaming\nvm;C:\Program Files\nodejs;
USERNAME=ADMIN
LANG=en_US.UTF-8
OS=Windows_NT
PROCESSOR_IDENTIFIER=AMD64 Family 23 Model 96 Stepping 1, AuthenticAMD
TMP=C:\Users\ADMIN\AppData\Local\Temp
TEMP=C:\Users\ADMIN\AppData\Local\Temp



---------------  S Y S T E M  ---------------

OS:
 Windows 10 , 64 bit Build 19041 (10.0.19041.1889)
OS uptime: 0 days 3:28 hours

CPU: total 12 (initial active 12) (12 cores per cpu, 2 threads per core) family 23 model 96 stepping 1 microcode 0x0, cx8, cmov, fxsr, ht, mmx, 3dnowpref, sse, sse2, sse3, ssse3, sse4a, sse4.1, sse4.2, popcnt, lzcnt, tsc, tscinvbit, avx, avx2, aes, clmul, bmi1, bmi2, adx, sha, fma, vzeroupper, clflush, clflushopt, rdtscp, rdpid

Memory: 4k page, system-wide physical 7579M (436M free)
TotalPageFile size 11675M (AvailPageFile size 20M)
current process WorkingSet (physical memory assigned to process): 245M, peak: 247M
current process commit charge ("private bytes"): 292M, peak: 296M

vm_info: Java HotSpot(TM) 64-Bit Server VM (19.0.1+10-21) for windows-amd64 JRE (19.0.1+10-21), built on 2022-09-14T12:45:06Z by "mach5one" with MS VC++ 17.1 (VS2022)

END.
