#
# There is insufficient memory for the Java Runtime Environment to continue.
# Native memory allocation (malloc) failed to allocate 446176 bytes for Chunk::new
# Possible reasons:
#   The system is out of physical RAM or swap space
#   The process is running with CompressedOops enabled, and the Java Heap may be blocking the growth of the native heap
# Possible solutions:
#   Reduce memory load on the system
#   Increase physical memory or swap space
#   Check if swap backing store is full
#   Decrease Java heap size (-Xmx/-Xms)
#   Decrease number of Java threads
#   Decrease Java thread stack sizes (-Xss)
#   Set larger code cache with -XX:ReservedCodeCacheSize=
#   JVM is running with Unscaled Compressed Oops mode in which the Java heap is
#     placed in the first 4GB address space. The Java Heap base address is the
#     maximum limit for the native heap growth. Please use -XX:HeapBaseMinAddress
#     to set the Java Heap base and to place the Java Heap above 4GB virtual address.
# This output file may be truncated or incomplete.
#
#  Out of Memory Error (arena.cpp:184), pid=6416, tid=6356
#
# JRE version: Java(TM) SE Runtime Environment (19.0.1+10) (build 19.0.1+10-21)
# Java VM: Java HotSpot(TM) 64-Bit Server VM (19.0.1+10-21, mixed mode, sharing, tiered, compressed oops, compressed class ptrs, g1 gc, windows-amd64)
# No core dump will be written. Minidumps are not enabled by default on client versions of Windows
#

---------------  S U M M A R Y ------------

Command Line: -XX:MaxMetaspaceSize=512m --add-opens=java.base/java.util=ALL-UNNAMED --add-opens=java.base/java.lang=ALL-UNNAMED --add-opens=java.base/java.lang.invoke=ALL-UNNAMED --add-opens=java.prefs/java.util.prefs=ALL-UNNAMED --add-opens=java.base/java.nio.charset=ALL-UNNAMED --add-opens=java.base/java.net=ALL-UNNAMED --add-opens=java.base/java.util.concurrent.atomic=ALL-UNNAMED -Xmx2048m -Dfile.encoding=UTF-8 -Duser.country=US -Duser.language=en -Duser.variant org.gradle.launcher.daemon.bootstrap.GradleDaemon 8.0.1

Host: AMD Ryzen 5 4600H with Radeon Graphics         , 12 cores, 7G,  Windows 10 , 64 bit Build 19041 (10.0.19041.1889)
Time: Sun Jan  7 14:58:02 2024 SE Asia Standard Time elapsed time: 1.657464 seconds (0d 0h 0m 1s)

---------------  T H R E A D  ---------------

Current thread (0x0000013d4b282be0):  JavaThread "C2 CompilerThread0" daemon [_thread_in_native, id=6356, stack(0x0000001e4a100000,0x0000001e4a200000)]


Current CompileTask:
C2:   1657 2334   !   4       java.util.zip.InflaterInputStream::read (122 bytes)

Stack: [0x0000001e4a100000,0x0000001e4a200000]
Native frames: (J=compiled Java code, j=interpreted, Vv=VM code, C=native code)
V  [jvm.dll+0x6ee8fa]
V  [jvm.dll+0x857a1e]
V  [jvm.dll+0x85940e]
V  [jvm.dll+0x859ac3]
V  [jvm.dll+0x28291f]
V  [jvm.dll+0xc9b5f]
V  [jvm.dll+0xc9ee5]
V  [jvm.dll+0x3bcbac]
V  [jvm.dll+0x386201]
V  [jvm.dll+0x38567a]
V  [jvm.dll+0x24c2c9]
V  [jvm.dll+0x24b671]
V  [jvm.dll+0x1d6d61]
V  [jvm.dll+0x25b0fa]
V  [jvm.dll+0x259588]
V  [jvm.dll+0x807928]
V  [jvm.dll+0x8015fa]
V  [jvm.dll+0x6ed5eb]
C  [ucrtbase.dll+0x21bb2]
C  [KERNEL32.DLL+0x17034]
C  [ntdll.dll+0x526a1]


---------------  P R O C E S S  ---------------

Threads class SMR info:
_java_thread_list=0x0000013d52253f50, length=25, elements={
0x0000013d2cdcd260, 0x0000013d4b26c5a0, 0x0000013d4b26d530, 0x0000013d4b26fe00,
0x0000013d4b273750, 0x0000013d4b274fd0, 0x0000013d4b276380, 0x0000013d4b282be0,
0x0000013d4b2889f0, 0x0000013d4b28c780, 0x0000013d4fe24930, 0x0000013d4fe2bee0,
0x0000013d4fe8ad90, 0x0000013d51ad8030, 0x0000013d510ba0d0, 0x0000013d51931b00,
0x0000013d513c06d0, 0x0000013d51bd2480, 0x0000013d5162f090, 0x0000013d51d626c0,
0x0000013d51ce8790, 0x0000013d51ce6d00, 0x0000013d51ce7cf0, 0x0000013d51ce6260,
0x0000013d51ce77a0
}

Java Threads: ( => current thread )
  0x0000013d2cdcd260 JavaThread "main" [_thread_blocked, id=8680, stack(0x0000001e49400000,0x0000001e49500000)]
  0x0000013d4b26c5a0 JavaThread "Reference Handler" daemon [_thread_blocked, id=13192, stack(0x0000001e49b00000,0x0000001e49c00000)]
  0x0000013d4b26d530 JavaThread "Finalizer" daemon [_thread_blocked, id=13820, stack(0x0000001e49c00000,0x0000001e49d00000)]
  0x0000013d4b26fe00 JavaThread "Signal Dispatcher" daemon [_thread_blocked, id=944, stack(0x0000001e49d00000,0x0000001e49e00000)]
  0x0000013d4b273750 JavaThread "Attach Listener" daemon [_thread_blocked, id=2808, stack(0x0000001e49e00000,0x0000001e49f00000)]
  0x0000013d4b274fd0 JavaThread "Service Thread" daemon [_thread_blocked, id=1216, stack(0x0000001e49f00000,0x0000001e4a000000)]
  0x0000013d4b276380 JavaThread "Monitor Deflation Thread" daemon [_thread_blocked, id=5684, stack(0x0000001e4a000000,0x0000001e4a100000)]
=>0x0000013d4b282be0 JavaThread "C2 CompilerThread0" daemon [_thread_in_native, id=6356, stack(0x0000001e4a100000,0x0000001e4a200000)]
  0x0000013d4b2889f0 JavaThread "C1 CompilerThread0" daemon [_thread_blocked, id=14108, stack(0x0000001e4a200000,0x0000001e4a300000)]
  0x0000013d4b28c780 JavaThread "Sweeper thread" daemon [_thread_blocked, id=12336, stack(0x0000001e4a300000,0x0000001e4a400000)]
  0x0000013d4fe24930 JavaThread "Common-Cleaner" daemon [_thread_blocked, id=4456, stack(0x0000001e4a400000,0x0000001e4a500000)]
  0x0000013d4fe2bee0 JavaThread "Notification Thread" daemon [_thread_blocked, id=13280, stack(0x0000001e4a500000,0x0000001e4a600000)]
  0x0000013d4fe8ad90 JavaThread "C2 CompilerThread1" daemon [_thread_blocked, id=11848, stack(0x0000001e4a800000,0x0000001e4a900000)]
  0x0000013d51ad8030 JavaThread "Daemon health stats" [_thread_blocked, id=4188, stack(0x0000001e4ad00000,0x0000001e4ae00000)]
  0x0000013d510ba0d0 JavaThread "Incoming local TCP Connector on port 54289" [_thread_in_native, id=1012, stack(0x0000001e4ae00000,0x0000001e4af00000)]
  0x0000013d51931b00 JavaThread "Daemon periodic checks" [_thread_blocked, id=14932, stack(0x0000001e4af00000,0x0000001e4b000000)]
  0x0000013d513c06d0 JavaThread "Daemon" [_thread_blocked, id=11480, stack(0x0000001e4b000000,0x0000001e4b100000)]
  0x0000013d51bd2480 JavaThread "Handler for socket connection from /127.0.0.1:54289 to /127.0.0.1:54290" [_thread_in_native, id=12316, stack(0x0000001e4b100000,0x0000001e4b200000)]
  0x0000013d5162f090 JavaThread "Cancel handler" [_thread_blocked, id=6280, stack(0x0000001e4b200000,0x0000001e4b300000)]
  0x0000013d51d626c0 JavaThread "Daemon worker" [_thread_in_vm, id=1496, stack(0x0000001e4b300000,0x0000001e4b400000)]
  0x0000013d51ce8790 JavaThread "Asynchronous log dispatcher for DefaultDaemonConnection: socket connection from /127.0.0.1:54289 to /127.0.0.1:54290" [_thread_blocked, id=10492, stack(0x0000001e4b400000,0x0000001e4b500000)]
  0x0000013d51ce6d00 JavaThread "Stdin handler" [_thread_blocked, id=7072, stack(0x0000001e4b500000,0x0000001e4b600000)]
  0x0000013d51ce7cf0 JavaThread "Daemon client event forwarder" [_thread_blocked, id=14316, stack(0x0000001e4b600000,0x0000001e4b700000)]
  0x0000013d51ce6260 JavaThread "Cache worker for journal cache (C:\Users\ADMIN\.gradle\caches\journal-1)" [_thread_blocked, id=4904, stack(0x0000001e4b700000,0x0000001e4b800000)]
  0x0000013d51ce77a0 JavaThread "File lock request listener" [_thread_in_native, id=14848, stack(0x0000001e4b800000,0x0000001e4b900000)]

Other Threads:
  0x0000013d4b251180 VMThread "VM Thread" [stack: 0x0000001e49a00000,0x0000001e49b00000] [id=11600]
  0x0000013d4fe2cc40 WatcherThread "VM Periodic Task Thread" [stack: 0x0000001e4a600000,0x0000001e4a700000] [id=10148]
  0x0000013d2ce326d0 WorkerThread "GC Thread#0" [stack: 0x0000001e49500000,0x0000001e49600000] [id=12480]
  0x0000013d50cd28e0 WorkerThread "GC Thread#1" [stack: 0x0000001e4a900000,0x0000001e4aa00000] [id=5364]
  0x0000013d50cd1ad0 WorkerThread "GC Thread#2" [stack: 0x0000001e4aa00000,0x0000001e4ab00000] [id=9340]
  0x0000013d50cd1260 WorkerThread "GC Thread#3" [stack: 0x0000001e4ab00000,0x0000001e4ac00000] [id=4120]
  0x0000013d50cd1da0 WorkerThread "GC Thread#4" [stack: 0x0000001e4ac00000,0x0000001e4ad00000] [id=9328]
  0x0000013d2ce446f0 ConcurrentGCThread "G1 Main Marker" [stack: 0x0000001e49600000,0x0000001e49700000] [id=14432]
  0x0000013d2ce45030 WorkerThread "G1 Conc#0" [stack: 0x0000001e49700000,0x0000001e49800000] [id=12668]
  0x0000013d2ce8eb90 ConcurrentGCThread "G1 Refine#0" [stack: 0x0000001e49800000,0x0000001e49900000] [id=7816]
  0x0000013d4b10e4d0 ConcurrentGCThread "G1 Service" [stack: 0x0000001e49900000,0x0000001e49a00000] [id=1316]

Threads with active compile tasks:
C2 CompilerThread0     1677 2334   !   4       java.util.zip.InflaterInputStream::read (122 bytes)

VM state: not at safepoint (normal execution)

VM Mutex/Monitor currently owned by a thread:  ([mutex/lock_event])
[0x0000013d2cdca460] Metaspace_lock - owner thread: 0x0000013d51d626c0

Heap address: 0x0000000080000000, size: 2048 MB, Compressed Oops mode: 32-bit

CDS archive(s) mapped at: [0x0000000800000000-0x0000000800c40000-0x0000000800c40000), size 12845056, SharedBaseAddress: 0x0000000800000000, ArchiveRelocationMode: 0.
Compressed class space mapped at: 0x0000000801000000-0x000000081ac00000, reserved size: 432013312
Narrow klass base: 0x0000000800000000, Narrow klass shift: 0, Narrow klass range: 0x100000000

GC Precious Log:
 CardTable entry size: 512
 Card Set container configuration: InlinePtr #cards 5 size 8 Array Of Cards #cards 12 size 40 Howl #buckets 4 coarsen threshold 1843 Howl Bitmap #cards 512 size 80 coarsen threshold 460 Card regions per heap region 1 cards per card region 2048
 CPUs: 12 total, 12 available
 Memory: 7579M
 Large Page Support: Disabled
 NUMA Support: Disabled
 Compressed Oops: Enabled (32-bit)
 Heap Region Size: 1M
 Heap Min Capacity: 8M
 Heap Initial Capacity: 120M
 Heap Max Capacity: 2G
 Pre-touch: Disabled
 Parallel Workers: 10
 Concurrent Workers: 3
 Concurrent Refinement Workers: 10
 Periodic GC: Disabled

Heap:
 garbage-first heap   total 122880K, used 56478K [0x0000000080000000, 0x0000000100000000)
  region size 1024K, 46 young (47104K), 4 survivors (4096K)
 Metaspace       used 13500K, committed 13888K, reserved 487424K
  class space    used 1811K, committed 1984K, reserved 421888K

Heap Regions: E=young(eden), S=young(survivor), O=old, HS=humongous(starts), HC=humongous(continues), CS=collection set, F=free, OA=open archive, CA=closed archive, TAMS=top-at-mark-start (previous, next)
|   0|0x0000000080000000, 0x0000000080100000, 0x0000000080100000|100%|HS|  |TAMS 0x0000000080000000, 0x0000000080000000| Complete 
|   1|0x0000000080100000, 0x0000000080200000, 0x0000000080200000|100%|HC|  |TAMS 0x0000000080100000, 0x0000000080100000| Complete 
|   2|0x0000000080200000, 0x0000000080300000, 0x0000000080300000|100%|HC|  |TAMS 0x0000000080200000, 0x0000000080200000| Complete 
|   3|0x0000000080300000, 0x0000000080400000, 0x0000000080400000|100%|HC|  |TAMS 0x0000000080300000, 0x0000000080300000| Complete 
|   4|0x0000000080400000, 0x0000000080500000, 0x0000000080500000|100%| O|  |TAMS 0x0000000080400000, 0x0000000080400000| Untracked 
|   5|0x0000000080500000, 0x0000000080600000, 0x0000000080600000|100%| O|  |TAMS 0x0000000080500000, 0x0000000080500000| Untracked 
|   6|0x0000000080600000, 0x0000000080700000, 0x0000000080700000|100%| O|  |TAMS 0x0000000080600000, 0x0000000080600000| Untracked 
|   7|0x0000000080700000, 0x0000000080700000, 0x0000000080800000|  0%| F|  |TAMS 0x0000000080700000, 0x0000000080700000| Untracked 
|   8|0x0000000080800000, 0x0000000080900000, 0x0000000080900000|100%| O|  |TAMS 0x0000000080800000, 0x0000000080800000| Untracked 
|   9|0x0000000080900000, 0x0000000080a00000, 0x0000000080a00000|100%| O|  |TAMS 0x0000000080900000, 0x0000000080900000| Untracked 
|  10|0x0000000080a00000, 0x0000000080b00000, 0x0000000080b00000|100%| O|  |TAMS 0x0000000080a00000, 0x0000000080a00000| Untracked 
|  11|0x0000000080b00000, 0x0000000080b27a00, 0x0000000080c00000| 15%| O|  |TAMS 0x0000000080b00000, 0x0000000080b00000| Untracked 
|  12|0x0000000080c00000, 0x0000000080c00000, 0x0000000080d00000|  0%| F|  |TAMS 0x0000000080c00000, 0x0000000080c00000| Untracked 
|  13|0x0000000080d00000, 0x0000000080d00000, 0x0000000080e00000|  0%| F|  |TAMS 0x0000000080d00000, 0x0000000080d00000| Untracked 
|  14|0x0000000080e00000, 0x0000000080e00000, 0x0000000080f00000|  0%| F|  |TAMS 0x0000000080e00000, 0x0000000080e00000| Untracked 
|  15|0x0000000080f00000, 0x0000000080f00000, 0x0000000081000000|  0%| F|  |TAMS 0x0000000080f00000, 0x0000000080f00000| Untracked 
|  16|0x0000000081000000, 0x0000000081000000, 0x0000000081100000|  0%| F|  |TAMS 0x0000000081000000, 0x0000000081000000| Untracked 
|  17|0x0000000081100000, 0x0000000081100000, 0x0000000081200000|  0%| F|  |TAMS 0x0000000081100000, 0x0000000081100000| Untracked 
|  18|0x0000000081200000, 0x0000000081200000, 0x0000000081300000|  0%| F|  |TAMS 0x0000000081200000, 0x0000000081200000| Untracked 
|  19|0x0000000081300000, 0x0000000081300000, 0x0000000081400000|  0%| F|  |TAMS 0x0000000081300000, 0x0000000081300000| Untracked 
|  20|0x0000000081400000, 0x0000000081400000, 0x0000000081500000|  0%| F|  |TAMS 0x0000000081400000, 0x0000000081400000| Untracked 
|  21|0x0000000081500000, 0x0000000081500000, 0x0000000081600000|  0%| F|  |TAMS 0x0000000081500000, 0x0000000081500000| Untracked 
|  22|0x0000000081600000, 0x0000000081600000, 0x0000000081700000|  0%| F|  |TAMS 0x0000000081600000, 0x0000000081600000| Untracked 
|  23|0x0000000081700000, 0x0000000081700000, 0x0000000081800000|  0%| F|  |TAMS 0x0000000081700000, 0x0000000081700000| Untracked 
|  24|0x0000000081800000, 0x0000000081800000, 0x0000000081900000|  0%| F|  |TAMS 0x0000000081800000, 0x0000000081800000| Untracked 
|  25|0x0000000081900000, 0x0000000081900000, 0x0000000081a00000|  0%| F|  |TAMS 0x0000000081900000, 0x0000000081900000| Untracked 
|  26|0x0000000081a00000, 0x0000000081a00000, 0x0000000081b00000|  0%| F|  |TAMS 0x0000000081a00000, 0x0000000081a00000| Untracked 
|  27|0x0000000081b00000, 0x0000000081b00000, 0x0000000081c00000|  0%| F|  |TAMS 0x0000000081b00000, 0x0000000081b00000| Untracked 
|  28|0x0000000081c00000, 0x0000000081c00000, 0x0000000081d00000|  0%| F|  |TAMS 0x0000000081c00000, 0x0000000081c00000| Untracked 
|  29|0x0000000081d00000, 0x0000000081d00000, 0x0000000081e00000|  0%| F|  |TAMS 0x0000000081d00000, 0x0000000081d00000| Untracked 
|  30|0x0000000081e00000, 0x0000000081e00000, 0x0000000081f00000|  0%| F|  |TAMS 0x0000000081e00000, 0x0000000081e00000| Untracked 
|  31|0x0000000081f00000, 0x0000000081f00000, 0x0000000082000000|  0%| F|  |TAMS 0x0000000081f00000, 0x0000000081f00000| Untracked 
|  32|0x0000000082000000, 0x0000000082000000, 0x0000000082100000|  0%| F|  |TAMS 0x0000000082000000, 0x0000000082000000| Untracked 
|  33|0x0000000082100000, 0x0000000082100000, 0x0000000082200000|  0%| F|  |TAMS 0x0000000082100000, 0x0000000082100000| Untracked 
|  34|0x0000000082200000, 0x0000000082200000, 0x0000000082300000|  0%| F|  |TAMS 0x0000000082200000, 0x0000000082200000| Untracked 
|  35|0x0000000082300000, 0x0000000082300000, 0x0000000082400000|  0%| F|  |TAMS 0x0000000082300000, 0x0000000082300000| Untracked 
|  36|0x0000000082400000, 0x0000000082400000, 0x0000000082500000|  0%| F|  |TAMS 0x0000000082400000, 0x0000000082400000| Untracked 
|  37|0x0000000082500000, 0x0000000082500000, 0x0000000082600000|  0%| F|  |TAMS 0x0000000082500000, 0x0000000082500000| Untracked 
|  38|0x0000000082600000, 0x0000000082600000, 0x0000000082700000|  0%| F|  |TAMS 0x0000000082600000, 0x0000000082600000| Untracked 
|  39|0x0000000082700000, 0x0000000082700000, 0x0000000082800000|  0%| F|  |TAMS 0x0000000082700000, 0x0000000082700000| Untracked 
|  40|0x0000000082800000, 0x0000000082800000, 0x0000000082900000|  0%| F|  |TAMS 0x0000000082800000, 0x0000000082800000| Untracked 
|  41|0x0000000082900000, 0x0000000082900000, 0x0000000082a00000|  0%| F|  |TAMS 0x0000000082900000, 0x0000000082900000| Untracked 
|  42|0x0000000082a00000, 0x0000000082a00000, 0x0000000082b00000|  0%| F|  |TAMS 0x0000000082a00000, 0x0000000082a00000| Untracked 
|  43|0x0000000082b00000, 0x0000000082b00000, 0x0000000082c00000|  0%| F|  |TAMS 0x0000000082b00000, 0x0000000082b00000| Untracked 
|  44|0x0000000082c00000, 0x0000000082c00000, 0x0000000082d00000|  0%| F|  |TAMS 0x0000000082c00000, 0x0000000082c00000| Untracked 
|  45|0x0000000082d00000, 0x0000000082d00000, 0x0000000082e00000|  0%| F|  |TAMS 0x0000000082d00000, 0x0000000082d00000| Untracked 
|  46|0x0000000082e00000, 0x0000000082e00000, 0x0000000082f00000|  0%| F|  |TAMS 0x0000000082e00000, 0x0000000082e00000| Untracked 
|  47|0x0000000082f00000, 0x0000000082f00000, 0x0000000083000000|  0%| F|  |TAMS 0x0000000082f00000, 0x0000000082f00000| Untracked 
|  48|0x0000000083000000, 0x0000000083000000, 0x0000000083100000|  0%| F|  |TAMS 0x0000000083000000, 0x0000000083000000| Untracked 
|  49|0x0000000083100000, 0x0000000083100000, 0x0000000083200000|  0%| F|  |TAMS 0x0000000083100000, 0x0000000083100000| Untracked 
|  50|0x0000000083200000, 0x0000000083200000, 0x0000000083300000|  0%| F|  |TAMS 0x0000000083200000, 0x0000000083200000| Untracked 
|  51|0x0000000083300000, 0x0000000083300000, 0x0000000083400000|  0%| F|  |TAMS 0x0000000083300000, 0x0000000083300000| Untracked 
|  52|0x0000000083400000, 0x0000000083400000, 0x0000000083500000|  0%| F|  |TAMS 0x0000000083400000, 0x0000000083400000| Untracked 
|  53|0x0000000083500000, 0x0000000083500000, 0x0000000083600000|  0%| F|  |TAMS 0x0000000083500000, 0x0000000083500000| Untracked 
|  54|0x0000000083600000, 0x0000000083600000, 0x0000000083700000|  0%| F|  |TAMS 0x0000000083600000, 0x0000000083600000| Untracked 
|  55|0x0000000083700000, 0x0000000083700000, 0x0000000083800000|  0%| F|  |TAMS 0x0000000083700000, 0x0000000083700000| Untracked 
|  56|0x0000000083800000, 0x0000000083800000, 0x0000000083900000|  0%| F|  |TAMS 0x0000000083800000, 0x0000000083800000| Untracked 
|  57|0x0000000083900000, 0x0000000083900000, 0x0000000083a00000|  0%| F|  |TAMS 0x0000000083900000, 0x0000000083900000| Untracked 
|  58|0x0000000083a00000, 0x0000000083a00000, 0x0000000083b00000|  0%| F|  |TAMS 0x0000000083a00000, 0x0000000083a00000| Untracked 
|  59|0x0000000083b00000, 0x0000000083b00000, 0x0000000083c00000|  0%| F|  |TAMS 0x0000000083b00000, 0x0000000083b00000| Untracked 
|  60|0x0000000083c00000, 0x0000000083c00000, 0x0000000083d00000|  0%| F|  |TAMS 0x0000000083c00000, 0x0000000083c00000| Untracked 
|  61|0x0000000083d00000, 0x0000000083d00000, 0x0000000083e00000|  0%| F|  |TAMS 0x0000000083d00000, 0x0000000083d00000| Untracked 
|  62|0x0000000083e00000, 0x0000000083e00000, 0x0000000083f00000|  0%| F|  |TAMS 0x0000000083e00000, 0x0000000083e00000| Untracked 
|  63|0x0000000083f00000, 0x0000000083f00000, 0x0000000084000000|  0%| F|  |TAMS 0x0000000083f00000, 0x0000000083f00000| Untracked 
|  64|0x0000000084000000, 0x0000000084000000, 0x0000000084100000|  0%| F|  |TAMS 0x0000000084000000, 0x0000000084000000| Untracked 
|  65|0x0000000084100000, 0x0000000084100000, 0x0000000084200000|  0%| F|  |TAMS 0x0000000084100000, 0x0000000084100000| Untracked 
|  66|0x0000000084200000, 0x0000000084200000, 0x0000000084300000|  0%| F|  |TAMS 0x0000000084200000, 0x0000000084200000| Untracked 
|  67|0x0000000084300000, 0x0000000084300000, 0x0000000084400000|  0%| F|  |TAMS 0x0000000084300000, 0x0000000084300000| Untracked 
|  68|0x0000000084400000, 0x0000000084400000, 0x0000000084500000|  0%| F|  |TAMS 0x0000000084400000, 0x0000000084400000| Untracked 
|  69|0x0000000084500000, 0x0000000084500000, 0x0000000084600000|  0%| F|  |TAMS 0x0000000084500000, 0x0000000084500000| Untracked 
|  70|0x0000000084600000, 0x0000000084600000, 0x0000000084700000|  0%| F|  |TAMS 0x0000000084600000, 0x0000000084600000| Untracked 
|  71|0x0000000084700000, 0x0000000084700000, 0x0000000084800000|  0%| F|  |TAMS 0x0000000084700000, 0x0000000084700000| Untracked 
|  72|0x0000000084800000, 0x0000000084800000, 0x0000000084900000|  0%| F|  |TAMS 0x0000000084800000, 0x0000000084800000| Untracked 
|  73|0x0000000084900000, 0x0000000084900000, 0x0000000084a00000|  0%| F|  |TAMS 0x0000000084900000, 0x0000000084900000| Untracked 
|  74|0x0000000084a00000, 0x0000000084a71278, 0x0000000084b00000| 44%| E|  |TAMS 0x0000000084a00000, 0x0000000084a00000| Complete 
|  75|0x0000000084b00000, 0x0000000084c00000, 0x0000000084c00000|100%| E|CS|TAMS 0x0000000084b00000, 0x0000000084b00000| Complete 
|  76|0x0000000084c00000, 0x0000000084d00000, 0x0000000084d00000|100%| E|CS|TAMS 0x0000000084c00000, 0x0000000084c00000| Complete 
|  77|0x0000000084d00000, 0x0000000084e00000, 0x0000000084e00000|100%| E|CS|TAMS 0x0000000084d00000, 0x0000000084d00000| Complete 
|  78|0x0000000084e00000, 0x0000000084f00000, 0x0000000084f00000|100%| E|CS|TAMS 0x0000000084e00000, 0x0000000084e00000| Complete 
|  79|0x0000000084f00000, 0x0000000085000000, 0x0000000085000000|100%| E|CS|TAMS 0x0000000084f00000, 0x0000000084f00000| Complete 
|  80|0x0000000085000000, 0x0000000085100000, 0x0000000085100000|100%| E|CS|TAMS 0x0000000085000000, 0x0000000085000000| Complete 
|  81|0x0000000085100000, 0x0000000085200000, 0x0000000085200000|100%| E|CS|TAMS 0x0000000085100000, 0x0000000085100000| Complete 
|  82|0x0000000085200000, 0x0000000085300000, 0x0000000085300000|100%| E|CS|TAMS 0x0000000085200000, 0x0000000085200000| Complete 
|  83|0x0000000085300000, 0x0000000085400000, 0x0000000085400000|100%| E|CS|TAMS 0x0000000085300000, 0x0000000085300000| Complete 
|  84|0x0000000085400000, 0x0000000085500000, 0x0000000085500000|100%| S|CS|TAMS 0x0000000085400000, 0x0000000085400000| Complete 
|  85|0x0000000085500000, 0x0000000085600000, 0x0000000085600000|100%| S|CS|TAMS 0x0000000085500000, 0x0000000085500000| Complete 
|  86|0x0000000085600000, 0x0000000085700000, 0x0000000085700000|100%| S|CS|TAMS 0x0000000085600000, 0x0000000085600000| Complete 
|  87|0x0000000085700000, 0x0000000085800000, 0x0000000085800000|100%| S|CS|TAMS 0x0000000085700000, 0x0000000085700000| Complete 
|  88|0x0000000085800000, 0x0000000085900000, 0x0000000085900000|100%| E|CS|TAMS 0x0000000085800000, 0x0000000085800000| Complete 
|  89|0x0000000085900000, 0x0000000085a00000, 0x0000000085a00000|100%| E|CS|TAMS 0x0000000085900000, 0x0000000085900000| Complete 
|  90|0x0000000085a00000, 0x0000000085b00000, 0x0000000085b00000|100%| E|CS|TAMS 0x0000000085a00000, 0x0000000085a00000| Complete 
|  91|0x0000000085b00000, 0x0000000085c00000, 0x0000000085c00000|100%| E|CS|TAMS 0x0000000085b00000, 0x0000000085b00000| Complete 
|  92|0x0000000085c00000, 0x0000000085d00000, 0x0000000085d00000|100%| E|CS|TAMS 0x0000000085c00000, 0x0000000085c00000| Complete 
|  93|0x0000000085d00000, 0x0000000085e00000, 0x0000000085e00000|100%| E|CS|TAMS 0x0000000085d00000, 0x0000000085d00000| Complete 
|  94|0x0000000085e00000, 0x0000000085f00000, 0x0000000085f00000|100%| E|CS|TAMS 0x0000000085e00000, 0x0000000085e00000| Complete 
|  95|0x0000000085f00000, 0x0000000086000000, 0x0000000086000000|100%| E|CS|TAMS 0x0000000085f00000, 0x0000000085f00000| Complete 
|  96|0x0000000086000000, 0x0000000086100000, 0x0000000086100000|100%| E|CS|TAMS 0x0000000086000000, 0x0000000086000000| Complete 
|  97|0x0000000086100000, 0x0000000086200000, 0x0000000086200000|100%| E|CS|TAMS 0x0000000086100000, 0x0000000086100000| Complete 
|  98|0x0000000086200000, 0x0000000086300000, 0x0000000086300000|100%| E|CS|TAMS 0x0000000086200000, 0x0000000086200000| Complete 
|  99|0x0000000086300000, 0x0000000086400000, 0x0000000086400000|100%| E|CS|TAMS 0x0000000086300000, 0x0000000086300000| Complete 
| 100|0x0000000086400000, 0x0000000086500000, 0x0000000086500000|100%| E|CS|TAMS 0x0000000086400000, 0x0000000086400000| Complete 
| 101|0x0000000086500000, 0x0000000086600000, 0x0000000086600000|100%| E|CS|TAMS 0x0000000086500000, 0x0000000086500000| Complete 
| 102|0x0000000086600000, 0x0000000086700000, 0x0000000086700000|100%| E|CS|TAMS 0x0000000086600000, 0x0000000086600000| Complete 
| 103|0x0000000086700000, 0x0000000086800000, 0x0000000086800000|100%| E|CS|TAMS 0x0000000086700000, 0x0000000086700000| Complete 
| 104|0x0000000086800000, 0x0000000086900000, 0x0000000086900000|100%| E|CS|TAMS 0x0000000086800000, 0x0000000086800000| Complete 
| 105|0x0000000086900000, 0x0000000086a00000, 0x0000000086a00000|100%| E|CS|TAMS 0x0000000086900000, 0x0000000086900000| Complete 
| 106|0x0000000086a00000, 0x0000000086b00000, 0x0000000086b00000|100%| E|CS|TAMS 0x0000000086a00000, 0x0000000086a00000| Complete 
| 107|0x0000000086b00000, 0x0000000086c00000, 0x0000000086c00000|100%| E|CS|TAMS 0x0000000086b00000, 0x0000000086b00000| Complete 
| 108|0x0000000086c00000, 0x0000000086d00000, 0x0000000086d00000|100%| E|CS|TAMS 0x0000000086c00000, 0x0000000086c00000| Complete 
| 109|0x0000000086d00000, 0x0000000086e00000, 0x0000000086e00000|100%| E|CS|TAMS 0x0000000086d00000, 0x0000000086d00000| Complete 
| 110|0x0000000086e00000, 0x0000000086f00000, 0x0000000086f00000|100%| E|CS|TAMS 0x0000000086e00000, 0x0000000086e00000| Complete 
| 111|0x0000000086f00000, 0x0000000087000000, 0x0000000087000000|100%| E|CS|TAMS 0x0000000086f00000, 0x0000000086f00000| Complete 
| 112|0x0000000087000000, 0x0000000087100000, 0x0000000087100000|100%| E|CS|TAMS 0x0000000087000000, 0x0000000087000000| Complete 
| 113|0x0000000087100000, 0x0000000087200000, 0x0000000087200000|100%| E|CS|TAMS 0x0000000087100000, 0x0000000087100000| Complete 
| 114|0x0000000087200000, 0x0000000087300000, 0x0000000087300000|100%| E|CS|TAMS 0x0000000087200000, 0x0000000087200000| Complete 
| 115|0x0000000087300000, 0x0000000087400000, 0x0000000087400000|100%| E|CS|TAMS 0x0000000087300000, 0x0000000087300000| Complete 
| 116|0x0000000087400000, 0x0000000087500000, 0x0000000087500000|100%| E|CS|TAMS 0x0000000087400000, 0x0000000087400000| Complete 
| 117|0x0000000087500000, 0x0000000087600000, 0x0000000087600000|100%| E|CS|TAMS 0x0000000087500000, 0x0000000087500000| Complete 
| 118|0x0000000087600000, 0x0000000087700000, 0x0000000087700000|100%| E|CS|TAMS 0x0000000087600000, 0x0000000087600000| Complete 
| 119|0x0000000087700000, 0x0000000087800000, 0x0000000087800000|100%| E|CS|TAMS 0x0000000087700000, 0x0000000087700000| Complete 

Card table byte_map: [0x0000013d44680000,0x0000013d44a80000] _byte_map_base: 0x0000013d44280000

Marking Bits (Prev, Next): (CMBitMap*) 0x0000013d2ce33c20, (CMBitMap*) 0x0000013d2ce33c60
 Prev Bits: [0x0000013d44e80000, 0x0000013d46e80000)
 Next Bits: [0x0000013d46e80000, 0x0000013d48e80000)

Polling page: 0x0000013d2acf0000

Metaspace:

Usage:
  Non-class:     11.42 MB used.
      Class:      1.77 MB used.
       Both:     13.18 MB used.

Virtual space:
  Non-class space:       64.00 MB reserved,      11.62 MB ( 18%) committed,  1 nodes.
      Class space:      412.00 MB reserved,       1.94 MB ( <1%) committed,  1 nodes.
             Both:      476.00 MB reserved,      13.56 MB (  3%) committed. 

Chunk freelists:
   Non-Class:  254.00 KB
       Class:  2.00 MB
        Both:  2.25 MB

MaxMetaspaceSize: 512.00 MB
CompressedClassSpaceSize: 412.00 MB
Initial GC threshold: 21.00 MB
Current GC threshold: 21.00 MB
CDS: on
MetaspaceReclaimPolicy: balanced
 - commit_granule_bytes: 65536.
 - commit_granule_words: 8192.
 - virtual_space_node_default_size: 8388608.
 - enlarge_chunks_in_place: 1.
 - new_chunks_are_fully_committed: 0.
 - uncommit_free_chunks: 1.
 - use_allocation_guard: 0.


Internal statistics:

num_allocs_failed_limit: 0.
num_arena_births: 426.
num_arena_deaths: 0.
num_vsnodes_births: 2.
num_vsnodes_deaths: 0.
num_space_committed: 217.
num_space_uncommitted: 0.
num_chunks_returned_to_freelist: 0.
num_chunks_taken_from_freelist: 866.
num_chunk_merges: 0.
num_chunk_splits: 561.
num_chunks_enlarged: 394.
num_inconsistent_stats: 0.

CodeHeap 'non-profiled nmethods': size=120000Kb used=1046Kb max_used=1046Kb free=118953Kb
 bounds [0x0000013d3c800000, 0x0000013d3ca70000, 0x0000013d43d30000]
CodeHeap 'profiled nmethods': size=120000Kb used=4756Kb max_used=4756Kb free=115243Kb
 bounds [0x0000013d34d30000, 0x0000013d351e0000, 0x0000013d3c260000]
CodeHeap 'non-nmethods': size=5760Kb used=1302Kb max_used=1320Kb free=4457Kb
 bounds [0x0000013d3c260000, 0x0000013d3c4d0000, 0x0000013d3c800000]
 total_blobs=2887 nmethods=2358 adapters=440
 compilation: enabled
              stopped_count=0, restarted_count=0
 full_count=0

Compilation events (20 events):
Event: 1.650 Thread 0x0000013d4b2889f0 2348       3       java.util.regex.Pattern$GroupHead::match (47 bytes)
Event: 1.650 Thread 0x0000013d4b2889f0 nmethod 2348 0x0000013d351d1510 code [0x0000013d351d16c0, 0x0000013d351d1928]
Event: 1.650 Thread 0x0000013d4b2889f0 2350       1       java.lang.Character::charValue (5 bytes)
Event: 1.650 Thread 0x0000013d4b2889f0 nmethod 2350 0x0000013d3c903a90 code [0x0000013d3c903c20, 0x0000013d3c903cf8]
Event: 1.650 Thread 0x0000013d4b2889f0 2345       3       java.util.regex.ASCII::isType (15 bytes)
Event: 1.650 Thread 0x0000013d4b2889f0 nmethod 2345 0x0000013d351d1b10 code [0x0000013d351d1cc0, 0x0000013d351d1ef8]
Event: 1.650 Thread 0x0000013d4b2889f0 2346       3       java.util.regex.ASCII::getType (17 bytes)
Event: 1.650 Thread 0x0000013d4b2889f0 nmethod 2346 0x0000013d351d2010 code [0x0000013d351d21c0, 0x0000013d351d2358]
Event: 1.650 Thread 0x0000013d4b2889f0 2353       1       java.lang.Long::longValue (5 bytes)
Event: 1.650 Thread 0x0000013d4b2889f0 nmethod 2353 0x0000013d3c903d90 code [0x0000013d3c903f20, 0x0000013d3c903fd8]
Event: 1.651 Thread 0x0000013d4b2889f0 2354       3       jdk.internal.org.objectweb.asm.FieldWriter::putFieldInfo (269 bytes)
Event: 1.652 Thread 0x0000013d4fe8ad90 nmethod 2330 0x0000013d3c904090 code [0x0000013d3c904280, 0x0000013d3c905118]
Event: 1.652 Thread 0x0000013d4b2889f0 nmethod 2354 0x0000013d351d2410 code [0x0000013d351d26a0, 0x0000013d351d2fe8]
Event: 1.652 Thread 0x0000013d4fe8ad90 2347       4       java.lang.String::codePointAt (50 bytes)
Event: 1.652 Thread 0x0000013d4fe8ad90 nmethod 2347 0x0000013d3c905810 code [0x0000013d3c9059a0, 0x0000013d3c905a98]
Event: 1.655 Thread 0x0000013d4b2889f0 2355       3       org.gradle.internal.service.DefaultServiceRegistry$SingletonService::get (5 bytes)
Event: 1.655 Thread 0x0000013d4b2889f0 nmethod 2355 0x0000013d351d3390 code [0x0000013d351d3540, 0x0000013d351d3688]
Event: 1.655 Thread 0x0000013d4b2889f0 2357       3       java.lang.invoke.LambdaFormEditor::filterArgumentForm (121 bytes)
Event: 1.655 Thread 0x0000013d4b2889f0 nmethod 2357 0x0000013d351d3710 code [0x0000013d351d3920, 0x0000013d351d3cf8]
Event: 1.655 Thread 0x0000013d4b2889f0 2356   !   3       org.gradle.internal.service.DefaultServiceRegistry$ManagedObjectServiceProvider::getInstance (47 bytes)

GC Heap History (4 events):
Event: 0.574 GC heap before
{Heap before GC invocations=0 (full 0):
 garbage-first heap   total 122880K, used 26624K [0x0000000080000000, 0x0000000100000000)
  region size 1024K, 23 young (23552K), 0 survivors (0K)
 Metaspace       used 3057K, committed 3264K, reserved 487424K
  class space    used 376K, committed 448K, reserved 421888K
}
Event: 0.579 GC heap after
{Heap after GC invocations=1 (full 0):
 garbage-first heap   total 122880K, used 10166K [0x0000000080000000, 0x0000000100000000)
  region size 1024K, 3 young (3072K), 3 survivors (3072K)
 Metaspace       used 3057K, committed 3264K, reserved 487424K
  class space    used 376K, committed 448K, reserved 421888K
}
Event: 0.862 GC heap before
{Heap before GC invocations=1 (full 0):
 garbage-first heap   total 122880K, used 39862K [0x0000000080000000, 0x0000000100000000)
  region size 1024K, 32 young (32768K), 3 survivors (3072K)
 Metaspace       used 3980K, committed 4160K, reserved 487424K
  class space    used 468K, committed 576K, reserved 421888K
}
Event: 0.867 GC heap after
{Heap after GC invocations=2 (full 0):
 garbage-first heap   total 122880K, used 14494K [0x0000000080000000, 0x0000000100000000)
  region size 1024K, 4 young (4096K), 4 survivors (4096K)
 Metaspace       used 3980K, committed 4160K, reserved 487424K
  class space    used 468K, committed 576K, reserved 421888K
}

Dll operation events (13 events):
Event: 0.006 Loaded shared library C:\Program Files\Java\jdk-19\bin\java.dll
Event: 0.012 Loaded shared library C:\Program Files\Java\jdk-19\bin\jsvml.dll
Event: 0.045 Loaded shared library C:\Program Files\Java\jdk-19\bin\net.dll
Event: 0.179 Loaded shared library C:\Program Files\Java\jdk-19\bin\nio.dll
Event: 0.182 Loaded shared library C:\Program Files\Java\jdk-19\bin\zip.dll
Event: 0.320 Loaded shared library C:\Program Files\Java\jdk-19\bin\jimage.dll
Event: 0.356 Loaded shared library C:\Program Files\Java\jdk-19\bin\verify.dll
Event: 0.464 Loaded shared library C:\Users\ADMIN\.gradle\native\68d5fa5c4cc2d200863cafc0d521ce42e7d3e7ee720ec0a83991735586a16f82\windows-amd64\native-platform.dll
Event: 0.477 Loaded shared library C:\Users\ADMIN\.gradle\native\e376f236ea51e6404a007f0833ffe2c6e607c4080706a723a18a27aeea778392\windows-amd64\native-platform-file-events.dll
Event: 1.008 Loaded shared library C:\Program Files\Java\jdk-19\bin\management.dll
Event: 1.009 Loaded shared library C:\Program Files\Java\jdk-19\bin\management_ext.dll
Event: 1.154 Loaded shared library C:\Program Files\Java\jdk-19\bin\extnet.dll
Event: 1.308 Loaded shared library C:\Program Files\Java\jdk-19\bin\sunmscapi.dll

Deoptimization events (20 events):
Event: 1.620 Thread 0x0000013d51d626c0 Uncommon trap: trap_request=0xffffffde fr.pc=0x0000013d3c8169d4 relative=0x00000000000003f4
Event: 1.620 Thread 0x0000013d51d626c0 Uncommon trap: reason=class_check action=maybe_recompile pc=0x0000013d3c8169d4 method=java.util.regex.Matcher.match(II)Z @ 121 c2
Event: 1.620 Thread 0x0000013d51d626c0 DEOPT PACKING pc=0x0000013d3c8169d4 sp=0x0000001e4b3fc7e0
Event: 1.620 Thread 0x0000013d51d626c0 DEOPT UNPACKING pc=0x0000013d3c2c6da3 sp=0x0000001e4b3fc7a0 mode 2
Event: 1.620 Thread 0x0000013d51d626c0 Uncommon trap: trap_request=0xffffffde fr.pc=0x0000013d3c89f490 relative=0x00000000000002d0
Event: 1.620 Thread 0x0000013d51d626c0 Uncommon trap: reason=class_check action=maybe_recompile pc=0x0000013d3c89f490 method=java.util.regex.Pattern$BmpCharPropertyGreedy.match(Ljava/util/regex/Matcher;ILjava/lang/CharSequence;)Z @ 26 c2
Event: 1.620 Thread 0x0000013d51d626c0 DEOPT PACKING pc=0x0000013d3c89f490 sp=0x0000001e4b3fc760
Event: 1.620 Thread 0x0000013d51d626c0 DEOPT UNPACKING pc=0x0000013d3c2c6da3 sp=0x0000001e4b3fc718 mode 2
Event: 1.620 Thread 0x0000013d51d626c0 Uncommon trap: trap_request=0xffffffde fr.pc=0x0000013d3c89f490 relative=0x00000000000002d0
Event: 1.620 Thread 0x0000013d51d626c0 Uncommon trap: reason=class_check action=maybe_recompile pc=0x0000013d3c89f490 method=java.util.regex.Pattern$BmpCharPropertyGreedy.match(Ljava/util/regex/Matcher;ILjava/lang/CharSequence;)Z @ 26 c2
Event: 1.620 Thread 0x0000013d51d626c0 DEOPT PACKING pc=0x0000013d3c89f490 sp=0x0000001e4b3fc6d0
Event: 1.620 Thread 0x0000013d51d626c0 DEOPT UNPACKING pc=0x0000013d3c2c6da3 sp=0x0000001e4b3fc688 mode 2
Event: 1.641 Thread 0x0000013d51d626c0 Uncommon trap: trap_request=0xffffff45 fr.pc=0x0000013d3c8161b8 relative=0x0000000000000198
Event: 1.641 Thread 0x0000013d51d626c0 Uncommon trap: reason=unstable_if action=reinterpret pc=0x0000013d3c8161b8 method=java.util.regex.Matcher.reset()Ljava/util/regex/Matcher; @ 47 c2
Event: 1.641 Thread 0x0000013d51d626c0 DEOPT PACKING pc=0x0000013d3c8161b8 sp=0x0000001e4b3fb6b0
Event: 1.641 Thread 0x0000013d51d626c0 DEOPT UNPACKING pc=0x0000013d3c2c6da3 sp=0x0000001e4b3fb638 mode 2
Event: 1.641 Thread 0x0000013d51d626c0 Uncommon trap: trap_request=0xffffff45 fr.pc=0x0000013d3c816a40 relative=0x0000000000000460
Event: 1.641 Thread 0x0000013d51d626c0 Uncommon trap: reason=unstable_if action=reinterpret pc=0x0000013d3c816a40 method=java.util.regex.Matcher.match(II)Z @ 76 c2
Event: 1.641 Thread 0x0000013d51d626c0 DEOPT PACKING pc=0x0000013d3c816a40 sp=0x0000001e4b3fb6e0
Event: 1.641 Thread 0x0000013d51d626c0 DEOPT UNPACKING pc=0x0000013d3c2c6da3 sp=0x0000001e4b3fb6b0 mode 2

Classes loaded (20 events):
Event: 1.465 Loading class java/util/stream/MatchOps$BooleanTerminalSink
Event: 1.465 Loading class java/util/stream/MatchOps$BooleanTerminalSink done
Event: 1.465 Loading class java/util/stream/MatchOps$1MatchSink
Event: 1.465 Loading class java/util/stream/MatchOps$1MatchSink done
Event: 1.503 Loading class java/util/ConcurrentModificationException
Event: 1.503 Loading class java/util/ConcurrentModificationException done
Event: 1.517 Loading class sun/reflect/generics/scope/ConstructorScope
Event: 1.517 Loading class sun/reflect/generics/scope/ConstructorScope done
Event: 1.517 Loading class sun/reflect/generics/tree/VoidDescriptor
Event: 1.517 Loading class sun/reflect/generics/tree/VoidDescriptor done
Event: 1.622 Loading class java/util/concurrent/ArrayBlockingQueue
Event: 1.622 Loading class java/util/concurrent/ArrayBlockingQueue done
Event: 1.622 Loading class java/util/concurrent/locks/ReentrantLock$FairSync
Event: 1.623 Loading class java/util/concurrent/locks/ReentrantLock$FairSync done
Event: 1.626 Loading class sun/misc/Unsafe
Event: 1.626 Loading class sun/misc/Unsafe done
Event: 1.631 Loading class java/net/DatagramPacket
Event: 1.631 Loading class java/net/DatagramPacket done
Event: 1.631 Loading class sun/nio/ch/DatagramSocketAdaptor$DatagramPackets
Event: 1.631 Loading class sun/nio/ch/DatagramSocketAdaptor$DatagramPackets done

Classes unloaded (0 events):
No events

Classes redefined (0 events):
No events

Internal exceptions (20 events):
Event: 1.146 Thread 0x0000013d2cdcd260 Exception <a 'java/lang/NoSuchMethodError'{0x00000000867171b0}: 'java.lang.Object java.lang.invoke.DirectMethodHandle$Holder.invokeStaticInit(java.lang.Object, java.lang.Object, int, int, int, int)'> (0x00000000867171b0) 
thrown [s\open\src\hotspot\share\interpreter\linkResolver.cpp, line 774]
Event: 1.258 Thread 0x0000013d2cdcd260 Exception <a 'java/lang/NoSuchMethodError'{0x000000008666a658}: 'void java.lang.invoke.DirectMethodHandle$Holder.invokeStatic(java.lang.Object, java.lang.Object, java.lang.Object)'> (0x000000008666a658) 
thrown [s\open\src\hotspot\share\interpreter\linkResolver.cpp, line 774]
Event: 1.277 Thread 0x0000013d2cdcd260 Exception <a 'java/io/IOException'{0x000000008653c240}> (0x000000008653c240) 
thrown [s\open\src\hotspot\share\prims\jni.cpp, line 517]
Event: 1.384 Thread 0x0000013d51d626c0 Exception <a 'java/lang/NoSuchMethodError'{0x0000000085fe1008}: 'long java.lang.invoke.DirectMethodHandle$Holder.invokeInterface(java.lang.Object, java.lang.Object)'> (0x0000000085fe1008) 
thrown [s\open\src\hotspot\share\interpreter\linkResolver.cpp, line 774]
Event: 1.438 Thread 0x0000013d51d626c0 Exception <a 'java/lang/NoSuchMethodError'{0x0000000085b8c450}: 'java.lang.Object java.lang.invoke.DirectMethodHandle$Holder.invokeVirtual(java.lang.Object, java.lang.Object, java.lang.Object, java.lang.Object, java.lang.Object, java.lang.Object, java.lang.Object, java.lang.Object, java.lang.Object, java.lang.Object, java.lang.Object, java.lang.Object)'> (0x0000000085b8c450) 
thrown [s\open\src\hotspot\share\interpreter\linkResolver.cpp, line 774]
Event: 1.441 Thread 0x0000013d51d626c0 Exception <a 'java/lang/NoSuchMethodError'{0x0000000085bd5878}: 'java.lang.Object java.lang.invoke.DirectMethodHandle$Holder.invokeStatic(java.lang.Object, java.lang.Object, java.lang.Object, java.lang.Object, java.lang.Object, java.lang.Object, java.lang.Object, java.lang.Object, java.lang.Object, java.lang.Object, java.lang.Object, java.lang.Object, java.lang.Object)'> (0x0000000085bd5878) 
thrown [s\open\src\hotspot\share\interpreter\linkResolver.cpp, line 774]
Event: 1.442 Thread 0x0000013d51d626c0 Exception <a 'java/lang/NoSuchMethodError'{0x0000000085bf4ac8}: 'java.lang.Object java.lang.invoke.DirectMethodHandle$Holder.invokeStatic(java.lang.Object, java.lang.Object, java.lang.Object, java.lang.Object, java.lang.Object, java.lang.Object, java.lang.Object, java.lang.Object, java.lang.Object, java.lang.Object, java.lang.Object, java.lang.Object, java.lang.Object, java.lang.Object)'> (0x0000000085bf4ac8) 
thrown [s\open\src\hotspot\share\interpreter\linkResolver.cpp, line 774]
Event: 1.459 Thread 0x0000013d51d626c0 Exception <a 'java/lang/NoSuchMethodError'{0x0000000085908308}: 'java.lang.Object java.lang.invoke.DirectMethodHandle$Holder.newInvokeSpecial(java.lang.Object, java.lang.Object, java.lang.Object, java.lang.Object, java.lang.Object)'> (0x0000000085908308) 
thrown [s\open\src\hotspot\share\interpreter\linkResolver.cpp, line 774]
Event: 1.480 Thread 0x0000013d51d626c0 Exception <a 'java/lang/NoSuchMethodError'{0x0000000085891e58}: 'void java.lang.invoke.DirectMethodHandle$Holder.invokeSpecial(java.lang.Object, java.lang.Object, java.lang.Object)'> (0x0000000085891e58) 
thrown [s\open\src\hotspot\share\interpreter\linkResolver.cpp, line 774]
Event: 1.491 Thread 0x0000013d51d626c0 Exception <a 'java/lang/NoSuchMethodError'{0x0000000085308038}: 'java.lang.Object java.lang.invoke.DirectMethodHandle$Holder.newInvokeSpecial(java.lang.Object, java.lang.Object, java.lang.Object, java.lang.Object, java.lang.Object, java.lang.Object)'> (0x0000000085308038) 
thrown [s\open\src\hotspot\share\interpreter\linkResolver.cpp, line 774]
Event: 1.531 Thread 0x0000013d51d626c0 Exception <a 'java/lang/NoSuchMethodError'{0x0000000085159e28}: 'void java.lang.invoke.DelegatingMethodHandle$Holder.reinvoke_L(java.lang.Object, java.lang.Object, java.lang.Object, java.lang.Object, java.lang.Object, java.lang.Object, java.lang.Object, java.lang.Object, java.lang.Object, java.lang.Object, java.lang.Object)'> (0x0000000085159e28) 
thrown [s\open\src\hotspot\share\interpreter\linkResolver.cpp, line 774]
Event: 1.531 Thread 0x0000013d51d626c0 Exception <a 'java/lang/NoSuchMethodError'{0x0000000085162928}: 'java.lang.Object java.lang.invoke.Invokers$Holder.invoker(java.lang.Object, java.lang.Object, java.lang.Object, java.lang.Object, java.lang.Object, java.lang.Object, java.lang.Object, java.lang.Object, java.lang.Object, java.lang.Object, java.lang.Object)'> (0x0000000085162928) 
thrown [s\open\src\hotspot\share\interpreter\linkResolver.cpp, line 774]
Event: 1.584 Thread 0x0000013d51d626c0 Exception <a 'java/lang/NoSuchMethodError'{0x0000000084fea110}: 'void java.lang.invoke.DirectMethodHandle$Holder.invokeVirtual(java.lang.Object, java.lang.Object, java.lang.Object, java.lang.Object, java.lang.Object)'> (0x0000000084fea110) 
thrown [s\open\src\hotspot\share\interpreter\linkResolver.cpp, line 774]
Event: 1.609 Thread 0x0000013d51d626c0 Exception <a 'java/lang/NoSuchMethodError'{0x0000000084ee37e0}: 'void java.lang.invoke.DirectMethodHandle$Holder.invokeInterface(java.lang.Object, java.lang.Object)'> (0x0000000084ee37e0) 
thrown [s\open\src\hotspot\share\interpreter\linkResolver.cpp, line 774]
Event: 1.610 Thread 0x0000013d51d626c0 Exception <a 'java/lang/IncompatibleClassChangeError'{0x0000000084ee7228}: Found class java.lang.Object, but interface was expected> (0x0000000084ee7228) 
thrown [s\open\src\hotspot\share\interpreter\linkResolver.cpp, line 841]
Event: 1.615 Thread 0x0000013d51d626c0 Exception <a 'java/lang/NoSuchMethodError'{0x0000000084d4c228}: 'void java.lang.invoke.DirectMethodHandle$Holder.invokeStaticInit(java.lang.Object)'> (0x0000000084d4c228) 
thrown [s\open\src\hotspot\share\interpreter\linkResolver.cpp, line 774]
Event: 1.624 Thread 0x0000013d51d626c0 Exception <a 'java/lang/NoSuchMethodError'{0x0000000084dda550}: 'java.lang.Object java.lang.invoke.DirectMethodHandle$Holder.newInvokeSpecial(java.lang.Object, java.lang.Object, java.lang.Object, int)'> (0x0000000084dda550) 
thrown [s\open\src\hotspot\share\interpreter\linkResolver.cpp, line 774]
Event: 1.625 Thread 0x0000013d51d626c0 Exception <a 'java/lang/NoSuchMethodError'{0x0000000084ddeea8}: 'java.lang.Object java.lang.invoke.DirectMethodHandle$Holder.invokeSpecial(java.lang.Object, java.lang.Object, java.lang.Object, java.lang.Object, int)'> (0x0000000084ddeea8) 
thrown [s\open\src\hotspot\share\interpreter\linkResolver.cpp, line 774]
Event: 1.625 Thread 0x0000013d51d626c0 Exception <a 'java/lang/NoSuchMethodError'{0x0000000084c01488}: 'java.lang.Object java.lang.invoke.Invokers$Holder.linkToTargetMethod(java.lang.Object, java.lang.Object, int, java.lang.Object)'> (0x0000000084c01488) 
thrown [s\open\src\hotspot\share\interpreter\linkResolver.cpp, line 774]
Event: 1.637 Thread 0x0000013d51d626c0 Exception <a 'java/lang/NoSuchMethodError'{0x0000000084cf17c0}: 'java.lang.Object java.lang.invoke.DirectMethodHandle$Holder.invokeVirtual(java.lang.Object, java.lang.Object, java.lang.Object, java.lang.Object, java.lang.Object, java.lang.Object, java.lang.Object, java.lang.Object, java.lang.Object)'> (0x0000000084cf17c0) 
thrown [s\open\src\hotspot\share\interpreter\linkResolver.cpp, line 774]

VM Operations (20 events):
Event: 1.032 Executing VM operation: HandshakeAllThreads
Event: 1.032 Executing VM operation: HandshakeAllThreads done
Event: 1.032 Executing VM operation: HandshakeAllThreads
Event: 1.032 Executing VM operation: HandshakeAllThreads done
Event: 1.069 Executing VM operation: HandshakeAllThreads
Event: 1.069 Executing VM operation: HandshakeAllThreads done
Event: 1.090 Executing VM operation: HandshakeAllThreads
Event: 1.090 Executing VM operation: HandshakeAllThreads done
Event: 1.103 Executing VM operation: HandshakeAllThreads
Event: 1.103 Executing VM operation: HandshakeAllThreads done
Event: 1.141 Executing VM operation: HandshakeAllThreads
Event: 1.141 Executing VM operation: HandshakeAllThreads done
Event: 1.256 Executing VM operation: HandshakeAllThreads
Event: 1.256 Executing VM operation: HandshakeAllThreads done
Event: 1.298 Executing VM operation: HandshakeAllThreads
Event: 1.298 Executing VM operation: HandshakeAllThreads done
Event: 1.333 Executing VM operation: ICBufferFull
Event: 1.334 Executing VM operation: ICBufferFull done
Event: 1.623 Executing VM operation: HandshakeAllThreads
Event: 1.623 Executing VM operation: HandshakeAllThreads done

Events (20 events):
Event: 0.021 Thread 0x0000013d4b274fd0 Thread added: 0x0000013d4b274fd0
Event: 0.021 Thread 0x0000013d4b276380 Thread added: 0x0000013d4b276380
Event: 0.021 Thread 0x0000013d4b282be0 Thread added: 0x0000013d4b282be0
Event: 0.021 Thread 0x0000013d4b2889f0 Thread added: 0x0000013d4b2889f0
Event: 0.021 Thread 0x0000013d4b28c780 Thread added: 0x0000013d4b28c780
Event: 0.039 Thread 0x0000013d4fe24930 Thread added: 0x0000013d4fe24930
Event: 0.041 Thread 0x0000013d4fe2bee0 Thread added: 0x0000013d4fe2bee0
Event: 0.324 Thread 0x0000013d4fe8ad90 Thread added: 0x0000013d4fe8ad90
Event: 1.033 Thread 0x0000013d51ad8030 Thread added: 0x0000013d51ad8030
Event: 1.238 Thread 0x0000013d510ba0d0 Thread added: 0x0000013d510ba0d0
Event: 1.282 Thread 0x0000013d51931b00 Thread added: 0x0000013d51931b00
Event: 1.319 Thread 0x0000013d513c06d0 Thread added: 0x0000013d513c06d0
Event: 1.321 Thread 0x0000013d51bd2480 Thread added: 0x0000013d51bd2480
Event: 1.337 Thread 0x0000013d5162f090 Thread added: 0x0000013d5162f090
Event: 1.342 Thread 0x0000013d51d626c0 Thread added: 0x0000013d51d626c0
Event: 1.354 Thread 0x0000013d51ce8790 Thread added: 0x0000013d51ce8790
Event: 1.356 Thread 0x0000013d51ce6d00 Thread added: 0x0000013d51ce6d00
Event: 1.361 Thread 0x0000013d51ce7cf0 Thread added: 0x0000013d51ce7cf0
Event: 1.623 Thread 0x0000013d51ce6260 Thread added: 0x0000013d51ce6260
Event: 1.631 Thread 0x0000013d51ce77a0 Thread added: 0x0000013d51ce77a0


Dynamic libraries:
0x00007ff62c5d0000 - 0x00007ff62c5e0000 	C:\Program Files\Java\jdk-19\bin\java.exe
0x00007ff9eb810000 - 0x00007ff9eba08000 	C:\Windows\SYSTEM32\ntdll.dll
0x00007ff9eab60000 - 0x00007ff9eac1d000 	C:\Windows\System32\KERNEL32.DLL
0x00007ff9e9590000 - 0x00007ff9e9862000 	C:\Windows\System32\KERNELBASE.dll
0x00007ff9e90b0000 - 0x00007ff9e91b0000 	C:\Windows\System32\ucrtbase.dll
0x00007ff9a6020000 - 0x00007ff9a603b000 	C:\Program Files\Java\jdk-19\bin\VCRUNTIME140.dll
0x00007ff9a60a0000 - 0x00007ff9a60b8000 	C:\Program Files\Java\jdk-19\bin\jli.dll
0x00007ff9eb2e0000 - 0x00007ff9eb38e000 	C:\Windows\System32\ADVAPI32.dll
0x00007ff9eb090000 - 0x00007ff9eb12e000 	C:\Windows\System32\msvcrt.dll
0x00007ff9eb670000 - 0x00007ff9eb70c000 	C:\Windows\System32\sechost.dll
0x00007ff9eb3a0000 - 0x00007ff9eb4c5000 	C:\Windows\System32\RPCRT4.dll
0x00007ff9eb4d0000 - 0x00007ff9eb66d000 	C:\Windows\System32\USER32.dll
0x00007ff9d7260000 - 0x00007ff9d74fa000 	C:\Windows\WinSxS\amd64_microsoft.windows.common-controls_6595b64144ccf1df_6.0.19041.1110_none_60b5254171f9507e\COMCTL32.dll
0x00007ff9e8f20000 - 0x00007ff9e8f42000 	C:\Windows\System32\win32u.dll
0x00007ff9eb710000 - 0x00007ff9eb73b000 	C:\Windows\System32\GDI32.dll
0x00007ff9e9480000 - 0x00007ff9e958f000 	C:\Windows\System32\gdi32full.dll
0x00007ff9e91b0000 - 0x00007ff9e924d000 	C:\Windows\System32\msvcp_win.dll
0x00007ff9e7660000 - 0x00007ff9e766a000 	C:\Windows\SYSTEM32\VERSION.dll
0x00007ff9eb740000 - 0x00007ff9eb770000 	C:\Windows\System32\IMM32.DLL
0x00007ff991900000 - 0x00007ff99190c000 	C:\Program Files\Java\jdk-19\bin\vcruntime140_1.dll
0x00007ff9901e0000 - 0x00007ff99026e000 	C:\Program Files\Java\jdk-19\bin\msvcp140.dll
0x00007ff98f520000 - 0x00007ff9901e0000 	C:\Program Files\Java\jdk-19\bin\server\jvm.dll
0x00007ff9de4b0000 - 0x00007ff9de4d7000 	C:\Windows\SYSTEM32\WINMM.dll
0x00007ff9918f0000 - 0x00007ff9918f9000 	C:\Windows\SYSTEM32\WSOCK32.dll
0x00007ff9ea4d0000 - 0x00007ff9ea53b000 	C:\Windows\System32\WS2_32.dll
0x00007ff9e7770000 - 0x00007ff9e7782000 	C:\Windows\SYSTEM32\kernel.appcore.dll
0x00007ff9918e0000 - 0x00007ff9918ea000 	C:\Program Files\Java\jdk-19\bin\jimage.dll
0x00007ff9e0290000 - 0x00007ff9e0474000 	C:\Windows\SYSTEM32\DBGHELP.DLL
0x00007ff9d8ab0000 - 0x00007ff9d8adc000 	C:\Windows\SYSTEM32\dbgcore.DLL
0x00007ff9e9250000 - 0x00007ff9e92d2000 	C:\Windows\System32\bcryptPrimitives.dll
0x00007ff98f280000 - 0x00007ff98f2a6000 	C:\Program Files\Java\jdk-19\bin\java.dll
0x00007ff98f1a0000 - 0x00007ff98f277000 	C:\Program Files\Java\jdk-19\bin\jsvml.dll
0x00007ff9e9880000 - 0x00007ff9e9fc3000 	C:\Windows\System32\SHELL32.dll
0x00007ff9e6ec0000 - 0x00007ff9e7651000 	C:\Windows\SYSTEM32\windows.storage.dll
0x00007ff9ea800000 - 0x00007ff9eab54000 	C:\Windows\System32\combase.dll
0x00007ff9e8910000 - 0x00007ff9e8940000 	C:\Windows\SYSTEM32\Wldp.dll
0x00007ff9ea540000 - 0x00007ff9ea5ed000 	C:\Windows\System32\SHCORE.dll
0x00007ff9ea410000 - 0x00007ff9ea465000 	C:\Windows\System32\shlwapi.dll
0x00007ff9e8e60000 - 0x00007ff9e8e7f000 	C:\Windows\SYSTEM32\profapi.dll
0x00007ff98f500000 - 0x00007ff98f513000 	C:\Program Files\Java\jdk-19\bin\net.dll
0x00007ff9df760000 - 0x00007ff9df86d000 	C:\Windows\SYSTEM32\WINHTTP.dll
0x00007ff9d20a0000 - 0x00007ff9d20ab000 	C:\Program Files\Common Files\SocksEscort\escortdrv.dll
0x00007ff9ea2e0000 - 0x00007ff9ea40a000 	C:\Windows\System32\ole32.dll
0x00007ff9d1f10000 - 0x00007ff9d1f42000 	C:\Program Files\Common Files\SocksEscort\escengine.dll
0x00007ff9e8600000 - 0x00007ff9e866a000 	C:\Windows\system32\mswsock.dll
0x00007ff98f4e0000 - 0x00007ff98f4f6000 	C:\Program Files\Java\jdk-19\bin\nio.dll
0x00007ff98f4c0000 - 0x00007ff98f4d8000 	C:\Program Files\Java\jdk-19\bin\zip.dll
0x00007ff9e2e50000 - 0x00007ff9e2e60000 	C:\Program Files\Java\jdk-19\bin\verify.dll
0x00007ff9e2e60000 - 0x00007ff9e2e87000 	C:\Users\ADMIN\.gradle\native\68d5fa5c4cc2d200863cafc0d521ce42e7d3e7ee720ec0a83991735586a16f82\windows-amd64\native-platform.dll
0x00007ff9e1370000 - 0x00007ff9e14b4000 	C:\Users\ADMIN\.gradle\native\e376f236ea51e6404a007f0833ffe2c6e607c4080706a723a18a27aeea778392\windows-amd64\native-platform-file-events.dll
0x00007ff98f310000 - 0x00007ff98f31a000 	C:\Program Files\Java\jdk-19\bin\management.dll
0x00007ff98f300000 - 0x00007ff98f30b000 	C:\Program Files\Java\jdk-19\bin\management_ext.dll
0x00007ff9e9870000 - 0x00007ff9e9878000 	C:\Windows\System32\PSAPI.DLL
0x00007ff9e87f0000 - 0x00007ff9e8808000 	C:\Windows\SYSTEM32\CRYPTSP.dll
0x00007ff9e7f20000 - 0x00007ff9e7f54000 	C:\Windows\system32\rsaenh.dll
0x00007ff9e9390000 - 0x00007ff9e93b7000 	C:\Windows\System32\bcrypt.dll
0x00007ff9e8de0000 - 0x00007ff9e8e0e000 	C:\Windows\SYSTEM32\USERENV.dll
0x00007ff9e8810000 - 0x00007ff9e881c000 	C:\Windows\SYSTEM32\CRYPTBASE.dll
0x00007ff9e82f0000 - 0x00007ff9e832b000 	C:\Windows\SYSTEM32\IPHLPAPI.DLL
0x00007ff9eb390000 - 0x00007ff9eb398000 	C:\Windows\System32\NSI.dll
0x00007ff9e1cd0000 - 0x00007ff9e1ce7000 	C:\Windows\SYSTEM32\dhcpcsvc6.DLL
0x00007ff9e2250000 - 0x00007ff9e226d000 	C:\Windows\SYSTEM32\dhcpcsvc.DLL
0x00007ff9e8330000 - 0x00007ff9e83fa000 	C:\Windows\SYSTEM32\DNSAPI.dll
0x00007ff98f2d0000 - 0x00007ff98f2d8000 	C:\Program Files\Java\jdk-19\bin\extnet.dll
0x00007ff98f2f0000 - 0x00007ff98f2fe000 	C:\Program Files\Java\jdk-19\bin\sunmscapi.dll
0x00007ff9e8f50000 - 0x00007ff9e90a6000 	C:\Windows\System32\CRYPT32.dll
0x00007ff9e8980000 - 0x00007ff9e89a7000 	C:\Windows\SYSTEM32\ncrypt.dll
0x00007ff9e8940000 - 0x00007ff9e897b000 	C:\Windows\SYSTEM32\NTASN1.dll
0x00007ff98f2e0000 - 0x00007ff98f2e7000 	C:\Windows\system32\wshunix.dll

dbghelp: loaded successfully - version: 4.0.5 - missing functions: none
symbol engine: initialized successfully - sym options: 0x614 - pdb path: .;C:\Program Files\Java\jdk-19\bin;C:\Windows\SYSTEM32;C:\Windows\WinSxS\amd64_microsoft.windows.common-controls_6595b64144ccf1df_6.0.19041.1110_none_60b5254171f9507e;C:\Program Files\Java\jdk-19\bin\server;C:\Program Files\Common Files\SocksEscort;C:\Users\ADMIN\.gradle\native\68d5fa5c4cc2d200863cafc0d521ce42e7d3e7ee720ec0a83991735586a16f82\windows-amd64;C:\Users\ADMIN\.gradle\native\e376f236ea51e6404a007f0833ffe2c6e607c4080706a723a18a27aeea778392\windows-amd64

VM Arguments:
jvm_args: -XX:MaxMetaspaceSize=512m --add-opens=java.base/java.util=ALL-UNNAMED --add-opens=java.base/java.lang=ALL-UNNAMED --add-opens=java.base/java.lang.invoke=ALL-UNNAMED --add-opens=java.prefs/java.util.prefs=ALL-UNNAMED --add-opens=java.base/java.nio.charset=ALL-UNNAMED --add-opens=java.base/java.net=ALL-UNNAMED --add-opens=java.base/java.util.concurrent.atomic=ALL-UNNAMED -Xmx2048m -Dfile.encoding=UTF-8 -Duser.country=US -Duser.language=en -Duser.variant 
java_command: org.gradle.launcher.daemon.bootstrap.GradleDaemon 8.0.1
java_class_path (initial): C:\Users\ADMIN\.gradle\wrapper\dists\gradle-8.0.1-all\aro4hu1c3oeioove7l0i4i14o\gradle-8.0.1\lib\gradle-launcher-8.0.1.jar
Launcher Type: SUN_STANDARD

[Global flags]
     intx CICompilerCount                          = 4                                         {product} {ergonomic}
   size_t CompressedClassSpaceSize                 = 432013312                                 {product} {ergonomic}
     uint ConcGCThreads                            = 3                                         {product} {ergonomic}
     uint G1ConcRefinementThreads                  = 10                                        {product} {ergonomic}
   size_t G1HeapRegionSize                         = 1048576                                   {product} {ergonomic}
    uintx GCDrainStackTargetSize                   = 64                                        {product} {ergonomic}
   size_t InitialHeapSize                          = 125829120                                 {product} {ergonomic}
   size_t MarkStackSize                            = 4194304                                   {product} {ergonomic}
   size_t MaxHeapSize                              = 2147483648                                {product} {command line}
   size_t MaxMetaspaceSize                         = 536870912                                 {product} {command line}
   size_t MaxNewSize                               = 1287651328                                {product} {ergonomic}
   size_t MinHeapDeltaBytes                        = 1048576                                   {product} {ergonomic}
   size_t MinHeapSize                              = 8388608                                   {product} {ergonomic}
    uintx NonNMethodCodeHeapSize                   = 5839372                                {pd product} {ergonomic}
    uintx NonProfiledCodeHeapSize                  = 122909434                              {pd product} {ergonomic}
    uintx ProfiledCodeHeapSize                     = 122909434                              {pd product} {ergonomic}
    uintx ReservedCodeCacheSize                    = 251658240                              {pd product} {ergonomic}
     bool SegmentedCodeCache                       = true                                      {product} {ergonomic}
   size_t SoftMaxHeapSize                          = 2147483648                             {manageable} {ergonomic}
     bool UseCompressedClassPointers               = true                           {product lp64_product} {ergonomic}
     bool UseCompressedOops                        = true                           {product lp64_product} {ergonomic}
     bool UseG1GC                                  = true                                      {product} {ergonomic}
     bool UseLargePagesIndividualAllocation        = false                                  {pd product} {ergonomic}

Logging:
Log output configuration:
 #0: stdout all=warning uptime,level,tags foldmultilines=false
 #1: stderr all=off uptime,level,tags foldmultilines=false

Environment Variables:
JAVA_HOME=C:\Program Files\Java\jdk-19
CLASSPATH=D:\study\facebook-app-clone\android\\gradle\wrapper\gradle-wrapper.jar
PATH=D:\study\facebook-app-clone\node_modules\.bin;D:\study\node_modules\.bin;D:\node_modules\.bin;C:\Users\ADMIN\AppData\Roaming\nvm\v16.15.0\node_modules\npm\node_modules\@npmcli\run-script\lib\node-gyp-bin;C:\Users\ADMIN\AppData\Local\Temp\yarn--1704614273570-0.6899566308845899;D:\study\facebook-app-clone\node_modules\.bin;C:\Users\ADMIN\AppData\Local\Yarn\Data\link\node_modules\.bin;C:\Users\ADMIN\AppData\Local\Yarn\bin;C:\Program Files\libexec\lib\node_modules\npm\bin\node-gyp-bin;C:\Program Files\lib\node_modules\npm\bin\node-gyp-bin;C:\Program Files\nodejs\node_modules\npm\bin\node-gyp-bin;C:\Program Files\Common Files\Oracle\Java\javapath;C:\Windows\system32;C:\Windows;C:\Windows\System32\Wbem;C:\Windows\System32\WindowsPowerShell\v1.0\;C:\Windows\System32\OpenSSH\;C:\Program Files\Java\jdk-19\bin;C:\Program Files\Git\cmd;C:\MinGW\bin;C:\Users\ADMIN\AppData\Roaming\nvm;C:\Program Files\nodejs;C:\Users\ADMIN\AppData\Local\Android\Sdk\platform-tools;C:\Program Files\MySQL\MySQL Shell 8.0\bin\;C:\Users\ADMIN\AppData\Local\Microsoft\WindowsApps;C:\Users\ADMIN\AppData\Local\Programs\Microsoft VS Code\bin;C:\Users\ADMIN\AppData\Local\Programs\Python\Python311;C:\Users\ADMIN\AppData\Local\Programs\Python\Python311\Scripts;C:\Users\ADMIN\AppData\Roaming\npm;C:\Users\ADMIN\AppData\Local\Programs\EmEditor;C:\Users\ADMIN\AppData\Roaming\nvm;C:\Program Files\nodejs;
USERNAME=ADMIN
LANG=en_US.UTF-8
OS=Windows_NT
PROCESSOR_IDENTIFIER=AMD64 Family 23 Model 96 Stepping 1, AuthenticAMD
TMP=C:\Users\ADMIN\AppData\Local\Temp
TEMP=C:\Users\ADMIN\AppData\Local\Temp



---------------  S Y S T E M  ---------------

OS:
 Windows 10 , 64 bit Build 19041 (10.0.19041.1889)
OS uptime: 0 days 2:20 hours

CPU: total 12 (initial active 12) (12 cores per cpu, 2 threads per core) family 23 model 96 stepping 1 microcode 0x0, cx8, cmov, fxsr, ht, mmx, 3dnowpref, sse, sse2, sse3, ssse3, sse4a, sse4.1, sse4.2, popcnt, lzcnt, tsc, tscinvbit, avx, avx2, aes, clmul, bmi1, bmi2, adx, sha, fma, vzeroupper, clflush, clflushopt, rdtscp, rdpid

Memory: 4k page, system-wide physical 7579M (538M free)
TotalPageFile size 11675M (AvailPageFile size 3M)
current process WorkingSet (physical memory assigned to process): 138M, peak: 138M
current process commit charge ("private bytes"): 254M, peak: 255M

vm_info: Java HotSpot(TM) 64-Bit Server VM (19.0.1+10-21) for windows-amd64 JRE (19.0.1+10-21), built on 2022-09-14T12:45:06Z by "mach5one" with MS VC++ 17.1 (VS2022)

END.
