#
# There is insufficient memory for the Java Runtime Environment to continue.
# Native memory allocation (mmap) failed to map 117440512 bytes for G1 virtual space
# Possible reasons:
#   The system is out of physical RAM or swap space
#   The process is running with CompressedOops enabled, and the Java Heap may be blocking the growth of the native heap
# Possible solutions:
#   Reduce memory load on the system
#   Increase physical memory or swap space
#   Check if swap backing store is full
#   Decrease Java heap size (-Xmx/-Xms)
#   Decrease number of Java threads
#   Decrease Java thread stack sizes (-Xss)
#   Set larger code cache with -XX:ReservedCodeCacheSize=
#   JVM is running with Unscaled Compressed Oops mode in which the Java heap is
#     placed in the first 4GB address space. The Java Heap base address is the
#     maximum limit for the native heap growth. Please use -XX:HeapBaseMinAddress
#     to set the Java Heap base and to place the Java Heap above 4GB virtual address.
# This output file may be truncated or incomplete.
#
#  Out of Memory Error (os_windows.cpp:3527), pid=16192, tid=16276
#
# JRE version: Java(TM) SE Runtime Environment (19.0.1+10) (build 19.0.1+10-21)
# Java VM: Java HotSpot(TM) 64-Bit Server VM (19.0.1+10-21, mixed mode, sharing, tiered, compressed oops, compressed class ptrs, g1 gc, windows-amd64)
# No core dump will be written. Minidumps are not enabled by default on client versions of Windows
#

---------------  S U M M A R Y ------------

Command Line: org.jetbrains.kotlin.cli.jvm.K2JVMCompiler @D:\study\da_nen_tang\facebook-app-clone\node_modules\react-native-safe-area-context\android\build\20240104_2545070025115974624.compiler.options

Host: AMD Ryzen 5 4600H with Radeon Graphics         , 12 cores, 7G,  Windows 10 , 64 bit Build 19041 (10.0.19041.1889)
Time: Thu Jan  4 22:15:09 2024 SE Asia Standard Time elapsed time: 5.423451 seconds (0d 0h 0m 5s)

---------------  T H R E A D  ---------------

Current thread (0x0000019f6a6d9960):  VMThread "VM Thread" [stack: 0x0000004a19e00000,0x0000004a19f00000] [id=16276]

Stack: [0x0000004a19e00000,0x0000004a19f00000]
Native frames: (J=compiled Java code, j=interpreted, Vv=VM code, C=native code)
V  [jvm.dll+0x6ee8fa]
V  [jvm.dll+0x857a1e]
V  [jvm.dll+0x85940e]
V  [jvm.dll+0x859ac3]
V  [jvm.dll+0x28291f]
V  [jvm.dll+0x6eb6e9]
V  [jvm.dll+0x6e028a]
V  [jvm.dll+0x357136]
V  [jvm.dll+0x35eb96]
V  [jvm.dll+0x3b555e]
V  [jvm.dll+0x3b578f]
V  [jvm.dll+0x32c6ea]
V  [jvm.dll+0x32c797]
V  [jvm.dll+0x374b52]
V  [jvm.dll+0x37328f]
V  [jvm.dll+0x32bf10]
V  [jvm.dll+0x37282b]
V  [jvm.dll+0x85ef83]
V  [jvm.dll+0x85fd49]
V  [jvm.dll+0x86027d]
V  [jvm.dll+0x86070b]
V  [jvm.dll+0x8607c7]
V  [jvm.dll+0x8015fa]
V  [jvm.dll+0x6ed5eb]
C  [ucrtbase.dll+0x21bb2]
C  [KERNEL32.DLL+0x17034]
C  [ntdll.dll+0x526a1]

VM_Operation (0x0000004a198fb520): G1CollectForAllocation, mode: safepoint, requested by thread 0x0000019f49fde860


---------------  P R O C E S S  ---------------

Threads class SMR info:
_java_thread_list=0x0000019f6fff9290, length=13, elements={
0x0000019f49fde860, 0x0000019f6a6f27c0, 0x0000019f6a6f37c0, 0x0000019f6a6f4db0,
0x0000019f6a6f66f0, 0x0000019f6a6f7020, 0x0000019f6a6f7a90, 0x0000019f6a6fc280,
0x0000019f6a707420, 0x0000019f6a713990, 0x0000019f6e9f81b0, 0x0000019f6e9f7c60,
0x0000019f6ea58d90
}

Java Threads: ( => current thread )
  0x0000019f49fde860 JavaThread "main" [_thread_blocked, id=16252, stack(0x0000004a19800000,0x0000004a19900000)]
  0x0000019f6a6f27c0 JavaThread "Reference Handler" daemon [_thread_blocked, id=16280, stack(0x0000004a19f00000,0x0000004a1a000000)]
  0x0000019f6a6f37c0 JavaThread "Finalizer" daemon [_thread_blocked, id=16284, stack(0x0000004a1a000000,0x0000004a1a100000)]
  0x0000019f6a6f4db0 JavaThread "Signal Dispatcher" daemon [_thread_blocked, id=16288, stack(0x0000004a1a100000,0x0000004a1a200000)]
  0x0000019f6a6f66f0 JavaThread "Attach Listener" daemon [_thread_blocked, id=16292, stack(0x0000004a1a200000,0x0000004a1a300000)]
  0x0000019f6a6f7020 JavaThread "Service Thread" daemon [_thread_blocked, id=16296, stack(0x0000004a1a300000,0x0000004a1a400000)]
  0x0000019f6a6f7a90 JavaThread "Monitor Deflation Thread" daemon [_thread_blocked, id=16300, stack(0x0000004a1a400000,0x0000004a1a500000)]
  0x0000019f6a6fc280 JavaThread "C2 CompilerThread0" daemon [_thread_blocked, id=16304, stack(0x0000004a1a500000,0x0000004a1a600000)]
  0x0000019f6a707420 JavaThread "C1 CompilerThread0" daemon [_thread_blocked, id=16308, stack(0x0000004a1a600000,0x0000004a1a700000)]
  0x0000019f6a713990 JavaThread "Sweeper thread" daemon [_thread_blocked, id=16312, stack(0x0000004a1a700000,0x0000004a1a800000)]
  0x0000019f6e9f81b0 JavaThread "Notification Thread" daemon [_thread_blocked, id=16316, stack(0x0000004a1a800000,0x0000004a1a900000)]
  0x0000019f6e9f7c60 JavaThread "Common-Cleaner" daemon [_thread_blocked, id=16324, stack(0x0000004a1aa00000,0x0000004a1ab00000)]
  0x0000019f6ea58d90 JavaThread "C2 CompilerThread1" daemon [_thread_in_native, id=12520, stack(0x0000004a1ac00000,0x0000004a1ad00000)]

Other Threads:
=>0x0000019f6a6d9960 VMThread "VM Thread" [stack: 0x0000004a19e00000,0x0000004a19f00000] [id=16276]
  0x0000019f6e9fe110 WatcherThread "VM Periodic Task Thread" [stack: 0x0000004a1a900000,0x0000004a1aa00000] [id=16320]
  0x0000019f4a03e830 WorkerThread "GC Thread#0" [stack: 0x0000004a19900000,0x0000004a19a00000] [id=16256]
  0x0000019f6f54f1a0 WorkerThread "GC Thread#1" [stack: 0x0000004a1ad00000,0x0000004a1ae00000] [id=9004]
  0x0000019f6f61ca70 WorkerThread "GC Thread#2" [stack: 0x0000004a1ae00000,0x0000004a1af00000] [id=9072]
  0x0000019f6f61c200 WorkerThread "GC Thread#3" [stack: 0x0000004a1af00000,0x0000004a1b000000] [id=9340]
  0x0000019f6f61c4d0 WorkerThread "GC Thread#4" [stack: 0x0000004a1b000000,0x0000004a1b100000] [id=11316]
  0x0000019f6f61c7a0 WorkerThread "GC Thread#5" [stack: 0x0000004a1b100000,0x0000004a1b200000] [id=5528]
  0x0000019f6f61d2e0 WorkerThread "GC Thread#6" [stack: 0x0000004a1b200000,0x0000004a1b300000] [id=11064]
  0x0000019f6f61d880 WorkerThread "GC Thread#7" [stack: 0x0000004a1b300000,0x0000004a1b400000] [id=10204]
  0x0000019f6f61db50 WorkerThread "GC Thread#8" [stack: 0x0000004a1b400000,0x0000004a1b500000] [id=9612]
  0x0000019f6f61bf30 WorkerThread "GC Thread#9" [stack: 0x0000004a1b500000,0x0000004a1b600000] [id=3092]
  0x0000019f4a04e630 ConcurrentGCThread "G1 Main Marker" [stack: 0x0000004a19a00000,0x0000004a19b00000] [id=16260]
  0x0000019f4a04f060 WorkerThread "G1 Conc#0" [stack: 0x0000004a19b00000,0x0000004a19c00000] [id=16264]
  0x0000019f6fcbc380 WorkerThread "G1 Conc#1" [stack: 0x0000004a1b700000,0x0000004a1b800000] [id=11020]
  0x0000019f6fcbedb0 WorkerThread "G1 Conc#2" [stack: 0x0000004a1b800000,0x0000004a1b900000] [id=6656]
  0x0000019f6a58e590 ConcurrentGCThread "G1 Refine#0" [stack: 0x0000004a19c00000,0x0000004a19d00000] [id=16268]
  0x0000019f6a5900e0 ConcurrentGCThread "G1 Service" [stack: 0x0000004a19d00000,0x0000004a19e00000] [id=16272]

Threads with active compile tasks:
C2 CompilerThread0     5451 5013       4       java.util.HashMap::putVal (300 bytes)
C1 CompilerThread0     5451 5037   !   3       org.jetbrains.kotlin.metadata.ProtoBuf$TypeParameter::<init> (662 bytes)
C2 CompilerThread1     5451 4131       4       jdk.internal.loader.ClassLoaders$AppClassLoader::loadClass (40 bytes)

VM state: at safepoint (normal execution)

VM Mutex/Monitor currently owned by a thread:  ([mutex/lock_event])
[0x0000019f49fda3d0] Threads_lock - owner thread: 0x0000019f6a6d9960
[0x0000019f49fda460] Heap_lock - owner thread: 0x0000019f49fde860

Heap address: 0x0000000089800000, size: 1896 MB, Compressed Oops mode: 32-bit

CDS archive(s) mapped at: [0x0000000800000000-0x0000000800c40000-0x0000000800c40000), size 12845056, SharedBaseAddress: 0x0000000800000000, ArchiveRelocationMode: 0.
Compressed class space mapped at: 0x0000000801000000-0x0000000841000000, reserved size: 1073741824
Narrow klass base: 0x0000000800000000, Narrow klass shift: 0, Narrow klass range: 0x100000000

GC Precious Log:
 CardTable entry size: 512
 Card Set container configuration: InlinePtr #cards 5 size 8 Array Of Cards #cards 12 size 40 Howl #buckets 4 coarsen threshold 1843 Howl Bitmap #cards 512 size 80 coarsen threshold 460 Card regions per heap region 1 cards per card region 2048
 CPUs: 12 total, 12 available
 Memory: 7579M
 Large Page Support: Disabled
 NUMA Support: Disabled
 Compressed Oops: Enabled (32-bit)
 Heap Region Size: 1M
 Heap Min Capacity: 8M
 Heap Initial Capacity: 120M
 Heap Max Capacity: 1896M
 Pre-touch: Disabled
 Parallel Workers: 10
 Concurrent Workers: 3
 Concurrent Refinement Workers: 10
 Periodic GC: Disabled

Heap:
 garbage-first heap   total 122880K, used 38912K [0x0000000089800000, 0x0000000100000000)
  region size 1024K, 5 young (5120K), 5 survivors (5120K)
 Metaspace       used 48615K, committed 49472K, reserved 1114112K
  class space    used 6020K, committed 6464K, reserved 1048576K

Heap Regions: E=young(eden), S=young(survivor), O=old, HS=humongous(starts), HC=humongous(continues), CS=collection set, F=free, OA=open archive, CA=closed archive, TAMS=top-at-mark-start (previous, next)
|   0|0x0000000089800000, 0x0000000089900000, 0x0000000089900000|100%|HS|  |TAMS 0x0000000089900000, 0x0000000089800000| Complete 
|   1|0x0000000089900000, 0x0000000089a00000, 0x0000000089a00000|100%|HC|  |TAMS 0x0000000089a00000, 0x0000000089900000| Complete 
|   2|0x0000000089a00000, 0x0000000089b00000, 0x0000000089b00000|100%|HC|  |TAMS 0x0000000089b00000, 0x0000000089a00000| Complete 
|   3|0x0000000089b00000, 0x0000000089c00000, 0x0000000089c00000|100%| O|  |TAMS 0x0000000089c00000, 0x0000000089b00000| Untracked 
|   4|0x0000000089c00000, 0x0000000089d00000, 0x0000000089d00000|100%| O|  |TAMS 0x0000000089d00000, 0x0000000089c00000| Untracked 
|   5|0x0000000089d00000, 0x0000000089e00000, 0x0000000089e00000|100%| O|  |TAMS 0x0000000089e00000, 0x0000000089d00000| Untracked 
|   6|0x0000000089e00000, 0x0000000089f00000, 0x0000000089f00000|100%|HS|  |TAMS 0x0000000089f00000, 0x0000000089e00000| Complete 
|   7|0x0000000089f00000, 0x000000008a000000, 0x000000008a000000|100%|HC|  |TAMS 0x000000008a000000, 0x0000000089f00000| Complete 
|   8|0x000000008a000000, 0x000000008a100000, 0x000000008a100000|100%|HC|  |TAMS 0x000000008a100000, 0x000000008a000000| Complete 
|   9|0x000000008a100000, 0x000000008a200000, 0x000000008a200000|100%| O|  |TAMS 0x000000008a200000, 0x000000008a100000| Untracked 
|  10|0x000000008a200000, 0x000000008a200000, 0x000000008a300000|  0%| F|  |TAMS 0x000000008a200000, 0x000000008a200000| Untracked 
|  11|0x000000008a300000, 0x000000008a400000, 0x000000008a400000|100%| O|  |TAMS 0x000000008a400000, 0x000000008a300000| Untracked 
|  12|0x000000008a400000, 0x000000008a500000, 0x000000008a500000|100%| O|  |TAMS 0x000000008a500000, 0x000000008a400000| Untracked 
|  13|0x000000008a500000, 0x000000008a600000, 0x000000008a600000|100%| O|  |TAMS 0x000000008a600000, 0x000000008a500000| Untracked 
|  14|0x000000008a600000, 0x000000008a700000, 0x000000008a700000|100%| O|  |TAMS 0x000000008a700000, 0x000000008a600000| Untracked 
|  15|0x000000008a700000, 0x000000008a800000, 0x000000008a800000|100%| O|  |TAMS 0x000000008a800000, 0x000000008a700000| Untracked 
|  16|0x000000008a800000, 0x000000008a900000, 0x000000008a900000|100%| O|  |TAMS 0x000000008a900000, 0x000000008a800000| Untracked 
|  17|0x000000008a900000, 0x000000008aa00000, 0x000000008aa00000|100%| O|  |TAMS 0x000000008aa00000, 0x000000008a900000| Untracked 
|  18|0x000000008aa00000, 0x000000008ab00000, 0x000000008ab00000|100%|HS|  |TAMS 0x000000008aa00000, 0x000000008aa00000| Complete 
|  19|0x000000008ab00000, 0x000000008ac00000, 0x000000008ac00000|100%|HC|  |TAMS 0x000000008ab00000, 0x000000008ab00000| Complete 
|  20|0x000000008ac00000, 0x000000008ad00000, 0x000000008ad00000|100%| O|  |TAMS 0x000000008ac00000, 0x000000008ac00000| Untracked 
|  21|0x000000008ad00000, 0x000000008ae00000, 0x000000008ae00000|100%| O|  |TAMS 0x000000008ad00000, 0x000000008ad00000| Untracked 
|  22|0x000000008ae00000, 0x000000008af00000, 0x000000008af00000|100%| O|  |TAMS 0x000000008af00000, 0x000000008ae00000| Untracked 
|  23|0x000000008af00000, 0x000000008b000000, 0x000000008b000000|100%| O|  |TAMS 0x000000008b000000, 0x000000008af00000| Untracked 
|  24|0x000000008b000000, 0x000000008b100000, 0x000000008b100000|100%| O|  |TAMS 0x000000008b100000, 0x000000008b000000| Untracked 
|  25|0x000000008b100000, 0x000000008b200000, 0x000000008b200000|100%| O|  |TAMS 0x000000008b200000, 0x000000008b100000| Untracked 
|  26|0x000000008b200000, 0x000000008b300000, 0x000000008b300000|100%| O|  |TAMS 0x000000008b200000, 0x000000008b200000| Untracked 
|  27|0x000000008b300000, 0x000000008b400000, 0x000000008b400000|100%| O|  |TAMS 0x000000008b300000, 0x000000008b300000| Untracked 
|  28|0x000000008b400000, 0x000000008b400000, 0x000000008b500000|  0%| F|  |TAMS 0x000000008b400000, 0x000000008b400000| Untracked 
|  29|0x000000008b500000, 0x000000008b500000, 0x000000008b600000|  0%| F|  |TAMS 0x000000008b500000, 0x000000008b500000| Untracked 
|  30|0x000000008b600000, 0x000000008b600000, 0x000000008b700000|  0%| F|  |TAMS 0x000000008b600000, 0x000000008b600000| Untracked 
|  31|0x000000008b700000, 0x000000008b700000, 0x000000008b800000|  0%| F|  |TAMS 0x000000008b700000, 0x000000008b700000| Untracked 
|  32|0x000000008b800000, 0x000000008b800000, 0x000000008b900000|  0%| F|  |TAMS 0x000000008b800000, 0x000000008b800000| Untracked 
|  33|0x000000008b900000, 0x000000008b900000, 0x000000008ba00000|  0%| F|  |TAMS 0x000000008b900000, 0x000000008b900000| Untracked 
|  34|0x000000008ba00000, 0x000000008ba00000, 0x000000008bb00000|  0%| F|  |TAMS 0x000000008ba00000, 0x000000008ba00000| Untracked 
|  35|0x000000008bb00000, 0x000000008bc00000, 0x000000008bc00000|100%| O|  |TAMS 0x000000008bb00000, 0x000000008bb00000| Untracked 
|  36|0x000000008bc00000, 0x000000008bd00000, 0x000000008bd00000|100%| O|  |TAMS 0x000000008bc00000, 0x000000008bc00000| Untracked 
|  37|0x000000008bd00000, 0x000000008be00000, 0x000000008be00000|100%| O|  |TAMS 0x000000008bd00000, 0x000000008bd00000| Untracked 
|  38|0x000000008be00000, 0x000000008bf00000, 0x000000008bf00000|100%| O|  |TAMS 0x000000008be00000, 0x000000008be00000| Untracked 
|  39|0x000000008bf00000, 0x000000008c000000, 0x000000008c000000|100%| O|  |TAMS 0x000000008bf00000, 0x000000008bf00000| Untracked 
|  40|0x000000008c000000, 0x000000008c100000, 0x000000008c100000|100%| O|  |TAMS 0x000000008c000000, 0x000000008c000000| Untracked 
|  41|0x000000008c100000, 0x000000008c100000, 0x000000008c200000|  0%| F|  |TAMS 0x000000008c100000, 0x000000008c100000| Untracked 
|  42|0x000000008c200000, 0x000000008c200000, 0x000000008c300000|  0%| F|  |TAMS 0x000000008c200000, 0x000000008c200000| Untracked 
|  43|0x000000008c300000, 0x000000008c300000, 0x000000008c400000|  0%| F|  |TAMS 0x000000008c300000, 0x000000008c300000| Untracked 
|  44|0x000000008c400000, 0x000000008c400000, 0x000000008c500000|  0%| F|  |TAMS 0x000000008c400000, 0x000000008c400000| Untracked 
|  45|0x000000008c500000, 0x000000008c500000, 0x000000008c600000|  0%| F|  |TAMS 0x000000008c500000, 0x000000008c500000| Untracked 
|  46|0x000000008c600000, 0x000000008c600000, 0x000000008c700000|  0%| F|  |TAMS 0x000000008c600000, 0x000000008c600000| Untracked 
|  47|0x000000008c700000, 0x000000008c700000, 0x000000008c800000|  0%| F|  |TAMS 0x000000008c700000, 0x000000008c700000| Untracked 
|  48|0x000000008c800000, 0x000000008c800000, 0x000000008c900000|  0%| F|  |TAMS 0x000000008c800000, 0x000000008c800000| Untracked 
|  49|0x000000008c900000, 0x000000008ca00000, 0x000000008ca00000|100%| S|CS|TAMS 0x000000008c900000, 0x000000008c900000| Complete 
|  50|0x000000008ca00000, 0x000000008cb00000, 0x000000008cb00000|100%| S|CS|TAMS 0x000000008ca00000, 0x000000008ca00000| Complete 
|  51|0x000000008cb00000, 0x000000008cc00000, 0x000000008cc00000|100%| S|CS|TAMS 0x000000008cb00000, 0x000000008cb00000| Complete 
|  52|0x000000008cc00000, 0x000000008cd00000, 0x000000008cd00000|100%| S|CS|TAMS 0x000000008cc00000, 0x000000008cc00000| Complete 
|  53|0x000000008cd00000, 0x000000008ce00000, 0x000000008ce00000|100%| S|CS|TAMS 0x000000008cd00000, 0x000000008cd00000| Complete 
|  54|0x000000008ce00000, 0x000000008ce00000, 0x000000008cf00000|  0%| F|  |TAMS 0x000000008ce00000, 0x000000008ce00000| Untracked 
|  55|0x000000008cf00000, 0x000000008cf00000, 0x000000008d000000|  0%| F|  |TAMS 0x000000008cf00000, 0x000000008cf00000| Untracked 
|  56|0x000000008d000000, 0x000000008d000000, 0x000000008d100000|  0%| F|  |TAMS 0x000000008d000000, 0x000000008d000000| Untracked 
|  57|0x000000008d100000, 0x000000008d100000, 0x000000008d200000|  0%| F|  |TAMS 0x000000008d100000, 0x000000008d100000| Untracked 
|  58|0x000000008d200000, 0x000000008d200000, 0x000000008d300000|  0%| F|  |TAMS 0x000000008d200000, 0x000000008d200000| Untracked 
|  59|0x000000008d300000, 0x000000008d300000, 0x000000008d400000|  0%| F|  |TAMS 0x000000008d300000, 0x000000008d300000| Untracked 
|  60|0x000000008d400000, 0x000000008d400000, 0x000000008d500000|  0%| F|  |TAMS 0x000000008d400000, 0x000000008d400000| Untracked 
|  61|0x000000008d500000, 0x000000008d500000, 0x000000008d600000|  0%| F|  |TAMS 0x000000008d500000, 0x000000008d500000| Untracked 
|  62|0x000000008d600000, 0x000000008d600000, 0x000000008d700000|  0%| F|  |TAMS 0x000000008d600000, 0x000000008d600000| Untracked 
|  63|0x000000008d700000, 0x000000008d700000, 0x000000008d800000|  0%| F|  |TAMS 0x000000008d700000, 0x000000008d700000| Untracked 
|  64|0x000000008d800000, 0x000000008d800000, 0x000000008d900000|  0%| F|  |TAMS 0x000000008d800000, 0x000000008d800000| Untracked 
|  65|0x000000008d900000, 0x000000008d900000, 0x000000008da00000|  0%| F|  |TAMS 0x000000008d900000, 0x000000008d900000| Untracked 
|  66|0x000000008da00000, 0x000000008da00000, 0x000000008db00000|  0%| F|  |TAMS 0x000000008da00000, 0x000000008da00000| Untracked 
|  67|0x000000008db00000, 0x000000008db00000, 0x000000008dc00000|  0%| F|  |TAMS 0x000000008db00000, 0x000000008db00000| Untracked 
|  68|0x000000008dc00000, 0x000000008dc00000, 0x000000008dd00000|  0%| F|  |TAMS 0x000000008dc00000, 0x000000008dc00000| Untracked 
|  69|0x000000008dd00000, 0x000000008dd00000, 0x000000008de00000|  0%| F|  |TAMS 0x000000008dd00000, 0x000000008dd00000| Untracked 
|  70|0x000000008de00000, 0x000000008de00000, 0x000000008df00000|  0%| F|  |TAMS 0x000000008de00000, 0x000000008de00000| Untracked 
|  71|0x000000008df00000, 0x000000008df00000, 0x000000008e000000|  0%| F|  |TAMS 0x000000008df00000, 0x000000008df00000| Untracked 
|  72|0x000000008e000000, 0x000000008e000000, 0x000000008e100000|  0%| F|  |TAMS 0x000000008e000000, 0x000000008e000000| Untracked 
|  73|0x000000008e100000, 0x000000008e100000, 0x000000008e200000|  0%| F|  |TAMS 0x000000008e100000, 0x000000008e100000| Untracked 
|  74|0x000000008e200000, 0x000000008e200000, 0x000000008e300000|  0%| F|  |TAMS 0x000000008e200000, 0x000000008e200000| Untracked 
|  75|0x000000008e300000, 0x000000008e300000, 0x000000008e400000|  0%| F|  |TAMS 0x000000008e300000, 0x000000008e300000| Untracked 
|  76|0x000000008e400000, 0x000000008e400000, 0x000000008e500000|  0%| F|  |TAMS 0x000000008e400000, 0x000000008e400000| Untracked 
|  77|0x000000008e500000, 0x000000008e500000, 0x000000008e600000|  0%| F|  |TAMS 0x000000008e500000, 0x000000008e500000| Untracked 
|  78|0x000000008e600000, 0x000000008e600000, 0x000000008e700000|  0%| F|  |TAMS 0x000000008e600000, 0x000000008e600000| Untracked 
|  79|0x000000008e700000, 0x000000008e700000, 0x000000008e800000|  0%| F|  |TAMS 0x000000008e700000, 0x000000008e700000| Untracked 
|  80|0x000000008e800000, 0x000000008e800000, 0x000000008e900000|  0%| F|  |TAMS 0x000000008e800000, 0x000000008e800000| Untracked 
|  81|0x000000008e900000, 0x000000008e900000, 0x000000008ea00000|  0%| F|  |TAMS 0x000000008e900000, 0x000000008e900000| Untracked 
|  82|0x000000008ea00000, 0x000000008ea00000, 0x000000008eb00000|  0%| F|  |TAMS 0x000000008ea00000, 0x000000008ea00000| Untracked 
|  83|0x000000008eb00000, 0x000000008eb00000, 0x000000008ec00000|  0%| F|  |TAMS 0x000000008eb00000, 0x000000008eb00000| Untracked 
|  84|0x000000008ec00000, 0x000000008ec00000, 0x000000008ed00000|  0%| F|  |TAMS 0x000000008ec00000, 0x000000008ec00000| Untracked 
|  85|0x000000008ed00000, 0x000000008ed00000, 0x000000008ee00000|  0%| F|  |TAMS 0x000000008ed00000, 0x000000008ed00000| Untracked 
|  86|0x000000008ee00000, 0x000000008ee00000, 0x000000008ef00000|  0%| F|  |TAMS 0x000000008ee00000, 0x000000008ee00000| Untracked 
|  87|0x000000008ef00000, 0x000000008ef00000, 0x000000008f000000|  0%| F|  |TAMS 0x000000008ef00000, 0x000000008ef00000| Untracked 
|  88|0x000000008f000000, 0x000000008f000000, 0x000000008f100000|  0%| F|  |TAMS 0x000000008f000000, 0x000000008f000000| Untracked 
|  89|0x000000008f100000, 0x000000008f100000, 0x000000008f200000|  0%| F|  |TAMS 0x000000008f100000, 0x000000008f100000| Untracked 
|  90|0x000000008f200000, 0x000000008f200000, 0x000000008f300000|  0%| F|  |TAMS 0x000000008f200000, 0x000000008f200000| Untracked 
|  91|0x000000008f300000, 0x000000008f300000, 0x000000008f400000|  0%| F|  |TAMS 0x000000008f300000, 0x000000008f300000| Untracked 
|  92|0x000000008f400000, 0x000000008f400000, 0x000000008f500000|  0%| F|  |TAMS 0x000000008f400000, 0x000000008f400000| Untracked 
|  93|0x000000008f500000, 0x000000008f500000, 0x000000008f600000|  0%| F|  |TAMS 0x000000008f500000, 0x000000008f500000| Untracked 
|  94|0x000000008f600000, 0x000000008f600000, 0x000000008f700000|  0%| F|  |TAMS 0x000000008f600000, 0x000000008f600000| Untracked 
|  95|0x000000008f700000, 0x000000008f700000, 0x000000008f800000|  0%| F|  |TAMS 0x000000008f700000, 0x000000008f700000| Untracked 
|  96|0x000000008f800000, 0x000000008f800000, 0x000000008f900000|  0%| F|  |TAMS 0x000000008f800000, 0x000000008f800000| Untracked 
|  97|0x000000008f900000, 0x000000008f900000, 0x000000008fa00000|  0%| F|  |TAMS 0x000000008f900000, 0x000000008f900000| Untracked 
|  98|0x000000008fa00000, 0x000000008fa00000, 0x000000008fb00000|  0%| F|  |TAMS 0x000000008fa00000, 0x000000008fa00000| Untracked 
|  99|0x000000008fb00000, 0x000000008fb00000, 0x000000008fc00000|  0%| F|  |TAMS 0x000000008fb00000, 0x000000008fb00000| Untracked 
| 100|0x000000008fc00000, 0x000000008fc00000, 0x000000008fd00000|  0%| F|  |TAMS 0x000000008fc00000, 0x000000008fc00000| Untracked 
| 101|0x000000008fd00000, 0x000000008fd00000, 0x000000008fe00000|  0%| F|  |TAMS 0x000000008fd00000, 0x000000008fd00000| Untracked 
| 102|0x000000008fe00000, 0x000000008fe00000, 0x000000008ff00000|  0%| F|  |TAMS 0x000000008fe00000, 0x000000008fe00000| Untracked 
| 103|0x000000008ff00000, 0x000000008ff00000, 0x0000000090000000|  0%| F|  |TAMS 0x000000008ff00000, 0x000000008ff00000| Untracked 
| 104|0x0000000090000000, 0x0000000090000000, 0x0000000090100000|  0%| F|  |TAMS 0x0000000090000000, 0x0000000090000000| Untracked 
| 105|0x0000000090100000, 0x0000000090100000, 0x0000000090200000|  0%| F|  |TAMS 0x0000000090100000, 0x0000000090100000| Untracked 
| 106|0x0000000090200000, 0x0000000090200000, 0x0000000090300000|  0%| F|  |TAMS 0x0000000090200000, 0x0000000090200000| Untracked 
| 107|0x0000000090300000, 0x0000000090300000, 0x0000000090400000|  0%| F|  |TAMS 0x0000000090300000, 0x0000000090300000| Untracked 
| 108|0x0000000090400000, 0x0000000090400000, 0x0000000090500000|  0%| F|  |TAMS 0x0000000090400000, 0x0000000090400000| Untracked 
| 109|0x0000000090500000, 0x0000000090500000, 0x0000000090600000|  0%| F|  |TAMS 0x0000000090500000, 0x0000000090500000| Untracked 
| 110|0x0000000090600000, 0x0000000090600000, 0x0000000090700000|  0%| F|  |TAMS 0x0000000090600000, 0x0000000090600000| Untracked 
| 111|0x0000000090700000, 0x0000000090700000, 0x0000000090800000|  0%| F|  |TAMS 0x0000000090700000, 0x0000000090700000| Untracked 
| 112|0x0000000090800000, 0x0000000090800000, 0x0000000090900000|  0%| F|  |TAMS 0x0000000090800000, 0x0000000090800000| Untracked 
| 113|0x0000000090900000, 0x0000000090900000, 0x0000000090a00000|  0%| F|  |TAMS 0x0000000090900000, 0x0000000090900000| Untracked 
| 114|0x0000000090a00000, 0x0000000090a00000, 0x0000000090b00000|  0%| F|  |TAMS 0x0000000090a00000, 0x0000000090a00000| Untracked 
| 115|0x0000000090b00000, 0x0000000090b00000, 0x0000000090c00000|  0%| F|  |TAMS 0x0000000090b00000, 0x0000000090b00000| Untracked 
| 116|0x0000000090c00000, 0x0000000090c00000, 0x0000000090d00000|  0%| F|  |TAMS 0x0000000090c00000, 0x0000000090c00000| Untracked 
| 117|0x0000000090d00000, 0x0000000090d00000, 0x0000000090e00000|  0%| F|  |TAMS 0x0000000090d00000, 0x0000000090d00000| Untracked 
| 118|0x0000000090e00000, 0x0000000090e00000, 0x0000000090f00000|  0%| F|  |TAMS 0x0000000090e00000, 0x0000000090e00000| Untracked 
| 119|0x0000000090f00000, 0x0000000090f00000, 0x0000000091000000|  0%| F|  |TAMS 0x0000000090f00000, 0x0000000090f00000| Untracked 

Card table byte_map: [0x0000019f63760000,0x0000019f63b20000] _byte_map_base: 0x0000019f63314000

Marking Bits (Prev, Next): (CMBitMap*) 0x0000019f4a03ee60, (CMBitMap*) 0x0000019f4a03eea0
 Prev Bits: [0x0000019f63ee0000, 0x0000019f65c80000)
 Next Bits: [0x0000019f65c80000, 0x0000019f67a20000)

Polling page: 0x0000019f49cc0000

Metaspace:

Usage:
  Non-class:     41.60 MB used.
      Class:      5.88 MB used.
       Both:     47.48 MB used.

Virtual space:
  Non-class space:       64.00 MB reserved,      42.00 MB ( 66%) committed,  1 nodes.
      Class space:        1.00 GB reserved,       6.31 MB ( <1%) committed,  1 nodes.
             Both:        1.06 GB reserved,      48.31 MB (  4%) committed. 

Chunk freelists:
   Non-Class:  1.97 MB
       Class:  1.73 MB
        Both:  3.70 MB

MaxMetaspaceSize: unlimited
CompressedClassSpaceSize: 1.00 GB
Initial GC threshold: 21.00 MB
Current GC threshold: 58.75 MB
CDS: on
MetaspaceReclaimPolicy: balanced
 - commit_granule_bytes: 65536.
 - commit_granule_words: 8192.
 - virtual_space_node_default_size: 8388608.
 - enlarge_chunks_in_place: 1.
 - new_chunks_are_fully_committed: 0.
 - uncommit_free_chunks: 1.
 - use_allocation_guard: 0.


Internal statistics:

num_allocs_failed_limit: 6.
num_arena_births: 1262.
num_arena_deaths: 0.
num_vsnodes_births: 2.
num_vsnodes_deaths: 0.
num_space_committed: 771.
num_space_uncommitted: 0.
num_chunks_returned_to_freelist: 6.
num_chunks_taken_from_freelist: 3192.
num_chunk_merges: 6.
num_chunk_splits: 2325.
num_chunks_enlarged: 1696.
num_inconsistent_stats: 0.

CodeHeap 'non-profiled nmethods': size=120000Kb used=2153Kb max_used=2153Kb free=117846Kb
 bounds [0x0000019f5b1f0000, 0x0000019f5b460000, 0x0000019f62720000]
CodeHeap 'profiled nmethods': size=120000Kb used=10075Kb max_used=10075Kb free=109924Kb
 bounds [0x0000019f53720000, 0x0000019f54100000, 0x0000019f5ac50000]
CodeHeap 'non-nmethods': size=5760Kb used=1390Kb max_used=1437Kb free=4369Kb
 bounds [0x0000019f5ac50000, 0x0000019f5aec0000, 0x0000019f5b1f0000]
 total_blobs=5633 nmethods=5006 adapters=537
 compilation: enabled
              stopped_count=0, restarted_count=0
 full_count=0

Compilation events (20 events):
Event: 5.399 Thread 0x0000019f6a707420 nmethod 5029 0x0000019f540eed90 code [0x0000019f540ef1a0, 0x0000019f540f11a8]
Event: 5.399 Thread 0x0000019f6a707420 5025       3       org.jetbrains.kotlin.metadata.jvm.JvmProtoBuf$JvmMethodSignature$1::parsePartialFrom (7 bytes)
Event: 5.399 Thread 0x0000019f6a707420 nmethod 5025 0x0000019f540f1f10 code [0x0000019f540f20c0, 0x0000019f540f2208]
Event: 5.399 Thread 0x0000019f6a707420 5028       3       org.jetbrains.kotlin.metadata.jvm.JvmProtoBuf$JvmMethodSignature$1::parsePartialFrom (11 bytes)
Event: 5.399 Thread 0x0000019f6a707420 nmethod 5028 0x0000019f540f2290 code [0x0000019f540f2440, 0x0000019f540f2648]
Event: 5.399 Thread 0x0000019f6a707420 5030       3       org.jetbrains.kotlin.metadata.jvm.JvmProtoBuf$JvmMethodSignature$Builder::mergeFrom (7 bytes)
Event: 5.399 Thread 0x0000019f6a707420 nmethod 5030 0x0000019f540f2790 code [0x0000019f540f2940, 0x0000019f540f2a88]
Event: 5.399 Thread 0x0000019f6a707420 5023   !   2       org.jetbrains.kotlin.metadata.ProtoBuf$TypeTable::<init> (344 bytes)
Event: 5.400 Thread 0x0000019f6a6fc280 nmethod 4935 0x0000019f5b407f90 code [0x0000019f5b408680, 0x0000019f5b409940]
Event: 5.400 Thread 0x0000019f6a6fc280 5013       4       java.util.HashMap::putVal (300 bytes)
Event: 5.401 Thread 0x0000019f6a707420 nmethod 5023 0x0000019f540f2b10 code [0x0000019f540f2e80, 0x0000019f540f4538]
Event: 5.401 Thread 0x0000019f6a707420 5035   !   3       org.jetbrains.kotlin.metadata.jvm.JvmProtoBuf$JvmMethodSignature$Builder::mergeFrom (60 bytes)
Event: 5.401 Thread 0x0000019f6a707420 nmethod 5035 0x0000019f540f5110 code [0x0000019f540f5320, 0x0000019f540f5958]
Event: 5.402 Thread 0x0000019f6a707420 5020       2       org.jetbrains.kotlin.metadata.ProtoBuf$Class::initFields (139 bytes)
Event: 5.402 Thread 0x0000019f6a707420 nmethod 5020 0x0000019f540f5b90 code [0x0000019f540f5da0, 0x0000019f540f65b8]
Event: 5.402 Thread 0x0000019f6a707420 5021       2       org.jetbrains.kotlin.metadata.ProtoBuf$Class$1::parsePartialFrom (7 bytes)
Event: 5.402 Thread 0x0000019f6a707420 nmethod 5021 0x0000019f540f6690 code [0x0000019f540f6840, 0x0000019f540f6968]
Event: 5.402 Thread 0x0000019f6a707420 5022       2       org.jetbrains.kotlin.metadata.ProtoBuf$Class$1::parsePartialFrom (11 bytes)
Event: 5.402 Thread 0x0000019f6a707420 nmethod 5022 0x0000019f540f6a10 code [0x0000019f540f6bc0, 0x0000019f540f6d68]
Event: 5.402 Thread 0x0000019f6a707420 5037   !   3       org.jetbrains.kotlin.metadata.ProtoBuf$TypeParameter::<init> (662 bytes)

GC Heap History (20 events):
Event: 0.722 GC heap after
{Heap after GC invocations=1 (full 0):
 garbage-first heap   total 122880K, used 5920K [0x0000000089800000, 0x0000000100000000)
  region size 1024K, 3 young (3072K), 3 survivors (3072K)
 Metaspace       used 6738K, committed 6912K, reserved 1114112K
  class space    used 660K, committed 768K, reserved 1048576K
}
Event: 1.304 GC heap before
{Heap before GC invocations=1 (full 0):
 garbage-first heap   total 122880K, used 39712K [0x0000000089800000, 0x0000000100000000)
  region size 1024K, 36 young (36864K), 3 survivors (3072K)
 Metaspace       used 14575K, committed 14848K, reserved 1114112K
  class space    used 1614K, committed 1792K, reserved 1048576K
}
Event: 1.315 GC heap after
{Heap after GC invocations=2 (full 0):
 garbage-first heap   total 122880K, used 9448K [0x0000000089800000, 0x0000000100000000)
  region size 1024K, 4 young (4096K), 4 survivors (4096K)
 Metaspace       used 14575K, committed 14848K, reserved 1114112K
  class space    used 1614K, committed 1792K, reserved 1048576K
}
Event: 1.762 GC heap before
{Heap before GC invocations=2 (full 0):
 garbage-first heap   total 122880K, used 35048K [0x0000000089800000, 0x0000000100000000)
  region size 1024K, 27 young (27648K), 4 survivors (4096K)
 Metaspace       used 21233K, committed 21504K, reserved 1114112K
  class space    used 2576K, committed 2688K, reserved 1048576K
}
Event: 1.770 GC heap after
{Heap after GC invocations=3 (full 0):
 garbage-first heap   total 122880K, used 14741K [0x0000000089800000, 0x0000000100000000)
  region size 1024K, 6 young (6144K), 6 survivors (6144K)
 Metaspace       used 21233K, committed 21504K, reserved 1114112K
  class space    used 2576K, committed 2688K, reserved 1048576K
}
Event: 2.336 GC heap before
{Heap before GC invocations=4 (full 0):
 garbage-first heap   total 55296K, used 43413K [0x0000000089800000, 0x0000000100000000)
  region size 1024K, 32 young (32768K), 6 survivors (6144K)
 Metaspace       used 25763K, committed 26048K, reserved 1114112K
  class space    used 3394K, committed 3520K, reserved 1048576K
}
Event: 2.358 GC heap after
{Heap after GC invocations=5 (full 0):
 garbage-first heap   total 55296K, used 20863K [0x0000000089800000, 0x0000000100000000)
  region size 1024K, 4 young (4096K), 4 survivors (4096K)
 Metaspace       used 25763K, committed 26048K, reserved 1114112K
  class space    used 3394K, committed 3520K, reserved 1048576K
}
Event: 2.378 GC heap before
{Heap before GC invocations=5 (full 0):
 garbage-first heap   total 55296K, used 21887K [0x0000000089800000, 0x0000000100000000)
  region size 1024K, 5 young (5120K), 4 survivors (4096K)
 Metaspace       used 25822K, committed 26112K, reserved 1114112K
  class space    used 3398K, committed 3520K, reserved 1048576K
}
Event: 2.387 GC heap after
{Heap after GC invocations=6 (full 0):
 garbage-first heap   total 55296K, used 22152K [0x0000000089800000, 0x0000000100000000)
  region size 1024K, 1 young (1024K), 1 survivors (1024K)
 Metaspace       used 25822K, committed 26112K, reserved 1114112K
  class space    used 3398K, committed 3520K, reserved 1048576K
}
Event: 2.731 GC heap before
{Heap before GC invocations=6 (full 0):
 garbage-first heap   total 55296K, used 40584K [0x0000000089800000, 0x0000000100000000)
  region size 1024K, 20 young (20480K), 1 survivors (1024K)
 Metaspace       used 29607K, committed 29888K, reserved 1114112K
  class space    used 3782K, committed 3904K, reserved 1048576K
}
Event: 2.737 GC heap after
{Heap after GC invocations=7 (full 0):
 garbage-first heap   total 55296K, used 22104K [0x0000000089800000, 0x0000000100000000)
  region size 1024K, 3 young (3072K), 3 survivors (3072K)
 Metaspace       used 29607K, committed 29888K, reserved 1114112K
  class space    used 3782K, committed 3904K, reserved 1048576K
}
Event: 3.112 GC heap before
{Heap before GC invocations=7 (full 0):
 garbage-first heap   total 55296K, used 40536K [0x0000000089800000, 0x0000000100000000)
  region size 1024K, 21 young (21504K), 3 survivors (3072K)
 Metaspace       used 32869K, committed 33280K, reserved 1114112K
  class space    used 4089K, committed 4288K, reserved 1048576K
}
Event: 3.120 GC heap after
{Heap after GC invocations=8 (full 0):
 garbage-first heap   total 110592K, used 23983K [0x0000000089800000, 0x0000000100000000)
  region size 1024K, 2 young (2048K), 2 survivors (2048K)
 Metaspace       used 32869K, committed 33280K, reserved 1114112K
  class space    used 4089K, committed 4288K, reserved 1048576K
}
Event: 3.386 GC heap before
{Heap before GC invocations=8 (full 0):
 garbage-first heap   total 110592K, used 38319K [0x0000000089800000, 0x0000000100000000)
  region size 1024K, 17 young (17408K), 2 survivors (2048K)
 Metaspace       used 35268K, committed 35968K, reserved 1114112K
  class space    used 4414K, committed 4800K, reserved 1048576K
}
Event: 3.392 GC heap after
{Heap after GC invocations=9 (full 0):
 garbage-first heap   total 110592K, used 25041K [0x0000000089800000, 0x0000000100000000)
  region size 1024K, 3 young (3072K), 3 survivors (3072K)
 Metaspace       used 35268K, committed 35968K, reserved 1114112K
  class space    used 4414K, committed 4800K, reserved 1048576K
}
Event: 4.801 GC heap before
{Heap before GC invocations=10 (full 0):
 garbage-first heap   total 89088K, used 78289K [0x0000000089800000, 0x0000000100000000)
  region size 1024K, 52 young (53248K), 3 survivors (3072K)
 Metaspace       used 46699K, committed 47552K, reserved 1114112K
  class space    used 5834K, committed 6272K, reserved 1048576K
}
Event: 4.818 GC heap after
{Heap after GC invocations=11 (full 0):
 garbage-first heap   total 89088K, used 33282K [0x0000000089800000, 0x0000000100000000)
  region size 1024K, 7 young (7168K), 7 survivors (7168K)
 Metaspace       used 46699K, committed 47552K, reserved 1114112K
  class space    used 5834K, committed 6272K, reserved 1048576K
}
Event: 4.820 GC heap before
{Heap before GC invocations=11 (full 0):
 garbage-first heap   total 89088K, used 34306K [0x0000000089800000, 0x0000000100000000)
  region size 1024K, 8 young (8192K), 7 survivors (7168K)
 Metaspace       used 46711K, committed 47552K, reserved 1114112K
  class space    used 5834K, committed 6272K, reserved 1048576K
}
Event: 4.832 GC heap after
{Heap after GC invocations=12 (full 0):
 garbage-first heap   total 89088K, used 34192K [0x0000000089800000, 0x0000000100000000)
  region size 1024K, 1 young (1024K), 1 survivors (1024K)
 Metaspace       used 46711K, committed 47552K, reserved 1114112K
  class space    used 5834K, committed 6272K, reserved 1048576K
}
Event: 5.406 GC heap before
{Heap before GC invocations=12 (full 0):
 garbage-first heap   total 89088K, used 66960K [0x0000000089800000, 0x0000000100000000)
  region size 1024K, 33 young (33792K), 1 survivors (1024K)
 Metaspace       used 48615K, committed 49472K, reserved 1114112K
  class space    used 6020K, committed 6464K, reserved 1048576K
}

Dll operation events (7 events):
Event: 0.008 Loaded shared library C:\Program Files\Java\jdk-19\bin\java.dll
Event: 0.017 Loaded shared library C:\Program Files\Java\jdk-19\bin\jsvml.dll
Event: 0.052 Loaded shared library C:\Program Files\Java\jdk-19\bin\net.dll
Event: 0.253 Loaded shared library C:\Program Files\Java\jdk-19\bin\nio.dll
Event: 0.280 Loaded shared library C:\Program Files\Java\jdk-19\bin\zip.dll
Event: 0.516 Loaded shared library C:\Program Files\Java\jdk-19\bin\jimage.dll
Event: 1.137 Loaded shared library C:\Program Files\Java\jdk-19\bin\verify.dll

Deoptimization events (20 events):
Event: 4.965 Thread 0x0000019f49fde860 Uncommon trap: trap_request=0xffffff45 fr.pc=0x0000019f5b385bdc relative=0x000000000000019c
Event: 4.965 Thread 0x0000019f49fde860 Uncommon trap: reason=unstable_if action=reinterpret pc=0x0000019f5b385bdc method=java.util.HashMap.getNode(Ljava/lang/Object;)Ljava/util/HashMap$Node; @ 66 c2
Event: 4.965 Thread 0x0000019f49fde860 DEOPT PACKING pc=0x0000019f5b385bdc sp=0x0000004a198fd2f0
Event: 4.965 Thread 0x0000019f49fde860 DEOPT UNPACKING pc=0x0000019f5acb6da3 sp=0x0000004a198fd1f8 mode 2
Event: 4.965 Thread 0x0000019f49fde860 Uncommon trap: trap_request=0xffffff45 fr.pc=0x0000019f5b382334 relative=0x0000000000000814
Event: 4.965 Thread 0x0000019f49fde860 Uncommon trap: reason=unstable_if action=reinterpret pc=0x0000019f5b382334 method=java.util.HashMap.putVal(ILjava/lang/Object;Ljava/lang/Object;ZZ)Ljava/lang/Object; @ 94 c2
Event: 4.965 Thread 0x0000019f49fde860 DEOPT PACKING pc=0x0000019f5b382334 sp=0x0000004a198fd1c0
Event: 4.965 Thread 0x0000019f49fde860 DEOPT UNPACKING pc=0x0000019f5acb6da3 sp=0x0000004a198fd188 mode 2
Event: 5.068 Thread 0x0000019f49fde860 Uncommon trap: trap_request=0xffffff45 fr.pc=0x0000019f5b242768 relative=0x00000000000001a8
Event: 5.068 Thread 0x0000019f49fde860 Uncommon trap: reason=unstable_if action=reinterpret pc=0x0000019f5b242768 method=java.util.HashMap.getNode(Ljava/lang/Object;)Ljava/util/HashMap$Node; @ 66 c2
Event: 5.068 Thread 0x0000019f49fde860 DEOPT PACKING pc=0x0000019f5b242768 sp=0x0000004a198fc640
Event: 5.068 Thread 0x0000019f49fde860 DEOPT UNPACKING pc=0x0000019f5acb6da3 sp=0x0000004a198fc5b0 mode 2
Event: 5.102 Thread 0x0000019f49fde860 DEOPT PACKING pc=0x0000019f53dd8865 sp=0x0000004a198fb6a0
Event: 5.102 Thread 0x0000019f49fde860 DEOPT UNPACKING pc=0x0000019f5acb7543 sp=0x0000004a198faaf0 mode 0
Event: 5.310 Thread 0x0000019f49fde860 Uncommon trap: trap_request=0xffffff45 fr.pc=0x0000019f5b3f7630 relative=0x0000000000000210
Event: 5.310 Thread 0x0000019f49fde860 Uncommon trap: reason=unstable_if action=reinterpret pc=0x0000019f5b3f7630 method=org.jetbrains.kotlin.name.Name.hashCode()I @ 16 c2
Event: 5.310 Thread 0x0000019f49fde860 DEOPT PACKING pc=0x0000019f5b3f7630 sp=0x0000004a198fd5b0
Event: 5.310 Thread 0x0000019f49fde860 DEOPT UNPACKING pc=0x0000019f5acb6da3 sp=0x0000004a198fd548 mode 2
Event: 5.394 Thread 0x0000019f49fde860 DEOPT PACKING pc=0x0000019f53dd8865 sp=0x0000004a198facc0
Event: 5.394 Thread 0x0000019f49fde860 DEOPT UNPACKING pc=0x0000019f5acb7543 sp=0x0000004a198fa110 mode 0

Classes loaded (20 events):
Event: 4.627 Loading class java/util/stream/Nodes$SpinedNodeBuilder
Event: 4.627 Loading class java/util/stream/SpinedBuffer
Event: 4.628 Loading class java/util/stream/AbstractSpinedBuffer
Event: 4.628 Loading class java/util/stream/AbstractSpinedBuffer done
Event: 4.628 Loading class java/util/stream/SpinedBuffer done
Event: 4.628 Loading class java/util/stream/Nodes$SpinedNodeBuilder done
Event: 4.661 Loading class java/util/Comparators$NaturalOrderComparator
Event: 4.661 Loading class java/util/Comparators$NaturalOrderComparator done
Event: 4.661 Loading class java/util/Comparators$NullComparator
Event: 4.662 Loading class java/util/Comparators$NullComparator done
Event: 4.664 Loading class java/util/stream/SortedOps
Event: 4.665 Loading class java/util/stream/SortedOps done
Event: 4.665 Loading class java/util/stream/SortedOps$OfRef
Event: 4.665 Loading class java/util/stream/ReferencePipeline$StatefulOp
Event: 4.666 Loading class java/util/stream/ReferencePipeline$StatefulOp done
Event: 4.666 Loading class java/util/stream/SortedOps$OfRef done
Event: 4.666 Loading class java/util/stream/SortedOps$RefSortingSink
Event: 4.667 Loading class java/util/stream/SortedOps$AbstractRefSortingSink
Event: 4.667 Loading class java/util/stream/SortedOps$AbstractRefSortingSink done
Event: 4.667 Loading class java/util/stream/SortedOps$RefSortingSink done

Classes unloaded (0 events):
No events

Classes redefined (0 events):
No events

Internal exceptions (20 events):
Event: 3.292 Thread 0x0000019f49fde860 Exception <a 'java/lang/NoSuchMethodError'{0x000000008fac5cd0}: 'java.lang.Object java.lang.invoke.DelegatingMethodHandle$Holder.reinvoke_L(java.lang.Object, java.lang.Object, java.lang.Object, java.lang.Object, java.lang.Object, java.lang.Object, java.lang.Object, java.lang.Object, java.lang.Object, java.lang.Object, java.lang.Object, java.lang.Object, java.lang.Object, java.lang.Object, java.lang.Object, java.lang.Object, java.lang.Object, java.lang.Object, java.lang.Object)'> (0x000000008fac5cd0) 
throw
Event: 3.309 Thread 0x0000019f49fde860 Exception <a 'java/lang/NoSuchMethodError'{0x000000008f81e610}: 'java.lang.Object java.lang.invoke.DirectMethodHandle$Holder.newInvokeSpecial(java.lang.Object, java.lang.Object, java.lang.Object, java.lang.Object, java.lang.Object, java.lang.Object, java.lang.Object, java.lang.Object, java.lang.Object, java.lang.Object, java.lang.Object, java.lang.Object, java.lang.Object)'> (0x000000008f81e610) 
thrown [s\open\src\hotspot\share\interpreter\linkResolver.cpp, line 774]
Event: 3.310 Thread 0x0000019f49fde860 Exception <a 'java/lang/NoSuchMethodError'{0x000000008f823818}: 'java.lang.Object java.lang.invoke.DirectMethodHandle$Holder.invokeSpecial(java.lang.Object, java.lang.Object, java.lang.Object, java.lang.Object, java.lang.Object, java.lang.Object, java.lang.Object, java.lang.Object, java.lang.Object, java.lang.Object, java.lang.Object, java.lang.Object, java.lang.Object, java.lang.Object)'> (0x000000008f823818) 
thrown [s\open\src\hotspot\share\interpreter\linkResolver.cpp, line 774]
Event: 3.310 Thread 0x0000019f49fde860 Exception <a 'java/lang/NoSuchMethodError'{0x000000008f827fd8}: 'java.lang.Object java.lang.invoke.DelegatingMethodHandle$Holder.reinvoke_L(java.lang.Object, java.lang.Object, java.lang.Object, java.lang.Object, java.lang.Object, java.lang.Object, java.lang.Object, java.lang.Object, java.lang.Object, java.lang.Object, java.lang.Object, java.lang.Object, java.lang.Object)'> (0x000000008f827fd8) 
thrown [s\open\src\hotspot\share\interpreter\linkResolver.cpp, line 774]
Event: 3.435 Thread 0x0000019f49fde860 Exception <a 'java/lang/NoSuchMethodError'{0x000000008ea111a8}: 'java.lang.Object java.lang.invoke.DirectMethodHandle$Holder.newInvokeSpecial(java.lang.Object, java.lang.Object, int)'> (0x000000008ea111a8) 
thrown [s\open\src\hotspot\share\interpreter\linkResolver.cpp, line 774]
Event: 3.565 Thread 0x0000019f49fde860 Exception <a 'java/lang/NoSuchMethodError'{0x000000008e7d94f8}: 'java.lang.Object java.lang.invoke.DirectMethodHandle$Holder.newInvokeSpecial(java.lang.Object, java.lang.Object, java.lang.Object, int)'> (0x000000008e7d94f8) 
thrown [s\open\src\hotspot\share\interpreter\linkResolver.cpp, line 774]
Event: 3.566 Thread 0x0000019f49fde860 Exception <a 'java/lang/NoSuchMethodError'{0x000000008e7dd8c8}: 'java.lang.Object java.lang.invoke.DirectMethodHandle$Holder.invokeSpecial(java.lang.Object, java.lang.Object, java.lang.Object, java.lang.Object, int)'> (0x000000008e7dd8c8) 
thrown [s\open\src\hotspot\share\interpreter\linkResolver.cpp, line 774]
Event: 3.566 Thread 0x0000019f49fde860 Exception <a 'java/lang/NoSuchMethodError'{0x000000008e7e1290}: 'java.lang.Object java.lang.invoke.Invokers$Holder.linkToTargetMethod(java.lang.Object, java.lang.Object, int, java.lang.Object)'> (0x000000008e7e1290) 
thrown [s\open\src\hotspot\share\interpreter\linkResolver.cpp, line 774]
Event: 4.222 Thread 0x0000019f49fde860 Implicit null exception at 0x0000019f5b38f0db to 0x0000019f5b38f390
Event: 4.347 Thread 0x0000019f49fde860 Exception <a 'java/lang/NoSuchMethodError'{0x000000008cbb8458}: 'java.lang.Object java.lang.invoke.DirectMethodHandle$Holder.newInvokeSpecial(java.lang.Object, java.lang.Object, java.lang.Object, java.lang.Object, int)'> (0x000000008cbb8458) 
thrown [s\open\src\hotspot\share\interpreter\linkResolver.cpp, line 774]
Event: 4.348 Thread 0x0000019f49fde860 Exception <a 'java/lang/NoSuchMethodError'{0x000000008cbbcd08}: 'java.lang.Object java.lang.invoke.DirectMethodHandle$Holder.invokeSpecial(java.lang.Object, java.lang.Object, java.lang.Object, java.lang.Object, java.lang.Object, int)'> (0x000000008cbbcd08) 
thrown [s\open\src\hotspot\share\interpreter\linkResolver.cpp, line 774]
Event: 4.348 Thread 0x0000019f49fde860 Exception <a 'java/lang/NoSuchMethodError'{0x000000008cbc0f68}: 'java.lang.Object java.lang.invoke.Invokers$Holder.linkToTargetMethod(java.lang.Object, java.lang.Object, java.lang.Object, int, java.lang.Object)'> (0x000000008cbc0f68) 
thrown [s\open\src\hotspot\share\interpreter\linkResolver.cpp, line 774]
Event: 4.480 Thread 0x0000019f49fde860 Exception <a 'java/lang/NoSuchMethodError'{0x000000008c71efe8}: 'void java.lang.invoke.DirectMethodHandle$Holder.invokeSpecial(java.lang.Object, java.lang.Object, int, java.lang.Object)'> (0x000000008c71efe8) 
thrown [s\open\src\hotspot\share\interpreter\linkResolver.cpp, line 774]
Event: 4.585 Thread 0x0000019f49fde860 Exception <a 'java/lang/NoSuchMethodError'{0x000000008c5e4f20}: 'int java.lang.invoke.DirectMethodHandle$Holder.invokeVirtual(java.lang.Object, java.lang.Object, java.lang.Object)'> (0x000000008c5e4f20) 
thrown [s\open\src\hotspot\share\interpreter\linkResolver.cpp, line 774]
Event: 4.591 Thread 0x0000019f49fde860 Exception <a 'java/lang/NoSuchMethodError'{0x000000008c40e688}: 'java.lang.Object java.lang.invoke.DirectMethodHandle$Holder.invokeStaticInit(java.lang.Object, java.lang.Object, java.lang.Object)'> (0x000000008c40e688) 
thrown [s\open\src\hotspot\share\interpreter\linkResolver.cpp, line 774]
Event: 4.624 Thread 0x0000019f49fde860 Exception <a 'java/lang/NoSuchMethodError'{0x000000008c4e90d0}: 'void java.lang.invoke.DirectMethodHandle$Holder.invokeInterface(java.lang.Object, java.lang.Object)'> (0x000000008c4e90d0) 
thrown [s\open\src\hotspot\share\interpreter\linkResolver.cpp, line 774]
Event: 4.663 Thread 0x0000019f49fde860 Exception <a 'java/lang/NoSuchMethodError'{0x000000008c3c8710}: 'int java.lang.invoke.DirectMethodHandle$Holder.invokeSpecialIFC(java.lang.Object, java.lang.Object, java.lang.Object, java.lang.Object, java.lang.Object)'> (0x000000008c3c8710) 
thrown [s\open\src\hotspot\share\interpreter\linkResolver.cpp, line 774]
Event: 4.669 Thread 0x0000019f49fde860 Exception <a 'java/lang/NoSuchMethodError'{0x000000008c3e9958}: 'void java.lang.invoke.DirectMethodHandle$Holder.invokeInterface(java.lang.Object, java.lang.Object, java.lang.Object)'> (0x000000008c3e9958) 
thrown [s\open\src\hotspot\share\interpreter\linkResolver.cpp, line 774]
Event: 4.730 Thread 0x0000019f49fde860 Exception <a 'java/lang/IncompatibleClassChangeError'{0x000000008c2e3060}: Found class java.lang.Object, but interface was expected> (0x000000008c2e3060) 
thrown [s\open\src\hotspot\share\interpreter\linkResolver.cpp, line 841]
Event: 4.965 Thread 0x0000019f49fde860 Implicit null exception at 0x0000019f5b258476 to 0x0000019f5b258aa0

VM Operations (20 events):
Event: 4.478 Executing VM operation: HandshakeAllThreads done
Event: 4.482 Executing VM operation: HandshakeAllThreads
Event: 4.482 Executing VM operation: HandshakeAllThreads done
Event: 4.621 Executing VM operation: HandshakeAllThreads
Event: 4.621 Executing VM operation: HandshakeAllThreads done
Event: 4.684 Executing VM operation: HandshakeAllThreads
Event: 4.684 Executing VM operation: HandshakeAllThreads done
Event: 4.801 Executing VM operation: G1CollectForAllocation
Event: 4.818 Executing VM operation: G1CollectForAllocation done
Event: 4.820 Executing VM operation: G1CollectForAllocation
Event: 4.832 Executing VM operation: G1CollectForAllocation done
Event: 5.118 Executing VM operation: ICBufferFull
Event: 5.118 Executing VM operation: ICBufferFull done
Event: 5.286 Executing VM operation: HandshakeAllThreads
Event: 5.286 Executing VM operation: HandshakeAllThreads done
Event: 5.288 Executing VM operation: HandshakeAllThreads
Event: 5.288 Executing VM operation: HandshakeAllThreads done
Event: 5.384 Executing VM operation: ICBufferFull
Event: 5.384 Executing VM operation: ICBufferFull done
Event: 5.406 Executing VM operation: G1CollectForAllocation

Events (15 events):
Event: 0.017 Thread 0x0000019f49fde860 Thread added: 0x0000019f49fde860
Event: 0.029 Thread 0x0000019f6a6f27c0 Thread added: 0x0000019f6a6f27c0
Event: 0.029 Thread 0x0000019f6a6f37c0 Thread added: 0x0000019f6a6f37c0
Event: 0.029 Thread 0x0000019f6a6f4db0 Thread added: 0x0000019f6a6f4db0
Event: 0.029 Thread 0x0000019f6a6f66f0 Thread added: 0x0000019f6a6f66f0
Event: 0.029 Thread 0x0000019f6a6f7020 Thread added: 0x0000019f6a6f7020
Event: 0.029 Thread 0x0000019f6a6f7a90 Thread added: 0x0000019f6a6f7a90
Event: 0.029 Thread 0x0000019f6a6fc280 Thread added: 0x0000019f6a6fc280
Event: 0.029 Thread 0x0000019f6a707420 Thread added: 0x0000019f6a707420
Event: 0.030 Thread 0x0000019f6a713990 Thread added: 0x0000019f6a713990
Event: 0.047 Thread 0x0000019f6e9f81b0 Thread added: 0x0000019f6e9f81b0
Event: 0.049 Thread 0x0000019f6e9f7c60 Thread added: 0x0000019f6e9f7c60
Event: 0.267 Thread 0x0000019f6ea58d90 Thread added: 0x0000019f6ea58d90
Event: 1.461 Thread 0x0000019f6fa9ec20 Thread added: 0x0000019f6fa9ec20
Event: 2.576 Thread 0x0000019f6fa9ec20 Thread exited: 0x0000019f6fa9ec20


Dynamic libraries:
0x00007ff7d1e90000 - 0x00007ff7d1ea0000 	C:\Program Files\Java\jdk-19\bin\java.exe
0x00007ffc34810000 - 0x00007ffc34a08000 	C:\Windows\SYSTEM32\ntdll.dll
0x00007ffc331c0000 - 0x00007ffc3327d000 	C:\Windows\System32\KERNEL32.DLL
0x00007ffc32130000 - 0x00007ffc32402000 	C:\Windows\System32\KERNELBASE.dll
0x00007ffc32030000 - 0x00007ffc32130000 	C:\Windows\System32\ucrtbase.dll
0x00007ffc27400000 - 0x00007ffc27418000 	C:\Program Files\Java\jdk-19\bin\jli.dll
0x00007ffc2a8e0000 - 0x00007ffc2a8fb000 	C:\Program Files\Java\jdk-19\bin\VCRUNTIME140.dll
0x00007ffc33c50000 - 0x00007ffc33cfe000 	C:\Windows\System32\ADVAPI32.dll
0x00007ffc32d30000 - 0x00007ffc32dce000 	C:\Windows\System32\msvcrt.dll
0x00007ffc32e30000 - 0x00007ffc32ecc000 	C:\Windows\System32\sechost.dll
0x00007ffc33d00000 - 0x00007ffc33e25000 	C:\Windows\System32\RPCRT4.dll
0x00007ffc34630000 - 0x00007ffc347cd000 	C:\Windows\System32\USER32.dll
0x00007ffc32410000 - 0x00007ffc32432000 	C:\Windows\System32\win32u.dll
0x00007ffc205f0000 - 0x00007ffc2088a000 	C:\Windows\WinSxS\amd64_microsoft.windows.common-controls_6595b64144ccf1df_6.0.19041.1110_none_60b5254171f9507e\COMCTL32.dll
0x00007ffc33c20000 - 0x00007ffc33c4b000 	C:\Windows\System32\GDI32.dll
0x00007ffc32440000 - 0x00007ffc3254f000 	C:\Windows\System32\gdi32full.dll
0x00007ffc31f20000 - 0x00007ffc31fbd000 	C:\Windows\System32\msvcp_win.dll
0x00007ffc279a0000 - 0x00007ffc279aa000 	C:\Windows\SYSTEM32\VERSION.dll
0x00007ffc32870000 - 0x00007ffc328a0000 	C:\Windows\System32\IMM32.DLL
0x00007ffc2ab80000 - 0x00007ffc2ab8c000 	C:\Program Files\Java\jdk-19\bin\vcruntime140_1.dll
0x00007ffbfa0d0000 - 0x00007ffbfa15e000 	C:\Program Files\Java\jdk-19\bin\msvcp140.dll
0x00007ffbeaf60000 - 0x00007ffbebc20000 	C:\Program Files\Java\jdk-19\bin\server\jvm.dll
0x00007ffc2a1f0000 - 0x00007ffc2a1f9000 	C:\Windows\SYSTEM32\WSOCK32.dll
0x00007ffc33b50000 - 0x00007ffc33bbb000 	C:\Windows\System32\WS2_32.dll
0x00007ffc27970000 - 0x00007ffc27997000 	C:\Windows\SYSTEM32\WINMM.dll
0x00007ffc2fde0000 - 0x00007ffc2fdf2000 	C:\Windows\SYSTEM32\kernel.appcore.dll
0x00007ffc272a0000 - 0x00007ffc272aa000 	C:\Program Files\Java\jdk-19\bin\jimage.dll
0x00007ffc27b90000 - 0x00007ffc27d74000 	C:\Windows\SYSTEM32\DBGHELP.DLL
0x00007ffc27820000 - 0x00007ffc2784c000 	C:\Windows\SYSTEM32\dbgcore.DLL
0x00007ffc32580000 - 0x00007ffc32602000 	C:\Windows\System32\bcryptPrimitives.dll
0x00007ffc0e4c0000 - 0x00007ffc0e4e6000 	C:\Program Files\Java\jdk-19\bin\java.dll
0x00007ffbf5000000 - 0x00007ffbf50d7000 	C:\Program Files\Java\jdk-19\bin\jsvml.dll
0x00007ffc33280000 - 0x00007ffc339c3000 	C:\Windows\System32\SHELL32.dll
0x00007ffc2ffe0000 - 0x00007ffc30771000 	C:\Windows\SYSTEM32\windows.storage.dll
0x00007ffc328a0000 - 0x00007ffc32bf4000 	C:\Windows\System32\combase.dll
0x00007ffc31910000 - 0x00007ffc31940000 	C:\Windows\SYSTEM32\Wldp.dll
0x00007ffc33fe0000 - 0x00007ffc3408d000 	C:\Windows\System32\SHCORE.dll
0x00007ffc33e40000 - 0x00007ffc33e95000 	C:\Windows\System32\shlwapi.dll
0x00007ffc31e60000 - 0x00007ffc31e7f000 	C:\Windows\SYSTEM32\profapi.dll
0x00007ffc13570000 - 0x00007ffc13583000 	C:\Program Files\Java\jdk-19\bin\net.dll
0x00007ffc28e80000 - 0x00007ffc28f8d000 	C:\Windows\SYSTEM32\WINHTTP.dll
0x00007ffc17790000 - 0x00007ffc1779b000 	C:\Program Files\Common Files\SocksEscort\escortdrv.dll
0x00007ffc33090000 - 0x00007ffc331ba000 	C:\Windows\System32\ole32.dll
0x00007ffc17750000 - 0x00007ffc17782000 	C:\Program Files\Common Files\SocksEscort\escengine.dll
0x00007ffc31600000 - 0x00007ffc3166a000 	C:\Windows\system32\mswsock.dll
0x00007ffc0daa0000 - 0x00007ffc0dab6000 	C:\Program Files\Java\jdk-19\bin\nio.dll
0x00007ffc0d8b0000 - 0x00007ffc0d8c8000 	C:\Program Files\Java\jdk-19\bin\zip.dll
0x00007ffc21060000 - 0x00007ffc21070000 	C:\Program Files\Java\jdk-19\bin\verify.dll

dbghelp: loaded successfully - version: 4.0.5 - missing functions: none
symbol engine: initialized successfully - sym options: 0x614 - pdb path: .;C:\Program Files\Java\jdk-19\bin;C:\Windows\SYSTEM32;C:\Windows\WinSxS\amd64_microsoft.windows.common-controls_6595b64144ccf1df_6.0.19041.1110_none_60b5254171f9507e;C:\Program Files\Java\jdk-19\bin\server;C:\Program Files\Common Files\SocksEscort

VM Arguments:
java_command: org.jetbrains.kotlin.cli.jvm.K2JVMCompiler @D:\study\da_nen_tang\facebook-app-clone\node_modules\react-native-safe-area-context\android\build\20240104_2545070025115974624.compiler.options
java_class_path (initial): C:\Users\ADMIN\.gradle\caches\modules-2\files-2.1\org.jetbrains.kotlin\kotlin-compiler-embeddable\1.6.20\18f66cca4301c12893ebe4ef47d65c3d9d2bff9b\kotlin-compiler-embeddable-1.6.20.jar;C:\Users\ADMIN\.gradle\caches\modules-2\files-2.1\org.jetbrains.kotlin\kotlin-reflect\1.6.20\669965154723f1a712e8677af0cc5470dfdab81c\kotlin-reflect-1.6.20.jar;C:\Users\ADMIN\.gradle\caches\modules-2\files-2.1\org.jetbrains.kotlin\kotlin-stdlib\1.6.20\6cedc143badbb4f1c6b7f5a340b04edff1743208\kotlin-stdlib-1.6.20.jar;C:\Users\ADMIN\.gradle\caches\modules-2\files-2.1\org.jetbrains.kotlin\kotlin-script-runtime\1.6.20\a115c367e0fd9c8909293b208689afca0c88a6f1\kotlin-script-runtime-1.6.20.jar;C:\Users\ADMIN\.gradle\caches\modules-2\files-2.1\org.jetbrains.kotlin\kotlin-daemon-embeddable\1.6.20\d4cac343029f48f106c57f457384771165d7deb5\kotlin-daemon-embeddable-1.6.20.jar;C:\Users\ADMIN\.gradle\caches\modules-2\files-2.1\org.jetbrains.intellij.deps\trove4j\1.0.20200330\3afb14d5f9ceb459d724e907a21145e8ff394f02\trove4j-1.0.20200330.jar;C:\Users\ADMIN\.gradle\caches\modules-2\files-2.1\net.java.dev.jna\jna\5.6.0\330f2244e9030119ab3030fc3fededc86713d9cc\jna-5.6.0.jar;C:\Users\ADMIN\.gradle\caches\modules-2\files-2.1\org.jetbrains.kotlin\kotlin-stdlib-common\1.6.20\27b4562b6713d70f458c6d7ea39aadacb8e6a92b\kotlin-stdlib-common-1.6.20.jar;C:\Users\ADMIN\.gradle\caches\modules-2\files-2.1\org.jetbrains\annotations\13.0\919f0dfe192fb4e063e7dacadee7f8bb9a2672a9\annotations-13.0.jar
Launcher Type: SUN_STANDARD

[Global flags]
     intx CICompilerCount                          = 4                                         {product} {ergonomic}
     uint ConcGCThreads                            = 3                                         {product} {ergonomic}
     uint G1ConcRefinementThreads                  = 10                                        {product} {ergonomic}
   size_t G1HeapRegionSize                         = 1048576                                   {product} {ergonomic}
    uintx GCDrainStackTargetSize                   = 64                                        {product} {ergonomic}
   size_t InitialHeapSize                          = 125829120                                 {product} {ergonomic}
   size_t MarkStackSize                            = 4194304                                   {product} {ergonomic}
   size_t MaxHeapSize                              = 1988100096                                {product} {ergonomic}
   size_t MaxNewSize                               = 1192230912                                {product} {ergonomic}
   size_t MinHeapDeltaBytes                        = 1048576                                   {product} {ergonomic}
   size_t MinHeapSize                              = 8388608                                   {product} {ergonomic}
    uintx NonNMethodCodeHeapSize                   = 5839372                                {pd product} {ergonomic}
    uintx NonProfiledCodeHeapSize                  = 122909434                              {pd product} {ergonomic}
    uintx ProfiledCodeHeapSize                     = 122909434                              {pd product} {ergonomic}
    uintx ReservedCodeCacheSize                    = 251658240                              {pd product} {ergonomic}
     bool SegmentedCodeCache                       = true                                      {product} {ergonomic}
   size_t SoftMaxHeapSize                          = 1988100096                             {manageable} {ergonomic}
     bool UseCompressedClassPointers               = true                           {product lp64_product} {ergonomic}
     bool UseCompressedOops                        = true                           {product lp64_product} {ergonomic}
     bool UseG1GC                                  = true                                      {product} {ergonomic}
     bool UseLargePagesIndividualAllocation        = false                                  {pd product} {ergonomic}

Logging:
Log output configuration:
 #0: stdout all=warning uptime,level,tags foldmultilines=false
 #1: stderr all=off uptime,level,tags foldmultilines=false

Environment Variables:
JAVA_HOME=C:\Program Files\Java\jdk-19
CLASSPATH=D:\study\da_nen_tang\facebook-app-clone\android\\gradle\wrapper\gradle-wrapper.jar
PATH=D:\study\da_nen_tang\facebook-app-clone\node_modules\.bin;D:\study\da_nen_tang\node_modules\.bin;D:\study\node_modules\.bin;D:\node_modules\.bin;C:\Users\ADMIN\AppData\Roaming\nvm\v16.15.0\node_modules\npm\node_modules\@npmcli\run-script\lib\node-gyp-bin;C:\Users\ADMIN\AppData\Local\Temp\yarn--1704381234538-0.9239813843954481;D:\study\da_nen_tang\facebook-app-clone\node_modules\.bin;C:\Users\ADMIN\AppData\Local\Yarn\Data\link\node_modules\.bin;C:\Users\ADMIN\AppData\Local\Yarn\bin;C:\Program Files\libexec\lib\node_modules\npm\bin\node-gyp-bin;C:\Program Files\lib\node_modules\npm\bin\node-gyp-bin;C:\Program Files\nodejs\node_modules\npm\bin\node-gyp-bin;C:\Program Files\Common Files\Oracle\Java\javapath;C:\Windows\system32;C:\Windows;C:\Windows\System32\Wbem;C:\Windows\System32\WindowsPowerShell\v1.0\;C:\Windows\System32\OpenSSH\;C:\Program Files\Java\jdk-19\bin;C:\Program Files\Git\cmd;C:\MinGW\bin;C:\Users\ADMIN\AppData\Roaming\nvm;C:\Program Files\nodejs;C:\Users\ADMIN\AppData\Local\Android\Sdk\platform-tools;C:\Program Files\MySQL\MySQL Shell 8.0\bin\;C:\Users\ADMIN\AppData\Local\Microsoft\WindowsApps;C:\Users\ADMIN\AppData\Local\Programs\Microsoft VS Code\bin;C:\Users\ADMIN\AppData\Local\Programs\Python\Python311;C:\Users\ADMIN\AppData\Local\Programs\Python\Python311\Scripts;C:\Users\ADMIN\AppData\Roaming\npm;C:\Users\ADMIN\AppData\Local\Programs\EmEditor;C:\Users\ADMIN\AppData\Roaming\nvm;C:\Program Files\nodejs;
USERNAME=ADMIN
LANG=en_US.UTF-8
OS=Windows_NT
PROCESSOR_IDENTIFIER=AMD64 Family 23 Model 96 Stepping 1, AuthenticAMD
TMP=C:\Users\ADMIN\AppData\Local\Temp
TEMP=C:\Users\ADMIN\AppData\Local\Temp



---------------  S Y S T E M  ---------------

OS:
 Windows 10 , 64 bit Build 19041 (10.0.19041.1889)
OS uptime: 0 days 8:45 hours

CPU: total 12 (initial active 12) (12 cores per cpu, 2 threads per core) family 23 model 96 stepping 1 microcode 0x0, cx8, cmov, fxsr, ht, mmx, 3dnowpref, sse, sse2, sse3, ssse3, sse4a, sse4.1, sse4.2, popcnt, lzcnt, tsc, tscinvbit, avx, avx2, aes, clmul, bmi1, bmi2, adx, sha, fma, vzeroupper, clflush, clflushopt, rdtscp, rdpid

Memory: 4k page, system-wide physical 7579M (458M free)
TotalPageFile size 11675M (AvailPageFile size 83M)
current process WorkingSet (physical memory assigned to process): 233M, peak: 255M
current process commit charge ("private bytes"): 313M, peak: 424M

vm_info: Java HotSpot(TM) 64-Bit Server VM (19.0.1+10-21) for windows-amd64 JRE (19.0.1+10-21), built on 2022-09-14T12:45:06Z by "mach5one" with MS VC++ 17.1 (VS2022)

END.
