#
# There is insufficient memory for the Java Runtime Environment to continue.
# Native memory allocation (malloc) failed to allocate 135296 bytes for Chunk::new
# Possible reasons:
#   The system is out of physical RAM or swap space
#   The process is running with CompressedOops enabled, and the Java Heap may be blocking the growth of the native heap
# Possible solutions:
#   Reduce memory load on the system
#   Increase physical memory or swap space
#   Check if swap backing store is full
#   Decrease Java heap size (-Xmx/-Xms)
#   Decrease number of Java threads
#   Decrease Java thread stack sizes (-Xss)
#   Set larger code cache with -XX:ReservedCodeCacheSize=
#   JVM is running with Unscaled Compressed Oops mode in which the Java heap is
#     placed in the first 4GB address space. The Java Heap base address is the
#     maximum limit for the native heap growth. Please use -XX:HeapBaseMinAddress
#     to set the Java Heap base and to place the Java Heap above 4GB virtual address.
# This output file may be truncated or incomplete.
#
#  Out of Memory Error (arena.cpp:184), pid=2904, tid=12020
#
# JRE version: Java(TM) SE Runtime Environment (19.0.1+10) (build 19.0.1+10-21)
# Java VM: Java HotSpot(TM) 64-Bit Server VM (19.0.1+10-21, mixed mode, sharing, tiered, compressed oops, compressed class ptrs, g1 gc, windows-amd64)
# No core dump will be written. Minidumps are not enabled by default on client versions of Windows
#

---------------  S U M M A R Y ------------

Command Line: -Xmx64m -Xms64m -Dorg.gradle.appname=gradlew org.gradle.wrapper.GradleWrapperMain app:installDebug -PreactNativeDevServerPort=8081

Host: AMD Ryzen 5 4600H with Radeon Graphics         , 12 cores, 7G,  Windows 10 , 64 bit Build 19041 (10.0.19041.1889)
Time: Thu Jan  4 10:53:00 2024 SE Asia Standard Time elapsed time: 0.726132 seconds (0d 0h 0m 0s)

---------------  T H R E A D  ---------------

Current thread (0x0000025e227ae900):  JavaThread "C2 CompilerThread0" daemon [_thread_in_native, id=12020, stack(0x000000d307200000,0x000000d307300000)]


Current CompileTask:
C2:    726  648       4       java.lang.StringLatin1::replace (198 bytes)

Stack: [0x000000d307200000,0x000000d307300000]
Native frames: (J=compiled Java code, j=interpreted, Vv=VM code, C=native code)
V  [jvm.dll+0x6ee8fa]
V  [jvm.dll+0x857a1e]
V  [jvm.dll+0x85940e]
V  [jvm.dll+0x859ac3]
V  [jvm.dll+0x28291f]
V  [jvm.dll+0xc9b5f]
V  [jvm.dll+0xc9ee5]
V  [jvm.dll+0x2f7c6f]
V  [jvm.dll+0x5f0c5b]
V  [jvm.dll+0x2551fc]
V  [jvm.dll+0x24e097]
V  [jvm.dll+0x24b563]
V  [jvm.dll+0x1d6d61]
V  [jvm.dll+0x25b0fa]
V  [jvm.dll+0x259588]
V  [jvm.dll+0x807928]
V  [jvm.dll+0x8015fa]
V  [jvm.dll+0x6ed5eb]
C  [ucrtbase.dll+0x21bb2]
C  [KERNEL32.DLL+0x17034]
C  [ntdll.dll+0x526a1]


---------------  P R O C E S S  ---------------

Threads class SMR info:
_java_thread_list=0x0000025e26f1d5b0, length=13, elements={
0x0000025e084ee6d0, 0x0000025e227a1050, 0x0000025e227a1d40, 0x0000025e227a4c40,
0x0000025e227a7700, 0x0000025e227a5960, 0x0000025e227a6b70, 0x0000025e227ae900,
0x0000025e227d2a40, 0x0000025e227d80f0, 0x0000025e227d8b90, 0x0000025e227d7ba0,
0x0000025e26e8eae0
}

Java Threads: ( => current thread )
  0x0000025e084ee6d0 JavaThread "main" [_thread_in_native, id=15948, stack(0x000000d306500000,0x000000d306600000)]
  0x0000025e227a1050 JavaThread "Reference Handler" daemon [_thread_blocked, id=9384, stack(0x000000d306c00000,0x000000d306d00000)]
  0x0000025e227a1d40 JavaThread "Finalizer" daemon [_thread_blocked, id=6932, stack(0x000000d306d00000,0x000000d306e00000)]
  0x0000025e227a4c40 JavaThread "Signal Dispatcher" daemon [_thread_blocked, id=8588, stack(0x000000d306e00000,0x000000d306f00000)]
  0x0000025e227a7700 JavaThread "Attach Listener" daemon [_thread_blocked, id=10432, stack(0x000000d306f00000,0x000000d307000000)]
  0x0000025e227a5960 JavaThread "Service Thread" daemon [_thread_blocked, id=15468, stack(0x000000d307000000,0x000000d307100000)]
  0x0000025e227a6b70 JavaThread "Monitor Deflation Thread" daemon [_thread_blocked, id=15968, stack(0x000000d307100000,0x000000d307200000)]
=>0x0000025e227ae900 JavaThread "C2 CompilerThread0" daemon [_thread_in_native, id=12020, stack(0x000000d307200000,0x000000d307300000)]
  0x0000025e227d2a40 JavaThread "C1 CompilerThread0" daemon [_thread_blocked, id=11980, stack(0x000000d307300000,0x000000d307400000)]
  0x0000025e227d80f0 JavaThread "Sweeper thread" daemon [_thread_blocked, id=11144, stack(0x000000d307400000,0x000000d307500000)]
  0x0000025e227d8b90 JavaThread "Notification Thread" daemon [_thread_blocked, id=11016, stack(0x000000d307500000,0x000000d307600000)]
  0x0000025e227d7ba0 JavaThread "Common-Cleaner" daemon [_thread_blocked, id=7420, stack(0x000000d307700000,0x000000d307800000)]
  0x0000025e26e8eae0 JavaThread "C2 CompilerThread1" daemon [_thread_in_native, id=4632, stack(0x000000d307900000,0x000000d307a00000)]

Other Threads:
  0x0000025e085a63e0 VMThread "VM Thread" [stack: 0x000000d306b00000,0x000000d306c00000] [id=6808]
  0x0000025e26c9a190 WatcherThread "VM Periodic Task Thread" [stack: 0x000000d307600000,0x000000d307700000] [id=10204]
  0x0000025e08514c60 WorkerThread "GC Thread#0" [stack: 0x000000d306600000,0x000000d306700000] [id=2436]
  0x0000025e085162d0 ConcurrentGCThread "G1 Main Marker" [stack: 0x000000d306700000,0x000000d306800000] [id=3700]
  0x0000025e08516db0 WorkerThread "G1 Conc#0" [stack: 0x000000d306800000,0x000000d306900000] [id=10616]
  0x0000025e08587ae0 ConcurrentGCThread "G1 Refine#0" [stack: 0x000000d306900000,0x000000d306a00000] [id=15316]
  0x0000025e08588530 ConcurrentGCThread "G1 Service" [stack: 0x000000d306a00000,0x000000d306b00000] [id=9784]

Threads with active compile tasks:
C2 CompilerThread0      740  648       4       java.lang.StringLatin1::replace (198 bytes)
C1 CompilerThread0      740  661       3       java.nio.file.attribute.FileTime::<init> (21 bytes)
C2 CompilerThread1      740  660       4       java.lang.StringBuilder::append (8 bytes)

VM state: not at safepoint (normal execution)

VM Mutex/Monitor currently owned by a thread: None

Heap address: 0x00000000fc000000, size: 64 MB, Compressed Oops mode: 32-bit

CDS archive(s) mapped at: [0x0000000800000000-0x0000000800c40000-0x0000000800c40000), size 12845056, SharedBaseAddress: 0x0000000800000000, ArchiveRelocationMode: 0.
Compressed class space mapped at: 0x0000000801000000-0x0000000841000000, reserved size: 1073741824
Narrow klass base: 0x0000000800000000, Narrow klass shift: 0, Narrow klass range: 0x100000000

GC Precious Log:
 CardTable entry size: 512
 Card Set container configuration: InlinePtr #cards 5 size 8 Array Of Cards #cards 12 size 40 Howl #buckets 4 coarsen threshold 1843 Howl Bitmap #cards 512 size 80 coarsen threshold 460 Card regions per heap region 1 cards per card region 2048
 CPUs: 12 total, 12 available
 Memory: 7579M
 Large Page Support: Disabled
 NUMA Support: Disabled
 Compressed Oops: Enabled (32-bit)
 Heap Region Size: 1M
 Heap Min Capacity: 64M
 Heap Initial Capacity: 64M
 Heap Max Capacity: 64M
 Pre-touch: Disabled
 Parallel Workers: 10
 Concurrent Workers: 3
 Concurrent Refinement Workers: 10
 Periodic GC: Disabled

Heap:
 garbage-first heap   total 65536K, used 14336K [0x00000000fc000000, 0x0000000100000000)
  region size 1024K, 16 young (16384K), 0 survivors (0K)
 Metaspace       used 2100K, committed 2240K, reserved 1114112K
  class space    used 197K, committed 256K, reserved 1048576K

Heap Regions: E=young(eden), S=young(survivor), O=old, HS=humongous(starts), HC=humongous(continues), CS=collection set, F=free, OA=open archive, CA=closed archive, TAMS=top-at-mark-start (previous, next)
|   0|0x00000000fc000000, 0x00000000fc000000, 0x00000000fc100000|  0%| F|  |TAMS 0x00000000fc000000, 0x00000000fc000000| Untracked 
|   1|0x00000000fc100000, 0x00000000fc100000, 0x00000000fc200000|  0%| F|  |TAMS 0x00000000fc100000, 0x00000000fc100000| Untracked 
|   2|0x00000000fc200000, 0x00000000fc200000, 0x00000000fc300000|  0%| F|  |TAMS 0x00000000fc200000, 0x00000000fc200000| Untracked 
|   3|0x00000000fc300000, 0x00000000fc300000, 0x00000000fc400000|  0%| F|  |TAMS 0x00000000fc300000, 0x00000000fc300000| Untracked 
|   4|0x00000000fc400000, 0x00000000fc400000, 0x00000000fc500000|  0%| F|  |TAMS 0x00000000fc400000, 0x00000000fc400000| Untracked 
|   5|0x00000000fc500000, 0x00000000fc500000, 0x00000000fc600000|  0%| F|  |TAMS 0x00000000fc500000, 0x00000000fc500000| Untracked 
|   6|0x00000000fc600000, 0x00000000fc600000, 0x00000000fc700000|  0%| F|  |TAMS 0x00000000fc600000, 0x00000000fc600000| Untracked 
|   7|0x00000000fc700000, 0x00000000fc700000, 0x00000000fc800000|  0%| F|  |TAMS 0x00000000fc700000, 0x00000000fc700000| Untracked 
|   8|0x00000000fc800000, 0x00000000fc800000, 0x00000000fc900000|  0%| F|  |TAMS 0x00000000fc800000, 0x00000000fc800000| Untracked 
|   9|0x00000000fc900000, 0x00000000fc900000, 0x00000000fca00000|  0%| F|  |TAMS 0x00000000fc900000, 0x00000000fc900000| Untracked 
|  10|0x00000000fca00000, 0x00000000fca00000, 0x00000000fcb00000|  0%| F|  |TAMS 0x00000000fca00000, 0x00000000fca00000| Untracked 
|  11|0x00000000fcb00000, 0x00000000fcb00000, 0x00000000fcc00000|  0%| F|  |TAMS 0x00000000fcb00000, 0x00000000fcb00000| Untracked 
|  12|0x00000000fcc00000, 0x00000000fcc00000, 0x00000000fcd00000|  0%| F|  |TAMS 0x00000000fcc00000, 0x00000000fcc00000| Untracked 
|  13|0x00000000fcd00000, 0x00000000fcd00000, 0x00000000fce00000|  0%| F|  |TAMS 0x00000000fcd00000, 0x00000000fcd00000| Untracked 
|  14|0x00000000fce00000, 0x00000000fce00000, 0x00000000fcf00000|  0%| F|  |TAMS 0x00000000fce00000, 0x00000000fce00000| Untracked 
|  15|0x00000000fcf00000, 0x00000000fcf00000, 0x00000000fd000000|  0%| F|  |TAMS 0x00000000fcf00000, 0x00000000fcf00000| Untracked 
|  16|0x00000000fd000000, 0x00000000fd000000, 0x00000000fd100000|  0%| F|  |TAMS 0x00000000fd000000, 0x00000000fd000000| Untracked 
|  17|0x00000000fd100000, 0x00000000fd100000, 0x00000000fd200000|  0%| F|  |TAMS 0x00000000fd100000, 0x00000000fd100000| Untracked 
|  18|0x00000000fd200000, 0x00000000fd200000, 0x00000000fd300000|  0%| F|  |TAMS 0x00000000fd200000, 0x00000000fd200000| Untracked 
|  19|0x00000000fd300000, 0x00000000fd300000, 0x00000000fd400000|  0%| F|  |TAMS 0x00000000fd300000, 0x00000000fd300000| Untracked 
|  20|0x00000000fd400000, 0x00000000fd400000, 0x00000000fd500000|  0%| F|  |TAMS 0x00000000fd400000, 0x00000000fd400000| Untracked 
|  21|0x00000000fd500000, 0x00000000fd500000, 0x00000000fd600000|  0%| F|  |TAMS 0x00000000fd500000, 0x00000000fd500000| Untracked 
|  22|0x00000000fd600000, 0x00000000fd600000, 0x00000000fd700000|  0%| F|  |TAMS 0x00000000fd600000, 0x00000000fd600000| Untracked 
|  23|0x00000000fd700000, 0x00000000fd700000, 0x00000000fd800000|  0%| F|  |TAMS 0x00000000fd700000, 0x00000000fd700000| Untracked 
|  24|0x00000000fd800000, 0x00000000fd800000, 0x00000000fd900000|  0%| F|  |TAMS 0x00000000fd800000, 0x00000000fd800000| Untracked 
|  25|0x00000000fd900000, 0x00000000fd900000, 0x00000000fda00000|  0%| F|  |TAMS 0x00000000fd900000, 0x00000000fd900000| Untracked 
|  26|0x00000000fda00000, 0x00000000fda00000, 0x00000000fdb00000|  0%| F|  |TAMS 0x00000000fda00000, 0x00000000fda00000| Untracked 
|  27|0x00000000fdb00000, 0x00000000fdb00000, 0x00000000fdc00000|  0%| F|  |TAMS 0x00000000fdb00000, 0x00000000fdb00000| Untracked 
|  28|0x00000000fdc00000, 0x00000000fdc00000, 0x00000000fdd00000|  0%| F|  |TAMS 0x00000000fdc00000, 0x00000000fdc00000| Untracked 
|  29|0x00000000fdd00000, 0x00000000fdd00000, 0x00000000fde00000|  0%| F|  |TAMS 0x00000000fdd00000, 0x00000000fdd00000| Untracked 
|  30|0x00000000fde00000, 0x00000000fde00000, 0x00000000fdf00000|  0%| F|  |TAMS 0x00000000fde00000, 0x00000000fde00000| Untracked 
|  31|0x00000000fdf00000, 0x00000000fdf00000, 0x00000000fe000000|  0%| F|  |TAMS 0x00000000fdf00000, 0x00000000fdf00000| Untracked 
|  32|0x00000000fe000000, 0x00000000fe000000, 0x00000000fe100000|  0%| F|  |TAMS 0x00000000fe000000, 0x00000000fe000000| Untracked 
|  33|0x00000000fe100000, 0x00000000fe100000, 0x00000000fe200000|  0%| F|  |TAMS 0x00000000fe100000, 0x00000000fe100000| Untracked 
|  34|0x00000000fe200000, 0x00000000fe200000, 0x00000000fe300000|  0%| F|  |TAMS 0x00000000fe200000, 0x00000000fe200000| Untracked 
|  35|0x00000000fe300000, 0x00000000fe300000, 0x00000000fe400000|  0%| F|  |TAMS 0x00000000fe300000, 0x00000000fe300000| Untracked 
|  36|0x00000000fe400000, 0x00000000fe400000, 0x00000000fe500000|  0%| F|  |TAMS 0x00000000fe400000, 0x00000000fe400000| Untracked 
|  37|0x00000000fe500000, 0x00000000fe500000, 0x00000000fe600000|  0%| F|  |TAMS 0x00000000fe500000, 0x00000000fe500000| Untracked 
|  38|0x00000000fe600000, 0x00000000fe600000, 0x00000000fe700000|  0%| F|  |TAMS 0x00000000fe600000, 0x00000000fe600000| Untracked 
|  39|0x00000000fe700000, 0x00000000fe700000, 0x00000000fe800000|  0%| F|  |TAMS 0x00000000fe700000, 0x00000000fe700000| Untracked 
|  40|0x00000000fe800000, 0x00000000fe800000, 0x00000000fe900000|  0%| F|  |TAMS 0x00000000fe800000, 0x00000000fe800000| Untracked 
|  41|0x00000000fe900000, 0x00000000fe900000, 0x00000000fea00000|  0%| F|  |TAMS 0x00000000fe900000, 0x00000000fe900000| Untracked 
|  42|0x00000000fea00000, 0x00000000fea00000, 0x00000000feb00000|  0%| F|  |TAMS 0x00000000fea00000, 0x00000000fea00000| Untracked 
|  43|0x00000000feb00000, 0x00000000feb00000, 0x00000000fec00000|  0%| F|  |TAMS 0x00000000feb00000, 0x00000000feb00000| Untracked 
|  44|0x00000000fec00000, 0x00000000fec00000, 0x00000000fed00000|  0%| F|  |TAMS 0x00000000fec00000, 0x00000000fec00000| Untracked 
|  45|0x00000000fed00000, 0x00000000fed00000, 0x00000000fee00000|  0%| F|  |TAMS 0x00000000fed00000, 0x00000000fed00000| Untracked 
|  46|0x00000000fee00000, 0x00000000fee00000, 0x00000000fef00000|  0%| F|  |TAMS 0x00000000fee00000, 0x00000000fee00000| Untracked 
|  47|0x00000000fef00000, 0x00000000fef00000, 0x00000000ff000000|  0%| F|  |TAMS 0x00000000fef00000, 0x00000000fef00000| Untracked 
|  48|0x00000000ff000000, 0x00000000ff0906a8, 0x00000000ff100000| 56%| E|  |TAMS 0x00000000ff000000, 0x00000000ff000000| Complete 
|  49|0x00000000ff100000, 0x00000000ff200000, 0x00000000ff200000|100%| E|CS|TAMS 0x00000000ff100000, 0x00000000ff100000| Complete 
|  50|0x00000000ff200000, 0x00000000ff300000, 0x00000000ff300000|100%| E|CS|TAMS 0x00000000ff200000, 0x00000000ff200000| Complete 
|  51|0x00000000ff300000, 0x00000000ff400000, 0x00000000ff400000|100%| E|  |TAMS 0x00000000ff300000, 0x00000000ff300000| Complete 
|  52|0x00000000ff400000, 0x00000000ff500000, 0x00000000ff500000|100%| E|CS|TAMS 0x00000000ff400000, 0x00000000ff400000| Complete 
|  53|0x00000000ff500000, 0x00000000ff600000, 0x00000000ff600000|100%| E|CS|TAMS 0x00000000ff500000, 0x00000000ff500000| Complete 
|  54|0x00000000ff600000, 0x00000000ff700000, 0x00000000ff700000|100%| E|CS|TAMS 0x00000000ff600000, 0x00000000ff600000| Complete 
|  55|0x00000000ff700000, 0x00000000ff800000, 0x00000000ff800000|100%| E|CS|TAMS 0x00000000ff700000, 0x00000000ff700000| Complete 
|  56|0x00000000ff800000, 0x00000000ff900000, 0x00000000ff900000|100%| E|CS|TAMS 0x00000000ff800000, 0x00000000ff800000| Complete 
|  57|0x00000000ff900000, 0x00000000ffa00000, 0x00000000ffa00000|100%| E|CS|TAMS 0x00000000ff900000, 0x00000000ff900000| Complete 
|  58|0x00000000ffa00000, 0x00000000ffb00000, 0x00000000ffb00000|100%| E|CS|TAMS 0x00000000ffa00000, 0x00000000ffa00000| Complete 
|  59|0x00000000ffb00000, 0x00000000ffc00000, 0x00000000ffc00000|100%| E|CS|TAMS 0x00000000ffb00000, 0x00000000ffb00000| Complete 
|  60|0x00000000ffc00000, 0x00000000ffd00000, 0x00000000ffd00000|100%| E|CS|TAMS 0x00000000ffc00000, 0x00000000ffc00000| Complete 
|  61|0x00000000ffd00000, 0x00000000ffe00000, 0x00000000ffe00000|100%| E|CS|TAMS 0x00000000ffd00000, 0x00000000ffd00000| Complete 
|  62|0x00000000ffe00000, 0x00000000fff00000, 0x00000000fff00000|100%| E|CS|TAMS 0x00000000ffe00000, 0x00000000ffe00000| Complete 
|  63|0x00000000fff00000, 0x0000000100000000, 0x0000000100000000|100%| E|CS|TAMS 0x00000000fff00000, 0x00000000fff00000| Complete 

Card table byte_map: [0x0000025e08430000,0x0000025e08450000] _byte_map_base: 0x0000025e07c50000

Marking Bits (Prev, Next): (CMBitMap*) 0x0000025e085151a0, (CMBitMap*) 0x0000025e085151e0
 Prev Bits: [0x0000025e1f9b0000, 0x0000025e1fab0000)
 Next Bits: [0x0000025e1fab0000, 0x0000025e1fbb0000)

Polling page: 0x0000025e06390000

Metaspace:

Usage:
  Non-class:      1.86 MB used.
      Class:    197.48 KB used.
       Both:      2.05 MB used.

Virtual space:
  Non-class space:       64.00 MB reserved,       1.94 MB (  3%) committed,  1 nodes.
      Class space:        1.00 GB reserved,     256.00 KB ( <1%) committed,  1 nodes.
             Both:        1.06 GB reserved,       2.19 MB ( <1%) committed. 

Chunk freelists:
   Non-Class:  3.52 MB
       Class:  3.62 MB
        Both:  7.14 MB

MaxMetaspaceSize: unlimited
CompressedClassSpaceSize: 1.00 GB
Initial GC threshold: 21.00 MB
Current GC threshold: 21.00 MB
CDS: on
MetaspaceReclaimPolicy: balanced
 - commit_granule_bytes: 65536.
 - commit_granule_words: 8192.
 - virtual_space_node_default_size: 8388608.
 - enlarge_chunks_in_place: 1.
 - new_chunks_are_fully_committed: 0.
 - uncommit_free_chunks: 1.
 - use_allocation_guard: 0.


Internal statistics:

num_allocs_failed_limit: 0.
num_arena_births: 44.
num_arena_deaths: 0.
num_vsnodes_births: 2.
num_vsnodes_deaths: 0.
num_space_committed: 35.
num_space_uncommitted: 0.
num_chunks_returned_to_freelist: 0.
num_chunks_taken_from_freelist: 90.
num_chunk_merges: 0.
num_chunk_splits: 48.
num_chunks_enlarged: 34.
num_inconsistent_stats: 0.

CodeHeap 'non-profiled nmethods': size=120000Kb used=216Kb max_used=216Kb free=119783Kb
 bounds [0x0000025e17f20000, 0x0000025e18190000, 0x0000025e1f450000]
CodeHeap 'profiled nmethods': size=120000Kb used=1153Kb max_used=1153Kb free=118846Kb
 bounds [0x0000025e10450000, 0x0000025e106c0000, 0x0000025e17980000]
CodeHeap 'non-nmethods': size=5760Kb used=1215Kb max_used=1231Kb free=4544Kb
 bounds [0x0000025e17980000, 0x0000025e17bf0000, 0x0000025e17f20000]
 total_blobs=1074 nmethods=659 adapters=326
 compilation: enabled
              stopped_count=0, restarted_count=0
 full_count=0

Compilation events (20 events):
Event: 0.720 Thread 0x0000025e227d2a40  642   !   3       java.security.AccessController::doPrivileged (26 bytes)
Event: 0.720 Thread 0x0000025e227d2a40 nmethod 642 0x0000025e10565110 code [0x0000025e10565320, 0x0000025e10565808]
Event: 0.720 Thread 0x0000025e227d2a40  643       1       sun.nio.fs.WindowsFileSystem::provider (5 bytes)
Event: 0.720 Thread 0x0000025e227d2a40 nmethod 643 0x0000025e17f55190 code [0x0000025e17f55320, 0x0000025e17f553d8]
Event: 0.720 Thread 0x0000025e227d2a40  644       3       java.lang.Runtime$Version::feature (17 bytes)
Event: 0.720 Thread 0x0000025e227d2a40 nmethod 644 0x0000025e10565a90 code [0x0000025e10565c40, 0x0000025e10565f28]
Event: 0.720 Thread 0x0000025e227d2a40  645       3       sun.nio.fs.NativeBuffers::getNativeBufferFromCache (51 bytes)
Event: 0.721 Thread 0x0000025e227d2a40 nmethod 645 0x0000025e10566010 code [0x0000025e10566200, 0x0000025e10566988]
Event: 0.721 Thread 0x0000025e227d2a40  646       3       jdk.internal.misc.Unsafe::checkPrimitivePointer (19 bytes)
Event: 0.721 Thread 0x0000025e227ae900  648       4       java.lang.StringLatin1::replace (198 bytes)
Event: 0.721 Thread 0x0000025e227d2a40 nmethod 646 0x0000025e10566b90 code [0x0000025e10566da0, 0x0000025e105673c8]
Event: 0.721 Thread 0x0000025e227d2a40  647       3       jdk.internal.misc.Unsafe::checkPointer (19 bytes)
Event: 0.721 Thread 0x0000025e227d2a40 nmethod 647 0x0000025e10567610 code [0x0000025e105677e0, 0x0000025e10567b88]
Event: 0.721 Thread 0x0000025e227d2a40  649       1       sun.nio.fs.NativeBuffer::owner (5 bytes)
Event: 0.721 Thread 0x0000025e227d2a40 nmethod 649 0x0000025e17f55490 code [0x0000025e17f55620, 0x0000025e17f556d8]
Event: 0.722 Thread 0x0000025e227d2a40  650       3       java.util.zip.ZipUtils::LOCSIG (6 bytes)
Event: 0.723 Thread 0x0000025e227d2a40 nmethod 650 0x0000025e10567d10 code [0x0000025e10567ec0, 0x0000025e10568198]
Event: 0.724 Thread 0x0000025e26e8eae0  651       4       java.util.Objects::requireNonNull (14 bytes)
Event: 0.724 Thread 0x0000025e26e8eae0 nmethod 651 0x0000025e17f55790 code [0x0000025e17f55900, 0x0000025e17f55978]
Event: 0.724 Thread 0x0000025e26e8eae0  652       4       java.lang.String::equals (56 bytes)

GC Heap History (0 events):
No events

Dll operation events (7 events):
Event: 0.007 Loaded shared library C:\Program Files\Java\jdk-19\bin\java.dll
Event: 0.017 Loaded shared library C:\Program Files\Java\jdk-19\bin\jsvml.dll
Event: 0.066 Loaded shared library C:\Program Files\Java\jdk-19\bin\net.dll
Event: 0.286 Loaded shared library C:\Program Files\Java\jdk-19\bin\nio.dll
Event: 0.289 Loaded shared library C:\Program Files\Java\jdk-19\bin\zip.dll
Event: 0.632 Loaded shared library C:\Program Files\Java\jdk-19\bin\jimage.dll
Event: 0.707 Loaded shared library C:\Program Files\Java\jdk-19\bin\verify.dll

Deoptimization events (20 events):
Event: 0.497 Thread 0x0000025e084ee6d0 DEOPT PACKING pc=0x0000025e104bfdbe sp=0x000000d3065fe530
Event: 0.497 Thread 0x0000025e084ee6d0 DEOPT UNPACKING pc=0x0000025e179e7543 sp=0x000000d3065fd9a8 mode 0
Event: 0.546 Thread 0x0000025e084ee6d0 DEOPT PACKING pc=0x0000025e104b4d12 sp=0x000000d3065fe640
Event: 0.546 Thread 0x0000025e084ee6d0 DEOPT UNPACKING pc=0x0000025e179e7543 sp=0x000000d3065fdb00 mode 0
Event: 0.554 Thread 0x0000025e084ee6d0 DEOPT PACKING pc=0x0000025e104b4d12 sp=0x000000d3065fe5b0
Event: 0.554 Thread 0x0000025e084ee6d0 DEOPT UNPACKING pc=0x0000025e179e7543 sp=0x000000d3065fda70 mode 0
Event: 0.623 Thread 0x0000025e084ee6d0 Uncommon trap: trap_request=0xffffff45 fr.pc=0x0000025e17f3ceb0 relative=0x0000000000000090
Event: 0.623 Thread 0x0000025e084ee6d0 Uncommon trap: reason=unstable_if action=reinterpret pc=0x0000025e17f3ceb0 method=java.util.regex.Pattern.append(II)V @ 9 c2
Event: 0.623 Thread 0x0000025e084ee6d0 DEOPT PACKING pc=0x0000025e17f3ceb0 sp=0x000000d3065fe1c0
Event: 0.623 Thread 0x0000025e084ee6d0 DEOPT UNPACKING pc=0x0000025e179e6da3 sp=0x000000d3065fe150 mode 2
Event: 0.648 Thread 0x0000025e084ee6d0 Uncommon trap: trap_request=0xffffff45 fr.pc=0x0000025e17f42454 relative=0x0000000000000714
Event: 0.649 Thread 0x0000025e084ee6d0 Uncommon trap: reason=unstable_if action=reinterpret pc=0x0000025e17f42454 method=java.util.zip.ZipFile$Source.checkAndAddEntry(II)I @ 50 c2
Event: 0.649 Thread 0x0000025e084ee6d0 DEOPT PACKING pc=0x0000025e17f42454 sp=0x000000d3065fdf40
Event: 0.649 Thread 0x0000025e084ee6d0 DEOPT UNPACKING pc=0x0000025e179e6da3 sp=0x000000d3065fdeb0 mode 2
Event: 0.660 Thread 0x0000025e084ee6d0 Uncommon trap: trap_request=0xffffff45 fr.pc=0x0000025e17f43014 relative=0x0000000000000174
Event: 0.660 Thread 0x0000025e084ee6d0 Uncommon trap: reason=unstable_if action=reinterpret pc=0x0000025e17f43014 method=java.util.zip.ZipFile$Source.isMetaName([BII)Z @ 43 c2
Event: 0.660 Thread 0x0000025e084ee6d0 DEOPT PACKING pc=0x0000025e17f43014 sp=0x000000d3065f9e30
Event: 0.660 Thread 0x0000025e084ee6d0 DEOPT UNPACKING pc=0x0000025e179e6da3 sp=0x000000d3065f9dd8 mode 2
Event: 0.721 Thread 0x0000025e084ee6d0 DEOPT PACKING pc=0x0000025e104960ee sp=0x000000d3065fcd90
Event: 0.721 Thread 0x0000025e084ee6d0 DEOPT UNPACKING pc=0x0000025e179e7543 sp=0x000000d3065fc250 mode 0

Classes loaded (20 events):
Event: 0.647 Loading class java/lang/Thread$Constants$2$1
Event: 0.647 Loading class java/lang/Thread$Constants$2$1 done
Event: 0.703 Loading class java/util/concurrent/atomic/AtomicReference
Event: 0.703 Loading class java/util/concurrent/atomic/AtomicReference done
Event: 0.708 Loading class java/lang/NoSuchFieldError
Event: 0.708 Loading class java/lang/NoSuchFieldError done
Event: 0.710 Loading class java/util/concurrent/LinkedBlockingQueue
Event: 0.710 Loading class java/util/concurrent/BlockingQueue
Event: 0.710 Loading class java/util/concurrent/BlockingQueue done
Event: 0.710 Loading class java/util/AbstractQueue
Event: 0.710 Loading class java/util/AbstractQueue done
Event: 0.710 Loading class java/util/concurrent/LinkedBlockingQueue done
Event: 0.711 Loading class java/util/concurrent/LinkedBlockingQueue$Node
Event: 0.711 Loading class java/util/concurrent/LinkedBlockingQueue$Node done
Event: 0.711 Loading class java/lang/SecurityException
Event: 0.712 Loading class java/lang/SecurityException done
Event: 0.712 Loading class java/net/URLClassLoader$3
Event: 0.712 Loading class java/net/URLClassLoader$3 done
Event: 0.713 Loading class java/net/URLClassLoader$3$1
Event: 0.713 Loading class java/net/URLClassLoader$3$1 done

Classes unloaded (0 events):
No events

Classes redefined (0 events):
No events

Internal exceptions (5 events):
Event: 0.406 Thread 0x0000025e084ee6d0 Exception <a 'java/lang/NoSuchMethodError'{0x00000000ffc23898}: 'void java.lang.invoke.DirectMethodHandle$Holder.invokeStatic(java.lang.Object, java.lang.Object)'> (0x00000000ffc23898) 
thrown [s\open\src\hotspot\share\interpreter\linkResolver.cpp, line 774]
Event: 0.408 Thread 0x0000025e084ee6d0 Exception <a 'java/lang/NoSuchMethodError'{0x00000000ffc276d0}: 'void java.lang.invoke.DirectMethodHandle$Holder.invokeSpecial(java.lang.Object, java.lang.Object, java.lang.Object)'> (0x00000000ffc276d0) 
thrown [s\open\src\hotspot\share\interpreter\linkResolver.cpp, line 774]
Event: 0.427 Thread 0x0000025e084ee6d0 Exception <a 'java/lang/NoSuchMethodError'{0x00000000ffcf1388}: 'void java.lang.invoke.DirectMethodHandle$Holder.invokeStatic(java.lang.Object, java.lang.Object, java.lang.Object)'> (0x00000000ffcf1388) 
thrown [s\open\src\hotspot\share\interpreter\linkResolver.cpp, line 774]
Event: 0.431 Thread 0x0000025e084ee6d0 Exception <a 'java/lang/NoSuchMethodError'{0x00000000ffb42590}: 'java.lang.Object java.lang.invoke.Invokers$Holder.invokeExact_MT(java.lang.Object, java.lang.Object, java.lang.Object, java.lang.Object, java.lang.Object)'> (0x00000000ffb42590) 
thrown [s\open\src\hotspot\share\interpreter\linkResolver.cpp, line 774]
Event: 0.438 Thread 0x0000025e084ee6d0 Exception <a 'java/lang/NoSuchMethodError'{0x00000000ffb70740}: 'int java.lang.invoke.DirectMethodHandle$Holder.invokeStaticInit(java.lang.Object, java.lang.Object)'> (0x00000000ffb70740) 
thrown [s\open\src\hotspot\share\interpreter\linkResolver.cpp, line 774]

VM Operations (2 events):
Event: 0.290 Executing VM operation: HandshakeAllThreads
Event: 0.290 Executing VM operation: HandshakeAllThreads done

Events (13 events):
Event: 0.018 Thread 0x0000025e084ee6d0 Thread added: 0x0000025e084ee6d0
Event: 0.035 Thread 0x0000025e227a1050 Thread added: 0x0000025e227a1050
Event: 0.035 Thread 0x0000025e227a1d40 Thread added: 0x0000025e227a1d40
Event: 0.036 Thread 0x0000025e227a4c40 Thread added: 0x0000025e227a4c40
Event: 0.036 Thread 0x0000025e227a7700 Thread added: 0x0000025e227a7700
Event: 0.036 Thread 0x0000025e227a5960 Thread added: 0x0000025e227a5960
Event: 0.036 Thread 0x0000025e227a6b70 Thread added: 0x0000025e227a6b70
Event: 0.036 Thread 0x0000025e227ae900 Thread added: 0x0000025e227ae900
Event: 0.036 Thread 0x0000025e227d2a40 Thread added: 0x0000025e227d2a40
Event: 0.036 Thread 0x0000025e227d80f0 Thread added: 0x0000025e227d80f0
Event: 0.057 Thread 0x0000025e227d8b90 Thread added: 0x0000025e227d8b90
Event: 0.061 Thread 0x0000025e227d7ba0 Thread added: 0x0000025e227d7ba0
Event: 0.650 Thread 0x0000025e26e8eae0 Thread added: 0x0000025e26e8eae0


Dynamic libraries:
0x00007ff6dfc60000 - 0x00007ff6dfc70000 	C:\Program Files\Java\jdk-19\bin\java.exe
0x00007ffe10990000 - 0x00007ffe10b88000 	C:\Windows\SYSTEM32\ntdll.dll
0x00007ffe0eee0000 - 0x00007ffe0ef9d000 	C:\Windows\System32\KERNEL32.DLL
0x00007ffe0e0d0000 - 0x00007ffe0e3a2000 	C:\Windows\System32\KERNELBASE.dll
0x00007ffe0e6c0000 - 0x00007ffe0e7c0000 	C:\Windows\System32\ucrtbase.dll
0x00007ffdf11c0000 - 0x00007ffdf11d8000 	C:\Program Files\Java\jdk-19\bin\jli.dll
0x00007ffde9f00000 - 0x00007ffde9f1b000 	C:\Program Files\Java\jdk-19\bin\VCRUNTIME140.dll
0x00007ffe0eab0000 - 0x00007ffe0eb5e000 	C:\Windows\System32\ADVAPI32.dll
0x00007ffe0ecd0000 - 0x00007ffe0ed6e000 	C:\Windows\System32\msvcrt.dll
0x00007ffe10560000 - 0x00007ffe105fc000 	C:\Windows\System32\sechost.dll
0x00007ffe0eb60000 - 0x00007ffe0ec85000 	C:\Windows\System32\RPCRT4.dll
0x00007ffe0fdc0000 - 0x00007ffe0ff5d000 	C:\Windows\System32\USER32.dll
0x00007ffe0e4c0000 - 0x00007ffe0e4e2000 	C:\Windows\System32\win32u.dll
0x00007ffdfc300000 - 0x00007ffdfc59a000 	C:\Windows\WinSxS\amd64_microsoft.windows.common-controls_6595b64144ccf1df_6.0.19041.1110_none_60b5254171f9507e\COMCTL32.dll
0x00007ffe0ee50000 - 0x00007ffe0ee7b000 	C:\Windows\System32\GDI32.dll
0x00007ffe0e3b0000 - 0x00007ffe0e4bf000 	C:\Windows\System32\gdi32full.dll
0x00007ffe0e8a0000 - 0x00007ffe0e93d000 	C:\Windows\System32\msvcp_win.dll
0x00007ffe0c7e0000 - 0x00007ffe0c7ea000 	C:\Windows\SYSTEM32\VERSION.dll
0x00007ffe0eca0000 - 0x00007ffe0ecd0000 	C:\Windows\System32\IMM32.DLL
0x00007ffdf1e20000 - 0x00007ffdf1e2c000 	C:\Program Files\Java\jdk-19\bin\vcruntime140_1.dll
0x00007ffdcb300000 - 0x00007ffdcb38e000 	C:\Program Files\Java\jdk-19\bin\msvcp140.dll
0x00007ffdca640000 - 0x00007ffdcb300000 	C:\Program Files\Java\jdk-19\bin\server\jvm.dll
0x00007ffe03640000 - 0x00007ffe03667000 	C:\Windows\SYSTEM32\WINMM.dll
0x00007ffde8890000 - 0x00007ffde8899000 	C:\Windows\SYSTEM32\WSOCK32.dll
0x00007ffe108e0000 - 0x00007ffe1094b000 	C:\Windows\System32\WS2_32.dll
0x00007ffe0c8f0000 - 0x00007ffe0c902000 	C:\Windows\SYSTEM32\kernel.appcore.dll
0x00007ffde8880000 - 0x00007ffde888a000 	C:\Program Files\Java\jdk-19\bin\jimage.dll
0x00007ffe03930000 - 0x00007ffe03b14000 	C:\Windows\SYSTEM32\DBGHELP.DLL
0x00007ffdfdaf0000 - 0x00007ffdfdb1c000 	C:\Windows\SYSTEM32\dbgcore.DLL
0x00007ffe0e7c0000 - 0x00007ffe0e842000 	C:\Windows\System32\bcryptPrimitives.dll
0x00007ffdd9470000 - 0x00007ffdd9496000 	C:\Program Files\Java\jdk-19\bin\java.dll
0x00007ffdca560000 - 0x00007ffdca637000 	C:\Program Files\Java\jdk-19\bin\jsvml.dll
0x00007ffe0f4c0000 - 0x00007ffe0fc03000 	C:\Windows\System32\SHELL32.dll
0x00007ffe0c040000 - 0x00007ffe0c7d1000 	C:\Windows\SYSTEM32\windows.storage.dll
0x00007ffe0f0d0000 - 0x00007ffe0f424000 	C:\Windows\System32\combase.dll
0x00007ffe0da90000 - 0x00007ffe0dac0000 	C:\Windows\SYSTEM32\Wldp.dll
0x00007ffe104b0000 - 0x00007ffe1055d000 	C:\Windows\System32\SHCORE.dll
0x00007ffe0ff60000 - 0x00007ffe0ffb5000 	C:\Windows\System32\shlwapi.dll
0x00007ffe0dfe0000 - 0x00007ffe0dfff000 	C:\Windows\SYSTEM32\profapi.dll
0x00007ffde7cc0000 - 0x00007ffde7cd3000 	C:\Program Files\Java\jdk-19\bin\net.dll
0x00007ffe04cb0000 - 0x00007ffe04dbd000 	C:\Windows\SYSTEM32\WINHTTP.dll
0x00007ffdf62b0000 - 0x00007ffdf62bb000 	C:\Program Files\Common Files\SocksEscort\escortdrv.dll
0x00007ffe0fc90000 - 0x00007ffe0fdba000 	C:\Windows\System32\ole32.dll
0x00007ffdf6210000 - 0x00007ffdf6242000 	C:\Program Files\Common Files\SocksEscort\escengine.dll
0x00007ffe0d780000 - 0x00007ffe0d7ea000 	C:\Windows\system32\mswsock.dll
0x00007ffdca540000 - 0x00007ffdca556000 	C:\Program Files\Java\jdk-19\bin\nio.dll
0x00007ffdca520000 - 0x00007ffdca538000 	C:\Program Files\Java\jdk-19\bin\zip.dll
0x00007ffe08450000 - 0x00007ffe08460000 	C:\Program Files\Java\jdk-19\bin\verify.dll

dbghelp: loaded successfully - version: 4.0.5 - missing functions: none
symbol engine: initialized successfully - sym options: 0x614 - pdb path: .;C:\Program Files\Java\jdk-19\bin;C:\Windows\SYSTEM32;C:\Windows\WinSxS\amd64_microsoft.windows.common-controls_6595b64144ccf1df_6.0.19041.1110_none_60b5254171f9507e;C:\Program Files\Java\jdk-19\bin\server;C:\Program Files\Common Files\SocksEscort

VM Arguments:
jvm_args: -Xmx64m -Xms64m -Dorg.gradle.appname=gradlew 
java_command: org.gradle.wrapper.GradleWrapperMain app:installDebug -PreactNativeDevServerPort=8081
java_class_path (initial): D:\study\da_nen_tang\facebook-app-clone\android\\gradle\wrapper\gradle-wrapper.jar
Launcher Type: SUN_STANDARD

[Global flags]
     intx CICompilerCount                          = 4                                         {product} {ergonomic}
     uint ConcGCThreads                            = 3                                         {product} {ergonomic}
     uint G1ConcRefinementThreads                  = 10                                        {product} {ergonomic}
   size_t G1HeapRegionSize                         = 1048576                                   {product} {ergonomic}
    uintx GCDrainStackTargetSize                   = 64                                        {product} {ergonomic}
   size_t InitialHeapSize                          = 67108864                                  {product} {command line}
   size_t MarkStackSize                            = 4194304                                   {product} {ergonomic}
   size_t MaxHeapSize                              = 67108864                                  {product} {command line}
   size_t MaxNewSize                               = 39845888                                  {product} {ergonomic}
   size_t MinHeapDeltaBytes                        = 1048576                                   {product} {ergonomic}
   size_t MinHeapSize                              = 67108864                                  {product} {command line}
    uintx NonNMethodCodeHeapSize                   = 5839372                                {pd product} {ergonomic}
    uintx NonProfiledCodeHeapSize                  = 122909434                              {pd product} {ergonomic}
    uintx ProfiledCodeHeapSize                     = 122909434                              {pd product} {ergonomic}
    uintx ReservedCodeCacheSize                    = 251658240                              {pd product} {ergonomic}
     bool SegmentedCodeCache                       = true                                      {product} {ergonomic}
   size_t SoftMaxHeapSize                          = 67108864                               {manageable} {ergonomic}
     bool UseCompressedClassPointers               = true                           {product lp64_product} {ergonomic}
     bool UseCompressedOops                        = true                           {product lp64_product} {ergonomic}
     bool UseG1GC                                  = true                                      {product} {ergonomic}
     bool UseLargePagesIndividualAllocation        = false                                  {pd product} {ergonomic}

Logging:
Log output configuration:
 #0: stdout all=warning uptime,level,tags foldmultilines=false
 #1: stderr all=off uptime,level,tags foldmultilines=false

Environment Variables:
JAVA_HOME=C:\Program Files\Java\jdk-19
CLASSPATH=D:\study\da_nen_tang\facebook-app-clone\android\\gradle\wrapper\gradle-wrapper.jar
PATH=D:\study\da_nen_tang\facebook-app-clone\node_modules\.bin;D:\study\da_nen_tang\node_modules\.bin;D:\study\node_modules\.bin;D:\node_modules\.bin;C:\Users\ADMIN\AppData\Roaming\nvm\v16.15.0\node_modules\npm\node_modules\@npmcli\run-script\lib\node-gyp-bin;C:\Users\ADMIN\AppData\Local\Temp\yarn--1704339079709-0.23610577241095343;D:\study\da_nen_tang\facebook-app-clone\node_modules\.bin;C:\Users\ADMIN\AppData\Local\Yarn\Data\link\node_modules\.bin;C:\Users\ADMIN\AppData\Local\Yarn\bin;C:\Program Files\libexec\lib\node_modules\npm\bin\node-gyp-bin;C:\Program Files\lib\node_modules\npm\bin\node-gyp-bin;C:\Program Files\nodejs\node_modules\npm\bin\node-gyp-bin;C:\Program Files\Common Files\Oracle\Java\javapath;C:\Windows\system32;C:\Windows;C:\Windows\System32\Wbem;C:\Windows\System32\WindowsPowerShell\v1.0\;C:\Windows\System32\OpenSSH\;C:\Program Files\Java\jdk-19\bin;C:\Program Files\Git\cmd;C:\MinGW\bin;C:\Users\ADMIN\AppData\Roaming\nvm;C:\Program Files\nodejs;C:\Users\ADMIN\AppData\Local\Android\Sdk\platform-tools;C:\Program Files\MySQL\MySQL Shell 8.0\bin\;C:\Users\ADMIN\AppData\Local\Microsoft\WindowsApps;C:\Users\ADMIN\AppData\Local\Programs\Microsoft VS Code\bin;C:\Users\ADMIN\AppData\Local\Programs\Python\Python311;C:\Users\ADMIN\AppData\Local\Programs\Python\Python311\Scripts;C:\Users\ADMIN\AppData\Roaming\npm;C:\Users\ADMIN\AppData\Local\Programs\EmEditor;C:\Users\ADMIN\AppData\Roaming\nvm;C:\Program Files\nodejs;
USERNAME=ADMIN
LANG=en_US.UTF-8
OS=Windows_NT
PROCESSOR_IDENTIFIER=AMD64 Family 23 Model 96 Stepping 1, AuthenticAMD
TMP=C:\Users\ADMIN\AppData\Local\Temp
TEMP=C:\Users\ADMIN\AppData\Local\Temp



---------------  S Y S T E M  ---------------

OS:
 Windows 10 , 64 bit Build 19041 (10.0.19041.1889)
OS uptime: 0 days 0:22 hours

CPU: total 12 (initial active 12) (12 cores per cpu, 2 threads per core) family 23 model 96 stepping 1 microcode 0x0, cx8, cmov, fxsr, ht, mmx, 3dnowpref, sse, sse2, sse3, ssse3, sse4a, sse4.1, sse4.2, popcnt, lzcnt, tsc, tscinvbit, avx, avx2, aes, clmul, bmi1, bmi2, adx, sha, fma, vzeroupper, clflush, clflushopt, rdtscp, rdpid

Memory: 4k page, system-wide physical 7579M (528M free)
TotalPageFile size 11675M (AvailPageFile size 0M)
current process WorkingSet (physical memory assigned to process): 55M, peak: 55M
current process commit charge ("private bytes"): 156M, peak: 156M

vm_info: Java HotSpot(TM) 64-Bit Server VM (19.0.1+10-21) for windows-amd64 JRE (19.0.1+10-21), built on 2022-09-14T12:45:06Z by "mach5one" with MS VC++ 17.1 (VS2022)

END.
