#
# There is insufficient memory for the Java Runtime Environment to continue.
# Native memory allocation (mmap) failed to map 62914560 bytes for G1 virtual space
# Possible reasons:
#   The system is out of physical RAM or swap space
#   The process is running with CompressedOops enabled, and the Java Heap may be blocking the growth of the native heap
# Possible solutions:
#   Reduce memory load on the system
#   Increase physical memory or swap space
#   Check if swap backing store is full
#   Decrease Java heap size (-Xmx/-Xms)
#   Decrease number of Java threads
#   Decrease Java thread stack sizes (-Xss)
#   Set larger code cache with -XX:ReservedCodeCacheSize=
#   JVM is running with Unscaled Compressed Oops mode in which the Java heap is
#     placed in the first 4GB address space. The Java Heap base address is the
#     maximum limit for the native heap growth. Please use -XX:HeapBaseMinAddress
#     to set the Java Heap base and to place the Java Heap above 4GB virtual address.
# This output file may be truncated or incomplete.
#
#  Out of Memory Error (os_windows.cpp:3527), pid=13016, tid=12824
#
# JRE version: Java(TM) SE Runtime Environment (19.0.1+10) (build 19.0.1+10-21)
# Java VM: Java HotSpot(TM) 64-Bit Server VM (19.0.1+10-21, mixed mode, sharing, tiered, compressed oops, compressed class ptrs, g1 gc, windows-amd64)
# No core dump will be written. Minidumps are not enabled by default on client versions of Windows
#

---------------  S U M M A R Y ------------

Command Line: org.jetbrains.kotlin.cli.jvm.K2JVMCompiler @D:\study\da_nen_tang\facebook-app-clone\node_modules\react-native-pager-view\android\build\20231226_6086100111352272906.compiler.options

Host: AMD Ryzen 5 4600H with Radeon Graphics         , 12 cores, 7G,  Windows 10 , 64 bit Build 19041 (10.0.19041.1889)
Time: Tue Dec 26 22:39:23 2023 SE Asia Standard Time elapsed time: 4.673494 seconds (0d 0h 0m 4s)

---------------  T H R E A D  ---------------

Current thread (0x000001f8e088f950):  VMThread "VM Thread" [stack: 0x0000004c13900000,0x0000004c13a00000] [id=12824]

Stack: [0x0000004c13900000,0x0000004c13a00000]
Native frames: (J=compiled Java code, j=interpreted, Vv=VM code, C=native code)
V  [jvm.dll+0x6ee8fa]
V  [jvm.dll+0x857a1e]
V  [jvm.dll+0x85940e]
V  [jvm.dll+0x859ac3]
V  [jvm.dll+0x28291f]
V  [jvm.dll+0x6eb6e9]
V  [jvm.dll+0x6e028a]
V  [jvm.dll+0x357136]
V  [jvm.dll+0x35eb96]
V  [jvm.dll+0x3b555e]
V  [jvm.dll+0x3b578f]
V  [jvm.dll+0x32c6ea]
V  [jvm.dll+0x32c797]
V  [jvm.dll+0x374b52]
V  [jvm.dll+0x37328f]
V  [jvm.dll+0x32bf10]
V  [jvm.dll+0x37282b]
V  [jvm.dll+0x85ef83]
V  [jvm.dll+0x85fd49]
V  [jvm.dll+0x86027d]
V  [jvm.dll+0x86070b]
V  [jvm.dll+0x8607c7]
V  [jvm.dll+0x8015fa]
V  [jvm.dll+0x6ed5eb]
C  [ucrtbase.dll+0x21bb2]
C  [KERNEL32.DLL+0x17034]
C  [ntdll.dll+0x526a1]

VM_Operation (0x0000004c133fac10): G1CollectForAllocation, mode: safepoint, requested by thread 0x000001f8c2130480


---------------  P R O C E S S  ---------------

Threads class SMR info:
_java_thread_list=0x000001f8e55109c0, length=14, elements={
0x000001f8c2130480, 0x000001f8e08a9f10, 0x000001f8e08aab00, 0x000001f8e08acb30,
0x000001f8e08b09c0, 0x000001f8e08b12f0, 0x000001f8e08aee90, 0x000001f8e08b53e0,
0x000001f8e08c3090, 0x000001f8e08cbef0, 0x000001f8e4cefc40, 0x000001f8e4cf6a10,
0x000001f8e08c5d10, 0x000001f8e08c46d0
}

Java Threads: ( => current thread )
  0x000001f8c2130480 JavaThread "main" [_thread_blocked, id=8476, stack(0x0000004c13300000,0x0000004c13400000)]
  0x000001f8e08a9f10 JavaThread "Reference Handler" daemon [_thread_blocked, id=4548, stack(0x0000004c13a00000,0x0000004c13b00000)]
  0x000001f8e08aab00 JavaThread "Finalizer" daemon [_thread_blocked, id=2588, stack(0x0000004c13b00000,0x0000004c13c00000)]
  0x000001f8e08acb30 JavaThread "Signal Dispatcher" daemon [_thread_blocked, id=8580, stack(0x0000004c13c00000,0x0000004c13d00000)]
  0x000001f8e08b09c0 JavaThread "Attach Listener" daemon [_thread_blocked, id=7368, stack(0x0000004c13d00000,0x0000004c13e00000)]
  0x000001f8e08b12f0 JavaThread "Service Thread" daemon [_thread_blocked, id=15504, stack(0x0000004c13e00000,0x0000004c13f00000)]
  0x000001f8e08aee90 JavaThread "Monitor Deflation Thread" daemon [_thread_blocked, id=13404, stack(0x0000004c13f00000,0x0000004c14000000)]
  0x000001f8e08b53e0 JavaThread "C2 CompilerThread0" daemon [_thread_blocked, id=12036, stack(0x0000004c14000000,0x0000004c14100000)]
  0x000001f8e08c3090 JavaThread "C1 CompilerThread0" daemon [_thread_blocked, id=9788, stack(0x0000004c14100000,0x0000004c14200000)]
  0x000001f8e08cbef0 JavaThread "Sweeper thread" daemon [_thread_blocked, id=7676, stack(0x0000004c14200000,0x0000004c14300000)]
  0x000001f8e4cefc40 JavaThread "Notification Thread" daemon [_thread_blocked, id=3588, stack(0x0000004c14300000,0x0000004c14400000)]
  0x000001f8e4cf6a10 JavaThread "Common-Cleaner" daemon [_thread_blocked, id=5572, stack(0x0000004c14500000,0x0000004c14600000)]
  0x000001f8e08c5d10 JavaThread "C2 CompilerThread1" daemon [_thread_blocked, id=6008, stack(0x0000004c14700000,0x0000004c14800000)]
  0x000001f8e08c46d0 JavaThread "C2 CompilerThread2" daemon [_thread_blocked, id=12780, stack(0x0000004c14800000,0x0000004c14900000)]

Other Threads:
=>0x000001f8e088f950 VMThread "VM Thread" [stack: 0x0000004c13900000,0x0000004c13a00000] [id=12824]
  0x000001f8e4cf65b0 WatcherThread "VM Periodic Task Thread" [stack: 0x0000004c14400000,0x0000004c14500000] [id=12864]
  0x000001f8c218bfe0 WorkerThread "GC Thread#0" [stack: 0x0000004c13400000,0x0000004c13500000] [id=14712]
  0x000001f8e580bad0 WorkerThread "GC Thread#1" [stack: 0x0000004c14900000,0x0000004c14a00000] [id=5200]
  0x000001f8e580bda0 WorkerThread "GC Thread#2" [stack: 0x0000004c14a00000,0x0000004c14b00000] [id=8912]
  0x000001f8e580c070 WorkerThread "GC Thread#3" [stack: 0x0000004c14b00000,0x0000004c14c00000] [id=14624]
  0x000001f8e580a9f0 WorkerThread "GC Thread#4" [stack: 0x0000004c14c00000,0x0000004c14d00000] [id=11704]
  0x000001f8e580acc0 WorkerThread "GC Thread#5" [stack: 0x0000004c14d00000,0x0000004c14e00000] [id=7328]
  0x000001f8e580b260 WorkerThread "GC Thread#6" [stack: 0x0000004c14e00000,0x0000004c14f00000] [id=6864]
  0x000001f8e580b800 WorkerThread "GC Thread#7" [stack: 0x0000004c14f00000,0x0000004c15000000] [id=13980]
  0x000001f8e5ec3310 WorkerThread "GC Thread#8" [stack: 0x0000004c15000000,0x0000004c15100000] [id=2440]
  0x000001f8e5ec1150 WorkerThread "GC Thread#9" [stack: 0x0000004c15100000,0x0000004c15200000] [id=10736]
  0x000001f8c219bde0 ConcurrentGCThread "G1 Main Marker" [stack: 0x0000004c13500000,0x0000004c13600000] [id=10468]
  0x000001f8c219c810 WorkerThread "G1 Conc#0" [stack: 0x0000004c13600000,0x0000004c13700000] [id=5788]
  0x000001f8e5ec1f60 WorkerThread "G1 Conc#1" [stack: 0x0000004c15200000,0x0000004c15300000] [id=7700]
  0x000001f8e5ec1420 WorkerThread "G1 Conc#2" [stack: 0x0000004c15300000,0x0000004c15400000] [id=5796]
  0x000001f8c21eebd0 ConcurrentGCThread "G1 Refine#0" [stack: 0x0000004c13700000,0x0000004c13800000] [id=15476]
  0x000001f8e074d880 ConcurrentGCThread "G1 Service" [stack: 0x0000004c13800000,0x0000004c13900000] [id=10800]

Threads with active compile tasks:
C2 CompilerThread0     4684 4836       4       org.jetbrains.kotlin.com.intellij.psi.stubs.MaterialStubList$1::visitStub (110 bytes)
C1 CompilerThread0     4684 5138   !   2       org.jetbrains.kotlin.metadata.ProtoBuf$Property::<init> (1283 bytes)
C2 CompilerThread1     4684 5067   !   4       org.jetbrains.kotlin.metadata.ProtoBuf$Type::<init> (875 bytes)
C2 CompilerThread2     4684 5124       4       org.jetbrains.kotlin.protobuf.GeneratedMessageLite$ExtendableMessage$ExtensionWriter::writeUntil (140 bytes)

VM state: at safepoint (normal execution)

VM Mutex/Monitor currently owned by a thread:  ([mutex/lock_event])
[0x000001f8c212c980] Threads_lock - owner thread: 0x000001f8e088f950
[0x000001f8c212d430] Heap_lock - owner thread: 0x000001f8c2130480

Heap address: 0x0000000089800000, size: 1896 MB, Compressed Oops mode: 32-bit

CDS archive(s) mapped at: [0x0000000800000000-0x0000000800c40000-0x0000000800c40000), size 12845056, SharedBaseAddress: 0x0000000800000000, ArchiveRelocationMode: 0.
Compressed class space mapped at: 0x0000000801000000-0x0000000841000000, reserved size: 1073741824
Narrow klass base: 0x0000000800000000, Narrow klass shift: 0, Narrow klass range: 0x100000000

GC Precious Log:
 CardTable entry size: 512
 Card Set container configuration: InlinePtr #cards 5 size 8 Array Of Cards #cards 12 size 40 Howl #buckets 4 coarsen threshold 1843 Howl Bitmap #cards 512 size 80 coarsen threshold 460 Card regions per heap region 1 cards per card region 2048
 CPUs: 12 total, 12 available
 Memory: 7579M
 Large Page Support: Disabled
 NUMA Support: Disabled
 Compressed Oops: Enabled (32-bit)
 Heap Region Size: 1M
 Heap Min Capacity: 8M
 Heap Initial Capacity: 120M
 Heap Max Capacity: 1896M
 Pre-touch: Disabled
 Parallel Workers: 10
 Concurrent Workers: 3
 Concurrent Refinement Workers: 10
 Periodic GC: Disabled

Heap:
 garbage-first heap   total 122880K, used 35448K [0x0000000089800000, 0x0000000100000000)
  region size 1024K, 3 young (3072K), 3 survivors (3072K)
 Metaspace       used 49877K, committed 50688K, reserved 1114112K
  class space    used 6131K, committed 6528K, reserved 1048576K

Heap Regions: E=young(eden), S=young(survivor), O=old, HS=humongous(starts), HC=humongous(continues), CS=collection set, F=free, OA=open archive, CA=closed archive, TAMS=top-at-mark-start (previous, next)
|   0|0x0000000089800000, 0x0000000089900000, 0x0000000089900000|100%|HS|  |TAMS 0x0000000089900000, 0x0000000089800000| Complete 
|   1|0x0000000089900000, 0x0000000089a00000, 0x0000000089a00000|100%|HC|  |TAMS 0x0000000089a00000, 0x0000000089900000| Complete 
|   2|0x0000000089a00000, 0x0000000089b00000, 0x0000000089b00000|100%|HC|  |TAMS 0x0000000089b00000, 0x0000000089a00000| Complete 
|   3|0x0000000089b00000, 0x0000000089c00000, 0x0000000089c00000|100%| O|  |TAMS 0x0000000089c00000, 0x0000000089b00000| Untracked 
|   4|0x0000000089c00000, 0x0000000089d00000, 0x0000000089d00000|100%| O|  |TAMS 0x0000000089d00000, 0x0000000089c00000| Untracked 
|   5|0x0000000089d00000, 0x0000000089e00000, 0x0000000089e00000|100%| O|  |TAMS 0x0000000089e00000, 0x0000000089d00000| Untracked 
|   6|0x0000000089e00000, 0x0000000089f00000, 0x0000000089f00000|100%| O|  |TAMS 0x0000000089e00000, 0x0000000089e00000| Untracked 
|   7|0x0000000089f00000, 0x000000008a000000, 0x000000008a000000|100%|HS|  |TAMS 0x000000008a000000, 0x0000000089f00000| Complete 
|   8|0x000000008a000000, 0x000000008a100000, 0x000000008a100000|100%|HC|  |TAMS 0x000000008a100000, 0x000000008a000000| Complete 
|   9|0x000000008a100000, 0x000000008a200000, 0x000000008a200000|100%|HC|  |TAMS 0x000000008a200000, 0x000000008a100000| Complete 
|  10|0x000000008a200000, 0x000000008a300000, 0x000000008a300000|100%|HS|  |TAMS 0x000000008a200000, 0x000000008a200000| Complete 
|  11|0x000000008a300000, 0x000000008a400000, 0x000000008a400000|100%|HC|  |TAMS 0x000000008a300000, 0x000000008a300000| Complete 
|  12|0x000000008a400000, 0x000000008a500000, 0x000000008a500000|100%| O|  |TAMS 0x000000008a500000, 0x000000008a400000| Untracked 
|  13|0x000000008a500000, 0x000000008a600000, 0x000000008a600000|100%| O|  |TAMS 0x000000008a600000, 0x000000008a500000| Untracked 
|  14|0x000000008a600000, 0x000000008a700000, 0x000000008a700000|100%| O|  |TAMS 0x000000008a700000, 0x000000008a600000| Untracked 
|  15|0x000000008a700000, 0x000000008a800000, 0x000000008a800000|100%| O|  |TAMS 0x000000008a800000, 0x000000008a700000| Untracked 
|  16|0x000000008a800000, 0x000000008a900000, 0x000000008a900000|100%| O|  |TAMS 0x000000008a900000, 0x000000008a800000| Untracked 
|  17|0x000000008a900000, 0x000000008aa00000, 0x000000008aa00000|100%| O|  |TAMS 0x000000008aa00000, 0x000000008a900000| Untracked 
|  18|0x000000008aa00000, 0x000000008ab00000, 0x000000008ab00000|100%| O|  |TAMS 0x000000008aa00000, 0x000000008aa00000| Untracked 
|  19|0x000000008ab00000, 0x000000008ac00000, 0x000000008ac00000|100%| O|  |TAMS 0x000000008ab00000, 0x000000008ab00000| Untracked 
|  20|0x000000008ac00000, 0x000000008ad00000, 0x000000008ad00000|100%| O|  |TAMS 0x000000008ac00000, 0x000000008ac00000| Untracked 
|  21|0x000000008ad00000, 0x000000008ae00000, 0x000000008ae00000|100%| O|  |TAMS 0x000000008ad00000, 0x000000008ad00000| Untracked 
|  22|0x000000008ae00000, 0x000000008af00000, 0x000000008af00000|100%| O|  |TAMS 0x000000008ae00000, 0x000000008ae00000| Untracked 
|  23|0x000000008af00000, 0x000000008b000000, 0x000000008b000000|100%| O|  |TAMS 0x000000008b000000, 0x000000008af00000| Untracked 
|  24|0x000000008b000000, 0x000000008b100000, 0x000000008b100000|100%| O|  |TAMS 0x000000008b100000, 0x000000008b000000| Untracked 
|  25|0x000000008b100000, 0x000000008b200000, 0x000000008b200000|100%| O|  |TAMS 0x000000008b200000, 0x000000008b100000| Untracked 
|  26|0x000000008b200000, 0x000000008b300000, 0x000000008b300000|100%| O|  |TAMS 0x000000008b300000, 0x000000008b200000| Untracked 
|  27|0x000000008b300000, 0x000000008b300000, 0x000000008b400000|  0%| F|  |TAMS 0x000000008b300000, 0x000000008b300000| Untracked 
|  28|0x000000008b400000, 0x000000008b500000, 0x000000008b500000|100%| O|  |TAMS 0x000000008b400000, 0x000000008b400000| Untracked 
|  29|0x000000008b500000, 0x000000008b500000, 0x000000008b600000|  0%| F|  |TAMS 0x000000008b500000, 0x000000008b500000| Untracked 
|  30|0x000000008b600000, 0x000000008b600000, 0x000000008b700000|  0%| F|  |TAMS 0x000000008b600000, 0x000000008b600000| Untracked 
|  31|0x000000008b700000, 0x000000008b700000, 0x000000008b800000|  0%| F|  |TAMS 0x000000008b700000, 0x000000008b700000| Untracked 
|  32|0x000000008b800000, 0x000000008b800000, 0x000000008b900000|  0%| F|  |TAMS 0x000000008b800000, 0x000000008b800000| Untracked 
|  33|0x000000008b900000, 0x000000008b900000, 0x000000008ba00000|  0%| F|  |TAMS 0x000000008b900000, 0x000000008b900000| Untracked 
|  34|0x000000008ba00000, 0x000000008ba00000, 0x000000008bb00000|  0%| F|  |TAMS 0x000000008ba00000, 0x000000008ba00000| Untracked 
|  35|0x000000008bb00000, 0x000000008bb00000, 0x000000008bc00000|  0%| F|  |TAMS 0x000000008bb00000, 0x000000008bb00000| Untracked 
|  36|0x000000008bc00000, 0x000000008bd00000, 0x000000008bd00000|100%| O|  |TAMS 0x000000008bc00000, 0x000000008bc00000| Untracked 
|  37|0x000000008bd00000, 0x000000008be00000, 0x000000008be00000|100%| O|  |TAMS 0x000000008bd00000, 0x000000008bd00000| Untracked 
|  38|0x000000008be00000, 0x000000008bf00000, 0x000000008bf00000|100%| O|  |TAMS 0x000000008be00000, 0x000000008be00000| Untracked 
|  39|0x000000008bf00000, 0x000000008c000000, 0x000000008c000000|100%| O|  |TAMS 0x000000008bf00000, 0x000000008bf00000| Untracked 
|  40|0x000000008c000000, 0x000000008c042c00, 0x000000008c100000| 26%| O|  |TAMS 0x000000008c000000, 0x000000008c000000| Untracked 
|  41|0x000000008c100000, 0x000000008c100000, 0x000000008c200000|  0%| F|  |TAMS 0x000000008c100000, 0x000000008c100000| Untracked 
|  42|0x000000008c200000, 0x000000008c200000, 0x000000008c300000|  0%| F|  |TAMS 0x000000008c200000, 0x000000008c200000| Untracked 
|  43|0x000000008c300000, 0x000000008c300000, 0x000000008c400000|  0%| F|  |TAMS 0x000000008c300000, 0x000000008c300000| Untracked 
|  44|0x000000008c400000, 0x000000008c400000, 0x000000008c500000|  0%| F|  |TAMS 0x000000008c400000, 0x000000008c400000| Untracked 
|  45|0x000000008c500000, 0x000000008c500000, 0x000000008c600000|  0%| F|  |TAMS 0x000000008c500000, 0x000000008c500000| Untracked 
|  46|0x000000008c600000, 0x000000008c600000, 0x000000008c700000|  0%| F|  |TAMS 0x000000008c600000, 0x000000008c600000| Untracked 
|  47|0x000000008c700000, 0x000000008c700000, 0x000000008c800000|  0%| F|  |TAMS 0x000000008c700000, 0x000000008c700000| Untracked 
|  48|0x000000008c800000, 0x000000008c800000, 0x000000008c900000|  0%| F|  |TAMS 0x000000008c800000, 0x000000008c800000| Untracked 
|  49|0x000000008c900000, 0x000000008c900000, 0x000000008ca00000|  0%| F|  |TAMS 0x000000008c900000, 0x000000008c900000| Untracked 
|  50|0x000000008ca00000, 0x000000008ca00000, 0x000000008cb00000|  0%| F|  |TAMS 0x000000008ca00000, 0x000000008ca00000| Untracked 
|  51|0x000000008cb00000, 0x000000008cb00000, 0x000000008cc00000|  0%| F|  |TAMS 0x000000008cb00000, 0x000000008cb00000| Untracked 
|  52|0x000000008cc00000, 0x000000008cc5b5f0, 0x000000008cd00000| 35%| S|CS|TAMS 0x000000008cc00000, 0x000000008cc00000| Complete 
|  53|0x000000008cd00000, 0x000000008ce00000, 0x000000008ce00000|100%| S|CS|TAMS 0x000000008cd00000, 0x000000008cd00000| Complete 
|  54|0x000000008ce00000, 0x000000008cf00000, 0x000000008cf00000|100%| S|CS|TAMS 0x000000008ce00000, 0x000000008ce00000| Complete 
|  55|0x000000008cf00000, 0x000000008cf00000, 0x000000008d000000|  0%| F|  |TAMS 0x000000008cf00000, 0x000000008cf00000| Untracked 
|  56|0x000000008d000000, 0x000000008d000000, 0x000000008d100000|  0%| F|  |TAMS 0x000000008d000000, 0x000000008d000000| Untracked 
|  57|0x000000008d100000, 0x000000008d100000, 0x000000008d200000|  0%| F|  |TAMS 0x000000008d100000, 0x000000008d100000| Untracked 
|  58|0x000000008d200000, 0x000000008d200000, 0x000000008d300000|  0%| F|  |TAMS 0x000000008d200000, 0x000000008d200000| Untracked 
|  59|0x000000008d300000, 0x000000008d300000, 0x000000008d400000|  0%| F|  |TAMS 0x000000008d300000, 0x000000008d300000| Untracked 
|  60|0x000000008d400000, 0x000000008d400000, 0x000000008d500000|  0%| F|  |TAMS 0x000000008d400000, 0x000000008d400000| Untracked 
|  61|0x000000008d500000, 0x000000008d500000, 0x000000008d600000|  0%| F|  |TAMS 0x000000008d500000, 0x000000008d500000| Untracked 
|  62|0x000000008d600000, 0x000000008d600000, 0x000000008d700000|  0%| F|  |TAMS 0x000000008d600000, 0x000000008d600000| Untracked 
|  63|0x000000008d700000, 0x000000008d700000, 0x000000008d800000|  0%| F|  |TAMS 0x000000008d700000, 0x000000008d700000| Untracked 
|  64|0x000000008d800000, 0x000000008d800000, 0x000000008d900000|  0%| F|  |TAMS 0x000000008d800000, 0x000000008d800000| Untracked 
|  65|0x000000008d900000, 0x000000008d900000, 0x000000008da00000|  0%| F|  |TAMS 0x000000008d900000, 0x000000008d900000| Untracked 
|  66|0x000000008da00000, 0x000000008da00000, 0x000000008db00000|  0%| F|  |TAMS 0x000000008da00000, 0x000000008da00000| Untracked 
|  67|0x000000008db00000, 0x000000008db00000, 0x000000008dc00000|  0%| F|  |TAMS 0x000000008db00000, 0x000000008db00000| Untracked 
|  68|0x000000008dc00000, 0x000000008dc00000, 0x000000008dd00000|  0%| F|  |TAMS 0x000000008dc00000, 0x000000008dc00000| Untracked 
|  69|0x000000008dd00000, 0x000000008dd00000, 0x000000008de00000|  0%| F|  |TAMS 0x000000008dd00000, 0x000000008dd00000| Untracked 
|  70|0x000000008de00000, 0x000000008de00000, 0x000000008df00000|  0%| F|  |TAMS 0x000000008de00000, 0x000000008de00000| Untracked 
|  71|0x000000008df00000, 0x000000008df00000, 0x000000008e000000|  0%| F|  |TAMS 0x000000008df00000, 0x000000008df00000| Untracked 
|  72|0x000000008e000000, 0x000000008e000000, 0x000000008e100000|  0%| F|  |TAMS 0x000000008e000000, 0x000000008e000000| Untracked 
|  73|0x000000008e100000, 0x000000008e100000, 0x000000008e200000|  0%| F|  |TAMS 0x000000008e100000, 0x000000008e100000| Untracked 
|  74|0x000000008e200000, 0x000000008e200000, 0x000000008e300000|  0%| F|  |TAMS 0x000000008e200000, 0x000000008e200000| Untracked 
|  75|0x000000008e300000, 0x000000008e300000, 0x000000008e400000|  0%| F|  |TAMS 0x000000008e300000, 0x000000008e300000| Untracked 
|  76|0x000000008e400000, 0x000000008e400000, 0x000000008e500000|  0%| F|  |TAMS 0x000000008e400000, 0x000000008e400000| Untracked 
|  77|0x000000008e500000, 0x000000008e500000, 0x000000008e600000|  0%| F|  |TAMS 0x000000008e500000, 0x000000008e500000| Untracked 
|  78|0x000000008e600000, 0x000000008e600000, 0x000000008e700000|  0%| F|  |TAMS 0x000000008e600000, 0x000000008e600000| Untracked 
|  79|0x000000008e700000, 0x000000008e700000, 0x000000008e800000|  0%| F|  |TAMS 0x000000008e700000, 0x000000008e700000| Untracked 
|  80|0x000000008e800000, 0x000000008e800000, 0x000000008e900000|  0%| F|  |TAMS 0x000000008e800000, 0x000000008e800000| Untracked 
|  81|0x000000008e900000, 0x000000008e900000, 0x000000008ea00000|  0%| F|  |TAMS 0x000000008e900000, 0x000000008e900000| Untracked 
|  82|0x000000008ea00000, 0x000000008ea00000, 0x000000008eb00000|  0%| F|  |TAMS 0x000000008ea00000, 0x000000008ea00000| Untracked 
|  83|0x000000008eb00000, 0x000000008eb00000, 0x000000008ec00000|  0%| F|  |TAMS 0x000000008eb00000, 0x000000008eb00000| Untracked 
|  84|0x000000008ec00000, 0x000000008ec00000, 0x000000008ed00000|  0%| F|  |TAMS 0x000000008ec00000, 0x000000008ec00000| Untracked 
|  85|0x000000008ed00000, 0x000000008ed00000, 0x000000008ee00000|  0%| F|  |TAMS 0x000000008ed00000, 0x000000008ed00000| Untracked 
|  86|0x000000008ee00000, 0x000000008ee00000, 0x000000008ef00000|  0%| F|  |TAMS 0x000000008ee00000, 0x000000008ee00000| Untracked 
|  87|0x000000008ef00000, 0x000000008ef00000, 0x000000008f000000|  0%| F|  |TAMS 0x000000008ef00000, 0x000000008ef00000| Untracked 
|  88|0x000000008f000000, 0x000000008f000000, 0x000000008f100000|  0%| F|  |TAMS 0x000000008f000000, 0x000000008f000000| Untracked 
|  89|0x000000008f100000, 0x000000008f100000, 0x000000008f200000|  0%| F|  |TAMS 0x000000008f100000, 0x000000008f100000| Untracked 
|  90|0x000000008f200000, 0x000000008f200000, 0x000000008f300000|  0%| F|  |TAMS 0x000000008f200000, 0x000000008f200000| Untracked 
|  91|0x000000008f300000, 0x000000008f300000, 0x000000008f400000|  0%| F|  |TAMS 0x000000008f300000, 0x000000008f300000| Untracked 
|  92|0x000000008f400000, 0x000000008f400000, 0x000000008f500000|  0%| F|  |TAMS 0x000000008f400000, 0x000000008f400000| Untracked 
|  93|0x000000008f500000, 0x000000008f500000, 0x000000008f600000|  0%| F|  |TAMS 0x000000008f500000, 0x000000008f500000| Untracked 
|  94|0x000000008f600000, 0x000000008f600000, 0x000000008f700000|  0%| F|  |TAMS 0x000000008f600000, 0x000000008f600000| Untracked 
|  95|0x000000008f700000, 0x000000008f700000, 0x000000008f800000|  0%| F|  |TAMS 0x000000008f700000, 0x000000008f700000| Untracked 
|  96|0x000000008f800000, 0x000000008f800000, 0x000000008f900000|  0%| F|  |TAMS 0x000000008f800000, 0x000000008f800000| Untracked 
|  97|0x000000008f900000, 0x000000008f900000, 0x000000008fa00000|  0%| F|  |TAMS 0x000000008f900000, 0x000000008f900000| Untracked 
|  98|0x000000008fa00000, 0x000000008fa00000, 0x000000008fb00000|  0%| F|  |TAMS 0x000000008fa00000, 0x000000008fa00000| Untracked 
|  99|0x000000008fb00000, 0x000000008fb00000, 0x000000008fc00000|  0%| F|  |TAMS 0x000000008fb00000, 0x000000008fb00000| Untracked 
| 100|0x000000008fc00000, 0x000000008fc00000, 0x000000008fd00000|  0%| F|  |TAMS 0x000000008fc00000, 0x000000008fc00000| Untracked 
| 101|0x000000008fd00000, 0x000000008fd00000, 0x000000008fe00000|  0%| F|  |TAMS 0x000000008fd00000, 0x000000008fd00000| Untracked 
| 102|0x000000008fe00000, 0x000000008fe00000, 0x000000008ff00000|  0%| F|  |TAMS 0x000000008fe00000, 0x000000008fe00000| Untracked 
| 103|0x000000008ff00000, 0x000000008ff00000, 0x0000000090000000|  0%| F|  |TAMS 0x000000008ff00000, 0x000000008ff00000| Untracked 
| 104|0x0000000090000000, 0x0000000090000000, 0x0000000090100000|  0%| F|  |TAMS 0x0000000090000000, 0x0000000090000000| Untracked 
| 105|0x0000000090100000, 0x0000000090100000, 0x0000000090200000|  0%| F|  |TAMS 0x0000000090100000, 0x0000000090100000| Untracked 
| 106|0x0000000090200000, 0x0000000090200000, 0x0000000090300000|  0%| F|  |TAMS 0x0000000090200000, 0x0000000090200000| Untracked 
| 107|0x0000000090300000, 0x0000000090300000, 0x0000000090400000|  0%| F|  |TAMS 0x0000000090300000, 0x0000000090300000| Untracked 
| 108|0x0000000090400000, 0x0000000090400000, 0x0000000090500000|  0%| F|  |TAMS 0x0000000090400000, 0x0000000090400000| Untracked 
| 109|0x0000000090500000, 0x0000000090500000, 0x0000000090600000|  0%| F|  |TAMS 0x0000000090500000, 0x0000000090500000| Untracked 
| 110|0x0000000090600000, 0x0000000090600000, 0x0000000090700000|  0%| F|  |TAMS 0x0000000090600000, 0x0000000090600000| Untracked 
| 111|0x0000000090700000, 0x0000000090700000, 0x0000000090800000|  0%| F|  |TAMS 0x0000000090700000, 0x0000000090700000| Untracked 
| 112|0x0000000090800000, 0x0000000090800000, 0x0000000090900000|  0%| F|  |TAMS 0x0000000090800000, 0x0000000090800000| Untracked 
| 113|0x0000000090900000, 0x0000000090900000, 0x0000000090a00000|  0%| F|  |TAMS 0x0000000090900000, 0x0000000090900000| Untracked 
| 114|0x0000000090a00000, 0x0000000090a00000, 0x0000000090b00000|  0%| F|  |TAMS 0x0000000090a00000, 0x0000000090a00000| Untracked 
| 115|0x0000000090b00000, 0x0000000090b00000, 0x0000000090c00000|  0%| F|  |TAMS 0x0000000090b00000, 0x0000000090b00000| Untracked 
| 116|0x0000000090c00000, 0x0000000090c00000, 0x0000000090d00000|  0%| F|  |TAMS 0x0000000090c00000, 0x0000000090c00000| Untracked 
| 117|0x0000000090d00000, 0x0000000090d00000, 0x0000000090e00000|  0%| F|  |TAMS 0x0000000090d00000, 0x0000000090d00000| Untracked 
| 118|0x0000000090e00000, 0x0000000090e00000, 0x0000000090f00000|  0%| F|  |TAMS 0x0000000090e00000, 0x0000000090e00000| Untracked 
| 119|0x0000000090f00000, 0x0000000090f00000, 0x0000000091000000|  0%| F|  |TAMS 0x0000000090f00000, 0x0000000090f00000| Untracked 

Card table byte_map: [0x000001f8d99a0000,0x000001f8d9d60000] _byte_map_base: 0x000001f8d9554000

Marking Bits (Prev, Next): (CMBitMap*) 0x000001f8c218c610, (CMBitMap*) 0x000001f8c218c650
 Prev Bits: [0x000001f8da120000, 0x000001f8dbec0000)
 Next Bits: [0x000001f8dbec0000, 0x000001f8ddc60000)

Polling page: 0x000001f8c00a0000

Metaspace:

Usage:
  Non-class:     42.72 MB used.
      Class:      5.99 MB used.
       Both:     48.71 MB used.

Virtual space:
  Non-class space:       64.00 MB reserved,      43.12 MB ( 67%) committed,  1 nodes.
      Class space:        1.00 GB reserved,       6.38 MB ( <1%) committed,  1 nodes.
             Both:        1.06 GB reserved,      49.50 MB (  5%) committed. 

Chunk freelists:
   Non-Class:  800.00 KB
       Class:  1.44 MB
        Both:  2.22 MB

MaxMetaspaceSize: unlimited
CompressedClassSpaceSize: 1.00 GB
Initial GC threshold: 21.00 MB
Current GC threshold: 58.88 MB
CDS: on
MetaspaceReclaimPolicy: balanced
 - commit_granule_bytes: 65536.
 - commit_granule_words: 8192.
 - virtual_space_node_default_size: 8388608.
 - enlarge_chunks_in_place: 1.
 - new_chunks_are_fully_committed: 0.
 - uncommit_free_chunks: 1.
 - use_allocation_guard: 0.


Internal statistics:

num_allocs_failed_limit: 6.
num_arena_births: 1248.
num_arena_deaths: 0.
num_vsnodes_births: 2.
num_vsnodes_deaths: 0.
num_space_committed: 790.
num_space_uncommitted: 0.
num_chunks_returned_to_freelist: 6.
num_chunks_taken_from_freelist: 3238.
num_chunk_merges: 6.
num_chunk_splits: 2353.
num_chunks_enlarged: 1706.
num_inconsistent_stats: 0.

CodeHeap 'non-profiled nmethods': size=120000Kb used=2492Kb max_used=2492Kb free=117508Kb
 bounds [0x000001f8d1b60000, 0x000001f8d1dd0000, 0x000001f8d9090000]
CodeHeap 'profiled nmethods': size=120000Kb used=10810Kb max_used=10810Kb free=109189Kb
 bounds [0x000001f8ca090000, 0x000001f8cab20000, 0x000001f8d15c0000]
CodeHeap 'non-nmethods': size=5760Kb used=1393Kb max_used=1456Kb free=4366Kb
 bounds [0x000001f8d15c0000, 0x000001f8d1830000, 0x000001f8d1b60000]
 total_blobs=5738 nmethods=5106 adapters=542
 compilation: enabled
              stopped_count=0, restarted_count=0
 full_count=0

Compilation events (20 events):
Event: 4.647 Thread 0x000001f8e08c3090 nmethod 5128 0x000001f8cab1af10 code [0x000001f8cab1b0c0, 0x000001f8cab1b258]
Event: 4.659 Thread 0x000001f8e08c3090 5131       2       kotlin.collections.SetsKt___SetsKt::plus (93 bytes)
Event: 4.659 Thread 0x000001f8e08c46d0 nmethod 5099 0x000001f8d1dcc710 code [0x000001f8d1dcc9a0, 0x000001f8d1dcd690]
Event: 4.660 Thread 0x000001f8e08c46d0 5037       4       org.jetbrains.kotlin.protobuf.FieldSet::isInitialized (83 bytes)
Event: 4.660 Thread 0x000001f8e08c3090 nmethod 5131 0x000001f8cab1b310 code [0x000001f8cab1b620, 0x000001f8cab1bf28]
Event: 4.660 Thread 0x000001f8e08c3090 5132       2       kotlin.collections.CollectionsKt__IterablesKt::collectionSizeOrNull (30 bytes)
Event: 4.660 Thread 0x000001f8e08c3090 nmethod 5132 0x000001f8cab1c490 code [0x000001f8cab1c6a0, 0x000001f8cab1cae8]
Event: 4.660 Thread 0x000001f8e08c3090 5135       3       gnu.trove.TObjectHash::insertionIndex (273 bytes)
Event: 4.661 Thread 0x000001f8e08c3090 nmethod 5135 0x000001f8cab1cd10 code [0x000001f8cab1cf60, 0x000001f8cab1dc08]
Event: 4.661 Thread 0x000001f8e08c3090 5133       2       kotlin.collections.EmptySet::size (5 bytes)
Event: 4.661 Thread 0x000001f8e08c3090 nmethod 5133 0x000001f8cab1df10 code [0x000001f8cab1e0a0, 0x000001f8cab1e1b8]
Event: 4.661 Thread 0x000001f8e08c3090 5134       2       java.util.LinkedHashMap$LinkedKeySet::size (8 bytes)
Event: 4.661 Thread 0x000001f8e08c3090 nmethod 5134 0x000001f8cab1e290 code [0x000001f8cab1e420, 0x000001f8cab1e538]
Event: 4.661 Thread 0x000001f8e08c3090 5137       2       org.jetbrains.kotlin.descriptors.impl.ModuleDescriptorImpl::getContainingDeclaration (5 bytes)
Event: 4.661 Thread 0x000001f8e08c3090 nmethod 5137 0x000001f8cab1e610 code [0x000001f8cab1e7a0, 0x000001f8cab1e8b8]
Event: 4.661 Thread 0x000001f8e08c3090 5136       1       org.jetbrains.kotlin.descriptors.impl.LazyPackageViewDescriptorImpl::getMemberScope (5 bytes)
Event: 4.661 Thread 0x000001f8e08c3090 nmethod 5136 0x000001f8d1dce410 code [0x000001f8d1dce5a0, 0x000001f8d1dce658]
Event: 4.662 Thread 0x000001f8e08c3090 5138   !   2       org.jetbrains.kotlin.metadata.ProtoBuf$Property::<init> (1283 bytes)
Event: 4.664 Thread 0x000001f8e08c46d0 nmethod 5037 0x000001f8d1dce710 code [0x000001f8d1dce8e0, 0x000001f8d1dcebc8]
Event: 4.664 Thread 0x000001f8e08c46d0 5124       4       org.jetbrains.kotlin.protobuf.GeneratedMessageLite$ExtendableMessage$ExtensionWriter::writeUntil (140 bytes)

GC Heap History (19 events):
Event: 0.609 GC heap before
{Heap before GC invocations=0 (full 0):
 garbage-first heap   total 122880K, used 26624K [0x0000000089800000, 0x0000000100000000)
  region size 1024K, 23 young (23552K), 0 survivors (0K)
 Metaspace       used 6336K, committed 6400K, reserved 1114112K
  class space    used 594K, committed 640K, reserved 1048576K
}
Event: 0.615 GC heap after
{Heap after GC invocations=1 (full 0):
 garbage-first heap   total 122880K, used 6264K [0x0000000089800000, 0x0000000100000000)
  region size 1024K, 3 young (3072K), 3 survivors (3072K)
 Metaspace       used 6336K, committed 6400K, reserved 1114112K
  class space    used 594K, committed 640K, reserved 1048576K
}
Event: 1.276 GC heap before
{Heap before GC invocations=1 (full 0):
 garbage-first heap   total 122880K, used 39032K [0x0000000089800000, 0x0000000100000000)
  region size 1024K, 35 young (35840K), 3 survivors (3072K)
 Metaspace       used 13989K, committed 14272K, reserved 1114112K
  class space    used 1537K, committed 1664K, reserved 1048576K
}
Event: 1.287 GC heap after
{Heap after GC invocations=2 (full 0):
 garbage-first heap   total 122880K, used 9794K [0x0000000089800000, 0x0000000100000000)
  region size 1024K, 4 young (4096K), 4 survivors (4096K)
 Metaspace       used 13989K, committed 14272K, reserved 1114112K
  class space    used 1537K, committed 1664K, reserved 1048576K
}
Event: 1.703 GC heap before
{Heap before GC invocations=2 (full 0):
 garbage-first heap   total 122880K, used 38466K [0x0000000089800000, 0x0000000100000000)
  region size 1024K, 30 young (30720K), 4 survivors (4096K)
 Metaspace       used 21255K, committed 21504K, reserved 1114112K
  class space    used 2546K, committed 2688K, reserved 1048576K
}
Event: 1.709 GC heap after
{Heap after GC invocations=3 (full 0):
 garbage-first heap   total 122880K, used 15372K [0x0000000089800000, 0x0000000100000000)
  region size 1024K, 6 young (6144K), 6 survivors (6144K)
 Metaspace       used 21255K, committed 21504K, reserved 1114112K
  class space    used 2546K, committed 2688K, reserved 1048576K
}
Event: 2.126 GC heap before
{Heap before GC invocations=4 (full 0):
 garbage-first heap   total 58368K, used 46092K [0x0000000089800000, 0x0000000100000000)
  region size 1024K, 34 young (34816K), 6 survivors (6144K)
 Metaspace       used 25992K, committed 26240K, reserved 1114112K
  class space    used 3415K, committed 3520K, reserved 1048576K
}
Event: 2.140 GC heap after
{Heap after GC invocations=5 (full 0):
 garbage-first heap   total 58368K, used 21930K [0x0000000089800000, 0x0000000100000000)
  region size 1024K, 5 young (5120K), 5 survivors (5120K)
 Metaspace       used 25992K, committed 26240K, reserved 1114112K
  class space    used 3415K, committed 3520K, reserved 1048576K
}
Event: 2.153 GC heap before
{Heap before GC invocations=5 (full 0):
 garbage-first heap   total 58368K, used 22954K [0x0000000089800000, 0x0000000100000000)
  region size 1024K, 6 young (6144K), 5 survivors (5120K)
 Metaspace       used 26222K, committed 26496K, reserved 1114112K
  class space    used 3433K, committed 3584K, reserved 1048576K
}
Event: 2.159 GC heap after
{Heap after GC invocations=6 (full 0):
 garbage-first heap   total 58368K, used 23327K [0x0000000089800000, 0x0000000100000000)
  region size 1024K, 1 young (1024K), 1 survivors (1024K)
 Metaspace       used 26222K, committed 26496K, reserved 1114112K
  class space    used 3433K, committed 3584K, reserved 1048576K
}
Event: 2.413 GC heap before
{Heap before GC invocations=6 (full 0):
 garbage-first heap   total 58368K, used 41759K [0x0000000089800000, 0x0000000100000000)
  region size 1024K, 20 young (20480K), 1 survivors (1024K)
 Metaspace       used 29873K, committed 30208K, reserved 1114112K
  class space    used 3813K, committed 3968K, reserved 1048576K
}
Event: 2.418 GC heap after
{Heap after GC invocations=7 (full 0):
 garbage-first heap   total 116736K, used 23085K [0x0000000089800000, 0x0000000100000000)
  region size 1024K, 3 young (3072K), 3 survivors (3072K)
 Metaspace       used 29873K, committed 30208K, reserved 1114112K
  class space    used 3813K, committed 3968K, reserved 1048576K
}
Event: 2.925 GC heap before
{Heap before GC invocations=7 (full 0):
 garbage-first heap   total 116736K, used 53805K [0x0000000089800000, 0x0000000100000000)
  region size 1024K, 35 young (35840K), 3 survivors (3072K)
 Metaspace       used 35246K, committed 35968K, reserved 1114112K
  class space    used 4422K, committed 4800K, reserved 1048576K
}
Event: 2.933 GC heap after
{Heap after GC invocations=8 (full 0):
 garbage-first heap   total 116736K, used 25829K [0x0000000089800000, 0x0000000100000000)
  region size 1024K, 6 young (6144K), 6 survivors (6144K)
 Metaspace       used 35246K, committed 35968K, reserved 1114112K
  class space    used 4422K, committed 4800K, reserved 1048576K
}
Event: 4.188 GC heap before
{Heap before GC invocations=9 (full 0):
 garbage-first heap   total 92160K, used 77029K [0x0000000089800000, 0x0000000100000000)
  region size 1024K, 54 young (55296K), 6 survivors (6144K)
 Metaspace       used 47148K, committed 47936K, reserved 1114112K
  class space    used 5834K, committed 6272K, reserved 1048576K
}
Event: 4.203 GC heap after
{Heap after GC invocations=10 (full 0):
 garbage-first heap   total 92160K, used 33309K [0x0000000089800000, 0x0000000100000000)
  region size 1024K, 7 young (7168K), 7 survivors (7168K)
 Metaspace       used 47148K, committed 47936K, reserved 1114112K
  class space    used 5834K, committed 6272K, reserved 1048576K
}
Event: 4.218 GC heap before
{Heap before GC invocations=10 (full 0):
 garbage-first heap   total 92160K, used 34333K [0x0000000089800000, 0x0000000100000000)
  region size 1024K, 8 young (8192K), 7 survivors (7168K)
 Metaspace       used 47185K, committed 48000K, reserved 1114112K
  class space    used 5836K, committed 6272K, reserved 1048576K
}
Event: 4.228 GC heap after
{Heap after GC invocations=11 (full 0):
 garbage-first heap   total 92160K, used 34059K [0x0000000089800000, 0x0000000100000000)
  region size 1024K, 1 young (1024K), 1 survivors (1024K)
 Metaspace       used 47185K, committed 48000K, reserved 1114112K
  class space    used 5836K, committed 6272K, reserved 1048576K
}
Event: 4.666 GC heap before
{Heap before GC invocations=11 (full 0):
 garbage-first heap   total 92160K, used 68875K [0x0000000089800000, 0x0000000100000000)
  region size 1024K, 35 young (35840K), 1 survivors (1024K)
 Metaspace       used 49877K, committed 50688K, reserved 1114112K
  class space    used 6131K, committed 6528K, reserved 1048576K
}

Dll operation events (7 events):
Event: 0.004 Loaded shared library C:\Program Files\Java\jdk-19\bin\java.dll
Event: 0.012 Loaded shared library C:\Program Files\Java\jdk-19\bin\jsvml.dll
Event: 0.053 Loaded shared library C:\Program Files\Java\jdk-19\bin\net.dll
Event: 0.230 Loaded shared library C:\Program Files\Java\jdk-19\bin\nio.dll
Event: 0.253 Loaded shared library C:\Program Files\Java\jdk-19\bin\zip.dll
Event: 0.281 Loaded shared library C:\Program Files\Java\jdk-19\bin\jimage.dll
Event: 1.091 Loaded shared library C:\Program Files\Java\jdk-19\bin\verify.dll

Deoptimization events (20 events):
Event: 4.235 Thread 0x000001f8c2130480 DEOPT PACKING pc=0x000001f8d1d8cca8 sp=0x0000004c133fa000
Event: 4.235 Thread 0x000001f8c2130480 DEOPT UNPACKING pc=0x000001f8d1626da3 sp=0x0000004c133f9f90 mode 2
Event: 4.282 Thread 0x000001f8c2130480 Uncommon trap: trap_request=0xffffff45 fr.pc=0x000001f8d1d5ad30 relative=0x0000000000000210
Event: 4.282 Thread 0x000001f8c2130480 Uncommon trap: reason=unstable_if action=reinterpret pc=0x000001f8d1d5ad30 method=org.jetbrains.kotlin.name.Name.hashCode()I @ 16 c2
Event: 4.282 Thread 0x000001f8c2130480 DEOPT PACKING pc=0x000001f8d1d5ad30 sp=0x0000004c133fd580
Event: 4.282 Thread 0x000001f8c2130480 DEOPT UNPACKING pc=0x000001f8d1626da3 sp=0x0000004c133fd518 mode 2
Event: 4.455 Thread 0x000001f8c2130480 Uncommon trap: trap_request=0xffffff45 fr.pc=0x000001f8d1d9c794 relative=0x00000000000029b4
Event: 4.455 Thread 0x000001f8c2130480 Uncommon trap: reason=unstable_if action=reinterpret pc=0x000001f8d1d9c794 method=org.jetbrains.kotlin.com.intellij.psi.stubs.StubBase.<init>(Lorg/jetbrains/kotlin/com/intellij/psi/stubs/StubElement;Lorg/jetbrains/kotlin/com/intellij/psi/stubs/IStubElemen
Event: 4.455 Thread 0x000001f8c2130480 DEOPT PACKING pc=0x000001f8d1d9c794 sp=0x0000004c133fa9a0
Event: 4.455 Thread 0x000001f8c2130480 DEOPT UNPACKING pc=0x000001f8d1626da3 sp=0x0000004c133fa9a8 mode 2
Event: 4.455 Thread 0x000001f8c2130480 Uncommon trap: trap_request=0xffffff45 fr.pc=0x000001f8d1d934f0 relative=0x0000000000001290
Event: 4.455 Thread 0x000001f8c2130480 Uncommon trap: reason=unstable_if action=reinterpret pc=0x000001f8d1d934f0 method=org.jetbrains.kotlin.com.intellij.psi.stubs.StubList.addStub(IIS)V @ 46 c2
Event: 4.455 Thread 0x000001f8c2130480 DEOPT PACKING pc=0x000001f8d1d934f0 sp=0x0000004c133fa810
Event: 4.455 Thread 0x000001f8c2130480 DEOPT UNPACKING pc=0x000001f8d1626da3 sp=0x0000004c133fa7d8 mode 2
Event: 4.566 Thread 0x000001f8c2130480 DEOPT PACKING pc=0x000001f8ca68f565 sp=0x0000004c133fa940
Event: 4.566 Thread 0x000001f8c2130480 DEOPT UNPACKING pc=0x000001f8d1627543 sp=0x0000004c133f9d90 mode 0
Event: 4.660 Thread 0x000001f8c2130480 Uncommon trap: trap_request=0xffffff45 fr.pc=0x000001f8d1da96b4 relative=0x0000000000000554
Event: 4.660 Thread 0x000001f8c2130480 Uncommon trap: reason=unstable_if action=reinterpret pc=0x000001f8d1da96b4 method=gnu.trove.TObjectHash.insertionIndex(Ljava/lang/Object;)I @ 80 c2
Event: 4.660 Thread 0x000001f8c2130480 DEOPT PACKING pc=0x000001f8d1da96b4 sp=0x0000004c133fb760
Event: 4.660 Thread 0x000001f8c2130480 DEOPT UNPACKING pc=0x000001f8d1626da3 sp=0x0000004c133fb6e8 mode 2

Classes loaded (20 events):
Event: 3.206 Loading class java/text/CharacterIterator done
Event: 3.206 Loading class java/text/StringCharacterIterator done
Event: 3.456 Loading class java/util/AbstractList$RandomAccessSubList
Event: 3.456 Loading class java/util/AbstractList$RandomAccessSubList done
Event: 3.637 Loading class java/util/ComparableTimSort
Event: 3.638 Loading class java/util/ComparableTimSort done
Event: 4.160 Loading class java/util/stream/LongStream
Event: 4.161 Loading class java/util/stream/LongStream done
Event: 4.161 Loading class java/util/stream/DoubleStream
Event: 4.161 Loading class java/util/stream/DoubleStream done
Event: 4.161 Loading class java/util/HashMap$EntrySpliterator
Event: 4.161 Loading class java/util/HashMap$EntrySpliterator done
Event: 4.164 Loading class java/util/stream/Nodes$SpinedNodeBuilder
Event: 4.164 Loading class java/util/stream/SpinedBuffer
Event: 4.164 Loading class java/util/stream/AbstractSpinedBuffer
Event: 4.164 Loading class java/util/stream/AbstractSpinedBuffer done
Event: 4.164 Loading class java/util/stream/SpinedBuffer done
Event: 4.164 Loading class java/util/stream/Nodes$SpinedNodeBuilder done
Event: 4.250 Loading class java/util/RegularEnumSet$EnumSetIterator
Event: 4.250 Loading class java/util/RegularEnumSet$EnumSetIterator done

Classes unloaded (0 events):
No events

Classes redefined (0 events):
No events

Internal exceptions (20 events):
Event: 2.845 Thread 0x000001f8c2130480 Exception <a 'java/lang/NoSuchMethodError'{0x000000008efe8158}: 'java.lang.Object java.lang.invoke.DelegatingMethodHandle$Holder.reinvoke_L(java.lang.Object, java.lang.Object, java.lang.Object, java.lang.Object, java.lang.Object, java.lang.Object, java.lang.Object, java.lang.Object, java.lang.Object, java.lang.Object, java.lang.Object, java.lang.Object, java.lang.Object)'> (0x000000008efe8158) 
thrown [s\open\src\hotspot\share\interpreter\linkResolver.cpp, line 774]
Event: 2.864 Thread 0x000001f8c2130480 Exception <a 'java/lang/NoSuchMethodError'{0x000000008ed25fa0}: 'java.lang.Object java.lang.invoke.DirectMethodHandle$Holder.newInvokeSpecial(java.lang.Object, java.lang.Object, java.lang.Object, java.lang.Object, java.lang.Object, java.lang.Object, java.lang.Object, java.lang.Object, java.lang.Object, java.lang.Object, java.lang.Object, java.lang.Object, java.lang.Object, java.lang.Object, java.lang.Object, java.lang.Object, java.lang.Object, java.lang.Object, java.lang.Object)'> (0x000000008ed25fa0) 
thr
Event: 2.865 Thread 0x000001f8c2130480 Exception <a 'java/lang/NoSuchMethodError'{0x000000008ed2c068}: 'java.lang.Object java.lang.invoke.DirectMethodHandle$Holder.invokeSpecial(java.lang.Object, java.lang.Object, java.lang.Object, java.lang.Object, java.lang.Object, java.lang.Object, java.lang.Object, java.lang.Object, java.lang.Object, java.lang.Object, java.lang.Object, java.lang.Object, java.lang.Object, java.lang.Object, java.lang.Object, java.lang.Object, java.lang.Object, java.lang.Object, java.lang.Object, java.lang.Object)'> (0x0000000
Event: 2.865 Thread 0x000001f8c2130480 Exception <a 'java/lang/NoSuchMethodError'{0x000000008ed310e0}: 'java.lang.Object java.lang.invoke.DelegatingMethodHandle$Holder.reinvoke_L(java.lang.Object, java.lang.Object, java.lang.Object, java.lang.Object, java.lang.Object, java.lang.Object, java.lang.Object, java.lang.Object, java.lang.Object, java.lang.Object, java.lang.Object, java.lang.Object, java.lang.Object, java.lang.Object, java.lang.Object, java.lang.Object, java.lang.Object, java.lang.Object, java.lang.Object)'> (0x000000008ed310e0) 
throw
Event: 2.975 Thread 0x000001f8c2130480 Exception <a 'java/lang/NoSuchMethodError'{0x000000008ef28548}: 'java.lang.Object java.lang.invoke.DirectMethodHandle$Holder.newInvokeSpecial(java.lang.Object, java.lang.Object, int)'> (0x000000008ef28548) 
thrown [s\open\src\hotspot\share\interpreter\linkResolver.cpp, line 774]
Event: 3.026 Thread 0x000001f8c2130480 Implicit null exception at 0x000001f8d1ce0bbd to 0x000001f8d1ce0cc8
Event: 3.029 Thread 0x000001f8c2130480 Implicit null exception at 0x000001f8d1ce0750 to 0x000001f8d1ce0814
Event: 3.083 Thread 0x000001f8c2130480 Exception <a 'java/lang/NoSuchMethodError'{0x000000008ecfc630}: 'java.lang.Object java.lang.invoke.DirectMethodHandle$Holder.newInvokeSpecial(java.lang.Object, java.lang.Object, java.lang.Object, int)'> (0x000000008ecfc630) 
thrown [s\open\src\hotspot\share\interpreter\linkResolver.cpp, line 774]
Event: 3.084 Thread 0x000001f8c2130480 Exception <a 'java/lang/NoSuchMethodError'{0x000000008eb01188}: 'java.lang.Object java.lang.invoke.DirectMethodHandle$Holder.invokeSpecial(java.lang.Object, java.lang.Object, java.lang.Object, java.lang.Object, int)'> (0x000000008eb01188) 
thrown [s\open\src\hotspot\share\interpreter\linkResolver.cpp, line 774]
Event: 3.084 Thread 0x000001f8c2130480 Exception <a 'java/lang/NoSuchMethodError'{0x000000008eb04b50}: 'java.lang.Object java.lang.invoke.Invokers$Holder.linkToTargetMethod(java.lang.Object, java.lang.Object, int, java.lang.Object)'> (0x000000008eb04b50) 
thrown [s\open\src\hotspot\share\interpreter\linkResolver.cpp, line 774]
Event: 3.693 Thread 0x000001f8c2130480 Implicit null exception at 0x000001f8d1bcf3f6 to 0x000001f8d1bcfa20
Event: 3.813 Thread 0x000001f8c2130480 Exception <a 'java/lang/NoSuchMethodError'{0x000000008c660d98}: 'void java.lang.invoke.DirectMethodHandle$Holder.invokeSpecial(java.lang.Object, java.lang.Object, int, java.lang.Object)'> (0x000000008c660d98) 
thrown [s\open\src\hotspot\share\interpreter\linkResolver.cpp, line 774]
Event: 4.121 Thread 0x000001f8c2130480 Exception <a 'java/lang/NoSuchMethodError'{0x000000008be82318}: 'int java.lang.invoke.DirectMethodHandle$Holder.invokeVirtual(java.lang.Object, java.lang.Object, java.lang.Object)'> (0x000000008be82318) 
thrown [s\open\src\hotspot\share\interpreter\linkResolver.cpp, line 774]
Event: 4.127 Thread 0x000001f8c2130480 Exception <a 'java/lang/NoSuchMethodError'{0x000000008bebd970}: 'java.lang.Object java.lang.invoke.DirectMethodHandle$Holder.newInvokeSpecial(java.lang.Object, java.lang.Object, java.lang.Object, java.lang.Object, int)'> (0x000000008bebd970) 
thrown [s\open\src\hotspot\share\interpreter\linkResolver.cpp, line 774]
Event: 4.128 Thread 0x000001f8c2130480 Exception <a 'java/lang/NoSuchMethodError'{0x000000008bec1f70}: 'java.lang.Object java.lang.invoke.DirectMethodHandle$Holder.invokeSpecial(java.lang.Object, java.lang.Object, java.lang.Object, java.lang.Object, java.lang.Object, int)'> (0x000000008bec1f70) 
thrown [s\open\src\hotspot\share\interpreter\linkResolver.cpp, line 774]
Event: 4.128 Thread 0x000001f8c2130480 Exception <a 'java/lang/NoSuchMethodError'{0x000000008bec5f20}: 'java.lang.Object java.lang.invoke.Invokers$Holder.linkToTargetMethod(java.lang.Object, java.lang.Object, java.lang.Object, int, java.lang.Object)'> (0x000000008bec5f20) 
thrown [s\open\src\hotspot\share\interpreter\linkResolver.cpp, line 774]
Event: 4.162 Thread 0x000001f8c2130480 Exception <a 'java/lang/NoSuchMethodError'{0x000000008bc02308}: 'void java.lang.invoke.DirectMethodHandle$Holder.invokeInterface(java.lang.Object, java.lang.Object)'> (0x000000008bc02308) 
thrown [s\open\src\hotspot\share\interpreter\linkResolver.cpp, line 774]
Event: 4.439 Thread 0x000001f8c2130480 Exception <a 'java/lang/NoSuchMethodError'{0x000000008ea79ca0}: 'java.lang.Object java.lang.invoke.DirectMethodHandle$Holder.invokeStaticInit(java.lang.Object, java.lang.Object, java.lang.Object)'> (0x000000008ea79ca0) 
thrown [s\open\src\hotspot\share\interpreter\linkResolver.cpp, line 774]
Event: 4.455 Thread 0x000001f8c2130480 Implicit null exception at 0x000001f8d1d99eb4 to 0x000001f8d1d9c778
Event: 4.502 Thread 0x000001f8c2130480 Exception <a 'java/lang/NoSuchMethodError'{0x000000008e853df0}: 'int java.lang.invoke.DirectMethodHandle$Holder.invokeStaticInit(java.lang.Object, int)'> (0x000000008e853df0) 
thrown [s\open\src\hotspot\share\interpreter\linkResolver.cpp, line 774]

VM Operations (20 events):
Event: 3.823 Executing VM operation: HandshakeAllThreads done
Event: 4.007 Executing VM operation: HandshakeAllThreads
Event: 4.007 Executing VM operation: HandshakeAllThreads done
Event: 4.025 Executing VM operation: ICBufferFull
Event: 4.025 Executing VM operation: ICBufferFull done
Event: 4.125 Executing VM operation: HandshakeAllThreads
Event: 4.125 Executing VM operation: HandshakeAllThreads done
Event: 4.160 Executing VM operation: HandshakeAllThreads
Event: 4.160 Executing VM operation: HandshakeAllThreads done
Event: 4.171 Executing VM operation: HandshakeAllThreads
Event: 4.171 Executing VM operation: HandshakeAllThreads done
Event: 4.188 Executing VM operation: G1CollectForAllocation
Event: 4.203 Executing VM operation: G1CollectForAllocation done
Event: 4.218 Executing VM operation: G1CollectForAllocation
Event: 4.228 Executing VM operation: G1CollectForAllocation done
Event: 4.472 Executing VM operation: HandshakeAllThreads
Event: 4.472 Executing VM operation: HandshakeAllThreads done
Event: 4.547 Executing VM operation: ICBufferFull
Event: 4.547 Executing VM operation: ICBufferFull done
Event: 4.666 Executing VM operation: G1CollectForAllocation

Events (14 events):
Event: 0.012 Thread 0x000001f8c2130480 Thread added: 0x000001f8c2130480
Event: 0.023 Thread 0x000001f8e08a9f10 Thread added: 0x000001f8e08a9f10
Event: 0.023 Thread 0x000001f8e08aab00 Thread added: 0x000001f8e08aab00
Event: 0.023 Thread 0x000001f8e08acb30 Thread added: 0x000001f8e08acb30
Event: 0.024 Thread 0x000001f8e08b09c0 Thread added: 0x000001f8e08b09c0
Event: 0.024 Thread 0x000001f8e08b12f0 Thread added: 0x000001f8e08b12f0
Event: 0.024 Thread 0x000001f8e08aee90 Thread added: 0x000001f8e08aee90
Event: 0.024 Thread 0x000001f8e08b53e0 Thread added: 0x000001f8e08b53e0
Event: 0.024 Thread 0x000001f8e08c3090 Thread added: 0x000001f8e08c3090
Event: 0.024 Thread 0x000001f8e08cbef0 Thread added: 0x000001f8e08cbef0
Event: 0.045 Thread 0x000001f8e4cefc40 Thread added: 0x000001f8e4cefc40
Event: 0.049 Thread 0x000001f8e4cf6a10 Thread added: 0x000001f8e4cf6a10
Event: 0.243 Thread 0x000001f8e08c5d10 Thread added: 0x000001f8e08c5d10
Event: 0.383 Thread 0x000001f8e08c46d0 Thread added: 0x000001f8e08c46d0


Dynamic libraries:
0x00007ff7fc420000 - 0x00007ff7fc430000 	C:\Program Files\Java\jdk-19\bin\java.exe
0x00007ff90d890000 - 0x00007ff90da88000 	C:\Windows\SYSTEM32\ntdll.dll
0x00007ff90d2e0000 - 0x00007ff90d39d000 	C:\Windows\System32\KERNEL32.DLL
0x00007ff90b230000 - 0x00007ff90b502000 	C:\Windows\System32\KERNELBASE.dll
0x00007ff90b510000 - 0x00007ff90b610000 	C:\Windows\System32\ucrtbase.dll
0x00007ff8f3ac0000 - 0x00007ff8f3ad8000 	C:\Program Files\Java\jdk-19\bin\jli.dll
0x00007ff8f2030000 - 0x00007ff8f204b000 	C:\Program Files\Java\jdk-19\bin\VCRUNTIME140.dll
0x00007ff90c970000 - 0x00007ff90ca1e000 	C:\Windows\System32\ADVAPI32.dll
0x00007ff90ce80000 - 0x00007ff90cf1e000 	C:\Windows\System32\msvcrt.dll
0x00007ff90ca40000 - 0x00007ff90cadc000 	C:\Windows\System32\sechost.dll
0x00007ff90d510000 - 0x00007ff90d635000 	C:\Windows\System32\RPCRT4.dll
0x00007ff90cf30000 - 0x00007ff90d0cd000 	C:\Windows\System32\USER32.dll
0x00007ff8f65f0000 - 0x00007ff8f688a000 	C:\Windows\WinSxS\amd64_microsoft.windows.common-controls_6595b64144ccf1df_6.0.19041.1110_none_60b5254171f9507e\COMCTL32.dll
0x00007ff90b610000 - 0x00007ff90b632000 	C:\Windows\System32\win32u.dll
0x00007ff90ce50000 - 0x00007ff90ce7b000 	C:\Windows\System32\GDI32.dll
0x00007ff90b640000 - 0x00007ff90b74f000 	C:\Windows\System32\gdi32full.dll
0x00007ff90b7e0000 - 0x00007ff90b87d000 	C:\Windows\System32\msvcp_win.dll
0x00007ff908df0000 - 0x00007ff908dfa000 	C:\Windows\SYSTEM32\VERSION.dll
0x00007ff90c040000 - 0x00007ff90c070000 	C:\Windows\System32\IMM32.DLL
0x00007ff8fa780000 - 0x00007ff8fa78c000 	C:\Program Files\Java\jdk-19\bin\vcruntime140_1.dll
0x00007ff8bf820000 - 0x00007ff8bf8ae000 	C:\Program Files\Java\jdk-19\bin\msvcp140.dll
0x00007ff8bd8f0000 - 0x00007ff8be5b0000 	C:\Program Files\Java\jdk-19\bin\server\jvm.dll
0x00007ff900ac0000 - 0x00007ff900ae7000 	C:\Windows\SYSTEM32\WINMM.dll
0x00007ff8f4580000 - 0x00007ff8f4589000 	C:\Windows\SYSTEM32\WSOCK32.dll
0x00007ff90d6f0000 - 0x00007ff90d75b000 	C:\Windows\System32\WS2_32.dll
0x00007ff9097f0000 - 0x00007ff909802000 	C:\Windows\SYSTEM32\kernel.appcore.dll
0x00007ff8f4340000 - 0x00007ff8f434a000 	C:\Program Files\Java\jdk-19\bin\jimage.dll
0x00007ff8fef50000 - 0x00007ff8ff134000 	C:\Windows\SYSTEM32\DBGHELP.DLL
0x00007ff8f8c80000 - 0x00007ff8f8cac000 	C:\Windows\SYSTEM32\dbgcore.DLL
0x00007ff90b750000 - 0x00007ff90b7d2000 	C:\Windows\System32\bcryptPrimitives.dll
0x00007ff8d56e0000 - 0x00007ff8d5706000 	C:\Program Files\Java\jdk-19\bin\java.dll
0x00007ff8bf740000 - 0x00007ff8bf817000 	C:\Program Files\Java\jdk-19\bin\jsvml.dll
0x00007ff90b8f0000 - 0x00007ff90c033000 	C:\Windows\System32\SHELL32.dll
0x00007ff909040000 - 0x00007ff9097d1000 	C:\Windows\SYSTEM32\windows.storage.dll
0x00007ff90c610000 - 0x00007ff90c964000 	C:\Windows\System32\combase.dll
0x00007ff90a990000 - 0x00007ff90a9c0000 	C:\Windows\SYSTEM32\Wldp.dll
0x00007ff90cae0000 - 0x00007ff90cb8d000 	C:\Windows\System32\SHCORE.dll
0x00007ff90d280000 - 0x00007ff90d2d5000 	C:\Windows\System32\shlwapi.dll
0x00007ff90aee0000 - 0x00007ff90aeff000 	C:\Windows\SYSTEM32\profapi.dll
0x00007ff8bd640000 - 0x00007ff8bd653000 	C:\Program Files\Java\jdk-19\bin\net.dll
0x00007ff8fe9b0000 - 0x00007ff8feabd000 	C:\Windows\SYSTEM32\WINHTTP.dll
0x00007ff8f3440000 - 0x00007ff8f344b000 	C:\Program Files\Common Files\SocksEscort\escortdrv.dll
0x00007ff90c070000 - 0x00007ff90c19a000 	C:\Windows\System32\ole32.dll
0x00007ff8f3400000 - 0x00007ff8f3432000 	C:\Program Files\Common Files\SocksEscort\escengine.dll
0x00007ff90a680000 - 0x00007ff90a6ea000 	C:\Windows\system32\mswsock.dll
0x00007ff8be6e0000 - 0x00007ff8be6f6000 	C:\Program Files\Java\jdk-19\bin\nio.dll
0x00007ff8be6c0000 - 0x00007ff8be6d8000 	C:\Program Files\Java\jdk-19\bin\zip.dll
0x00007ff8d56d0000 - 0x00007ff8d56e0000 	C:\Program Files\Java\jdk-19\bin\verify.dll

dbghelp: loaded successfully - version: 4.0.5 - missing functions: none
symbol engine: initialized successfully - sym options: 0x614 - pdb path: .;C:\Program Files\Java\jdk-19\bin;C:\Windows\SYSTEM32;C:\Windows\WinSxS\amd64_microsoft.windows.common-controls_6595b64144ccf1df_6.0.19041.1110_none_60b5254171f9507e;C:\Program Files\Java\jdk-19\bin\server;C:\Program Files\Common Files\SocksEscort

VM Arguments:
java_command: org.jetbrains.kotlin.cli.jvm.K2JVMCompiler @D:\study\da_nen_tang\facebook-app-clone\node_modules\react-native-pager-view\android\build\20231226_6086100111352272906.compiler.options
java_class_path (initial): C:\Users\ADMIN\.gradle\caches\modules-2\files-2.1\org.jetbrains.kotlin\kotlin-compiler-embeddable\1.7.0\4d09852239f61842072b40b524882fa3caaed371\kotlin-compiler-embeddable-1.7.0.jar;C:\Users\ADMIN\.gradle\caches\modules-2\files-2.1\org.jetbrains.kotlin\kotlin-reflect\1.7.0\e660b0079fdaf744dc9cc7f6f3aa3c761ec839b0\kotlin-reflect-1.7.0.jar;C:\Users\ADMIN\.gradle\caches\modules-2\files-2.1\org.jetbrains.kotlin\kotlin-stdlib\1.7.0\a5f42c684ad9003160ef0d0f693ecf0ba7b13549\kotlin-stdlib-1.7.0.jar;C:\Users\ADMIN\.gradle\caches\modules-2\files-2.1\org.jetbrains.kotlin\kotlin-script-runtime\1.7.0\3acea1d447587e61bc3e1b3ed6227d9e9ed4ddf1\kotlin-script-runtime-1.7.0.jar;C:\Users\ADMIN\.gradle\caches\modules-2\files-2.1\org.jetbrains.kotlin\kotlin-daemon-embeddable\1.7.0\fd56798de80825c673ac93808284c5198ffa2b50\kotlin-daemon-embeddable-1.7.0.jar;C:\Users\ADMIN\.gradle\caches\modules-2\files-2.1\org.jetbrains.intellij.deps\trove4j\1.0.20200330\3afb14d5f9ceb459d724e907a21145e8ff394f02\trove4j-1.0.20200330.jar;C:\Users\ADMIN\.gradle\caches\modules-2\files-2.1\net.java.dev.jna\jna\5.6.0\330f2244e9030119ab3030fc3fededc86713d9cc\jna-5.6.0.jar;C:\Users\ADMIN\.gradle\caches\modules-2\files-2.1\org.jetbrains.kotlin\kotlin-stdlib-common\1.7.0\51736992f422993a1e741051bdf3c12801bc1ca1\kotlin-stdlib-common-1.7.0.jar;C:\Users\ADMIN\.gradle\caches\modules-2\files-2.1\org.jetbrains\annotations\13.0\919f0dfe192fb4e063e7dacadee7f8bb9a2672a9\annotations-13.0.jar
Launcher Type: SUN_STANDARD

[Global flags]
     intx CICompilerCount                          = 4                                         {product} {ergonomic}
     uint ConcGCThreads                            = 3                                         {product} {ergonomic}
     uint G1ConcRefinementThreads                  = 10                                        {product} {ergonomic}
   size_t G1HeapRegionSize                         = 1048576                                   {product} {ergonomic}
    uintx GCDrainStackTargetSize                   = 64                                        {product} {ergonomic}
   size_t InitialHeapSize                          = 125829120                                 {product} {ergonomic}
   size_t MarkStackSize                            = 4194304                                   {product} {ergonomic}
   size_t MaxHeapSize                              = 1988100096                                {product} {ergonomic}
   size_t MaxNewSize                               = 1192230912                                {product} {ergonomic}
   size_t MinHeapDeltaBytes                        = 1048576                                   {product} {ergonomic}
   size_t MinHeapSize                              = 8388608                                   {product} {ergonomic}
    uintx NonNMethodCodeHeapSize                   = 5839372                                {pd product} {ergonomic}
    uintx NonProfiledCodeHeapSize                  = 122909434                              {pd product} {ergonomic}
    uintx ProfiledCodeHeapSize                     = 122909434                              {pd product} {ergonomic}
    uintx ReservedCodeCacheSize                    = 251658240                              {pd product} {ergonomic}
     bool SegmentedCodeCache                       = true                                      {product} {ergonomic}
   size_t SoftMaxHeapSize                          = 1988100096                             {manageable} {ergonomic}
     bool UseCompressedClassPointers               = true                           {product lp64_product} {ergonomic}
     bool UseCompressedOops                        = true                           {product lp64_product} {ergonomic}
     bool UseG1GC                                  = true                                      {product} {ergonomic}
     bool UseLargePagesIndividualAllocation        = false                                  {pd product} {ergonomic}

Logging:
Log output configuration:
 #0: stdout all=warning uptime,level,tags foldmultilines=false
 #1: stderr all=off uptime,level,tags foldmultilines=false

Environment Variables:
JAVA_HOME=C:\Program Files\Java\jdk-19
CLASSPATH=D:\study\da_nen_tang\facebook-app-clone\android\\gradle\wrapper\gradle-wrapper.jar
PATH=D:\study\da_nen_tang\facebook-app-clone\node_modules\.bin;D:\study\da_nen_tang\node_modules\.bin;D:\study\node_modules\.bin;D:\node_modules\.bin;C:\Users\ADMIN\AppData\Roaming\nvm\v16.15.0\node_modules\npm\node_modules\@npmcli\run-script\lib\node-gyp-bin;C:\Users\ADMIN\AppData\Local\Temp\yarn--1703605068781-0.6443219372520215;D:\study\da_nen_tang\facebook-app-clone\node_modules\.bin;C:\Users\ADMIN\AppData\Local\Yarn\Data\link\node_modules\.bin;C:\Users\ADMIN\AppData\Local\Yarn\bin;C:\Program Files\libexec\lib\node_modules\npm\bin\node-gyp-bin;C:\Program Files\lib\node_modules\npm\bin\node-gyp-bin;C:\Program Files\nodejs\node_modules\npm\bin\node-gyp-bin;C:\Program Files\Common Files\Oracle\Java\javapath;C:\Windows\system32;C:\Windows;C:\Windows\System32\Wbem;C:\Windows\System32\WindowsPowerShell\v1.0\;C:\Windows\System32\OpenSSH\;C:\Program Files\Java\jdk-19\bin;C:\Program Files\Git\cmd;C:\MinGW\bin;C:\Users\ADMIN\AppData\Roaming\nvm;C:\Program Files\nodejs;C:\Users\ADMIN\AppData\Local\Android\Sdk\platform-tools;C:\Program Files\MySQL\MySQL Shell 8.0\bin\;C:\Users\ADMIN\AppData\Local\Microsoft\WindowsApps;C:\Users\ADMIN\AppData\Local\Programs\Microsoft VS Code\bin;C:\Users\ADMIN\AppData\Local\Programs\Python\Python311;C:\Users\ADMIN\AppData\Local\Programs\Python\Python311\Scripts;C:\Users\ADMIN\AppData\Roaming\npm;C:\Users\ADMIN\AppData\Local\Programs\EmEditor;C:\Users\ADMIN\AppData\Roaming\nvm;C:\Program Files\nodejs;
USERNAME=ADMIN
LANG=en_US.UTF-8
OS=Windows_NT
PROCESSOR_IDENTIFIER=AMD64 Family 23 Model 96 Stepping 1, AuthenticAMD
TMP=C:\Users\ADMIN\AppData\Local\Temp
TEMP=C:\Users\ADMIN\AppData\Local\Temp



---------------  S Y S T E M  ---------------

OS:
 Windows 10 , 64 bit Build 19041 (10.0.19041.1889)
OS uptime: 0 days 23:06 hours

CPU: total 12 (initial active 12) (12 cores per cpu, 2 threads per core) family 23 model 96 stepping 1 microcode 0x0, cx8, cmov, fxsr, ht, mmx, 3dnowpref, sse, sse2, sse3, ssse3, sse4a, sse4.1, sse4.2, popcnt, lzcnt, tsc, tscinvbit, avx, avx2, aes, clmul, bmi1, bmi2, adx, sha, fma, vzeroupper, clflush, clflushopt, rdtscp, rdpid

Memory: 4k page, system-wide physical 7579M (491M free)
TotalPageFile size 11675M (AvailPageFile size 64M)
current process WorkingSet (physical memory assigned to process): 280M, peak: 282M
current process commit charge ("private bytes"): 356M, peak: 416M

vm_info: Java HotSpot(TM) 64-Bit Server VM (19.0.1+10-21) for windows-amd64 JRE (19.0.1+10-21), built on 2022-09-14T12:45:06Z by "mach5one" with MS VC++ 17.1 (VS2022)

END.
