#
# There is insufficient memory for the Java Runtime Environment to continue.
# Native memory allocation (malloc) failed to allocate 78496 bytes for Chunk::new
# Possible reasons:
#   The system is out of physical RAM or swap space
#   The process is running with CompressedOops enabled, and the Java Heap may be blocking the growth of the native heap
# Possible solutions:
#   Reduce memory load on the system
#   Increase physical memory or swap space
#   Check if swap backing store is full
#   Decrease Java heap size (-Xmx/-Xms)
#   Decrease number of Java threads
#   Decrease Java thread stack sizes (-Xss)
#   Set larger code cache with -XX:ReservedCodeCacheSize=
#   JVM is running with Unscaled Compressed Oops mode in which the Java heap is
#     placed in the first 4GB address space. The Java Heap base address is the
#     maximum limit for the native heap growth. Please use -XX:HeapBaseMinAddress
#     to set the Java Heap base and to place the Java Heap above 4GB virtual address.
# This output file may be truncated or incomplete.
#
#  Out of Memory Error (arena.cpp:184), pid=7228, tid=14828
#
# JRE version: Java(TM) SE Runtime Environment (19.0.1+10) (build 19.0.1+10-21)
# Java VM: Java HotSpot(TM) 64-Bit Server VM (19.0.1+10-21, mixed mode, sharing, tiered, compressed oops, compressed class ptrs, g1 gc, windows-amd64)
# No core dump will be written. Minidumps are not enabled by default on client versions of Windows
#

---------------  S U M M A R Y ------------

Command Line: org.jetbrains.kotlin.cli.jvm.K2JVMCompiler @D:\study\da_nen_tang\facebook-app-clone\node_modules\react-native-screens\android\build\20231123_3172548702221157405.compiler.options

Host: AMD Ryzen 5 4600H with Radeon Graphics         , 12 cores, 7G,  Windows 10 , 64 bit Build 19041 (10.0.19041.1889)
Time: Thu Nov 23 21:11:47 2023 SE Asia Standard Time elapsed time: 1.483663 seconds (0d 0h 0m 1s)

---------------  T H R E A D  ---------------

Current thread (0x000001b6dbdee400):  JavaThread "C2 CompilerThread0" daemon [_thread_in_native, id=14828, stack(0x0000007cfa700000,0x0000007cfa800000)]


Current CompileTask:
C2:   1483  844       4       java.util.ArrayList::add (25 bytes)

Stack: [0x0000007cfa700000,0x0000007cfa800000]
Native frames: (J=compiled Java code, j=interpreted, Vv=VM code, C=native code)
V  [jvm.dll+0x6ee8fa]
V  [jvm.dll+0x857a1e]
V  [jvm.dll+0x85940e]
V  [jvm.dll+0x859ac3]
V  [jvm.dll+0x28291f]
V  [jvm.dll+0xc9b5f]
V  [jvm.dll+0xc9ee5]
V  [jvm.dll+0x2f7c6f]
V  [jvm.dll+0x5f0c5b]
V  [jvm.dll+0x254d73]
V  [jvm.dll+0x24dbf0]
V  [jvm.dll+0x24b563]
V  [jvm.dll+0x1d6d61]
V  [jvm.dll+0x25b0fa]
V  [jvm.dll+0x259588]
V  [jvm.dll+0x807928]
V  [jvm.dll+0x8015fa]
V  [jvm.dll+0x6ed5eb]
C  [ucrtbase.dll+0x21bb2]
C  [KERNEL32.DLL+0x17034]
C  [ntdll.dll+0x526a1]


---------------  P R O C E S S  ---------------

Threads class SMR info:
_java_thread_list=0x000001b6e0b1f5d0, length=13, elements={
0x000001b6bd66abb0, 0x000001b6dbde70d0, 0x000001b6dbde9e70, 0x000001b6dbdeac00,
0x000001b6dbdec540, 0x000001b6dbdece70, 0x000001b6dbded7a0, 0x000001b6dbdee400,
0x000001b6dbdef590, 0x000001b6dbdf20b0, 0x000001b6e0080490, 0x000001b6e0088cd0,
0x000001b6e0133d50
}

Java Threads: ( => current thread )
  0x000001b6bd66abb0 JavaThread "main" [_thread_in_Java, id=9948, stack(0x0000007cf9a00000,0x0000007cf9b00000)]
  0x000001b6dbde70d0 JavaThread "Reference Handler" daemon [_thread_blocked, id=1724, stack(0x0000007cfa100000,0x0000007cfa200000)]
  0x000001b6dbde9e70 JavaThread "Finalizer" daemon [_thread_blocked, id=14528, stack(0x0000007cfa200000,0x0000007cfa300000)]
  0x000001b6dbdeac00 JavaThread "Signal Dispatcher" daemon [_thread_blocked, id=14252, stack(0x0000007cfa300000,0x0000007cfa400000)]
  0x000001b6dbdec540 JavaThread "Attach Listener" daemon [_thread_blocked, id=9396, stack(0x0000007cfa400000,0x0000007cfa500000)]
  0x000001b6dbdece70 JavaThread "Service Thread" daemon [_thread_blocked, id=1356, stack(0x0000007cfa500000,0x0000007cfa600000)]
  0x000001b6dbded7a0 JavaThread "Monitor Deflation Thread" daemon [_thread_blocked, id=14776, stack(0x0000007cfa600000,0x0000007cfa700000)]
=>0x000001b6dbdee400 JavaThread "C2 CompilerThread0" daemon [_thread_in_native, id=14828, stack(0x0000007cfa700000,0x0000007cfa800000)]
  0x000001b6dbdef590 JavaThread "C1 CompilerThread0" daemon [_thread_blocked, id=13060, stack(0x0000007cfa800000,0x0000007cfa900000)]
  0x000001b6dbdf20b0 JavaThread "Sweeper thread" daemon [_thread_blocked, id=15504, stack(0x0000007cfa900000,0x0000007cfaa00000)]
  0x000001b6e0080490 JavaThread "Notification Thread" daemon [_thread_blocked, id=796, stack(0x0000007cfaa00000,0x0000007cfab00000)]
  0x000001b6e0088cd0 JavaThread "Common-Cleaner" daemon [_thread_blocked, id=15848, stack(0x0000007cfac00000,0x0000007cfad00000)]
  0x000001b6e0133d50 JavaThread "C2 CompilerThread1" daemon [_thread_blocked, id=6436, stack(0x0000007cfae00000,0x0000007cfaf00000)]

Other Threads:
  0x000001b6dbdce7f0 VMThread "VM Thread" [stack: 0x0000007cfa000000,0x0000007cfa100000] [id=2080]
  0x000001b6e00869f0 WatcherThread "VM Periodic Task Thread" [stack: 0x0000007cfab00000,0x0000007cfac00000] [id=3312]
  0x000001b6bd6caf60 WorkerThread "GC Thread#0" [stack: 0x0000007cf9b00000,0x0000007cf9c00000] [id=14584]
  0x000001b6e0ca7bd0 WorkerThread "GC Thread#1" [stack: 0x0000007cfaf00000,0x0000007cfb000000] [id=13456]
  0x000001b6e0ca8710 WorkerThread "GC Thread#2" [stack: 0x0000007cfb000000,0x0000007cfb100000] [id=11016]
  0x000001b6e0ca89e0 WorkerThread "GC Thread#3" [stack: 0x0000007cfb100000,0x0000007cfb200000] [id=8968]
  0x000001b6e0ca8440 WorkerThread "GC Thread#4" [stack: 0x0000007cfb200000,0x0000007cfb300000] [id=12704]
  0x000001b6e0ca8cb0 WorkerThread "GC Thread#5" [stack: 0x0000007cfb300000,0x0000007cfb400000] [id=2040]
  0x000001b6bd6dbbd0 ConcurrentGCThread "G1 Main Marker" [stack: 0x0000007cf9c00000,0x0000007cf9d00000] [id=11412]
  0x000001b6bd6dc600 WorkerThread "G1 Conc#0" [stack: 0x0000007cf9d00000,0x0000007cf9e00000] [id=6240]
  0x000001b6bd72e9d0 ConcurrentGCThread "G1 Refine#0" [stack: 0x0000007cf9e00000,0x0000007cf9f00000] [id=10080]
  0x000001b6dbc87650 ConcurrentGCThread "G1 Service" [stack: 0x0000007cf9f00000,0x0000007cfa000000] [id=6664]

Threads with active compile tasks:
C2 CompilerThread0     1497  844       4       java.util.ArrayList::add (25 bytes)
C1 CompilerThread0     1497  862       3       java.util.Collections$EmptySet::iterator (4 bytes)

VM state: not at safepoint (normal execution)

VM Mutex/Monitor currently owned by a thread:  ([mutex/lock_event])
[0x000001b6bb3dcc30] MethodCompileQueue_lock - owner thread: 0x000001b6dbdef590
[0x000001b6bb3de850] CompileStatistics_lock - owner thread: 0x0000000000000000

Heap address: 0x0000000089800000, size: 1896 MB, Compressed Oops mode: 32-bit

CDS archive(s) mapped at: [0x0000000800000000-0x0000000800c40000-0x0000000800c40000), size 12845056, SharedBaseAddress: 0x0000000800000000, ArchiveRelocationMode: 0.
Compressed class space mapped at: 0x0000000801000000-0x0000000841000000, reserved size: 1073741824
Narrow klass base: 0x0000000800000000, Narrow klass shift: 0, Narrow klass range: 0x100000000

GC Precious Log:
 CardTable entry size: 512
 Card Set container configuration: InlinePtr #cards 5 size 8 Array Of Cards #cards 12 size 40 Howl #buckets 4 coarsen threshold 1843 Howl Bitmap #cards 512 size 80 coarsen threshold 460 Card regions per heap region 1 cards per card region 2048
 CPUs: 12 total, 12 available
 Memory: 7579M
 Large Page Support: Disabled
 NUMA Support: Disabled
 Compressed Oops: Enabled (32-bit)
 Heap Region Size: 1M
 Heap Min Capacity: 8M
 Heap Initial Capacity: 120M
 Heap Max Capacity: 1896M
 Pre-touch: Disabled
 Parallel Workers: 10
 Concurrent Workers: 3
 Concurrent Refinement Workers: 10
 Periodic GC: Disabled

Heap:
 garbage-first heap   total 122880K, used 9152K [0x0000000089800000, 0x0000000100000000)
  region size 1024K, 7 young (7168K), 3 survivors (3072K)
 Metaspace       used 7353K, committed 7552K, reserved 1114112K
  class space    used 729K, committed 832K, reserved 1048576K

Heap Regions: E=young(eden), S=young(survivor), O=old, HS=humongous(starts), HC=humongous(continues), CS=collection set, F=free, OA=open archive, CA=closed archive, TAMS=top-at-mark-start (previous, next)
|   0|0x0000000089800000, 0x0000000089900000, 0x0000000089900000|100%|HS|  |TAMS 0x0000000089800000, 0x0000000089800000| Complete 
|   1|0x0000000089900000, 0x0000000089a00000, 0x0000000089a00000|100%|HC|  |TAMS 0x0000000089900000, 0x0000000089900000| Complete 
|   2|0x0000000089a00000, 0x0000000089b00000, 0x0000000089b00000|100%|HC|  |TAMS 0x0000000089a00000, 0x0000000089a00000| Complete 
|   3|0x0000000089b00000, 0x0000000089b00000, 0x0000000089c00000|  0%| F|  |TAMS 0x0000000089b00000, 0x0000000089b00000| Untracked 
|   4|0x0000000089c00000, 0x0000000089c00000, 0x0000000089d00000|  0%| F|  |TAMS 0x0000000089c00000, 0x0000000089c00000| Untracked 
|   5|0x0000000089d00000, 0x0000000089d00000, 0x0000000089e00000|  0%| F|  |TAMS 0x0000000089d00000, 0x0000000089d00000| Untracked 
|   6|0x0000000089e00000, 0x0000000089e00000, 0x0000000089f00000|  0%| F|  |TAMS 0x0000000089e00000, 0x0000000089e00000| Untracked 
|   7|0x0000000089f00000, 0x0000000089f00000, 0x000000008a000000|  0%| F|  |TAMS 0x0000000089f00000, 0x0000000089f00000| Untracked 
|   8|0x000000008a000000, 0x000000008a000000, 0x000000008a100000|  0%| F|  |TAMS 0x000000008a000000, 0x000000008a000000| Untracked 
|   9|0x000000008a100000, 0x000000008a100000, 0x000000008a200000|  0%| F|  |TAMS 0x000000008a100000, 0x000000008a100000| Untracked 
|  10|0x000000008a200000, 0x000000008a200000, 0x000000008a300000|  0%| F|  |TAMS 0x000000008a200000, 0x000000008a200000| Untracked 
|  11|0x000000008a300000, 0x000000008a300000, 0x000000008a400000|  0%| F|  |TAMS 0x000000008a300000, 0x000000008a300000| Untracked 
|  12|0x000000008a400000, 0x000000008a400000, 0x000000008a500000|  0%| F|  |TAMS 0x000000008a400000, 0x000000008a400000| Untracked 
|  13|0x000000008a500000, 0x000000008a500000, 0x000000008a600000|  0%| F|  |TAMS 0x000000008a500000, 0x000000008a500000| Untracked 
|  14|0x000000008a600000, 0x000000008a600000, 0x000000008a700000|  0%| F|  |TAMS 0x000000008a600000, 0x000000008a600000| Untracked 
|  15|0x000000008a700000, 0x000000008a700000, 0x000000008a800000|  0%| F|  |TAMS 0x000000008a700000, 0x000000008a700000| Untracked 
|  16|0x000000008a800000, 0x000000008a800000, 0x000000008a900000|  0%| F|  |TAMS 0x000000008a800000, 0x000000008a800000| Untracked 
|  17|0x000000008a900000, 0x000000008a900000, 0x000000008aa00000|  0%| F|  |TAMS 0x000000008a900000, 0x000000008a900000| Untracked 
|  18|0x000000008aa00000, 0x000000008aa00000, 0x000000008ab00000|  0%| F|  |TAMS 0x000000008aa00000, 0x000000008aa00000| Untracked 
|  19|0x000000008ab00000, 0x000000008ab00000, 0x000000008ac00000|  0%| F|  |TAMS 0x000000008ab00000, 0x000000008ab00000| Untracked 
|  20|0x000000008ac00000, 0x000000008ac00000, 0x000000008ad00000|  0%| F|  |TAMS 0x000000008ac00000, 0x000000008ac00000| Untracked 
|  21|0x000000008ad00000, 0x000000008ad00000, 0x000000008ae00000|  0%| F|  |TAMS 0x000000008ad00000, 0x000000008ad00000| Untracked 
|  22|0x000000008ae00000, 0x000000008ae00000, 0x000000008af00000|  0%| F|  |TAMS 0x000000008ae00000, 0x000000008ae00000| Untracked 
|  23|0x000000008af00000, 0x000000008af00000, 0x000000008b000000|  0%| F|  |TAMS 0x000000008af00000, 0x000000008af00000| Untracked 
|  24|0x000000008b000000, 0x000000008b000000, 0x000000008b100000|  0%| F|  |TAMS 0x000000008b000000, 0x000000008b000000| Untracked 
|  25|0x000000008b100000, 0x000000008b100000, 0x000000008b200000|  0%| F|  |TAMS 0x000000008b100000, 0x000000008b100000| Untracked 
|  26|0x000000008b200000, 0x000000008b200000, 0x000000008b300000|  0%| F|  |TAMS 0x000000008b200000, 0x000000008b200000| Untracked 
|  27|0x000000008b300000, 0x000000008b300000, 0x000000008b400000|  0%| F|  |TAMS 0x000000008b300000, 0x000000008b300000| Untracked 
|  28|0x000000008b400000, 0x000000008b400000, 0x000000008b500000|  0%| F|  |TAMS 0x000000008b400000, 0x000000008b400000| Untracked 
|  29|0x000000008b500000, 0x000000008b500000, 0x000000008b600000|  0%| F|  |TAMS 0x000000008b500000, 0x000000008b500000| Untracked 
|  30|0x000000008b600000, 0x000000008b600000, 0x000000008b700000|  0%| F|  |TAMS 0x000000008b600000, 0x000000008b600000| Untracked 
|  31|0x000000008b700000, 0x000000008b700000, 0x000000008b800000|  0%| F|  |TAMS 0x000000008b700000, 0x000000008b700000| Untracked 
|  32|0x000000008b800000, 0x000000008b800000, 0x000000008b900000|  0%| F|  |TAMS 0x000000008b800000, 0x000000008b800000| Untracked 
|  33|0x000000008b900000, 0x000000008b900000, 0x000000008ba00000|  0%| F|  |TAMS 0x000000008b900000, 0x000000008b900000| Untracked 
|  34|0x000000008ba00000, 0x000000008ba00000, 0x000000008bb00000|  0%| F|  |TAMS 0x000000008ba00000, 0x000000008ba00000| Untracked 
|  35|0x000000008bb00000, 0x000000008bb00000, 0x000000008bc00000|  0%| F|  |TAMS 0x000000008bb00000, 0x000000008bb00000| Untracked 
|  36|0x000000008bc00000, 0x000000008bc00000, 0x000000008bd00000|  0%| F|  |TAMS 0x000000008bc00000, 0x000000008bc00000| Untracked 
|  37|0x000000008bd00000, 0x000000008bd00000, 0x000000008be00000|  0%| F|  |TAMS 0x000000008bd00000, 0x000000008bd00000| Untracked 
|  38|0x000000008be00000, 0x000000008be00000, 0x000000008bf00000|  0%| F|  |TAMS 0x000000008be00000, 0x000000008be00000| Untracked 
|  39|0x000000008bf00000, 0x000000008bf00000, 0x000000008c000000|  0%| F|  |TAMS 0x000000008bf00000, 0x000000008bf00000| Untracked 
|  40|0x000000008c000000, 0x000000008c000000, 0x000000008c100000|  0%| F|  |TAMS 0x000000008c000000, 0x000000008c000000| Untracked 
|  41|0x000000008c100000, 0x000000008c100000, 0x000000008c200000|  0%| F|  |TAMS 0x000000008c100000, 0x000000008c100000| Untracked 
|  42|0x000000008c200000, 0x000000008c200000, 0x000000008c300000|  0%| F|  |TAMS 0x000000008c200000, 0x000000008c200000| Untracked 
|  43|0x000000008c300000, 0x000000008c300000, 0x000000008c400000|  0%| F|  |TAMS 0x000000008c300000, 0x000000008c300000| Untracked 
|  44|0x000000008c400000, 0x000000008c400000, 0x000000008c500000|  0%| F|  |TAMS 0x000000008c400000, 0x000000008c400000| Untracked 
|  45|0x000000008c500000, 0x000000008c500000, 0x000000008c600000|  0%| F|  |TAMS 0x000000008c500000, 0x000000008c500000| Untracked 
|  46|0x000000008c600000, 0x000000008c600000, 0x000000008c700000|  0%| F|  |TAMS 0x000000008c600000, 0x000000008c600000| Untracked 
|  47|0x000000008c700000, 0x000000008c700000, 0x000000008c800000|  0%| F|  |TAMS 0x000000008c700000, 0x000000008c700000| Untracked 
|  48|0x000000008c800000, 0x000000008c800000, 0x000000008c900000|  0%| F|  |TAMS 0x000000008c800000, 0x000000008c800000| Untracked 
|  49|0x000000008c900000, 0x000000008c900000, 0x000000008ca00000|  0%| F|  |TAMS 0x000000008c900000, 0x000000008c900000| Untracked 
|  50|0x000000008ca00000, 0x000000008ca00000, 0x000000008cb00000|  0%| F|  |TAMS 0x000000008ca00000, 0x000000008ca00000| Untracked 
|  51|0x000000008cb00000, 0x000000008cb00000, 0x000000008cc00000|  0%| F|  |TAMS 0x000000008cb00000, 0x000000008cb00000| Untracked 
|  52|0x000000008cc00000, 0x000000008cc00000, 0x000000008cd00000|  0%| F|  |TAMS 0x000000008cc00000, 0x000000008cc00000| Untracked 
|  53|0x000000008cd00000, 0x000000008cd00000, 0x000000008ce00000|  0%| F|  |TAMS 0x000000008cd00000, 0x000000008cd00000| Untracked 
|  54|0x000000008ce00000, 0x000000008ce00000, 0x000000008cf00000|  0%| F|  |TAMS 0x000000008ce00000, 0x000000008ce00000| Untracked 
|  55|0x000000008cf00000, 0x000000008cf00000, 0x000000008d000000|  0%| F|  |TAMS 0x000000008cf00000, 0x000000008cf00000| Untracked 
|  56|0x000000008d000000, 0x000000008d000000, 0x000000008d100000|  0%| F|  |TAMS 0x000000008d000000, 0x000000008d000000| Untracked 
|  57|0x000000008d100000, 0x000000008d100000, 0x000000008d200000|  0%| F|  |TAMS 0x000000008d100000, 0x000000008d100000| Untracked 
|  58|0x000000008d200000, 0x000000008d200000, 0x000000008d300000|  0%| F|  |TAMS 0x000000008d200000, 0x000000008d200000| Untracked 
|  59|0x000000008d300000, 0x000000008d300000, 0x000000008d400000|  0%| F|  |TAMS 0x000000008d300000, 0x000000008d300000| Untracked 
|  60|0x000000008d400000, 0x000000008d400000, 0x000000008d500000|  0%| F|  |TAMS 0x000000008d400000, 0x000000008d400000| Untracked 
|  61|0x000000008d500000, 0x000000008d500000, 0x000000008d600000|  0%| F|  |TAMS 0x000000008d500000, 0x000000008d500000| Untracked 
|  62|0x000000008d600000, 0x000000008d600000, 0x000000008d700000|  0%| F|  |TAMS 0x000000008d600000, 0x000000008d600000| Untracked 
|  63|0x000000008d700000, 0x000000008d700000, 0x000000008d800000|  0%| F|  |TAMS 0x000000008d700000, 0x000000008d700000| Untracked 
|  64|0x000000008d800000, 0x000000008d800000, 0x000000008d900000|  0%| F|  |TAMS 0x000000008d800000, 0x000000008d800000| Untracked 
|  65|0x000000008d900000, 0x000000008d900000, 0x000000008da00000|  0%| F|  |TAMS 0x000000008d900000, 0x000000008d900000| Untracked 
|  66|0x000000008da00000, 0x000000008da00000, 0x000000008db00000|  0%| F|  |TAMS 0x000000008da00000, 0x000000008da00000| Untracked 
|  67|0x000000008db00000, 0x000000008db00000, 0x000000008dc00000|  0%| F|  |TAMS 0x000000008db00000, 0x000000008db00000| Untracked 
|  68|0x000000008dc00000, 0x000000008dc00000, 0x000000008dd00000|  0%| F|  |TAMS 0x000000008dc00000, 0x000000008dc00000| Untracked 
|  69|0x000000008dd00000, 0x000000008dd00000, 0x000000008de00000|  0%| F|  |TAMS 0x000000008dd00000, 0x000000008dd00000| Untracked 
|  70|0x000000008de00000, 0x000000008de00000, 0x000000008df00000|  0%| F|  |TAMS 0x000000008de00000, 0x000000008de00000| Untracked 
|  71|0x000000008df00000, 0x000000008df00000, 0x000000008e000000|  0%| F|  |TAMS 0x000000008df00000, 0x000000008df00000| Untracked 
|  72|0x000000008e000000, 0x000000008e000000, 0x000000008e100000|  0%| F|  |TAMS 0x000000008e000000, 0x000000008e000000| Untracked 
|  73|0x000000008e100000, 0x000000008e100000, 0x000000008e200000|  0%| F|  |TAMS 0x000000008e100000, 0x000000008e100000| Untracked 
|  74|0x000000008e200000, 0x000000008e200000, 0x000000008e300000|  0%| F|  |TAMS 0x000000008e200000, 0x000000008e200000| Untracked 
|  75|0x000000008e300000, 0x000000008e300000, 0x000000008e400000|  0%| F|  |TAMS 0x000000008e300000, 0x000000008e300000| Untracked 
|  76|0x000000008e400000, 0x000000008e400000, 0x000000008e500000|  0%| F|  |TAMS 0x000000008e400000, 0x000000008e400000| Untracked 
|  77|0x000000008e500000, 0x000000008e500000, 0x000000008e600000|  0%| F|  |TAMS 0x000000008e500000, 0x000000008e500000| Untracked 
|  78|0x000000008e600000, 0x000000008e600000, 0x000000008e700000|  0%| F|  |TAMS 0x000000008e600000, 0x000000008e600000| Untracked 
|  79|0x000000008e700000, 0x000000008e700000, 0x000000008e800000|  0%| F|  |TAMS 0x000000008e700000, 0x000000008e700000| Untracked 
|  80|0x000000008e800000, 0x000000008e800000, 0x000000008e900000|  0%| F|  |TAMS 0x000000008e800000, 0x000000008e800000| Untracked 
|  81|0x000000008e900000, 0x000000008e900000, 0x000000008ea00000|  0%| F|  |TAMS 0x000000008e900000, 0x000000008e900000| Untracked 
|  82|0x000000008ea00000, 0x000000008ea00000, 0x000000008eb00000|  0%| F|  |TAMS 0x000000008ea00000, 0x000000008ea00000| Untracked 
|  83|0x000000008eb00000, 0x000000008eb00000, 0x000000008ec00000|  0%| F|  |TAMS 0x000000008eb00000, 0x000000008eb00000| Untracked 
|  84|0x000000008ec00000, 0x000000008ec00000, 0x000000008ed00000|  0%| F|  |TAMS 0x000000008ec00000, 0x000000008ec00000| Untracked 
|  85|0x000000008ed00000, 0x000000008ed00000, 0x000000008ee00000|  0%| F|  |TAMS 0x000000008ed00000, 0x000000008ed00000| Untracked 
|  86|0x000000008ee00000, 0x000000008ee00000, 0x000000008ef00000|  0%| F|  |TAMS 0x000000008ee00000, 0x000000008ee00000| Untracked 
|  87|0x000000008ef00000, 0x000000008ef00000, 0x000000008f000000|  0%| F|  |TAMS 0x000000008ef00000, 0x000000008ef00000| Untracked 
|  88|0x000000008f000000, 0x000000008f000000, 0x000000008f100000|  0%| F|  |TAMS 0x000000008f000000, 0x000000008f000000| Untracked 
|  89|0x000000008f100000, 0x000000008f100000, 0x000000008f200000|  0%| F|  |TAMS 0x000000008f100000, 0x000000008f100000| Untracked 
|  90|0x000000008f200000, 0x000000008f200000, 0x000000008f300000|  0%| F|  |TAMS 0x000000008f200000, 0x000000008f200000| Untracked 
|  91|0x000000008f300000, 0x000000008f300000, 0x000000008f400000|  0%| F|  |TAMS 0x000000008f300000, 0x000000008f300000| Untracked 
|  92|0x000000008f400000, 0x000000008f400000, 0x000000008f500000|  0%| F|  |TAMS 0x000000008f400000, 0x000000008f400000| Untracked 
|  93|0x000000008f500000, 0x000000008f500000, 0x000000008f600000|  0%| F|  |TAMS 0x000000008f500000, 0x000000008f500000| Untracked 
|  94|0x000000008f600000, 0x000000008f6f0000, 0x000000008f700000| 93%| S|CS|TAMS 0x000000008f600000, 0x000000008f600000| Complete 
|  95|0x000000008f700000, 0x000000008f800000, 0x000000008f800000|100%| S|CS|TAMS 0x000000008f700000, 0x000000008f700000| Complete 
|  96|0x000000008f800000, 0x000000008f900000, 0x000000008f900000|100%| S|CS|TAMS 0x000000008f800000, 0x000000008f800000| Complete 
|  97|0x000000008f900000, 0x000000008f900000, 0x000000008fa00000|  0%| F|  |TAMS 0x000000008f900000, 0x000000008f900000| Untracked 
|  98|0x000000008fa00000, 0x000000008fa00000, 0x000000008fb00000|  0%| F|  |TAMS 0x000000008fa00000, 0x000000008fa00000| Untracked 
|  99|0x000000008fb00000, 0x000000008fb00000, 0x000000008fc00000|  0%| F|  |TAMS 0x000000008fb00000, 0x000000008fb00000| Untracked 
| 100|0x000000008fc00000, 0x000000008fc00000, 0x000000008fd00000|  0%| F|  |TAMS 0x000000008fc00000, 0x000000008fc00000| Untracked 
| 101|0x000000008fd00000, 0x000000008fd00000, 0x000000008fe00000|  0%| F|  |TAMS 0x000000008fd00000, 0x000000008fd00000| Untracked 
| 102|0x000000008fe00000, 0x000000008fe00000, 0x000000008ff00000|  0%| F|  |TAMS 0x000000008fe00000, 0x000000008fe00000| Untracked 
| 103|0x000000008ff00000, 0x000000008ff00000, 0x0000000090000000|  0%| F|  |TAMS 0x000000008ff00000, 0x000000008ff00000| Untracked 
| 104|0x0000000090000000, 0x0000000090000000, 0x0000000090100000|  0%| F|  |TAMS 0x0000000090000000, 0x0000000090000000| Untracked 
| 105|0x0000000090100000, 0x0000000090100000, 0x0000000090200000|  0%| F|  |TAMS 0x0000000090100000, 0x0000000090100000| Untracked 
| 106|0x0000000090200000, 0x0000000090200000, 0x0000000090300000|  0%| F|  |TAMS 0x0000000090200000, 0x0000000090200000| Untracked 
| 107|0x0000000090300000, 0x0000000090300000, 0x0000000090400000|  0%| F|  |TAMS 0x0000000090300000, 0x0000000090300000| Untracked 
| 108|0x0000000090400000, 0x0000000090400000, 0x0000000090500000|  0%| F|  |TAMS 0x0000000090400000, 0x0000000090400000| Untracked 
| 109|0x0000000090500000, 0x0000000090500000, 0x0000000090600000|  0%| F|  |TAMS 0x0000000090500000, 0x0000000090500000| Untracked 
| 110|0x0000000090600000, 0x0000000090600000, 0x0000000090700000|  0%| F|  |TAMS 0x0000000090600000, 0x0000000090600000| Untracked 
| 111|0x0000000090700000, 0x0000000090700000, 0x0000000090800000|  0%| F|  |TAMS 0x0000000090700000, 0x0000000090700000| Untracked 
| 112|0x0000000090800000, 0x0000000090800000, 0x0000000090900000|  0%| F|  |TAMS 0x0000000090800000, 0x0000000090800000| Untracked 
| 113|0x0000000090900000, 0x0000000090900000, 0x0000000090a00000|  0%| F|  |TAMS 0x0000000090900000, 0x0000000090900000| Untracked 
| 114|0x0000000090a00000, 0x0000000090a00000, 0x0000000090b00000|  0%| F|  |TAMS 0x0000000090a00000, 0x0000000090a00000| Untracked 
| 115|0x0000000090b00000, 0x0000000090b00000, 0x0000000090c00000|  0%| F|  |TAMS 0x0000000090b00000, 0x0000000090b00000| Untracked 
| 116|0x0000000090c00000, 0x0000000090cce288, 0x0000000090d00000| 80%| E|  |TAMS 0x0000000090c00000, 0x0000000090c00000| Complete 
| 117|0x0000000090d00000, 0x0000000090e00000, 0x0000000090e00000|100%| E|CS|TAMS 0x0000000090d00000, 0x0000000090d00000| Complete 
| 118|0x0000000090e00000, 0x0000000090f00000, 0x0000000090f00000|100%| E|CS|TAMS 0x0000000090e00000, 0x0000000090e00000| Complete 
| 119|0x0000000090f00000, 0x0000000091000000, 0x0000000091000000|100%| E|CS|TAMS 0x0000000090f00000, 0x0000000090f00000| Complete 

Card table byte_map: [0x000001b6d4ee0000,0x000001b6d52a0000] _byte_map_base: 0x000001b6d4a94000

Marking Bits (Prev, Next): (CMBitMap*) 0x000001b6bd6cc5a0, (CMBitMap*) 0x000001b6bd6cc5e0
 Prev Bits: [0x000001b6d5660000, 0x000001b6d7400000)
 Next Bits: [0x000001b6d7400000, 0x000001b6d91a0000)

Polling page: 0x000001b6bb5b0000

Metaspace:

Usage:
  Non-class:      6.48 MB used.
      Class:    729.56 KB used.
       Both:      7.19 MB used.

Virtual space:
  Non-class space:       64.00 MB reserved,       6.56 MB ( 10%) committed,  1 nodes.
      Class space:        1.00 GB reserved,     832.00 KB ( <1%) committed,  1 nodes.
             Both:        1.06 GB reserved,       7.38 MB ( <1%) committed. 

Chunk freelists:
   Non-Class:  2.58 MB
       Class:  3.11 MB
        Both:  5.69 MB

MaxMetaspaceSize: unlimited
CompressedClassSpaceSize: 1.00 GB
Initial GC threshold: 21.00 MB
Current GC threshold: 21.00 MB
CDS: on
MetaspaceReclaimPolicy: balanced
 - commit_granule_bytes: 65536.
 - commit_granule_words: 8192.
 - virtual_space_node_default_size: 8388608.
 - enlarge_chunks_in_place: 1.
 - new_chunks_are_fully_committed: 0.
 - uncommit_free_chunks: 1.
 - use_allocation_guard: 0.


Internal statistics:

num_allocs_failed_limit: 0.
num_arena_births: 26.
num_arena_deaths: 0.
num_vsnodes_births: 2.
num_vsnodes_deaths: 0.
num_space_committed: 118.
num_space_uncommitted: 0.
num_chunks_returned_to_freelist: 0.
num_chunks_taken_from_freelist: 247.
num_chunk_merges: 0.
num_chunk_splits: 209.
num_chunks_enlarged: 196.
num_inconsistent_stats: 0.

CodeHeap 'non-profiled nmethods': size=120000Kb used=238Kb max_used=238Kb free=119761Kb
 bounds [0x000001b6cd0a0000, 0x000001b6cd310000, 0x000001b6d45d0000]
CodeHeap 'profiled nmethods': size=120000Kb used=1533Kb max_used=1533Kb free=118466Kb
 bounds [0x000001b6c55d0000, 0x000001b6c5840000, 0x000001b6ccb00000]
CodeHeap 'non-nmethods': size=5760Kb used=1239Kb max_used=1254Kb free=4520Kb
 bounds [0x000001b6ccb00000, 0x000001b6ccd70000, 0x000001b6cd0a0000]
 total_blobs=1317 nmethods=870 adapters=358
 compilation: enabled
              stopped_count=0, restarted_count=0
 full_count=0

Compilation events (20 events):
Event: 1.474 Thread 0x000001b6dbdef590  829       3       java.util.Collections$UnmodifiableList::get (11 bytes)
Event: 1.474 Thread 0x000001b6dbdef590 nmethod 829 0x000001b6c572f410 code [0x000001b6c572f5c0, 0x000001b6c572f788]
Event: 1.474 Thread 0x000001b6dbdef590  827       3       java.util.Collections$UnmodifiableList::<init> (11 bytes)
Event: 1.474 Thread 0x000001b6dbdef590 nmethod 827 0x000001b6c572f890 code [0x000001b6c572fa60, 0x000001b6c572fde8]
Event: 1.474 Thread 0x000001b6dbdef590  830       3       java.util.Collections::unmodifiableList (51 bytes)
Event: 1.475 Thread 0x000001b6dbdef590 nmethod 830 0x000001b6c572ff10 code [0x000001b6c5730160, 0x000001b6c5730cf8]
Event: 1.475 Thread 0x000001b6dbdef590  831       3       kotlin.reflect.jvm.internal.impl.metadata.ProtoBuf$ValueParameter::initFields (35 bytes)
Event: 1.475 Thread 0x000001b6dbdef590 nmethod 831 0x000001b6c5730f90 code [0x000001b6c5731140, 0x000001b6c57313f8]
Event: 1.476 Thread 0x000001b6dbdef590  832       3       kotlin.reflect.jvm.internal.impl.protobuf.ExtensionRegistryLite$ObjectIntPair::<init> (15 bytes)
Event: 1.476 Thread 0x000001b6dbdef590 nmethod 832 0x000001b6c5731510 code [0x000001b6c57316c0, 0x000001b6c5731878]
Event: 1.476 Thread 0x000001b6dbdef590  833       3       kotlin.reflect.jvm.internal.impl.protobuf.ExtensionRegistryLite$ObjectIntPair::hashCode (16 bytes)
Event: 1.476 Thread 0x000001b6dbdef590 nmethod 833 0x000001b6c5731910 code [0x000001b6c5731ac0, 0x000001b6c5731c08]
Event: 1.476 Thread 0x000001b6dbdef590  834       3       kotlin.reflect.jvm.internal.impl.protobuf.FieldSet::getWireFormatForFieldType (11 bytes)
Event: 1.476 Thread 0x000001b6dbdef590 nmethod 834 0x000001b6c5731c90 code [0x000001b6c5731e40, 0x000001b6c5732038]
Event: 1.476 Thread 0x000001b6dbdef590  835   !   3       kotlin.reflect.jvm.internal.impl.metadata.ProtoBuf$ValueParameter::<init> (513 bytes)
Event: 1.477 Thread 0x000001b6dbdee400  838       4       kotlin.reflect.jvm.internal.impl.protobuf.CodedInputStream::recomputeBufferSizeAfterLimit (63 bytes)
Event: 1.478 Thread 0x000001b6dbdee400 nmethod 838 0x000001b6cd0d9f10 code [0x000001b6cd0da080, 0x000001b6cd0da138]
Event: 1.479 Thread 0x000001b6dbdef590 nmethod 835 0x000001b6c5732110 code [0x000001b6c5732700, 0x000001b6c5735b58]
Event: 1.479 Thread 0x000001b6dbdef590  836   !   3       kotlin.reflect.jvm.internal.impl.metadata.ProtoBuf$Function::<init> (1410 bytes)
Event: 1.480 Thread 0x000001b6dbdee400  844       4       java.util.ArrayList::add (25 bytes)

GC Heap History (2 events):
Event: 1.380 GC heap before
{Heap before GC invocations=0 (full 0):
 garbage-first heap   total 122880K, used 26624K [0x0000000089800000, 0x0000000100000000)
  region size 1024K, 23 young (23552K), 0 survivors (0K)
 Metaspace       used 6752K, committed 6976K, reserved 1114112K
  class space    used 660K, committed 768K, reserved 1048576K
}
Event: 1.399 GC heap after
{Heap after GC invocations=1 (full 0):
 garbage-first heap   total 122880K, used 6080K [0x0000000089800000, 0x0000000100000000)
  region size 1024K, 3 young (3072K), 3 survivors (3072K)
 Metaspace       used 6752K, committed 6976K, reserved 1114112K
  class space    used 660K, committed 768K, reserved 1048576K
}

Dll operation events (6 events):
Event: 0.008 Loaded shared library C:\Program Files\Java\jdk-19\bin\java.dll
Event: 0.094 Loaded shared library C:\Program Files\Java\jdk-19\bin\jsvml.dll
Event: 0.212 Loaded shared library C:\Program Files\Java\jdk-19\bin\net.dll
Event: 0.476 Loaded shared library C:\Program Files\Java\jdk-19\bin\nio.dll
Event: 0.524 Loaded shared library C:\Program Files\Java\jdk-19\bin\zip.dll
Event: 0.993 Loaded shared library C:\Program Files\Java\jdk-19\bin\jimage.dll

Deoptimization events (20 events):
Event: 1.000 Thread 0x000001b6bd66abb0 Uncommon trap: trap_request=0xffffff45 fr.pc=0x000001b6cd0a4ed4 relative=0x00000000000007f4
Event: 1.000 Thread 0x000001b6bd66abb0 Uncommon trap: reason=unstable_if action=reinterpret pc=0x000001b6cd0a4ed4 method=java.util.zip.ZipFile$Source.checkAndAddEntry(II)I @ 50 c2
Event: 1.000 Thread 0x000001b6bd66abb0 DEOPT PACKING pc=0x000001b6cd0a4ed4 sp=0x0000007cf9afb0c0
Event: 1.000 Thread 0x000001b6bd66abb0 DEOPT UNPACKING pc=0x000001b6ccb66da3 sp=0x0000007cf9afb040 mode 2
Event: 1.096 Thread 0x000001b6bd66abb0 Uncommon trap: trap_request=0xffffff45 fr.pc=0x000001b6cd0bb1d8 relative=0x0000000000000138
Event: 1.096 Thread 0x000001b6bd66abb0 Uncommon trap: reason=unstable_if action=reinterpret pc=0x000001b6cd0bb1d8 method=java.util.concurrent.locks.ReentrantLock$NonfairSync.initialTryLock()Z @ 10 c2
Event: 1.096 Thread 0x000001b6bd66abb0 DEOPT PACKING pc=0x000001b6cd0bb1d8 sp=0x0000007cf9afdfe0
Event: 1.096 Thread 0x000001b6bd66abb0 DEOPT UNPACKING pc=0x000001b6ccb66da3 sp=0x0000007cf9afdf88 mode 2
Event: 1.130 Thread 0x000001b6bd66abb0 Uncommon trap: trap_request=0xffffff45 fr.pc=0x000001b6cd0bb4dc relative=0x00000000000000bc
Event: 1.130 Thread 0x000001b6bd66abb0 Uncommon trap: reason=unstable_if action=reinterpret pc=0x000001b6cd0bb4dc method=java.util.concurrent.locks.ReentrantLock$Sync.tryRelease(I)Z @ 26 c2
Event: 1.130 Thread 0x000001b6bd66abb0 DEOPT PACKING pc=0x000001b6cd0bb4dc sp=0x0000007cf9afdfe0
Event: 1.130 Thread 0x000001b6bd66abb0 DEOPT UNPACKING pc=0x000001b6ccb66da3 sp=0x0000007cf9afdf80 mode 2
Event: 1.211 Thread 0x000001b6bd66abb0 DEOPT PACKING pc=0x000001b6c5605865 sp=0x0000007cf9afbd50
Event: 1.211 Thread 0x000001b6bd66abb0 DEOPT UNPACKING pc=0x000001b6ccb67543 sp=0x0000007cf9afb1a0 mode 0
Event: 1.215 Thread 0x000001b6bd66abb0 DEOPT PACKING pc=0x000001b6c5612921 sp=0x0000007cf9afb990
Event: 1.215 Thread 0x000001b6bd66abb0 DEOPT UNPACKING pc=0x000001b6ccb67543 sp=0x0000007cf9afae98 mode 0
Event: 1.464 Thread 0x000001b6bd66abb0 Uncommon trap: trap_request=0xffffffc6 fr.pc=0x000001b6cd0d90e8 relative=0x00000000000003e8
Event: 1.464 Thread 0x000001b6bd66abb0 Uncommon trap: reason=bimorphic_or_optimized_type_check action=maybe_recompile pc=0x000001b6cd0d90e8 method=kotlin.reflect.jvm.internal.impl.protobuf.CodedInputStream.tryRefillBuffer(I)Z @ 175 c2
Event: 1.464 Thread 0x000001b6bd66abb0 DEOPT PACKING pc=0x000001b6cd0d90e8 sp=0x0000007cf9afc300
Event: 1.464 Thread 0x000001b6bd66abb0 DEOPT UNPACKING pc=0x000001b6ccb66da3 sp=0x0000007cf9afc1e8 mode 2

Classes loaded (20 events):
Event: 1.374 Loading class java/lang/invoke/DirectMethodHandle$StaticAccessor
Event: 1.374 Loading class java/lang/invoke/DirectMethodHandle$StaticAccessor done
Event: 1.400 Loading class java/util/concurrent/locks/AbstractQueuedSynchronizer$ExclusiveNode
Event: 1.400 Loading class java/util/concurrent/locks/AbstractQueuedSynchronizer$ExclusiveNode done
Event: 1.437 Loading class sun/reflect/generics/repository/ClassRepository
Event: 1.438 Loading class sun/reflect/generics/repository/GenericDeclRepository
Event: 1.438 Loading class sun/reflect/generics/repository/AbstractRepository
Event: 1.438 Loading class sun/reflect/generics/repository/AbstractRepository done
Event: 1.438 Loading class sun/reflect/generics/repository/GenericDeclRepository done
Event: 1.438 Loading class sun/reflect/generics/repository/ClassRepository done
Event: 1.438 Loading class java/lang/reflect/TypeVariable
Event: 1.438 Loading class java/lang/reflect/TypeVariable done
Event: 1.438 Loading class sun/reflect/generics/tree/FormalTypeParameter
Event: 1.438 Loading class sun/reflect/generics/tree/FormalTypeParameter done
Event: 1.438 Loading class sun/reflect/generics/tree/ClassSignature
Event: 1.438 Loading class sun/reflect/generics/tree/Signature
Event: 1.438 Loading class sun/reflect/generics/tree/Signature done
Event: 1.438 Loading class sun/reflect/generics/tree/ClassSignature done
Event: 1.440 Loading class java/lang/reflect/AnnotatedType
Event: 1.440 Loading class java/lang/reflect/AnnotatedType done

Classes unloaded (0 events):
No events

Classes redefined (0 events):
No events

Internal exceptions (4 events):
Event: 0.630 Thread 0x000001b6bd66abb0 Exception <a 'java/lang/NoSuchMethodError'{0x0000000090b75bb0}: 'java.lang.Object java.lang.invoke.DirectMethodHandle$Holder.invokeStaticInit(java.lang.Object)'> (0x0000000090b75bb0) 
thrown [s\open\src\hotspot\share\interpreter\linkResolver.cpp, line 774]
Event: 1.285 Thread 0x000001b6bd66abb0 Exception <a 'java/lang/NoSuchMethodError'{0x000000008fb3a240}: 'java.lang.Object java.lang.invoke.DirectMethodHandle$Holder.invokeInterface(java.lang.Object, java.lang.Object)'> (0x000000008fb3a240) 
thrown [s\open\src\hotspot\share\interpreter\linkResolver.cpp, line 774]
Event: 1.287 Thread 0x000001b6bd66abb0 Exception <a 'java/lang/NoSuchMethodError'{0x000000008fb40668}: 'int java.lang.invoke.DirectMethodHandle$Holder.invokeInterface(java.lang.Object, java.lang.Object)'> (0x000000008fb40668) 
thrown [s\open\src\hotspot\share\interpreter\linkResolver.cpp, line 774]
Event: 1.289 Thread 0x000001b6bd66abb0 Exception <a 'java/lang/NoSuchMethodError'{0x000000008fb45208}: 'int java.lang.invoke.DirectMethodHandle$Holder.invokeSpecial(java.lang.Object, java.lang.Object, java.lang.Object)'> (0x000000008fb45208) 
thrown [s\open\src\hotspot\share\interpreter\linkResolver.cpp, line 774]

VM Operations (8 events):
Event: 0.725 Executing VM operation: HandshakeAllThreads
Event: 0.726 Executing VM operation: HandshakeAllThreads done
Event: 1.004 Executing VM operation: HandshakeAllThreads
Event: 1.004 Executing VM operation: HandshakeAllThreads done
Event: 1.380 Executing VM operation: G1CollectForAllocation
Event: 1.399 Executing VM operation: G1CollectForAllocation done
Event: 1.400 Executing VM operation: HandshakeAllThreads
Event: 1.400 Executing VM operation: HandshakeAllThreads done

Events (15 events):
Event: 0.095 Thread 0x000001b6bd66abb0 Thread added: 0x000001b6bd66abb0
Event: 0.134 Thread 0x000001b6dbde70d0 Thread added: 0x000001b6dbde70d0
Event: 0.134 Thread 0x000001b6dbde9e70 Thread added: 0x000001b6dbde9e70
Event: 0.134 Thread 0x000001b6dbdeac00 Thread added: 0x000001b6dbdeac00
Event: 0.135 Thread 0x000001b6dbdec540 Thread added: 0x000001b6dbdec540
Event: 0.135 Thread 0x000001b6dbdece70 Thread added: 0x000001b6dbdece70
Event: 0.135 Thread 0x000001b6dbded7a0 Thread added: 0x000001b6dbded7a0
Event: 0.135 Thread 0x000001b6dbdee400 Thread added: 0x000001b6dbdee400
Event: 0.145 Thread 0x000001b6dbdef590 Thread added: 0x000001b6dbdef590
Event: 0.162 Thread 0x000001b6dbdf20b0 Thread added: 0x000001b6dbdf20b0
Event: 0.193 Thread 0x000001b6e0080490 Thread added: 0x000001b6e0080490
Event: 0.198 Thread 0x000001b6e0088cd0 Thread added: 0x000001b6e0088cd0
Event: 0.492 Thread 0x000001b6e0133d50 Thread added: 0x000001b6e0133d50
Event: 0.786 Thread 0x000001b6e019eea0 Thread added: 0x000001b6e019eea0
Event: 0.903 Thread 0x000001b6e019eea0 Thread exited: 0x000001b6e019eea0


Dynamic libraries:
0x00007ff6a1ac0000 - 0x00007ff6a1ad0000 	C:\Program Files\Java\jdk-19\bin\java.exe
0x00007ffcae690000 - 0x00007ffcae888000 	C:\Windows\SYSTEM32\ntdll.dll
0x00007ffcad680000 - 0x00007ffcad73d000 	C:\Windows\System32\KERNEL32.DLL
0x00007ffcac210000 - 0x00007ffcac4e2000 	C:\Windows\System32\KERNELBASE.dll
0x00007ffcabf80000 - 0x00007ffcac080000 	C:\Windows\System32\ucrtbase.dll
0x00007ffc9a6d0000 - 0x00007ffc9a6e8000 	C:\Program Files\Java\jdk-19\bin\jli.dll
0x00007ffcac8a0000 - 0x00007ffcac94e000 	C:\Windows\System32\ADVAPI32.dll
0x00007ffcad4c0000 - 0x00007ffcad55e000 	C:\Windows\System32\msvcrt.dll
0x00007ffcac950000 - 0x00007ffcac9ec000 	C:\Windows\System32\sechost.dll
0x00007ffcad8f0000 - 0x00007ffcada15000 	C:\Windows\System32\RPCRT4.dll
0x00007ffc8fae0000 - 0x00007ffc8fafb000 	C:\Program Files\Java\jdk-19\bin\VCRUNTIME140.dll
0x00007ffc9a880000 - 0x00007ffc9ab1a000 	C:\Windows\WinSxS\amd64_microsoft.windows.common-controls_6595b64144ccf1df_6.0.19041.1110_none_60b5254171f9507e\COMCTL32.dll
0x00007ffcaca60000 - 0x00007ffcaca8b000 	C:\Windows\System32\GDI32.dll
0x00007ffcac1e0000 - 0x00007ffcac202000 	C:\Windows\System32\win32u.dll
0x00007ffcac4f0000 - 0x00007ffcac5ff000 	C:\Windows\System32\gdi32full.dll
0x00007ffcac650000 - 0x00007ffcac6ed000 	C:\Windows\System32\msvcp_win.dll
0x00007ffcad750000 - 0x00007ffcad8ed000 	C:\Windows\System32\USER32.dll
0x00007ffca2d40000 - 0x00007ffca2d4a000 	C:\Windows\SYSTEM32\VERSION.dll
0x00007ffcad490000 - 0x00007ffcad4c0000 	C:\Windows\System32\IMM32.DLL
0x00007ffc93f40000 - 0x00007ffc93f4c000 	C:\Program Files\Java\jdk-19\bin\vcruntime140_1.dll
0x00007ffc524e0000 - 0x00007ffc5256e000 	C:\Program Files\Java\jdk-19\bin\msvcp140.dll
0x00007ffc4f5b0000 - 0x00007ffc50270000 	C:\Program Files\Java\jdk-19\bin\server\jvm.dll
0x00007ffca2d10000 - 0x00007ffca2d37000 	C:\Windows\SYSTEM32\WINMM.dll
0x00007ffc9a760000 - 0x00007ffc9a769000 	C:\Windows\SYSTEM32\WSOCK32.dll
0x00007ffcad310000 - 0x00007ffcad37b000 	C:\Windows\System32\WS2_32.dll
0x00007ffca9c60000 - 0x00007ffca9c72000 	C:\Windows\SYSTEM32\kernel.appcore.dll
0x00007ffc93a20000 - 0x00007ffc93a2a000 	C:\Program Files\Java\jdk-19\bin\jimage.dll
0x00007ffca1ba0000 - 0x00007ffca1d84000 	C:\Windows\SYSTEM32\DBGHELP.DLL
0x00007ffc9c610000 - 0x00007ffc9c63c000 	C:\Windows\SYSTEM32\dbgcore.DLL
0x00007ffcabef0000 - 0x00007ffcabf72000 	C:\Windows\System32\bcryptPrimitives.dll
0x00007ffc76880000 - 0x00007ffc768a6000 	C:\Program Files\Java\jdk-19\bin\java.dll
0x00007ffc52400000 - 0x00007ffc524d7000 	C:\Program Files\Java\jdk-19\bin\jsvml.dll
0x00007ffcacb40000 - 0x00007ffcad283000 	C:\Windows\System32\SHELL32.dll
0x00007ffca9e60000 - 0x00007ffcaa5f1000 	C:\Windows\SYSTEM32\windows.storage.dll
0x00007ffcae2f0000 - 0x00007ffcae644000 	C:\Windows\System32\combase.dll
0x00007ffcab790000 - 0x00007ffcab7c0000 	C:\Windows\SYSTEM32\Wldp.dll
0x00007ffcad380000 - 0x00007ffcad42d000 	C:\Windows\System32\SHCORE.dll
0x00007ffcadc40000 - 0x00007ffcadc95000 	C:\Windows\System32\shlwapi.dll
0x00007ffcabce0000 - 0x00007ffcabcff000 	C:\Windows\SYSTEM32\profapi.dll
0x00007ffc8e7d0000 - 0x00007ffc8e7e3000 	C:\Program Files\Java\jdk-19\bin\net.dll
0x00007ffca5600000 - 0x00007ffca570d000 	C:\Windows\SYSTEM32\WINHTTP.dll
0x00007ffc8e950000 - 0x00007ffc8e95b000 	C:\Program Files\Common Files\SocksEscort\escortdrv.dll
0x00007ffcadab0000 - 0x00007ffcadbda000 	C:\Windows\System32\ole32.dll
0x00007ffc8e910000 - 0x00007ffc8e942000 	C:\Program Files\Common Files\SocksEscort\escengine.dll
0x00007ffcab480000 - 0x00007ffcab4ea000 	C:\Windows\system32\mswsock.dll
0x00007ffc88580000 - 0x00007ffc88596000 	C:\Program Files\Java\jdk-19\bin\nio.dll
0x00007ffc837a0000 - 0x00007ffc837b8000 	C:\Program Files\Java\jdk-19\bin\zip.dll

dbghelp: loaded successfully - version: 4.0.5 - missing functions: none
symbol engine: initialized successfully - sym options: 0x614 - pdb path: .;C:\Program Files\Java\jdk-19\bin;C:\Windows\SYSTEM32;C:\Windows\WinSxS\amd64_microsoft.windows.common-controls_6595b64144ccf1df_6.0.19041.1110_none_60b5254171f9507e;C:\Program Files\Java\jdk-19\bin\server;C:\Program Files\Common Files\SocksEscort

VM Arguments:
java_command: org.jetbrains.kotlin.cli.jvm.K2JVMCompiler @D:\study\da_nen_tang\facebook-app-clone\node_modules\react-native-screens\android\build\20231123_3172548702221157405.compiler.options
java_class_path (initial): C:\Users\ADMIN\.gradle\caches\modules-2\files-2.1\org.jetbrains.kotlin\kotlin-compiler-embeddable\1.6.21\97bdd5a752ce73b58ef16c17bc7f0ea2faff7a2e\kotlin-compiler-embeddable-1.6.21.jar;C:\Users\ADMIN\.gradle\caches\modules-2\files-2.1\org.jetbrains.kotlin\kotlin-reflect\1.6.21\5dc3574d9b7bebfcb4ec6b10ada4aaa9e140bd0b\kotlin-reflect-1.6.21.jar;C:\Users\ADMIN\.gradle\caches\modules-2\files-2.1\org.jetbrains.kotlin\kotlin-stdlib\1.6.21\11ef67f1900634fd951bad28c53ec957fabbe5b8\kotlin-stdlib-1.6.21.jar;C:\Users\ADMIN\.gradle\caches\modules-2\files-2.1\org.jetbrains.kotlin\kotlin-script-runtime\1.6.21\99c6675100da5d6d5b1c5a1032f27f28008d101b\kotlin-script-runtime-1.6.21.jar;C:\Users\ADMIN\.gradle\caches\modules-2\files-2.1\org.jetbrains.kotlin\kotlin-daemon-embeddable\1.6.21\46b78cf392e1c4f10854c3cadba44abb7b82250f\kotlin-daemon-embeddable-1.6.21.jar;C:\Users\ADMIN\.gradle\caches\modules-2\files-2.1\org.jetbrains.intellij.deps\trove4j\1.0.20200330\3afb14d5f9ceb459d724e907a21145e8ff394f02\trove4j-1.0.20200330.jar;C:\Users\ADMIN\.gradle\caches\modules-2\files-2.1\net.java.dev.jna\jna\5.6.0\330f2244e9030119ab3030fc3fededc86713d9cc\jna-5.6.0.jar;C:\Users\ADMIN\.gradle\caches\modules-2\files-2.1\org.jetbrains.kotlin\kotlin-stdlib-common\1.6.21\5e5b55c26dbc80372a920aef60eb774b714559b8\kotlin-stdlib-common-1.6.21.jar;C:\Users\ADMIN\.gradle\caches\modules-2\files-2.1\org.jetbrains\annotations\13.0\919f0dfe192fb4e063e7dacadee7f8bb9a2672a9\annotations-13.0.jar
Launcher Type: SUN_STANDARD

[Global flags]
     intx CICompilerCount                          = 4                                         {product} {ergonomic}
     uint ConcGCThreads                            = 3                                         {product} {ergonomic}
     uint G1ConcRefinementThreads                  = 10                                        {product} {ergonomic}
   size_t G1HeapRegionSize                         = 1048576                                   {product} {ergonomic}
    uintx GCDrainStackTargetSize                   = 64                                        {product} {ergonomic}
   size_t InitialHeapSize                          = 125829120                                 {product} {ergonomic}
   size_t MarkStackSize                            = 4194304                                   {product} {ergonomic}
   size_t MaxHeapSize                              = 1988100096                                {product} {ergonomic}
   size_t MaxNewSize                               = 1192230912                                {product} {ergonomic}
   size_t MinHeapDeltaBytes                        = 1048576                                   {product} {ergonomic}
   size_t MinHeapSize                              = 8388608                                   {product} {ergonomic}
    uintx NonNMethodCodeHeapSize                   = 5839372                                {pd product} {ergonomic}
    uintx NonProfiledCodeHeapSize                  = 122909434                              {pd product} {ergonomic}
    uintx ProfiledCodeHeapSize                     = 122909434                              {pd product} {ergonomic}
    uintx ReservedCodeCacheSize                    = 251658240                              {pd product} {ergonomic}
     bool SegmentedCodeCache                       = true                                      {product} {ergonomic}
   size_t SoftMaxHeapSize                          = 1988100096                             {manageable} {ergonomic}
     bool UseCompressedClassPointers               = true                           {product lp64_product} {ergonomic}
     bool UseCompressedOops                        = true                           {product lp64_product} {ergonomic}
     bool UseG1GC                                  = true                                      {product} {ergonomic}
     bool UseLargePagesIndividualAllocation        = false                                  {pd product} {ergonomic}

Logging:
Log output configuration:
 #0: stdout all=warning uptime,level,tags foldmultilines=false
 #1: stderr all=off uptime,level,tags foldmultilines=false

Environment Variables:
JAVA_HOME=C:\Program Files\Java\jdk-19
CLASSPATH=D:\study\da_nen_tang\facebook-app-clone\android\\gradle\wrapper\gradle-wrapper.jar
PATH=D:\study\da_nen_tang\facebook-app-clone\node_modules\.bin;D:\study\da_nen_tang\node_modules\.bin;D:\study\node_modules\.bin;D:\node_modules\.bin;C:\Users\ADMIN\AppData\Roaming\nvm\v16.15.0\node_modules\npm\node_modules\@npmcli\run-script\lib\node-gyp-bin;C:\Users\ADMIN\AppData\Local\Temp\yarn--1700748633369-0.4786395285779712;D:\study\da_nen_tang\facebook-app-clone\node_modules\.bin;C:\Users\ADMIN\AppData\Local\Yarn\Data\link\node_modules\.bin;C:\Users\ADMIN\AppData\Local\Yarn\bin;C:\Program Files\libexec\lib\node_modules\npm\bin\node-gyp-bin;C:\Program Files\lib\node_modules\npm\bin\node-gyp-bin;C:\Program Files\nodejs\node_modules\npm\bin\node-gyp-bin;C:\Program Files\Common Files\Oracle\Java\javapath;C:\Windows\system32;C:\Windows;C:\Windows\System32\Wbem;C:\Windows\System32\WindowsPowerShell\v1.0\;C:\Windows\System32\OpenSSH\;C:\Program Files\Java\jdk-19\bin;C:\Program Files\Git\cmd;C:\Program Files\PuTTY\;C:\MinGW\bin;C:\Users\ADMIN\AppData\Roaming\nvm;C:\Program Files\nodejs;C:\Users\ADMIN\AppData\Local\Android\Sdk\platform-tools;C:\Program Files\MySQL\MySQL Shell 8.0\bin\;C:\Users\ADMIN\AppData\Local\Microsoft\WindowsApps;C:\Users\ADMIN\AppData\Local\Programs\Microsoft VS Code\bin;C:\Users\ADMIN\AppData\Local\Programs\Python\Python311;C:\Users\ADMIN\AppData\Local\Programs\Python\Python311\Scripts;C:\Users\ADMIN\AppData\Roaming\npm;C:\Users\ADMIN\AppData\Local\Programs\EmEditor;C:\Users\ADMIN\AppData\Roaming\nvm;C:\Program Files\nodejs;
USERNAME=ADMIN
LANG=en_US.UTF-8
OS=Windows_NT
PROCESSOR_IDENTIFIER=AMD64 Family 23 Model 96 Stepping 1, AuthenticAMD
TMP=C:\Users\ADMIN\AppData\Local\Temp
TEMP=C:\Users\ADMIN\AppData\Local\Temp



---------------  S Y S T E M  ---------------

OS:
 Windows 10 , 64 bit Build 19041 (10.0.19041.1889)
OS uptime: 0 days 10:47 hours

CPU: total 12 (initial active 12) (12 cores per cpu, 2 threads per core) family 23 model 96 stepping 1 microcode 0x0, cx8, cmov, fxsr, ht, mmx, 3dnowpref, sse, sse2, sse3, ssse3, sse4a, sse4.1, sse4.2, popcnt, lzcnt, tsc, tscinvbit, avx, avx2, aes, clmul, bmi1, bmi2, adx, sha, fma, vzeroupper, clflush, clflushopt, rdtscp, rdpid

Memory: 4k page, system-wide physical 7579M (763M free)
TotalPageFile size 11675M (AvailPageFile size 0M)
current process WorkingSet (physical memory assigned to process): 77M, peak: 77M
current process commit charge ("private bytes"): 220M, peak: 220M

vm_info: Java HotSpot(TM) 64-Bit Server VM (19.0.1+10-21) for windows-amd64 JRE (19.0.1+10-21), built on 2022-09-14T12:45:06Z by "mach5one" with MS VC++ 17.1 (VS2022)

END.
