#
# There is insufficient memory for the Java Runtime Environment to continue.
# Native memory allocation (malloc) failed to allocate 115696 bytes for Chunk::new
# Possible reasons:
#   The system is out of physical RAM or swap space
#   The process is running with CompressedOops enabled, and the Java Heap may be blocking the growth of the native heap
# Possible solutions:
#   Reduce memory load on the system
#   Increase physical memory or swap space
#   Check if swap backing store is full
#   Decrease Java heap size (-Xmx/-Xms)
#   Decrease number of Java threads
#   Decrease Java thread stack sizes (-Xss)
#   Set larger code cache with -XX:ReservedCodeCacheSize=
#   JVM is running with Unscaled Compressed Oops mode in which the Java heap is
#     placed in the first 4GB address space. The Java Heap base address is the
#     maximum limit for the native heap growth. Please use -XX:HeapBaseMinAddress
#     to set the Java Heap base and to place the Java Heap above 4GB virtual address.
# This output file may be truncated or incomplete.
#
#  Out of Memory Error (arena.cpp:184), pid=13612, tid=4556
#
# JRE version: Java(TM) SE Runtime Environment (19.0.1+10) (build 19.0.1+10-21)
# Java VM: Java HotSpot(TM) 64-Bit Server VM (19.0.1+10-21, mixed mode, sharing, tiered, compressed oops, compressed class ptrs, g1 gc, windows-amd64)
# No core dump will be written. Minidumps are not enabled by default on client versions of Windows
#

---------------  S U M M A R Y ------------

Command Line: org.jetbrains.kotlin.cli.jvm.K2JVMCompiler @D:\study\da_nen_tang\facebook-app-clone\node_modules\react-native-screens\android\build\20231129_9562999398307885933.compiler.options

Host: AMD Ryzen 5 4600H with Radeon Graphics         , 12 cores, 7G,  Windows 10 , 64 bit Build 19041 (10.0.19041.1889)
Time: Wed Nov 29 17:16:58 2023 SE Asia Standard Time elapsed time: 0.311475 seconds (0d 0h 0m 0s)

---------------  T H R E A D  ---------------

Current thread (0x000001fa9192eeb0):  JavaThread "C2 CompilerThread0" daemon [_thread_in_native, id=4556, stack(0x0000000f10100000,0x0000000f10200000)]


Current CompileTask:
C2:    311  100   !   4       java.util.zip.ZipFile$Source::checkAndAddEntry (249 bytes)

Stack: [0x0000000f10100000,0x0000000f10200000]
Native frames: (J=compiled Java code, j=interpreted, Vv=VM code, C=native code)
V  [jvm.dll+0x6ee8fa]
V  [jvm.dll+0x857a1e]
V  [jvm.dll+0x85940e]
V  [jvm.dll+0x859ac3]
V  [jvm.dll+0x28291f]
V  [jvm.dll+0xc9b5f]
V  [jvm.dll+0xc9ee5]
V  [jvm.dll+0x3bcb72]
V  [jvm.dll+0x386201]
V  [jvm.dll+0x38567a]
V  [jvm.dll+0x24c2c9]
V  [jvm.dll+0x24b671]
V  [jvm.dll+0x1d6d61]
V  [jvm.dll+0x25b0fa]
V  [jvm.dll+0x259588]
V  [jvm.dll+0x807928]
V  [jvm.dll+0x8015fa]
V  [jvm.dll+0x6ed5eb]
C  [ucrtbase.dll+0x21bb2]
C  [KERNEL32.DLL+0x17034]
C  [ntdll.dll+0x526a1]


---------------  P R O C E S S  ---------------

Threads class SMR info:
_java_thread_list=0x000001fa95cffdf0, length=13, elements={
0x000001faf112ba10, 0x000001fa91928880, 0x000001fa91929610, 0x000001fa9192ac80,
0x000001fa9192c840, 0x000001fa9192d170, 0x000001fa9192dc40, 0x000001fa9192eeb0,
0x000001fa9192ff70, 0x000001fa919328f0, 0x000001fa95ce5ad0, 0x000001fa95cf8300,
0x000001fa95d4d000
}

Java Threads: ( => current thread )
  0x000001faf112ba10 JavaThread "main" [_thread_in_native, id=11200, stack(0x0000000f0f400000,0x0000000f0f500000)]
  0x000001fa91928880 JavaThread "Reference Handler" daemon [_thread_blocked, id=12448, stack(0x0000000f0fb00000,0x0000000f0fc00000)]
  0x000001fa91929610 JavaThread "Finalizer" daemon [_thread_blocked, id=12748, stack(0x0000000f0fc00000,0x0000000f0fd00000)]
  0x000001fa9192ac80 JavaThread "Signal Dispatcher" daemon [_thread_blocked, id=8876, stack(0x0000000f0fd00000,0x0000000f0fe00000)]
  0x000001fa9192c840 JavaThread "Attach Listener" daemon [_thread_blocked, id=13104, stack(0x0000000f0fe00000,0x0000000f0ff00000)]
  0x000001fa9192d170 JavaThread "Service Thread" daemon [_thread_blocked, id=2580, stack(0x0000000f0ff00000,0x0000000f10000000)]
  0x000001fa9192dc40 JavaThread "Monitor Deflation Thread" daemon [_thread_blocked, id=2304, stack(0x0000000f10000000,0x0000000f10100000)]
=>0x000001fa9192eeb0 JavaThread "C2 CompilerThread0" daemon [_thread_in_native, id=4556, stack(0x0000000f10100000,0x0000000f10200000)]
  0x000001fa9192ff70 JavaThread "C1 CompilerThread0" daemon [_thread_in_native, id=15096, stack(0x0000000f10200000,0x0000000f10300000)]
  0x000001fa919328f0 JavaThread "Sweeper thread" daemon [_thread_blocked, id=10072, stack(0x0000000f10300000,0x0000000f10400000)]
  0x000001fa95ce5ad0 JavaThread "Notification Thread" daemon [_thread_blocked, id=4848, stack(0x0000000f10400000,0x0000000f10500000)]
  0x000001fa95cf8300 JavaThread "Common-Cleaner" daemon [_thread_blocked, id=13112, stack(0x0000000f10600000,0x0000000f10700000)]
  0x000001fa95d4d000 JavaThread "C2 CompilerThread1" daemon [_thread_blocked, id=14592, stack(0x0000000f10800000,0x0000000f10900000)]

Other Threads:
  0x000001fa9190cfb0 VMThread "VM Thread" [stack: 0x0000000f0fa00000,0x0000000f0fb00000] [id=6544]
  0x000001fa95cf4040 WatcherThread "VM Periodic Task Thread" [stack: 0x0000000f10500000,0x0000000f10600000] [id=14456]
  0x000001faf118b180 WorkerThread "GC Thread#0" [stack: 0x0000000f0f500000,0x0000000f0f600000] [id=2996]
  0x000001faf119ade0 ConcurrentGCThread "G1 Main Marker" [stack: 0x0000000f0f600000,0x0000000f0f700000] [id=14476]
  0x000001faf119c820 WorkerThread "G1 Conc#0" [stack: 0x0000000f0f700000,0x0000000f0f800000] [id=12388]
  0x000001fa917ca120 ConcurrentGCThread "G1 Refine#0" [stack: 0x0000000f0f800000,0x0000000f0f900000] [id=11500]
  0x000001fa917cc920 ConcurrentGCThread "G1 Service" [stack: 0x0000000f0f900000,0x0000000f0fa00000] [id=14880]

Threads with active compile tasks:
C2 CompilerThread0      350  100   !   4       java.util.zip.ZipFile$Source::checkAndAddEntry (249 bytes)
C1 CompilerThread0      350  109       3       java.lang.AbstractStringBuilder::inflateIfNeededFor (22 bytes)

VM state: not at safepoint (normal execution)

VM Mutex/Monitor currently owned by a thread: None

Heap address: 0x0000000089800000, size: 1896 MB, Compressed Oops mode: 32-bit

CDS archive(s) mapped at: [0x0000000800000000-0x0000000800c40000-0x0000000800c40000), size 12845056, SharedBaseAddress: 0x0000000800000000, ArchiveRelocationMode: 0.
Compressed class space mapped at: 0x0000000801000000-0x0000000841000000, reserved size: 1073741824
Narrow klass base: 0x0000000800000000, Narrow klass shift: 0, Narrow klass range: 0x100000000

GC Precious Log:
 CardTable entry size: 512
 Card Set container configuration: InlinePtr #cards 5 size 8 Array Of Cards #cards 12 size 40 Howl #buckets 4 coarsen threshold 1843 Howl Bitmap #cards 512 size 80 coarsen threshold 460 Card regions per heap region 1 cards per card region 2048
 CPUs: 12 total, 12 available
 Memory: 7579M
 Large Page Support: Disabled
 NUMA Support: Disabled
 Compressed Oops: Enabled (32-bit)
 Heap Region Size: 1M
 Heap Min Capacity: 8M
 Heap Initial Capacity: 120M
 Heap Max Capacity: 1896M
 Pre-touch: Disabled
 Parallel Workers: 10
 Concurrent Workers: 3
 Concurrent Refinement Workers: 10
 Periodic GC: Disabled

Heap:
 garbage-first heap   total 122880K, used 5120K [0x0000000089800000, 0x0000000100000000)
  region size 1024K, 3 young (3072K), 0 survivors (0K)
 Metaspace       used 236K, committed 384K, reserved 1114112K
  class space    used 10K, committed 128K, reserved 1048576K

Heap Regions: E=young(eden), S=young(survivor), O=old, HS=humongous(starts), HC=humongous(continues), CS=collection set, F=free, OA=open archive, CA=closed archive, TAMS=top-at-mark-start (previous, next)
|   0|0x0000000089800000, 0x0000000089900000, 0x0000000089900000|100%|HS|  |TAMS 0x0000000089800000, 0x0000000089800000| Complete 
|   1|0x0000000089900000, 0x0000000089a00000, 0x0000000089a00000|100%|HC|  |TAMS 0x0000000089900000, 0x0000000089900000| Complete 
|   2|0x0000000089a00000, 0x0000000089b00000, 0x0000000089b00000|100%|HC|  |TAMS 0x0000000089a00000, 0x0000000089a00000| Complete 
|   3|0x0000000089b00000, 0x0000000089b00000, 0x0000000089c00000|  0%| F|  |TAMS 0x0000000089b00000, 0x0000000089b00000| Untracked 
|   4|0x0000000089c00000, 0x0000000089c00000, 0x0000000089d00000|  0%| F|  |TAMS 0x0000000089c00000, 0x0000000089c00000| Untracked 
|   5|0x0000000089d00000, 0x0000000089d00000, 0x0000000089e00000|  0%| F|  |TAMS 0x0000000089d00000, 0x0000000089d00000| Untracked 
|   6|0x0000000089e00000, 0x0000000089e00000, 0x0000000089f00000|  0%| F|  |TAMS 0x0000000089e00000, 0x0000000089e00000| Untracked 
|   7|0x0000000089f00000, 0x0000000089f00000, 0x000000008a000000|  0%| F|  |TAMS 0x0000000089f00000, 0x0000000089f00000| Untracked 
|   8|0x000000008a000000, 0x000000008a000000, 0x000000008a100000|  0%| F|  |TAMS 0x000000008a000000, 0x000000008a000000| Untracked 
|   9|0x000000008a100000, 0x000000008a100000, 0x000000008a200000|  0%| F|  |TAMS 0x000000008a100000, 0x000000008a100000| Untracked 
|  10|0x000000008a200000, 0x000000008a200000, 0x000000008a300000|  0%| F|  |TAMS 0x000000008a200000, 0x000000008a200000| Untracked 
|  11|0x000000008a300000, 0x000000008a300000, 0x000000008a400000|  0%| F|  |TAMS 0x000000008a300000, 0x000000008a300000| Untracked 
|  12|0x000000008a400000, 0x000000008a400000, 0x000000008a500000|  0%| F|  |TAMS 0x000000008a400000, 0x000000008a400000| Untracked 
|  13|0x000000008a500000, 0x000000008a500000, 0x000000008a600000|  0%| F|  |TAMS 0x000000008a500000, 0x000000008a500000| Untracked 
|  14|0x000000008a600000, 0x000000008a600000, 0x000000008a700000|  0%| F|  |TAMS 0x000000008a600000, 0x000000008a600000| Untracked 
|  15|0x000000008a700000, 0x000000008a700000, 0x000000008a800000|  0%| F|  |TAMS 0x000000008a700000, 0x000000008a700000| Untracked 
|  16|0x000000008a800000, 0x000000008a800000, 0x000000008a900000|  0%| F|  |TAMS 0x000000008a800000, 0x000000008a800000| Untracked 
|  17|0x000000008a900000, 0x000000008a900000, 0x000000008aa00000|  0%| F|  |TAMS 0x000000008a900000, 0x000000008a900000| Untracked 
|  18|0x000000008aa00000, 0x000000008aa00000, 0x000000008ab00000|  0%| F|  |TAMS 0x000000008aa00000, 0x000000008aa00000| Untracked 
|  19|0x000000008ab00000, 0x000000008ab00000, 0x000000008ac00000|  0%| F|  |TAMS 0x000000008ab00000, 0x000000008ab00000| Untracked 
|  20|0x000000008ac00000, 0x000000008ac00000, 0x000000008ad00000|  0%| F|  |TAMS 0x000000008ac00000, 0x000000008ac00000| Untracked 
|  21|0x000000008ad00000, 0x000000008ad00000, 0x000000008ae00000|  0%| F|  |TAMS 0x000000008ad00000, 0x000000008ad00000| Untracked 
|  22|0x000000008ae00000, 0x000000008ae00000, 0x000000008af00000|  0%| F|  |TAMS 0x000000008ae00000, 0x000000008ae00000| Untracked 
|  23|0x000000008af00000, 0x000000008af00000, 0x000000008b000000|  0%| F|  |TAMS 0x000000008af00000, 0x000000008af00000| Untracked 
|  24|0x000000008b000000, 0x000000008b000000, 0x000000008b100000|  0%| F|  |TAMS 0x000000008b000000, 0x000000008b000000| Untracked 
|  25|0x000000008b100000, 0x000000008b100000, 0x000000008b200000|  0%| F|  |TAMS 0x000000008b100000, 0x000000008b100000| Untracked 
|  26|0x000000008b200000, 0x000000008b200000, 0x000000008b300000|  0%| F|  |TAMS 0x000000008b200000, 0x000000008b200000| Untracked 
|  27|0x000000008b300000, 0x000000008b300000, 0x000000008b400000|  0%| F|  |TAMS 0x000000008b300000, 0x000000008b300000| Untracked 
|  28|0x000000008b400000, 0x000000008b400000, 0x000000008b500000|  0%| F|  |TAMS 0x000000008b400000, 0x000000008b400000| Untracked 
|  29|0x000000008b500000, 0x000000008b500000, 0x000000008b600000|  0%| F|  |TAMS 0x000000008b500000, 0x000000008b500000| Untracked 
|  30|0x000000008b600000, 0x000000008b600000, 0x000000008b700000|  0%| F|  |TAMS 0x000000008b600000, 0x000000008b600000| Untracked 
|  31|0x000000008b700000, 0x000000008b700000, 0x000000008b800000|  0%| F|  |TAMS 0x000000008b700000, 0x000000008b700000| Untracked 
|  32|0x000000008b800000, 0x000000008b800000, 0x000000008b900000|  0%| F|  |TAMS 0x000000008b800000, 0x000000008b800000| Untracked 
|  33|0x000000008b900000, 0x000000008b900000, 0x000000008ba00000|  0%| F|  |TAMS 0x000000008b900000, 0x000000008b900000| Untracked 
|  34|0x000000008ba00000, 0x000000008ba00000, 0x000000008bb00000|  0%| F|  |TAMS 0x000000008ba00000, 0x000000008ba00000| Untracked 
|  35|0x000000008bb00000, 0x000000008bb00000, 0x000000008bc00000|  0%| F|  |TAMS 0x000000008bb00000, 0x000000008bb00000| Untracked 
|  36|0x000000008bc00000, 0x000000008bc00000, 0x000000008bd00000|  0%| F|  |TAMS 0x000000008bc00000, 0x000000008bc00000| Untracked 
|  37|0x000000008bd00000, 0x000000008bd00000, 0x000000008be00000|  0%| F|  |TAMS 0x000000008bd00000, 0x000000008bd00000| Untracked 
|  38|0x000000008be00000, 0x000000008be00000, 0x000000008bf00000|  0%| F|  |TAMS 0x000000008be00000, 0x000000008be00000| Untracked 
|  39|0x000000008bf00000, 0x000000008bf00000, 0x000000008c000000|  0%| F|  |TAMS 0x000000008bf00000, 0x000000008bf00000| Untracked 
|  40|0x000000008c000000, 0x000000008c000000, 0x000000008c100000|  0%| F|  |TAMS 0x000000008c000000, 0x000000008c000000| Untracked 
|  41|0x000000008c100000, 0x000000008c100000, 0x000000008c200000|  0%| F|  |TAMS 0x000000008c100000, 0x000000008c100000| Untracked 
|  42|0x000000008c200000, 0x000000008c200000, 0x000000008c300000|  0%| F|  |TAMS 0x000000008c200000, 0x000000008c200000| Untracked 
|  43|0x000000008c300000, 0x000000008c300000, 0x000000008c400000|  0%| F|  |TAMS 0x000000008c300000, 0x000000008c300000| Untracked 
|  44|0x000000008c400000, 0x000000008c400000, 0x000000008c500000|  0%| F|  |TAMS 0x000000008c400000, 0x000000008c400000| Untracked 
|  45|0x000000008c500000, 0x000000008c500000, 0x000000008c600000|  0%| F|  |TAMS 0x000000008c500000, 0x000000008c500000| Untracked 
|  46|0x000000008c600000, 0x000000008c600000, 0x000000008c700000|  0%| F|  |TAMS 0x000000008c600000, 0x000000008c600000| Untracked 
|  47|0x000000008c700000, 0x000000008c700000, 0x000000008c800000|  0%| F|  |TAMS 0x000000008c700000, 0x000000008c700000| Untracked 
|  48|0x000000008c800000, 0x000000008c800000, 0x000000008c900000|  0%| F|  |TAMS 0x000000008c800000, 0x000000008c800000| Untracked 
|  49|0x000000008c900000, 0x000000008c900000, 0x000000008ca00000|  0%| F|  |TAMS 0x000000008c900000, 0x000000008c900000| Untracked 
|  50|0x000000008ca00000, 0x000000008ca00000, 0x000000008cb00000|  0%| F|  |TAMS 0x000000008ca00000, 0x000000008ca00000| Untracked 
|  51|0x000000008cb00000, 0x000000008cb00000, 0x000000008cc00000|  0%| F|  |TAMS 0x000000008cb00000, 0x000000008cb00000| Untracked 
|  52|0x000000008cc00000, 0x000000008cc00000, 0x000000008cd00000|  0%| F|  |TAMS 0x000000008cc00000, 0x000000008cc00000| Untracked 
|  53|0x000000008cd00000, 0x000000008cd00000, 0x000000008ce00000|  0%| F|  |TAMS 0x000000008cd00000, 0x000000008cd00000| Untracked 
|  54|0x000000008ce00000, 0x000000008ce00000, 0x000000008cf00000|  0%| F|  |TAMS 0x000000008ce00000, 0x000000008ce00000| Untracked 
|  55|0x000000008cf00000, 0x000000008cf00000, 0x000000008d000000|  0%| F|  |TAMS 0x000000008cf00000, 0x000000008cf00000| Untracked 
|  56|0x000000008d000000, 0x000000008d000000, 0x000000008d100000|  0%| F|  |TAMS 0x000000008d000000, 0x000000008d000000| Untracked 
|  57|0x000000008d100000, 0x000000008d100000, 0x000000008d200000|  0%| F|  |TAMS 0x000000008d100000, 0x000000008d100000| Untracked 
|  58|0x000000008d200000, 0x000000008d200000, 0x000000008d300000|  0%| F|  |TAMS 0x000000008d200000, 0x000000008d200000| Untracked 
|  59|0x000000008d300000, 0x000000008d300000, 0x000000008d400000|  0%| F|  |TAMS 0x000000008d300000, 0x000000008d300000| Untracked 
|  60|0x000000008d400000, 0x000000008d400000, 0x000000008d500000|  0%| F|  |TAMS 0x000000008d400000, 0x000000008d400000| Untracked 
|  61|0x000000008d500000, 0x000000008d500000, 0x000000008d600000|  0%| F|  |TAMS 0x000000008d500000, 0x000000008d500000| Untracked 
|  62|0x000000008d600000, 0x000000008d600000, 0x000000008d700000|  0%| F|  |TAMS 0x000000008d600000, 0x000000008d600000| Untracked 
|  63|0x000000008d700000, 0x000000008d700000, 0x000000008d800000|  0%| F|  |TAMS 0x000000008d700000, 0x000000008d700000| Untracked 
|  64|0x000000008d800000, 0x000000008d800000, 0x000000008d900000|  0%| F|  |TAMS 0x000000008d800000, 0x000000008d800000| Untracked 
|  65|0x000000008d900000, 0x000000008d900000, 0x000000008da00000|  0%| F|  |TAMS 0x000000008d900000, 0x000000008d900000| Untracked 
|  66|0x000000008da00000, 0x000000008da00000, 0x000000008db00000|  0%| F|  |TAMS 0x000000008da00000, 0x000000008da00000| Untracked 
|  67|0x000000008db00000, 0x000000008db00000, 0x000000008dc00000|  0%| F|  |TAMS 0x000000008db00000, 0x000000008db00000| Untracked 
|  68|0x000000008dc00000, 0x000000008dc00000, 0x000000008dd00000|  0%| F|  |TAMS 0x000000008dc00000, 0x000000008dc00000| Untracked 
|  69|0x000000008dd00000, 0x000000008dd00000, 0x000000008de00000|  0%| F|  |TAMS 0x000000008dd00000, 0x000000008dd00000| Untracked 
|  70|0x000000008de00000, 0x000000008de00000, 0x000000008df00000|  0%| F|  |TAMS 0x000000008de00000, 0x000000008de00000| Untracked 
|  71|0x000000008df00000, 0x000000008df00000, 0x000000008e000000|  0%| F|  |TAMS 0x000000008df00000, 0x000000008df00000| Untracked 
|  72|0x000000008e000000, 0x000000008e000000, 0x000000008e100000|  0%| F|  |TAMS 0x000000008e000000, 0x000000008e000000| Untracked 
|  73|0x000000008e100000, 0x000000008e100000, 0x000000008e200000|  0%| F|  |TAMS 0x000000008e100000, 0x000000008e100000| Untracked 
|  74|0x000000008e200000, 0x000000008e200000, 0x000000008e300000|  0%| F|  |TAMS 0x000000008e200000, 0x000000008e200000| Untracked 
|  75|0x000000008e300000, 0x000000008e300000, 0x000000008e400000|  0%| F|  |TAMS 0x000000008e300000, 0x000000008e300000| Untracked 
|  76|0x000000008e400000, 0x000000008e400000, 0x000000008e500000|  0%| F|  |TAMS 0x000000008e400000, 0x000000008e400000| Untracked 
|  77|0x000000008e500000, 0x000000008e500000, 0x000000008e600000|  0%| F|  |TAMS 0x000000008e500000, 0x000000008e500000| Untracked 
|  78|0x000000008e600000, 0x000000008e600000, 0x000000008e700000|  0%| F|  |TAMS 0x000000008e600000, 0x000000008e600000| Untracked 
|  79|0x000000008e700000, 0x000000008e700000, 0x000000008e800000|  0%| F|  |TAMS 0x000000008e700000, 0x000000008e700000| Untracked 
|  80|0x000000008e800000, 0x000000008e800000, 0x000000008e900000|  0%| F|  |TAMS 0x000000008e800000, 0x000000008e800000| Untracked 
|  81|0x000000008e900000, 0x000000008e900000, 0x000000008ea00000|  0%| F|  |TAMS 0x000000008e900000, 0x000000008e900000| Untracked 
|  82|0x000000008ea00000, 0x000000008ea00000, 0x000000008eb00000|  0%| F|  |TAMS 0x000000008ea00000, 0x000000008ea00000| Untracked 
|  83|0x000000008eb00000, 0x000000008eb00000, 0x000000008ec00000|  0%| F|  |TAMS 0x000000008eb00000, 0x000000008eb00000| Untracked 
|  84|0x000000008ec00000, 0x000000008ec00000, 0x000000008ed00000|  0%| F|  |TAMS 0x000000008ec00000, 0x000000008ec00000| Untracked 
|  85|0x000000008ed00000, 0x000000008ed00000, 0x000000008ee00000|  0%| F|  |TAMS 0x000000008ed00000, 0x000000008ed00000| Untracked 
|  86|0x000000008ee00000, 0x000000008ee00000, 0x000000008ef00000|  0%| F|  |TAMS 0x000000008ee00000, 0x000000008ee00000| Untracked 
|  87|0x000000008ef00000, 0x000000008ef00000, 0x000000008f000000|  0%| F|  |TAMS 0x000000008ef00000, 0x000000008ef00000| Untracked 
|  88|0x000000008f000000, 0x000000008f000000, 0x000000008f100000|  0%| F|  |TAMS 0x000000008f000000, 0x000000008f000000| Untracked 
|  89|0x000000008f100000, 0x000000008f100000, 0x000000008f200000|  0%| F|  |TAMS 0x000000008f100000, 0x000000008f100000| Untracked 
|  90|0x000000008f200000, 0x000000008f200000, 0x000000008f300000|  0%| F|  |TAMS 0x000000008f200000, 0x000000008f200000| Untracked 
|  91|0x000000008f300000, 0x000000008f300000, 0x000000008f400000|  0%| F|  |TAMS 0x000000008f300000, 0x000000008f300000| Untracked 
|  92|0x000000008f400000, 0x000000008f400000, 0x000000008f500000|  0%| F|  |TAMS 0x000000008f400000, 0x000000008f400000| Untracked 
|  93|0x000000008f500000, 0x000000008f500000, 0x000000008f600000|  0%| F|  |TAMS 0x000000008f500000, 0x000000008f500000| Untracked 
|  94|0x000000008f600000, 0x000000008f600000, 0x000000008f700000|  0%| F|  |TAMS 0x000000008f600000, 0x000000008f600000| Untracked 
|  95|0x000000008f700000, 0x000000008f700000, 0x000000008f800000|  0%| F|  |TAMS 0x000000008f700000, 0x000000008f700000| Untracked 
|  96|0x000000008f800000, 0x000000008f800000, 0x000000008f900000|  0%| F|  |TAMS 0x000000008f800000, 0x000000008f800000| Untracked 
|  97|0x000000008f900000, 0x000000008f900000, 0x000000008fa00000|  0%| F|  |TAMS 0x000000008f900000, 0x000000008f900000| Untracked 
|  98|0x000000008fa00000, 0x000000008fa00000, 0x000000008fb00000|  0%| F|  |TAMS 0x000000008fa00000, 0x000000008fa00000| Untracked 
|  99|0x000000008fb00000, 0x000000008fb00000, 0x000000008fc00000|  0%| F|  |TAMS 0x000000008fb00000, 0x000000008fb00000| Untracked 
| 100|0x000000008fc00000, 0x000000008fc00000, 0x000000008fd00000|  0%| F|  |TAMS 0x000000008fc00000, 0x000000008fc00000| Untracked 
| 101|0x000000008fd00000, 0x000000008fd00000, 0x000000008fe00000|  0%| F|  |TAMS 0x000000008fd00000, 0x000000008fd00000| Untracked 
| 102|0x000000008fe00000, 0x000000008fe00000, 0x000000008ff00000|  0%| F|  |TAMS 0x000000008fe00000, 0x000000008fe00000| Untracked 
| 103|0x000000008ff00000, 0x000000008ff00000, 0x0000000090000000|  0%| F|  |TAMS 0x000000008ff00000, 0x000000008ff00000| Untracked 
| 104|0x0000000090000000, 0x0000000090000000, 0x0000000090100000|  0%| F|  |TAMS 0x0000000090000000, 0x0000000090000000| Untracked 
| 105|0x0000000090100000, 0x0000000090100000, 0x0000000090200000|  0%| F|  |TAMS 0x0000000090100000, 0x0000000090100000| Untracked 
| 106|0x0000000090200000, 0x0000000090200000, 0x0000000090300000|  0%| F|  |TAMS 0x0000000090200000, 0x0000000090200000| Untracked 
| 107|0x0000000090300000, 0x0000000090300000, 0x0000000090400000|  0%| F|  |TAMS 0x0000000090300000, 0x0000000090300000| Untracked 
| 108|0x0000000090400000, 0x0000000090400000, 0x0000000090500000|  0%| F|  |TAMS 0x0000000090400000, 0x0000000090400000| Untracked 
| 109|0x0000000090500000, 0x0000000090500000, 0x0000000090600000|  0%| F|  |TAMS 0x0000000090500000, 0x0000000090500000| Untracked 
| 110|0x0000000090600000, 0x0000000090600000, 0x0000000090700000|  0%| F|  |TAMS 0x0000000090600000, 0x0000000090600000| Untracked 
| 111|0x0000000090700000, 0x0000000090700000, 0x0000000090800000|  0%| F|  |TAMS 0x0000000090700000, 0x0000000090700000| Untracked 
| 112|0x0000000090800000, 0x0000000090800000, 0x0000000090900000|  0%| F|  |TAMS 0x0000000090800000, 0x0000000090800000| Untracked 
| 113|0x0000000090900000, 0x0000000090900000, 0x0000000090a00000|  0%| F|  |TAMS 0x0000000090900000, 0x0000000090900000| Untracked 
| 114|0x0000000090a00000, 0x0000000090a00000, 0x0000000090b00000|  0%| F|  |TAMS 0x0000000090a00000, 0x0000000090a00000| Untracked 
| 115|0x0000000090b00000, 0x0000000090b00000, 0x0000000090c00000|  0%| F|  |TAMS 0x0000000090b00000, 0x0000000090b00000| Untracked 
| 116|0x0000000090c00000, 0x0000000090c00000, 0x0000000090d00000|  0%| F|  |TAMS 0x0000000090c00000, 0x0000000090c00000| Untracked 
| 117|0x0000000090d00000, 0x0000000090d77038, 0x0000000090e00000| 46%| E|  |TAMS 0x0000000090d00000, 0x0000000090d00000| Complete 
| 118|0x0000000090e00000, 0x0000000090f00000, 0x0000000090f00000|100%| E|CS|TAMS 0x0000000090e00000, 0x0000000090e00000| Complete 
| 119|0x0000000090f00000, 0x0000000091000000, 0x0000000091000000|100%| E|CS|TAMS 0x0000000090f00000, 0x0000000090f00000| Complete 

Card table byte_map: [0x000001fafb8c0000,0x000001fafbc80000] _byte_map_base: 0x000001fafb474000

Marking Bits (Prev, Next): (CMBitMap*) 0x000001faf118b7b0, (CMBitMap*) 0x000001faf118b7f0
 Prev Bits: [0x000001fafc040000, 0x000001fafdde0000)
 Next Bits: [0x000001fafdde0000, 0x000001faffb80000)

Polling page: 0x000001faf11f0000

Metaspace:

Usage:
  Non-class:    237.01 KB used.
      Class:     12.02 KB used.
       Both:    249.02 KB used.

Virtual space:
  Non-class space:       64.00 MB reserved,     256.00 KB ( <1%) committed,  1 nodes.
      Class space:        1.00 GB reserved,     128.00 KB ( <1%) committed,  1 nodes.
             Both:        1.06 GB reserved,     384.00 KB ( <1%) committed. 

Chunk freelists:
   Non-Class:  3.94 MB
       Class:  3.74 MB
        Both:  7.68 MB

MaxMetaspaceSize: unlimited
CompressedClassSpaceSize: 1.00 GB
Initial GC threshold: 21.00 MB
Current GC threshold: 21.00 MB
CDS: on
MetaspaceReclaimPolicy: balanced
 - commit_granule_bytes: 65536.
 - commit_granule_words: 8192.
 - virtual_space_node_default_size: 8388608.
 - enlarge_chunks_in_place: 1.
 - new_chunks_are_fully_committed: 0.
 - uncommit_free_chunks: 1.
 - use_allocation_guard: 0.


Internal statistics:

num_allocs_failed_limit: 0.
num_arena_births: 4.
num_arena_deaths: 0.
num_vsnodes_births: 2.
num_vsnodes_deaths: 0.
num_space_committed: 6.
num_space_uncommitted: 0.
num_chunks_returned_to_freelist: 0.
num_chunks_taken_from_freelist: 10.
num_chunk_merges: 0.
num_chunk_splits: 5.
num_chunks_enlarged: 6.
num_inconsistent_stats: 0.

CodeHeap 'non-profiled nmethods': size=120000Kb used=24Kb max_used=24Kb free=119975Kb
 bounds [0x000001fa87ad0000, 0x000001fa87d40000, 0x000001fa8f000000]
CodeHeap 'profiled nmethods': size=120000Kb used=145Kb max_used=145Kb free=119854Kb
 bounds [0x000001fa80000000, 0x000001fa80270000, 0x000001fa87530000]
CodeHeap 'non-nmethods': size=5760Kb used=1146Kb max_used=1159Kb free=4613Kb
 bounds [0x000001fa87530000, 0x000001fa877a0000, 0x000001fa87ad0000]
 total_blobs=437 nmethods=111 adapters=237
 compilation: enabled
              stopped_count=0, restarted_count=0
 full_count=0

Compilation events (20 events):
Event: 0.295 Thread 0x000001fa9192ff70   90       3       java.util.zip.ZipUtils::CENHOW (9 bytes)
Event: 0.295 Thread 0x000001fa9192ff70 nmethod 90 0x000001fa8001ea90 code [0x000001fa8001ec40, 0x000001fa8001edf8]
Event: 0.295 Thread 0x000001fa9192ff70   91       3       java.util.zip.ZipUtils::CENFLG (9 bytes)
Event: 0.295 Thread 0x000001fa9192ff70 nmethod 91 0x000001fa8001ef10 code [0x000001fa8001f0c0, 0x000001fa8001f278]
Event: 0.295 Thread 0x000001fa9192ff70   92       3       java.util.zip.ZipUtils::CENNAM (9 bytes)
Event: 0.295 Thread 0x000001fa9192ff70 nmethod 92 0x000001fa8001f390 code [0x000001fa8001f540, 0x000001fa8001f6f8]
Event: 0.295 Thread 0x000001fa9192ff70   93       3       java.util.zip.ZipFile$Source::zipCoderForPos (39 bytes)
Event: 0.295 Thread 0x000001fa9192ff70 nmethod 93 0x000001fa8001f810 code [0x000001fa8001f9e0, 0x000001fa8001fdc8]
Event: 0.295 Thread 0x000001fa9192ff70   94       3       java.util.zip.ZipFile$Source::isMetaName (141 bytes)
Event: 0.296 Thread 0x000001fa9192ff70 nmethod 94 0x000001fa8001ff90 code [0x000001fa80020160, 0x000001fa80020678]
Event: 0.296 Thread 0x000001fa9192ff70   95       3       java.util.zip.ZipFile$Source::nextEntryPos (22 bytes)
Event: 0.296 Thread 0x000001fa9192ff70 nmethod 95 0x000001fa80020810 code [0x000001fa800209e0, 0x000001fa80020d18]
Event: 0.296 Thread 0x000001fa9192ff70   96       3       java.util.zip.ZipUtils::CENEXT (9 bytes)
Event: 0.296 Thread 0x000001fa9192ff70 nmethod 96 0x000001fa80020f10 code [0x000001fa800210c0, 0x000001fa80021278]
Event: 0.298 Thread 0x000001fa9192eeb0 nmethod 97% 0x000001fa87ad4190 code [0x000001fa87ad4320, 0x000001fa87ad4678]
Event: 0.298 Thread 0x000001fa9192eeb0   98       4       java.util.zip.ZipUtils::CENCOM (9 bytes)
Event: 0.299 Thread 0x000001fa9192eeb0 nmethod 98 0x000001fa87ad4810 code [0x000001fa87ad49a0, 0x000001fa87ad4a58]
Event: 0.299 Thread 0x000001fa9192eeb0   99       4       java.util.zip.ZipCoder$UTF8ZipCoder::checkedHash (91 bytes)
Event: 0.304 Thread 0x000001fa9192eeb0 nmethod 99 0x000001fa87ad4b90 code [0x000001fa87ad4d40, 0x000001fa87ad50b8]
Event: 0.304 Thread 0x000001fa9192eeb0  100   !   4       java.util.zip.ZipFile$Source::checkAndAddEntry (249 bytes)

GC Heap History (0 events):
No events

Dll operation events (4 events):
Event: 0.007 Loaded shared library C:\Program Files\Java\jdk-19\bin\java.dll
Event: 0.018 Loaded shared library C:\Program Files\Java\jdk-19\bin\jsvml.dll
Event: 0.083 Loaded shared library C:\Program Files\Java\jdk-19\bin\net.dll
Event: 0.265 Loaded shared library C:\Program Files\Java\jdk-19\bin\nio.dll

Deoptimization events (20 events):
Event: 0.303 Thread 0x000001faf112ba10 DEOPT PACKING pc=0x000001fa8001af8c sp=0x0000000f0f4fd7e0
Event: 0.303 Thread 0x000001faf112ba10 DEOPT UNPACKING pc=0x000001fa87597543 sp=0x0000000f0f4fcc70 mode 0
Event: 0.304 Thread 0x000001faf112ba10 DEOPT PACKING pc=0x000001fa8001af8c sp=0x0000000f0f4fd7e0
Event: 0.304 Thread 0x000001faf112ba10 DEOPT UNPACKING pc=0x000001fa87597543 sp=0x0000000f0f4fcc70 mode 0
Event: 0.304 Thread 0x000001faf112ba10 DEOPT PACKING pc=0x000001fa8001af8c sp=0x0000000f0f4fd7e0
Event: 0.304 Thread 0x000001faf112ba10 DEOPT UNPACKING pc=0x000001fa87597543 sp=0x0000000f0f4fcc70 mode 0
Event: 0.304 Thread 0x000001faf112ba10 DEOPT PACKING pc=0x000001fa8001af8c sp=0x0000000f0f4fd7e0
Event: 0.304 Thread 0x000001faf112ba10 DEOPT UNPACKING pc=0x000001fa87597543 sp=0x0000000f0f4fcc70 mode 0
Event: 0.304 Thread 0x000001faf112ba10 DEOPT PACKING pc=0x000001fa8001af8c sp=0x0000000f0f4fd7e0
Event: 0.304 Thread 0x000001faf112ba10 DEOPT UNPACKING pc=0x000001fa87597543 sp=0x0000000f0f4fcc70 mode 0
Event: 0.304 Thread 0x000001faf112ba10 DEOPT PACKING pc=0x000001fa8001af8c sp=0x0000000f0f4fd7e0
Event: 0.304 Thread 0x000001faf112ba10 DEOPT UNPACKING pc=0x000001fa87597543 sp=0x0000000f0f4fcc70 mode 0
Event: 0.304 Thread 0x000001faf112ba10 DEOPT PACKING pc=0x000001fa8001af8c sp=0x0000000f0f4fd7e0
Event: 0.304 Thread 0x000001faf112ba10 DEOPT UNPACKING pc=0x000001fa87597543 sp=0x0000000f0f4fcc70 mode 0
Event: 0.304 Thread 0x000001faf112ba10 DEOPT PACKING pc=0x000001fa8001af8c sp=0x0000000f0f4fd7e0
Event: 0.304 Thread 0x000001faf112ba10 DEOPT UNPACKING pc=0x000001fa87597543 sp=0x0000000f0f4fcc70 mode 0
Event: 0.304 Thread 0x000001faf112ba10 DEOPT PACKING pc=0x000001fa8001af8c sp=0x0000000f0f4fd7e0
Event: 0.304 Thread 0x000001faf112ba10 DEOPT UNPACKING pc=0x000001fa87597543 sp=0x0000000f0f4fcc70 mode 0
Event: 0.304 Thread 0x000001faf112ba10 DEOPT PACKING pc=0x000001fa8001af8c sp=0x0000000f0f4fd7e0
Event: 0.304 Thread 0x000001faf112ba10 DEOPT UNPACKING pc=0x000001fa87597543 sp=0x0000000f0f4fcc70 mode 0

Classes loaded (0 events):
No events

Classes unloaded (0 events):
No events

Classes redefined (0 events):
No events

Internal exceptions (0 events):
No events

VM Operations (0 events):
No events

Events (13 events):
Event: 0.018 Thread 0x000001faf112ba10 Thread added: 0x000001faf112ba10
Event: 0.037 Thread 0x000001fa91928880 Thread added: 0x000001fa91928880
Event: 0.037 Thread 0x000001fa91929610 Thread added: 0x000001fa91929610
Event: 0.037 Thread 0x000001fa9192ac80 Thread added: 0x000001fa9192ac80
Event: 0.037 Thread 0x000001fa9192c840 Thread added: 0x000001fa9192c840
Event: 0.038 Thread 0x000001fa9192d170 Thread added: 0x000001fa9192d170
Event: 0.038 Thread 0x000001fa9192dc40 Thread added: 0x000001fa9192dc40
Event: 0.038 Thread 0x000001fa9192eeb0 Thread added: 0x000001fa9192eeb0
Event: 0.038 Thread 0x000001fa9192ff70 Thread added: 0x000001fa9192ff70
Event: 0.038 Thread 0x000001fa919328f0 Thread added: 0x000001fa919328f0
Event: 0.070 Thread 0x000001fa95ce5ad0 Thread added: 0x000001fa95ce5ad0
Event: 0.078 Thread 0x000001fa95cf8300 Thread added: 0x000001fa95cf8300
Event: 0.304 Thread 0x000001fa95d4d000 Thread added: 0x000001fa95d4d000


Dynamic libraries:
0x00007ff65fc60000 - 0x00007ff65fc70000 	C:\Program Files\Java\jdk-19\bin\java.exe
0x00007fff10210000 - 0x00007fff10408000 	C:\Windows\SYSTEM32\ntdll.dll
0x00007fff0ee40000 - 0x00007fff0eefd000 	C:\Windows\System32\KERNEL32.DLL
0x00007fff0da00000 - 0x00007fff0dcd2000 	C:\Windows\System32\KERNELBASE.dll
0x00007fff0df70000 - 0x00007fff0e070000 	C:\Windows\System32\ucrtbase.dll
0x00007fff01a10000 - 0x00007fff01a28000 	C:\Program Files\Java\jdk-19\bin\jli.dll
0x00007fff0fb80000 - 0x00007fff0fc2e000 	C:\Windows\System32\ADVAPI32.dll
0x00007ffeeadb0000 - 0x00007ffeeadcb000 	C:\Program Files\Java\jdk-19\bin\VCRUNTIME140.dll
0x00007fff0f180000 - 0x00007fff0f21e000 	C:\Windows\System32\msvcrt.dll
0x00007fff0ef00000 - 0x00007fff0ef9c000 	C:\Windows\System32\sechost.dll
0x00007fff0e7a0000 - 0x00007fff0e8c5000 	C:\Windows\System32\RPCRT4.dll
0x00007fff0f970000 - 0x00007fff0fb0d000 	C:\Windows\System32\USER32.dll
0x00007fff0d920000 - 0x00007fff0d942000 	C:\Windows\System32\win32u.dll
0x00007ffefbb10000 - 0x00007ffefbdaa000 	C:\Windows\WinSxS\amd64_microsoft.windows.common-controls_6595b64144ccf1df_6.0.19041.1110_none_60b5254171f9507e\COMCTL32.dll
0x00007fff100c0000 - 0x00007fff100eb000 	C:\Windows\System32\GDI32.dll
0x00007fff0e130000 - 0x00007fff0e23f000 	C:\Windows\System32\gdi32full.dll
0x00007fff0ded0000 - 0x00007fff0df6d000 	C:\Windows\System32\msvcp_win.dll
0x00007fff05d30000 - 0x00007fff05d3a000 	C:\Windows\SYSTEM32\VERSION.dll
0x00007fff0ec30000 - 0x00007fff0ec60000 	C:\Windows\System32\IMM32.DLL
0x00007fff058d0000 - 0x00007fff058dc000 	C:\Program Files\Java\jdk-19\bin\vcruntime140_1.dll
0x00007ffeb9cb0000 - 0x00007ffeb9d3e000 	C:\Program Files\Java\jdk-19\bin\msvcp140.dll
0x00007ffeb3180000 - 0x00007ffeb3e40000 	C:\Program Files\Java\jdk-19\bin\server\jvm.dll
0x00007fff036c0000 - 0x00007fff036e7000 	C:\Windows\SYSTEM32\WINMM.dll
0x00007ffeef770000 - 0x00007ffeef779000 	C:\Windows\SYSTEM32\WSOCK32.dll
0x00007fff0fb10000 - 0x00007fff0fb7b000 	C:\Windows\System32\WS2_32.dll
0x00007fff0b7e0000 - 0x00007fff0b7f2000 	C:\Windows\SYSTEM32\kernel.appcore.dll
0x00007ffeec270000 - 0x00007ffeec27a000 	C:\Program Files\Java\jdk-19\bin\jimage.dll
0x00007fff03990000 - 0x00007fff03b74000 	C:\Windows\SYSTEM32\DBGHELP.DLL
0x00007ffefdb70000 - 0x00007ffefdb9c000 	C:\Windows\SYSTEM32\dbgcore.DLL
0x00007fff0dce0000 - 0x00007fff0dd62000 	C:\Windows\System32\bcryptPrimitives.dll
0x00007ffeead80000 - 0x00007ffeeada6000 	C:\Program Files\Java\jdk-19\bin\java.dll
0x00007ffeb99b0000 - 0x00007ffeb9a87000 	C:\Program Files\Java\jdk-19\bin\jsvml.dll
0x00007fff0f220000 - 0x00007fff0f963000 	C:\Windows\System32\SHELL32.dll
0x00007fff0b9e0000 - 0x00007fff0c171000 	C:\Windows\SYSTEM32\windows.storage.dll
0x00007fff0e8d0000 - 0x00007fff0ec24000 	C:\Windows\System32\combase.dll
0x00007fff0d310000 - 0x00007fff0d340000 	C:\Windows\SYSTEM32\Wldp.dll
0x00007fff0f0d0000 - 0x00007fff0f17d000 	C:\Windows\System32\SHCORE.dll
0x00007fff0ec60000 - 0x00007fff0ecb5000 	C:\Windows\System32\shlwapi.dll
0x00007fff0d860000 - 0x00007fff0d87f000 	C:\Windows\SYSTEM32\profapi.dll
0x00007ffee7ee0000 - 0x00007ffee7ef3000 	C:\Program Files\Java\jdk-19\bin\net.dll
0x00007fff002d0000 - 0x00007fff003dd000 	C:\Windows\SYSTEM32\WINHTTP.dll
0x00007ffef7100000 - 0x00007ffef710b000 	C:\Program Files\Common Files\SocksEscort\escortdrv.dll
0x00007fff0fc90000 - 0x00007fff0fdba000 	C:\Windows\System32\ole32.dll
0x00007ffef70c0000 - 0x00007ffef70f2000 	C:\Program Files\Common Files\SocksEscort\escengine.dll
0x00007fff0d000000 - 0x00007fff0d06a000 	C:\Windows\system32\mswsock.dll
0x00007ffee7ec0000 - 0x00007ffee7ed6000 	C:\Program Files\Java\jdk-19\bin\nio.dll
0x00007ffee7bc0000 - 0x00007ffee7bd8000 	C:\Program Files\Java\jdk-19\bin\zip.dll

dbghelp: loaded successfully - version: 4.0.5 - missing functions: none
symbol engine: initialized successfully - sym options: 0x614 - pdb path: .;C:\Program Files\Java\jdk-19\bin;C:\Windows\SYSTEM32;C:\Windows\WinSxS\amd64_microsoft.windows.common-controls_6595b64144ccf1df_6.0.19041.1110_none_60b5254171f9507e;C:\Program Files\Java\jdk-19\bin\server;C:\Program Files\Common Files\SocksEscort

VM Arguments:
java_command: org.jetbrains.kotlin.cli.jvm.K2JVMCompiler @D:\study\da_nen_tang\facebook-app-clone\node_modules\react-native-screens\android\build\20231129_9562999398307885933.compiler.options
java_class_path (initial): C:\Users\ADMIN\.gradle\caches\modules-2\files-2.1\org.jetbrains.kotlin\kotlin-compiler-embeddable\1.6.21\97bdd5a752ce73b58ef16c17bc7f0ea2faff7a2e\kotlin-compiler-embeddable-1.6.21.jar;C:\Users\ADMIN\.gradle\caches\modules-2\files-2.1\org.jetbrains.kotlin\kotlin-reflect\1.6.21\5dc3574d9b7bebfcb4ec6b10ada4aaa9e140bd0b\kotlin-reflect-1.6.21.jar;C:\Users\ADMIN\.gradle\caches\modules-2\files-2.1\org.jetbrains.kotlin\kotlin-stdlib\1.6.21\11ef67f1900634fd951bad28c53ec957fabbe5b8\kotlin-stdlib-1.6.21.jar;C:\Users\ADMIN\.gradle\caches\modules-2\files-2.1\org.jetbrains.kotlin\kotlin-script-runtime\1.6.21\99c6675100da5d6d5b1c5a1032f27f28008d101b\kotlin-script-runtime-1.6.21.jar;C:\Users\ADMIN\.gradle\caches\modules-2\files-2.1\org.jetbrains.kotlin\kotlin-daemon-embeddable\1.6.21\46b78cf392e1c4f10854c3cadba44abb7b82250f\kotlin-daemon-embeddable-1.6.21.jar;C:\Users\ADMIN\.gradle\caches\modules-2\files-2.1\org.jetbrains.intellij.deps\trove4j\1.0.20200330\3afb14d5f9ceb459d724e907a21145e8ff394f02\trove4j-1.0.20200330.jar;C:\Users\ADMIN\.gradle\caches\modules-2\files-2.1\net.java.dev.jna\jna\5.6.0\330f2244e9030119ab3030fc3fededc86713d9cc\jna-5.6.0.jar;C:\Users\ADMIN\.gradle\caches\modules-2\files-2.1\org.jetbrains.kotlin\kotlin-stdlib-common\1.6.21\5e5b55c26dbc80372a920aef60eb774b714559b8\kotlin-stdlib-common-1.6.21.jar;C:\Users\ADMIN\.gradle\caches\modules-2\files-2.1\org.jetbrains\annotations\13.0\919f0dfe192fb4e063e7dacadee7f8bb9a2672a9\annotations-13.0.jar
Launcher Type: SUN_STANDARD

[Global flags]
     intx CICompilerCount                          = 4                                         {product} {ergonomic}
     uint ConcGCThreads                            = 3                                         {product} {ergonomic}
     uint G1ConcRefinementThreads                  = 10                                        {product} {ergonomic}
   size_t G1HeapRegionSize                         = 1048576                                   {product} {ergonomic}
    uintx GCDrainStackTargetSize                   = 64                                        {product} {ergonomic}
   size_t InitialHeapSize                          = 125829120                                 {product} {ergonomic}
   size_t MarkStackSize                            = 4194304                                   {product} {ergonomic}
   size_t MaxHeapSize                              = 1988100096                                {product} {ergonomic}
   size_t MaxNewSize                               = 1192230912                                {product} {ergonomic}
   size_t MinHeapDeltaBytes                        = 1048576                                   {product} {ergonomic}
   size_t MinHeapSize                              = 8388608                                   {product} {ergonomic}
    uintx NonNMethodCodeHeapSize                   = 5839372                                {pd product} {ergonomic}
    uintx NonProfiledCodeHeapSize                  = 122909434                              {pd product} {ergonomic}
    uintx ProfiledCodeHeapSize                     = 122909434                              {pd product} {ergonomic}
    uintx ReservedCodeCacheSize                    = 251658240                              {pd product} {ergonomic}
     bool SegmentedCodeCache                       = true                                      {product} {ergonomic}
   size_t SoftMaxHeapSize                          = 1988100096                             {manageable} {ergonomic}
     bool UseCompressedClassPointers               = true                           {product lp64_product} {ergonomic}
     bool UseCompressedOops                        = true                           {product lp64_product} {ergonomic}
     bool UseG1GC                                  = true                                      {product} {ergonomic}
     bool UseLargePagesIndividualAllocation        = false                                  {pd product} {ergonomic}

Logging:
Log output configuration:
 #0: stdout all=warning uptime,level,tags foldmultilines=false
 #1: stderr all=off uptime,level,tags foldmultilines=false

Environment Variables:
JAVA_HOME=C:\Program Files\Java\jdk-19
CLASSPATH=D:\study\da_nen_tang\facebook-app-clone\android\\gradle\wrapper\gradle-wrapper.jar
PATH=D:\study\da_nen_tang\facebook-app-clone\node_modules\.bin;D:\study\da_nen_tang\node_modules\.bin;D:\study\node_modules\.bin;D:\node_modules\.bin;C:\Users\ADMIN\AppData\Roaming\nvm\v16.15.0\node_modules\npm\node_modules\@npmcli\run-script\lib\node-gyp-bin;C:\Users\ADMIN\AppData\Local\Temp\yarn--1701252912514-0.5197936550148787;D:\study\da_nen_tang\facebook-app-clone\node_modules\.bin;C:\Users\ADMIN\AppData\Local\Yarn\Data\link\node_modules\.bin;C:\Users\ADMIN\AppData\Local\Yarn\bin;C:\Program Files\libexec\lib\node_modules\npm\bin\node-gyp-bin;C:\Program Files\lib\node_modules\npm\bin\node-gyp-bin;C:\Program Files\nodejs\node_modules\npm\bin\node-gyp-bin;C:\Program Files\Common Files\Oracle\Java\javapath;C:\Windows\system32;C:\Windows;C:\Windows\System32\Wbem;C:\Windows\System32\WindowsPowerShell\v1.0\;C:\Windows\System32\OpenSSH\;C:\Program Files\Java\jdk-19\bin;C:\Program Files\Git\cmd;C:\MinGW\bin;C:\Users\ADMIN\AppData\Roaming\nvm;C:\Program Files\nodejs;C:\Users\ADMIN\AppData\Local\Android\Sdk\platform-tools;C:\Program Files\MySQL\MySQL Shell 8.0\bin\;C:\Users\ADMIN\AppData\Local\Microsoft\WindowsApps;C:\Users\ADMIN\AppData\Local\Programs\Microsoft VS Code\bin;C:\Users\ADMIN\AppData\Local\Programs\Python\Python311;C:\Users\ADMIN\AppData\Local\Programs\Python\Python311\Scripts;C:\Users\ADMIN\AppData\Roaming\npm;C:\Users\ADMIN\AppData\Local\Programs\EmEditor;C:\Users\ADMIN\AppData\Roaming\nvm;C:\Program Files\nodejs;
USERNAME=ADMIN
LANG=en_US.UTF-8
OS=Windows_NT
PROCESSOR_IDENTIFIER=AMD64 Family 23 Model 96 Stepping 1, AuthenticAMD
TMP=C:\Users\ADMIN\AppData\Local\Temp
TEMP=C:\Users\ADMIN\AppData\Local\Temp



---------------  S Y S T E M  ---------------

OS:
 Windows 10 , 64 bit Build 19041 (10.0.19041.1889)
OS uptime: 0 days 6:54 hours

CPU: total 12 (initial active 12) (12 cores per cpu, 2 threads per core) family 23 model 96 stepping 1 microcode 0x0, cx8, cmov, fxsr, ht, mmx, 3dnowpref, sse, sse2, sse3, ssse3, sse4a, sse4.1, sse4.2, popcnt, lzcnt, tsc, tscinvbit, avx, avx2, aes, clmul, bmi1, bmi2, adx, sha, fma, vzeroupper, clflush, clflushopt, rdtscp, rdpid

Memory: 4k page, system-wide physical 7579M (471M free)
TotalPageFile size 11675M (AvailPageFile size 53M)
current process WorkingSet (physical memory assigned to process): 34M, peak: 34M
current process commit charge ("private bytes"): 207M, peak: 207M

vm_info: Java HotSpot(TM) 64-Bit Server VM (19.0.1+10-21) for windows-amd64 JRE (19.0.1+10-21), built on 2022-09-14T12:45:06Z by "mach5one" with MS VC++ 17.1 (VS2022)

END.
