#
# There is insufficient memory for the Java Runtime Environment to continue.
# Native memory allocation (malloc) failed to allocate 836976 bytes for Chunk::new
# Possible reasons:
#   The system is out of physical RAM or swap space
#   The process is running with CompressedOops enabled, and the Java Heap may be blocking the growth of the native heap
# Possible solutions:
#   Reduce memory load on the system
#   Increase physical memory or swap space
#   Check if swap backing store is full
#   Decrease Java heap size (-Xmx/-Xms)
#   Decrease number of Java threads
#   Decrease Java thread stack sizes (-Xss)
#   Set larger code cache with -XX:ReservedCodeCacheSize=
#   JVM is running with Unscaled Compressed Oops mode in which the Java heap is
#     placed in the first 4GB address space. The Java Heap base address is the
#     maximum limit for the native heap growth. Please use -XX:HeapBaseMinAddress
#     to set the Java Heap base and to place the Java Heap above 4GB virtual address.
# This output file may be truncated or incomplete.
#
#  Out of Memory Error (arena.cpp:184), pid=9032, tid=6212
#
# JRE version: Java(TM) SE Runtime Environment (19.0.1+10) (build 19.0.1+10-21)
# Java VM: Java HotSpot(TM) 64-Bit Server VM (19.0.1+10-21, mixed mode, sharing, tiered, compressed oops, compressed class ptrs, g1 gc, windows-amd64)
# No core dump will be written. Minidumps are not enabled by default on client versions of Windows
#

---------------  S U M M A R Y ------------

Command Line: -XX:MaxMetaspaceSize=512m --add-opens=java.base/java.util=ALL-UNNAMED --add-opens=java.base/java.lang=ALL-UNNAMED --add-opens=java.base/java.lang.invoke=ALL-UNNAMED --add-opens=java.prefs/java.util.prefs=ALL-UNNAMED --add-opens=java.base/java.nio.charset=ALL-UNNAMED --add-opens=java.base/java.net=ALL-UNNAMED --add-opens=java.base/java.util.concurrent.atomic=ALL-UNNAMED -Xmx2048m -Dfile.encoding=UTF-8 -Duser.country=US -Duser.language=en -Duser.variant org.gradle.launcher.daemon.bootstrap.GradleDaemon 8.0.1

Host: AMD Ryzen 5 4600H with Radeon Graphics         , 12 cores, 7G,  Windows 10 , 64 bit Build 19041 (10.0.19041.1889)
Time: Thu Jan  4 10:53:00 2024 SE Asia Standard Time elapsed time: 21.467216 seconds (0d 0h 0m 21s)

---------------  T H R E A D  ---------------

Current thread (0x0000020e2f5ebf60):  JavaThread "C2 CompilerThread1" daemon [_thread_in_native, id=6212, stack(0x000000bfa0d00000,0x000000bfa0e00000)]


Current CompileTask:
C2:  21467 9074       4       org.gradle.cache.internal.btree.FreeListBlockStore::read (12 bytes)

Stack: [0x000000bfa0d00000,0x000000bfa0e00000]
Native frames: (J=compiled Java code, j=interpreted, Vv=VM code, C=native code)
V  [jvm.dll+0x6ee8fa]
V  [jvm.dll+0x857a1e]
V  [jvm.dll+0x85940e]
V  [jvm.dll+0x859ac3]
V  [jvm.dll+0x28291f]
V  [jvm.dll+0xc9b5f]
V  [jvm.dll+0xc9ee5]
V  [jvm.dll+0x3bcb72]
V  [jvm.dll+0x386201]
V  [jvm.dll+0x38567a]
V  [jvm.dll+0x24c2c9]
V  [jvm.dll+0x24b671]
V  [jvm.dll+0x1d6d61]
V  [jvm.dll+0x25b0fa]
V  [jvm.dll+0x259588]
V  [jvm.dll+0x807928]
V  [jvm.dll+0x8015fa]
V  [jvm.dll+0x6ed5eb]
C  [ucrtbase.dll+0x21bb2]
C  [KERNEL32.DLL+0x17034]
C  [ntdll.dll+0x526a1]


---------------  P R O C E S S  ---------------

Threads class SMR info:
_java_thread_list=0x0000020e2f3c1390, length=185, elements={
0x0000020e05ddd810, 0x0000020e26a909d0, 0x0000020e26a917c0, 0x0000020e26a92fb0,
0x0000020e26a96900, 0x0000020e26a97230, 0x0000020e26a97b60, 0x0000020e26a9cc60,
0x0000020e26aa7f40, 0x0000020e26ab49c0, 0x0000020e2ad00c50, 0x0000020e2ad067f0,
0x0000020e2be93b70, 0x0000020e2cd97900, 0x0000020e2be39580, 0x0000020e2c9991a0,
0x0000020e2d07eea0, 0x0000020e2cd0db50, 0x0000020e2cecb830, 0x0000020e2c452b60,
0x0000020e2c4530b0, 0x0000020e2c451620, 0x0000020e2c4520c0, 0x0000020e2c451b70,
0x0000020e2c452610, 0x0000020e2c453600, 0x0000020e2c453b50, 0x0000020e2c4540a0,
0x0000020e2c4545f0, 0x0000020e2f439730, 0x0000020e2f437750, 0x0000020e2f437ca0,
0x0000020e2f43a1d0, 0x0000020e2f439c80, 0x0000020e2f438740, 0x0000020e2f438c90,
0x0000020e2f4391e0, 0x0000020e2f4381f0, 0x0000020e2f43b1c0, 0x0000020e2f434780,
0x0000020e2f43bc60, 0x0000020e2f436210, 0x0000020e2f435220, 0x0000020e2f43c1b0,
0x0000020e2f435770, 0x0000020e2f435cc0, 0x0000020e2f436760, 0x0000020e2f436cb0,
0x0000020e2f437200, 0x0000020e2c0eb700, 0x0000020e2c0f0160, 0x0000020e2c0f2140,
0x0000020e2c0f1150, 0x0000020e2c0ed6e0, 0x0000020e2c0ef170, 0x0000020e2c0edc30,
0x0000020e2c0ef6c0, 0x0000020e2c0ed190, 0x0000020e2c0ee180, 0x0000020e2c0ee6d0,
0x0000020e2c0f2690, 0x0000020e2c0f2be0, 0x0000020e2c0eec20, 0x0000020e2c0efc10,
0x0000020e2c0ec6f0, 0x0000020e2c0f06b0, 0x0000020e2c0f16a0, 0x0000020e2c0f0c00,
0x0000020e2c0f1bf0, 0x0000020e2c0ecc40, 0x0000020e2c0ebc50, 0x0000020e2c0eb1b0,
0x0000020e2c0ec1a0, 0x0000020e2fa50730, 0x0000020e2fa52710, 0x0000020e2fa566d0,
0x0000020e2fa54c40, 0x0000020e2f5ebf60, 0x0000020e2fa51720, 0x0000020e2fa58160,
0x0000020e2fa57170, 0x0000020e2fa531b0, 0x0000020e2fa546f0, 0x0000020e2fa576c0,
0x0000020e2fa53700, 0x0000020e2fa53c50, 0x0000020e2fa56180, 0x0000020e2fa50c80,
0x0000020e2fa541a0, 0x0000020e2fa55190, 0x0000020e2fa556e0, 0x0000020e2fa55c30,
0x0000020e2fa57c10, 0x0000020e2fa511d0, 0x0000020e2fa51c70, 0x0000020e2c2c4060,
0x0000020e2c2c8020, 0x0000020e2c2c45b0, 0x0000020e2c2c2080, 0x0000020e2c2c25d0,
0x0000020e2c2c1b30, 0x0000020e2c2c35c0, 0x0000020e2c2c3070, 0x0000020e2c2c5af0,
0x0000020e2c2c6ae0, 0x0000020e2c2c1090, 0x0000020e2c2c8570, 0x0000020e2c2c2b20,
0x0000020e2c2c55a0, 0x0000020e2c2c4b00, 0x0000020e2c2c5050, 0x0000020e2c2c7580,
0x0000020e2c2c6040, 0x0000020e2c2c6590, 0x0000020e2c2c7030, 0x0000020e2c2c7ad0,
0x0000020e2c2c15e0, 0x0000020e2c2c3b10, 0x0000020e2f41a640, 0x0000020e2f41e0b0,
0x0000020e2f41e600, 0x0000020e2f419ba0, 0x0000020e2f4205e0, 0x0000020e2f41d610,
0x0000020e2f41a0f0, 0x0000020e2f419650, 0x0000020e2f41b630, 0x0000020e2f41f5f0,
0x0000020e2f41bb80, 0x0000020e2f419100, 0x0000020e2f41f0a0, 0x0000020e2f41c0d0,
0x0000020e2f41c620, 0x0000020e2f41ab90, 0x0000020e2f41cb70, 0x0000020e2f41fb40,
0x0000020e2f41eb50, 0x0000020e2f41db60, 0x0000020e2f41b0e0, 0x0000020e2f420090,
0x0000020e2f41d0c0, 0x0000020e2f420b30, 0x0000020e2d419dc0, 0x0000020e2d417890,
0x0000020e2d41d2e0, 0x0000020e2d419320, 0x0000020e2d41a860, 0x0000020e2d417de0,
0x0000020e2d41d830, 0x0000020e2d417340, 0x0000020e2d416df0, 0x0000020e2d41adb0,
0x0000020e2d4168a0, 0x0000020e2d41b300, 0x0000020e2d41dd80, 0x0000020e2d418330,
0x0000020e2d41b850, 0x0000020e2d41a310, 0x0000020e2d41bda0, 0x0000020e2d418880,
0x0000020e2d418dd0, 0x0000020e2d41c2f0, 0x0000020e2d41c840, 0x0000020e2d419870,
0x0000020e2d41cd90, 0x0000020e2cd3c330, 0x0000020e2cd3d320, 0x0000020e2cd3c880,
0x0000020e2cd3f850, 0x0000020e2cd3cdd0, 0x0000020e2cd402f0, 0x0000020e2cd3ddc0,
0x0000020e2cd3d870, 0x0000020e2cd3f300, 0x0000020e2cd3b890, 0x0000020e2cd3e310,
0x0000020e2cd39360, 0x0000020e2cd3bde0, 0x0000020e2cd3a350, 0x0000020e2cd39e00,
0x0000020e2cd40840, 0x0000020e2cd3a8a0, 0x0000020e2cd3e860, 0x0000020e2cd38e10,
0x0000020e2cd3fda0
}

Java Threads: ( => current thread )
  0x0000020e05ddd810 JavaThread "main" [_thread_blocked, id=9684, stack(0x000000bf9ad00000,0x000000bf9ae00000)]
  0x0000020e26a909d0 JavaThread "Reference Handler" daemon [_thread_blocked, id=14144, stack(0x000000bf9b400000,0x000000bf9b500000)]
  0x0000020e26a917c0 JavaThread "Finalizer" daemon [_thread_blocked, id=8840, stack(0x000000bf9b500000,0x000000bf9b600000)]
  0x0000020e26a92fb0 JavaThread "Signal Dispatcher" daemon [_thread_blocked, id=3084, stack(0x000000bf9b600000,0x000000bf9b700000)]
  0x0000020e26a96900 JavaThread "Attach Listener" daemon [_thread_blocked, id=9996, stack(0x000000bf9b700000,0x000000bf9b800000)]
  0x0000020e26a97230 JavaThread "Service Thread" daemon [_thread_blocked, id=9360, stack(0x000000bf9b800000,0x000000bf9b900000)]
  0x0000020e26a97b60 JavaThread "Monitor Deflation Thread" daemon [_thread_blocked, id=14140, stack(0x000000bf9b900000,0x000000bf9ba00000)]
  0x0000020e26a9cc60 JavaThread "C2 CompilerThread0" daemon [_thread_in_native, id=14796, stack(0x000000bf9ba00000,0x000000bf9bb00000)]
  0x0000020e26aa7f40 JavaThread "C1 CompilerThread0" daemon [_thread_in_native, id=9724, stack(0x000000bf9bb00000,0x000000bf9bc00000)]
  0x0000020e26ab49c0 JavaThread "Sweeper thread" daemon [_thread_blocked, id=6348, stack(0x000000bf9bc00000,0x000000bf9bd00000)]
  0x0000020e2ad00c50 JavaThread "Common-Cleaner" daemon [_thread_blocked, id=9708, stack(0x000000bf9bd00000,0x000000bf9be00000)]
  0x0000020e2ad067f0 JavaThread "Notification Thread" daemon [_thread_blocked, id=9796, stack(0x000000bf9be00000,0x000000bf9bf00000)]
  0x0000020e2be93b70 JavaThread "Daemon health stats" [_thread_blocked, id=9812, stack(0x000000bf9c700000,0x000000bf9c800000)]
  0x0000020e2cd97900 JavaThread "Incoming local TCP Connector on port 50370" [_thread_in_native, id=15896, stack(0x000000bf9c800000,0x000000bf9c900000)]
  0x0000020e2be39580 JavaThread "Daemon periodic checks" [_thread_blocked, id=15124, stack(0x000000bf9c900000,0x000000bf9ca00000)]
  0x0000020e2c9991a0 JavaThread "Daemon" [_thread_blocked, id=14136, stack(0x000000bf9ca00000,0x000000bf9cb00000)]
  0x0000020e2d07eea0 JavaThread "Handler for socket connection from /127.0.0.1:50370 to /127.0.0.1:50371" [_thread_in_native, id=12664, stack(0x000000bf9cb00000,0x000000bf9cc00000)]
  0x0000020e2cd0db50 JavaThread "Cancel handler" [_thread_blocked, id=3376, stack(0x000000bf9cc00000,0x000000bf9cd00000)]
  0x0000020e2cecb830 JavaThread "Daemon worker" [_thread_in_native, id=16140, stack(0x000000bf9cd00000,0x000000bf9ce00000)]
  0x0000020e2c452b60 JavaThread "Asynchronous log dispatcher for DefaultDaemonConnection: socket connection from /127.0.0.1:50370 to /127.0.0.1:50371" [_thread_blocked, id=3308, stack(0x000000bf9ce00000,0x000000bf9cf00000)]
  0x0000020e2c4530b0 JavaThread "Stdin handler" [_thread_blocked, id=14800, stack(0x000000bf9cf00000,0x000000bf9d000000)]
  0x0000020e2c451620 JavaThread "Daemon client event forwarder" [_thread_blocked, id=11040, stack(0x000000bf9d000000,0x000000bf9d100000)]
  0x0000020e2c4520c0 JavaThread "Cache worker for journal cache (C:\Users\ADMIN\.gradle\caches\journal-1)" [_thread_blocked, id=16120, stack(0x000000bf9c100000,0x000000bf9c200000)]
  0x0000020e2c451b70 JavaThread "File lock request listener" [_thread_in_native, id=2104, stack(0x000000bf9c200000,0x000000bf9c300000)]
  0x0000020e2c452610 JavaThread "File lock release action executor" [_thread_blocked, id=4224, stack(0x000000bf9d100000,0x000000bf9d200000)]
  0x0000020e2c453600 JavaThread "Cache worker for file hash cache (C:\Users\ADMIN\.gradle\caches\8.0.1\fileHashes)" [_thread_blocked, id=14372, stack(0x000000bf9d200000,0x000000bf9d300000)]
  0x0000020e2c453b50 JavaThread "File watcher server" daemon [_thread_in_native, id=6820, stack(0x000000bf9da00000,0x000000bf9db00000)]
  0x0000020e2c4540a0 JavaThread "File watcher consumer" daemon [_thread_blocked, id=15252, stack(0x000000bf9db00000,0x000000bf9dc00000)]
  0x0000020e2c4545f0 JavaThread "Cache worker for checksums cache (D:\study\da_nen_tang\facebook-app-clone\android\.gradle\8.0.1\checksums)" [_thread_blocked, id=4084, stack(0x000000bf9de00000,0x000000bf9df00000)]
  0x0000020e2f439730 JavaThread "Cache worker for cache directory md-rule (C:\Users\ADMIN\.gradle\caches\8.0.1\md-rule)" [_thread_blocked, id=7088, stack(0x000000bf9df00000,0x000000bf9e000000)]
  0x0000020e2f437750 JavaThread "Cache worker for file content cache (C:\Users\ADMIN\.gradle\caches\8.0.1\fileContent)" [_thread_blocked, id=2708, stack(0x000000bf9e000000,0x000000bf9e100000)]
  0x0000020e2f437ca0 JavaThread "Cache worker for file hash cache (D:\study\da_nen_tang\facebook-app-clone\android\.gradle\8.0.1\fileHashes)" [_thread_blocked, id=11468, stack(0x000000bf9e100000,0x000000bf9e200000)]
  0x0000020e2f43a1d0 JavaThread "Cache worker for cache directory md-supplier (C:\Users\ADMIN\.gradle\caches\8.0.1\md-supplier)" [_thread_blocked, id=12536, stack(0x000000bf9e200000,0x000000bf9e300000)]
  0x0000020e2f439c80 JavaThread "Cache worker for execution history cache (C:\Users\ADMIN\.gradle\caches\8.0.1\executionHistory)" [_thread_blocked, id=11504, stack(0x000000bf9e300000,0x000000bf9e400000)]
  0x0000020e2f438740 JavaThread "jar transforms" [_thread_blocked, id=13560, stack(0x000000bf9e400000,0x000000bf9e500000)]
  0x0000020e2f438c90 JavaThread "jar transforms Thread 2" [_thread_blocked, id=1788, stack(0x000000bf9d400000,0x000000bf9d500000)]
  0x0000020e2f4391e0 JavaThread "jar transforms Thread 3" [_thread_blocked, id=10540, stack(0x000000bf9d300000,0x000000bf9d400000)]
  0x0000020e2f4381f0 JavaThread "jar transforms Thread 4" [_thread_blocked, id=11888, stack(0x000000bf9e500000,0x000000bf9e600000)]
  0x0000020e2f43b1c0 JavaThread "Cache worker for kotlin-dsl (C:\Users\ADMIN\.gradle\caches\8.0.1\kotlin-dsl)" [_thread_blocked, id=1584, stack(0x000000bf9e700000,0x000000bf9e800000)]
  0x0000020e2f434780 JavaThread "jar transforms Thread 5" [_thread_blocked, id=3816, stack(0x000000bf9e900000,0x000000bf9ea00000)]
  0x0000020e2f43bc60 JavaThread "jar transforms Thread 6" [_thread_blocked, id=8764, stack(0x000000bf9e600000,0x000000bf9e700000)]
  0x0000020e2f436210 JavaThread "Cache worker for dependencies-accessors (D:\study\da_nen_tang\facebook-app-clone\android\.gradle\8.0.1\dependencies-accessors)" [_thread_blocked, id=15120, stack(0x000000bf9e800000,0x000000bf9e900000)]
  0x0000020e2f435220 JavaThread "Cache worker for Build Output Cleanup Cache (D:\study\da_nen_tang\facebook-app-clone\node_modules\@react-native\gradle-plugin\.gradle\buildOutputCleanup)" [_thread_blocked, id=16364, stack(0x000000bf9ea00000,0x000000bf9eb00000)]
  0x0000020e2f43c1b0 JavaThread "jar transforms Thread 7" [_thread_blocked, id=13320, stack(0x000000bf9eb00000,0x000000bf9ec00000)]
  0x0000020e2f435770 JavaThread "Unconstrained build operations" [_thread_blocked, id=16248, stack(0x000000bf9ec00000,0x000000bf9ed00000)]
  0x0000020e2f435cc0 JavaThread "Unconstrained build operations Thread 2" [_thread_blocked, id=8860, stack(0x000000bf9ed00000,0x000000bf9ee00000)]
  0x0000020e2f436760 JavaThread "Unconstrained build operations Thread 3" [_thread_blocked, id=10336, stack(0x000000bf9ee00000,0x000000bf9ef00000)]
  0x0000020e2f436cb0 JavaThread "Unconstrained build operations Thread 4" [_thread_blocked, id=14788, stack(0x000000bf9ef00000,0x000000bf9f000000)]
  0x0000020e2f437200 JavaThread "Unconstrained build operations Thread 5" [_thread_blocked, id=16332, stack(0x000000bf9f000000,0x000000bf9f100000)]
  0x0000020e2c0eb700 JavaThread "Unconstrained build operations Thread 6" [_thread_blocked, id=3904, stack(0x000000bf9f100000,0x000000bf9f200000)]
  0x0000020e2c0f0160 JavaThread "Unconstrained build operations Thread 7" [_thread_blocked, id=7736, stack(0x000000bf9f200000,0x000000bf9f300000)]
  0x0000020e2c0f2140 JavaThread "Unconstrained build operations Thread 8" [_thread_blocked, id=16372, stack(0x000000bf9f300000,0x000000bf9f400000)]
  0x0000020e2c0f1150 JavaThread "Unconstrained build operations Thread 9" [_thread_blocked, id=3868, stack(0x000000bf9f400000,0x000000bf9f500000)]
  0x0000020e2c0ed6e0 JavaThread "Unconstrained build operations Thread 10" [_thread_blocked, id=16028, stack(0x000000bf9f500000,0x000000bf9f600000)]
  0x0000020e2c0ef170 JavaThread "Unconstrained build operations Thread 11" [_thread_blocked, id=10572, stack(0x000000bf9f600000,0x000000bf9f700000)]
  0x0000020e2c0edc30 JavaThread "Unconstrained build operations Thread 12" [_thread_blocked, id=1336, stack(0x000000bf9f700000,0x000000bf9f800000)]
  0x0000020e2c0ef6c0 JavaThread "Unconstrained build operations Thread 13" [_thread_blocked, id=5844, stack(0x000000bf9f800000,0x000000bf9f900000)]
  0x0000020e2c0ed190 JavaThread "Unconstrained build operations Thread 14" [_thread_blocked, id=14828, stack(0x000000bf9f900000,0x000000bf9fa00000)]
  0x0000020e2c0ee180 JavaThread "Unconstrained build operations Thread 15" [_thread_blocked, id=14792, stack(0x000000bf9fa00000,0x000000bf9fb00000)]
  0x0000020e2c0ee6d0 JavaThread "Unconstrained build operations Thread 16" [_thread_blocked, id=1856, stack(0x000000bf9fb00000,0x000000bf9fc00000)]
  0x0000020e2c0f2690 JavaThread "Unconstrained build operations Thread 17" [_thread_blocked, id=12620, stack(0x000000bf9fc00000,0x000000bf9fd00000)]
  0x0000020e2c0f2be0 JavaThread "Unconstrained build operations Thread 18" [_thread_blocked, id=1316, stack(0x000000bf9fd00000,0x000000bf9fe00000)]
  0x0000020e2c0eec20 JavaThread "Unconstrained build operations Thread 19" [_thread_blocked, id=4324, stack(0x000000bf9fe00000,0x000000bf9ff00000)]
  0x0000020e2c0efc10 JavaThread "Unconstrained build operations Thread 20" [_thread_blocked, id=8496, stack(0x000000bf9ff00000,0x000000bfa0000000)]
  0x0000020e2c0ec6f0 JavaThread "Unconstrained build operations Thread 21" [_thread_blocked, id=812, stack(0x000000bfa0000000,0x000000bfa0100000)]
  0x0000020e2c0f06b0 JavaThread "Unconstrained build operations Thread 22" [_thread_blocked, id=636, stack(0x000000bfa0100000,0x000000bfa0200000)]
  0x0000020e2c0f16a0 JavaThread "Unconstrained build operations Thread 23" [_thread_blocked, id=1456, stack(0x000000bfa0200000,0x000000bfa0300000)]
  0x0000020e2c0f0c00 JavaThread "Unconstrained build operations Thread 24" [_thread_blocked, id=8732, stack(0x000000bfa0300000,0x000000bfa0400000)]
  0x0000020e2c0f1bf0 JavaThread "Unconstrained build operations Thread 25" [_thread_blocked, id=5076, stack(0x000000bfa0400000,0x000000bfa0500000)]
  0x0000020e2c0ecc40 JavaThread "Unconstrained build operations Thread 26" [_thread_blocked, id=2744, stack(0x000000bfa0500000,0x000000bfa0600000)]
  0x0000020e2c0ebc50 JavaThread "jar transforms Thread 8" [_thread_blocked, id=12312, stack(0x000000bfa0600000,0x000000bfa0700000)]
  0x0000020e2c0eb1b0 JavaThread "jar transforms Thread 9" [_thread_blocked, id=1944, stack(0x000000bfa0700000,0x000000bfa0800000)]
  0x0000020e2c0ec1a0 JavaThread "jar transforms Thread 10" [_thread_blocked, id=15096, stack(0x000000bfa0800000,0x000000bfa0900000)]
  0x0000020e2fa50730 JavaThread "jar transforms Thread 11" [_thread_blocked, id=10372, stack(0x000000bfa0900000,0x000000bfa0a00000)]
  0x0000020e2fa52710 JavaThread "jar transforms Thread 12" [_thread_blocked, id=3288, stack(0x000000bfa0a00000,0x000000bfa0b00000)]
  0x0000020e2fa566d0 JavaThread "Memory manager" [_thread_blocked, id=6184, stack(0x000000bfa0c00000,0x000000bfa0d00000)]
  0x0000020e2fa54c40 JavaThread "Cache worker for Build Output Cleanup Cache (D:\study\da_nen_tang\facebook-app-clone\android\.gradle\buildOutputCleanup)" [_thread_blocked, id=6280, stack(0x000000bfa0b00000,0x000000bfa0c00000)]
=>0x0000020e2f5ebf60 JavaThread "C2 CompilerThread1" daemon [_thread_in_native, id=6212, stack(0x000000bfa0d00000,0x000000bfa0e00000)]
  0x0000020e2fa51720 JavaThread "included builds" [_thread_blocked, id=1352, stack(0x000000bfa0e00000,0x000000bfa0f00000)]
  0x0000020e2fa58160 JavaThread "Execution worker" [_thread_blocked, id=10136, stack(0x000000bfa0f00000,0x000000bfa1000000)]
  0x0000020e2fa57170 JavaThread "Execution worker Thread 2" [_thread_blocked, id=16024, stack(0x000000bfa1000000,0x000000bfa1100000)]
  0x0000020e2fa531b0 JavaThread "Execution worker Thread 3" [_thread_blocked, id=9264, stack(0x000000bfa1100000,0x000000bfa1200000)]
  0x0000020e2fa546f0 JavaThread "Execution worker Thread 4" [_thread_blocked, id=15016, stack(0x000000bfa1200000,0x000000bfa1300000)]
  0x0000020e2fa576c0 JavaThread "Execution worker Thread 5" [_thread_blocked, id=3940, stack(0x000000bfa1300000,0x000000bfa1400000)]
  0x0000020e2fa53700 JavaThread "Execution worker Thread 6" [_thread_blocked, id=6740, stack(0x000000bfa1400000,0x000000bfa1500000)]
  0x0000020e2fa53c50 JavaThread "Execution worker Thread 7" [_thread_blocked, id=4020, stack(0x000000bfa1500000,0x000000bfa1600000)]
  0x0000020e2fa56180 JavaThread "Execution worker Thread 8" [_thread_blocked, id=15036, stack(0x000000bfa1600000,0x000000bfa1700000)]
  0x0000020e2fa50c80 JavaThread "Execution worker Thread 9" [_thread_blocked, id=6240, stack(0x000000bfa1700000,0x000000bfa1800000)]
  0x0000020e2fa541a0 JavaThread "Execution worker Thread 10" [_thread_blocked, id=6228, stack(0x000000bfa1800000,0x000000bfa1900000)]
  0x0000020e2fa55190 JavaThread "Execution worker Thread 11" [_thread_blocked, id=16152, stack(0x000000bfa1900000,0x000000bfa1a00000)]
  0x0000020e2fa556e0 JavaThread "Cache worker for execution history cache (D:\study\da_nen_tang\facebook-app-clone\node_modules\@react-native\gradle-plugin\.gradle\8.0.1\executionHistory)" [_thread_blocked, id=15736, stack(0x000000bfa1a00000,0x000000bfa1b00000)]
  0x0000020e2fa55c30 JavaThread "Unconstrained build operations Thread 27" [_thread_blocked, id=8812, stack(0x000000bfa1b00000,0x000000bfa1c00000)]
  0x0000020e2fa57c10 JavaThread "Unconstrained build operations Thread 28" [_thread_blocked, id=7952, stack(0x000000bfa1c00000,0x000000bfa1d00000)]
  0x0000020e2fa511d0 JavaThread "Unconstrained build operations Thread 29" [_thread_blocked, id=13324, stack(0x000000bfa1d00000,0x000000bfa1e00000)]
  0x0000020e2fa51c70 JavaThread "Unconstrained build operations Thread 30" [_thread_blocked, id=7884, stack(0x000000bfa1e00000,0x000000bfa1f00000)]
  0x0000020e2c2c4060 JavaThread "Unconstrained build operations Thread 31" [_thread_blocked, id=9832, stack(0x000000bfa1f00000,0x000000bfa2000000)]
  0x0000020e2c2c8020 JavaThread "Unconstrained build operations Thread 32" [_thread_blocked, id=4028, stack(0x000000bfa2000000,0x000000bfa2100000)]
  0x0000020e2c2c45b0 JavaThread "Unconstrained build operations Thread 33" [_thread_blocked, id=10208, stack(0x000000bfa2100000,0x000000bfa2200000)]
  0x0000020e2c2c2080 JavaThread "Unconstrained build operations Thread 34" [_thread_blocked, id=4056, stack(0x000000bfa2200000,0x000000bfa2300000)]
  0x0000020e2c2c25d0 JavaThread "Unconstrained build operations Thread 35" [_thread_blocked, id=11732, stack(0x000000bfa2300000,0x000000bfa2400000)]
  0x0000020e2c2c1b30 JavaThread "Unconstrained build operations Thread 36" [_thread_blocked, id=11976, stack(0x000000bfa2400000,0x000000bfa2500000)]
  0x0000020e2c2c35c0 JavaThread "Unconstrained build operations Thread 37" [_thread_blocked, id=13044, stack(0x000000bfa2500000,0x000000bfa2600000)]
  0x0000020e2c2c3070 JavaThread "Unconstrained build operations Thread 38" [_thread_blocked, id=11068, stack(0x000000bfa2600000,0x000000bfa2700000)]
  0x0000020e2c2c5af0 JavaThread "Unconstrained build operations Thread 39" [_thread_blocked, id=14340, stack(0x000000bfa2700000,0x000000bfa2800000)]
  0x0000020e2c2c6ae0 JavaThread "Unconstrained build operations Thread 40" [_thread_blocked, id=964, stack(0x000000bfa2800000,0x000000bfa2900000)]
  0x0000020e2c2c1090 JavaThread "Unconstrained build operations Thread 41" [_thread_blocked, id=13924, stack(0x000000bfa2900000,0x000000bfa2a00000)]
  0x0000020e2c2c8570 JavaThread "Unconstrained build operations Thread 42" [_thread_blocked, id=3968, stack(0x000000bfa2a00000,0x000000bfa2b00000)]
  0x0000020e2c2c2b20 JavaThread "Unconstrained build operations Thread 43" [_thread_blocked, id=5932, stack(0x000000bfa2b00000,0x000000bfa2c00000)]
  0x0000020e2c2c55a0 JavaThread "Unconstrained build operations Thread 44" [_thread_blocked, id=15416, stack(0x000000bfa2c00000,0x000000bfa2d00000)]
  0x0000020e2c2c4b00 JavaThread "Unconstrained build operations Thread 45" [_thread_blocked, id=15136, stack(0x000000bfa2d00000,0x000000bfa2e00000)]
  0x0000020e2c2c5050 JavaThread "Unconstrained build operations Thread 46" [_thread_blocked, id=8224, stack(0x000000bfa2e00000,0x000000bfa2f00000)]
  0x0000020e2c2c7580 JavaThread "Unconstrained build operations Thread 47" [_thread_blocked, id=648, stack(0x000000bfa2f00000,0x000000bfa3000000)]
  0x0000020e2c2c6040 JavaThread "Unconstrained build operations Thread 48" [_thread_blocked, id=3572, stack(0x000000bfa3000000,0x000000bfa3100000)]
  0x0000020e2c2c6590 JavaThread "Unconstrained build operations Thread 49" [_thread_blocked, id=16292, stack(0x000000bfa3100000,0x000000bfa3200000)]
  0x0000020e2c2c7030 JavaThread "Unconstrained build operations Thread 50" [_thread_blocked, id=1224, stack(0x000000bfa3200000,0x000000bfa3300000)]
  0x0000020e2c2c7ad0 JavaThread "Unconstrained build operations Thread 51" [_thread_blocked, id=12556, stack(0x000000bfa3300000,0x000000bfa3400000)]
  0x0000020e2c2c15e0 JavaThread "Unconstrained build operations Thread 52" [_thread_blocked, id=10076, stack(0x000000bfa3400000,0x000000bfa3500000)]
  0x0000020e2c2c3b10 JavaThread "Unconstrained build operations Thread 53" [_thread_blocked, id=9140, stack(0x000000bfa3500000,0x000000bfa3600000)]
  0x0000020e2f41a640 JavaThread "Unconstrained build operations Thread 54" [_thread_blocked, id=15400, stack(0x000000bfa3600000,0x000000bfa3700000)]
  0x0000020e2f41e0b0 JavaThread "Unconstrained build operations Thread 55" [_thread_blocked, id=6188, stack(0x000000bfa3700000,0x000000bfa3800000)]
  0x0000020e2f41e600 JavaThread "Unconstrained build operations Thread 56" [_thread_blocked, id=9432, stack(0x000000bfa3800000,0x000000bfa3900000)]
  0x0000020e2f419ba0 JavaThread "Unconstrained build operations Thread 57" [_thread_blocked, id=10892, stack(0x000000bfa3900000,0x000000bfa3a00000)]
  0x0000020e2f4205e0 JavaThread "Unconstrained build operations Thread 58" [_thread_blocked, id=14124, stack(0x000000bfa3a00000,0x000000bfa3b00000)]
  0x0000020e2f41d610 JavaThread "Unconstrained build operations Thread 59" [_thread_blocked, id=4900, stack(0x000000bfa3b00000,0x000000bfa3c00000)]
  0x0000020e2f41a0f0 JavaThread "Unconstrained build operations Thread 60" [_thread_blocked, id=2364, stack(0x000000bfa3c00000,0x000000bfa3d00000)]
  0x0000020e2f419650 JavaThread "Unconstrained build operations Thread 61" [_thread_blocked, id=15376, stack(0x000000bfa3d00000,0x000000bfa3e00000)]
  0x0000020e2f41b630 JavaThread "Unconstrained build operations Thread 62" [_thread_blocked, id=13744, stack(0x000000bfa3e00000,0x000000bfa3f00000)]
  0x0000020e2f41f5f0 JavaThread "Unconstrained build operations Thread 63" [_thread_blocked, id=1588, stack(0x000000bfa3f00000,0x000000bfa4000000)]
  0x0000020e2f41bb80 JavaThread "Unconstrained build operations Thread 64" [_thread_blocked, id=6260, stack(0x000000bfa4000000,0x000000bfa4100000)]
  0x0000020e2f419100 JavaThread "Unconstrained build operations Thread 65" [_thread_blocked, id=1416, stack(0x000000bfa4100000,0x000000bfa4200000)]
  0x0000020e2f41f0a0 JavaThread "Unconstrained build operations Thread 66" [_thread_blocked, id=916, stack(0x000000bfa4200000,0x000000bfa4300000)]
  0x0000020e2f41c0d0 JavaThread "Unconstrained build operations Thread 67" [_thread_blocked, id=2156, stack(0x000000bfa4300000,0x000000bfa4400000)]
  0x0000020e2f41c620 JavaThread "Unconstrained build operations Thread 68" [_thread_blocked, id=15852, stack(0x000000bfa4400000,0x000000bfa4500000)]
  0x0000020e2f41ab90 JavaThread "Unconstrained build operations Thread 69" [_thread_blocked, id=16040, stack(0x000000bfa4500000,0x000000bfa4600000)]
  0x0000020e2f41cb70 JavaThread "Unconstrained build operations Thread 70" [_thread_blocked, id=2576, stack(0x000000bfa4600000,0x000000bfa4700000)]
  0x0000020e2f41fb40 JavaThread "Unconstrained build operations Thread 71" [_thread_blocked, id=12824, stack(0x000000bfa4700000,0x000000bfa4800000)]
  0x0000020e2f41eb50 JavaThread "Unconstrained build operations Thread 72" [_thread_blocked, id=7844, stack(0x000000bfa4800000,0x000000bfa4900000)]
  0x0000020e2f41db60 JavaThread "Unconstrained build operations Thread 73" [_thread_blocked, id=6304, stack(0x000000bfa4900000,0x000000bfa4a00000)]
  0x0000020e2f41b0e0 JavaThread "Unconstrained build operations Thread 74" [_thread_blocked, id=14408, stack(0x000000bfa4a00000,0x000000bfa4b00000)]
  0x0000020e2f420090 JavaThread "Unconstrained build operations Thread 75" [_thread_blocked, id=12232, stack(0x000000bfa4b00000,0x000000bfa4c00000)]
  0x0000020e2f41d0c0 JavaThread "Unconstrained build operations Thread 76" [_thread_blocked, id=6328, stack(0x000000bfa4c00000,0x000000bfa4d00000)]
  0x0000020e2f420b30 JavaThread "Unconstrained build operations Thread 77" [_thread_blocked, id=4536, stack(0x000000bfa4d00000,0x000000bfa4e00000)]
  0x0000020e2d419dc0 JavaThread "Unconstrained build operations Thread 78" [_thread_blocked, id=13348, stack(0x000000bfa4e00000,0x000000bfa4f00000)]
  0x0000020e2d417890 JavaThread "Unconstrained build operations Thread 79" [_thread_blocked, id=11392, stack(0x000000bfa4f00000,0x000000bfa5000000)]
  0x0000020e2d41d2e0 JavaThread "Unconstrained build operations Thread 80" [_thread_blocked, id=14864, stack(0x000000bfa5000000,0x000000bfa5100000)]
  0x0000020e2d419320 JavaThread "Unconstrained build operations Thread 81" [_thread_blocked, id=10180, stack(0x000000bfa5100000,0x000000bfa5200000)]
  0x0000020e2d41a860 JavaThread "Unconstrained build operations Thread 82" [_thread_blocked, id=16096, stack(0x000000bfa5200000,0x000000bfa5300000)]
  0x0000020e2d417de0 JavaThread "Unconstrained build operations Thread 83" [_thread_blocked, id=6972, stack(0x000000bfa5300000,0x000000bfa5400000)]
  0x0000020e2d41d830 JavaThread "Unconstrained build operations Thread 84" [_thread_blocked, id=4604, stack(0x000000bfa5400000,0x000000bfa5500000)]
  0x0000020e2d417340 JavaThread "Unconstrained build operations Thread 85" [_thread_blocked, id=13928, stack(0x000000bfa5500000,0x000000bfa5600000)]
  0x0000020e2d416df0 JavaThread "Unconstrained build operations Thread 86" [_thread_blocked, id=6604, stack(0x000000bfa5600000,0x000000bfa5700000)]
  0x0000020e2d41adb0 JavaThread "Unconstrained build operations Thread 87" [_thread_blocked, id=16172, stack(0x000000bfa5700000,0x000000bfa5800000)]
  0x0000020e2d4168a0 JavaThread "Unconstrained build operations Thread 88" [_thread_blocked, id=12904, stack(0x000000bfa5800000,0x000000bfa5900000)]
  0x0000020e2d41b300 JavaThread "Unconstrained build operations Thread 89" [_thread_blocked, id=14160, stack(0x000000bfa5900000,0x000000bfa5a00000)]
  0x0000020e2d41dd80 JavaThread "Unconstrained build operations Thread 90" [_thread_blocked, id=10156, stack(0x000000bfa5a00000,0x000000bfa5b00000)]
  0x0000020e2d418330 JavaThread "Unconstrained build operations Thread 91" [_thread_blocked, id=12044, stack(0x000000bfa5b00000,0x000000bfa5c00000)]
  0x0000020e2d41b850 JavaThread "Unconstrained build operations Thread 92" [_thread_blocked, id=4860, stack(0x000000bfa5c00000,0x000000bfa5d00000)]
  0x0000020e2d41a310 JavaThread "Unconstrained build operations Thread 93" [_thread_blocked, id=15188, stack(0x000000bfa5d00000,0x000000bfa5e00000)]
  0x0000020e2d41bda0 JavaThread "Unconstrained build operations Thread 94" [_thread_blocked, id=6936, stack(0x000000bfa5e00000,0x000000bfa5f00000)]
  0x0000020e2d418880 JavaThread "Unconstrained build operations Thread 95" [_thread_blocked, id=16328, stack(0x000000bfa5f00000,0x000000bfa6000000)]
  0x0000020e2d418dd0 JavaThread "Unconstrained build operations Thread 96" [_thread_blocked, id=11916, stack(0x000000bfa6000000,0x000000bfa6100000)]
  0x0000020e2d41c2f0 JavaThread "Unconstrained build operations Thread 97" [_thread_blocked, id=15436, stack(0x000000bfa6100000,0x000000bfa6200000)]
  0x0000020e2d41c840 JavaThread "Unconstrained build operations Thread 98" [_thread_blocked, id=13856, stack(0x000000bfa6200000,0x000000bfa6300000)]
  0x0000020e2d419870 JavaThread "Unconstrained build operations Thread 99" [_thread_blocked, id=8628, stack(0x000000bfa6300000,0x000000bfa6400000)]
  0x0000020e2d41cd90 JavaThread "Unconstrained build operations Thread 100" [_thread_blocked, id=15996, stack(0x000000bfa6400000,0x000000bfa6500000)]
  0x0000020e2cd3c330 JavaThread "Unconstrained build operations Thread 101" [_thread_blocked, id=8136, stack(0x000000bfa6500000,0x000000bfa6600000)]
  0x0000020e2cd3d320 JavaThread "Unconstrained build operations Thread 102" [_thread_blocked, id=15192, stack(0x000000bfa6600000,0x000000bfa6700000)]
  0x0000020e2cd3c880 JavaThread "Unconstrained build operations Thread 103" [_thread_blocked, id=4504, stack(0x000000bfa6700000,0x000000bfa6800000)]
  0x0000020e2cd3f850 JavaThread "Unconstrained build operations Thread 104" [_thread_blocked, id=3524, stack(0x000000bfa6800000,0x000000bfa6900000)]
  0x0000020e2cd3cdd0 JavaThread "Unconstrained build operations Thread 105" [_thread_blocked, id=7052, stack(0x000000bfa6900000,0x000000bfa6a00000)]
  0x0000020e2cd402f0 JavaThread "Unconstrained build operations Thread 106" [_thread_blocked, id=5768, stack(0x000000bfa6a00000,0x000000bfa6b00000)]
  0x0000020e2cd3ddc0 JavaThread "Unconstrained build operations Thread 107" [_thread_blocked, id=9040, stack(0x000000bfa6b00000,0x000000bfa6c00000)]
  0x0000020e2cd3d870 JavaThread "Unconstrained build operations Thread 108" [_thread_blocked, id=8356, stack(0x000000bfa6c00000,0x000000bfa6d00000)]
  0x0000020e2cd3f300 JavaThread "Unconstrained build operations Thread 109" [_thread_blocked, id=3752, stack(0x000000bfa6d00000,0x000000bfa6e00000)]
  0x0000020e2cd3b890 JavaThread "Unconstrained build operations Thread 110" [_thread_blocked, id=9380, stack(0x000000bfa6e00000,0x000000bfa6f00000)]
  0x0000020e2cd3e310 JavaThread "Unconstrained build operations Thread 111" [_thread_blocked, id=7184, stack(0x000000bfa6f00000,0x000000bfa7000000)]
  0x0000020e2cd39360 JavaThread "Unconstrained build operations Thread 112" [_thread_blocked, id=10348, stack(0x000000bfa7000000,0x000000bfa7100000)]
  0x0000020e2cd3bde0 JavaThread "Unconstrained build operations Thread 113" [_thread_blocked, id=15524, stack(0x000000bfa7100000,0x000000bfa7200000)]
  0x0000020e2cd3a350 JavaThread "Unconstrained build operations Thread 114" [_thread_blocked, id=7932, stack(0x000000bfa7200000,0x000000bfa7300000)]
  0x0000020e2cd39e00 JavaThread "Unconstrained build operations Thread 115" [_thread_blocked, id=1572, stack(0x000000bfa7300000,0x000000bfa7400000)]
  0x0000020e2cd40840 JavaThread "Unconstrained build operations Thread 116" [_thread_blocked, id=14844, stack(0x000000bfa7400000,0x000000bfa7500000)]
  0x0000020e2cd3a8a0 JavaThread "Unconstrained build operations Thread 117" [_thread_blocked, id=4668, stack(0x000000bfa7500000,0x000000bfa7600000)]
  0x0000020e2cd3e860 JavaThread "Unconstrained build operations Thread 118" [_thread_blocked, id=5040, stack(0x000000bfa7600000,0x000000bfa7700000)]
  0x0000020e2cd38e10 JavaThread "Unconstrained build operations Thread 119" [_thread_blocked, id=3952, stack(0x000000bfa7700000,0x000000bfa7800000)]
  0x0000020e2cd3fda0 JavaThread "Unconstrained build operations Thread 120" [_thread_blocked, id=7232, stack(0x000000bfa7800000,0x000000bfa7900000)]

Other Threads:
  0x0000020e26a76ec0 VMThread "VM Thread" [stack: 0x000000bf9b300000,0x000000bf9b400000] [id=14784]
  0x0000020e2ad07730 WatcherThread "VM Periodic Task Thread" [stack: 0x000000bf9bf00000,0x000000bf9c000000] [id=9772]
  0x0000020e05e3f4c0 WorkerThread "GC Thread#0" [stack: 0x000000bf9ae00000,0x000000bf9af00000] [id=9688]
  0x0000020e2b638a70 WorkerThread "GC Thread#1" [stack: 0x000000bf9c300000,0x000000bf9c400000] [id=11088]
  0x0000020e2b637990 WorkerThread "GC Thread#2" [stack: 0x000000bf9c400000,0x000000bf9c500000] [id=10072]
  0x0000020e2b637c60 WorkerThread "GC Thread#3" [stack: 0x000000bf9c500000,0x000000bf9c600000] [id=5632]
  0x0000020e2b6395b0 WorkerThread "GC Thread#4" [stack: 0x000000bf9c600000,0x000000bf9c700000] [id=6516]
  0x0000020e2d7e97b0 WorkerThread "GC Thread#5" [stack: 0x000000bf9d500000,0x000000bf9d600000] [id=6556]
  0x0000020e2d7e9a80 WorkerThread "GC Thread#6" [stack: 0x000000bf9d600000,0x000000bf9d700000] [id=2028]
  0x0000020e2d7ea2f0 WorkerThread "GC Thread#7" [stack: 0x000000bf9d700000,0x000000bf9d800000] [id=2228]
  0x0000020e2d7e67e0 WorkerThread "GC Thread#8" [stack: 0x000000bf9d800000,0x000000bf9d900000] [id=13264]
  0x0000020e2d7e8130 WorkerThread "GC Thread#9" [stack: 0x000000bf9d900000,0x000000bf9da00000] [id=11136]
  0x0000020e05e505c0 ConcurrentGCThread "G1 Main Marker" [stack: 0x000000bf9af00000,0x000000bf9b000000] [id=15900]
  0x0000020e05e50ff0 WorkerThread "G1 Conc#0" [stack: 0x000000bf9b000000,0x000000bf9b100000] [id=8856]
  0x0000020e2d7e9210 WorkerThread "G1 Conc#1" [stack: 0x000000bf9dc00000,0x000000bf9dd00000] [id=3880]
  0x0000020e2d7e6d80 WorkerThread "G1 Conc#2" [stack: 0x000000bf9dd00000,0x000000bf9de00000] [id=8400]
  0x0000020e05e9e450 ConcurrentGCThread "G1 Refine#0" [stack: 0x000000bf9b100000,0x000000bf9b200000] [id=14464]
  0x0000020e26931150 ConcurrentGCThread "G1 Service" [stack: 0x000000bf9b200000,0x000000bf9b300000] [id=1604]

Threads with active compile tasks:
C2 CompilerThread0    21501 9053       4       org.gradle.cache.internal.btree.CachingBlockStore::read (56 bytes)
C2 CompilerThread1    21501 9074       4       org.gradle.cache.internal.btree.FreeListBlockStore::read (12 bytes)

VM state: not at safepoint (normal execution)

VM Mutex/Monitor currently owned by a thread: None

Heap address: 0x0000000080000000, size: 2048 MB, Compressed Oops mode: 32-bit

CDS archive(s) mapped at: [0x0000000800000000-0x0000000800c40000-0x0000000800c40000), size 12845056, SharedBaseAddress: 0x0000000800000000, ArchiveRelocationMode: 0.
Compressed class space mapped at: 0x0000000801000000-0x000000081ac00000, reserved size: 432013312
Narrow klass base: 0x0000000800000000, Narrow klass shift: 0, Narrow klass range: 0x100000000

GC Precious Log:
 CardTable entry size: 512
 Card Set container configuration: InlinePtr #cards 5 size 8 Array Of Cards #cards 12 size 40 Howl #buckets 4 coarsen threshold 1843 Howl Bitmap #cards 512 size 80 coarsen threshold 460 Card regions per heap region 1 cards per card region 2048
 CPUs: 12 total, 12 available
 Memory: 7579M
 Large Page Support: Disabled
 NUMA Support: Disabled
 Compressed Oops: Enabled (32-bit)
 Heap Region Size: 1M
 Heap Min Capacity: 8M
 Heap Initial Capacity: 120M
 Heap Max Capacity: 2G
 Pre-touch: Disabled
 Parallel Workers: 10
 Concurrent Workers: 3
 Concurrent Refinement Workers: 10
 Periodic GC: Disabled

Heap:
 garbage-first heap   total 160768K, used 109952K [0x0000000080000000, 0x0000000100000000)
  region size 1024K, 54 young (55296K), 2 survivors (2048K)
 Metaspace       used 66618K, committed 68480K, reserved 487424K
  class space    used 9146K, committed 10112K, reserved 421888K

Heap Regions: E=young(eden), S=young(survivor), O=old, HS=humongous(starts), HC=humongous(continues), CS=collection set, F=free, OA=open archive, CA=closed archive, TAMS=top-at-mark-start (previous, next)
|   0|0x0000000080000000, 0x0000000080100000, 0x0000000080100000|100%|HS|  |TAMS 0x0000000080100000, 0x0000000080000000| Complete 
|   1|0x0000000080100000, 0x0000000080200000, 0x0000000080200000|100%|HC|  |TAMS 0x0000000080200000, 0x0000000080100000| Complete 
|   2|0x0000000080200000, 0x0000000080300000, 0x0000000080300000|100%|HC|  |TAMS 0x0000000080300000, 0x0000000080200000| Complete 
|   3|0x0000000080300000, 0x0000000080400000, 0x0000000080400000|100%|HC|  |TAMS 0x0000000080400000, 0x0000000080300000| Complete 
|   4|0x0000000080400000, 0x0000000080500000, 0x0000000080500000|100%| O|  |TAMS 0x0000000080500000, 0x0000000080400000| Untracked 
|   5|0x0000000080500000, 0x0000000080600000, 0x0000000080600000|100%| O|  |TAMS 0x0000000080600000, 0x0000000080500000| Untracked 
|   6|0x0000000080600000, 0x0000000080700000, 0x0000000080700000|100%| O|  |TAMS 0x0000000080700000, 0x0000000080600000| Untracked 
|   7|0x0000000080700000, 0x0000000080800000, 0x0000000080800000|100%| O|  |TAMS 0x0000000080800000, 0x0000000080700000| Untracked 
|   8|0x0000000080800000, 0x0000000080900000, 0x0000000080900000|100%| O|  |TAMS 0x0000000080900000, 0x0000000080800000| Untracked 
|   9|0x0000000080900000, 0x0000000080a00000, 0x0000000080a00000|100%| O|  |TAMS 0x0000000080a00000, 0x0000000080900000| Untracked 
|  10|0x0000000080a00000, 0x0000000080b00000, 0x0000000080b00000|100%| O|  |TAMS 0x0000000080b00000, 0x0000000080a00000| Untracked 
|  11|0x0000000080b00000, 0x0000000080c00000, 0x0000000080c00000|100%| O|  |TAMS 0x0000000080c00000, 0x0000000080b00000| Untracked 
|  12|0x0000000080c00000, 0x0000000080d00000, 0x0000000080d00000|100%| O|  |TAMS 0x0000000080d00000, 0x0000000080c00000| Untracked 
|  13|0x0000000080d00000, 0x0000000080e00000, 0x0000000080e00000|100%| O|  |TAMS 0x0000000080e00000, 0x0000000080d00000| Untracked 
|  14|0x0000000080e00000, 0x0000000080f00000, 0x0000000080f00000|100%| O|  |TAMS 0x0000000080e00000, 0x0000000080e00000| Untracked 
|  15|0x0000000080f00000, 0x0000000081000000, 0x0000000081000000|100%| O|  |TAMS 0x0000000081000000, 0x0000000080f00000| Untracked 
|  16|0x0000000081000000, 0x0000000081100000, 0x0000000081100000|100%| O|  |TAMS 0x0000000081100000, 0x0000000081000000| Untracked 
|  17|0x0000000081100000, 0x0000000081200000, 0x0000000081200000|100%| O|  |TAMS 0x0000000081200000, 0x0000000081100000| Untracked 
|  18|0x0000000081200000, 0x0000000081300000, 0x0000000081300000|100%| O|  |TAMS 0x0000000081300000, 0x0000000081200000| Untracked 
|  19|0x0000000081300000, 0x0000000081400000, 0x0000000081400000|100%| O|  |TAMS 0x0000000081400000, 0x0000000081300000| Untracked 
|  20|0x0000000081400000, 0x0000000081500000, 0x0000000081500000|100%| O|  |TAMS 0x0000000081500000, 0x0000000081400000| Untracked 
|  21|0x0000000081500000, 0x0000000081600000, 0x0000000081600000|100%| O|  |TAMS 0x0000000081600000, 0x0000000081500000| Untracked 
|  22|0x0000000081600000, 0x0000000081700000, 0x0000000081700000|100%| O|  |TAMS 0x0000000081700000, 0x0000000081600000| Untracked 
|  23|0x0000000081700000, 0x0000000081800000, 0x0000000081800000|100%| O|  |TAMS 0x0000000081800000, 0x0000000081700000| Untracked 
|  24|0x0000000081800000, 0x0000000081900000, 0x0000000081900000|100%| O|  |TAMS 0x0000000081900000, 0x0000000081800000| Untracked 
|  25|0x0000000081900000, 0x0000000081a00000, 0x0000000081a00000|100%| O|  |TAMS 0x0000000081a00000, 0x0000000081900000| Untracked 
|  26|0x0000000081a00000, 0x0000000081b00000, 0x0000000081b00000|100%| O|  |TAMS 0x0000000081b00000, 0x0000000081a00000| Untracked 
|  27|0x0000000081b00000, 0x0000000081c00000, 0x0000000081c00000|100%|HS|  |TAMS 0x0000000081b00000, 0x0000000081b00000| Complete 
|  28|0x0000000081c00000, 0x0000000081d00000, 0x0000000081d00000|100%| O|  |TAMS 0x0000000081d00000, 0x0000000081c00000| Untracked 
|  29|0x0000000081d00000, 0x0000000081e00000, 0x0000000081e00000|100%| O|  |TAMS 0x0000000081e00000, 0x0000000081d00000| Untracked 
|  30|0x0000000081e00000, 0x0000000081f00000, 0x0000000081f00000|100%| O|  |TAMS 0x0000000081f00000, 0x0000000081e00000| Untracked 
|  31|0x0000000081f00000, 0x0000000082000000, 0x0000000082000000|100%| O|  |TAMS 0x0000000082000000, 0x0000000081f00000| Untracked 
|  32|0x0000000082000000, 0x0000000082100000, 0x0000000082100000|100%| O|  |TAMS 0x0000000082100000, 0x0000000082000000| Untracked 
|  33|0x0000000082100000, 0x0000000082200000, 0x0000000082200000|100%| O|  |TAMS 0x0000000082111200, 0x0000000082100000| Untracked 
|  34|0x0000000082200000, 0x0000000082300000, 0x0000000082300000|100%|HS|  |TAMS 0x0000000082300000, 0x0000000082200000| Complete 
|  35|0x0000000082300000, 0x0000000082400000, 0x0000000082400000|100%|HC|  |TAMS 0x0000000082400000, 0x0000000082300000| Complete 
|  36|0x0000000082400000, 0x0000000082500000, 0x0000000082500000|100%|HS|  |TAMS 0x0000000082500000, 0x0000000082400000| Complete 
|  37|0x0000000082500000, 0x0000000082600000, 0x0000000082600000|100%|HC|  |TAMS 0x0000000082600000, 0x0000000082500000| Complete 
|  38|0x0000000082600000, 0x0000000082700000, 0x0000000082700000|100%|HC|  |TAMS 0x0000000082700000, 0x0000000082600000| Complete 
|  39|0x0000000082700000, 0x0000000082800000, 0x0000000082800000|100%|HC|  |TAMS 0x0000000082800000, 0x0000000082700000| Complete 
|  40|0x0000000082800000, 0x0000000082900000, 0x0000000082900000|100%| O|  |TAMS 0x0000000082800000, 0x0000000082800000| Untracked 
|  41|0x0000000082900000, 0x0000000082a00000, 0x0000000082a00000|100%| O|  |TAMS 0x0000000082900000, 0x0000000082900000| Untracked 
|  42|0x0000000082a00000, 0x0000000082b00000, 0x0000000082b00000|100%| O|  |TAMS 0x0000000082a00000, 0x0000000082a00000| Untracked 
|  43|0x0000000082b00000, 0x0000000082c00000, 0x0000000082c00000|100%| O|  |TAMS 0x0000000082b00000, 0x0000000082b00000| Untracked 
|  44|0x0000000082c00000, 0x0000000082d00000, 0x0000000082d00000|100%| O|  |TAMS 0x0000000082c00000, 0x0000000082c00000| Untracked 
|  45|0x0000000082d00000, 0x0000000082e00000, 0x0000000082e00000|100%| O|  |TAMS 0x0000000082d00000, 0x0000000082d00000| Untracked 
|  46|0x0000000082e00000, 0x0000000082f00000, 0x0000000082f00000|100%| O|  |TAMS 0x0000000082e00000, 0x0000000082e00000| Untracked 
|  47|0x0000000082f00000, 0x0000000083000000, 0x0000000083000000|100%| O|  |TAMS 0x0000000082f00000, 0x0000000082f00000| Untracked 
|  48|0x0000000083000000, 0x0000000083100000, 0x0000000083100000|100%| O|  |TAMS 0x0000000083000000, 0x0000000083000000| Untracked 
|  49|0x0000000083100000, 0x0000000083200000, 0x0000000083200000|100%| O|  |TAMS 0x0000000083100000, 0x0000000083100000| Untracked 
|  50|0x0000000083200000, 0x0000000083300000, 0x0000000083300000|100%| O|  |TAMS 0x0000000083200000, 0x0000000083200000| Untracked 
|  51|0x0000000083300000, 0x0000000083400000, 0x0000000083400000|100%| O|  |TAMS 0x0000000083300000, 0x0000000083300000| Untracked 
|  52|0x0000000083400000, 0x0000000083500000, 0x0000000083500000|100%| O|  |TAMS 0x0000000083400000, 0x0000000083400000| Untracked 
|  53|0x0000000083500000, 0x0000000083600000, 0x0000000083600000|100%| O|  |TAMS 0x0000000083500000, 0x0000000083500000| Untracked 
|  54|0x0000000083600000, 0x0000000083700000, 0x0000000083700000|100%| O|  |TAMS 0x0000000083600000, 0x0000000083600000| Untracked 
|  55|0x0000000083700000, 0x00000000837abe00, 0x0000000083800000| 67%| O|  |TAMS 0x0000000083700000, 0x0000000083700000| Untracked 
|  56|0x0000000083800000, 0x0000000083800000, 0x0000000083900000|  0%| F|  |TAMS 0x0000000083800000, 0x0000000083800000| Untracked 
|  57|0x0000000083900000, 0x0000000083900000, 0x0000000083a00000|  0%| F|  |TAMS 0x0000000083900000, 0x0000000083900000| Untracked 
|  58|0x0000000083a00000, 0x0000000083a00000, 0x0000000083b00000|  0%| F|  |TAMS 0x0000000083a00000, 0x0000000083a00000| Untracked 
|  59|0x0000000083b00000, 0x0000000083b00000, 0x0000000083c00000|  0%| F|  |TAMS 0x0000000083b00000, 0x0000000083b00000| Untracked 
|  60|0x0000000083c00000, 0x0000000083c00000, 0x0000000083d00000|  0%| F|  |TAMS 0x0000000083c00000, 0x0000000083c00000| Untracked 
|  61|0x0000000083d00000, 0x0000000083d00000, 0x0000000083e00000|  0%| F|  |TAMS 0x0000000083d00000, 0x0000000083d00000| Untracked 
|  62|0x0000000083e00000, 0x0000000083e00000, 0x0000000083f00000|  0%| F|  |TAMS 0x0000000083e00000, 0x0000000083e00000| Untracked 
|  63|0x0000000083f00000, 0x0000000083f00000, 0x0000000084000000|  0%| F|  |TAMS 0x0000000083f00000, 0x0000000083f00000| Untracked 
|  64|0x0000000084000000, 0x0000000084000000, 0x0000000084100000|  0%| F|  |TAMS 0x0000000084000000, 0x0000000084000000| Untracked 
|  65|0x0000000084100000, 0x0000000084100000, 0x0000000084200000|  0%| F|  |TAMS 0x0000000084100000, 0x0000000084100000| Untracked 
|  66|0x0000000084200000, 0x0000000084200000, 0x0000000084300000|  0%| F|  |TAMS 0x0000000084200000, 0x0000000084200000| Untracked 
|  67|0x0000000084300000, 0x0000000084300000, 0x0000000084400000|  0%| F|  |TAMS 0x0000000084300000, 0x0000000084300000| Untracked 
|  68|0x0000000084400000, 0x0000000084400000, 0x0000000084500000|  0%| F|  |TAMS 0x0000000084400000, 0x0000000084400000| Untracked 
|  69|0x0000000084500000, 0x0000000084500000, 0x0000000084600000|  0%| F|  |TAMS 0x0000000084500000, 0x0000000084500000| Untracked 
|  70|0x0000000084600000, 0x0000000084600000, 0x0000000084700000|  0%| F|  |TAMS 0x0000000084600000, 0x0000000084600000| Untracked 
|  71|0x0000000084700000, 0x0000000084700000, 0x0000000084800000|  0%| F|  |TAMS 0x0000000084700000, 0x0000000084700000| Untracked 
|  72|0x0000000084800000, 0x0000000084800000, 0x0000000084900000|  0%| F|  |TAMS 0x0000000084800000, 0x0000000084800000| Untracked 
|  73|0x0000000084900000, 0x0000000084900000, 0x0000000084a00000|  0%| F|  |TAMS 0x0000000084900000, 0x0000000084900000| Untracked 
|  74|0x0000000084a00000, 0x0000000084a00000, 0x0000000084b00000|  0%| F|  |TAMS 0x0000000084a00000, 0x0000000084a00000| Untracked 
|  75|0x0000000084b00000, 0x0000000084b00000, 0x0000000084c00000|  0%| F|  |TAMS 0x0000000084b00000, 0x0000000084b00000| Untracked 
|  76|0x0000000084c00000, 0x0000000084c00000, 0x0000000084d00000|  0%| F|  |TAMS 0x0000000084c00000, 0x0000000084c00000| Untracked 
|  77|0x0000000084d00000, 0x0000000084d00000, 0x0000000084e00000|  0%| F|  |TAMS 0x0000000084d00000, 0x0000000084d00000| Untracked 
|  78|0x0000000084e00000, 0x0000000084e00000, 0x0000000084f00000|  0%| F|  |TAMS 0x0000000084e00000, 0x0000000084e00000| Untracked 
|  79|0x0000000084f00000, 0x0000000084f00000, 0x0000000085000000|  0%| F|  |TAMS 0x0000000084f00000, 0x0000000084f00000| Untracked 
|  80|0x0000000085000000, 0x0000000085000000, 0x0000000085100000|  0%| F|  |TAMS 0x0000000085000000, 0x0000000085000000| Untracked 
|  81|0x0000000085100000, 0x0000000085100000, 0x0000000085200000|  0%| F|  |TAMS 0x0000000085100000, 0x0000000085100000| Untracked 
|  82|0x0000000085200000, 0x0000000085200000, 0x0000000085300000|  0%| F|  |TAMS 0x0000000085200000, 0x0000000085200000| Untracked 
|  83|0x0000000085300000, 0x0000000085300000, 0x0000000085400000|  0%| F|  |TAMS 0x0000000085300000, 0x0000000085300000| Untracked 
|  84|0x0000000085400000, 0x0000000085400000, 0x0000000085500000|  0%| F|  |TAMS 0x0000000085400000, 0x0000000085400000| Untracked 
|  85|0x0000000085500000, 0x0000000085500000, 0x0000000085600000|  0%| F|  |TAMS 0x0000000085500000, 0x0000000085500000| Untracked 
|  86|0x0000000085600000, 0x0000000085600000, 0x0000000085700000|  0%| F|  |TAMS 0x0000000085600000, 0x0000000085600000| Untracked 
|  87|0x0000000085700000, 0x0000000085700000, 0x0000000085800000|  0%| F|  |TAMS 0x0000000085700000, 0x0000000085700000| Untracked 
|  88|0x0000000085800000, 0x0000000085800000, 0x0000000085900000|  0%| F|  |TAMS 0x0000000085800000, 0x0000000085800000| Untracked 
|  89|0x0000000085900000, 0x0000000085900000, 0x0000000085a00000|  0%| F|  |TAMS 0x0000000085900000, 0x0000000085900000| Untracked 
|  90|0x0000000085a00000, 0x0000000085a00000, 0x0000000085b00000|  0%| F|  |TAMS 0x0000000085a00000, 0x0000000085a00000| Untracked 
|  91|0x0000000085b00000, 0x0000000085b00000, 0x0000000085c00000|  0%| F|  |TAMS 0x0000000085b00000, 0x0000000085b00000| Untracked 
|  92|0x0000000085c00000, 0x0000000085c00000, 0x0000000085d00000|  0%| F|  |TAMS 0x0000000085c00000, 0x0000000085c00000| Untracked 
|  93|0x0000000085d00000, 0x0000000085d00000, 0x0000000085e00000|  0%| F|  |TAMS 0x0000000085d00000, 0x0000000085d00000| Untracked 
|  94|0x0000000085e00000, 0x0000000085e00000, 0x0000000085f00000|  0%| F|  |TAMS 0x0000000085e00000, 0x0000000085e00000| Untracked 
|  95|0x0000000085f00000, 0x0000000085f00000, 0x0000000086000000|  0%| F|  |TAMS 0x0000000085f00000, 0x0000000085f00000| Untracked 
|  96|0x0000000086000000, 0x0000000086000000, 0x0000000086100000|  0%| F|  |TAMS 0x0000000086000000, 0x0000000086000000| Untracked 
|  97|0x0000000086100000, 0x0000000086100000, 0x0000000086200000|  0%| F|  |TAMS 0x0000000086100000, 0x0000000086100000| Untracked 
|  98|0x0000000086200000, 0x0000000086200000, 0x0000000086300000|  0%| F|  |TAMS 0x0000000086200000, 0x0000000086200000| Untracked 
|  99|0x0000000086300000, 0x0000000086300000, 0x0000000086400000|  0%| F|  |TAMS 0x0000000086300000, 0x0000000086300000| Untracked 
| 100|0x0000000086400000, 0x0000000086400000, 0x0000000086500000|  0%| F|  |TAMS 0x0000000086400000, 0x0000000086400000| Untracked 
| 101|0x0000000086500000, 0x0000000086500000, 0x0000000086600000|  0%| F|  |TAMS 0x0000000086500000, 0x0000000086500000| Untracked 
| 102|0x0000000086600000, 0x0000000086600000, 0x0000000086700000|  0%| F|  |TAMS 0x0000000086600000, 0x0000000086600000| Untracked 
| 103|0x0000000086700000, 0x00000000867e5b20, 0x0000000086800000| 89%| E|  |TAMS 0x0000000086700000, 0x0000000086700000| Complete 
| 104|0x0000000086800000, 0x0000000086900000, 0x0000000086900000|100%| E|CS|TAMS 0x0000000086800000, 0x0000000086800000| Complete 
| 105|0x0000000086900000, 0x0000000086a00000, 0x0000000086a00000|100%| E|  |TAMS 0x0000000086900000, 0x0000000086900000| Complete 
| 106|0x0000000086a00000, 0x0000000086b00000, 0x0000000086b00000|100%| E|CS|TAMS 0x0000000086a00000, 0x0000000086a00000| Complete 
| 107|0x0000000086b00000, 0x0000000086c00000, 0x0000000086c00000|100%| E|CS|TAMS 0x0000000086b00000, 0x0000000086b00000| Complete 
| 108|0x0000000086c00000, 0x0000000086d00000, 0x0000000086d00000|100%| E|CS|TAMS 0x0000000086c00000, 0x0000000086c00000| Complete 
| 109|0x0000000086d00000, 0x0000000086e00000, 0x0000000086e00000|100%| E|CS|TAMS 0x0000000086d00000, 0x0000000086d00000| Complete 
| 110|0x0000000086e00000, 0x0000000086f00000, 0x0000000086f00000|100%| E|CS|TAMS 0x0000000086e00000, 0x0000000086e00000| Complete 
| 111|0x0000000086f00000, 0x0000000087000000, 0x0000000087000000|100%| E|CS|TAMS 0x0000000086f00000, 0x0000000086f00000| Complete 
| 112|0x0000000087000000, 0x0000000087100000, 0x0000000087100000|100%| E|CS|TAMS 0x0000000087000000, 0x0000000087000000| Complete 
| 113|0x0000000087100000, 0x0000000087200000, 0x0000000087200000|100%| E|CS|TAMS 0x0000000087100000, 0x0000000087100000| Complete 
| 114|0x0000000087200000, 0x0000000087300000, 0x0000000087300000|100%| E|CS|TAMS 0x0000000087200000, 0x0000000087200000| Complete 
| 115|0x0000000087300000, 0x0000000087400000, 0x0000000087400000|100%| E|CS|TAMS 0x0000000087300000, 0x0000000087300000| Complete 
| 116|0x0000000087400000, 0x0000000087500000, 0x0000000087500000|100%| E|CS|TAMS 0x0000000087400000, 0x0000000087400000| Complete 
| 117|0x0000000087500000, 0x0000000087600000, 0x0000000087600000|100%| E|CS|TAMS 0x0000000087500000, 0x0000000087500000| Complete 
| 118|0x0000000087600000, 0x0000000087700000, 0x0000000087700000|100%| E|CS|TAMS 0x0000000087600000, 0x0000000087600000| Complete 
| 119|0x0000000087700000, 0x0000000087800000, 0x0000000087800000|100%| E|CS|TAMS 0x0000000087700000, 0x0000000087700000| Complete 
| 120|0x0000000087800000, 0x0000000087900000, 0x0000000087900000|100%| E|CS|TAMS 0x0000000087800000, 0x0000000087800000| Complete 
| 121|0x0000000087900000, 0x0000000087a00000, 0x0000000087a00000|100%| E|CS|TAMS 0x0000000087900000, 0x0000000087900000| Complete 
| 122|0x0000000087a00000, 0x0000000087b00000, 0x0000000087b00000|100%| E|CS|TAMS 0x0000000087a00000, 0x0000000087a00000| Complete 
| 123|0x0000000087b00000, 0x0000000087c00000, 0x0000000087c00000|100%| E|CS|TAMS 0x0000000087b00000, 0x0000000087b00000| Complete 
| 124|0x0000000087c00000, 0x0000000087d00000, 0x0000000087d00000|100%| E|CS|TAMS 0x0000000087c00000, 0x0000000087c00000| Complete 
| 125|0x0000000087d00000, 0x0000000087e00000, 0x0000000087e00000|100%| E|CS|TAMS 0x0000000087d00000, 0x0000000087d00000| Complete 
| 126|0x0000000087e00000, 0x0000000087f00000, 0x0000000087f00000|100%| E|CS|TAMS 0x0000000087e00000, 0x0000000087e00000| Complete 
| 127|0x0000000087f00000, 0x0000000088000000, 0x0000000088000000|100%| E|CS|TAMS 0x0000000087f00000, 0x0000000087f00000| Complete 
| 128|0x0000000088000000, 0x0000000088100000, 0x0000000088100000|100%| E|CS|TAMS 0x0000000088000000, 0x0000000088000000| Complete 
| 129|0x0000000088100000, 0x0000000088200000, 0x0000000088200000|100%| E|CS|TAMS 0x0000000088100000, 0x0000000088100000| Complete 
| 130|0x0000000088200000, 0x0000000088300000, 0x0000000088300000|100%| E|CS|TAMS 0x0000000088200000, 0x0000000088200000| Complete 
| 131|0x0000000088300000, 0x0000000088400000, 0x0000000088400000|100%| E|CS|TAMS 0x0000000088300000, 0x0000000088300000| Complete 
| 132|0x0000000088400000, 0x0000000088500000, 0x0000000088500000|100%| E|CS|TAMS 0x0000000088400000, 0x0000000088400000| Complete 
| 133|0x0000000088500000, 0x0000000088600000, 0x0000000088600000|100%| E|CS|TAMS 0x0000000088500000, 0x0000000088500000| Complete 
| 134|0x0000000088600000, 0x0000000088700000, 0x0000000088700000|100%| E|CS|TAMS 0x0000000088600000, 0x0000000088600000| Complete 
| 135|0x0000000088700000, 0x0000000088800000, 0x0000000088800000|100%| E|CS|TAMS 0x0000000088700000, 0x0000000088700000| Complete 
| 136|0x0000000088800000, 0x0000000088900000, 0x0000000088900000|100%| E|CS|TAMS 0x0000000088800000, 0x0000000088800000| Complete 
| 137|0x0000000088900000, 0x0000000088a00000, 0x0000000088a00000|100%| E|CS|TAMS 0x0000000088900000, 0x0000000088900000| Complete 
| 138|0x0000000088a00000, 0x0000000088b00000, 0x0000000088b00000|100%| E|CS|TAMS 0x0000000088a00000, 0x0000000088a00000| Complete 
| 139|0x0000000088b00000, 0x0000000088c00000, 0x0000000088c00000|100%| E|CS|TAMS 0x0000000088b00000, 0x0000000088b00000| Complete 
| 140|0x0000000088c00000, 0x0000000088d00000, 0x0000000088d00000|100%| E|CS|TAMS 0x0000000088c00000, 0x0000000088c00000| Complete 
| 141|0x0000000088d00000, 0x0000000088e00000, 0x0000000088e00000|100%| E|CS|TAMS 0x0000000088d00000, 0x0000000088d00000| Complete 
| 142|0x0000000088e00000, 0x0000000088f00000, 0x0000000088f00000|100%| E|CS|TAMS 0x0000000088e00000, 0x0000000088e00000| Complete 
| 143|0x0000000088f00000, 0x0000000089000000, 0x0000000089000000|100%| E|CS|TAMS 0x0000000088f00000, 0x0000000088f00000| Complete 
| 144|0x0000000089000000, 0x0000000089100000, 0x0000000089100000|100%| E|CS|TAMS 0x0000000089000000, 0x0000000089000000| Complete 
| 145|0x0000000089100000, 0x0000000089200000, 0x0000000089200000|100%| E|CS|TAMS 0x0000000089100000, 0x0000000089100000| Complete 
| 146|0x0000000089200000, 0x0000000089300000, 0x0000000089300000|100%| E|CS|TAMS 0x0000000089200000, 0x0000000089200000| Complete 
| 147|0x0000000089300000, 0x0000000089400000, 0x0000000089400000|100%| E|CS|TAMS 0x0000000089300000, 0x0000000089300000| Complete 
| 148|0x0000000089400000, 0x0000000089500000, 0x0000000089500000|100%| E|CS|TAMS 0x0000000089400000, 0x0000000089400000| Complete 
| 149|0x0000000089500000, 0x0000000089600000, 0x0000000089600000|100%| E|CS|TAMS 0x0000000089500000, 0x0000000089500000| Complete 
| 150|0x0000000089600000, 0x0000000089700000, 0x0000000089700000|100%| E|CS|TAMS 0x0000000089600000, 0x0000000089600000| Complete 
| 151|0x0000000089700000, 0x0000000089800000, 0x0000000089800000|100%| E|CS|TAMS 0x0000000089700000, 0x0000000089700000| Complete 
| 152|0x0000000089800000, 0x0000000089900000, 0x0000000089900000|100%| E|CS|TAMS 0x0000000089800000, 0x0000000089800000| Complete 
| 153|0x0000000089900000, 0x0000000089a00000, 0x0000000089a00000|100%| E|CS|TAMS 0x0000000089900000, 0x0000000089900000| Complete 
| 154|0x0000000089a00000, 0x0000000089ab4540, 0x0000000089b00000| 70%| S|CS|TAMS 0x0000000089a00000, 0x0000000089a00000| Complete 
| 155|0x0000000089b00000, 0x0000000089c00000, 0x0000000089c00000|100%| S|CS|TAMS 0x0000000089b00000, 0x0000000089b00000| Complete 
| 156|0x0000000089c00000, 0x0000000089d00000, 0x0000000089d00000|100%| E|CS|TAMS 0x0000000089c00000, 0x0000000089c00000| Complete 

Card table byte_map: [0x0000020e1f5b0000,0x0000020e1f9b0000] _byte_map_base: 0x0000020e1f1b0000

Marking Bits (Prev, Next): (CMBitMap*) 0x0000020e05e3fb30, (CMBitMap*) 0x0000020e05e3faf0
 Prev Bits: [0x0000020e21db0000, 0x0000020e23db0000)
 Next Bits: [0x0000020e1fdb0000, 0x0000020e21db0000)

Polling page: 0x0000020e05ea0000

Metaspace:

Usage:
  Non-class:     56.13 MB used.
      Class:      8.93 MB used.
       Both:     65.06 MB used.

Virtual space:
  Non-class space:       64.00 MB reserved,      57.06 MB ( 89%) committed,  1 nodes.
      Class space:      412.00 MB reserved,       9.94 MB (  2%) committed,  1 nodes.
             Both:      476.00 MB reserved,      67.00 MB ( 14%) committed. 

Chunk freelists:
   Non-Class:  2.80 MB
       Class:  2.06 MB
        Both:  4.86 MB

MaxMetaspaceSize: 512.00 MB
CompressedClassSpaceSize: 412.00 MB
Initial GC threshold: 21.00 MB
Current GC threshold: 97.94 MB
CDS: on
MetaspaceReclaimPolicy: balanced
 - commit_granule_bytes: 65536.
 - commit_granule_words: 8192.
 - virtual_space_node_default_size: 8388608.
 - enlarge_chunks_in_place: 1.
 - new_chunks_are_fully_committed: 0.
 - uncommit_free_chunks: 1.
 - use_allocation_guard: 0.


Internal statistics:

num_allocs_failed_limit: 9.
num_arena_births: 3382.
num_arena_deaths: 0.
num_vsnodes_births: 2.
num_vsnodes_deaths: 0.
num_space_committed: 1072.
num_space_uncommitted: 0.
num_chunks_returned_to_freelist: 9.
num_chunks_taken_from_freelist: 6632.
num_chunk_merges: 6.
num_chunk_splits: 4243.
num_chunks_enlarged: 2504.
num_inconsistent_stats: 0.

CodeHeap 'non-profiled nmethods': size=120000Kb used=4135Kb max_used=4135Kb free=115864Kb
 bounds [0x0000020e16fe0000, 0x0000020e173f0000, 0x0000020e1e510000]
CodeHeap 'profiled nmethods': size=120000Kb used=16291Kb max_used=16291Kb free=103708Kb
 bounds [0x0000020e0f510000, 0x0000020e10500000, 0x0000020e16a40000]
CodeHeap 'non-nmethods': size=5760Kb used=2467Kb max_used=2496Kb free=3292Kb
 bounds [0x0000020e16a40000, 0x0000020e16cc0000, 0x0000020e16fe0000]
 total_blobs=9206 nmethods=8295 adapters=819
 compilation: enabled
              stopped_count=0, restarted_count=0
 full_count=0

Compilation events (20 events):
Event: 21.423 Thread 0x0000020e26aa7f40 9112       3       org.gradle.internal.vfs.impl.DefaultFileSystemAccess$$Lambda$423/0x00000008014e5788::get (12 bytes)
Event: 21.423 Thread 0x0000020e26aa7f40 nmethod 9112 0x0000020e104e2410 code [0x0000020e104e25c0, 0x0000020e104e2788]
Event: 21.447 Thread 0x0000020e26aa7f40 9114       3       java.io.BufferedInputStream::<init> (9 bytes)
Event: 21.447 Thread 0x0000020e26aa7f40 nmethod 9114 0x0000020e104e2890 code [0x0000020e104e2a40, 0x0000020e104e2b88]
Event: 21.447 Thread 0x0000020e26aa7f40 9115   !   3       org.gradle.internal.snapshot.FileSystemLeafSnapshot::accept (36 bytes)
Event: 21.448 Thread 0x0000020e26aa7f40 nmethod 9115 0x0000020e104e2c10 code [0x0000020e104e2e40, 0x0000020e104e3848]
Event: 21.449 Thread 0x0000020e26aa7f40 9116       3       org.gradle.internal.serialize.kryo.KryoBackedEncoder::writeBytes (11 bytes)
Event: 21.449 Thread 0x0000020e26aa7f40 nmethod 9116 0x0000020e104e3b10 code [0x0000020e104e3cc0, 0x0000020e104e3e08]
Event: 21.449 Thread 0x0000020e26aa7f40 9117       3       com.esotericsoftware.kryo.io.Output::writeBytes (90 bytes)
Event: 21.450 Thread 0x0000020e26aa7f40 nmethod 9117 0x0000020e104e3f10 code [0x0000020e104e4100, 0x0000020e104e46a8]
Event: 21.450 Thread 0x0000020e26aa7f40 9118       3       org.gradle.internal.fingerprint.impl.IgnoredPathFileSystemLocationFingerprint::<init> (15 bytes)
Event: 21.450 Thread 0x0000020e26aa7f40 nmethod 9118 0x0000020e104e4890 code [0x0000020e104e4a40, 0x0000020e104e4c58]
Event: 21.450 Thread 0x0000020e26aa7f40 9119       3       java.lang.invoke.DirectMethodHandle$Holder::invokeStatic (21 bytes)
Event: 21.451 Thread 0x0000020e26aa7f40 nmethod 9119 0x0000020e104e4d10 code [0x0000020e104e4ee0, 0x0000020e104e5378]
Event: 21.451 Thread 0x0000020e26aa7f40 9120       3       java.lang.StringConcatHelper::prepend (22 bytes)
Event: 21.451 Thread 0x0000020e26aa7f40 nmethod 9120 0x0000020e104e5490 code [0x0000020e104e5640, 0x0000020e104e57d8]
Event: 21.451 Thread 0x0000020e26aa7f40 9121       3       org.gradle.internal.fingerprint.impl.IgnoredPathFileSystemLocationFingerprint::create (64 bytes)
Event: 21.451 Thread 0x0000020e26aa7f40 nmethod 9121 0x0000020e104e5890 code [0x0000020e104e5a80, 0x0000020e104e5f48]
Event: 21.456 Thread 0x0000020e26aa7f40 9123       3       org.gradle.internal.fingerprint.impl.IgnoredPathFileSystemLocationFingerprint::appendToHasher (11 bytes)
Event: 21.457 Thread 0x0000020e26aa7f40 nmethod 9123 0x0000020e104e6110 code [0x0000020e104e6320, 0x0000020e104e68d8]

GC Heap History (20 events):
Event: 5.093 GC heap before
{Heap before GC invocations=6 (full 0):
 garbage-first heap   total 81920K, used 26755K [0x0000000080000000, 0x0000000100000000)
  region size 1024K, 6 young (6144K), 5 survivors (5120K)
 Metaspace       used 28135K, committed 29248K, reserved 487424K
  class space    used 4006K, committed 4544K, reserved 421888K
}
Event: 5.097 GC heap after
{Heap after GC invocations=7 (full 0):
 garbage-first heap   total 81920K, used 26268K [0x0000000080000000, 0x0000000100000000)
  region size 1024K, 1 young (1024K), 1 survivors (1024K)
 Metaspace       used 28135K, committed 29248K, reserved 487424K
  class space    used 4006K, committed 4544K, reserved 421888K
}
Event: 6.548 GC heap before
{Heap before GC invocations=7 (full 0):
 garbage-first heap   total 81920K, used 60060K [0x0000000080000000, 0x0000000100000000)
  region size 1024K, 35 young (35840K), 1 survivors (1024K)
 Metaspace       used 32694K, committed 33856K, reserved 487424K
  class space    used 4554K, committed 5184K, reserved 421888K
}
Event: 6.552 GC heap after
{Heap after GC invocations=8 (full 0):
 garbage-first heap   total 81920K, used 28939K [0x0000000080000000, 0x0000000100000000)
  region size 1024K, 4 young (4096K), 4 survivors (4096K)
 Metaspace       used 32694K, committed 33856K, reserved 487424K
  class space    used 4554K, committed 5184K, reserved 421888K
}
Event: 11.882 GC heap before
{Heap before GC invocations=8 (full 0):
 garbage-first heap   total 81920K, used 53515K [0x0000000080000000, 0x0000000100000000)
  region size 1024K, 27 young (27648K), 4 survivors (4096K)
 Metaspace       used 34747K, committed 35968K, reserved 487424K
  class space    used 4744K, committed 5376K, reserved 421888K
}
Event: 11.886 GC heap after
{Heap after GC invocations=9 (full 0):
 garbage-first heap   total 81920K, used 30651K [0x0000000080000000, 0x0000000100000000)
  region size 1024K, 3 young (3072K), 3 survivors (3072K)
 Metaspace       used 34747K, committed 35968K, reserved 487424K
  class space    used 4744K, committed 5376K, reserved 421888K
}
Event: 14.399 GC heap before
{Heap before GC invocations=10 (full 0):
 garbage-first heap   total 81920K, used 62395K [0x0000000080000000, 0x0000000100000000)
  region size 1024K, 33 young (33792K), 3 survivors (3072K)
 Metaspace       used 37613K, committed 38848K, reserved 487424K
  class space    used 5073K, committed 5696K, reserved 421888K
}
Event: 14.403 GC heap after
{Heap after GC invocations=11 (full 0):
 garbage-first heap   total 81920K, used 33086K [0x0000000080000000, 0x0000000100000000)
  region size 1024K, 5 young (5120K), 5 survivors (5120K)
 Metaspace       used 37613K, committed 38848K, reserved 487424K
  class space    used 5073K, committed 5696K, reserved 421888K
}
Event: 14.420 GC heap before
{Heap before GC invocations=11 (full 0):
 garbage-first heap   total 81920K, used 34110K [0x0000000080000000, 0x0000000100000000)
  region size 1024K, 6 young (6144K), 5 survivors (5120K)
 Metaspace       used 37742K, committed 39040K, reserved 487424K
  class space    used 5099K, committed 5760K, reserved 421888K
}
Event: 14.424 GC heap after
{Heap after GC invocations=12 (full 0):
 garbage-first heap   total 81920K, used 33469K [0x0000000080000000, 0x0000000100000000)
  region size 1024K, 1 young (1024K), 1 survivors (1024K)
 Metaspace       used 37742K, committed 39040K, reserved 487424K
  class space    used 5099K, committed 5760K, reserved 421888K
}
Event: 15.007 GC heap before
{Heap before GC invocations=12 (full 0):
 garbage-first heap   total 81920K, used 62141K [0x0000000080000000, 0x0000000100000000)
  region size 1024K, 29 young (29696K), 1 survivors (1024K)
 Metaspace       used 40873K, committed 42304K, reserved 487424K
  class space    used 5626K, committed 6336K, reserved 421888K
}
Event: 15.010 GC heap after
{Heap after GC invocations=13 (full 0):
 garbage-first heap   total 160768K, used 35379K [0x0000000080000000, 0x0000000100000000)
  region size 1024K, 3 young (3072K), 3 survivors (3072K)
 Metaspace       used 40873K, committed 42304K, reserved 487424K
  class space    used 5626K, committed 6336K, reserved 421888K
}
Event: 17.100 GC heap before
{Heap before GC invocations=13 (full 0):
 garbage-first heap   total 160768K, used 122419K [0x0000000080000000, 0x0000000100000000)
  region size 1024K, 83 young (84992K), 3 survivors (3072K)
 Metaspace       used 50995K, committed 52736K, reserved 487424K
  class space    used 7037K, committed 8000K, reserved 421888K
}
Event: 17.108 GC heap after
{Heap after GC invocations=14 (full 0):
 garbage-first heap   total 160768K, used 46773K [0x0000000080000000, 0x0000000100000000)
  region size 1024K, 8 young (8192K), 8 survivors (8192K)
 Metaspace       used 50995K, committed 52736K, reserved 487424K
  class space    used 7037K, committed 8000K, reserved 421888K
}
Event: 18.656 GC heap before
{Heap before GC invocations=14 (full 0):
 garbage-first heap   total 160768K, used 106165K [0x0000000080000000, 0x0000000100000000)
  region size 1024K, 67 young (68608K), 8 survivors (8192K)
 Metaspace       used 58334K, committed 60096K, reserved 487424K
  class space    used 8002K, committed 8960K, reserved 421888K
}
Event: 18.665 GC heap after
{Heap after GC invocations=15 (full 0):
 garbage-first heap   total 160768K, used 51842K [0x0000000080000000, 0x0000000100000000)
  region size 1024K, 11 young (11264K), 11 survivors (11264K)
 Metaspace       used 58334K, committed 60096K, reserved 487424K
  class space    used 8002K, committed 8960K, reserved 421888K
}
Event: 20.251 GC heap before
{Heap before GC invocations=16 (full 0):
 garbage-first heap   total 160768K, used 123522K [0x0000000080000000, 0x0000000100000000)
  region size 1024K, 81 young (82944K), 11 survivors (11264K)
 Metaspace       used 63138K, committed 64960K, reserved 487424K
  class space    used 8688K, committed 9664K, reserved 421888K
}
Event: 20.262 GC heap after
{Heap after GC invocations=17 (full 0):
 garbage-first heap   total 160768K, used 56704K [0x0000000080000000, 0x0000000100000000)
  region size 1024K, 10 young (10240K), 10 survivors (10240K)
 Metaspace       used 63138K, committed 64960K, reserved 487424K
  class space    used 8688K, committed 9664K, reserved 421888K
}
Event: 20.280 GC heap before
{Heap before GC invocations=17 (full 0):
 garbage-first heap   total 160768K, used 57728K [0x0000000080000000, 0x0000000100000000)
  region size 1024K, 11 young (11264K), 10 survivors (10240K)
 Metaspace       used 63269K, committed 65088K, reserved 487424K
  class space    used 8710K, committed 9664K, reserved 421888K
}
Event: 20.289 GC heap after
{Heap after GC invocations=18 (full 0):
 garbage-first heap   total 160768K, used 57728K [0x0000000080000000, 0x0000000100000000)
  region size 1024K, 2 young (2048K), 2 survivors (2048K)
 Metaspace       used 63269K, committed 65088K, reserved 487424K
  class space    used 8710K, committed 9664K, reserved 421888K
}

Dll operation events (13 events):
Event: 0.006 Loaded shared library C:\Program Files\Java\jdk-19\bin\java.dll
Event: 0.012 Loaded shared library C:\Program Files\Java\jdk-19\bin\jsvml.dll
Event: 0.067 Loaded shared library C:\Program Files\Java\jdk-19\bin\net.dll
Event: 0.222 Loaded shared library C:\Program Files\Java\jdk-19\bin\nio.dll
Event: 0.224 Loaded shared library C:\Program Files\Java\jdk-19\bin\zip.dll
Event: 0.369 Loaded shared library C:\Program Files\Java\jdk-19\bin\jimage.dll
Event: 0.414 Loaded shared library C:\Program Files\Java\jdk-19\bin\verify.dll
Event: 0.548 Loaded shared library C:\Users\ADMIN\.gradle\native\68d5fa5c4cc2d200863cafc0d521ce42e7d3e7ee720ec0a83991735586a16f82\windows-amd64\native-platform.dll
Event: 0.557 Loaded shared library C:\Users\ADMIN\.gradle\native\e376f236ea51e6404a007f0833ffe2c6e607c4080706a723a18a27aeea778392\windows-amd64\native-platform-file-events.dll
Event: 1.403 Loaded shared library C:\Program Files\Java\jdk-19\bin\management.dll
Event: 1.405 Loaded shared library C:\Program Files\Java\jdk-19\bin\management_ext.dll
Event: 1.689 Loaded shared library C:\Program Files\Java\jdk-19\bin\extnet.dll
Event: 1.896 Loaded shared library C:\Program Files\Java\jdk-19\bin\sunmscapi.dll

Deoptimization events (20 events):
Event: 21.336 Thread 0x0000020e2f41e600 DEOPT UNPACKING pc=0x0000020e16aa6da3 sp=0x000000bfa38fe5a8 mode 2
Event: 21.336 Thread 0x0000020e2f4205e0 DEOPT PACKING pc=0x0000020e1711ad1c sp=0x000000bfa3afed10
Event: 21.336 Thread 0x0000020e2f4205e0 DEOPT UNPACKING pc=0x0000020e16aa6da3 sp=0x000000bfa3afecd0 mode 2
Event: 21.336 Thread 0x0000020e2f41d610 Uncommon trap: reason=unstable_if action=reinterpret pc=0x0000020e171041e0 method=java.util.concurrent.ConcurrentHashMap.get(Ljava/lang/Object;)Ljava/lang/Object; @ 86 c2
Event: 21.336 Thread 0x0000020e2f41b630 DEOPT PACKING pc=0x0000020e171041e0 sp=0x000000bfa3efea60
Event: 21.336 Thread 0x0000020e2f41b630 DEOPT UNPACKING pc=0x0000020e16aa6da3 sp=0x000000bfa3efe9c8 mode 2
Event: 21.336 Thread 0x0000020e2f41d610 DEOPT PACKING pc=0x0000020e171041e0 sp=0x000000bfa3bfefb0
Event: 21.336 Thread 0x0000020e2f41d610 DEOPT UNPACKING pc=0x0000020e16aa6da3 sp=0x000000bfa3bfef18 mode 2
Event: 21.337 Thread 0x0000020e2f4205e0 DEOPT PACKING pc=0x0000020e0f979a0e sp=0x000000bfa3afd410
Event: 21.337 Thread 0x0000020e2f4205e0 DEOPT UNPACKING pc=0x0000020e16aa7543 sp=0x000000bfa3afc990 mode 0
Event: 21.347 Thread 0x0000020e2d41bda0 DEOPT PACKING pc=0x0000020e0f979a0e sp=0x000000bfa5efd240
Event: 21.347 Thread 0x0000020e2d41bda0 DEOPT UNPACKING pc=0x0000020e16aa7543 sp=0x000000bfa5efc7c0 mode 0
Event: 21.357 Thread 0x0000020e2cd3e860 DEOPT PACKING pc=0x0000020e0f979a0e sp=0x000000bfa76fd750
Event: 21.357 Thread 0x0000020e2cd3e860 DEOPT UNPACKING pc=0x0000020e16aa7543 sp=0x000000bfa76fccd0 mode 0
Event: 21.367 Thread 0x0000020e2c0f2690 DEOPT PACKING pc=0x0000020e0f979a0e sp=0x000000bf9fcfd100
Event: 21.367 Thread 0x0000020e2c0f2690 DEOPT UNPACKING pc=0x0000020e16aa7543 sp=0x000000bf9fcfc680 mode 0
Event: 21.462 Thread 0x0000020e2cecb830 Uncommon trap: trap_request=0xffffffdc fr.pc=0x0000020e173df53c relative=0x000000000000029c
Event: 21.462 Thread 0x0000020e2cecb830 Uncommon trap: reason=class_check action=make_not_entrant pc=0x0000020e173df53c method=java.util.ArrayList.toArray([Ljava/lang/Object;)[Ljava/lang/Object; @ 21 c2
Event: 21.462 Thread 0x0000020e2cecb830 DEOPT PACKING pc=0x0000020e173df53c sp=0x000000bf9cdf9cc0
Event: 21.462 Thread 0x0000020e2cecb830 DEOPT UNPACKING pc=0x0000020e16aa6da3 sp=0x000000bf9cdf9c90 mode 2

Classes loaded (20 events):
Event: 18.784 Loading class jdk/internal/loader/URLClassPath$FileLoader
Event: 18.784 Loading class jdk/internal/loader/URLClassPath$FileLoader done
Event: 18.785 Loading class jdk/internal/loader/URLClassPath$FileLoader$1
Event: 18.785 Loading class jdk/internal/loader/URLClassPath$FileLoader$1 done
Event: 19.045 Loading class java/lang/AbstractMethodError
Event: 19.045 Loading class java/lang/AbstractMethodError done
Event: 19.055 Loading class java/time/temporal/WeekFields
Event: 19.056 Loading class java/time/temporal/WeekFields done
Event: 19.056 Loading class java/time/temporal/WeekFields$ComputedDayOfField
Event: 19.056 Loading class java/time/temporal/WeekFields$ComputedDayOfField done
Event: 19.057 Loading class java/time/Month$1
Event: 19.057 Loading class java/time/Month$1 done
Event: 19.058 Loading class sun/nio/ch/ChannelOutputStream
Event: 19.058 Loading class sun/nio/ch/ChannelOutputStream done
Event: 20.916 Loading class java/io/NotSerializableException
Event: 20.916 Loading class java/io/NotSerializableException done
Event: 21.274 Loading class sun/nio/fs/WindowsException
Event: 21.274 Loading class sun/nio/fs/WindowsException done
Event: 21.330 Loading class java/util/concurrent/ConcurrentLinkedQueue$Itr
Event: 21.330 Loading class java/util/concurrent/ConcurrentLinkedQueue$Itr done

Classes unloaded (0 events):
No events

Classes redefined (0 events):
No events

Internal exceptions (20 events):
Event: 19.463 Thread 0x0000020e2cecb830 Exception <a 'java/lang/ClassNotFoundException'{0x0000000087e79798}: org/gradle/api/internal/DefaultNamedDomainObjectCollectionBeanInfo> (0x0000000087e79798) 
thrown [s\open\src\hotspot\share\classfile\systemDictionary.cpp, line 255]
Event: 19.463 Thread 0x0000020e2cecb830 Exception <a 'java/lang/ClassNotFoundException'{0x0000000087e8ce70}: org/gradle/api/internal/DefaultDomainObjectCollectionBeanInfo> (0x0000000087e8ce70) 
thrown [s\open\src\hotspot\share\classfile\systemDictionary.cpp, line 255]
Event: 19.464 Thread 0x0000020e2cecb830 Exception <a 'java/lang/ClassNotFoundException'{0x0000000087ea03d0}: org/gradle/api/internal/DefaultDomainObjectCollectionCustomizer> (0x0000000087ea03d0) 
thrown [s\open\src\hotspot\share\classfile\systemDictionary.cpp, line 255]
Event: 19.466 Thread 0x0000020e2cecb830 Exception <a 'java/lang/ClassNotFoundException'{0x0000000087ed3bf0}: org/gradle/api/internal/DefaultNamedDomainObjectCollectionCustomizer> (0x0000000087ed3bf0) 
thrown [s\open\src\hotspot\share\classfile\systemDictionary.cpp, line 255]
Event: 19.467 Thread 0x0000020e2cecb830 Exception <a 'java/lang/ClassNotFoundException'{0x0000000087d0dfc0}: org/gradle/api/internal/DefaultNamedDomainObjectListCustomizer> (0x0000000087d0dfc0) 
thrown [s\open\src\hotspot\share\classfile\systemDictionary.cpp, line 255]
Event: 19.469 Thread 0x0000020e2cecb830 Exception <a 'java/lang/ClassNotFoundException'{0x0000000087d3d8d8}: org/gradle/api/internal/artifacts/DefaultArtifactRepositoryContainerCustomizer> (0x0000000087d3d8d8) 
thrown [s\open\src\hotspot\share\classfile\systemDictionary.cpp, line 255]
Event: 19.470 Thread 0x0000020e2cecb830 Exception <a 'java/lang/ClassNotFoundException'{0x0000000087d647f8}: org/gradle/api/internal/artifacts/dsl/DefaultRepositoryHandlerCustomizer> (0x0000000087d647f8) 
thrown [s\open\src\hotspot\share\classfile\systemDictionary.cpp, line 255]
Event: 19.471 Thread 0x0000020e2cecb830 Exception <a 'java/lang/ClassNotFoundException'{0x0000000087d99888}: org/gradle/api/internal/artifacts/dsl/DefaultRepositoryHandler_DecoratedCustomizer> (0x0000000087d99888) 
thrown [s\open\src\hotspot\share\classfile\systemDictionary.cpp, line 255]
Event: 19.478 Thread 0x0000020e2cecb830 Exception <a 'java/lang/ClassNotFoundException'{0x0000000087c2b4c8}: org/gradle/api/internal/artifacts/dsl/dependencies/DefaultDependencyHandler_DecoratedBeanInfo> (0x0000000087c2b4c8) 
thrown [s\open\src\hotspot\share\classfile\systemDictionary.cpp, line 255]
Event: 19.479 Thread 0x0000020e2cecb830 Exception <a 'java/lang/ClassNotFoundException'{0x0000000087c3ff30}: org/gradle/api/internal/artifacts/dsl/dependencies/DefaultDependencyHandlerBeanInfo> (0x0000000087c3ff30) 
thrown [s\open\src\hotspot\share\classfile\systemDictionary.cpp, line 255]
Event: 19.480 Thread 0x0000020e2cecb830 Exception <a 'java/lang/ClassNotFoundException'{0x0000000087c54958}: org/gradle/api/internal/artifacts/dsl/dependencies/DefaultDependencyHandlerCustomizer> (0x0000000087c54958) 
thrown [s\open\src\hotspot\share\classfile\systemDictionary.cpp, line 255]
Event: 19.482 Thread 0x0000020e2cecb830 Exception <a 'java/lang/ClassNotFoundException'{0x0000000087c90bf0}: org/gradle/api/internal/artifacts/dsl/dependencies/DefaultDependencyHandler_DecoratedCustomizer> (0x0000000087c90bf0) 
thrown [s\open\src\hotspot\share\classfile\systemDictionary.cpp, line 255]
Event: 20.296 Thread 0x0000020e2fa531b0 Exception <a 'java/lang/NoSuchMethodError'{0x0000000089c245a0}: 'java.lang.Object java.lang.invoke.DirectMethodHandle$Holder.newInvokeSpecial(java.lang.Object, java.lang.Object, java.lang.Object, java.lang.Object, int, java.lang.Object)'> (0x0000000089c245a0) 
thrown [s\open\src\hotspot\share\interpreter\linkResolver.cpp, line 774]
Event: 20.296 Thread 0x0000020e2fa531b0 Exception <a 'java/lang/NoSuchMethodError'{0x0000000089c28ef0}: 'java.lang.Object java.lang.invoke.Invokers$Holder.linkToTargetMethod(java.lang.Object, java.lang.Object, java.lang.Object, int, java.lang.Object, java.lang.Object)'> (0x0000000089c28ef0) 
thrown [s\open\src\hotspot\share\interpreter\linkResolver.cpp, line 774]
Event: 20.416 Thread 0x0000020e2fa51720 Exception <a 'java/lang/NoSuchMethodError'{0x0000000089748dc8}: 'int java.lang.invoke.DirectMethodHandle$Holder.invokeSpecial(java.lang.Object, java.lang.Object, java.lang.Object, java.lang.Object, java.lang.Object)'> (0x0000000089748dc8) 
thrown [s\open\src\hotspot\share\interpreter\linkResolver.cpp, line 774]
Event: 20.769 Thread 0x0000020e2fa51720 Exception <a 'java/lang/NoSuchMethodError'{0x0000000088b81a70}: method resolution failed> (0x0000000088b81a70) 
thrown [s\open\src\hotspot\share\prims\methodHandles.cpp, line 1268]
Event: 21.274 Thread 0x0000020e2fa51720 Exception <a 'sun/nio/fs/WindowsException'{0x00000000879cb1a0}> (0x00000000879cb1a0) 
thrown [s\open\src\hotspot\share\prims\jni.cpp, line 517]
Event: 21.277 Thread 0x0000020e2fa51720 Exception <a 'sun/nio/fs/WindowsException'{0x00000000879d9320}> (0x00000000879d9320) 
thrown [s\open\src\hotspot\share\prims\jni.cpp, line 517]
Event: 21.278 Thread 0x0000020e2fa51720 Exception <a 'sun/nio/fs/WindowsException'{0x00000000879de028}> (0x00000000879de028) 
thrown [s\open\src\hotspot\share\prims\jni.cpp, line 517]
Event: 21.278 Thread 0x0000020e2fa51720 Exception <a 'sun/nio/fs/WindowsException'{0x00000000879e04c8}> (0x00000000879e04c8) 
thrown [s\open\src\hotspot\share\prims\jni.cpp, line 517]

VM Operations (20 events):
Event: 20.120 Executing VM operation: ICBufferFull
Event: 20.121 Executing VM operation: ICBufferFull done
Event: 20.251 Executing VM operation: G1CollectForAllocation
Event: 20.263 Executing VM operation: G1CollectForAllocation done
Event: 20.280 Executing VM operation: G1CollectForAllocation
Event: 20.290 Executing VM operation: G1CollectForAllocation done
Event: 20.306 Executing VM operation: HandshakeAllThreads
Event: 20.306 Executing VM operation: HandshakeAllThreads done
Event: 20.414 Executing VM operation: HandshakeAllThreads
Event: 20.414 Executing VM operation: HandshakeAllThreads done
Event: 20.708 Executing VM operation: ICBufferFull
Event: 20.709 Executing VM operation: ICBufferFull done
Event: 21.143 Executing VM operation: HandshakeAllThreads
Event: 21.143 Executing VM operation: HandshakeAllThreads done
Event: 21.235 Executing VM operation: ICBufferFull
Event: 21.235 Executing VM operation: ICBufferFull done
Event: 21.268 Executing VM operation: HandshakeAllThreads
Event: 21.268 Executing VM operation: HandshakeAllThreads done
Event: 21.276 Executing VM operation: HandshakeAllThreads
Event: 21.276 Executing VM operation: HandshakeAllThreads done

Events (20 events):
Event: 21.349 Thread 0x0000020e2cd3c330 Thread added: 0x0000020e2cd3c330
Event: 21.349 Thread 0x0000020e2cd3d320 Thread added: 0x0000020e2cd3d320
Event: 21.350 Thread 0x0000020e2cd3c880 Thread added: 0x0000020e2cd3c880
Event: 21.350 Thread 0x0000020e2cd3f850 Thread added: 0x0000020e2cd3f850
Event: 21.350 Thread 0x0000020e2cd3cdd0 Thread added: 0x0000020e2cd3cdd0
Event: 21.351 Thread 0x0000020e2cd402f0 Thread added: 0x0000020e2cd402f0
Event: 21.351 Thread 0x0000020e2cd3ddc0 Thread added: 0x0000020e2cd3ddc0
Event: 21.351 Thread 0x0000020e2cd3d870 Thread added: 0x0000020e2cd3d870
Event: 21.351 Thread 0x0000020e2cd3f300 Thread added: 0x0000020e2cd3f300
Event: 21.351 Thread 0x0000020e2cd3b890 Thread added: 0x0000020e2cd3b890
Event: 21.352 Thread 0x0000020e2cd3e310 Thread added: 0x0000020e2cd3e310
Event: 21.353 Thread 0x0000020e2cd39360 Thread added: 0x0000020e2cd39360
Event: 21.353 Thread 0x0000020e2cd3bde0 Thread added: 0x0000020e2cd3bde0
Event: 21.353 Thread 0x0000020e2cd3a350 Thread added: 0x0000020e2cd3a350
Event: 21.354 Thread 0x0000020e2cd39e00 Thread added: 0x0000020e2cd39e00
Event: 21.354 Thread 0x0000020e2cd40840 Thread added: 0x0000020e2cd40840
Event: 21.354 Thread 0x0000020e2cd3a8a0 Thread added: 0x0000020e2cd3a8a0
Event: 21.356 Thread 0x0000020e2cd3e860 Thread added: 0x0000020e2cd3e860
Event: 21.356 Thread 0x0000020e2cd38e10 Thread added: 0x0000020e2cd38e10
Event: 21.356 Thread 0x0000020e2cd3fda0 Thread added: 0x0000020e2cd3fda0


Dynamic libraries:
0x00007ff6dfc60000 - 0x00007ff6dfc70000 	C:\Program Files\Java\jdk-19\bin\java.exe
0x00007ffe10990000 - 0x00007ffe10b88000 	C:\Windows\SYSTEM32\ntdll.dll
0x00007ffe0eee0000 - 0x00007ffe0ef9d000 	C:\Windows\System32\KERNEL32.DLL
0x00007ffe0e0d0000 - 0x00007ffe0e3a2000 	C:\Windows\System32\KERNELBASE.dll
0x00007ffe0e6c0000 - 0x00007ffe0e7c0000 	C:\Windows\System32\ucrtbase.dll
0x00007ffde9f00000 - 0x00007ffde9f1b000 	C:\Program Files\Java\jdk-19\bin\VCRUNTIME140.dll
0x00007ffdf11c0000 - 0x00007ffdf11d8000 	C:\Program Files\Java\jdk-19\bin\jli.dll
0x00007ffe0eab0000 - 0x00007ffe0eb5e000 	C:\Windows\System32\ADVAPI32.dll
0x00007ffe0ecd0000 - 0x00007ffe0ed6e000 	C:\Windows\System32\msvcrt.dll
0x00007ffe10560000 - 0x00007ffe105fc000 	C:\Windows\System32\sechost.dll
0x00007ffe0eb60000 - 0x00007ffe0ec85000 	C:\Windows\System32\RPCRT4.dll
0x00007ffe0fdc0000 - 0x00007ffe0ff5d000 	C:\Windows\System32\USER32.dll
0x00007ffe0e4c0000 - 0x00007ffe0e4e2000 	C:\Windows\System32\win32u.dll
0x00007ffdfc300000 - 0x00007ffdfc59a000 	C:\Windows\WinSxS\amd64_microsoft.windows.common-controls_6595b64144ccf1df_6.0.19041.1110_none_60b5254171f9507e\COMCTL32.dll
0x00007ffe0ee50000 - 0x00007ffe0ee7b000 	C:\Windows\System32\GDI32.dll
0x00007ffe0e3b0000 - 0x00007ffe0e4bf000 	C:\Windows\System32\gdi32full.dll
0x00007ffe0e8a0000 - 0x00007ffe0e93d000 	C:\Windows\System32\msvcp_win.dll
0x00007ffe0c7e0000 - 0x00007ffe0c7ea000 	C:\Windows\SYSTEM32\VERSION.dll
0x00007ffe0eca0000 - 0x00007ffe0ecd0000 	C:\Windows\System32\IMM32.DLL
0x00007ffdf1e20000 - 0x00007ffdf1e2c000 	C:\Program Files\Java\jdk-19\bin\vcruntime140_1.dll
0x00007ffdcb300000 - 0x00007ffdcb38e000 	C:\Program Files\Java\jdk-19\bin\msvcp140.dll
0x00007ffdca640000 - 0x00007ffdcb300000 	C:\Program Files\Java\jdk-19\bin\server\jvm.dll
0x00007ffde8890000 - 0x00007ffde8899000 	C:\Windows\SYSTEM32\WSOCK32.dll
0x00007ffe03640000 - 0x00007ffe03667000 	C:\Windows\SYSTEM32\WINMM.dll
0x00007ffe108e0000 - 0x00007ffe1094b000 	C:\Windows\System32\WS2_32.dll
0x00007ffe0c8f0000 - 0x00007ffe0c902000 	C:\Windows\SYSTEM32\kernel.appcore.dll
0x00007ffde8880000 - 0x00007ffde888a000 	C:\Program Files\Java\jdk-19\bin\jimage.dll
0x00007ffe03930000 - 0x00007ffe03b14000 	C:\Windows\SYSTEM32\DBGHELP.DLL
0x00007ffdfdaf0000 - 0x00007ffdfdb1c000 	C:\Windows\SYSTEM32\dbgcore.DLL
0x00007ffe0e7c0000 - 0x00007ffe0e842000 	C:\Windows\System32\bcryptPrimitives.dll
0x00007ffdd9470000 - 0x00007ffdd9496000 	C:\Program Files\Java\jdk-19\bin\java.dll
0x00007ffdca560000 - 0x00007ffdca637000 	C:\Program Files\Java\jdk-19\bin\jsvml.dll
0x00007ffe0f4c0000 - 0x00007ffe0fc03000 	C:\Windows\System32\SHELL32.dll
0x00007ffe0c040000 - 0x00007ffe0c7d1000 	C:\Windows\SYSTEM32\windows.storage.dll
0x00007ffe0f0d0000 - 0x00007ffe0f424000 	C:\Windows\System32\combase.dll
0x00007ffe0da90000 - 0x00007ffe0dac0000 	C:\Windows\SYSTEM32\Wldp.dll
0x00007ffe104b0000 - 0x00007ffe1055d000 	C:\Windows\System32\SHCORE.dll
0x00007ffe0ff60000 - 0x00007ffe0ffb5000 	C:\Windows\System32\shlwapi.dll
0x00007ffe0dfe0000 - 0x00007ffe0dfff000 	C:\Windows\SYSTEM32\profapi.dll
0x00007ffde7cc0000 - 0x00007ffde7cd3000 	C:\Program Files\Java\jdk-19\bin\net.dll
0x00007ffe04cb0000 - 0x00007ffe04dbd000 	C:\Windows\SYSTEM32\WINHTTP.dll
0x00007ffdf62b0000 - 0x00007ffdf62bb000 	C:\Program Files\Common Files\SocksEscort\escortdrv.dll
0x00007ffe0fc90000 - 0x00007ffe0fdba000 	C:\Windows\System32\ole32.dll
0x00007ffdf6210000 - 0x00007ffdf6242000 	C:\Program Files\Common Files\SocksEscort\escengine.dll
0x00007ffe0d780000 - 0x00007ffe0d7ea000 	C:\Windows\system32\mswsock.dll
0x00007ffdca540000 - 0x00007ffdca556000 	C:\Program Files\Java\jdk-19\bin\nio.dll
0x00007ffdca520000 - 0x00007ffdca538000 	C:\Program Files\Java\jdk-19\bin\zip.dll
0x00007ffe08450000 - 0x00007ffe08460000 	C:\Program Files\Java\jdk-19\bin\verify.dll
0x00007ffe08470000 - 0x00007ffe08497000 	C:\Users\ADMIN\.gradle\native\68d5fa5c4cc2d200863cafc0d521ce42e7d3e7ee720ec0a83991735586a16f82\windows-amd64\native-platform.dll
0x00007ffe06740000 - 0x00007ffe06884000 	C:\Users\ADMIN\.gradle\native\e376f236ea51e6404a007f0833ffe2c6e607c4080706a723a18a27aeea778392\windows-amd64\native-platform-file-events.dll
0x00007ffdc6040000 - 0x00007ffdc604a000 	C:\Program Files\Java\jdk-19\bin\management.dll
0x00007ffdc6030000 - 0x00007ffdc603b000 	C:\Program Files\Java\jdk-19\bin\management_ext.dll
0x00007ffe0efa0000 - 0x00007ffe0efa8000 	C:\Windows\System32\PSAPI.DLL
0x00007ffe0d970000 - 0x00007ffe0d988000 	C:\Windows\SYSTEM32\CRYPTSP.dll
0x00007ffe0d0a0000 - 0x00007ffe0d0d4000 	C:\Windows\system32\rsaenh.dll
0x0000020e2b010000 - 0x0000020e2b037000 	C:\Windows\System32\bcrypt.dll
0x00007ffe0dfa0000 - 0x00007ffe0dfce000 	C:\Windows\SYSTEM32\USERENV.dll
0x00007ffe0d990000 - 0x00007ffe0d99c000 	C:\Windows\SYSTEM32\CRYPTBASE.dll
0x00007ffe0d470000 - 0x00007ffe0d4ab000 	C:\Windows\SYSTEM32\IPHLPAPI.DLL
0x00007ffe0ec90000 - 0x00007ffe0ec98000 	C:\Windows\System32\NSI.dll
0x00007ffe06cd0000 - 0x00007ffe06ce7000 	C:\Windows\SYSTEM32\dhcpcsvc6.DLL
0x00007ffe07330000 - 0x00007ffe0734d000 	C:\Windows\SYSTEM32\dhcpcsvc.DLL
0x00007ffe0d4b0000 - 0x00007ffe0d57a000 	C:\Windows\SYSTEM32\DNSAPI.dll
0x00007ffdc5ff0000 - 0x00007ffdc5ff8000 	C:\Program Files\Java\jdk-19\bin\extnet.dll
0x00007ffdc6010000 - 0x00007ffdc601e000 	C:\Program Files\Java\jdk-19\bin\sunmscapi.dll
0x00007ffe0e4f0000 - 0x00007ffe0e646000 	C:\Windows\System32\CRYPT32.dll
0x00007ffe0db00000 - 0x00007ffe0db27000 	C:\Windows\SYSTEM32\ncrypt.dll
0x00007ffe0dac0000 - 0x00007ffe0dafb000 	C:\Windows\SYSTEM32\NTASN1.dll
0x00007ffdc6000000 - 0x00007ffdc6007000 	C:\Windows\system32\wshunix.dll

dbghelp: loaded successfully - version: 4.0.5 - missing functions: none
symbol engine: initialized successfully - sym options: 0x614 - pdb path: .;C:\Program Files\Java\jdk-19\bin;C:\Windows\SYSTEM32;C:\Windows\WinSxS\amd64_microsoft.windows.common-controls_6595b64144ccf1df_6.0.19041.1110_none_60b5254171f9507e;C:\Program Files\Java\jdk-19\bin\server;C:\Program Files\Common Files\SocksEscort;C:\Users\ADMIN\.gradle\native\68d5fa5c4cc2d200863cafc0d521ce42e7d3e7ee720ec0a83991735586a16f82\windows-amd64;C:\Users\ADMIN\.gradle\native\e376f236ea51e6404a007f0833ffe2c6e607c4080706a723a18a27aeea778392\windows-amd64

VM Arguments:
jvm_args: -XX:MaxMetaspaceSize=512m --add-opens=java.base/java.util=ALL-UNNAMED --add-opens=java.base/java.lang=ALL-UNNAMED --add-opens=java.base/java.lang.invoke=ALL-UNNAMED --add-opens=java.prefs/java.util.prefs=ALL-UNNAMED --add-opens=java.base/java.nio.charset=ALL-UNNAMED --add-opens=java.base/java.net=ALL-UNNAMED --add-opens=java.base/java.util.concurrent.atomic=ALL-UNNAMED -Xmx2048m -Dfile.encoding=UTF-8 -Duser.country=US -Duser.language=en -Duser.variant 
java_command: org.gradle.launcher.daemon.bootstrap.GradleDaemon 8.0.1
java_class_path (initial): C:\Users\ADMIN\.gradle\wrapper\dists\gradle-8.0.1-all\aro4hu1c3oeioove7l0i4i14o\gradle-8.0.1\lib\gradle-launcher-8.0.1.jar
Launcher Type: SUN_STANDARD

[Global flags]
     intx CICompilerCount                          = 4                                         {product} {ergonomic}
   size_t CompressedClassSpaceSize                 = 432013312                                 {product} {ergonomic}
     uint ConcGCThreads                            = 3                                         {product} {ergonomic}
     uint G1ConcRefinementThreads                  = 10                                        {product} {ergonomic}
   size_t G1HeapRegionSize                         = 1048576                                   {product} {ergonomic}
    uintx GCDrainStackTargetSize                   = 64                                        {product} {ergonomic}
   size_t InitialHeapSize                          = 125829120                                 {product} {ergonomic}
   size_t MarkStackSize                            = 4194304                                   {product} {ergonomic}
   size_t MaxHeapSize                              = 2147483648                                {product} {command line}
   size_t MaxMetaspaceSize                         = 536870912                                 {product} {command line}
   size_t MaxNewSize                               = 1287651328                                {product} {ergonomic}
   size_t MinHeapDeltaBytes                        = 1048576                                   {product} {ergonomic}
   size_t MinHeapSize                              = 8388608                                   {product} {ergonomic}
    uintx NonNMethodCodeHeapSize                   = 5839372                                {pd product} {ergonomic}
    uintx NonProfiledCodeHeapSize                  = 122909434                              {pd product} {ergonomic}
    uintx ProfiledCodeHeapSize                     = 122909434                              {pd product} {ergonomic}
    uintx ReservedCodeCacheSize                    = 251658240                              {pd product} {ergonomic}
     bool SegmentedCodeCache                       = true                                      {product} {ergonomic}
   size_t SoftMaxHeapSize                          = 2147483648                             {manageable} {ergonomic}
     bool UseCompressedClassPointers               = true                           {product lp64_product} {ergonomic}
     bool UseCompressedOops                        = true                           {product lp64_product} {ergonomic}
     bool UseG1GC                                  = true                                      {product} {ergonomic}
     bool UseLargePagesIndividualAllocation        = false                                  {pd product} {ergonomic}

Logging:
Log output configuration:
 #0: stdout all=warning uptime,level,tags foldmultilines=false
 #1: stderr all=off uptime,level,tags foldmultilines=false

Environment Variables:
JAVA_HOME=C:\Program Files\Java\jdk-19
CLASSPATH=D:\study\da_nen_tang\facebook-app-clone\android\\gradle\wrapper\gradle-wrapper.jar
PATH=D:\study\da_nen_tang\facebook-app-clone\node_modules\.bin;D:\study\da_nen_tang\node_modules\.bin;D:\study\node_modules\.bin;D:\node_modules\.bin;C:\Users\ADMIN\AppData\Roaming\nvm\v16.15.0\node_modules\npm\node_modules\@npmcli\run-script\lib\node-gyp-bin;C:\Users\ADMIN\AppData\Local\Temp\yarn--1704339079709-0.23610577241095343;D:\study\da_nen_tang\facebook-app-clone\node_modules\.bin;C:\Users\ADMIN\AppData\Local\Yarn\Data\link\node_modules\.bin;C:\Users\ADMIN\AppData\Local\Yarn\bin;C:\Program Files\libexec\lib\node_modules\npm\bin\node-gyp-bin;C:\Program Files\lib\node_modules\npm\bin\node-gyp-bin;C:\Program Files\nodejs\node_modules\npm\bin\node-gyp-bin;C:\Program Files\Common Files\Oracle\Java\javapath;C:\Windows\system32;C:\Windows;C:\Windows\System32\Wbem;C:\Windows\System32\WindowsPowerShell\v1.0\;C:\Windows\System32\OpenSSH\;C:\Program Files\Java\jdk-19\bin;C:\Program Files\Git\cmd;C:\MinGW\bin;C:\Users\ADMIN\AppData\Roaming\nvm;C:\Program Files\nodejs;C:\Users\ADMIN\AppData\Local\Android\Sdk\platform-tools;C:\Program Files\MySQL\MySQL Shell 8.0\bin\;C:\Users\ADMIN\AppData\Local\Microsoft\WindowsApps;C:\Users\ADMIN\AppData\Local\Programs\Microsoft VS Code\bin;C:\Users\ADMIN\AppData\Local\Programs\Python\Python311;C:\Users\ADMIN\AppData\Local\Programs\Python\Python311\Scripts;C:\Users\ADMIN\AppData\Roaming\npm;C:\Users\ADMIN\AppData\Local\Programs\EmEditor;C:\Users\ADMIN\AppData\Roaming\nvm;C:\Program Files\nodejs;
USERNAME=ADMIN
LANG=en_US.UTF-8
OS=Windows_NT
PROCESSOR_IDENTIFIER=AMD64 Family 23 Model 96 Stepping 1, AuthenticAMD
TMP=C:\Users\ADMIN\AppData\Local\Temp
TEMP=C:\Users\ADMIN\AppData\Local\Temp



---------------  S Y S T E M  ---------------

OS:
 Windows 10 , 64 bit Build 19041 (10.0.19041.1889)
OS uptime: 0 days 0:22 hours

CPU: total 12 (initial active 12) (12 cores per cpu, 2 threads per core) family 23 model 96 stepping 1 microcode 0x0, cx8, cmov, fxsr, ht, mmx, 3dnowpref, sse, sse2, sse3, ssse3, sse4a, sse4.1, sse4.2, popcnt, lzcnt, tsc, tscinvbit, avx, avx2, aes, clmul, bmi1, bmi2, adx, sha, fma, vzeroupper, clflush, clflushopt, rdtscp, rdpid

Memory: 4k page, system-wide physical 7579M (533M free)
TotalPageFile size 11675M (AvailPageFile size 4M)
current process WorkingSet (physical memory assigned to process): 366M, peak: 369M
current process commit charge ("private bytes"): 418M, peak: 419M

vm_info: Java HotSpot(TM) 64-Bit Server VM (19.0.1+10-21) for windows-amd64 JRE (19.0.1+10-21), built on 2022-09-14T12:45:06Z by "mach5one" with MS VC++ 17.1 (VS2022)

END.
