#
# There is insufficient memory for the Java Runtime Environment to continue.
# Native memory allocation (malloc) failed to allocate 32744 bytes for Chunk::new
# Possible reasons:
#   The system is out of physical RAM or swap space
#   The process is running with CompressedOops enabled, and the Java Heap may be blocking the growth of the native heap
# Possible solutions:
#   Reduce memory load on the system
#   Increase physical memory or swap space
#   Check if swap backing store is full
#   Decrease Java heap size (-Xmx/-Xms)
#   Decrease number of Java threads
#   Decrease Java thread stack sizes (-Xss)
#   Set larger code cache with -XX:ReservedCodeCacheSize=
#   JVM is running with Unscaled Compressed Oops mode in which the Java heap is
#     placed in the first 4GB address space. The Java Heap base address is the
#     maximum limit for the native heap growth. Please use -XX:HeapBaseMinAddress
#     to set the Java Heap base and to place the Java Heap above 4GB virtual address.
# This output file may be truncated or incomplete.
#
#  Out of Memory Error (arena.cpp:184), pid=404, tid=1724
#
# JRE version: Java(TM) SE Runtime Environment (19.0.1+10) (build 19.0.1+10-21)
# Java VM: Java HotSpot(TM) 64-Bit Server VM (19.0.1+10-21, mixed mode, tiered, compressed oops, compressed class ptrs, g1 gc, windows-amd64)
# No core dump will be written. Minidumps are not enabled by default on client versions of Windows
#

---------------  S U M M A R Y ------------

Command Line: com.google.prefab.cli.AppKt --build-system cmake --platform android --abi arm64-v8a --os-version 21 --stl c++_shared --ndk-version 23 --output C:\\Users\\ADMIN\\AppData\\Local\\Temp\\agp-prefab-staging11312438102472509871\\staged-cli-output C:\\Users\\ADMIN\\.gradle\\caches\\transforms-3\\620147001f23a61fa54dd66c3890cad2\\transformed\\jetified-react-android-0.72.6-debug\\prefab C:\\Users\\ADMIN\\.gradle\\caches\\transforms-3\\34c2120d0d3cd8dc97826fc02c9e8fc4\\transformed\\jetified-fbjni-0.3.0\\prefab C:\\Users\\ADMIN\\.gradle\\caches\\transforms-3\\82fc49c66eb188cd9d470265c2f5633f\\transformed\\jetified-hermes-android-0.72.6-debug\\prefab

Host: AMD Ryzen 5 4600H with Radeon Graphics         , 12 cores, 7G,  Windows 10 , 64 bit Build 19041 (10.0.19041.1889)
Time: Thu Dec  7 18:58:26 2023 SE Asia Standard Time elapsed time: 0.116130 seconds (0d 0h 0m 0s)

---------------  T H R E A D  ---------------

Current thread (0x00000270040645b0):  JavaThread "C1 CompilerThread0" daemon [_thread_in_native, id=1724, stack(0x000000dc8fc00000,0x000000dc8fd00000)]


Current CompileTask:
C1:    116   36   !   3       java.util.concurrent.ConcurrentHashMap::putVal (432 bytes)

Stack: [0x000000dc8fc00000,0x000000dc8fd00000]
Native frames: (J=compiled Java code, j=interpreted, Vv=VM code, C=native code)
V  [jvm.dll+0x6ee8fa]
V  [jvm.dll+0x857a1e]
V  [jvm.dll+0x85940e]
V  [jvm.dll+0x859ac3]
V  [jvm.dll+0x28291f]
V  [jvm.dll+0xc9b5f]
V  [jvm.dll+0xc9ee5]
V  [jvm.dll+0xd58cd]
V  [jvm.dll+0x17a10d]
V  [jvm.dll+0x1a8ba2]
V  [jvm.dll+0x1a338b]
V  [jvm.dll+0x1acc1b]
V  [jvm.dll+0x1a44c8]
V  [jvm.dll+0x1a7c5f]
V  [jvm.dll+0x161743]
V  [jvm.dll+0x161022]
V  [jvm.dll+0x161278]
V  [jvm.dll+0x1606d6]
V  [jvm.dll+0x1623cd]
V  [jvm.dll+0x25b0fa]
V  [jvm.dll+0x259588]
V  [jvm.dll+0x807928]
V  [jvm.dll+0x8015fa]
V  [jvm.dll+0x6ed5eb]
C  [ucrtbase.dll+0x21bb2]
C  [KERNEL32.DLL+0x17034]
C  [ntdll.dll+0x526a1]


---------------  P R O C E S S  ---------------

Threads class SMR info:
_java_thread_list=0x000002700404e2d0, length=10, elements={
0x0000027060e24e00, 0x0000027004078550, 0x000002700407b2f0, 0x00000270040859b0,
0x00000270040865a0, 0x0000027004087070, 0x0000027004087b40, 0x00000270040890e0,
0x00000270040645b0, 0x0000027004065730
}

Java Threads: ( => current thread )
  0x0000027060e24e00 JavaThread "main" [_thread_in_vm, id=3872, stack(0x000000dc8ee00000,0x000000dc8ef00000)]
  0x0000027004078550 JavaThread "Reference Handler" daemon [_thread_blocked, id=8488, stack(0x000000dc8f500000,0x000000dc8f600000)]
  0x000002700407b2f0 JavaThread "Finalizer" daemon [_thread_blocked, id=7320, stack(0x000000dc8f600000,0x000000dc8f700000)]
  0x00000270040859b0 JavaThread "Signal Dispatcher" daemon [_thread_blocked, id=5604, stack(0x000000dc8f700000,0x000000dc8f800000)]
  0x00000270040865a0 JavaThread "Attach Listener" daemon [_thread_blocked, id=4640, stack(0x000000dc8f800000,0x000000dc8f900000)]
  0x0000027004087070 JavaThread "Service Thread" daemon [_thread_blocked, id=15868, stack(0x000000dc8f900000,0x000000dc8fa00000)]
  0x0000027004087b40 JavaThread "Monitor Deflation Thread" daemon [_thread_blocked, id=8496, stack(0x000000dc8fa00000,0x000000dc8fb00000)]
  0x00000270040890e0 JavaThread "C2 CompilerThread0" daemon [_thread_blocked, id=5612, stack(0x000000dc8fb00000,0x000000dc8fc00000)]
=>0x00000270040645b0 JavaThread "C1 CompilerThread0" daemon [_thread_in_native, id=1724, stack(0x000000dc8fc00000,0x000000dc8fd00000)]
  0x0000027004065730 JavaThread "Sweeper thread" daemon [_thread_blocked, id=7296, stack(0x000000dc8fd00000,0x000000dc8fe00000)]

Other Threads:
  0x000002707f5e5030 VMThread "VM Thread" [stack: 0x000000dc8f400000,0x000000dc8f500000] [id=12488]
  0x0000027060e80ab0 WorkerThread "GC Thread#0" [stack: 0x000000dc8ef00000,0x000000dc8f000000] [id=16692]
  0x0000027060e90710 ConcurrentGCThread "G1 Main Marker" [stack: 0x000000dc8f000000,0x000000dc8f100000] [id=7548]
  0x0000027060e912e0 WorkerThread "G1 Conc#0" [stack: 0x000000dc8f100000,0x000000dc8f200000] [id=12816]
  0x0000027060ede500 ConcurrentGCThread "G1 Refine#0" [stack: 0x000000dc8f200000,0x000000dc8f300000] [id=10588]
  0x000002707f443160 ConcurrentGCThread "G1 Service" [stack: 0x000000dc8f300000,0x000000dc8f400000] [id=3792]

Threads with active compile tasks:
C1 CompilerThread0      130   36   !   3       java.util.concurrent.ConcurrentHashMap::putVal (432 bytes)

VM state: not at safepoint (normal execution)

VM Mutex/Monitor currently owned by a thread:  ([mutex/lock_event])
[0x0000027060e1ed30] Metaspace_lock - owner thread: 0x0000027060e24e00

Heap address: 0x0000000089800000, size: 1896 MB, Compressed Oops mode: 32-bit

CDS archive(s) not mapped
Compressed class space mapped at: 0x0000000100000000-0x0000000140000000, reserved size: 1073741824
Narrow klass base: 0x0000000000000000, Narrow klass shift: 3, Narrow klass range: 0x140000000

GC Precious Log:
 CardTable entry size: 512
 Card Set container configuration: InlinePtr #cards 5 size 8 Array Of Cards #cards 12 size 40 Howl #buckets 4 coarsen threshold 1843 Howl Bitmap #cards 512 size 80 coarsen threshold 460 Card regions per heap region 1 cards per card region 2048
 CPUs: 12 total, 12 available
 Memory: 7579M
 Large Page Support: Disabled
 NUMA Support: Disabled
 Compressed Oops: Enabled (32-bit)
 Heap Region Size: 1M
 Heap Min Capacity: 8M
 Heap Initial Capacity: 120M
 Heap Max Capacity: 1896M
 Pre-touch: Disabled
 Parallel Workers: 10
 Concurrent Workers: 3
 Concurrent Refinement Workers: 10
 Periodic GC: Disabled

Heap:
 garbage-first heap   total 122880K, used 1024K [0x0000000089800000, 0x0000000100000000)
  region size 1024K, 2 young (2048K), 0 survivors (0K)
 Metaspace       used 3806K, committed 3840K, reserved 1114112K
  class space    used 286K, committed 320K, reserved 1048576K

Heap Regions: E=young(eden), S=young(survivor), O=old, HS=humongous(starts), HC=humongous(continues), CS=collection set, F=free, OA=open archive, CA=closed archive, TAMS=top-at-mark-start (previous, next)
|   0|0x0000000089800000, 0x0000000089800000, 0x0000000089900000|  0%| F|  |TAMS 0x0000000089800000, 0x0000000089800000| Untracked 
|   1|0x0000000089900000, 0x0000000089900000, 0x0000000089a00000|  0%| F|  |TAMS 0x0000000089900000, 0x0000000089900000| Untracked 
|   2|0x0000000089a00000, 0x0000000089a00000, 0x0000000089b00000|  0%| F|  |TAMS 0x0000000089a00000, 0x0000000089a00000| Untracked 
|   3|0x0000000089b00000, 0x0000000089b00000, 0x0000000089c00000|  0%| F|  |TAMS 0x0000000089b00000, 0x0000000089b00000| Untracked 
|   4|0x0000000089c00000, 0x0000000089c00000, 0x0000000089d00000|  0%| F|  |TAMS 0x0000000089c00000, 0x0000000089c00000| Untracked 
|   5|0x0000000089d00000, 0x0000000089d00000, 0x0000000089e00000|  0%| F|  |TAMS 0x0000000089d00000, 0x0000000089d00000| Untracked 
|   6|0x0000000089e00000, 0x0000000089e00000, 0x0000000089f00000|  0%| F|  |TAMS 0x0000000089e00000, 0x0000000089e00000| Untracked 
|   7|0x0000000089f00000, 0x0000000089f00000, 0x000000008a000000|  0%| F|  |TAMS 0x0000000089f00000, 0x0000000089f00000| Untracked 
|   8|0x000000008a000000, 0x000000008a000000, 0x000000008a100000|  0%| F|  |TAMS 0x000000008a000000, 0x000000008a000000| Untracked 
|   9|0x000000008a100000, 0x000000008a100000, 0x000000008a200000|  0%| F|  |TAMS 0x000000008a100000, 0x000000008a100000| Untracked 
|  10|0x000000008a200000, 0x000000008a200000, 0x000000008a300000|  0%| F|  |TAMS 0x000000008a200000, 0x000000008a200000| Untracked 
|  11|0x000000008a300000, 0x000000008a300000, 0x000000008a400000|  0%| F|  |TAMS 0x000000008a300000, 0x000000008a300000| Untracked 
|  12|0x000000008a400000, 0x000000008a400000, 0x000000008a500000|  0%| F|  |TAMS 0x000000008a400000, 0x000000008a400000| Untracked 
|  13|0x000000008a500000, 0x000000008a500000, 0x000000008a600000|  0%| F|  |TAMS 0x000000008a500000, 0x000000008a500000| Untracked 
|  14|0x000000008a600000, 0x000000008a600000, 0x000000008a700000|  0%| F|  |TAMS 0x000000008a600000, 0x000000008a600000| Untracked 
|  15|0x000000008a700000, 0x000000008a700000, 0x000000008a800000|  0%| F|  |TAMS 0x000000008a700000, 0x000000008a700000| Untracked 
|  16|0x000000008a800000, 0x000000008a800000, 0x000000008a900000|  0%| F|  |TAMS 0x000000008a800000, 0x000000008a800000| Untracked 
|  17|0x000000008a900000, 0x000000008a900000, 0x000000008aa00000|  0%| F|  |TAMS 0x000000008a900000, 0x000000008a900000| Untracked 
|  18|0x000000008aa00000, 0x000000008aa00000, 0x000000008ab00000|  0%| F|  |TAMS 0x000000008aa00000, 0x000000008aa00000| Untracked 
|  19|0x000000008ab00000, 0x000000008ab00000, 0x000000008ac00000|  0%| F|  |TAMS 0x000000008ab00000, 0x000000008ab00000| Untracked 
|  20|0x000000008ac00000, 0x000000008ac00000, 0x000000008ad00000|  0%| F|  |TAMS 0x000000008ac00000, 0x000000008ac00000| Untracked 
|  21|0x000000008ad00000, 0x000000008ad00000, 0x000000008ae00000|  0%| F|  |TAMS 0x000000008ad00000, 0x000000008ad00000| Untracked 
|  22|0x000000008ae00000, 0x000000008ae00000, 0x000000008af00000|  0%| F|  |TAMS 0x000000008ae00000, 0x000000008ae00000| Untracked 
|  23|0x000000008af00000, 0x000000008af00000, 0x000000008b000000|  0%| F|  |TAMS 0x000000008af00000, 0x000000008af00000| Untracked 
|  24|0x000000008b000000, 0x000000008b000000, 0x000000008b100000|  0%| F|  |TAMS 0x000000008b000000, 0x000000008b000000| Untracked 
|  25|0x000000008b100000, 0x000000008b100000, 0x000000008b200000|  0%| F|  |TAMS 0x000000008b100000, 0x000000008b100000| Untracked 
|  26|0x000000008b200000, 0x000000008b200000, 0x000000008b300000|  0%| F|  |TAMS 0x000000008b200000, 0x000000008b200000| Untracked 
|  27|0x000000008b300000, 0x000000008b300000, 0x000000008b400000|  0%| F|  |TAMS 0x000000008b300000, 0x000000008b300000| Untracked 
|  28|0x000000008b400000, 0x000000008b400000, 0x000000008b500000|  0%| F|  |TAMS 0x000000008b400000, 0x000000008b400000| Untracked 
|  29|0x000000008b500000, 0x000000008b500000, 0x000000008b600000|  0%| F|  |TAMS 0x000000008b500000, 0x000000008b500000| Untracked 
|  30|0x000000008b600000, 0x000000008b600000, 0x000000008b700000|  0%| F|  |TAMS 0x000000008b600000, 0x000000008b600000| Untracked 
|  31|0x000000008b700000, 0x000000008b700000, 0x000000008b800000|  0%| F|  |TAMS 0x000000008b700000, 0x000000008b700000| Untracked 
|  32|0x000000008b800000, 0x000000008b800000, 0x000000008b900000|  0%| F|  |TAMS 0x000000008b800000, 0x000000008b800000| Untracked 
|  33|0x000000008b900000, 0x000000008b900000, 0x000000008ba00000|  0%| F|  |TAMS 0x000000008b900000, 0x000000008b900000| Untracked 
|  34|0x000000008ba00000, 0x000000008ba00000, 0x000000008bb00000|  0%| F|  |TAMS 0x000000008ba00000, 0x000000008ba00000| Untracked 
|  35|0x000000008bb00000, 0x000000008bb00000, 0x000000008bc00000|  0%| F|  |TAMS 0x000000008bb00000, 0x000000008bb00000| Untracked 
|  36|0x000000008bc00000, 0x000000008bc00000, 0x000000008bd00000|  0%| F|  |TAMS 0x000000008bc00000, 0x000000008bc00000| Untracked 
|  37|0x000000008bd00000, 0x000000008bd00000, 0x000000008be00000|  0%| F|  |TAMS 0x000000008bd00000, 0x000000008bd00000| Untracked 
|  38|0x000000008be00000, 0x000000008be00000, 0x000000008bf00000|  0%| F|  |TAMS 0x000000008be00000, 0x000000008be00000| Untracked 
|  39|0x000000008bf00000, 0x000000008bf00000, 0x000000008c000000|  0%| F|  |TAMS 0x000000008bf00000, 0x000000008bf00000| Untracked 
|  40|0x000000008c000000, 0x000000008c000000, 0x000000008c100000|  0%| F|  |TAMS 0x000000008c000000, 0x000000008c000000| Untracked 
|  41|0x000000008c100000, 0x000000008c100000, 0x000000008c200000|  0%| F|  |TAMS 0x000000008c100000, 0x000000008c100000| Untracked 
|  42|0x000000008c200000, 0x000000008c200000, 0x000000008c300000|  0%| F|  |TAMS 0x000000008c200000, 0x000000008c200000| Untracked 
|  43|0x000000008c300000, 0x000000008c300000, 0x000000008c400000|  0%| F|  |TAMS 0x000000008c300000, 0x000000008c300000| Untracked 
|  44|0x000000008c400000, 0x000000008c400000, 0x000000008c500000|  0%| F|  |TAMS 0x000000008c400000, 0x000000008c400000| Untracked 
|  45|0x000000008c500000, 0x000000008c500000, 0x000000008c600000|  0%| F|  |TAMS 0x000000008c500000, 0x000000008c500000| Untracked 
|  46|0x000000008c600000, 0x000000008c600000, 0x000000008c700000|  0%| F|  |TAMS 0x000000008c600000, 0x000000008c600000| Untracked 
|  47|0x000000008c700000, 0x000000008c700000, 0x000000008c800000|  0%| F|  |TAMS 0x000000008c700000, 0x000000008c700000| Untracked 
|  48|0x000000008c800000, 0x000000008c800000, 0x000000008c900000|  0%| F|  |TAMS 0x000000008c800000, 0x000000008c800000| Untracked 
|  49|0x000000008c900000, 0x000000008c900000, 0x000000008ca00000|  0%| F|  |TAMS 0x000000008c900000, 0x000000008c900000| Untracked 
|  50|0x000000008ca00000, 0x000000008ca00000, 0x000000008cb00000|  0%| F|  |TAMS 0x000000008ca00000, 0x000000008ca00000| Untracked 
|  51|0x000000008cb00000, 0x000000008cb00000, 0x000000008cc00000|  0%| F|  |TAMS 0x000000008cb00000, 0x000000008cb00000| Untracked 
|  52|0x000000008cc00000, 0x000000008cc00000, 0x000000008cd00000|  0%| F|  |TAMS 0x000000008cc00000, 0x000000008cc00000| Untracked 
|  53|0x000000008cd00000, 0x000000008cd00000, 0x000000008ce00000|  0%| F|  |TAMS 0x000000008cd00000, 0x000000008cd00000| Untracked 
|  54|0x000000008ce00000, 0x000000008ce00000, 0x000000008cf00000|  0%| F|  |TAMS 0x000000008ce00000, 0x000000008ce00000| Untracked 
|  55|0x000000008cf00000, 0x000000008cf00000, 0x000000008d000000|  0%| F|  |TAMS 0x000000008cf00000, 0x000000008cf00000| Untracked 
|  56|0x000000008d000000, 0x000000008d000000, 0x000000008d100000|  0%| F|  |TAMS 0x000000008d000000, 0x000000008d000000| Untracked 
|  57|0x000000008d100000, 0x000000008d100000, 0x000000008d200000|  0%| F|  |TAMS 0x000000008d100000, 0x000000008d100000| Untracked 
|  58|0x000000008d200000, 0x000000008d200000, 0x000000008d300000|  0%| F|  |TAMS 0x000000008d200000, 0x000000008d200000| Untracked 
|  59|0x000000008d300000, 0x000000008d300000, 0x000000008d400000|  0%| F|  |TAMS 0x000000008d300000, 0x000000008d300000| Untracked 
|  60|0x000000008d400000, 0x000000008d400000, 0x000000008d500000|  0%| F|  |TAMS 0x000000008d400000, 0x000000008d400000| Untracked 
|  61|0x000000008d500000, 0x000000008d500000, 0x000000008d600000|  0%| F|  |TAMS 0x000000008d500000, 0x000000008d500000| Untracked 
|  62|0x000000008d600000, 0x000000008d600000, 0x000000008d700000|  0%| F|  |TAMS 0x000000008d600000, 0x000000008d600000| Untracked 
|  63|0x000000008d700000, 0x000000008d700000, 0x000000008d800000|  0%| F|  |TAMS 0x000000008d700000, 0x000000008d700000| Untracked 
|  64|0x000000008d800000, 0x000000008d800000, 0x000000008d900000|  0%| F|  |TAMS 0x000000008d800000, 0x000000008d800000| Untracked 
|  65|0x000000008d900000, 0x000000008d900000, 0x000000008da00000|  0%| F|  |TAMS 0x000000008d900000, 0x000000008d900000| Untracked 
|  66|0x000000008da00000, 0x000000008da00000, 0x000000008db00000|  0%| F|  |TAMS 0x000000008da00000, 0x000000008da00000| Untracked 
|  67|0x000000008db00000, 0x000000008db00000, 0x000000008dc00000|  0%| F|  |TAMS 0x000000008db00000, 0x000000008db00000| Untracked 
|  68|0x000000008dc00000, 0x000000008dc00000, 0x000000008dd00000|  0%| F|  |TAMS 0x000000008dc00000, 0x000000008dc00000| Untracked 
|  69|0x000000008dd00000, 0x000000008dd00000, 0x000000008de00000|  0%| F|  |TAMS 0x000000008dd00000, 0x000000008dd00000| Untracked 
|  70|0x000000008de00000, 0x000000008de00000, 0x000000008df00000|  0%| F|  |TAMS 0x000000008de00000, 0x000000008de00000| Untracked 
|  71|0x000000008df00000, 0x000000008df00000, 0x000000008e000000|  0%| F|  |TAMS 0x000000008df00000, 0x000000008df00000| Untracked 
|  72|0x000000008e000000, 0x000000008e000000, 0x000000008e100000|  0%| F|  |TAMS 0x000000008e000000, 0x000000008e000000| Untracked 
|  73|0x000000008e100000, 0x000000008e100000, 0x000000008e200000|  0%| F|  |TAMS 0x000000008e100000, 0x000000008e100000| Untracked 
|  74|0x000000008e200000, 0x000000008e200000, 0x000000008e300000|  0%| F|  |TAMS 0x000000008e200000, 0x000000008e200000| Untracked 
|  75|0x000000008e300000, 0x000000008e300000, 0x000000008e400000|  0%| F|  |TAMS 0x000000008e300000, 0x000000008e300000| Untracked 
|  76|0x000000008e400000, 0x000000008e400000, 0x000000008e500000|  0%| F|  |TAMS 0x000000008e400000, 0x000000008e400000| Untracked 
|  77|0x000000008e500000, 0x000000008e500000, 0x000000008e600000|  0%| F|  |TAMS 0x000000008e500000, 0x000000008e500000| Untracked 
|  78|0x000000008e600000, 0x000000008e600000, 0x000000008e700000|  0%| F|  |TAMS 0x000000008e600000, 0x000000008e600000| Untracked 
|  79|0x000000008e700000, 0x000000008e700000, 0x000000008e800000|  0%| F|  |TAMS 0x000000008e700000, 0x000000008e700000| Untracked 
|  80|0x000000008e800000, 0x000000008e800000, 0x000000008e900000|  0%| F|  |TAMS 0x000000008e800000, 0x000000008e800000| Untracked 
|  81|0x000000008e900000, 0x000000008e900000, 0x000000008ea00000|  0%| F|  |TAMS 0x000000008e900000, 0x000000008e900000| Untracked 
|  82|0x000000008ea00000, 0x000000008ea00000, 0x000000008eb00000|  0%| F|  |TAMS 0x000000008ea00000, 0x000000008ea00000| Untracked 
|  83|0x000000008eb00000, 0x000000008eb00000, 0x000000008ec00000|  0%| F|  |TAMS 0x000000008eb00000, 0x000000008eb00000| Untracked 
|  84|0x000000008ec00000, 0x000000008ec00000, 0x000000008ed00000|  0%| F|  |TAMS 0x000000008ec00000, 0x000000008ec00000| Untracked 
|  85|0x000000008ed00000, 0x000000008ed00000, 0x000000008ee00000|  0%| F|  |TAMS 0x000000008ed00000, 0x000000008ed00000| Untracked 
|  86|0x000000008ee00000, 0x000000008ee00000, 0x000000008ef00000|  0%| F|  |TAMS 0x000000008ee00000, 0x000000008ee00000| Untracked 
|  87|0x000000008ef00000, 0x000000008ef00000, 0x000000008f000000|  0%| F|  |TAMS 0x000000008ef00000, 0x000000008ef00000| Untracked 
|  88|0x000000008f000000, 0x000000008f000000, 0x000000008f100000|  0%| F|  |TAMS 0x000000008f000000, 0x000000008f000000| Untracked 
|  89|0x000000008f100000, 0x000000008f100000, 0x000000008f200000|  0%| F|  |TAMS 0x000000008f100000, 0x000000008f100000| Untracked 
|  90|0x000000008f200000, 0x000000008f200000, 0x000000008f300000|  0%| F|  |TAMS 0x000000008f200000, 0x000000008f200000| Untracked 
|  91|0x000000008f300000, 0x000000008f300000, 0x000000008f400000|  0%| F|  |TAMS 0x000000008f300000, 0x000000008f300000| Untracked 
|  92|0x000000008f400000, 0x000000008f400000, 0x000000008f500000|  0%| F|  |TAMS 0x000000008f400000, 0x000000008f400000| Untracked 
|  93|0x000000008f500000, 0x000000008f500000, 0x000000008f600000|  0%| F|  |TAMS 0x000000008f500000, 0x000000008f500000| Untracked 
|  94|0x000000008f600000, 0x000000008f600000, 0x000000008f700000|  0%| F|  |TAMS 0x000000008f600000, 0x000000008f600000| Untracked 
|  95|0x000000008f700000, 0x000000008f700000, 0x000000008f800000|  0%| F|  |TAMS 0x000000008f700000, 0x000000008f700000| Untracked 
|  96|0x000000008f800000, 0x000000008f800000, 0x000000008f900000|  0%| F|  |TAMS 0x000000008f800000, 0x000000008f800000| Untracked 
|  97|0x000000008f900000, 0x000000008f900000, 0x000000008fa00000|  0%| F|  |TAMS 0x000000008f900000, 0x000000008f900000| Untracked 
|  98|0x000000008fa00000, 0x000000008fa00000, 0x000000008fb00000|  0%| F|  |TAMS 0x000000008fa00000, 0x000000008fa00000| Untracked 
|  99|0x000000008fb00000, 0x000000008fb00000, 0x000000008fc00000|  0%| F|  |TAMS 0x000000008fb00000, 0x000000008fb00000| Untracked 
| 100|0x000000008fc00000, 0x000000008fc00000, 0x000000008fd00000|  0%| F|  |TAMS 0x000000008fc00000, 0x000000008fc00000| Untracked 
| 101|0x000000008fd00000, 0x000000008fd00000, 0x000000008fe00000|  0%| F|  |TAMS 0x000000008fd00000, 0x000000008fd00000| Untracked 
| 102|0x000000008fe00000, 0x000000008fe00000, 0x000000008ff00000|  0%| F|  |TAMS 0x000000008fe00000, 0x000000008fe00000| Untracked 
| 103|0x000000008ff00000, 0x000000008ff00000, 0x0000000090000000|  0%| F|  |TAMS 0x000000008ff00000, 0x000000008ff00000| Untracked 
| 104|0x0000000090000000, 0x0000000090000000, 0x0000000090100000|  0%| F|  |TAMS 0x0000000090000000, 0x0000000090000000| Untracked 
| 105|0x0000000090100000, 0x0000000090100000, 0x0000000090200000|  0%| F|  |TAMS 0x0000000090100000, 0x0000000090100000| Untracked 
| 106|0x0000000090200000, 0x0000000090200000, 0x0000000090300000|  0%| F|  |TAMS 0x0000000090200000, 0x0000000090200000| Untracked 
| 107|0x0000000090300000, 0x0000000090300000, 0x0000000090400000|  0%| F|  |TAMS 0x0000000090300000, 0x0000000090300000| Untracked 
| 108|0x0000000090400000, 0x0000000090400000, 0x0000000090500000|  0%| F|  |TAMS 0x0000000090400000, 0x0000000090400000| Untracked 
| 109|0x0000000090500000, 0x0000000090500000, 0x0000000090600000|  0%| F|  |TAMS 0x0000000090500000, 0x0000000090500000| Untracked 
| 110|0x0000000090600000, 0x0000000090600000, 0x0000000090700000|  0%| F|  |TAMS 0x0000000090600000, 0x0000000090600000| Untracked 
| 111|0x0000000090700000, 0x0000000090700000, 0x0000000090800000|  0%| F|  |TAMS 0x0000000090700000, 0x0000000090700000| Untracked 
| 112|0x0000000090800000, 0x0000000090800000, 0x0000000090900000|  0%| F|  |TAMS 0x0000000090800000, 0x0000000090800000| Untracked 
| 113|0x0000000090900000, 0x0000000090900000, 0x0000000090a00000|  0%| F|  |TAMS 0x0000000090900000, 0x0000000090900000| Untracked 
| 114|0x0000000090a00000, 0x0000000090a00000, 0x0000000090b00000|  0%| F|  |TAMS 0x0000000090a00000, 0x0000000090a00000| Untracked 
| 115|0x0000000090b00000, 0x0000000090b00000, 0x0000000090c00000|  0%| F|  |TAMS 0x0000000090b00000, 0x0000000090b00000| Untracked 
| 116|0x0000000090c00000, 0x0000000090c00000, 0x0000000090d00000|  0%| F|  |TAMS 0x0000000090c00000, 0x0000000090c00000| Untracked 
| 117|0x0000000090d00000, 0x0000000090d00000, 0x0000000090e00000|  0%| F|  |TAMS 0x0000000090d00000, 0x0000000090d00000| Untracked 
| 118|0x0000000090e00000, 0x0000000090e76438, 0x0000000090f00000| 46%| E|  |TAMS 0x0000000090e00000, 0x0000000090e00000| Complete 
| 119|0x0000000090f00000, 0x0000000091000000, 0x0000000091000000|100%| E|CS|TAMS 0x0000000090f00000, 0x0000000090f00000| Complete 

Card table byte_map: [0x0000027078690000,0x0000027078a50000] _byte_map_base: 0x0000027078244000

Marking Bits (Prev, Next): (CMBitMap*) 0x0000027060e810e0, (CMBitMap*) 0x0000027060e81120
 Prev Bits: [0x0000027078e10000, 0x000002707abb0000)
 Next Bits: [0x000002707abb0000, 0x000002707c950000)

Polling page: 0x000002705ea90000

Metaspace:

Usage:
  Non-class:      3.44 MB used.
      Class:    286.32 KB used.
       Both:      3.72 MB used.

Virtual space:
  Non-class space:       64.00 MB reserved,       3.44 MB (  5%) committed,  1 nodes.
      Class space:        1.00 GB reserved,     320.00 KB ( <1%) committed,  1 nodes.
             Both:        1.06 GB reserved,       3.75 MB ( <1%) committed. 

Chunk freelists:
   Non-Class:  0 bytes
       Class:  3.62 MB
        Both:  3.62 MB

MaxMetaspaceSize: unlimited
CompressedClassSpaceSize: 1.00 GB
Initial GC threshold: 21.00 MB
Current GC threshold: 21.00 MB
CDS: off
MetaspaceReclaimPolicy: balanced
 - commit_granule_bytes: 65536.
 - commit_granule_words: 8192.
 - virtual_space_node_default_size: 8388608.
 - enlarge_chunks_in_place: 1.
 - new_chunks_are_fully_committed: 0.
 - uncommit_free_chunks: 1.
 - use_allocation_guard: 0.


Internal statistics:

num_allocs_failed_limit: 0.
num_arena_births: 2.
num_arena_deaths: 0.
num_vsnodes_births: 2.
num_vsnodes_deaths: 0.
num_space_committed: 60.
num_space_uncommitted: 0.
num_chunks_returned_to_freelist: 0.
num_chunks_taken_from_freelist: 4.
num_chunk_merges: 0.
num_chunk_splits: 1.
num_chunks_enlarged: 0.
num_inconsistent_stats: 0.

CodeHeap 'non-profiled nmethods': size=120000Kb used=6Kb max_used=6Kb free=119993Kb
 bounds [0x0000027070850000, 0x0000027070ac0000, 0x0000027077d80000]
CodeHeap 'profiled nmethods': size=120000Kb used=37Kb max_used=37Kb free=119962Kb
 bounds [0x0000027068d80000, 0x0000027068ff0000, 0x00000270702b0000]
CodeHeap 'non-nmethods': size=5760Kb used=1121Kb max_used=1127Kb free=4638Kb
 bounds [0x00000270702b0000, 0x0000027070520000, 0x0000027070850000]
 total_blobs=327 nmethods=34 adapters=204
 compilation: enabled
              stopped_count=0, restarted_count=0
 full_count=0

Compilation events (20 events):
Event: 0.102 Thread 0x00000270040645b0 nmethod 23 0x0000027070850710 code [0x00000270708508a0, 0x0000027070850958]
Event: 0.102 Thread 0x00000270040645b0   24       1       java.lang.module.ModuleReference::descriptor (5 bytes)
Event: 0.102 Thread 0x00000270040645b0 nmethod 24 0x0000027070850a10 code [0x0000027070850ba0, 0x0000027070850c58]
Event: 0.111 Thread 0x00000270040645b0   25       3       java.util.ImmutableCollections$SetN$SetNIterator::hasNext (13 bytes)
Event: 0.111 Thread 0x00000270040645b0 nmethod 25 0x0000027068d87290 code [0x0000027068d87420, 0x0000027068d87598]
Event: 0.111 Thread 0x00000270040645b0   26       3       java.util.concurrent.ConcurrentHashMap::tabAt (22 bytes)
Event: 0.111 Thread 0x00000270040645b0 nmethod 26 0x0000027068d87610 code [0x0000027068d877c0, 0x0000027068d87a98]
Event: 0.111 Thread 0x00000270040645b0   27       3       jdk.internal.misc.Unsafe::getReferenceAcquire (7 bytes)
Event: 0.111 Thread 0x00000270040645b0 nmethod 27 0x0000027068d87b90 code [0x0000027068d87d20, 0x0000027068d87e78]
Event: 0.111 Thread 0x00000270040645b0   28       1       java.util.KeyValueHolder::getKey (5 bytes)
Event: 0.111 Thread 0x00000270040645b0 nmethod 28 0x0000027070850d10 code [0x0000027070850ea0, 0x0000027070850f58]
Event: 0.111 Thread 0x00000270040645b0   29       1       java.util.KeyValueHolder::getValue (5 bytes)
Event: 0.111 Thread 0x00000270040645b0 nmethod 29 0x0000027070851010 code [0x00000270708511a0, 0x0000027070851258]
Event: 0.112 Thread 0x00000270040645b0   30       3       java.util.KeyValueHolder::<init> (21 bytes)
Event: 0.113 Thread 0x00000270040645b0 nmethod 30 0x0000027068d87f10 code [0x0000027068d88100, 0x0000027068d885d8]
Event: 0.113 Thread 0x00000270040645b0   33       3       java.util.ImmutableCollections$SetN$SetNIterator::next (90 bytes)
Event: 0.113 Thread 0x00000270040645b0 nmethod 33 0x0000027068d88790 code [0x0000027068d88960, 0x0000027068d88c68]
Event: 0.113 Thread 0x00000270040645b0   31       3       java.util.ImmutableCollections$MapN::probe (60 bytes)
Event: 0.113 Thread 0x00000270040645b0 nmethod 31 0x0000027068d88e10 code [0x0000027068d89000, 0x0000027068d89538]
Event: 0.113 Thread 0x00000270040645b0   36   !   3       java.util.concurrent.ConcurrentHashMap::putVal (432 bytes)

GC Heap History (0 events):
No events

Dll operation events (2 events):
Event: 0.004 Loaded shared library C:\Program Files\Java\jdk-19\bin\java.dll
Event: 0.045 Loaded shared library C:\Program Files\Java\jdk-19\bin\jsvml.dll

Deoptimization events (0 events):
No events

Classes loaded (20 events):
Event: 0.111 Loading class java/lang/module/Configuration
Event: 0.112 Loading class java/lang/module/Configuration done
Event: 0.112 Loading class java/lang/module/ResolvedModule
Event: 0.112 Loading class java/lang/module/ResolvedModule done
Event: 0.112 Loading class java/util/AbstractMap$1
Event: 0.112 Loading class java/util/AbstractMap$1 done
Event: 0.112 Loading class java/util/AbstractMap$1$1
Event: 0.112 Loading class java/util/AbstractMap$1$1 done
Event: 0.112 Loading class jdk/internal/module/ModuleLoaderMap
Event: 0.113 Loading class jdk/internal/module/ModuleLoaderMap done
Event: 0.113 Loading class jdk/internal/module/ModuleLoaderMap$Mapper
Event: 0.113 Loading class jdk/internal/module/ModuleLoaderMap$Mapper done
Event: 0.113 Loading class jdk/internal/module/ModuleLoaderMap$Modules
Event: 0.113 Loading class jdk/internal/module/ModuleLoaderMap$Modules done
Event: 0.113 Loading class java/lang/ModuleLayer
Event: 0.114 Loading class java/lang/ModuleLayer done
Event: 0.114 Loading class java/util/ImmutableCollections$ListItr
Event: 0.114 Loading class java/util/ListIterator
Event: 0.114 Loading class java/util/ListIterator done
Event: 0.114 Loading class java/util/ImmutableCollections$ListItr done

Classes unloaded (0 events):
No events

Classes redefined (0 events):
No events

Internal exceptions (0 events):
No events

VM Operations (0 events):
No events

Events (10 events):
Event: 0.045 Thread 0x0000027060e24e00 Thread added: 0x0000027060e24e00
Event: 0.083 Thread 0x0000027004078550 Thread added: 0x0000027004078550
Event: 0.083 Thread 0x000002700407b2f0 Thread added: 0x000002700407b2f0
Event: 0.085 Thread 0x00000270040859b0 Thread added: 0x00000270040859b0
Event: 0.085 Thread 0x00000270040865a0 Thread added: 0x00000270040865a0
Event: 0.085 Thread 0x0000027004087070 Thread added: 0x0000027004087070
Event: 0.085 Thread 0x0000027004087b40 Thread added: 0x0000027004087b40
Event: 0.085 Thread 0x00000270040890e0 Thread added: 0x00000270040890e0
Event: 0.085 Thread 0x00000270040645b0 Thread added: 0x00000270040645b0
Event: 0.085 Thread 0x0000027004065730 Thread added: 0x0000027004065730


Dynamic libraries:
0x00007ff7553d0000 - 0x00007ff7553e0000 	C:\Program Files\Java\jdk-19\bin\java.exe
0x00007fffc5370000 - 0x00007fffc5568000 	C:\Windows\SYSTEM32\ntdll.dll
0x00007fffc3450000 - 0x00007fffc350d000 	C:\Windows\System32\KERNEL32.DLL
0x00007fffc3040000 - 0x00007fffc3312000 	C:\Windows\System32\KERNELBASE.dll
0x00007fffc2b50000 - 0x00007fffc2c50000 	C:\Windows\System32\ucrtbase.dll
0x00007fff75d00000 - 0x00007fff75d18000 	C:\Program Files\Java\jdk-19\bin\jli.dll
0x00007fff75ce0000 - 0x00007fff75cfb000 	C:\Program Files\Java\jdk-19\bin\VCRUNTIME140.dll
0x00007fffc5280000 - 0x00007fffc532e000 	C:\Windows\System32\ADVAPI32.dll
0x00007fffc3510000 - 0x00007fffc35ae000 	C:\Windows\System32\msvcrt.dll
0x00007fffc4790000 - 0x00007fffc482c000 	C:\Windows\System32\sechost.dll
0x00007fffc4fa0000 - 0x00007fffc50c5000 	C:\Windows\System32\RPCRT4.dll
0x00007fffc4540000 - 0x00007fffc46dd000 	C:\Windows\System32\USER32.dll
0x00007fffc2b20000 - 0x00007fffc2b42000 	C:\Windows\System32\win32u.dll
0x00007fffc3dc0000 - 0x00007fffc3deb000 	C:\Windows\System32\GDI32.dll
0x00007fffc2c50000 - 0x00007fffc2d5f000 	C:\Windows\System32\gdi32full.dll
0x00007fffc2a80000 - 0x00007fffc2b1d000 	C:\Windows\System32\msvcp_win.dll
0x00007fffb0d50000 - 0x00007fffb0fea000 	C:\Windows\WinSxS\amd64_microsoft.windows.common-controls_6595b64144ccf1df_6.0.19041.1110_none_60b5254171f9507e\COMCTL32.dll
0x00007fffc0a20000 - 0x00007fffc0a2a000 	C:\Windows\SYSTEM32\VERSION.dll
0x00007fffc43b0000 - 0x00007fffc43e0000 	C:\Windows\System32\IMM32.DLL
0x00007fff8f2a0000 - 0x00007fff8f2ac000 	C:\Program Files\Java\jdk-19\bin\vcruntime140_1.dll
0x00007fff75c50000 - 0x00007fff75cde000 	C:\Program Files\Java\jdk-19\bin\msvcp140.dll
0x00007fff74f90000 - 0x00007fff75c50000 	C:\Program Files\Java\jdk-19\bin\server\jvm.dll
0x00007fffb8280000 - 0x00007fffb82a7000 	C:\Windows\SYSTEM32\WINMM.dll
0x00007fffaa980000 - 0x00007fffaa989000 	C:\Windows\SYSTEM32\WSOCK32.dll
0x00007fffc44c0000 - 0x00007fffc452b000 	C:\Windows\System32\WS2_32.dll
0x00007fffc12d0000 - 0x00007fffc12e2000 	C:\Windows\SYSTEM32\kernel.appcore.dll
0x00007fff8d930000 - 0x00007fff8d93a000 	C:\Program Files\Java\jdk-19\bin\jimage.dll
0x00007fffb9580000 - 0x00007fffb9764000 	C:\Windows\SYSTEM32\DBGHELP.DLL
0x00007fffb2620000 - 0x00007fffb264c000 	C:\Windows\SYSTEM32\dbgcore.DLL
0x00007fffc2ec0000 - 0x00007fffc2f42000 	C:\Windows\System32\bcryptPrimitives.dll
0x00007fff74f60000 - 0x00007fff74f86000 	C:\Program Files\Java\jdk-19\bin\java.dll
0x00007fff74e80000 - 0x00007fff74f57000 	C:\Program Files\Java\jdk-19\bin\jsvml.dll
0x00007fffc4850000 - 0x00007fffc4f93000 	C:\Windows\System32\SHELL32.dll
0x00007fffc0b20000 - 0x00007fffc12b1000 	C:\Windows\SYSTEM32\windows.storage.dll
0x00007fffc3e50000 - 0x00007fffc41a4000 	C:\Windows\System32\combase.dll
0x00007fffc2470000 - 0x00007fffc24a0000 	C:\Windows\SYSTEM32\Wldp.dll
0x00007fffc35b0000 - 0x00007fffc365d000 	C:\Windows\System32\SHCORE.dll
0x00007fffc38f0000 - 0x00007fffc3945000 	C:\Windows\System32\shlwapi.dll
0x00007fffc29c0000 - 0x00007fffc29df000 	C:\Windows\SYSTEM32\profapi.dll

dbghelp: loaded successfully - version: 4.0.5 - missing functions: none
symbol engine: initialized successfully - sym options: 0x614 - pdb path: .;C:\Program Files\Java\jdk-19\bin;C:\Windows\SYSTEM32;C:\Windows\WinSxS\amd64_microsoft.windows.common-controls_6595b64144ccf1df_6.0.19041.1110_none_60b5254171f9507e;C:\Program Files\Java\jdk-19\bin\server

VM Arguments:
java_command: com.google.prefab.cli.AppKt --build-system cmake --platform android --abi arm64-v8a --os-version 21 --stl c++_shared --ndk-version 23 --output C:\\Users\\ADMIN\\AppData\\Local\\Temp\\agp-prefab-staging11312438102472509871\\staged-cli-output C:\\Users\\ADMIN\\.gradle\\caches\\transforms-3\\620147001f23a61fa54dd66c3890cad2\\transformed\\jetified-react-android-0.72.6-debug\\prefab C:\\Users\\ADMIN\\.gradle\\caches\\transforms-3\\34c2120d0d3cd8dc97826fc02c9e8fc4\\transformed\\jetified-fbjni-0.3.0\\prefab C:\\Users\\ADMIN\\.gradle\\caches\\transforms-3\\82fc49c66eb188cd9d470265c2f5633f\\transformed\\jetified-hermes-android-0.72.6-debug\\prefab
java_class_path (initial): C:\\Users\\ADMIN\\.gradle\\caches\\modules-2\\files-2.1\\com.google.prefab\\cli\\2.0.0\\f2702b5ca13df54e3ca92f29d6b403fb6285d8df\\cli-2.0.0-all.jar
Launcher Type: SUN_STANDARD

[Global flags]
     intx CICompilerCount                          = 4                                         {product} {ergonomic}
     uint ConcGCThreads                            = 3                                         {product} {ergonomic}
     uint G1ConcRefinementThreads                  = 10                                        {product} {ergonomic}
   size_t G1HeapRegionSize                         = 1048576                                   {product} {ergonomic}
    uintx GCDrainStackTargetSize                   = 64                                        {product} {ergonomic}
   size_t InitialHeapSize                          = 125829120                                 {product} {ergonomic}
   size_t MarkStackSize                            = 4194304                                   {product} {ergonomic}
   size_t MaxHeapSize                              = 1988100096                                {product} {ergonomic}
   size_t MaxNewSize                               = 1192230912                                {product} {ergonomic}
   size_t MinHeapDeltaBytes                        = 1048576                                   {product} {ergonomic}
   size_t MinHeapSize                              = 8388608                                   {product} {ergonomic}
    uintx NonNMethodCodeHeapSize                   = 5839372                                {pd product} {ergonomic}
    uintx NonProfiledCodeHeapSize                  = 122909434                              {pd product} {ergonomic}
    uintx ProfiledCodeHeapSize                     = 122909434                              {pd product} {ergonomic}
    uintx ReservedCodeCacheSize                    = 251658240                              {pd product} {ergonomic}
     bool SegmentedCodeCache                       = true                                      {product} {ergonomic}
   size_t SoftMaxHeapSize                          = 1988100096                             {manageable} {ergonomic}
     bool UseCompressedClassPointers               = true                           {product lp64_product} {ergonomic}
     bool UseCompressedOops                        = true                           {product lp64_product} {ergonomic}
     bool UseG1GC                                  = true                                      {product} {ergonomic}
     bool UseLargePagesIndividualAllocation        = false                                  {pd product} {ergonomic}

Logging:
Log output configuration:
 #0: stdout all=warning uptime,level,tags foldmultilines=false
 #1: stderr all=off uptime,level,tags foldmultilines=false

Environment Variables:
JAVA_HOME=C:\Program Files\Java\jdk-19
CLASSPATH=D:\study\da_nen_tang\facebook-app-clone\android\\gradle\wrapper\gradle-wrapper.jar
PATH=D:\study\da_nen_tang\facebook-app-clone\node_modules\.bin;D:\study\da_nen_tang\node_modules\.bin;D:\study\node_modules\.bin;D:\node_modules\.bin;C:\Users\ADMIN\AppData\Roaming\nvm\v16.15.0\node_modules\npm\node_modules\@npmcli\run-script\lib\node-gyp-bin;D:\study\da_nen_tang\facebook-app-clone\node_modules\.bin;C:\Users\ADMIN\AppData\Local\Temp\yarn--1701950273766-0.6713647058229231;D:\study\da_nen_tang\facebook-app-clone\node_modules\.bin;C:\Users\ADMIN\AppData\Local\Yarn\Data\link\node_modules\.bin;C:\Users\ADMIN\AppData\Local\Yarn\bin;C:\Program Files\libexec\lib\node_modules\npm\bin\node-gyp-bin;C:\Program Files\lib\node_modules\npm\bin\node-gyp-bin;C:\Program Files\nodejs\node_modules\npm\bin\node-gyp-bin;C:\Users\ADMIN\bin;C:\Program Files\Git\mingw64\bin;C:\Program Files\Git\usr\local\bin;C:\Program Files\Git\usr\bin;C:\Program Files\Git\usr\bin;C:\Program Files\Git\mingw64\bin;C:\Program Files\Git\usr\bin;C:\Users\ADMIN\bin;C:\Program Files\Common Files\Oracle\Java\javapath;C:\Windows\system32;C:\Windows;C:\Windows\System32\Wbem;C:\Windows\System32\WindowsPowerShell\v1.0;C:\Windows\System32\OpenSSH;C:\Program Files\Java\jdk-19\bin;C:\Program Files\Git\cmd;C:\MinGW\bin;C:\Users\ADMIN\AppData\Roaming\nvm;C:\Program Files\nodejs;C:\Users\ADMIN\AppData\Local\Android\Sdk\platform-tools;C:\Program Files\MySQL\MySQL Shell 8.0\bin;C:\Users\ADMIN\AppData\Local\Microsoft\WindowsApps;C:\Users\ADMIN\AppData\Local\Programs\Microsoft VS Code\bin;C:\Users\ADMIN\AppData\Local\Programs\Python\Python311;C:\Users\ADMIN\AppData\Local\Programs\Python\Python311\Scripts;C:\Users\ADMIN\AppData\Roaming\npm;C:\Users\ADMIN\AppData\Local\Programs\EmEditor;C:\Users\ADMIN\AppData\Roaming\nvm;C:\Program Files\nodejs;C:\Program Files\Git\usr\bin\vendor_perl;C:\Program Files\Git\usr\bin\core_perl
USERNAME=ADMIN
SHELL=C:\Program Files\Git\usr\bin\bash.exe
DISPLAY=needs-to-be-defined
LANG=en_US.UTF-8
TERM=xterm-256color
TMPDIR=C:\Users\ADMIN\AppData\Local\Temp
OS=Windows_NT
PROCESSOR_IDENTIFIER=AMD64 Family 23 Model 96 Stepping 1, AuthenticAMD
TMP=C:\Users\ADMIN\AppData\Local\Temp
TEMP=C:\Users\ADMIN\AppData\Local\Temp



---------------  S Y S T E M  ---------------

OS:
 Windows 10 , 64 bit Build 19041 (10.0.19041.1889)
OS uptime: 1 days 23:46 hours

CPU: total 12 (initial active 12) (12 cores per cpu, 2 threads per core) family 23 model 96 stepping 1 microcode 0x0, cx8, cmov, fxsr, ht, mmx, 3dnowpref, sse, sse2, sse3, ssse3, sse4a, sse4.1, sse4.2, popcnt, lzcnt, tsc, tscinvbit, avx, avx2, aes, clmul, bmi1, bmi2, adx, sha, fma, vzeroupper, clflush, clflushopt, rdtscp, rdpid

Memory: 4k page, system-wide physical 7579M (1592M free)
TotalPageFile size 11675M (AvailPageFile size 0M)
current process WorkingSet (physical memory assigned to process): 26M, peak: 26M
current process commit charge ("private bytes"): 197M, peak: 198M

vm_info: Java HotSpot(TM) 64-Bit Server VM (19.0.1+10-21) for windows-amd64 JRE (19.0.1+10-21), built on 2022-09-14T12:45:06Z by "mach5one" with MS VC++ 17.1 (VS2022)

END.
